#
# There is insufficient memory for the Java Runtime Environment to continue.
# Native memory allocation (mmap) failed to map 356515840 bytes for Failed to commit area from 0x0000000096000000 to 0x00000000ab400000 of length 356515840.
# Possible reasons:
#   The system is out of physical RAM or swap space
#   The process is running with CompressedOops enabled, and the Java Heap may be blocking the growth of the native heap
# Possible solutions:
#   Reduce memory load on the system
#   Increase physical memory or swap space
#   Check if swap backing store is full
#   Decrease Java heap size (-Xmx/-Xms)
#   Decrease number of Java threads
#   Decrease Java thread stack sizes (-Xss)
#   Set larger code cache with -XX:ReservedCodeCacheSize=
#   JVM is running with Unscaled Compressed Oops mode in which the Java heap is
#     placed in the first 4GB address space. The Java Heap base address is the
#     maximum limit for the native heap growth. Please use -XX:HeapBaseMinAddress
#     to set the Java Heap base and to place the Java Heap above 4GB virtual address.
# This output file may be truncated or incomplete.
#
#  Out of Memory Error (./src/hotspot/os/windows/os_windows.cpp:3303), pid=8424, tid=7952
#
# JRE version: OpenJDK Runtime Environment (11.0.8+10) (build 11.0.8+10-b944.6842174)
# Java VM: OpenJDK 64-Bit Server VM (11.0.8+10-b944.6842174, mixed mode, tiered, compressed oops, g1 gc, windows-amd64)
# No core dump will be written. Minidumps are not enabled by default on client versions of Windows
#

---------------  S U M M A R Y ------------

Command Line: --add-opens=java.base/java.util=ALL-UNNAMED --add-opens=java.base/java.lang=ALL-UNNAMED --add-opens=java.base/java.lang.invoke=ALL-UNNAMED --add-opens=java.prefs/java.util.prefs=ALL-UNNAMED -Xmx2048m -Dfile.encoding=UTF-8 -Duser.country=ZA -Duser.language=en -Duser.variant org.gradle.launcher.daemon.bootstrap.GradleDaemon 5.1.1

Host: Intel(R) Celeron(R) CPU  N3060  @ 1.60GHz, 2 cores, 3G,  Windows 10 , 64 bit Build 15063 (10.0.15063.1058)
Time: Mon Sep 20 20:03:33 2021 South Africa Standard Time elapsed time: 1175 seconds (0d 0h 19m 35s)

---------------  T H R E A D  ---------------

Current thread (0x000002c59d6ec000):  VMThread "VM Thread" [stack: 0x000000cf19a00000,0x000000cf19b00000] [id=7952]

Stack: [0x000000cf19a00000,0x000000cf19b00000]
[error occurred during error reporting (printing stack bounds), id 0xc0000005, EXCEPTION_ACCESS_VIOLATION (0xc0000005) at pc=0x000002c587350dbd]

Native frames: (J=compiled Java code, j=interpreted, Vv=VM code, C=native code)
V  [jvm.dll+0x5de50a]
V  [jvm.dll+0x7122f5]
V  [jvm.dll+0x71384d]
V  [jvm.dll+0x713e65]
V  [jvm.dll+0x713e1b]
V  [jvm.dll+0x5dd958]
V  [jvm.dll+0x5de0f8]
C  [ntdll.dll+0xa9ffd]
C  [ntdll.dll+0x351c8]
C  [ntdll.dll+0xa907e]
C  0x000002c587350dbd

VM_Operation (0x000000cf1ecfe270): G1CollectForAllocation, mode: safepoint, requested by thread 0x000002c5a23e9000


---------------  P R O C E S S  ---------------

Threads class SMR info:
_java_thread_list=0x000002c5a7bb3a30, length=45, elements={
0x000002c5821a9800, 0x000002c59d6ef000, 0x000002c59d6f2000, 0x000002c59e060800,
0x000002c59e061800, 0x000002c59e062800, 0x000002c59e068000, 0x000002c59e069800,
0x000002c59e1b9000, 0x000002c59e1c6800, 0x000002c59f582800, 0x000002c59f2ac800,
0x000002c59eb43800, 0x000002c59f9bd000, 0x000002c59f9bf800, 0x000002c59f9be000,
0x000002c5a2803000, 0x000002c5a27fe800, 0x000002c5a27fe000, 0x000002c5a2804800,
0x000002c5a2803800, 0x000002c5a2805000, 0x000002c5a2800800, 0x000002c5a2807000,
0x000002c5a2801000, 0x000002c5a2807800, 0x000002c5a2808800, 0x000002c5a280b000,
0x000002c5a280c000, 0x000002c5a280c800, 0x000002c5a280a000, 0x000002c59f9be800,
0x000002c59f9c0800, 0x000002c59f9c3000, 0x000002c5a23e5800, 0x000002c5a23e0000,
0x000002c5a23e0800, 0x000002c5a23e6800, 0x000002c5a23e7800, 0x000002c5a23e5000,
0x000002c5a23e1800, 0x000002c5a23e8000, 0x000002c5a23e9800, 0x000002c5a23e9000,
0x000002c5a23e4000
}

Java Threads: ( => current thread )
  0x000002c5821a9800 JavaThread "main" [_thread_blocked, id=2756, stack(0x000000cf19400000,0x000000cf19500000)]
  0x000002c59d6ef000 JavaThread "Reference Handler" daemon [_thread_blocked, id=6052, stack(0x000000cf19b00000,0x000000cf19c00000)]
  0x000002c59d6f2000 JavaThread "Finalizer" daemon [_thread_blocked, id=8972, stack(0x000000cf19c00000,0x000000cf19d00000)]
  0x000002c59e060800 JavaThread "Signal Dispatcher" daemon [_thread_blocked, id=2748, stack(0x000000cf19e00000,0x000000cf19f00000)]
  0x000002c59e061800 JavaThread "Attach Listener" daemon [_thread_blocked, id=4832, stack(0x000000cf19f00000,0x000000cf1a000000)]
  0x000002c59e062800 JavaThread "C2 CompilerThread0" daemon [_thread_blocked, id=2152, stack(0x000000cf1a000000,0x000000cf1a100000)]
  0x000002c59e068000 JavaThread "C1 CompilerThread0" daemon [_thread_blocked, id=5584, stack(0x000000cf1a100000,0x000000cf1a200000)]
  0x000002c59e069800 JavaThread "Sweeper thread" daemon [_thread_blocked, id=1344, stack(0x000000cf1a200000,0x000000cf1a300000)]
  0x000002c59e1b9000 JavaThread "Common-Cleaner" daemon [_thread_blocked, id=2400, stack(0x000000cf1a300000,0x000000cf1a400000)]
  0x000002c59e1c6800 JavaThread "Service Thread" daemon [_thread_blocked, id=10688, stack(0x000000cf1a400000,0x000000cf1a500000)]
  0x000002c59f582800 JavaThread "Incoming local TCP Connector on port 49818" [_thread_in_native, id=5316, stack(0x000000cf1a700000,0x000000cf1a800000)]
  0x000002c59f2ac800 JavaThread "Daemon periodic checks" [_thread_blocked, id=10872, stack(0x000000cf1a800000,0x000000cf1a900000)]
  0x000002c59eb43800 JavaThread "Cache worker for file hash cache (C:\Users\wasee\.gradle\caches\5.1.1\fileHashes)" [_thread_blocked, id=7884, stack(0x000000cf1b000000,0x000000cf1b100000)]
  0x000002c59f9bd000 JavaThread "File lock request listener" [_thread_in_native, id=10924, stack(0x000000cf1b100000,0x000000cf1b200000)]
  0x000002c59f9bf800 JavaThread "Cache worker for journal cache (C:\Users\wasee\.gradle\caches\journal-1)" [_thread_blocked, id=11108, stack(0x000000cf1b200000,0x000000cf1b300000)]
  0x000002c59f9be000 JavaThread "Cache worker for execution history cache (C:\Users\wasee\.gradle\caches\5.1.1\executionHistory)" [_thread_blocked, id=4004, stack(0x000000cf1b600000,0x000000cf1b700000)]
  0x000002c5a2803000 JavaThread "Memory manager" [_thread_blocked, id=10652, stack(0x000000cf1bb00000,0x000000cf1bc00000)]
  0x000002c5a27fe800 JavaThread "Daemon Thread 2" [_thread_blocked, id=7280, stack(0x000000cf1cb00000,0x000000cf1cc00000)]
  0x000002c5a27fe000 JavaThread "Handler for socket connection from /127.0.0.1:49818 to /127.0.0.1:49843" [_thread_in_native, id=2912, stack(0x000000cf1cc00000,0x000000cf1cd00000)]
  0x000002c5a2804800 JavaThread "Cancel handler" [_thread_blocked, id=176, stack(0x000000cf1cd00000,0x000000cf1ce00000)]
  0x000002c5a2803800 JavaThread "Daemon worker Thread 2" [_thread_blocked, id=5508, stack(0x000000cf1ce00000,0x000000cf1cf00000)]
  0x000002c5a2805000 JavaThread "Asynchronous log dispatcher for DefaultDaemonConnection: socket connection from /127.0.0.1:49818 to /127.0.0.1:49843" [_thread_blocked, id=10824, stack(0x000000cf1cf00000,0x000000cf1d000000)]
  0x000002c5a2800800 JavaThread "Thread-36" [_thread_blocked, id=5144, stack(0x000000cf1d100000,0x000000cf1d200000)]
  0x000002c5a2807000 JavaThread "Cache worker for file hash cache (C:\Users\wasee\AndroidStudioProjects\TimeManagementTool\.gradle\5.1.1\fileHashes)" [_thread_blocked, id=3044, stack(0x000000cf1d200000,0x000000cf1d300000)]
  0x000002c5a2801000 JavaThread "Cache worker for cache directory md-supplier (C:\Users\wasee\.gradle\caches\5.1.1\md-supplier)" [_thread_blocked, id=6692, stack(0x000000cf1d300000,0x000000cf1d400000)]
  0x000002c5a2807800 JavaThread "Cache worker for cache directory md-rule (C:\Users\wasee\.gradle\caches\5.1.1\md-rule)" [_thread_blocked, id=3720, stack(0x000000cf1d400000,0x000000cf1d500000)]
  0x000002c5a2808800 JavaThread "Build operations" [_thread_blocked, id=3472, stack(0x000000cf1d500000,0x000000cf1d600000)]
  0x000002c5a280b000 JavaThread "Build operations Thread 2" [_thread_blocked, id=3480, stack(0x000000cf1d600000,0x000000cf1d700000)]
  0x000002c5a280c000 JavaThread "Cache worker for Build Output Cleanup Cache (C:\Users\wasee\AndroidStudioProjects\TimeManagementTool\.gradle\buildOutputCleanup)" [_thread_blocked, id=8320, stack(0x000000cf1d700000,0x000000cf1d800000)]
  0x000002c5a280c800 JavaThread "Cache worker for file content cache (C:\Users\wasee\.gradle\caches\5.1.1\fileContent)" [_thread_blocked, id=3576, stack(0x000000cf1d800000,0x000000cf1d900000)]
  0x000002c5a280a000 JavaThread "Cache worker for file content cache (C:\Users\wasee\AndroidStudioProjects\TimeManagementTool\.gradle\5.1.1\fileContent)" [_thread_blocked, id=3568, stack(0x000000cf1d900000,0x000000cf1da00000)]
  0x000002c59f9be800 JavaThread "Execution worker for ':'" [_thread_blocked, id=5776, stack(0x000000cf1da00000,0x000000cf1db00000)]
  0x000002c59f9c0800 JavaThread "Cache worker for execution history cache (C:\Users\wasee\AndroidStudioProjects\TimeManagementTool\.gradle\5.1.1\executionHistory)" [_thread_blocked, id=4324, stack(0x000000cf1db00000,0x000000cf1dc00000)]
  0x000002c59f9c3000 JavaThread "ForkJoinPool.commonPool-worker-3" daemon [_thread_blocked, id=5504, stack(0x000000cf1dc00000,0x000000cf1dd00000)]
  0x000002c5a23e5800 JavaThread "Java2D Disposer" daemon [_thread_blocked, id=6192, stack(0x000000cf1e000000,0x000000cf1e100000)]
  0x000002c5a23e0000 JavaThread "pool-6-thread-1" [_thread_blocked, id=9992, stack(0x000000cf1e100000,0x000000cf1e200000)]
  0x000002c5a23e0800 JavaThread "stderr" daemon [_thread_in_native, id=4996, stack(0x000000cf1e200000,0x000000cf1e300000)]
  0x000002c5a23e6800 JavaThread "stdout" daemon [_thread_in_native, id=3684, stack(0x000000cf1e300000,0x000000cf1e400000)]
  0x000002c5a23e7800 JavaThread "stderr" daemon [_thread_in_native, id=5592, stack(0x000000cf1e400000,0x000000cf1e500000)]
  0x000002c5a23e5000 JavaThread "stdout" daemon [_thread_in_native, id=5576, stack(0x000000cf1e500000,0x000000cf1e600000)]
  0x000002c5a23e1800 JavaThread "Cache worker for Java compile cache (C:\Users\wasee\.gradle\caches\5.1.1\javaCompile)" [_thread_blocked, id=5468, stack(0x000000cf1e600000,0x000000cf1e700000)]
  0x000002c5a23e8000 JavaThread "Cache worker for Java compile cache (C:\Users\wasee\AndroidStudioProjects\TimeManagementTool\.gradle\5.1.1\javaCompile)" [_thread_blocked, id=5172, stack(0x000000cf1e700000,0x000000cf1e800000)]
  0x000002c5a23e9800 JavaThread "ForkJoinPool.commonPool-worker-1" daemon [_thread_blocked, id=504, stack(0x000000cf1e800000,0x000000cf1e900000)]
  0x000002c5a23e9000 JavaThread "ForkJoinPool-14-worker-3" daemon [_thread_blocked, id=8500, stack(0x000000cf1ec00000,0x000000cf1ed00000)]
  0x000002c5a23e4000 JavaThread "ForkJoinPool-14-worker-1" daemon [_thread_blocked, id=3628, stack(0x000000cf1ed00000,0x000000cf1ee00000)]

Other Threads:
=>0x000002c59d6ec000 VMThread "VM Thread" [stack: 0x000000cf19a00000,0x000000cf19b00000] [id=7952]
  0x000002c59e1fc000 WatcherThread [stack: 0x000000cf1a500000,0x000000cf1a600000] [id=10684]
  0x000002c5821c1000 GCTaskThread "GC Thread#0" [stack: 0x000000cf19500000,0x000000cf19600000] [id=10748]
  0x000002c59e45e000 GCTaskThread "GC Thread#1" [stack: 0x000000cf1a600000,0x000000cf1a700000] [id=8992]
  0x000002c5821f0000 ConcurrentGCThread "G1 Main Marker" [stack: 0x000000cf19600000,0x000000cf19700000] [id=10536]
  0x000002c5821f4800 ConcurrentGCThread "G1 Conc#0" [stack: 0x000000cf19700000,0x000000cf19800000] [id=10524]
  0x000002c582244800 ConcurrentGCThread "G1 Refine#0" [stack: 0x000000cf19800000,0x000000cf19900000] [id=8976]
  0x000002c5a2aab000 ConcurrentGCThread "G1 Refine#1" [stack: 0x000000cf1eb00000,0x000000cf1ec00000] [id=5300]
  0x000002c582245800 ConcurrentGCThread "G1 Young RemSet Sampling" [stack: 0x000000cf19900000,0x000000cf19a00000] [id=10548]

Threads with active compile tasks:
C2 CompilerThread01175702 20849       4       com.android.tools.r8.dex.DexParser::parseCodeItem (479 bytes)

VM state:at safepoint (normal execution)

VM Mutex/Monitor currently owned by a thread:  ([mutex/lock_event])
[0x000002c5821a6ce0] Threads_lock - owner thread: 0x000002c59d6ec000
[0x000002c5821a5ed0] Heap_lock - owner thread: 0x000002c5a23e9000

Heap address: 0x0000000080000000, size: 2048 MB, Compressed Oops mode: 32-bit
Narrow klass base: 0x0000000000000000, Narrow klass shift: 3
Compressed class space size: 1073741824 Address: 0x0000000100000000

Heap:
 garbage-first heap   total 708608K, used 185856K [0x0000000080000000, 0x0000000100000000)
  region size 1024K, 3 young (3072K), 3 survivors (3072K)
 Metaspace       used 117223K, capacity 120150K, committed 120448K, reserved 1155072K
  class space    used 13935K, capacity 14886K, committed 14976K, reserved 1048576K
Heap Regions: E=young(eden), S=young(survivor), O=old, HS=humongous(starts), HC=humongous(continues), CS=collection set, F=free, A=archive, TAMS=top-at-mark-start (previous, next)
|   0|0x0000000080000000, 0x0000000080100000, 0x0000000080100000|100%|HS|  |TAMS 0x0000000080100000, 0x0000000080000000| Complete 
|   1|0x0000000080100000, 0x0000000080200000, 0x0000000080200000|100%| O|  |TAMS 0x0000000080200000, 0x0000000080100000| Untracked 
|   2|0x0000000080200000, 0x0000000080300000, 0x0000000080300000|100%| O|  |TAMS 0x0000000080300000, 0x0000000080200000| Untracked 
|   3|0x0000000080300000, 0x0000000080400000, 0x0000000080400000|100%|HS|  |TAMS 0x0000000080400000, 0x0000000080300000| Complete 
|   4|0x0000000080400000, 0x0000000080500000, 0x0000000080500000|100%|HC|  |TAMS 0x0000000080500000, 0x0000000080400000| Complete 
|   5|0x0000000080500000, 0x0000000080600000, 0x0000000080600000|100%| O|  |TAMS 0x0000000080600000, 0x0000000080500000| Complete 
|   6|0x0000000080600000, 0x0000000080700000, 0x0000000080700000|100%| O|  |TAMS 0x0000000080700000, 0x0000000080600000| Untracked 
|   7|0x0000000080700000, 0x0000000080800000, 0x0000000080800000|100%| O|  |TAMS 0x0000000080800000, 0x0000000080700000| Untracked 
|   8|0x0000000080800000, 0x0000000080900000, 0x0000000080900000|100%| O|  |TAMS 0x0000000080900000, 0x0000000080800000| Untracked 
|   9|0x0000000080900000, 0x0000000080a00000, 0x0000000080a00000|100%| O|  |TAMS 0x0000000080a00000, 0x0000000080900000| Untracked 
|  10|0x0000000080a00000, 0x0000000080b00000, 0x0000000080b00000|100%| O|  |TAMS 0x0000000080b00000, 0x0000000080a00000| Untracked 
|  11|0x0000000080b00000, 0x0000000080c00000, 0x0000000080c00000|100%| O|  |TAMS 0x0000000080c00000, 0x0000000080b00000| Complete 
|  12|0x0000000080c00000, 0x0000000080d00000, 0x0000000080d00000|100%| O|  |TAMS 0x0000000080d00000, 0x0000000080c00000| Untracked 
|  13|0x0000000080d00000, 0x0000000080e00000, 0x0000000080e00000|100%| O|  |TAMS 0x0000000080e00000, 0x0000000080d00000| Complete 
|  14|0x0000000080e00000, 0x0000000080f00000, 0x0000000080f00000|100%|HS|  |TAMS 0x0000000080f00000, 0x0000000080e00000| Complete 
|  15|0x0000000080f00000, 0x0000000081000000, 0x0000000081000000|100%|HC|  |TAMS 0x0000000081000000, 0x0000000080f00000| Complete 
|  16|0x0000000081000000, 0x0000000081100000, 0x0000000081100000|100%|HS|  |TAMS 0x0000000081100000, 0x0000000081000000| Complete 
|  17|0x0000000081100000, 0x0000000081200000, 0x0000000081200000|100%|HC|  |TAMS 0x0000000081200000, 0x0000000081100000| Complete 
|  18|0x0000000081200000, 0x0000000081300000, 0x0000000081300000|100%|HC|  |TAMS 0x0000000081300000, 0x0000000081200000| Complete 
|  19|0x0000000081300000, 0x0000000081400000, 0x0000000081400000|100%|HS|  |TAMS 0x0000000081400000, 0x0000000081300000| Complete 
|  20|0x0000000081400000, 0x0000000081500000, 0x0000000081500000|100%|HC|  |TAMS 0x0000000081500000, 0x0000000081400000| Complete 
|  21|0x0000000081500000, 0x0000000081600000, 0x0000000081600000|100%|HC|  |TAMS 0x0000000081600000, 0x0000000081500000| Complete 
|  22|0x0000000081600000, 0x0000000081700000, 0x0000000081700000|100%|HC|  |TAMS 0x0000000081700000, 0x0000000081600000| Complete 
|  23|0x0000000081700000, 0x0000000081800000, 0x0000000081800000|100%| O|  |TAMS 0x0000000081800000, 0x0000000081700000| Complete 
|  24|0x0000000081800000, 0x0000000081900000, 0x0000000081900000|100%| O|  |TAMS 0x0000000081900000, 0x0000000081800000| Untracked 
|  25|0x0000000081900000, 0x0000000081a00000, 0x0000000081a00000|100%| O|  |TAMS 0x0000000081a00000, 0x0000000081900000| Untracked 
|  26|0x0000000081a00000, 0x0000000081b00000, 0x0000000081b00000|100%| O|  |TAMS 0x0000000081b00000, 0x0000000081a00000| Complete 
|  27|0x0000000081b00000, 0x0000000081c00000, 0x0000000081c00000|100%| O|  |TAMS 0x0000000081c00000, 0x0000000081b00000| Untracked 
|  28|0x0000000081c00000, 0x0000000081d00000, 0x0000000081d00000|100%| O|  |TAMS 0x0000000081d00000, 0x0000000081c00000| Untracked 
|  29|0x0000000081d00000, 0x0000000081e00000, 0x0000000081e00000|100%| O|  |TAMS 0x0000000081e00000, 0x0000000081d00000| Untracked 
|  30|0x0000000081e00000, 0x0000000081f00000, 0x0000000081f00000|100%| O|  |TAMS 0x0000000081f00000, 0x0000000081e00000| Untracked 
|  31|0x0000000081f00000, 0x0000000082000000, 0x0000000082000000|100%| O|  |TAMS 0x0000000082000000, 0x0000000081f00000| Untracked 
|  32|0x0000000082000000, 0x0000000082100000, 0x0000000082100000|100%| O|  |TAMS 0x0000000082100000, 0x0000000082000000| Complete 
|  33|0x0000000082100000, 0x0000000082200000, 0x0000000082200000|100%| O|  |TAMS 0x0000000082200000, 0x0000000082100000| Untracked 
|  34|0x0000000082200000, 0x0000000082300000, 0x0000000082300000|100%| O|  |TAMS 0x0000000082300000, 0x0000000082200000| Complete 
|  35|0x0000000082300000, 0x0000000082400000, 0x0000000082400000|100%|HS|  |TAMS 0x0000000082400000, 0x0000000082300000| Complete 
|  36|0x0000000082400000, 0x0000000082500000, 0x0000000082500000|100%|HC|  |TAMS 0x0000000082500000, 0x0000000082400000| Complete 
|  37|0x0000000082500000, 0x0000000082600000, 0x0000000082600000|100%|HC|  |TAMS 0x0000000082600000, 0x0000000082500000| Complete 
|  38|0x0000000082600000, 0x0000000082700000, 0x0000000082700000|100%|HS|  |TAMS 0x0000000082700000, 0x0000000082600000| Complete 
|  39|0x0000000082700000, 0x0000000082800000, 0x0000000082800000|100%|HC|  |TAMS 0x0000000082800000, 0x0000000082700000| Complete 
|  40|0x0000000082800000, 0x0000000082900000, 0x0000000082900000|100%| O|  |TAMS 0x0000000082900000, 0x0000000082800000| Untracked 
|  41|0x0000000082900000, 0x0000000082a00000, 0x0000000082a00000|100%| O|  |TAMS 0x0000000082a00000, 0x0000000082900000| Complete 
|  42|0x0000000082a00000, 0x0000000082b00000, 0x0000000082b00000|100%| O|  |TAMS 0x0000000082b00000, 0x0000000082a00000| Complete 
|  43|0x0000000082b00000, 0x0000000082c00000, 0x0000000082c00000|100%| O|  |TAMS 0x0000000082c00000, 0x0000000082b00000| Complete 
|  44|0x0000000082c00000, 0x0000000082d00000, 0x0000000082d00000|100%| O|  |TAMS 0x0000000082d00000, 0x0000000082c00000| Untracked 
|  45|0x0000000082d00000, 0x0000000082e00000, 0x0000000082e00000|100%| O|  |TAMS 0x0000000082e00000, 0x0000000082d00000| Untracked 
|  46|0x0000000082e00000, 0x0000000082f00000, 0x0000000082f00000|100%| O|  |TAMS 0x0000000082f00000, 0x0000000082e00000| Untracked 
|  47|0x0000000082f00000, 0x0000000083000000, 0x0000000083000000|100%| O|  |TAMS 0x0000000083000000, 0x0000000082f00000| Complete 
|  48|0x0000000083000000, 0x0000000083100000, 0x0000000083100000|100%| O|  |TAMS 0x0000000083100000, 0x0000000083000000| Complete 
|  49|0x0000000083100000, 0x0000000083200000, 0x0000000083200000|100%| O|  |TAMS 0x0000000083200000, 0x0000000083100000| Untracked 
|  50|0x0000000083200000, 0x0000000083300000, 0x0000000083300000|100%| O|  |TAMS 0x0000000083300000, 0x0000000083200000| Untracked 
|  51|0x0000000083300000, 0x0000000083400000, 0x0000000083400000|100%| O|  |TAMS 0x0000000083400000, 0x0000000083300000| Untracked 
|  52|0x0000000083400000, 0x0000000083500000, 0x0000000083500000|100%| O|  |TAMS 0x0000000083500000, 0x0000000083400000| Complete 
|  53|0x0000000083500000, 0x0000000083600000, 0x0000000083600000|100%| O|  |TAMS 0x0000000083600000, 0x0000000083500000| Untracked 
|  54|0x0000000083600000, 0x0000000083700000, 0x0000000083700000|100%| O|  |TAMS 0x0000000083700000, 0x0000000083600000| Untracked 
|  55|0x0000000083700000, 0x0000000083800000, 0x0000000083800000|100%| O|  |TAMS 0x0000000083800000, 0x0000000083700000| Untracked 
|  56|0x0000000083800000, 0x0000000083900000, 0x0000000083900000|100%| O|  |TAMS 0x0000000083900000, 0x0000000083800000| Untracked 
|  57|0x0000000083900000, 0x0000000083a00000, 0x0000000083a00000|100%| O|  |TAMS 0x0000000083a00000, 0x0000000083900000| Complete 
|  58|0x0000000083a00000, 0x0000000083b00000, 0x0000000083b00000|100%| O|  |TAMS 0x0000000083b00000, 0x0000000083a00000| Complete 
|  59|0x0000000083b00000, 0x0000000083c00000, 0x0000000083c00000|100%| O|  |TAMS 0x0000000083c00000, 0x0000000083b00000| Complete 
|  60|0x0000000083c00000, 0x0000000083d00000, 0x0000000083d00000|100%| O|  |TAMS 0x0000000083d00000, 0x0000000083c00000| Complete 
|  61|0x0000000083d00000, 0x0000000083e00000, 0x0000000083e00000|100%| O|  |TAMS 0x0000000083e00000, 0x0000000083d00000| Complete 
|  62|0x0000000083e00000, 0x0000000083f00000, 0x0000000083f00000|100%| O|  |TAMS 0x0000000083f00000, 0x0000000083e00000| Complete 
|  63|0x0000000083f00000, 0x0000000084000000, 0x0000000084000000|100%| O|  |TAMS 0x0000000084000000, 0x0000000083f00000| Complete 
|  64|0x0000000084000000, 0x0000000084100000, 0x0000000084100000|100%| O|  |TAMS 0x0000000084100000, 0x0000000084000000| Untracked 
|  65|0x0000000084100000, 0x0000000084200000, 0x0000000084200000|100%| O|  |TAMS 0x0000000084200000, 0x0000000084100000| Complete 
|  66|0x0000000084200000, 0x0000000084300000, 0x0000000084300000|100%| O|  |TAMS 0x0000000084300000, 0x0000000084200000| Complete 
|  67|0x0000000084300000, 0x0000000084400000, 0x0000000084400000|100%| O|  |TAMS 0x0000000084400000, 0x0000000084300000| Complete 
|  68|0x0000000084400000, 0x0000000084500000, 0x0000000084500000|100%| O|  |TAMS 0x0000000084500000, 0x0000000084400000| Complete 
|  69|0x0000000084500000, 0x0000000084600000, 0x0000000084600000|100%| O|  |TAMS 0x0000000084600000, 0x0000000084500000| Complete 
|  70|0x0000000084600000, 0x0000000084700000, 0x0000000084700000|100%| O|  |TAMS 0x0000000084700000, 0x0000000084600000| Complete 
|  71|0x0000000084700000, 0x0000000084800000, 0x0000000084800000|100%| O|  |TAMS 0x0000000084800000, 0x0000000084700000| Complete 
|  72|0x0000000084800000, 0x0000000084900000, 0x0000000084900000|100%| O|  |TAMS 0x0000000084900000, 0x0000000084800000| Complete 
|  73|0x0000000084900000, 0x0000000084a00000, 0x0000000084a00000|100%| O|  |TAMS 0x0000000084900000, 0x0000000084900000| Untracked 
|  74|0x0000000084a00000, 0x0000000084b00000, 0x0000000084b00000|100%| O|  |TAMS 0x0000000084b00000, 0x0000000084a00000| Untracked 
|  75|0x0000000084b00000, 0x0000000084c00000, 0x0000000084c00000|100%| O|  |TAMS 0x0000000084c00000, 0x0000000084b00000| Untracked 
|  76|0x0000000084c00000, 0x0000000084d00000, 0x0000000084d00000|100%| O|  |TAMS 0x0000000084d00000, 0x0000000084c00000| Complete 
|  77|0x0000000084d00000, 0x0000000084e00000, 0x0000000084e00000|100%| O|  |TAMS 0x0000000084e00000, 0x0000000084d00000| Complete 
|  78|0x0000000084e00000, 0x0000000084f00000, 0x0000000084f00000|100%| O|  |TAMS 0x0000000084f00000, 0x0000000084e00000| Untracked 
|  79|0x0000000084f00000, 0x0000000085000000, 0x0000000085000000|100%| O|  |TAMS 0x0000000085000000, 0x0000000084f00000| Untracked 
|  80|0x0000000085000000, 0x0000000085100000, 0x0000000085100000|100%| O|  |TAMS 0x0000000085100000, 0x0000000085000000| Complete 
|  81|0x0000000085100000, 0x0000000085200000, 0x0000000085200000|100%| O|  |TAMS 0x0000000085100000, 0x0000000085100000| Untracked 
|  82|0x0000000085200000, 0x0000000085300000, 0x0000000085300000|100%| O|  |TAMS 0x0000000085300000, 0x0000000085200000| Complete 
|  83|0x0000000085300000, 0x0000000085400000, 0x0000000085400000|100%| O|  |TAMS 0x0000000085400000, 0x0000000085300000| Untracked 
|  84|0x0000000085400000, 0x0000000085500000, 0x0000000085500000|100%| O|  |TAMS 0x0000000085500000, 0x0000000085400000| Untracked 
|  85|0x0000000085500000, 0x0000000085600000, 0x0000000085600000|100%| O|  |TAMS 0x0000000085600000, 0x0000000085500000| Untracked 
|  86|0x0000000085600000, 0x0000000085700000, 0x0000000085700000|100%| O|  |TAMS 0x0000000085700000, 0x0000000085600000| Untracked 
|  87|0x0000000085700000, 0x0000000085800000, 0x0000000085800000|100%| O|  |TAMS 0x0000000085800000, 0x0000000085700000| Untracked 
|  88|0x0000000085800000, 0x0000000085900000, 0x0000000085900000|100%| O|  |TAMS 0x0000000085900000, 0x0000000085800000| Complete 
|  89|0x0000000085900000, 0x0000000085a00000, 0x0000000085a00000|100%| O|  |TAMS 0x0000000085a00000, 0x0000000085900000| Untracked 
|  90|0x0000000085a00000, 0x0000000085b00000, 0x0000000085b00000|100%| O|  |TAMS 0x0000000085a00000, 0x0000000085a00000| Untracked 
|  91|0x0000000085b00000, 0x0000000085c00000, 0x0000000085c00000|100%| O|  |TAMS 0x0000000085c00000, 0x0000000085b00000| Complete 
|  92|0x0000000085c00000, 0x0000000085d00000, 0x0000000085d00000|100%| O|  |TAMS 0x0000000085d00000, 0x0000000085c00000| Complete 
|  93|0x0000000085d00000, 0x0000000085e00000, 0x0000000085e00000|100%| O|  |TAMS 0x0000000085d00000, 0x0000000085d00000| Untracked 
|  94|0x0000000085e00000, 0x0000000085f00000, 0x0000000085f00000|100%| O|  |TAMS 0x0000000085f00000, 0x0000000085e00000| Complete 
|  95|0x0000000085f00000, 0x0000000086000000, 0x0000000086000000|100%| O|  |TAMS 0x0000000086000000, 0x0000000085f00000| Complete 
|  96|0x0000000086000000, 0x0000000086100000, 0x0000000086100000|100%| O|  |TAMS 0x0000000086100000, 0x0000000086000000| Complete 
|  97|0x0000000086100000, 0x0000000086200000, 0x0000000086200000|100%| O|  |TAMS 0x0000000086200000, 0x0000000086100000| Untracked 
|  98|0x0000000086200000, 0x0000000086300000, 0x0000000086300000|100%| O|  |TAMS 0x0000000086200000, 0x0000000086200000| Untracked 
|  99|0x0000000086300000, 0x0000000086400000, 0x0000000086400000|100%| O|  |TAMS 0x0000000086300000, 0x0000000086300000| Untracked 
| 100|0x0000000086400000, 0x0000000086500000, 0x0000000086500000|100%| O|  |TAMS 0x0000000086500000, 0x0000000086400000| Complete 
| 101|0x0000000086500000, 0x0000000086600000, 0x0000000086600000|100%| O|  |TAMS 0x0000000086500000, 0x0000000086500000| Untracked 
| 102|0x0000000086600000, 0x0000000086700000, 0x0000000086700000|100%| O|  |TAMS 0x0000000086600000, 0x0000000086600000| Untracked 
| 103|0x0000000086700000, 0x0000000086800000, 0x0000000086800000|100%| O|  |TAMS 0x0000000086700000, 0x0000000086700000| Untracked 
| 104|0x0000000086800000, 0x0000000086900000, 0x0000000086900000|100%| O|  |TAMS 0x0000000086800000, 0x0000000086800000| Untracked 
| 105|0x0000000086900000, 0x0000000086a00000, 0x0000000086a00000|100%| O|  |TAMS 0x0000000086900000, 0x0000000086900000| Untracked 
| 106|0x0000000086a00000, 0x0000000086b00000, 0x0000000086b00000|100%| O|  |TAMS 0x0000000086a00000, 0x0000000086a00000| Untracked 
| 107|0x0000000086b00000, 0x0000000086c00000, 0x0000000086c00000|100%| O|  |TAMS 0x0000000086b00000, 0x0000000086b00000| Untracked 
| 108|0x0000000086c00000, 0x0000000086d00000, 0x0000000086d00000|100%| O|  |TAMS 0x0000000086c00000, 0x0000000086c00000| Untracked 
| 109|0x0000000086d00000, 0x0000000086e00000, 0x0000000086e00000|100%| O|  |TAMS 0x0000000086d00000, 0x0000000086d00000| Untracked 
| 110|0x0000000086e00000, 0x0000000086f00000, 0x0000000086f00000|100%| O|  |TAMS 0x0000000086e81c00, 0x0000000086e00000| Complete 
| 111|0x0000000086f00000, 0x0000000087000000, 0x0000000087000000|100%| O|  |TAMS 0x0000000087000000, 0x0000000086f00000| Complete 
| 112|0x0000000087000000, 0x0000000087100000, 0x0000000087100000|100%| O|  |TAMS 0x0000000087000000, 0x0000000087000000| Untracked 
| 113|0x0000000087100000, 0x0000000087200000, 0x0000000087200000|100%| O|  |TAMS 0x0000000087100000, 0x0000000087100000| Untracked 
| 114|0x0000000087200000, 0x0000000087300000, 0x0000000087300000|100%| O|  |TAMS 0x0000000087200000, 0x0000000087200000| Untracked 
| 115|0x0000000087300000, 0x0000000087400000, 0x0000000087400000|100%| O|  |TAMS 0x0000000087400000, 0x0000000087300000| Complete 
| 116|0x0000000087400000, 0x0000000087500000, 0x0000000087500000|100%| O|  |TAMS 0x0000000087500000, 0x0000000087400000| Complete 
| 117|0x0000000087500000, 0x0000000087600000, 0x0000000087600000|100%| O|  |TAMS 0x0000000087500000, 0x0000000087500000| Untracked 
| 118|0x0000000087600000, 0x0000000087700000, 0x0000000087700000|100%| O|  |TAMS 0x0000000087700000, 0x0000000087600000| Complete 
| 119|0x0000000087700000, 0x0000000087700000, 0x0000000087800000|  0%| F|  |TAMS 0x0000000087700000, 0x0000000087700000| Untracked 
| 120|0x0000000087800000, 0x0000000087800000, 0x0000000087900000|  0%| F|  |TAMS 0x0000000087800000, 0x0000000087800000| Untracked 
| 121|0x0000000087900000, 0x0000000087a00000, 0x0000000087a00000|100%| O|  |TAMS 0x0000000087900000, 0x0000000087900000| Untracked 
| 122|0x0000000087a00000, 0x0000000087b00000, 0x0000000087b00000|100%| O|  |TAMS 0x0000000087a00000, 0x0000000087a00000| Untracked 
| 123|0x0000000087b00000, 0x0000000087b00000, 0x0000000087c00000|  0%| F|  |TAMS 0x0000000087b00000, 0x0000000087b00000| Untracked 
| 124|0x0000000087c00000, 0x0000000087d00000, 0x0000000087d00000|100%| O|  |TAMS 0x0000000087d00000, 0x0000000087c00000| Untracked 
| 125|0x0000000087d00000, 0x0000000087e00000, 0x0000000087e00000|100%| O|  |TAMS 0x0000000087d00000, 0x0000000087d00000| Untracked 
| 126|0x0000000087e00000, 0x0000000087f00000, 0x0000000087f00000|100%| O|  |TAMS 0x0000000087f00000, 0x0000000087e00000| Complete 
| 127|0x0000000087f00000, 0x0000000088000000, 0x0000000088000000|100%| O|  |TAMS 0x0000000088000000, 0x0000000087f00000| Complete 
| 128|0x0000000088000000, 0x0000000088100000, 0x0000000088100000|100%| O|  |TAMS 0x0000000088100000, 0x0000000088000000| Complete 
| 129|0x0000000088100000, 0x0000000088200000, 0x0000000088200000|100%| O|  |TAMS 0x0000000088200000, 0x0000000088100000| Complete 
| 130|0x0000000088200000, 0x0000000088200000, 0x0000000088300000|  0%| F|  |TAMS 0x0000000088200000, 0x0000000088200000| Untracked 
| 131|0x0000000088300000, 0x0000000088400000, 0x0000000088400000|100%| O|  |TAMS 0x0000000088400000, 0x0000000088300000| Complete 
| 132|0x0000000088400000, 0x0000000088500000, 0x0000000088500000|100%| O|  |TAMS 0x0000000088500000, 0x0000000088400000| Complete 
| 133|0x0000000088500000, 0x0000000088500000, 0x0000000088600000|  0%| F|  |TAMS 0x0000000088500000, 0x0000000088500000| Untracked 
| 134|0x0000000088600000, 0x0000000088700000, 0x0000000088700000|100%| O|  |TAMS 0x0000000088600000, 0x0000000088600000| Untracked 
| 135|0x0000000088700000, 0x0000000088700000, 0x0000000088800000|  0%| F|  |TAMS 0x0000000088700000, 0x0000000088700000| Untracked 
| 136|0x0000000088800000, 0x0000000088800000, 0x0000000088900000|  0%| F|  |TAMS 0x0000000088800000, 0x0000000088800000| Untracked 
| 137|0x0000000088900000, 0x0000000088900000, 0x0000000088a00000|  0%| F|  |TAMS 0x0000000088900000, 0x0000000088900000| Untracked 
| 138|0x0000000088a00000, 0x0000000088b00000, 0x0000000088b00000|100%| O|  |TAMS 0x0000000088a00000, 0x0000000088a00000| Untracked 
| 139|0x0000000088b00000, 0x0000000088b00000, 0x0000000088c00000|  0%| F|  |TAMS 0x0000000088b00000, 0x0000000088b00000| Untracked 
| 140|0x0000000088c00000, 0x0000000088d00000, 0x0000000088d00000|100%| O|  |TAMS 0x0000000088c00000, 0x0000000088c00000| Untracked 
| 141|0x0000000088d00000, 0x0000000088e00000, 0x0000000088e00000|100%| O|  |TAMS 0x0000000088d00000, 0x0000000088d00000| Untracked 
| 142|0x0000000088e00000, 0x0000000088f00000, 0x0000000088f00000|100%| O|  |TAMS 0x0000000088e00000, 0x0000000088e00000| Untracked 
| 143|0x0000000088f00000, 0x0000000089000000, 0x0000000089000000|100%| O|  |TAMS 0x0000000088f00000, 0x0000000088f00000| Untracked 
| 144|0x0000000089000000, 0x0000000089000000, 0x0000000089100000|  0%| F|  |TAMS 0x0000000089000000, 0x0000000089000000| Untracked 
| 145|0x0000000089100000, 0x0000000089100000, 0x0000000089200000|  0%| F|  |TAMS 0x0000000089100000, 0x0000000089100000| Untracked 
| 146|0x0000000089200000, 0x0000000089300000, 0x0000000089300000|100%| O|  |TAMS 0x0000000089200000, 0x0000000089200000| Untracked 
| 147|0x0000000089300000, 0x0000000089380000, 0x0000000089400000| 50%| O|  |TAMS 0x0000000089300000, 0x0000000089300000| Untracked 
| 148|0x0000000089400000, 0x0000000089400000, 0x0000000089500000|  0%| F|  |TAMS 0x0000000089400000, 0x0000000089400000| Untracked 
| 149|0x0000000089500000, 0x0000000089500000, 0x0000000089600000|  0%| F|  |TAMS 0x0000000089500000, 0x0000000089500000| Untracked 
| 150|0x0000000089600000, 0x0000000089700000, 0x0000000089700000|100%| O|  |TAMS 0x0000000089600000, 0x0000000089600000| Untracked 
| 151|0x0000000089700000, 0x0000000089800000, 0x0000000089800000|100%| O|  |TAMS 0x0000000089700000, 0x0000000089700000| Untracked 
| 152|0x0000000089800000, 0x0000000089900000, 0x0000000089900000|100%| O|  |TAMS 0x0000000089800000, 0x0000000089800000| Untracked 
| 153|0x0000000089900000, 0x0000000089a00000, 0x0000000089a00000|100%| O|  |TAMS 0x0000000089900000, 0x0000000089900000| Untracked 
| 154|0x0000000089a00000, 0x0000000089b00000, 0x0000000089b00000|100%| O|  |TAMS 0x0000000089a00000, 0x0000000089a00000| Untracked 
| 155|0x0000000089b00000, 0x0000000089c00000, 0x0000000089c00000|100%| O|  |TAMS 0x0000000089b00000, 0x0000000089b00000| Untracked 
| 156|0x0000000089c00000, 0x0000000089d00000, 0x0000000089d00000|100%| O|  |TAMS 0x0000000089c00000, 0x0000000089c00000| Untracked 
| 157|0x0000000089d00000, 0x0000000089e00000, 0x0000000089e00000|100%| O|  |TAMS 0x0000000089d00000, 0x0000000089d00000| Untracked 
| 158|0x0000000089e00000, 0x0000000089f00000, 0x0000000089f00000|100%| O|  |TAMS 0x0000000089e00000, 0x0000000089e00000| Untracked 
| 159|0x0000000089f00000, 0x000000008a000000, 0x000000008a000000|100%| O|  |TAMS 0x0000000089f00000, 0x0000000089f00000| Untracked 
| 160|0x000000008a000000, 0x000000008a100000, 0x000000008a100000|100%| O|  |TAMS 0x000000008a100000, 0x000000008a000000| Complete 
| 161|0x000000008a100000, 0x000000008a200000, 0x000000008a200000|100%| O|  |TAMS 0x000000008a200000, 0x000000008a100000| Complete 
| 162|0x000000008a200000, 0x000000008a300000, 0x000000008a300000|100%| O|  |TAMS 0x000000008a200000, 0x000000008a200000| Untracked 
| 163|0x000000008a300000, 0x000000008a400000, 0x000000008a400000|100%| O|  |TAMS 0x000000008a300000, 0x000000008a300000| Untracked 
| 164|0x000000008a400000, 0x000000008a500000, 0x000000008a500000|100%| O|  |TAMS 0x000000008a400000, 0x000000008a400000| Untracked 
| 165|0x000000008a500000, 0x000000008a600000, 0x000000008a600000|100%| O|  |TAMS 0x000000008a500000, 0x000000008a500000| Untracked 
| 166|0x000000008a600000, 0x000000008a600000, 0x000000008a700000|  0%| F|  |TAMS 0x000000008a600000, 0x000000008a600000| Untracked 
| 167|0x000000008a700000, 0x000000008a800000, 0x000000008a800000|100%| O|  |TAMS 0x000000008a800000, 0x000000008a700000| Complete 
| 168|0x000000008a800000, 0x000000008a900000, 0x000000008a900000|100%| O|  |TAMS 0x000000008a800000, 0x000000008a800000| Untracked 
| 169|0x000000008a900000, 0x000000008aa00000, 0x000000008aa00000|100%|HS|  |TAMS 0x000000008a900000, 0x000000008a900000| Complete 
| 170|0x000000008aa00000, 0x000000008ab00000, 0x000000008ab00000|100%|HC|  |TAMS 0x000000008aa00000, 0x000000008aa00000| Complete 
| 171|0x000000008ab00000, 0x000000008ac00000, 0x000000008ac00000|100%|HC|  |TAMS 0x000000008ab00000, 0x000000008ab00000| Complete 
| 172|0x000000008ac00000, 0x000000008ad00000, 0x000000008ad00000|100%|HC|  |TAMS 0x000000008ac00000, 0x000000008ac00000| Complete 
| 173|0x000000008ad00000, 0x000000008ae00000, 0x000000008ae00000|100%|HC|  |TAMS 0x000000008ad00000, 0x000000008ad00000| Complete 
| 174|0x000000008ae00000, 0x000000008af00000, 0x000000008af00000|100%| O|  |TAMS 0x000000008ae00000, 0x000000008ae00000| Untracked 
| 175|0x000000008af00000, 0x000000008b000000, 0x000000008b000000|100%| O|  |TAMS 0x000000008af00000, 0x000000008af00000| Untracked 
| 176|0x000000008b000000, 0x000000008b100000, 0x000000008b100000|100%| O|  |TAMS 0x000000008b000000, 0x000000008b000000| Untracked 
| 177|0x000000008b100000, 0x000000008b200000, 0x000000008b200000|100%| O|  |TAMS 0x000000008b100000, 0x000000008b100000| Untracked 
| 178|0x000000008b200000, 0x000000008b300000, 0x000000008b300000|100%| O|  |TAMS 0x000000008b200000, 0x000000008b200000| Untracked 
| 179|0x000000008b300000, 0x000000008b400000, 0x000000008b400000|100%|HS|  |TAMS 0x000000008b300000, 0x000000008b300000| Complete 
| 180|0x000000008b400000, 0x000000008b500000, 0x000000008b500000|100%|HC|  |TAMS 0x000000008b400000, 0x000000008b400000| Complete 
| 181|0x000000008b500000, 0x000000008b600000, 0x000000008b600000|100%|HC|  |TAMS 0x000000008b500000, 0x000000008b500000| Complete 
| 182|0x000000008b600000, 0x000000008b700000, 0x000000008b700000|100%|HC|  |TAMS 0x000000008b600000, 0x000000008b600000| Complete 
| 183|0x000000008b700000, 0x000000008b800000, 0x000000008b800000|100%|HC|  |TAMS 0x000000008b700000, 0x000000008b700000| Complete 
| 184|0x000000008b800000, 0x000000008b900000, 0x000000008b900000|100%| O|  |TAMS 0x000000008b800000, 0x000000008b800000| Untracked 
| 185|0x000000008b900000, 0x000000008ba00000, 0x000000008ba00000|100%| O|  |TAMS 0x000000008b900000, 0x000000008b900000| Untracked 
| 186|0x000000008ba00000, 0x000000008bb00000, 0x000000008bb00000|100%| O|  |TAMS 0x000000008ba00000, 0x000000008ba00000| Untracked 
| 187|0x000000008bb00000, 0x000000008bc00000, 0x000000008bc00000|100%| O|  |TAMS 0x000000008bb00000, 0x000000008bb00000| Untracked 
| 188|0x000000008bc00000, 0x000000008bd00000, 0x000000008bd00000|100%| O|  |TAMS 0x000000008bc00000, 0x000000008bc00000| Untracked 
| 189|0x000000008bd00000, 0x000000008be00000, 0x000000008be00000|100%| O|  |TAMS 0x000000008bd00000, 0x000000008bd00000| Untracked 
| 190|0x000000008be00000, 0x000000008bf00000, 0x000000008bf00000|100%| O|  |TAMS 0x000000008be00000, 0x000000008be00000| Untracked 
| 191|0x000000008bf00000, 0x000000008c000000, 0x000000008c000000|100%| O|  |TAMS 0x000000008bf00000, 0x000000008bf00000| Untracked 
| 192|0x000000008c000000, 0x000000008c000000, 0x000000008c100000|  0%| F|  |TAMS 0x000000008c000000, 0x000000008c000000| Untracked 
| 193|0x000000008c100000, 0x000000008c100000, 0x000000008c200000|  0%| F|  |TAMS 0x000000008c100000, 0x000000008c100000| Untracked 
| 194|0x000000008c200000, 0x000000008c200000, 0x000000008c300000|  0%| F|  |TAMS 0x000000008c200000, 0x000000008c200000| Untracked 
| 195|0x000000008c300000, 0x000000008c300000, 0x000000008c400000|  0%| F|  |TAMS 0x000000008c300000, 0x000000008c300000| Untracked 
| 196|0x000000008c400000, 0x000000008c400000, 0x000000008c500000|  0%| F|  |TAMS 0x000000008c400000, 0x000000008c400000| Untracked 
| 197|0x000000008c500000, 0x000000008c500000, 0x000000008c600000|  0%| F|  |TAMS 0x000000008c500000, 0x000000008c500000| Untracked 
| 198|0x000000008c600000, 0x000000008c600000, 0x000000008c700000|  0%| F|  |TAMS 0x000000008c600000, 0x000000008c600000| Untracked 
| 199|0x000000008c700000, 0x000000008c700000, 0x000000008c800000|  0%| F|  |TAMS 0x000000008c700000, 0x000000008c700000| Untracked 
| 200|0x000000008c800000, 0x000000008c800000, 0x000000008c900000|  0%| F|  |TAMS 0x000000008c800000, 0x000000008c800000| Untracked 
| 201|0x000000008c900000, 0x000000008c900000, 0x000000008ca00000|  0%| F|  |TAMS 0x000000008c900000, 0x000000008c900000| Untracked 
| 202|0x000000008ca00000, 0x000000008cb00000, 0x000000008cb00000|100%| O|  |TAMS 0x000000008cb00000, 0x000000008ca00000| Complete 
| 203|0x000000008cb00000, 0x000000008cb00000, 0x000000008cc00000|  0%| F|  |TAMS 0x000000008cb00000, 0x000000008cb00000| Untracked 
| 204|0x000000008cc00000, 0x000000008cc00000, 0x000000008cd00000|  0%| F|  |TAMS 0x000000008cc00000, 0x000000008cc00000| Untracked 
| 205|0x000000008cd00000, 0x000000008cd00000, 0x000000008ce00000|  0%| F|  |TAMS 0x000000008cd00000, 0x000000008cd00000| Untracked 
| 206|0x000000008ce00000, 0x000000008ce00000, 0x000000008cf00000|  0%| F|  |TAMS 0x000000008ce00000, 0x000000008ce00000| Untracked 
| 207|0x000000008cf00000, 0x000000008cf00000, 0x000000008d000000|  0%| F|  |TAMS 0x000000008cf00000, 0x000000008cf00000| Untracked 
| 208|0x000000008d000000, 0x000000008d000000, 0x000000008d100000|  0%| F|  |TAMS 0x000000008d000000, 0x000000008d000000| Untracked 
| 209|0x000000008d100000, 0x000000008d100000, 0x000000008d200000|  0%| F|  |TAMS 0x000000008d100000, 0x000000008d100000| Untracked 
| 210|0x000000008d200000, 0x000000008d200000, 0x000000008d300000|  0%| F|  |TAMS 0x000000008d200000, 0x000000008d200000| Untracked 
| 211|0x000000008d300000, 0x000000008d300000, 0x000000008d400000|  0%| F|  |TAMS 0x000000008d300000, 0x000000008d300000| Untracked 
| 212|0x000000008d400000, 0x000000008d400000, 0x000000008d500000|  0%| F|  |TAMS 0x000000008d400000, 0x000000008d400000| Untracked 
| 213|0x000000008d500000, 0x000000008d500000, 0x000000008d600000|  0%| F|  |TAMS 0x000000008d500000, 0x000000008d500000| Untracked 
| 214|0x000000008d600000, 0x000000008d600000, 0x000000008d700000|  0%| F|  |TAMS 0x000000008d600000, 0x000000008d600000| Untracked 
| 215|0x000000008d700000, 0x000000008d700000, 0x000000008d800000|  0%| F|  |TAMS 0x000000008d700000, 0x000000008d700000| Untracked 
| 216|0x000000008d800000, 0x000000008d800000, 0x000000008d900000|  0%| F|  |TAMS 0x000000008d800000, 0x000000008d800000| Untracked 
| 217|0x000000008d900000, 0x000000008d900000, 0x000000008da00000|  0%| F|  |TAMS 0x000000008d900000, 0x000000008d900000| Untracked 
| 218|0x000000008da00000, 0x000000008da00000, 0x000000008db00000|  0%| F|  |TAMS 0x000000008da00000, 0x000000008da00000| Untracked 
| 219|0x000000008db00000, 0x000000008db00000, 0x000000008dc00000|  0%| F|  |TAMS 0x000000008db00000, 0x000000008db00000| Untracked 
| 220|0x000000008dc00000, 0x000000008dc00000, 0x000000008dd00000|  0%| F|  |TAMS 0x000000008dc00000, 0x000000008dc00000| Untracked 
| 221|0x000000008dd00000, 0x000000008dd00000, 0x000000008de00000|  0%| F|  |TAMS 0x000000008dd00000, 0x000000008dd00000| Untracked 
| 222|0x000000008de00000, 0x000000008de00000, 0x000000008df00000|  0%| F|  |TAMS 0x000000008de00000, 0x000000008de00000| Untracked 
| 223|0x000000008df00000, 0x000000008df00000, 0x000000008e000000|  0%| F|  |TAMS 0x000000008df00000, 0x000000008df00000| Untracked 
| 224|0x000000008e000000, 0x000000008e000000, 0x000000008e100000|  0%| F|  |TAMS 0x000000008e000000, 0x000000008e000000| Untracked 
| 225|0x000000008e100000, 0x000000008e100000, 0x000000008e200000|  0%| F|  |TAMS 0x000000008e100000, 0x000000008e100000| Untracked 
| 226|0x000000008e200000, 0x000000008e200000, 0x000000008e300000|  0%| F|  |TAMS 0x000000008e200000, 0x000000008e200000| Untracked 
| 227|0x000000008e300000, 0x000000008e300000, 0x000000008e400000|  0%| F|  |TAMS 0x000000008e300000, 0x000000008e300000| Untracked 
| 228|0x000000008e400000, 0x000000008e400000, 0x000000008e500000|  0%| F|  |TAMS 0x000000008e400000, 0x000000008e400000| Untracked 
| 229|0x000000008e500000, 0x000000008e500000, 0x000000008e600000|  0%| F|  |TAMS 0x000000008e500000, 0x000000008e500000| Untracked 
| 230|0x000000008e600000, 0x000000008e600000, 0x000000008e700000|  0%| F|  |TAMS 0x000000008e600000, 0x000000008e600000| Untracked 
| 231|0x000000008e700000, 0x000000008e700000, 0x000000008e800000|  0%| F|  |TAMS 0x000000008e700000, 0x000000008e700000| Untracked 
| 232|0x000000008e800000, 0x000000008e800000, 0x000000008e900000|  0%| F|  |TAMS 0x000000008e800000, 0x000000008e800000| Untracked 
| 233|0x000000008e900000, 0x000000008e900000, 0x000000008ea00000|  0%| F|  |TAMS 0x000000008e900000, 0x000000008e900000| Untracked 
| 234|0x000000008ea00000, 0x000000008ea00000, 0x000000008eb00000|  0%| F|  |TAMS 0x000000008ea00000, 0x000000008ea00000| Untracked 
| 235|0x000000008eb00000, 0x000000008eb00000, 0x000000008ec00000|  0%| F|  |TAMS 0x000000008eb00000, 0x000000008eb00000| Untracked 
| 236|0x000000008ec00000, 0x000000008ec00000, 0x000000008ed00000|  0%| F|  |TAMS 0x000000008ec00000, 0x000000008ec00000| Untracked 
| 237|0x000000008ed00000, 0x000000008ed00000, 0x000000008ee00000|  0%| F|  |TAMS 0x000000008ed00000, 0x000000008ed00000| Untracked 
| 238|0x000000008ee00000, 0x000000008ee00000, 0x000000008ef00000|  0%| F|  |TAMS 0x000000008ee00000, 0x000000008ee00000| Untracked 
| 239|0x000000008ef00000, 0x000000008ef00000, 0x000000008f000000|  0%| F|  |TAMS 0x000000008ef00000, 0x000000008ef00000| Untracked 
| 240|0x000000008f000000, 0x000000008f000000, 0x000000008f100000|  0%| F|  |TAMS 0x000000008f000000, 0x000000008f000000| Untracked 
| 241|0x000000008f100000, 0x000000008f100000, 0x000000008f200000|  0%| F|  |TAMS 0x000000008f100000, 0x000000008f100000| Untracked 
| 242|0x000000008f200000, 0x000000008f200000, 0x000000008f300000|  0%| F|  |TAMS 0x000000008f200000, 0x000000008f200000| Untracked 
| 243|0x000000008f300000, 0x000000008f300000, 0x000000008f400000|  0%| F|  |TAMS 0x000000008f300000, 0x000000008f300000| Untracked 
| 244|0x000000008f400000, 0x000000008f400000, 0x000000008f500000|  0%| F|  |TAMS 0x000000008f400000, 0x000000008f400000| Untracked 
| 245|0x000000008f500000, 0x000000008f500000, 0x000000008f600000|  0%| F|  |TAMS 0x000000008f500000, 0x000000008f500000| Untracked 
| 246|0x000000008f600000, 0x000000008f600000, 0x000000008f700000|  0%| F|  |TAMS 0x000000008f600000, 0x000000008f600000| Untracked 
| 247|0x000000008f700000, 0x000000008f700000, 0x000000008f800000|  0%| F|  |TAMS 0x000000008f700000, 0x000000008f700000| Untracked 
| 248|0x000000008f800000, 0x000000008f800000, 0x000000008f900000|  0%| F|  |TAMS 0x000000008f800000, 0x000000008f800000| Untracked 
| 249|0x000000008f900000, 0x000000008f900000, 0x000000008fa00000|  0%| F|  |TAMS 0x000000008f900000, 0x000000008f900000| Untracked 
| 250|0x000000008fa00000, 0x000000008fa00000, 0x000000008fb00000|  0%| F|  |TAMS 0x000000008fa00000, 0x000000008fa00000| Untracked 
| 251|0x000000008fb00000, 0x000000008fb00000, 0x000000008fc00000|  0%| F|  |TAMS 0x000000008fb00000, 0x000000008fb00000| Untracked 
| 252|0x000000008fc00000, 0x000000008fc00000, 0x000000008fd00000|  0%| F|  |TAMS 0x000000008fc00000, 0x000000008fc00000| Untracked 
| 253|0x000000008fd00000, 0x000000008fd00000, 0x000000008fe00000|  0%| F|  |TAMS 0x000000008fd00000, 0x000000008fd00000| Untracked 
| 254|0x000000008fe00000, 0x000000008fe00000, 0x000000008ff00000|  0%| F|  |TAMS 0x000000008fe00000, 0x000000008fe00000| Untracked 
| 255|0x000000008ff00000, 0x000000008ff00000, 0x0000000090000000|  0%| F|  |TAMS 0x000000008ff00000, 0x000000008ff00000| Untracked 
| 256|0x0000000090000000, 0x0000000090000000, 0x0000000090100000|  0%| F|  |TAMS 0x0000000090000000, 0x0000000090000000| Untracked 
| 257|0x0000000090100000, 0x0000000090100000, 0x0000000090200000|  0%| F|  |TAMS 0x0000000090100000, 0x0000000090100000| Untracked 
| 258|0x0000000090200000, 0x0000000090200000, 0x0000000090300000|  0%| F|  |TAMS 0x0000000090200000, 0x0000000090200000| Untracked 
| 259|0x0000000090300000, 0x0000000090300000, 0x0000000090400000|  0%| F|  |TAMS 0x0000000090300000, 0x0000000090300000| Untracked 
| 260|0x0000000090400000, 0x0000000090400000, 0x0000000090500000|  0%| F|  |TAMS 0x0000000090400000, 0x0000000090400000| Untracked 
| 261|0x0000000090500000, 0x0000000090500000, 0x0000000090600000|  0%| F|  |TAMS 0x0000000090500000, 0x0000000090500000| Untracked 
| 262|0x0000000090600000, 0x0000000090600000, 0x0000000090700000|  0%| F|  |TAMS 0x0000000090600000, 0x0000000090600000| Untracked 
| 263|0x0000000090700000, 0x0000000090700000, 0x0000000090800000|  0%| F|  |TAMS 0x0000000090700000, 0x0000000090700000| Untracked 
| 264|0x0000000090800000, 0x0000000090800000, 0x0000000090900000|  0%| F|  |TAMS 0x0000000090800000, 0x0000000090800000| Untracked 
| 265|0x0000000090900000, 0x0000000090900000, 0x0000000090a00000|  0%| F|  |TAMS 0x0000000090900000, 0x0000000090900000| Untracked 
| 266|0x0000000090a00000, 0x0000000090a00000, 0x0000000090b00000|  0%| F|  |TAMS 0x0000000090a00000, 0x0000000090a00000| Untracked 
| 267|0x0000000090b00000, 0x0000000090b00000, 0x0000000090c00000|  0%| F|  |TAMS 0x0000000090b00000, 0x0000000090b00000| Untracked 
| 268|0x0000000090c00000, 0x0000000090c00000, 0x0000000090d00000|  0%| F|  |TAMS 0x0000000090c00000, 0x0000000090c00000| Untracked 
| 269|0x0000000090d00000, 0x0000000090d00000, 0x0000000090e00000|  0%| F|  |TAMS 0x0000000090d00000, 0x0000000090d00000| Untracked 
| 270|0x0000000090e00000, 0x0000000090e00000, 0x0000000090f00000|  0%| F|  |TAMS 0x0000000090e00000, 0x0000000090e00000| Untracked 
| 271|0x0000000090f00000, 0x0000000090f00000, 0x0000000091000000|  0%| F|  |TAMS 0x0000000090f00000, 0x0000000090f00000| Untracked 
| 272|0x0000000091000000, 0x0000000091000000, 0x0000000091100000|  0%| F|  |TAMS 0x0000000091000000, 0x0000000091000000| Untracked 
| 273|0x0000000091100000, 0x0000000091100000, 0x0000000091200000|  0%| F|  |TAMS 0x0000000091100000, 0x0000000091100000| Untracked 
| 274|0x0000000091200000, 0x0000000091200000, 0x0000000091300000|  0%| F|  |TAMS 0x0000000091200000, 0x0000000091200000| Untracked 
| 275|0x0000000091300000, 0x0000000091300000, 0x0000000091400000|  0%| F|  |TAMS 0x0000000091300000, 0x0000000091300000| Untracked 
| 276|0x0000000091400000, 0x0000000091400000, 0x0000000091500000|  0%| F|  |TAMS 0x0000000091400000, 0x0000000091400000| Untracked 
| 277|0x0000000091500000, 0x0000000091500000, 0x0000000091600000|  0%| F|  |TAMS 0x0000000091500000, 0x0000000091500000| Untracked 
| 278|0x0000000091600000, 0x0000000091600000, 0x0000000091700000|  0%| F|  |TAMS 0x0000000091600000, 0x0000000091600000| Untracked 
| 279|0x0000000091700000, 0x0000000091700000, 0x0000000091800000|  0%| F|  |TAMS 0x0000000091700000, 0x0000000091700000| Untracked 
| 280|0x0000000091800000, 0x0000000091800000, 0x0000000091900000|  0%| F|  |TAMS 0x0000000091800000, 0x0000000091800000| Untracked 
| 281|0x0000000091900000, 0x0000000091900000, 0x0000000091a00000|  0%| F|  |TAMS 0x0000000091900000, 0x0000000091900000| Untracked 
| 282|0x0000000091a00000, 0x0000000091a00000, 0x0000000091b00000|  0%| F|  |TAMS 0x0000000091a00000, 0x0000000091a00000| Untracked 
| 283|0x0000000091b00000, 0x0000000091b00000, 0x0000000091c00000|  0%| F|  |TAMS 0x0000000091b00000, 0x0000000091b00000| Untracked 
| 284|0x0000000091c00000, 0x0000000091c00000, 0x0000000091d00000|  0%| F|  |TAMS 0x0000000091c00000, 0x0000000091c00000| Untracked 
| 285|0x0000000091d00000, 0x0000000091d00000, 0x0000000091e00000|  0%| F|  |TAMS 0x0000000091d00000, 0x0000000091d00000| Untracked 
| 286|0x0000000091e00000, 0x0000000091e00000, 0x0000000091f00000|  0%| F|  |TAMS 0x0000000091e00000, 0x0000000091e00000| Untracked 
| 287|0x0000000091f00000, 0x0000000091f00000, 0x0000000092000000|  0%| F|  |TAMS 0x0000000091f00000, 0x0000000091f00000| Untracked 
| 288|0x0000000092000000, 0x0000000092000000, 0x0000000092100000|  0%| F|  |TAMS 0x0000000092000000, 0x0000000092000000| Untracked 
| 289|0x0000000092100000, 0x0000000092100000, 0x0000000092200000|  0%| F|  |TAMS 0x0000000092100000, 0x0000000092100000| Untracked 
| 290|0x0000000092200000, 0x0000000092200000, 0x0000000092300000|  0%| F|  |TAMS 0x0000000092200000, 0x0000000092200000| Untracked 
| 291|0x0000000092300000, 0x0000000092300000, 0x0000000092400000|  0%| F|  |TAMS 0x0000000092300000, 0x0000000092300000| Untracked 
| 292|0x0000000092400000, 0x0000000092400000, 0x0000000092500000|  0%| F|  |TAMS 0x0000000092400000, 0x0000000092400000| Untracked 
| 293|0x0000000092500000, 0x0000000092500000, 0x0000000092600000|  0%| F|  |TAMS 0x0000000092500000, 0x0000000092500000| Untracked 
| 294|0x0000000092600000, 0x0000000092600000, 0x0000000092700000|  0%| F|  |TAMS 0x0000000092600000, 0x0000000092600000| Untracked 
| 295|0x0000000092700000, 0x0000000092700000, 0x0000000092800000|  0%| F|  |TAMS 0x0000000092700000, 0x0000000092700000| Untracked 
| 296|0x0000000092800000, 0x0000000092800000, 0x0000000092900000|  0%| F|  |TAMS 0x0000000092800000, 0x0000000092800000| Untracked 
| 297|0x0000000092900000, 0x0000000092900000, 0x0000000092a00000|  0%| F|  |TAMS 0x0000000092900000, 0x0000000092900000| Untracked 
| 298|0x0000000092a00000, 0x0000000092a00000, 0x0000000092b00000|  0%| F|  |TAMS 0x0000000092a00000, 0x0000000092a00000| Untracked 
| 299|0x0000000092b00000, 0x0000000092b00000, 0x0000000092c00000|  0%| F|  |TAMS 0x0000000092b00000, 0x0000000092b00000| Untracked 
| 300|0x0000000092c00000, 0x0000000092c00000, 0x0000000092d00000|  0%| F|  |TAMS 0x0000000092c00000, 0x0000000092c00000| Untracked 
| 301|0x0000000092d00000, 0x0000000092d00000, 0x0000000092e00000|  0%| F|  |TAMS 0x0000000092d00000, 0x0000000092d00000| Untracked 
| 302|0x0000000092e00000, 0x0000000092e00000, 0x0000000092f00000|  0%| F|  |TAMS 0x0000000092e00000, 0x0000000092e00000| Untracked 
| 303|0x0000000092f00000, 0x0000000092f00000, 0x0000000093000000|  0%| F|  |TAMS 0x0000000092f00000, 0x0000000092f00000| Untracked 
| 304|0x0000000093000000, 0x0000000093000000, 0x0000000093100000|  0%| F|  |TAMS 0x0000000093000000, 0x0000000093000000| Untracked 
| 305|0x0000000093100000, 0x0000000093100000, 0x0000000093200000|  0%| F|  |TAMS 0x0000000093100000, 0x0000000093100000| Untracked 
| 306|0x0000000093200000, 0x0000000093200000, 0x0000000093300000|  0%| F|  |TAMS 0x0000000093200000, 0x0000000093200000| Untracked 
| 307|0x0000000093300000, 0x0000000093300000, 0x0000000093400000|  0%| F|  |TAMS 0x0000000093300000, 0x0000000093300000| Untracked 
| 308|0x0000000093400000, 0x0000000093400000, 0x0000000093500000|  0%| F|  |TAMS 0x0000000093400000, 0x0000000093400000| Untracked 
| 309|0x0000000093500000, 0x0000000093500000, 0x0000000093600000|  0%| F|  |TAMS 0x0000000093500000, 0x0000000093500000| Untracked 
| 310|0x0000000093600000, 0x0000000093600000, 0x0000000093700000|  0%| F|  |TAMS 0x0000000093600000, 0x0000000093600000| Untracked 
| 311|0x0000000093700000, 0x0000000093700000, 0x0000000093800000|  0%| F|  |TAMS 0x0000000093700000, 0x0000000093700000| Untracked 
| 312|0x0000000093800000, 0x0000000093800000, 0x0000000093900000|  0%| F|  |TAMS 0x0000000093800000, 0x0000000093800000| Untracked 
| 313|0x0000000093900000, 0x0000000093900000, 0x0000000093a00000|  0%| F|  |TAMS 0x0000000093900000, 0x0000000093900000| Untracked 
| 314|0x0000000093a00000, 0x0000000093a00000, 0x0000000093b00000|  0%| F|  |TAMS 0x0000000093a00000, 0x0000000093a00000| Untracked 
| 315|0x0000000093b00000, 0x0000000093b00000, 0x0000000093c00000|  0%| F|  |TAMS 0x0000000093b00000, 0x0000000093b00000| Untracked 
| 316|0x0000000093c00000, 0x0000000093c00000, 0x0000000093d00000|  0%| F|  |TAMS 0x0000000093c00000, 0x0000000093c00000| Untracked 
| 317|0x0000000093d00000, 0x0000000093d00000, 0x0000000093e00000|  0%| F|  |TAMS 0x0000000093d00000, 0x0000000093d00000| Untracked 
| 318|0x0000000093e00000, 0x0000000093e00000, 0x0000000093f00000|  0%| F|  |TAMS 0x0000000093e00000, 0x0000000093e00000| Untracked 
| 319|0x0000000093f00000, 0x0000000093f00000, 0x0000000094000000|  0%| F|  |TAMS 0x0000000093f00000, 0x0000000093f00000| Untracked 
| 320|0x0000000094000000, 0x0000000094000000, 0x0000000094100000|  0%| F|  |TAMS 0x0000000094000000, 0x0000000094000000| Untracked 
| 321|0x0000000094100000, 0x0000000094100000, 0x0000000094200000|  0%| F|  |TAMS 0x0000000094100000, 0x0000000094100000| Untracked 
| 322|0x0000000094200000, 0x0000000094200000, 0x0000000094300000|  0%| F|  |TAMS 0x0000000094200000, 0x0000000094200000| Untracked 
| 323|0x0000000094300000, 0x0000000094300000, 0x0000000094400000|  0%| F|  |TAMS 0x0000000094300000, 0x0000000094300000| Untracked 
| 324|0x0000000094400000, 0x0000000094400000, 0x0000000094500000|  0%| F|  |TAMS 0x0000000094400000, 0x0000000094400000| Untracked 
| 325|0x0000000094500000, 0x0000000094500000, 0x0000000094600000|  0%| F|  |TAMS 0x0000000094500000, 0x0000000094500000| Untracked 
| 326|0x0000000094600000, 0x0000000094600000, 0x0000000094700000|  0%| F|  |TAMS 0x0000000094600000, 0x0000000094600000| Untracked 
| 327|0x0000000094700000, 0x0000000094700000, 0x0000000094800000|  0%| F|  |TAMS 0x0000000094700000, 0x0000000094700000| Untracked 
| 328|0x0000000094800000, 0x0000000094800000, 0x0000000094900000|  0%| F|  |TAMS 0x0000000094800000, 0x0000000094800000| Untracked 
| 329|0x0000000094900000, 0x0000000094900000, 0x0000000094a00000|  0%| F|  |TAMS 0x0000000094900000, 0x0000000094900000| Untracked 
| 330|0x0000000094a00000, 0x0000000094a00000, 0x0000000094b00000|  0%| F|  |TAMS 0x0000000094a00000, 0x0000000094a00000| Untracked 
| 331|0x0000000094b00000, 0x0000000094b00000, 0x0000000094c00000|  0%| F|  |TAMS 0x0000000094b00000, 0x0000000094b00000| Untracked 
| 332|0x0000000094c00000, 0x0000000094c00000, 0x0000000094d00000|  0%| F|  |TAMS 0x0000000094c00000, 0x0000000094c00000| Untracked 
| 333|0x0000000094d00000, 0x0000000094d00000, 0x0000000094e00000|  0%| F|  |TAMS 0x0000000094d00000, 0x0000000094d00000| Untracked 
| 334|0x0000000094e00000, 0x0000000094f00000, 0x0000000094f00000|100%| S|CS|TAMS 0x0000000094e00000, 0x0000000094e00000| Complete 
| 335|0x0000000094f00000, 0x0000000095000000, 0x0000000095000000|100%| S|CS|TAMS 0x0000000094f00000, 0x0000000094f00000| Complete 
| 336|0x0000000095000000, 0x0000000095100000, 0x0000000095100000|100%| S|CS|TAMS 0x0000000095000000, 0x0000000095000000| Complete 
| 337|0x0000000095100000, 0x0000000095100000, 0x0000000095200000|  0%| F|  |TAMS 0x0000000095100000, 0x0000000095100000| Untracked 
| 338|0x0000000095200000, 0x0000000095200000, 0x0000000095300000|  0%| F|  |TAMS 0x0000000095200000, 0x0000000095200000| Untracked 
| 339|0x0000000095300000, 0x0000000095300000, 0x0000000095400000|  0%| F|  |TAMS 0x0000000095300000, 0x0000000095300000| Untracked 
| 340|0x0000000095400000, 0x0000000095400000, 0x0000000095500000|  0%| F|  |TAMS 0x0000000095400000, 0x0000000095400000| Untracked 
| 341|0x0000000095500000, 0x0000000095500000, 0x0000000095600000|  0%| F|  |TAMS 0x0000000095500000, 0x0000000095500000| Untracked 
| 342|0x0000000095600000, 0x0000000095600000, 0x0000000095700000|  0%| F|  |TAMS 0x0000000095600000, 0x0000000095600000| Untracked 
| 343|0x0000000095700000, 0x0000000095700000, 0x0000000095800000|  0%| F|  |TAMS 0x0000000095700000, 0x0000000095700000| Untracked 
| 344|0x0000000095800000, 0x0000000095800000, 0x0000000095900000|  0%| F|  |TAMS 0x0000000095800000, 0x0000000095800000| Untracked 
| 345|0x0000000095900000, 0x0000000095900000, 0x0000000095a00000|  0%| F|  |TAMS 0x0000000095900000, 0x0000000095900000| Untracked 
| 346|0x0000000095a00000, 0x0000000095a00000, 0x0000000095b00000|  0%| F|  |TAMS 0x0000000095a00000, 0x0000000095a00000| Untracked 
| 347|0x0000000095b00000, 0x0000000095b00000, 0x0000000095c00000|  0%| F|  |TAMS 0x0000000095b00000, 0x0000000095b00000| Untracked 
| 348|0x0000000095c00000, 0x0000000095c00000, 0x0000000095d00000|  0%| F|  |TAMS 0x0000000095c00000, 0x0000000095c00000| Untracked 
| 349|0x0000000095d00000, 0x0000000095d00000, 0x0000000095e00000|  0%| F|  |TAMS 0x0000000095d00000, 0x0000000095d00000| Untracked 
| 350|0x0000000095e00000, 0x0000000095e00000, 0x0000000095f00000|  0%| F|  |TAMS 0x0000000095e00000, 0x0000000095e00000| Untracked 
| 351|0x0000000095f00000, 0x0000000095f00000, 0x0000000096000000|  0%| F|  |TAMS 0x0000000095f00000, 0x0000000095f00000| Untracked 

Card table byte_map: [0x000002c596b50000,0x000002c596f50000] _byte_map_base: 0x000002c596750000

Marking Bits (Prev, Next): (CMBitMap*) 0x000002c5821e7288, (CMBitMap*) 0x000002c5821e72c0
 Prev Bits: [0x000002c597350000, 0x000002c599350000)
 Next Bits: [0x000002c599350000, 0x000002c59b350000)

Polling page: 0x000002c581f70000

Metaspace:

Usage:
  Non-class:    102.80 MB capacity,   100.87 MB ( 98%) used,     1.64 MB (  2%) free+waste,   301.50 KB ( <1%) overhead. 
      Class:     14.54 MB capacity,    13.61 MB ( 94%) used,   821.34 KB (  6%) free+waste,   129.13 KB ( <1%) overhead. 
       Both:    117.33 MB capacity,   114.48 MB ( 98%) used,     2.44 MB (  2%) free+waste,   430.63 KB ( <1%) overhead. 

Virtual space:
  Non-class space:      104.00 MB reserved,     103.00 MB (>99%) committed 
      Class space:        1.00 GB reserved,      14.63 MB (  1%) committed 
             Both:        1.10 GB reserved,     117.63 MB ( 10%) committed 

Chunk freelists:
   Non-Class:  16.00 KB
       Class:  0 bytes
        Both:  16.00 KB

MaxMetaspaceSize: 17179869184.00 GB
CompressedClassSpaceSize: 1.00 GB

CodeHeap 'non-profiled nmethods': size=120064Kb used=10937Kb max_used=10937Kb free=109126Kb
 bounds [0x000002c58ee10000, 0x000002c58f8c0000, 0x000002c596350000]
CodeHeap 'profiled nmethods': size=120000Kb used=42478Kb max_used=42478Kb free=77521Kb
 bounds [0x000002c5878e0000, 0x000002c58a280000, 0x000002c58ee10000]
CodeHeap 'non-nmethods': size=5696Kb used=2374Kb max_used=2420Kb free=3321Kb
 bounds [0x000002c587350000, 0x000002c5875c0000, 0x000002c5878e0000]
 total_blobs=19520 nmethods=18483 adapters=947
 compilation: enabled
              stopped_count=0, restarted_count=0
 full_count=0

Compilation events (20 events):
Event: 1175.297 Thread 0x000002c59e068000 20883 %     3       com.android.tools.r8.graph.DexTypeList::compareTo @ 2 (90 bytes)
Event: 1175.298 Thread 0x000002c59e068000 nmethod 20883% 0x000002c58a273510 code [0x000002c58a273720, 0x000002c58a273d18]
Event: 1175.298 Thread 0x000002c59e068000 20884       3       com.android.tools.r8.graph.DexTypeList::compareTo (90 bytes)
Event: 1175.299 Thread 0x000002c59e068000 nmethod 20884 0x000002c58a274010 code [0x000002c58a274220, 0x000002c58a2747b8]
Event: 1175.476 Thread 0x000002c59e068000 20885 %     3       com.android.tools.r8.graph.DexValue$DexValueArray::sort @ 10 (32 bytes)
Event: 1175.477 Thread 0x000002c59e068000 nmethod 20885% 0x000002c58a274a90 code [0x000002c58a274c60, 0x000002c58a274f68]
Event: 1175.477 Thread 0x000002c59e068000 20886       3       com.android.tools.r8.graph.DexValue$DexValueArray::sort (32 bytes)
Event: 1175.478 Thread 0x000002c59e068000 nmethod 20886 0x000002c58a275110 code [0x000002c58a2752e0, 0x000002c58a275568]
Event: 1175.490 Thread 0x000002c59e068000 20888       2       com.android.tools.r8.graph.DexValue$DexValueEnum::sort (5 bytes)
Event: 1175.491 Thread 0x000002c59e068000 nmethod 20888 0x000002c58a275690 code [0x000002c58a275840, 0x000002c58a275938]
Event: 1175.500 Thread 0x000002c59e068000 20890 %     3       com.android.tools.r8.graph.DexEncodedAnnotation::sort @ 55 (88 bytes)
Event: 1175.501 Thread 0x000002c59e068000 nmethod 20890% 0x000002c58a275a10 code [0x000002c58a275c40, 0x000002c58a276378]
Event: 1175.502 Thread 0x000002c59e068000 20891       3       com.android.tools.r8.graph.DexEncodedAnnotation::sort (88 bytes)
Event: 1175.503 Thread 0x000002c59e068000 nmethod 20891 0x000002c58a276690 code [0x000002c58a2768c0, 0x000002c58a276f38]
Event: 1175.507 Thread 0x000002c59e068000 20892 %     3       com.android.tools.r8.graph.DexAnnotationSet::sort @ 55 (88 bytes)
Event: 1175.509 Thread 0x000002c59e068000 nmethod 20892% 0x000002c58a277210 code [0x000002c58a277440, 0x000002c58a277a88]
Event: 1175.509 Thread 0x000002c59e068000 20893       3       com.android.tools.r8.graph.DexAnnotationSet::sort (88 bytes)
Event: 1175.511 Thread 0x000002c59e068000 nmethod 20893 0x000002c58a277d10 code [0x000002c58a277f20, 0x000002c58a2784a8]
Event: 1175.532 Thread 0x000002c59e062800 nmethod 20828 0x000002c58f8ac810 code [0x000002c58f8ae6a0, 0x000002c58f8b7ca8]
Event: 1175.534 Thread 0x000002c59e062800 20849       4       com.android.tools.r8.dex.DexParser::parseCodeItem (479 bytes)

GC Heap History (20 events):
Event: 1166.300 GC heap after
{Heap after GC invocations=121 (full 0):
 garbage-first heap   total 300032K, used 171264K [0x0000000080000000, 0x0000000100000000)
  region size 1024K, 2 young (2048K), 2 survivors (2048K)
 Metaspace       used 117074K, capacity 119997K, committed 120192K, reserved 1155072K
  class space    used 13929K, capacity 14881K, committed 14976K, reserved 1048576K
}
Event: 1166.469 GC heap before
{Heap before GC invocations=121 (full 0):
 garbage-first heap   total 300032K, used 191744K [0x0000000080000000, 0x0000000100000000)
  region size 1024K, 21 young (21504K), 2 survivors (2048K)
 Metaspace       used 117081K, capacity 119998K, committed 120192K, reserved 1155072K
  class space    used 13929K, capacity 14881K, committed 14976K, reserved 1048576K
}
Event: 1166.487 GC heap after
{Heap after GC invocations=122 (full 0):
 garbage-first heap   total 300032K, used 175104K [0x0000000080000000, 0x0000000100000000)
  region size 1024K, 3 young (3072K), 3 survivors (3072K)
 Metaspace       used 117081K, capacity 119998K, committed 120192K, reserved 1155072K
  class space    used 13929K, capacity 14881K, committed 14976K, reserved 1048576K
}
Event: 1167.448 GC heap before
{Heap before GC invocations=122 (full 0):
 garbage-first heap   total 300032K, used 220160K [0x0000000080000000, 0x0000000100000000)
  region size 1024K, 40 young (40960K), 3 survivors (3072K)
 Metaspace       used 117123K, capacity 120064K, committed 120192K, reserved 1155072K
  class space    used 13929K, capacity 14881K, committed 14976K, reserved 1048576K
}
Event: 1167.471 GC heap after
{Heap after GC invocations=123 (full 0):
 garbage-first heap   total 300032K, used 182584K [0x0000000080000000, 0x0000000100000000)
  region size 1024K, 5 young (5120K), 5 survivors (5120K)
 Metaspace       used 117123K, capacity 120064K, committed 120192K, reserved 1155072K
  class space    used 13929K, capacity 14881K, committed 14976K, reserved 1048576K
}
Event: 1171.891 GC heap before
{Heap before GC invocations=123 (full 0):
 garbage-first heap   total 300032K, used 189752K [0x0000000080000000, 0x0000000100000000)
  region size 1024K, 13 young (13312K), 5 survivors (5120K)
 Metaspace       used 117167K, capacity 120083K, committed 120192K, reserved 1155072K
  class space    used 13935K, capacity 14886K, committed 14976K, reserved 1048576K
}
Event: 1171.913 GC heap after
{Heap after GC invocations=124 (full 0):
 garbage-first heap   total 300032K, used 178034K [0x0000000080000000, 0x0000000100000000)
  region size 1024K, 5 young (5120K), 5 survivors (5120K)
 Metaspace       used 117167K, capacity 120083K, committed 120192K, reserved 1155072K
  class space    used 13935K, capacity 14886K, committed 14976K, reserved 1048576K
}
Event: 1172.219 GC heap before
{Heap before GC invocations=124 (full 0):
 garbage-first heap   total 300032K, used 201586K [0x0000000080000000, 0x0000000100000000)
  region size 1024K, 14 young (14336K), 5 survivors (5120K)
 Metaspace       used 117187K, capacity 120147K, committed 120448K, reserved 1155072K
  class space    used 13935K, capacity 14886K, committed 14976K, reserved 1048576K
}
Event: 1172.240 GC heap after
{Heap after GC invocations=125 (full 0):
 garbage-first heap   total 300032K, used 191660K [0x0000000080000000, 0x0000000100000000)
  region size 1024K, 2 young (2048K), 2 survivors (2048K)
 Metaspace       used 117187K, capacity 120147K, committed 120448K, reserved 1155072K
  class space    used 13935K, capacity 14886K, committed 14976K, reserved 1048576K
}
Event: 1172.349 GC heap before
{Heap before GC invocations=125 (full 0):
 garbage-first heap   total 300032K, used 203948K [0x0000000080000000, 0x0000000100000000)
  region size 1024K, 14 young (14336K), 2 survivors (2048K)
 Metaspace       used 117194K, capacity 120147K, committed 120448K, reserved 1155072K
  class space    used 13935K, capacity 14886K, committed 14976K, reserved 1048576K
}
Event: 1172.390 GC heap after
{Heap after GC invocations=126 (full 0):
 garbage-first heap   total 360448K, used 195584K [0x0000000080000000, 0x0000000100000000)
  region size 1024K, 2 young (2048K), 2 survivors (2048K)
 Metaspace       used 117194K, capacity 120147K, committed 120448K, reserved 1155072K
  class space    used 13935K, capacity 14886K, committed 14976K, reserved 1048576K
}
Event: 1172.625 GC heap before
{Heap before GC invocations=126 (full 0):
 garbage-first heap   total 360448K, used 186368K [0x0000000080000000, 0x0000000100000000)
  region size 1024K, 17 young (17408K), 2 survivors (2048K)
 Metaspace       used 117194K, capacity 120147K, committed 120448K, reserved 1155072K
  class space    used 13935K, capacity 14886K, committed 14976K, reserved 1048576K
}
Event: 1172.705 GC heap after
{Heap after GC invocations=127 (full 0):
 garbage-first heap   total 360448K, used 180600K [0x0000000080000000, 0x0000000100000000)
  region size 1024K, 3 young (3072K), 3 survivors (3072K)
 Metaspace       used 117194K, capacity 120147K, committed 120448K, reserved 1155072K
  class space    used 13935K, capacity 14886K, committed 14976K, reserved 1048576K
}
Event: 1173.419 GC heap before
{Heap before GC invocations=128 (full 0):
 garbage-first heap   total 360448K, used 194936K [0x0000000080000000, 0x0000000100000000)
  region size 1024K, 17 young (17408K), 3 survivors (3072K)
 Metaspace       used 117210K, capacity 120150K, committed 120448K, reserved 1155072K
  class space    used 13935K, capacity 14886K, committed 14976K, reserved 1048576K
}
Event: 1173.545 GC heap after
{Heap after GC invocations=129 (full 0):
 garbage-first heap   total 360448K, used 189952K [0x0000000080000000, 0x0000000100000000)
  region size 1024K, 3 young (3072K), 3 survivors (3072K)
 Metaspace       used 117210K, capacity 120150K, committed 120448K, reserved 1155072K
  class space    used 13935K, capacity 14886K, committed 14976K, reserved 1048576K
}
Event: 1173.932 GC heap before
{Heap before GC invocations=129 (full 0):
 garbage-first heap   total 360448K, used 204288K [0x0000000080000000, 0x0000000100000000)
  region size 1024K, 17 young (17408K), 3 survivors (3072K)
 Metaspace       used 117211K, capacity 120150K, committed 120448K, reserved 1155072K
  class space    used 13935K, capacity 14886K, committed 14976K, reserved 1048576K
}
Event: 1174.028 GC heap after
{Heap after GC invocations=130 (full 0):
 garbage-first heap   total 360448K, used 187904K [0x0000000080000000, 0x0000000100000000)
  region size 1024K, 3 young (3072K), 3 survivors (3072K)
 Metaspace       used 117211K, capacity 120150K, committed 120448K, reserved 1155072K
  class space    used 13935K, capacity 14886K, committed 14976K, reserved 1048576K
}
Event: 1174.376 GC heap before
{Heap before GC invocations=130 (full 0):
 garbage-first heap   total 360448K, used 201216K [0x0000000080000000, 0x0000000100000000)
  region size 1024K, 17 young (17408K), 3 survivors (3072K)
 Metaspace       used 117211K, capacity 120150K, committed 120448K, reserved 1155072K
  class space    used 13935K, capacity 14886K, committed 14976K, reserved 1048576K
}
Event: 1174.502 GC heap after
{Heap after GC invocations=131 (full 0):
 garbage-first heap   total 360448K, used 188416K [0x0000000080000000, 0x0000000100000000)
  region size 1024K, 3 young (3072K), 3 survivors (3072K)
 Metaspace       used 117211K, capacity 120150K, committed 120448K, reserved 1155072K
  class space    used 13935K, capacity 14886K, committed 14976K, reserved 1048576K
}
Event: 1175.544 GC heap before
{Heap before GC invocations=131 (full 0):
 garbage-first heap   total 360448K, used 201728K [0x0000000080000000, 0x0000000100000000)
  region size 1024K, 17 young (17408K), 3 survivors (3072K)
 Metaspace       used 117223K, capacity 120150K, committed 120448K, reserved 1155072K
  class space    used 13935K, capacity 14886K, committed 14976K, reserved 1048576K
}

Deoptimization events (20 events):
Event: 1175.405 Thread 0x000002c5a23e9000 DEOPT PACKING pc=0x000002c587c61161 sp=0x000000cf1ecfe480
Event: 1175.406 Thread 0x000002c5a23e9000 DEOPT UNPACKING pc=0x000002c5873766bf sp=0x000000cf1ecfd970 mode 0
Event: 1175.419 Thread 0x000002c5a23e9000 DEOPT PACKING pc=0x000002c587c61161 sp=0x000000cf1ecfe480
Event: 1175.419 Thread 0x000002c5a23e9000 DEOPT UNPACKING pc=0x000002c5873766bf sp=0x000000cf1ecfd970 mode 0
Event: 1175.427 Thread 0x000002c5a23e9000 DEOPT PACKING pc=0x000002c587c61161 sp=0x000000cf1ecfe480
Event: 1175.427 Thread 0x000002c5a23e9000 DEOPT UNPACKING pc=0x000002c5873766bf sp=0x000000cf1ecfd970 mode 0
Event: 1175.432 Thread 0x000002c5a23e9000 DEOPT PACKING pc=0x000002c587c61161 sp=0x000000cf1ecfe480
Event: 1175.432 Thread 0x000002c5a23e9000 DEOPT UNPACKING pc=0x000002c5873766bf sp=0x000000cf1ecfd970 mode 0
Event: 1175.437 Thread 0x000002c5a23e9000 DEOPT PACKING pc=0x000002c587c61161 sp=0x000000cf1ecfe480
Event: 1175.437 Thread 0x000002c5a23e9000 DEOPT UNPACKING pc=0x000002c5873766bf sp=0x000000cf1ecfd970 mode 0
Event: 1175.440 Thread 0x000002c5a23e9000 DEOPT PACKING pc=0x000002c587c61161 sp=0x000000cf1ecfe480
Event: 1175.440 Thread 0x000002c5a23e9000 DEOPT UNPACKING pc=0x000002c5873766bf sp=0x000000cf1ecfd970 mode 0
Event: 1175.449 Thread 0x000002c5a23e9000 DEOPT PACKING pc=0x000002c587c61161 sp=0x000000cf1ecfe480
Event: 1175.449 Thread 0x000002c5a23e9000 DEOPT UNPACKING pc=0x000002c5873766bf sp=0x000000cf1ecfd970 mode 0
Event: 1175.478 Thread 0x000002c5a23e9000 DEOPT PACKING pc=0x000002c589ef3255 sp=0x000000cf1ecfe410
Event: 1175.478 Thread 0x000002c5a23e9000 DEOPT UNPACKING pc=0x000002c5873766bf sp=0x000000cf1ecfd8a0 mode 0
Event: 1175.503 Thread 0x000002c5a23e9000 DEOPT PACKING pc=0x000002c589eef9bf sp=0x000000cf1ecfe5c0
Event: 1175.503 Thread 0x000002c5a23e9000 DEOPT UNPACKING pc=0x000002c5873766bf sp=0x000000cf1ecfda80 mode 0
Event: 1175.511 Thread 0x000002c5a23e9000 DEOPT PACKING pc=0x000002c589ef108a sp=0x000000cf1ecfe640
Event: 1175.511 Thread 0x000002c5a23e9000 DEOPT UNPACKING pc=0x000002c5873766bf sp=0x000000cf1ecfdaf0 mode 0

Classes redefined (0 events):
No events

Internal exceptions (20 events):
Event: 1157.417 Thread 0x000002c5a23e9800 Exception <a 'sun/nio/fs/WindowsException'{0x000000008dbccd48}> (0x000000008dbccd48) thrown at [./src/hotspot/share/prims/jni.cpp, line 615]
Event: 1157.424 Thread 0x000002c5a23e9800 Exception <a 'sun/nio/fs/WindowsException'{0x000000008dbd1958}> (0x000000008dbd1958) thrown at [./src/hotspot/share/prims/jni.cpp, line 615]
Event: 1157.435 Thread 0x000002c5a23e9800 Exception <a 'sun/nio/fs/WindowsException'{0x000000008dbdbf50}> (0x000000008dbdbf50) thrown at [./src/hotspot/share/prims/jni.cpp, line 615]
Event: 1157.448 Thread 0x000002c5a23e9800 Exception <a 'sun/nio/fs/WindowsException'{0x000000008dbe3850}> (0x000000008dbe3850) thrown at [./src/hotspot/share/prims/jni.cpp, line 615]
Event: 1157.456 Thread 0x000002c5a23e9800 Exception <a 'sun/nio/fs/WindowsException'{0x000000008dbe88b8}> (0x000000008dbe88b8) thrown at [./src/hotspot/share/prims/jni.cpp, line 615]
Event: 1157.465 Thread 0x000002c5a23e9800 Exception <a 'sun/nio/fs/WindowsException'{0x000000008dbeeb40}> (0x000000008dbeeb40) thrown at [./src/hotspot/share/prims/jni.cpp, line 615]
Event: 1157.472 Thread 0x000002c5a23e9800 Exception <a 'sun/nio/fs/WindowsException'{0x000000008dbf3f50}> (0x000000008dbf3f50) thrown at [./src/hotspot/share/prims/jni.cpp, line 615]
Event: 1157.484 Thread 0x000002c5a23e9800 Exception <a 'sun/nio/fs/WindowsException'{0x000000008dbf8a70}> (0x000000008dbf8a70) thrown at [./src/hotspot/share/prims/jni.cpp, line 615]
Event: 1157.498 Thread 0x000002c5a23e9800 Exception <a 'sun/nio/fs/WindowsException'{0x000000008dbfee98}> (0x000000008dbfee98) thrown at [./src/hotspot/share/prims/jni.cpp, line 615]
Event: 1157.507 Thread 0x000002c5a23e9800 Exception <a 'sun/nio/fs/WindowsException'{0x000000008d7c55b0}> (0x000000008d7c55b0) thrown at [./src/hotspot/share/prims/jni.cpp, line 615]
Event: 1157.515 Thread 0x000002c5a23e9800 Exception <a 'sun/nio/fs/WindowsException'{0x000000008d7ca7f8}> (0x000000008d7ca7f8) thrown at [./src/hotspot/share/prims/jni.cpp, line 615]
Event: 1157.524 Thread 0x000002c5a23e9800 Exception <a 'sun/nio/fs/WindowsException'{0x000000008d7d0910}> (0x000000008d7d0910) thrown at [./src/hotspot/share/prims/jni.cpp, line 615]
Event: 1157.541 Thread 0x000002c5a23e9800 Exception <a 'sun/nio/fs/WindowsException'{0x000000008d7db4f8}> (0x000000008d7db4f8) thrown at [./src/hotspot/share/prims/jni.cpp, line 615]
Event: 1157.553 Thread 0x000002c5a23e9800 Exception <a 'sun/nio/fs/WindowsException'{0x000000008d7e13c8}> (0x000000008d7e13c8) thrown at [./src/hotspot/share/prims/jni.cpp, line 615]
Event: 1157.571 Thread 0x000002c5a23e9800 Exception <a 'sun/nio/fs/WindowsException'{0x000000008d7f10a0}> (0x000000008d7f10a0) thrown at [./src/hotspot/share/prims/jni.cpp, line 615]
Event: 1157.584 Thread 0x000002c5a23e9800 Exception <a 'sun/nio/fs/WindowsException'{0x000000008d7f5c28}> (0x000000008d7f5c28) thrown at [./src/hotspot/share/prims/jni.cpp, line 615]
Event: 1161.217 Thread 0x000002c59f9be800 Exception <a 'sun/nio/fs/WindowsException'{0x000000008c4bdf40}> (0x000000008c4bdf40) thrown at [./src/hotspot/share/prims/jni.cpp, line 615]
Event: 1162.245 Thread 0x000002c5a23e9000 Implicit null exception at 0x000002c58ef9fbaf to 0x000002c58ef9fca0
Event: 1167.473 Thread 0x000002c5a23e9000 Exception <a 'sun/nio/fs/WindowsException'{0x0000000092425548}> (0x0000000092425548) thrown at [./src/hotspot/share/prims/jni.cpp, line 615]
Event: 1172.058 Thread 0x000002c5a23e9000 Exception <a 'sun/nio/fs/WindowsException'{0x00000000924018b8}> (0x00000000924018b8) thrown at [./src/hotspot/share/prims/jni.cpp, line 615]

Events (20 events):
Event: 1172.922 loading class com/android/tools/r8/graph/DexValue$1 done
Event: 1172.925 Executing VM operation: RevokeBias
Event: 1172.925 Executing VM operation: RevokeBias done
Event: 1172.925 Executing VM operation: RevokeBias
Event: 1172.926 Executing VM operation: RevokeBias done
Event: 1172.926 Executing VM operation: BulkRevokeBias
Event: 1172.928 Executing VM operation: BulkRevokeBias done
Event: 1172.929 Executing VM operation: RevokeBias
Event: 1172.930 Executing VM operation: RevokeBias done
Event: 1173.419 Executing VM operation: G1CollectForAllocation
Event: 1173.545 Executing VM operation: G1CollectForAllocation done
Event: 1173.932 Executing VM operation: G1CollectForAllocation
Event: 1174.028 Executing VM operation: G1CollectForAllocation done
Event: 1174.375 Executing VM operation: G1CollectForAllocation
Event: 1174.502 Executing VM operation: G1CollectForAllocation done
Event: 1174.701 Executing VM operation: RevokeBias
Event: 1174.705 Executing VM operation: RevokeBias done
Event: 1174.882 Executing VM operation: RevokeBias
Event: 1174.883 Executing VM operation: RevokeBias done
Event: 1175.543 Executing VM operation: G1CollectForAllocation


Dynamic libraries:
0x00007ff7a1c00000 - 0x00007ff7a1c0a000 	D:\waseem\4. ELECTIVES MOBILE APP\Android Studio\jre\bin\java.exe
0x00007ffdc4040000 - 0x00007ffdc421b000 	C:\WINDOWS\SYSTEM32\ntdll.dll
0x00007ffdc16f0000 - 0x00007ffdc179e000 	C:\WINDOWS\System32\KERNEL32.DLL
0x00007ffdc0820000 - 0x00007ffdc0a6a000 	C:\WINDOWS\System32\KERNELBASE.dll
0x00007ffdc0620000 - 0x00007ffdc0716000 	C:\WINDOWS\System32\ucrtbase.dll
0x00007ffdb8370000 - 0x00007ffdb8389000 	D:\waseem\4. ELECTIVES MOBILE APP\Android Studio\jre\bin\jli.dll
0x00007ffdc2de0000 - 0x00007ffdc2f2a000 	C:\WINDOWS\System32\USER32.dll
0x00007ffdc0560000 - 0x00007ffdc057e000 	C:\WINDOWS\System32\win32u.dll
0x00007ffdc1820000 - 0x00007ffdc1847000 	C:\WINDOWS\System32\GDI32.dll
0x00007ffdc1170000 - 0x00007ffdc12f8000 	C:\WINDOWS\System32\gdi32full.dll
0x00007ffdc0580000 - 0x00007ffdc061a000 	C:\WINDOWS\System32\msvcp_win.dll
0x00007ffdb4660000 - 0x00007ffdb48c7000 	C:\WINDOWS\WinSxS\amd64_microsoft.windows.common-controls_6595b64144ccf1df_6.0.15063.1155_none_40c7922129a7722b\COMCTL32.dll
0x00007ffdc2ca0000 - 0x00007ffdc2d3d000 	C:\WINDOWS\System32\msvcrt.dll
0x00007ffdc33b0000 - 0x00007ffdc36a9000 	C:\WINDOWS\System32\combase.dll
0x00007ffdc3a10000 - 0x00007ffdc3b35000 	C:\WINDOWS\System32\RPCRT4.dll
0x00007ffdc1300000 - 0x00007ffdc136a000 	C:\WINDOWS\System32\bcryptPrimitives.dll
0x00007ffdb4cf0000 - 0x00007ffdb4d07000 	D:\waseem\4. ELECTIVES MOBILE APP\Android Studio\jre\bin\VCRUNTIME140.dll
0x00007ffdc2ff0000 - 0x00007ffdc301d000 	C:\WINDOWS\System32\IMM32.DLL
0x00007ffdb2ee0000 - 0x00007ffdb2f7d000 	D:\waseem\4. ELECTIVES MOBILE APP\Android Studio\jre\bin\msvcp140.dll
0x00007ffd94fb0000 - 0x00007ffd95a6c000 	D:\waseem\4. ELECTIVES MOBILE APP\Android Studio\jre\bin\server\jvm.dll
0x00007ffdc36b0000 - 0x00007ffdc3751000 	C:\WINDOWS\System32\ADVAPI32.dll
0x00007ffdc3350000 - 0x00007ffdc33a9000 	C:\WINDOWS\System32\sechost.dll
0x00007ffdc32d0000 - 0x00007ffdc32d8000 	C:\WINDOWS\System32\PSAPI.DLL
0x00007ffdba540000 - 0x00007ffdba549000 	C:\WINDOWS\SYSTEM32\WSOCK32.dll
0x00007ffdbeac0000 - 0x00007ffdbeae3000 	C:\WINDOWS\SYSTEM32\WINMM.dll
0x00007ffdc3240000 - 0x00007ffdc32ac000 	C:\WINDOWS\System32\WS2_32.dll
0x00007ffdb4970000 - 0x00007ffdb497a000 	C:\WINDOWS\SYSTEM32\VERSION.dll
0x00007ffdbea30000 - 0x00007ffdbea5b000 	C:\WINDOWS\SYSTEM32\WINMMBASE.dll
0x00007ffdc07d0000 - 0x00007ffdc0819000 	C:\WINDOWS\System32\cfgmgr32.dll
0x00007ffdc0520000 - 0x00007ffdc0531000 	C:\WINDOWS\System32\kernel.appcore.dll
0x00007ffd9ad80000 - 0x00007ffd9ad91000 	D:\waseem\4. ELECTIVES MOBILE APP\Android Studio\jre\bin\verify.dll
0x00007ffdbc420000 - 0x00007ffdbc5c9000 	C:\WINDOWS\SYSTEM32\DBGHELP.DLL
0x00007ffdaed90000 - 0x00007ffdaedb9000 	C:\WINDOWS\SYSTEM32\dbgcore.DLL
0x00007ffd9ad50000 - 0x00007ffd9ad79000 	D:\waseem\4. ELECTIVES MOBILE APP\Android Studio\jre\bin\java.dll
0x00007ffd9ad40000 - 0x00007ffd9ad4b000 	D:\waseem\4. ELECTIVES MOBILE APP\Android Studio\jre\bin\jimage.dll
0x00007ffd9ad20000 - 0x00007ffd9ad38000 	D:\waseem\4. ELECTIVES MOBILE APP\Android Studio\jre\bin\zip.dll
0x00007ffdc1850000 - 0x00007ffdc2c88000 	C:\WINDOWS\System32\SHELL32.dll
0x00007ffdc3020000 - 0x00007ffdc30ca000 	C:\WINDOWS\System32\shcore.dll
0x00007ffdc0a70000 - 0x00007ffdc1161000 	C:\WINDOWS\System32\windows.storage.dll
0x00007ffdc32e0000 - 0x00007ffdc3331000 	C:\WINDOWS\System32\shlwapi.dll
0x00007ffdc04d0000 - 0x00007ffdc051c000 	C:\WINDOWS\System32\powrprof.dll
0x00007ffdc04b0000 - 0x00007ffdc04c5000 	C:\WINDOWS\System32\profapi.dll
0x00007ffd9ad00000 - 0x00007ffd9ad1a000 	D:\waseem\4. ELECTIVES MOBILE APP\Android Studio\jre\bin\net.dll
0x00007ffdb0300000 - 0x00007ffdb03d6000 	C:\WINDOWS\SYSTEM32\WINHTTP.dll
0x00007ffdbfd60000 - 0x00007ffdbfdbc000 	C:\WINDOWS\system32\mswsock.dll
0x00007ffd97690000 - 0x00007ffd976a4000 	D:\waseem\4. ELECTIVES MOBILE APP\Android Studio\jre\bin\nio.dll
0x00007ffdb2f80000 - 0x00007ffdb2f9e000 	C:\Users\wasee\.gradle\native\25\windows-amd64\native-platform.dll
0x00007ffd96c00000 - 0x00007ffd96c0a000 	D:\waseem\4. ELECTIVES MOBILE APP\Android Studio\jre\bin\management.dll
0x00007ffd96830000 - 0x00007ffd9683c000 	D:\waseem\4. ELECTIVES MOBILE APP\Android Studio\jre\bin\management_ext.dll
0x00007ffdbff00000 - 0x00007ffdbff17000 	C:\WINDOWS\SYSTEM32\CRYPTSP.dll
0x00007ffdbf970000 - 0x00007ffdbf9a4000 	C:\WINDOWS\system32\rsaenh.dll
0x00007ffdc0380000 - 0x00007ffdc03a5000 	C:\WINDOWS\SYSTEM32\bcrypt.dll
0x00007ffdc03b0000 - 0x00007ffdc03d9000 	C:\WINDOWS\SYSTEM32\USERENV.dll
0x00007ffdc0370000 - 0x00007ffdc037b000 	C:\WINDOWS\SYSTEM32\CRYPTBASE.dll
0x00007ffdbfb00000 - 0x00007ffdbfb37000 	C:\WINDOWS\SYSTEM32\IPHLPAPI.DLL
0x00007ffdc3340000 - 0x00007ffdc3348000 	C:\WINDOWS\System32\NSI.dll
0x00007ffdb59a0000 - 0x00007ffdb59b6000 	C:\WINDOWS\SYSTEM32\dhcpcsvc6.DLL
0x00007ffdb5d60000 - 0x00007ffdb5d7a000 	C:\WINDOWS\SYSTEM32\dhcpcsvc.DLL
0x00007ffd94e00000 - 0x00007ffd94fa2000 	D:\waseem\4. ELECTIVES MOBILE APP\Android Studio\jre\bin\awt.dll
0x00007ffdc2f30000 - 0x00007ffdc2ff0000 	C:\WINDOWS\System32\OLEAUT32.dll
0x00007ffdbde10000 - 0x00007ffdbde3a000 	C:\WINDOWS\SYSTEM32\dwmapi.dll
0x00007ffdbec40000 - 0x00007ffdbecbe000 	C:\WINDOWS\SYSTEM32\apphelp.dll
0x00007ffdbeda0000 - 0x00007ffdbee35000 	C:\WINDOWS\system32\uxtheme.dll

dbghelp: loaded successfully - version: 4.0.5 - missing functions: none
symbol engine: initialized successfully - sym options: 0x614 - pdb path: .;D:\waseem\4. ELECTIVES MOBILE APP\Android Studio\jre\bin;C:\WINDOWS\SYSTEM32;C:\WINDOWS\WinSxS\amd64_microsoft.windows.common-controls_6595b64144ccf1df_6.0.15063.1155_none_40c7922129a7722b;D:\waseem\4. ELECTIVES MOBILE APP\Android Studio\jre\bin\server;C:\Users\wasee\.gradle\native\25\windows-amd64

VM Arguments:
jvm_args: --add-opens=java.base/java.util=ALL-UNNAMED --add-opens=java.base/java.lang=ALL-UNNAMED --add-opens=java.base/java.lang.invoke=ALL-UNNAMED --add-opens=java.prefs/java.util.prefs=ALL-UNNAMED -Xmx2048m -Dfile.encoding=UTF-8 -Duser.country=ZA -Duser.language=en -Duser.variant 
java_command: org.gradle.launcher.daemon.bootstrap.GradleDaemon 5.1.1
java_class_path (initial): C:\Users\wasee\.gradle\wrapper\dists\gradle-5.1.1-bin\90y9l8txxfw1s2o6ctiqeruwn\gradle-5.1.1\lib\gradle-launcher-5.1.1.jar
Launcher Type: SUN_STANDARD

[Global flags]
     intx CICompilerCount                          = 2                                         {product} {ergonomic}
     uint ConcGCThreads                            = 1                                         {product} {ergonomic}
     uint G1ConcRefinementThreads                  = 2                                         {product} {ergonomic}
   size_t G1HeapRegionSize                         = 1048576                                   {product} {ergonomic}
    uintx GCDrainStackTargetSize                   = 64                                        {product} {ergonomic}
   size_t InitialHeapSize                          = 67108864                                  {product} {ergonomic}
   size_t MarkStackSize                            = 4194304                                   {product} {ergonomic}
   size_t MaxHeapSize                              = 2147483648                                {product} {command line}
   size_t MaxNewSize                               = 1287651328                                {product} {ergonomic}
   size_t MinHeapDeltaBytes                        = 1048576                                   {product} {ergonomic}
    uintx NonNMethodCodeHeapSize                   = 5825164                                {pd product} {ergonomic}
    uintx NonProfiledCodeHeapSize                  = 122916538                              {pd product} {ergonomic}
    uintx ProfiledCodeHeapSize                     = 122916538                              {pd product} {ergonomic}
    uintx ReservedCodeCacheSize                    = 251658240                              {pd product} {ergonomic}
     bool SegmentedCodeCache                       = true                                      {product} {ergonomic}
     bool UseCompressedClassPointers               = true                                 {lp64_product} {ergonomic}
     bool UseCompressedOops                        = true                                 {lp64_product} {ergonomic}
     bool UseG1GC                                  = true                                      {product} {ergonomic}
     bool UseLargePagesIndividualAllocation        = false                                  {pd product} {ergonomic}

Logging:
Log output configuration:
 #0: stdout all=warning uptime,level,tags
 #1: stderr all=off uptime,level,tags

Environment Variables:
PATH=C:\Program Files\Common Files\Oracle\Java\javapath;C:\Program Files (x86)\Common Files\Oracle\Java\javapath;C:\Program Files\OpenJDK\jdk-11.0.8.10-hotspot\bin;C:\Program Files (x86)\Intel\TXE Components\TCS\;C:\Program Files\Intel\TXE Components\TCS\;C:\WINDOWS\system32;C:\WINDOWS;C:\WINDOWS\System32\Wbem;C:\WINDOWS\System32\WindowsPowerShell\v1.0\;C:\Program Files\Intel\TXE Components\DAL\;C:\Program Files (x86)\Intel\TXE Components\DAL\;C:\Program Files\Intel\TXE Components\IPT\;C:\Program Files (x86)\Intel\TXE Components\IPT\;C:\Users\wasee\AppData\Local\Microsoft\WindowsApps;
USERNAME=wasee
OS=Windows_NT
PROCESSOR_IDENTIFIER=Intel64 Family 6 Model 76 Stepping 4, GenuineIntel



---------------  S Y S T E M  ---------------

OS: Windows 10 , 64 bit Build 15063 (10.0.15063.1058)
OS uptime: 0 days 0:34 hours

CPU:total 2 (initial active 2) (2 cores per cpu, 1 threads per core) family 6 model 76 stepping 4, cmov, cx8, fxsr, mmx, sse, sse2, sse3, ssse3, sse4.1, sse4.2, popcnt, aes, clmul, erms, 3dnowpref, tsc, tscinvbit

Memory: 4k page, system-wide physical 4002M (301M free)
TotalPageFile size 4569M (AvailPageFile size 122M)
current process WorkingSet (physical memory assigned to process): 690M, peak: 693M
current process commit charge ("private bytes"): 748M, peak: 1088M

vm_info: OpenJDK 64-Bit Server VM (11.0.8+10-b944.6842174) for windows-amd64 JRE (11.0.8+10-b944.6842174), built on Sep 19 2020 01:11:42 by "builder" with MS VC++ 14.0 (VS2015)

END.
