#
# There is insufficient memory for the Java Runtime Environment to continue.
# Native memory allocation (mmap) failed to map 175112192 bytes for Failed to commit area from 0x0000000093a00000 to 0x000000009e100000 of length 175112192.
# Possible reasons:
#   The system is out of physical RAM or swap space
#   The process is running with CompressedOops enabled, and the Java Heap may be blocking the growth of the native heap
# Possible solutions:
#   Reduce memory load on the system
#   Increase physical memory or swap space
#   Check if swap backing store is full
#   Decrease Java heap size (-Xmx/-Xms)
#   Decrease number of Java threads
#   Decrease Java thread stack sizes (-Xss)
#   Set larger code cache with -XX:ReservedCodeCacheSize=
#   JVM is running with Unscaled Compressed Oops mode in which the Java heap is
#     placed in the first 4GB address space. The Java Heap base address is the
#     maximum limit for the native heap growth. Please use -XX:HeapBaseMinAddress
#     to set the Java Heap base and to place the Java Heap above 4GB virtual address.
# This output file may be truncated or incomplete.
#
#  Out of Memory Error (./src/hotspot/os/windows/os_windows.cpp:3303), pid=7156, tid=9708
#
# JRE version: OpenJDK Runtime Environment (11.0.8+10) (build 11.0.8+10-b944.6842174)
# Java VM: OpenJDK 64-Bit Server VM (11.0.8+10-b944.6842174, mixed mode, tiered, compressed oops, g1 gc, windows-amd64)
# No core dump will be written. Minidumps are not enabled by default on client versions of Windows
#

---------------  S U M M A R Y ------------

Command Line: --add-opens=java.base/java.util=ALL-UNNAMED --add-opens=java.base/java.lang=ALL-UNNAMED --add-opens=java.base/java.lang.invoke=ALL-UNNAMED --add-opens=java.prefs/java.util.prefs=ALL-UNNAMED -Xmx2048m -Dfile.encoding=UTF-8 -Duser.country=ZA -Duser.language=en -Duser.variant org.gradle.launcher.daemon.bootstrap.GradleDaemon 5.1.1

Host: Intel(R) Celeron(R) CPU  N3060  @ 1.60GHz, 2 cores, 3G,  Windows 10 , 64 bit Build 15063 (10.0.15063.1058)
Time: Sat Sep 25 15:56:21 2021 South Africa Standard Time elapsed time: 2416 seconds (0d 0h 40m 16s)

---------------  T H R E A D  ---------------

Current thread (0x0000029f61d9f000):  VMThread "VM Thread" [stack: 0x000000dc22c00000,0x000000dc22d00000] [id=9708]

Stack: [0x000000dc22c00000,0x000000dc22d00000]
[error occurred during error reporting (printing stack bounds), id 0xc0000005, EXCEPTION_ACCESS_VIOLATION (0xc0000005) at pc=0x0000029f4c200dbd]

Native frames: (J=compiled Java code, j=interpreted, Vv=VM code, C=native code)
V  [jvm.dll+0x5de50a]
V  [jvm.dll+0x7122f5]
V  [jvm.dll+0x71384d]
V  [jvm.dll+0x713e65]
V  [jvm.dll+0x713e1b]
V  [jvm.dll+0x5dd958]
V  [jvm.dll+0x5de0f8]
C  [ntdll.dll+0xa9ffd]
C  [ntdll.dll+0x351c8]
C  [ntdll.dll+0xa907e]
C  0x0000029f4c200dbd

VM_Operation (0x000000dc2c2fde10): G1CollectForAllocation, mode: safepoint, requested by thread 0x0000029f673ce000


---------------  P R O C E S S  ---------------

Threads class SMR info:
_java_thread_list=0x0000029f694a8cc0, length=45, elements={
0x0000029f4888b000, 0x0000029f61da4000, 0x0000029f61da7800, 0x0000029f62710800,
0x0000029f62711800, 0x0000029f62712800, 0x0000029f62715800, 0x0000029f62716800,
0x0000029f62854000, 0x0000029f62863000, 0x0000029f63307000, 0x0000029f635db800,
0x0000029f63223800, 0x0000029f6325b000, 0x0000029f6325f000, 0x0000029f6325e000,
0x0000029f63274800, 0x0000029f63276000, 0x0000029f63271000, 0x0000029f63270800,
0x0000029f63275800, 0x0000029f63277000, 0x0000029f63278000, 0x0000029f63272000,
0x0000029f63278800, 0x0000029f63273000, 0x0000029f6327c800, 0x0000029f6327f000,
0x0000029f6327e800, 0x0000029f6327b000, 0x0000029f63279800, 0x0000029f6327d800,
0x0000029f6327c000, 0x0000029f673c4800, 0x0000029f673c5800, 0x0000029f673c3000,
0x0000029f673c6000, 0x0000029f673c2000, 0x0000029f673c1000, 0x0000029f673c7800,
0x0000029f673c9800, 0x0000029f673cc000, 0x0000029f673cc800, 0x0000029f673ce000,
0x0000029f673cf000
}

Java Threads: ( => current thread )
  0x0000029f4888b000 JavaThread "main" [_thread_blocked, id=10112, stack(0x000000dc22600000,0x000000dc22700000)]
  0x0000029f61da4000 JavaThread "Reference Handler" daemon [_thread_blocked, id=7500, stack(0x000000dc22d00000,0x000000dc22e00000)]
  0x0000029f61da7800 JavaThread "Finalizer" daemon [_thread_blocked, id=6496, stack(0x000000dc22e00000,0x000000dc22f00000)]
  0x0000029f62710800 JavaThread "Signal Dispatcher" daemon [_thread_blocked, id=4072, stack(0x000000dc23000000,0x000000dc23100000)]
  0x0000029f62711800 JavaThread "Attach Listener" daemon [_thread_blocked, id=9400, stack(0x000000dc23100000,0x000000dc23200000)]
  0x0000029f62712800 JavaThread "C2 CompilerThread0" daemon [_thread_blocked, id=6900, stack(0x000000dc23200000,0x000000dc23300000)]
  0x0000029f62715800 JavaThread "C1 CompilerThread0" daemon [_thread_blocked, id=9364, stack(0x000000dc23300000,0x000000dc23400000)]
  0x0000029f62716800 JavaThread "Sweeper thread" daemon [_thread_blocked, id=1420, stack(0x000000dc23400000,0x000000dc23500000)]
  0x0000029f62854000 JavaThread "Common-Cleaner" daemon [_thread_blocked, id=1424, stack(0x000000dc23500000,0x000000dc23600000)]
  0x0000029f62863000 JavaThread "Service Thread" daemon [_thread_blocked, id=1696, stack(0x000000dc23600000,0x000000dc23700000)]
  0x0000029f63307000 JavaThread "Incoming local TCP Connector on port 49843" [_thread_in_native, id=3712, stack(0x000000dc23900000,0x000000dc23a00000)]
  0x0000029f635db800 JavaThread "Daemon periodic checks" [_thread_blocked, id=2548, stack(0x000000dc23a00000,0x000000dc23b00000)]
  0x0000029f63223800 JavaThread "Cache worker for file hash cache (C:\Users\wasee\.gradle\caches\5.1.1\fileHashes)" [_thread_blocked, id=3844, stack(0x000000dc24200000,0x000000dc24300000)]
  0x0000029f6325b000 JavaThread "File lock request listener" [_thread_in_native, id=4048, stack(0x000000dc24300000,0x000000dc24400000)]
  0x0000029f6325f000 JavaThread "Cache worker for journal cache (C:\Users\wasee\.gradle\caches\journal-1)" [_thread_blocked, id=3704, stack(0x000000dc24400000,0x000000dc24500000)]
  0x0000029f6325e000 JavaThread "Cache worker for execution history cache (C:\Users\wasee\.gradle\caches\5.1.1\executionHistory)" [_thread_blocked, id=1212, stack(0x000000dc24800000,0x000000dc24900000)]
  0x0000029f63274800 JavaThread "Memory manager" [_thread_blocked, id=7224, stack(0x000000dc24c00000,0x000000dc24d00000)]
  0x0000029f63276000 JavaThread "Cache worker for file content cache (C:\Users\wasee\.gradle\caches\5.1.1\fileContent)" [_thread_blocked, id=5964, stack(0x000000dc24d00000,0x000000dc24e00000)]
  0x0000029f63271000 JavaThread "ForkJoinPool.commonPool-worker-3" daemon [_thread_blocked, id=9796, stack(0x000000dc25200000,0x000000dc25300000)]
  0x0000029f63270800 JavaThread "Daemon Thread 5" [_thread_blocked, id=7532, stack(0x000000dc2aa00000,0x000000dc2ab00000)]
  0x0000029f63275800 JavaThread "Handler for socket connection from /127.0.0.1:49843 to /127.0.0.1:62865" [_thread_in_native, id=5224, stack(0x000000dc2ab00000,0x000000dc2ac00000)]
  0x0000029f63277000 JavaThread "Cancel handler" [_thread_blocked, id=7256, stack(0x000000dc2ac00000,0x000000dc2ad00000)]
  0x0000029f63278000 JavaThread "Daemon worker Thread 5" [_thread_blocked, id=8184, stack(0x000000dc2ad00000,0x000000dc2ae00000)]
  0x0000029f63272000 JavaThread "Asynchronous log dispatcher for DefaultDaemonConnection: socket connection from /127.0.0.1:49843 to /127.0.0.1:62865" [_thread_blocked, id=860, stack(0x000000dc2ae00000,0x000000dc2af00000)]
  0x0000029f63278800 JavaThread "Stdin handler" [_thread_blocked, id=1464, stack(0x000000dc2af00000,0x000000dc2b000000)]
  0x0000029f63273000 JavaThread "Thread-86" [_thread_blocked, id=4728, stack(0x000000dc2b000000,0x000000dc2b100000)]
  0x0000029f6327c800 JavaThread "Cache worker for file hash cache (C:\Users\wasee\AndroidStudioProjects\TimeManagementTool\.gradle\5.1.1\fileHashes)" [_thread_blocked, id=6480, stack(0x000000dc2b100000,0x000000dc2b200000)]
  0x0000029f6327f000 JavaThread "Cache worker for cache directory md-supplier (C:\Users\wasee\.gradle\caches\5.1.1\md-supplier)" [_thread_blocked, id=3784, stack(0x000000dc2b200000,0x000000dc2b300000)]
  0x0000029f6327e800 JavaThread "Cache worker for cache directory md-rule (C:\Users\wasee\.gradle\caches\5.1.1\md-rule)" [_thread_blocked, id=2380, stack(0x000000dc2b300000,0x000000dc2b400000)]
  0x0000029f6327b000 JavaThread "Build operations" [_thread_blocked, id=692, stack(0x000000dc2b400000,0x000000dc2b500000)]
  0x0000029f63279800 JavaThread "Build operations Thread 2" [_thread_blocked, id=7812, stack(0x000000dc2b500000,0x000000dc2b600000)]
  0x0000029f6327d800 JavaThread "Cache worker for Build Output Cleanup Cache (C:\Users\wasee\AndroidStudioProjects\TimeManagementTool\.gradle\buildOutputCleanup)" [_thread_blocked, id=3200, stack(0x000000dc2b600000,0x000000dc2b700000)]
  0x0000029f6327c000 JavaThread "Cache worker for file content cache (C:\Users\wasee\AndroidStudioProjects\TimeManagementTool\.gradle\5.1.1\fileContent)" [_thread_blocked, id=8688, stack(0x000000dc2b700000,0x000000dc2b800000)]
  0x0000029f673c4800 JavaThread "Execution worker for ':'" [_thread_blocked, id=7152, stack(0x000000dc2b800000,0x000000dc2b900000)]
  0x0000029f673c5800 JavaThread "Cache worker for execution history cache (C:\Users\wasee\AndroidStudioProjects\TimeManagementTool\.gradle\5.1.1\executionHistory)" [_thread_blocked, id=10148, stack(0x000000dc2b900000,0x000000dc2ba00000)]
  0x0000029f673c3000 JavaThread "pool-14-thread-1" [_thread_blocked, id=2928, stack(0x000000dc2ba00000,0x000000dc2bb00000)]
  0x0000029f673c6000 JavaThread "ForkJoinPool.commonPool-worker-1" daemon [_thread_blocked, id=5512, stack(0x000000dc2bb00000,0x000000dc2bc00000)]
  0x0000029f673c2000 JavaThread "stderr" daemon [_thread_in_native, id=2344, stack(0x000000dc2bc00000,0x000000dc2bd00000)]
  0x0000029f673c1000 JavaThread "stdout" daemon [_thread_in_native, id=1284, stack(0x000000dc2bd00000,0x000000dc2be00000)]
  0x0000029f673c7800 JavaThread "stderr" daemon [_thread_in_native, id=7980, stack(0x000000dc2be00000,0x000000dc2bf00000)]
  0x0000029f673c9800 JavaThread "stdout" daemon [_thread_in_native, id=8028, stack(0x000000dc2bf00000,0x000000dc2c000000)]
  0x0000029f673cc000 JavaThread "Cache worker for Java compile cache (C:\Users\wasee\.gradle\caches\5.1.1\javaCompile)" [_thread_blocked, id=7000, stack(0x000000dc2c000000,0x000000dc2c100000)]
  0x0000029f673cc800 JavaThread "Cache worker for Java compile cache (C:\Users\wasee\AndroidStudioProjects\TimeManagementTool\.gradle\5.1.1\javaCompile)" [_thread_blocked, id=7988, stack(0x000000dc2c100000,0x000000dc2c200000)]
  0x0000029f673ce000 JavaThread "ForkJoinPool-32-worker-3" daemon [_thread_blocked, id=6476, stack(0x000000dc2c200000,0x000000dc2c300000)]
  0x0000029f673cf000 JavaThread "ForkJoinPool-32-worker-1" daemon [_thread_blocked, id=8156, stack(0x000000dc2c300000,0x000000dc2c400000)]

Other Threads:
=>0x0000029f61d9f000 VMThread "VM Thread" [stack: 0x000000dc22c00000,0x000000dc22d00000] [id=9708]
  0x0000029f62874800 WatcherThread [stack: 0x000000dc23700000,0x000000dc23800000] [id=9900]
  0x0000029f488a2000 GCTaskThread "GC Thread#0" [stack: 0x000000dc22700000,0x000000dc22800000] [id=3256]
  0x0000029f62ad5000 GCTaskThread "GC Thread#1" [stack: 0x000000dc23800000,0x000000dc23900000] [id=7128]
  0x0000029f488d2000 ConcurrentGCThread "G1 Main Marker" [stack: 0x000000dc22800000,0x000000dc22900000] [id=9436]
  0x0000029f488d4000 ConcurrentGCThread "G1 Conc#0" [stack: 0x000000dc22900000,0x000000dc22a00000] [id=2288]
  0x0000029f48926800 ConcurrentGCThread "G1 Refine#0" [stack: 0x000000dc22a00000,0x000000dc22b00000] [id=9816]
  0x0000029f48928800 ConcurrentGCThread "G1 Young RemSet Sampling" [stack: 0x000000dc22b00000,0x000000dc22c00000] [id=9316]

Threads with active compile tasks:
C2 CompilerThread02416350 18347       4       com.android.tools.r8.graph.DexEncodedField::collectIndexedItems (41 bytes)

VM state:at safepoint (normal execution)

VM Mutex/Monitor currently owned by a thread:  ([mutex/lock_event])
[0x0000029f48887940] Threads_lock - owner thread: 0x0000029f61d9f000
[0x0000029f48886ce0] Heap_lock - owner thread: 0x0000029f673ce000

Heap address: 0x0000000080000000, size: 2048 MB, Compressed Oops mode: 32-bit
Narrow klass base: 0x0000000000000000, Narrow klass shift: 3
Compressed class space size: 1073741824 Address: 0x0000000100000000

Heap:
 garbage-first heap   total 492544K, used 147968K [0x0000000080000000, 0x0000000100000000)
  region size 1024K, 2 young (2048K), 2 survivors (2048K)
 Metaspace       used 103384K, capacity 105839K, committed 105984K, reserved 1142784K
  class space    used 12498K, capacity 13296K, committed 13312K, reserved 1048576K
Heap Regions: E=young(eden), S=young(survivor), O=old, HS=humongous(starts), HC=humongous(continues), CS=collection set, F=free, A=archive, TAMS=top-at-mark-start (previous, next)
|   0|0x0000000080000000, 0x0000000080100000, 0x0000000080100000|100%|HS|  |TAMS 0x0000000080100000, 0x0000000080000000| Complete 
|   1|0x0000000080100000, 0x0000000080200000, 0x0000000080200000|100%| O|  |TAMS 0x0000000080200000, 0x0000000080100000| Untracked 
|   2|0x0000000080200000, 0x0000000080300000, 0x0000000080300000|100%| O|  |TAMS 0x0000000080300000, 0x0000000080200000| Untracked 
|   3|0x0000000080300000, 0x0000000080400000, 0x0000000080400000|100%|HS|  |TAMS 0x0000000080400000, 0x0000000080300000| Complete 
|   4|0x0000000080400000, 0x0000000080500000, 0x0000000080500000|100%|HC|  |TAMS 0x0000000080500000, 0x0000000080400000| Complete 
|   5|0x0000000080500000, 0x0000000080600000, 0x0000000080600000|100%| O|  |TAMS 0x0000000080600000, 0x0000000080500000| Complete 
|   6|0x0000000080600000, 0x0000000080700000, 0x0000000080700000|100%| O|  |TAMS 0x0000000080700000, 0x0000000080600000| Complete 
|   7|0x0000000080700000, 0x0000000080800000, 0x0000000080800000|100%| O|  |TAMS 0x0000000080800000, 0x0000000080700000| Untracked 
|   8|0x0000000080800000, 0x0000000080900000, 0x0000000080900000|100%| O|  |TAMS 0x0000000080900000, 0x0000000080800000| Untracked 
|   9|0x0000000080900000, 0x0000000080a00000, 0x0000000080a00000|100%| O|  |TAMS 0x0000000080a00000, 0x0000000080900000| Untracked 
|  10|0x0000000080a00000, 0x0000000080b00000, 0x0000000080b00000|100%| O|  |TAMS 0x0000000080b00000, 0x0000000080a00000| Untracked 
|  11|0x0000000080b00000, 0x0000000080c00000, 0x0000000080c00000|100%| O|  |TAMS 0x0000000080c00000, 0x0000000080b00000| Untracked 
|  12|0x0000000080c00000, 0x0000000080d00000, 0x0000000080d00000|100%| O|  |TAMS 0x0000000080d00000, 0x0000000080c00000| Complete 
|  13|0x0000000080d00000, 0x0000000080e00000, 0x0000000080e00000|100%| O|  |TAMS 0x0000000080e00000, 0x0000000080d00000| Complete 
|  14|0x0000000080e00000, 0x0000000080f00000, 0x0000000080f00000|100%|HS|  |TAMS 0x0000000080f00000, 0x0000000080e00000| Complete 
|  15|0x0000000080f00000, 0x0000000081000000, 0x0000000081000000|100%|HC|  |TAMS 0x0000000081000000, 0x0000000080f00000| Complete 
|  16|0x0000000081000000, 0x0000000081100000, 0x0000000081100000|100%|HS|  |TAMS 0x0000000081100000, 0x0000000081000000| Complete 
|  17|0x0000000081100000, 0x0000000081200000, 0x0000000081200000|100%|HC|  |TAMS 0x0000000081200000, 0x0000000081100000| Complete 
|  18|0x0000000081200000, 0x0000000081300000, 0x0000000081300000|100%|HC|  |TAMS 0x0000000081300000, 0x0000000081200000| Complete 
|  19|0x0000000081300000, 0x0000000081400000, 0x0000000081400000|100%|HS|  |TAMS 0x0000000081400000, 0x0000000081300000| Complete 
|  20|0x0000000081400000, 0x0000000081500000, 0x0000000081500000|100%|HC|  |TAMS 0x0000000081500000, 0x0000000081400000| Complete 
|  21|0x0000000081500000, 0x0000000081600000, 0x0000000081600000|100%|HC|  |TAMS 0x0000000081600000, 0x0000000081500000| Complete 
|  22|0x0000000081600000, 0x0000000081700000, 0x0000000081700000|100%|HC|  |TAMS 0x0000000081700000, 0x0000000081600000| Complete 
|  23|0x0000000081700000, 0x0000000081800000, 0x0000000081800000|100%| O|  |TAMS 0x0000000081800000, 0x0000000081700000| Untracked 
|  24|0x0000000081800000, 0x0000000081900000, 0x0000000081900000|100%| O|  |TAMS 0x0000000081900000, 0x0000000081800000| Untracked 
|  25|0x0000000081900000, 0x0000000081a00000, 0x0000000081a00000|100%| O|  |TAMS 0x0000000081a00000, 0x0000000081900000| Untracked 
|  26|0x0000000081a00000, 0x0000000081b00000, 0x0000000081b00000|100%| O|  |TAMS 0x0000000081b00000, 0x0000000081a00000| Complete 
|  27|0x0000000081b00000, 0x0000000081c00000, 0x0000000081c00000|100%| O|  |TAMS 0x0000000081c00000, 0x0000000081b00000| Complete 
|  28|0x0000000081c00000, 0x0000000081d00000, 0x0000000081d00000|100%|HS|  |TAMS 0x0000000081d00000, 0x0000000081c00000| Complete 
|  29|0x0000000081d00000, 0x0000000081e00000, 0x0000000081e00000|100%|HC|  |TAMS 0x0000000081e00000, 0x0000000081d00000| Complete 
|  30|0x0000000081e00000, 0x0000000081f00000, 0x0000000081f00000|100%| O|  |TAMS 0x0000000081f00000, 0x0000000081e00000| Complete 
|  31|0x0000000081f00000, 0x0000000082000000, 0x0000000082000000|100%| O|  |TAMS 0x0000000082000000, 0x0000000081f00000| Complete 
|  32|0x0000000082000000, 0x0000000082100000, 0x0000000082100000|100%| O|  |TAMS 0x0000000082100000, 0x0000000082000000| Complete 
|  33|0x0000000082100000, 0x0000000082200000, 0x0000000082200000|100%|HS|  |TAMS 0x0000000082200000, 0x0000000082100000| Complete 
|  34|0x0000000082200000, 0x0000000082300000, 0x0000000082300000|100%|HC|  |TAMS 0x0000000082300000, 0x0000000082200000| Complete 
|  35|0x0000000082300000, 0x0000000082400000, 0x0000000082400000|100%|HC|  |TAMS 0x0000000082400000, 0x0000000082300000| Complete 
|  36|0x0000000082400000, 0x0000000082500000, 0x0000000082500000|100%| O|  |TAMS 0x0000000082500000, 0x0000000082400000| Untracked 
|  37|0x0000000082500000, 0x0000000082600000, 0x0000000082600000|100%| O|  |TAMS 0x0000000082600000, 0x0000000082500000| Complete 
|  38|0x0000000082600000, 0x0000000082700000, 0x0000000082700000|100%| O|  |TAMS 0x0000000082700000, 0x0000000082600000| Complete 
|  39|0x0000000082700000, 0x0000000082800000, 0x0000000082800000|100%| O|  |TAMS 0x0000000082800000, 0x0000000082700000| Untracked 
|  40|0x0000000082800000, 0x0000000082900000, 0x0000000082900000|100%| O|  |TAMS 0x0000000082900000, 0x0000000082800000| Untracked 
|  41|0x0000000082900000, 0x0000000082a00000, 0x0000000082a00000|100%| O|  |TAMS 0x0000000082a00000, 0x0000000082900000| Untracked 
|  42|0x0000000082a00000, 0x0000000082b00000, 0x0000000082b00000|100%| O|  |TAMS 0x0000000082b00000, 0x0000000082a00000| Untracked 
|  43|0x0000000082b00000, 0x0000000082c00000, 0x0000000082c00000|100%| O|  |TAMS 0x0000000082c00000, 0x0000000082b00000| Complete 
|  44|0x0000000082c00000, 0x0000000082d00000, 0x0000000082d00000|100%| O|  |TAMS 0x0000000082d00000, 0x0000000082c00000| Complete 
|  45|0x0000000082d00000, 0x0000000082e00000, 0x0000000082e00000|100%| O|  |TAMS 0x0000000082e00000, 0x0000000082d00000| Complete 
|  46|0x0000000082e00000, 0x0000000082f00000, 0x0000000082f00000|100%| O|  |TAMS 0x0000000082f00000, 0x0000000082e00000| Complete 
|  47|0x0000000082f00000, 0x0000000083000000, 0x0000000083000000|100%| O|  |TAMS 0x0000000083000000, 0x0000000082f00000| Complete 
|  48|0x0000000083000000, 0x0000000083100000, 0x0000000083100000|100%| O|  |TAMS 0x0000000083100000, 0x0000000083000000| Untracked 
|  49|0x0000000083100000, 0x0000000083200000, 0x0000000083200000|100%| O|  |TAMS 0x0000000083200000, 0x0000000083100000| Complete 
|  50|0x0000000083200000, 0x0000000083300000, 0x0000000083300000|100%| O|  |TAMS 0x0000000083300000, 0x0000000083200000| Complete 
|  51|0x0000000083300000, 0x0000000083400000, 0x0000000083400000|100%| O|  |TAMS 0x0000000083400000, 0x0000000083300000| Untracked 
|  52|0x0000000083400000, 0x0000000083500000, 0x0000000083500000|100%| O|  |TAMS 0x0000000083500000, 0x0000000083400000| Complete 
|  53|0x0000000083500000, 0x0000000083600000, 0x0000000083600000|100%| O|  |TAMS 0x0000000083600000, 0x0000000083500000| Complete 
|  54|0x0000000083600000, 0x0000000083700000, 0x0000000083700000|100%| O|  |TAMS 0x0000000083700000, 0x0000000083600000| Complete 
|  55|0x0000000083700000, 0x0000000083800000, 0x0000000083800000|100%| O|  |TAMS 0x0000000083800000, 0x0000000083700000| Complete 
|  56|0x0000000083800000, 0x0000000083900000, 0x0000000083900000|100%| O|  |TAMS 0x0000000083900000, 0x0000000083800000| Untracked 
|  57|0x0000000083900000, 0x0000000083a00000, 0x0000000083a00000|100%| O|  |TAMS 0x0000000083a00000, 0x0000000083900000| Complete 
|  58|0x0000000083a00000, 0x0000000083b00000, 0x0000000083b00000|100%| O|  |TAMS 0x0000000083b00000, 0x0000000083a00000| Complete 
|  59|0x0000000083b00000, 0x0000000083c00000, 0x0000000083c00000|100%| O|  |TAMS 0x0000000083c00000, 0x0000000083b00000| Untracked 
|  60|0x0000000083c00000, 0x0000000083d00000, 0x0000000083d00000|100%| O|  |TAMS 0x0000000083d00000, 0x0000000083c00000| Complete 
|  61|0x0000000083d00000, 0x0000000083e00000, 0x0000000083e00000|100%| O|  |TAMS 0x0000000083e00000, 0x0000000083d00000| Untracked 
|  62|0x0000000083e00000, 0x0000000083f00000, 0x0000000083f00000|100%| O|  |TAMS 0x0000000083f00000, 0x0000000083e00000| Complete 
|  63|0x0000000083f00000, 0x0000000084000000, 0x0000000084000000|100%| O|  |TAMS 0x0000000084000000, 0x0000000083f00000| Complete 
|  64|0x0000000084000000, 0x0000000084100000, 0x0000000084100000|100%| O|  |TAMS 0x0000000084100000, 0x0000000084000000| Complete 
|  65|0x0000000084100000, 0x0000000084200000, 0x0000000084200000|100%| O|  |TAMS 0x0000000084200000, 0x0000000084100000| Untracked 
|  66|0x0000000084200000, 0x0000000084300000, 0x0000000084300000|100%| O|  |TAMS 0x0000000084300000, 0x0000000084200000| Untracked 
|  67|0x0000000084300000, 0x0000000084400000, 0x0000000084400000|100%| O|  |TAMS 0x0000000084400000, 0x0000000084300000| Complete 
|  68|0x0000000084400000, 0x0000000084500000, 0x0000000084500000|100%| O|  |TAMS 0x0000000084500000, 0x0000000084400000| Untracked 
|  69|0x0000000084500000, 0x0000000084600000, 0x0000000084600000|100%| O|  |TAMS 0x0000000084600000, 0x0000000084500000| Complete 
|  70|0x0000000084600000, 0x0000000084700000, 0x0000000084700000|100%| O|  |TAMS 0x0000000084700000, 0x0000000084600000| Complete 
|  71|0x0000000084700000, 0x0000000084800000, 0x0000000084800000|100%| O|  |TAMS 0x0000000084800000, 0x0000000084700000| Complete 
|  72|0x0000000084800000, 0x0000000084900000, 0x0000000084900000|100%| O|  |TAMS 0x0000000084900000, 0x0000000084800000| Untracked 
|  73|0x0000000084900000, 0x0000000084a00000, 0x0000000084a00000|100%| O|  |TAMS 0x0000000084a00000, 0x0000000084900000| Untracked 
|  74|0x0000000084a00000, 0x0000000084b00000, 0x0000000084b00000|100%| O|  |TAMS 0x0000000084b00000, 0x0000000084a00000| Complete 
|  75|0x0000000084b00000, 0x0000000084c00000, 0x0000000084c00000|100%| O|  |TAMS 0x0000000084c00000, 0x0000000084b00000| Complete 
|  76|0x0000000084c00000, 0x0000000084d00000, 0x0000000084d00000|100%| O|  |TAMS 0x0000000084d00000, 0x0000000084c00000| Complete 
|  77|0x0000000084d00000, 0x0000000084e00000, 0x0000000084e00000|100%| O|  |TAMS 0x0000000084e00000, 0x0000000084d00000| Complete 
|  78|0x0000000084e00000, 0x0000000084f00000, 0x0000000084f00000|100%| O|  |TAMS 0x0000000084f00000, 0x0000000084e00000| Untracked 
|  79|0x0000000084f00000, 0x0000000085000000, 0x0000000085000000|100%| O|  |TAMS 0x0000000085000000, 0x0000000084f00000| Untracked 
|  80|0x0000000085000000, 0x0000000085100000, 0x0000000085100000|100%| O|  |TAMS 0x0000000085100000, 0x0000000085000000| Complete 
|  81|0x0000000085100000, 0x0000000085200000, 0x0000000085200000|100%| O|  |TAMS 0x0000000085200000, 0x0000000085100000| Complete 
|  82|0x0000000085200000, 0x0000000085300000, 0x0000000085300000|100%| O|  |TAMS 0x0000000085300000, 0x0000000085200000| Untracked 
|  83|0x0000000085300000, 0x0000000085400000, 0x0000000085400000|100%| O|  |TAMS 0x0000000085400000, 0x0000000085300000| Untracked 
|  84|0x0000000085400000, 0x0000000085500000, 0x0000000085500000|100%| O|  |TAMS 0x0000000085500000, 0x0000000085400000| Untracked 
|  85|0x0000000085500000, 0x0000000085600000, 0x0000000085600000|100%| O|  |TAMS 0x0000000085600000, 0x0000000085500000| Complete 
|  86|0x0000000085600000, 0x0000000085700000, 0x0000000085700000|100%| O|  |TAMS 0x0000000085700000, 0x0000000085600000| Untracked 
|  87|0x0000000085700000, 0x0000000085800000, 0x0000000085800000|100%| O|  |TAMS 0x0000000085800000, 0x0000000085700000| Complete 
|  88|0x0000000085800000, 0x0000000085900000, 0x0000000085900000|100%| O|  |TAMS 0x0000000085800000, 0x0000000085800000| Untracked 
|  89|0x0000000085900000, 0x0000000085a00000, 0x0000000085a00000|100%| O|  |TAMS 0x0000000085900000, 0x0000000085900000| Untracked 
|  90|0x0000000085a00000, 0x0000000085b00000, 0x0000000085b00000|100%| O|  |TAMS 0x0000000085b00000, 0x0000000085a00000| Untracked 
|  91|0x0000000085b00000, 0x0000000085c00000, 0x0000000085c00000|100%| O|  |TAMS 0x0000000085c00000, 0x0000000085b00000| Untracked 
|  92|0x0000000085c00000, 0x0000000085d00000, 0x0000000085d00000|100%| O|  |TAMS 0x0000000085d00000, 0x0000000085c00000| Untracked 
|  93|0x0000000085d00000, 0x0000000085e00000, 0x0000000085e00000|100%| O|  |TAMS 0x0000000085e00000, 0x0000000085d00000| Complete 
|  94|0x0000000085e00000, 0x0000000085f00000, 0x0000000085f00000|100%| O|  |TAMS 0x0000000085f00000, 0x0000000085e00000| Untracked 
|  95|0x0000000085f00000, 0x0000000086000000, 0x0000000086000000|100%| O|  |TAMS 0x0000000086000000, 0x0000000085f00000| Complete 
|  96|0x0000000086000000, 0x0000000086100000, 0x0000000086100000|100%| O|  |TAMS 0x0000000086100000, 0x0000000086000000| Complete 
|  97|0x0000000086100000, 0x0000000086200000, 0x0000000086200000|100%| O|  |TAMS 0x0000000086200000, 0x0000000086100000| Complete 
|  98|0x0000000086200000, 0x0000000086300000, 0x0000000086300000|100%| O|  |TAMS 0x0000000086300000, 0x0000000086200000| Untracked 
|  99|0x0000000086300000, 0x0000000086400000, 0x0000000086400000|100%| O|  |TAMS 0x0000000086300000, 0x0000000086300000| Untracked 
| 100|0x0000000086400000, 0x0000000086500000, 0x0000000086500000|100%| O|  |TAMS 0x0000000086500000, 0x0000000086400000| Complete 
| 101|0x0000000086500000, 0x0000000086600000, 0x0000000086600000|100%| O|  |TAMS 0x0000000086500000, 0x0000000086500000| Untracked 
| 102|0x0000000086600000, 0x0000000086700000, 0x0000000086700000|100%| O|  |TAMS 0x0000000086600000, 0x0000000086600000| Untracked 
| 103|0x0000000086700000, 0x0000000086800000, 0x0000000086800000|100%| O|  |TAMS 0x0000000086700000, 0x0000000086700000| Untracked 
| 104|0x0000000086800000, 0x0000000086900000, 0x0000000086900000|100%| O|  |TAMS 0x0000000086900000, 0x0000000086800000| Untracked 
| 105|0x0000000086900000, 0x0000000086980000, 0x0000000086a00000| 50%| O|  |TAMS 0x0000000086900000, 0x0000000086900000| Untracked 
| 106|0x0000000086a00000, 0x0000000086a00000, 0x0000000086b00000|  0%| F|  |TAMS 0x0000000086a00000, 0x0000000086a00000| Untracked 
| 107|0x0000000086b00000, 0x0000000086c00000, 0x0000000086c00000|100%| O|  |TAMS 0x0000000086c00000, 0x0000000086b00000| Complete 
| 108|0x0000000086c00000, 0x0000000086d00000, 0x0000000086d00000|100%| O|  |TAMS 0x0000000086d00000, 0x0000000086c00000| Complete 
| 109|0x0000000086d00000, 0x0000000086e00000, 0x0000000086e00000|100%| O|  |TAMS 0x0000000086e00000, 0x0000000086d00000| Complete 
| 110|0x0000000086e00000, 0x0000000086f00000, 0x0000000086f00000|100%| O|  |TAMS 0x0000000086f00000, 0x0000000086e00000| Complete 
| 111|0x0000000086f00000, 0x0000000087000000, 0x0000000087000000|100%| O|  |TAMS 0x0000000087000000, 0x0000000086f00000| Untracked 
| 112|0x0000000087000000, 0x0000000087100000, 0x0000000087100000|100%| O|  |TAMS 0x0000000087100000, 0x0000000087000000| Complete 
| 113|0x0000000087100000, 0x0000000087200000, 0x0000000087200000|100%| O|  |TAMS 0x0000000087200000, 0x0000000087100000| Complete 
| 114|0x0000000087200000, 0x0000000087300000, 0x0000000087300000|100%| O|  |TAMS 0x0000000087300000, 0x0000000087200000| Complete 
| 115|0x0000000087300000, 0x0000000087400000, 0x0000000087400000|100%| O|  |TAMS 0x0000000087400000, 0x0000000087300000| Complete 
| 116|0x0000000087400000, 0x0000000087500000, 0x0000000087500000|100%| O|  |TAMS 0x0000000087500000, 0x0000000087400000| Complete 
| 117|0x0000000087500000, 0x0000000087600000, 0x0000000087600000|100%| O|  |TAMS 0x0000000087600000, 0x0000000087500000| Untracked 
| 118|0x0000000087600000, 0x0000000087700000, 0x0000000087700000|100%|HS|  |TAMS 0x0000000087700000, 0x0000000087600000| Complete 
| 119|0x0000000087700000, 0x0000000087800000, 0x0000000087800000|100%|HC|  |TAMS 0x0000000087800000, 0x0000000087700000| Complete 
| 120|0x0000000087800000, 0x0000000087900000, 0x0000000087900000|100%|HC|  |TAMS 0x0000000087900000, 0x0000000087800000| Complete 
| 121|0x0000000087900000, 0x0000000087a00000, 0x0000000087a00000|100%|HC|  |TAMS 0x0000000087a00000, 0x0000000087900000| Complete 
| 122|0x0000000087a00000, 0x0000000087b00000, 0x0000000087b00000|100%|HC|  |TAMS 0x0000000087b00000, 0x0000000087a00000| Complete 
| 123|0x0000000087b00000, 0x0000000087c00000, 0x0000000087c00000|100%| O|  |TAMS 0x0000000087c00000, 0x0000000087b00000| Complete 
| 124|0x0000000087c00000, 0x0000000087d00000, 0x0000000087d00000|100%| O|  |TAMS 0x0000000087d00000, 0x0000000087c00000| Complete 
| 125|0x0000000087d00000, 0x0000000087e00000, 0x0000000087e00000|100%| O|  |TAMS 0x0000000087e00000, 0x0000000087d00000| Complete 
| 126|0x0000000087e00000, 0x0000000087f00000, 0x0000000087f00000|100%| O|  |TAMS 0x0000000087f00000, 0x0000000087e00000| Complete 
| 127|0x0000000087f00000, 0x0000000088000000, 0x0000000088000000|100%| O|  |TAMS 0x0000000088000000, 0x0000000087f00000| Complete 
| 128|0x0000000088000000, 0x0000000088100000, 0x0000000088100000|100%| O|  |TAMS 0x0000000088100000, 0x0000000088000000| Complete 
| 129|0x0000000088100000, 0x0000000088200000, 0x0000000088200000|100%| O|  |TAMS 0x0000000088200000, 0x0000000088100000| Untracked 
| 130|0x0000000088200000, 0x0000000088300000, 0x0000000088300000|100%| O|  |TAMS 0x0000000088300000, 0x0000000088200000| Untracked 
| 131|0x0000000088300000, 0x0000000088400000, 0x0000000088400000|100%| O|  |TAMS 0x0000000088400000, 0x0000000088300000| Complete 
| 132|0x0000000088400000, 0x0000000088500000, 0x0000000088500000|100%| O|  |TAMS 0x0000000088500000, 0x0000000088400000| Complete 
| 133|0x0000000088500000, 0x0000000088600000, 0x0000000088600000|100%| O|  |TAMS 0x0000000088600000, 0x0000000088500000| Untracked 
| 134|0x0000000088600000, 0x0000000088700000, 0x0000000088700000|100%| O|  |TAMS 0x0000000088700000, 0x0000000088600000| Untracked 
| 135|0x0000000088700000, 0x0000000088800000, 0x0000000088800000|100%| O|  |TAMS 0x0000000088800000, 0x0000000088700000| Untracked 
| 136|0x0000000088800000, 0x0000000088900000, 0x0000000088900000|100%| O|  |TAMS 0x0000000088900000, 0x0000000088800000| Untracked 
| 137|0x0000000088900000, 0x0000000088a00000, 0x0000000088a00000|100%| O|  |TAMS 0x0000000088a00000, 0x0000000088900000| Untracked 
| 138|0x0000000088a00000, 0x0000000088a00000, 0x0000000088b00000|  0%| F|  |TAMS 0x0000000088a00000, 0x0000000088a00000| Untracked 
| 139|0x0000000088b00000, 0x0000000088b00000, 0x0000000088c00000|  0%| F|  |TAMS 0x0000000088b00000, 0x0000000088b00000| Untracked 
| 140|0x0000000088c00000, 0x0000000088c00000, 0x0000000088d00000|  0%| F|  |TAMS 0x0000000088c00000, 0x0000000088c00000| Untracked 
| 141|0x0000000088d00000, 0x0000000088d00000, 0x0000000088e00000|  0%| F|  |TAMS 0x0000000088d00000, 0x0000000088d00000| Untracked 
| 142|0x0000000088e00000, 0x0000000088e00000, 0x0000000088f00000|  0%| F|  |TAMS 0x0000000088e00000, 0x0000000088e00000| Untracked 
| 143|0x0000000088f00000, 0x0000000089000000, 0x0000000089000000|100%| O|  |TAMS 0x0000000089000000, 0x0000000088f00000| Untracked 
| 144|0x0000000089000000, 0x0000000089100000, 0x0000000089100000|100%| O|  |TAMS 0x0000000089100000, 0x0000000089000000| Untracked 
| 145|0x0000000089100000, 0x0000000089200000, 0x0000000089200000|100%| O|  |TAMS 0x0000000089200000, 0x0000000089100000| Complete 
| 146|0x0000000089200000, 0x0000000089300000, 0x0000000089300000|100%| O|  |TAMS 0x0000000089300000, 0x0000000089200000| Complete 
| 147|0x0000000089300000, 0x0000000089400000, 0x0000000089400000|100%| O|  |TAMS 0x0000000089400000, 0x0000000089300000| Untracked 
| 148|0x0000000089400000, 0x0000000089500000, 0x0000000089500000|100%| O|  |TAMS 0x0000000089500000, 0x0000000089400000| Complete 
| 149|0x0000000089500000, 0x0000000089500000, 0x0000000089600000|  0%| F|  |TAMS 0x0000000089500000, 0x0000000089500000| Untracked 
| 150|0x0000000089600000, 0x0000000089600000, 0x0000000089700000|  0%| F|  |TAMS 0x0000000089600000, 0x0000000089600000| Untracked 
| 151|0x0000000089700000, 0x0000000089700000, 0x0000000089800000|  0%| F|  |TAMS 0x0000000089700000, 0x0000000089700000| Untracked 
| 152|0x0000000089800000, 0x0000000089800000, 0x0000000089900000|  0%| F|  |TAMS 0x0000000089800000, 0x0000000089800000| Untracked 
| 153|0x0000000089900000, 0x0000000089900000, 0x0000000089a00000|  0%| F|  |TAMS 0x0000000089900000, 0x0000000089900000| Untracked 
| 154|0x0000000089a00000, 0x0000000089a00000, 0x0000000089b00000|  0%| F|  |TAMS 0x0000000089a00000, 0x0000000089a00000| Untracked 
| 155|0x0000000089b00000, 0x0000000089b00000, 0x0000000089c00000|  0%| F|  |TAMS 0x0000000089b00000, 0x0000000089b00000| Untracked 
| 156|0x0000000089c00000, 0x0000000089c00000, 0x0000000089d00000|  0%| F|  |TAMS 0x0000000089c00000, 0x0000000089c00000| Untracked 
| 157|0x0000000089d00000, 0x0000000089d00000, 0x0000000089e00000|  0%| F|  |TAMS 0x0000000089d00000, 0x0000000089d00000| Untracked 
| 158|0x0000000089e00000, 0x0000000089e00000, 0x0000000089f00000|  0%| F|  |TAMS 0x0000000089e00000, 0x0000000089e00000| Untracked 
| 159|0x0000000089f00000, 0x0000000089f00000, 0x000000008a000000|  0%| F|  |TAMS 0x0000000089f00000, 0x0000000089f00000| Untracked 
| 160|0x000000008a000000, 0x000000008a000000, 0x000000008a100000|  0%| F|  |TAMS 0x000000008a000000, 0x000000008a000000| Untracked 
| 161|0x000000008a100000, 0x000000008a100000, 0x000000008a200000|  0%| F|  |TAMS 0x000000008a100000, 0x000000008a100000| Untracked 
| 162|0x000000008a200000, 0x000000008a200000, 0x000000008a300000|  0%| F|  |TAMS 0x000000008a200000, 0x000000008a200000| Untracked 
| 163|0x000000008a300000, 0x000000008a300000, 0x000000008a400000|  0%| F|  |TAMS 0x000000008a300000, 0x000000008a300000| Untracked 
| 164|0x000000008a400000, 0x000000008a400000, 0x000000008a500000|  0%| F|  |TAMS 0x000000008a400000, 0x000000008a400000| Untracked 
| 165|0x000000008a500000, 0x000000008a500000, 0x000000008a600000|  0%| F|  |TAMS 0x000000008a500000, 0x000000008a500000| Untracked 
| 166|0x000000008a600000, 0x000000008a600000, 0x000000008a700000|  0%| F|  |TAMS 0x000000008a600000, 0x000000008a600000| Untracked 
| 167|0x000000008a700000, 0x000000008a700000, 0x000000008a800000|  0%| F|  |TAMS 0x000000008a700000, 0x000000008a700000| Untracked 
| 168|0x000000008a800000, 0x000000008a800000, 0x000000008a900000|  0%| F|  |TAMS 0x000000008a800000, 0x000000008a800000| Untracked 
| 169|0x000000008a900000, 0x000000008a900000, 0x000000008aa00000|  0%| F|  |TAMS 0x000000008a900000, 0x000000008a900000| Untracked 
| 170|0x000000008aa00000, 0x000000008aa00000, 0x000000008ab00000|  0%| F|  |TAMS 0x000000008aa00000, 0x000000008aa00000| Untracked 
| 171|0x000000008ab00000, 0x000000008ab00000, 0x000000008ac00000|  0%| F|  |TAMS 0x000000008ab00000, 0x000000008ab00000| Untracked 
| 172|0x000000008ac00000, 0x000000008ac00000, 0x000000008ad00000|  0%| F|  |TAMS 0x000000008ac00000, 0x000000008ac00000| Untracked 
| 173|0x000000008ad00000, 0x000000008ad00000, 0x000000008ae00000|  0%| F|  |TAMS 0x000000008ad00000, 0x000000008ad00000| Untracked 
| 174|0x000000008ae00000, 0x000000008ae00000, 0x000000008af00000|  0%| F|  |TAMS 0x000000008ae00000, 0x000000008ae00000| Untracked 
| 175|0x000000008af00000, 0x000000008af00000, 0x000000008b000000|  0%| F|  |TAMS 0x000000008af00000, 0x000000008af00000| Untracked 
| 176|0x000000008b000000, 0x000000008b000000, 0x000000008b100000|  0%| F|  |TAMS 0x000000008b000000, 0x000000008b000000| Untracked 
| 177|0x000000008b100000, 0x000000008b100000, 0x000000008b200000|  0%| F|  |TAMS 0x000000008b100000, 0x000000008b100000| Untracked 
| 178|0x000000008b200000, 0x000000008b200000, 0x000000008b300000|  0%| F|  |TAMS 0x000000008b200000, 0x000000008b200000| Untracked 
| 179|0x000000008b300000, 0x000000008b300000, 0x000000008b400000|  0%| F|  |TAMS 0x000000008b300000, 0x000000008b300000| Untracked 
| 180|0x000000008b400000, 0x000000008b400000, 0x000000008b500000|  0%| F|  |TAMS 0x000000008b400000, 0x000000008b400000| Untracked 
| 181|0x000000008b500000, 0x000000008b500000, 0x000000008b600000|  0%| F|  |TAMS 0x000000008b500000, 0x000000008b500000| Untracked 
| 182|0x000000008b600000, 0x000000008b600000, 0x000000008b700000|  0%| F|  |TAMS 0x000000008b600000, 0x000000008b600000| Untracked 
| 183|0x000000008b700000, 0x000000008b700000, 0x000000008b800000|  0%| F|  |TAMS 0x000000008b700000, 0x000000008b700000| Untracked 
| 184|0x000000008b800000, 0x000000008b800000, 0x000000008b900000|  0%| F|  |TAMS 0x000000008b800000, 0x000000008b800000| Untracked 
| 185|0x000000008b900000, 0x000000008b900000, 0x000000008ba00000|  0%| F|  |TAMS 0x000000008b900000, 0x000000008b900000| Untracked 
| 186|0x000000008ba00000, 0x000000008ba00000, 0x000000008bb00000|  0%| F|  |TAMS 0x000000008ba00000, 0x000000008ba00000| Untracked 
| 187|0x000000008bb00000, 0x000000008bb00000, 0x000000008bc00000|  0%| F|  |TAMS 0x000000008bb00000, 0x000000008bb00000| Untracked 
| 188|0x000000008bc00000, 0x000000008bc00000, 0x000000008bd00000|  0%| F|  |TAMS 0x000000008bc00000, 0x000000008bc00000| Untracked 
| 189|0x000000008bd00000, 0x000000008bd00000, 0x000000008be00000|  0%| F|  |TAMS 0x000000008bd00000, 0x000000008bd00000| Untracked 
| 190|0x000000008be00000, 0x000000008be00000, 0x000000008bf00000|  0%| F|  |TAMS 0x000000008be00000, 0x000000008be00000| Untracked 
| 191|0x000000008bf00000, 0x000000008bf00000, 0x000000008c000000|  0%| F|  |TAMS 0x000000008bf00000, 0x000000008bf00000| Untracked 
| 192|0x000000008c000000, 0x000000008c000000, 0x000000008c100000|  0%| F|  |TAMS 0x000000008c000000, 0x000000008c000000| Untracked 
| 193|0x000000008c100000, 0x000000008c100000, 0x000000008c200000|  0%| F|  |TAMS 0x000000008c100000, 0x000000008c100000| Untracked 
| 194|0x000000008c200000, 0x000000008c200000, 0x000000008c300000|  0%| F|  |TAMS 0x000000008c200000, 0x000000008c200000| Untracked 
| 195|0x000000008c300000, 0x000000008c300000, 0x000000008c400000|  0%| F|  |TAMS 0x000000008c300000, 0x000000008c300000| Untracked 
| 196|0x000000008c400000, 0x000000008c400000, 0x000000008c500000|  0%| F|  |TAMS 0x000000008c400000, 0x000000008c400000| Untracked 
| 197|0x000000008c500000, 0x000000008c500000, 0x000000008c600000|  0%| F|  |TAMS 0x000000008c500000, 0x000000008c500000| Untracked 
| 198|0x000000008c600000, 0x000000008c600000, 0x000000008c700000|  0%| F|  |TAMS 0x000000008c600000, 0x000000008c600000| Untracked 
| 199|0x000000008c700000, 0x000000008c700000, 0x000000008c800000|  0%| F|  |TAMS 0x000000008c700000, 0x000000008c700000| Untracked 
| 200|0x000000008c800000, 0x000000008c800000, 0x000000008c900000|  0%| F|  |TAMS 0x000000008c800000, 0x000000008c800000| Untracked 
| 201|0x000000008c900000, 0x000000008c900000, 0x000000008ca00000|  0%| F|  |TAMS 0x000000008c900000, 0x000000008c900000| Untracked 
| 202|0x000000008ca00000, 0x000000008ca00000, 0x000000008cb00000|  0%| F|  |TAMS 0x000000008ca00000, 0x000000008ca00000| Untracked 
| 203|0x000000008cb00000, 0x000000008cb00000, 0x000000008cc00000|  0%| F|  |TAMS 0x000000008cb00000, 0x000000008cb00000| Untracked 
| 204|0x000000008cc00000, 0x000000008cc00000, 0x000000008cd00000|  0%| F|  |TAMS 0x000000008cc00000, 0x000000008cc00000| Untracked 
| 205|0x000000008cd00000, 0x000000008cd00000, 0x000000008ce00000|  0%| F|  |TAMS 0x000000008cd00000, 0x000000008cd00000| Untracked 
| 206|0x000000008ce00000, 0x000000008ce00000, 0x000000008cf00000|  0%| F|  |TAMS 0x000000008ce00000, 0x000000008ce00000| Untracked 
| 207|0x000000008cf00000, 0x000000008cf00000, 0x000000008d000000|  0%| F|  |TAMS 0x000000008cf00000, 0x000000008cf00000| Untracked 
| 208|0x000000008d000000, 0x000000008d000000, 0x000000008d100000|  0%| F|  |TAMS 0x000000008d000000, 0x000000008d000000| Untracked 
| 209|0x000000008d100000, 0x000000008d100000, 0x000000008d200000|  0%| F|  |TAMS 0x000000008d100000, 0x000000008d100000| Untracked 
| 210|0x000000008d200000, 0x000000008d200000, 0x000000008d300000|  0%| F|  |TAMS 0x000000008d200000, 0x000000008d200000| Untracked 
| 211|0x000000008d300000, 0x000000008d300000, 0x000000008d400000|  0%| F|  |TAMS 0x000000008d300000, 0x000000008d300000| Untracked 
| 212|0x000000008d400000, 0x000000008d400000, 0x000000008d500000|  0%| F|  |TAMS 0x000000008d400000, 0x000000008d400000| Untracked 
| 213|0x000000008d500000, 0x000000008d500000, 0x000000008d600000|  0%| F|  |TAMS 0x000000008d500000, 0x000000008d500000| Untracked 
| 214|0x000000008d600000, 0x000000008d600000, 0x000000008d700000|  0%| F|  |TAMS 0x000000008d600000, 0x000000008d600000| Untracked 
| 215|0x000000008d700000, 0x000000008d700000, 0x000000008d800000|  0%| F|  |TAMS 0x000000008d700000, 0x000000008d700000| Untracked 
| 216|0x000000008d800000, 0x000000008d800000, 0x000000008d900000|  0%| F|  |TAMS 0x000000008d800000, 0x000000008d800000| Untracked 
| 217|0x000000008d900000, 0x000000008d900000, 0x000000008da00000|  0%| F|  |TAMS 0x000000008d900000, 0x000000008d900000| Untracked 
| 218|0x000000008da00000, 0x000000008da00000, 0x000000008db00000|  0%| F|  |TAMS 0x000000008da00000, 0x000000008da00000| Untracked 
| 219|0x000000008db00000, 0x000000008db00000, 0x000000008dc00000|  0%| F|  |TAMS 0x000000008db00000, 0x000000008db00000| Untracked 
| 220|0x000000008dc00000, 0x000000008dc00000, 0x000000008dd00000|  0%| F|  |TAMS 0x000000008dc00000, 0x000000008dc00000| Untracked 
| 221|0x000000008dd00000, 0x000000008dd00000, 0x000000008de00000|  0%| F|  |TAMS 0x000000008dd00000, 0x000000008dd00000| Untracked 
| 222|0x000000008de00000, 0x000000008de00000, 0x000000008df00000|  0%| F|  |TAMS 0x000000008de00000, 0x000000008de00000| Untracked 
| 223|0x000000008df00000, 0x000000008df00000, 0x000000008e000000|  0%| F|  |TAMS 0x000000008df00000, 0x000000008df00000| Untracked 
| 224|0x000000008e000000, 0x000000008e000000, 0x000000008e100000|  0%| F|  |TAMS 0x000000008e000000, 0x000000008e000000| Untracked 
| 225|0x000000008e100000, 0x000000008e100000, 0x000000008e200000|  0%| F|  |TAMS 0x000000008e100000, 0x000000008e100000| Untracked 
| 226|0x000000008e200000, 0x000000008e200000, 0x000000008e300000|  0%| F|  |TAMS 0x000000008e200000, 0x000000008e200000| Untracked 
| 227|0x000000008e300000, 0x000000008e300000, 0x000000008e400000|  0%| F|  |TAMS 0x000000008e300000, 0x000000008e300000| Untracked 
| 228|0x000000008e400000, 0x000000008e400000, 0x000000008e500000|  0%| F|  |TAMS 0x000000008e400000, 0x000000008e400000| Untracked 
| 229|0x000000008e500000, 0x000000008e500000, 0x000000008e600000|  0%| F|  |TAMS 0x000000008e500000, 0x000000008e500000| Untracked 
| 230|0x000000008e600000, 0x000000008e600000, 0x000000008e700000|  0%| F|  |TAMS 0x000000008e600000, 0x000000008e600000| Untracked 
| 231|0x000000008e700000, 0x000000008e700000, 0x000000008e800000|  0%| F|  |TAMS 0x000000008e700000, 0x000000008e700000| Untracked 
| 232|0x000000008e800000, 0x000000008e800000, 0x000000008e900000|  0%| F|  |TAMS 0x000000008e800000, 0x000000008e800000| Untracked 
| 233|0x000000008e900000, 0x000000008e900000, 0x000000008ea00000|  0%| F|  |TAMS 0x000000008e900000, 0x000000008e900000| Untracked 
| 234|0x000000008ea00000, 0x000000008ea00000, 0x000000008eb00000|  0%| F|  |TAMS 0x000000008ea00000, 0x000000008ea00000| Untracked 
| 235|0x000000008eb00000, 0x000000008eb00000, 0x000000008ec00000|  0%| F|  |TAMS 0x000000008eb00000, 0x000000008eb00000| Untracked 
| 236|0x000000008ec00000, 0x000000008ec00000, 0x000000008ed00000|  0%| F|  |TAMS 0x000000008ec00000, 0x000000008ec00000| Untracked 
| 237|0x000000008ed00000, 0x000000008ed00000, 0x000000008ee00000|  0%| F|  |TAMS 0x000000008ed00000, 0x000000008ed00000| Untracked 
| 238|0x000000008ee00000, 0x000000008ee00000, 0x000000008ef00000|  0%| F|  |TAMS 0x000000008ee00000, 0x000000008ee00000| Untracked 
| 239|0x000000008ef00000, 0x000000008ef00000, 0x000000008f000000|  0%| F|  |TAMS 0x000000008ef00000, 0x000000008ef00000| Untracked 
| 240|0x000000008f000000, 0x000000008f000000, 0x000000008f100000|  0%| F|  |TAMS 0x000000008f000000, 0x000000008f000000| Untracked 
| 241|0x000000008f100000, 0x000000008f100000, 0x000000008f200000|  0%| F|  |TAMS 0x000000008f100000, 0x000000008f100000| Untracked 
| 242|0x000000008f200000, 0x000000008f200000, 0x000000008f300000|  0%| F|  |TAMS 0x000000008f200000, 0x000000008f200000| Untracked 
| 243|0x000000008f300000, 0x000000008f300000, 0x000000008f400000|  0%| F|  |TAMS 0x000000008f300000, 0x000000008f300000| Untracked 
| 244|0x000000008f400000, 0x000000008f400000, 0x000000008f500000|  0%| F|  |TAMS 0x000000008f400000, 0x000000008f400000| Untracked 
| 245|0x000000008f500000, 0x000000008f500000, 0x000000008f600000|  0%| F|  |TAMS 0x000000008f500000, 0x000000008f500000| Untracked 
| 246|0x000000008f600000, 0x000000008f600000, 0x000000008f700000|  0%| F|  |TAMS 0x000000008f600000, 0x000000008f600000| Untracked 
| 247|0x000000008f700000, 0x000000008f700000, 0x000000008f800000|  0%| F|  |TAMS 0x000000008f700000, 0x000000008f700000| Untracked 
| 248|0x000000008f800000, 0x000000008f800000, 0x000000008f900000|  0%| F|  |TAMS 0x000000008f800000, 0x000000008f800000| Untracked 
| 249|0x000000008f900000, 0x000000008f900000, 0x000000008fa00000|  0%| F|  |TAMS 0x000000008f900000, 0x000000008f900000| Untracked 
| 250|0x000000008fa00000, 0x000000008fa00000, 0x000000008fb00000|  0%| F|  |TAMS 0x000000008fa00000, 0x000000008fa00000| Untracked 
| 251|0x000000008fb00000, 0x000000008fb00000, 0x000000008fc00000|  0%| F|  |TAMS 0x000000008fb00000, 0x000000008fb00000| Untracked 
| 252|0x000000008fc00000, 0x000000008fc00000, 0x000000008fd00000|  0%| F|  |TAMS 0x000000008fc00000, 0x000000008fc00000| Untracked 
| 253|0x000000008fd00000, 0x000000008fd00000, 0x000000008fe00000|  0%| F|  |TAMS 0x000000008fd00000, 0x000000008fd00000| Untracked 
| 254|0x000000008fe00000, 0x000000008fe00000, 0x000000008ff00000|  0%| F|  |TAMS 0x000000008fe00000, 0x000000008fe00000| Untracked 
| 255|0x000000008ff00000, 0x000000008ff00000, 0x0000000090000000|  0%| F|  |TAMS 0x000000008ff00000, 0x000000008ff00000| Untracked 
| 256|0x0000000090000000, 0x0000000090000000, 0x0000000090100000|  0%| F|  |TAMS 0x0000000090000000, 0x0000000090000000| Untracked 
| 257|0x0000000090100000, 0x0000000090100000, 0x0000000090200000|  0%| F|  |TAMS 0x0000000090100000, 0x0000000090100000| Untracked 
| 258|0x0000000090200000, 0x0000000090200000, 0x0000000090300000|  0%| F|  |TAMS 0x0000000090200000, 0x0000000090200000| Untracked 
| 259|0x0000000090300000, 0x0000000090300000, 0x0000000090400000|  0%| F|  |TAMS 0x0000000090300000, 0x0000000090300000| Untracked 
| 260|0x0000000090400000, 0x0000000090400000, 0x0000000090500000|  0%| F|  |TAMS 0x0000000090400000, 0x0000000090400000| Untracked 
| 261|0x0000000090500000, 0x0000000090500000, 0x0000000090600000|  0%| F|  |TAMS 0x0000000090500000, 0x0000000090500000| Untracked 
| 262|0x0000000090600000, 0x0000000090600000, 0x0000000090700000|  0%| F|  |TAMS 0x0000000090600000, 0x0000000090600000| Untracked 
| 263|0x0000000090700000, 0x0000000090700000, 0x0000000090800000|  0%| F|  |TAMS 0x0000000090700000, 0x0000000090700000| Untracked 
| 264|0x0000000090800000, 0x0000000090800000, 0x0000000090900000|  0%| F|  |TAMS 0x0000000090800000, 0x0000000090800000| Untracked 
| 265|0x0000000090900000, 0x0000000090900000, 0x0000000090a00000|  0%| F|  |TAMS 0x0000000090900000, 0x0000000090900000| Untracked 
| 266|0x0000000090a00000, 0x0000000090a00000, 0x0000000090b00000|  0%| F|  |TAMS 0x0000000090a00000, 0x0000000090a00000| Untracked 
| 267|0x0000000090b00000, 0x0000000090b00000, 0x0000000090c00000|  0%| F|  |TAMS 0x0000000090b00000, 0x0000000090b00000| Untracked 
| 268|0x0000000090c00000, 0x0000000090c00000, 0x0000000090d00000|  0%| F|  |TAMS 0x0000000090c00000, 0x0000000090c00000| Untracked 
| 269|0x0000000090d00000, 0x0000000090d00000, 0x0000000090e00000|  0%| F|  |TAMS 0x0000000090d00000, 0x0000000090d00000| Untracked 
| 270|0x0000000090e00000, 0x0000000090e00000, 0x0000000090f00000|  0%| F|  |TAMS 0x0000000090e00000, 0x0000000090e00000| Untracked 
| 271|0x0000000090f00000, 0x0000000090f00000, 0x0000000091000000|  0%| F|  |TAMS 0x0000000090f00000, 0x0000000090f00000| Untracked 
| 272|0x0000000091000000, 0x0000000091000000, 0x0000000091100000|  0%| F|  |TAMS 0x0000000091000000, 0x0000000091000000| Untracked 
| 273|0x0000000091100000, 0x0000000091100000, 0x0000000091200000|  0%| F|  |TAMS 0x0000000091100000, 0x0000000091100000| Untracked 
| 274|0x0000000091200000, 0x0000000091200000, 0x0000000091300000|  0%| F|  |TAMS 0x0000000091200000, 0x0000000091200000| Untracked 
| 275|0x0000000091300000, 0x0000000091300000, 0x0000000091400000|  0%| F|  |TAMS 0x0000000091300000, 0x0000000091300000| Untracked 
| 276|0x0000000091400000, 0x0000000091400000, 0x0000000091500000|  0%| F|  |TAMS 0x0000000091400000, 0x0000000091400000| Untracked 
| 277|0x0000000091500000, 0x0000000091500000, 0x0000000091600000|  0%| F|  |TAMS 0x0000000091500000, 0x0000000091500000| Untracked 
| 278|0x0000000091600000, 0x0000000091600000, 0x0000000091700000|  0%| F|  |TAMS 0x0000000091600000, 0x0000000091600000| Untracked 
| 279|0x0000000091700000, 0x0000000091700000, 0x0000000091800000|  0%| F|  |TAMS 0x0000000091700000, 0x0000000091700000| Untracked 
| 280|0x0000000091800000, 0x0000000091800000, 0x0000000091900000|  0%| F|  |TAMS 0x0000000091800000, 0x0000000091800000| Untracked 
| 281|0x0000000091900000, 0x0000000091900000, 0x0000000091a00000|  0%| F|  |TAMS 0x0000000091900000, 0x0000000091900000| Untracked 
| 282|0x0000000091a00000, 0x0000000091a00000, 0x0000000091b00000|  0%| F|  |TAMS 0x0000000091a00000, 0x0000000091a00000| Untracked 
| 283|0x0000000091b00000, 0x0000000091b00000, 0x0000000091c00000|  0%| F|  |TAMS 0x0000000091b00000, 0x0000000091b00000| Untracked 
| 284|0x0000000091c00000, 0x0000000091c00000, 0x0000000091d00000|  0%| F|  |TAMS 0x0000000091c00000, 0x0000000091c00000| Untracked 
| 285|0x0000000091d00000, 0x0000000091d00000, 0x0000000091e00000|  0%| F|  |TAMS 0x0000000091d00000, 0x0000000091d00000| Untracked 
| 286|0x0000000091e00000, 0x0000000091e00000, 0x0000000091f00000|  0%| F|  |TAMS 0x0000000091e00000, 0x0000000091e00000| Untracked 
| 287|0x0000000091f00000, 0x0000000091f00000, 0x0000000092000000|  0%| F|  |TAMS 0x0000000091f00000, 0x0000000091f00000| Untracked 
| 288|0x0000000092000000, 0x0000000092000000, 0x0000000092100000|  0%| F|  |TAMS 0x0000000092000000, 0x0000000092000000| Untracked 
| 289|0x0000000092100000, 0x0000000092100000, 0x0000000092200000|  0%| F|  |TAMS 0x0000000092100000, 0x0000000092100000| Untracked 
| 290|0x0000000092200000, 0x0000000092200000, 0x0000000092300000|  0%| F|  |TAMS 0x0000000092200000, 0x0000000092200000| Untracked 
| 291|0x0000000092300000, 0x0000000092300000, 0x0000000092400000|  0%| F|  |TAMS 0x0000000092300000, 0x0000000092300000| Untracked 
| 292|0x0000000092400000, 0x0000000092400000, 0x0000000092500000|  0%| F|  |TAMS 0x0000000092400000, 0x0000000092400000| Untracked 
| 293|0x0000000092500000, 0x0000000092500000, 0x0000000092600000|  0%| F|  |TAMS 0x0000000092500000, 0x0000000092500000| Untracked 
| 294|0x0000000092600000, 0x0000000092600000, 0x0000000092700000|  0%| F|  |TAMS 0x0000000092600000, 0x0000000092600000| Untracked 
| 295|0x0000000092700000, 0x0000000092700000, 0x0000000092800000|  0%| F|  |TAMS 0x0000000092700000, 0x0000000092700000| Untracked 
| 296|0x0000000092800000, 0x0000000092800000, 0x0000000092900000|  0%| F|  |TAMS 0x0000000092800000, 0x0000000092800000| Untracked 
| 297|0x0000000092900000, 0x0000000092900000, 0x0000000092a00000|  0%| F|  |TAMS 0x0000000092900000, 0x0000000092900000| Untracked 
| 298|0x0000000092a00000, 0x0000000092a00000, 0x0000000092b00000|  0%| F|  |TAMS 0x0000000092a00000, 0x0000000092a00000| Untracked 
| 299|0x0000000092b00000, 0x0000000092c00000, 0x0000000092c00000|100%| S|CS|TAMS 0x0000000092b00000, 0x0000000092b00000| Complete 
| 300|0x0000000092c00000, 0x0000000092d00000, 0x0000000092d00000|100%| S|CS|TAMS 0x0000000092c00000, 0x0000000092c00000| Complete 
| 301|0x0000000092d00000, 0x0000000092d00000, 0x0000000092e00000|  0%| F|  |TAMS 0x0000000092d00000, 0x0000000092d00000| Untracked 
| 302|0x0000000092e00000, 0x0000000092e00000, 0x0000000092f00000|  0%| F|  |TAMS 0x0000000092e00000, 0x0000000092e00000| Untracked 
| 303|0x0000000092f00000, 0x0000000092f00000, 0x0000000093000000|  0%| F|  |TAMS 0x0000000092f00000, 0x0000000092f00000| Untracked 
| 304|0x0000000093000000, 0x0000000093000000, 0x0000000093100000|  0%| F|  |TAMS 0x0000000093000000, 0x0000000093000000| Untracked 
| 305|0x0000000093100000, 0x0000000093100000, 0x0000000093200000|  0%| F|  |TAMS 0x0000000093100000, 0x0000000093100000| Untracked 
| 306|0x0000000093200000, 0x0000000093200000, 0x0000000093300000|  0%| F|  |TAMS 0x0000000093200000, 0x0000000093200000| Untracked 
| 307|0x0000000093300000, 0x0000000093300000, 0x0000000093400000|  0%| F|  |TAMS 0x0000000093300000, 0x0000000093300000| Untracked 
| 308|0x0000000093400000, 0x0000000093400000, 0x0000000093500000|  0%| F|  |TAMS 0x0000000093400000, 0x0000000093400000| Untracked 
| 309|0x0000000093500000, 0x0000000093500000, 0x0000000093600000|  0%| F|  |TAMS 0x0000000093500000, 0x0000000093500000| Untracked 
| 310|0x0000000093600000, 0x0000000093600000, 0x0000000093700000|  0%| F|  |TAMS 0x0000000093600000, 0x0000000093600000| Untracked 
| 311|0x0000000093700000, 0x0000000093700000, 0x0000000093800000|  0%| F|  |TAMS 0x0000000093700000, 0x0000000093700000| Untracked 
| 312|0x0000000093800000, 0x0000000093800000, 0x0000000093900000|  0%| F|  |TAMS 0x0000000093800000, 0x0000000093800000| Untracked 
| 313|0x0000000093900000, 0x0000000093900000, 0x0000000093a00000|  0%| F|  |TAMS 0x0000000093900000, 0x0000000093900000| Untracked 

Card table byte_map: [0x0000029f5b200000,0x0000029f5b600000] _byte_map_base: 0x0000029f5ae00000

Marking Bits (Prev, Next): (CMBitMap*) 0x0000029f488c8f48, (CMBitMap*) 0x0000029f488c8f80
 Prev Bits: [0x0000029f5ba00000, 0x0000029f5da00000)
 Next Bits: [0x0000029f5da00000, 0x0000029f5fa00000)

Polling page: 0x0000029f46800000

Metaspace:

Usage:
  Non-class:     90.37 MB capacity,    88.76 MB ( 98%) used,     1.37 MB (  2%) free+waste,   257.19 KB ( <1%) overhead. 
      Class:     12.98 MB capacity,    12.21 MB ( 94%) used,   687.01 KB (  5%) free+waste,   110.25 KB ( <1%) overhead. 
       Both:    103.36 MB capacity,   100.96 MB ( 98%) used,     2.04 MB (  2%) free+waste,   367.44 KB ( <1%) overhead. 

Virtual space:
  Non-class space:       92.00 MB reserved,      90.50 MB ( 98%) committed 
      Class space:        1.00 GB reserved,      13.00 MB (  1%) committed 
             Both:        1.09 GB reserved,     103.50 MB (  9%) committed 

Chunk freelists:
   Non-Class:  65.00 KB
       Class:  10.00 KB
        Both:  75.00 KB

MaxMetaspaceSize: 17179869184.00 GB
CompressedClassSpaceSize: 1.00 GB

CodeHeap 'non-profiled nmethods': size=120064Kb used=10873Kb max_used=10873Kb free=109190Kb
 bounds [0x0000029f53cc0000, 0x0000029f54790000, 0x0000029f5b200000]
CodeHeap 'profiled nmethods': size=120000Kb used=32856Kb max_used=34443Kb free=87143Kb
 bounds [0x0000029f4c790000, 0x0000029f4e950000, 0x0000029f53cc0000]
CodeHeap 'non-nmethods': size=5696Kb used=2283Kb max_used=2335Kb free=3412Kb
 bounds [0x0000029f4c200000, 0x0000029f4c470000, 0x0000029f4c790000]
 total_blobs=16571 nmethods=15661 adapters=822
 compilation: enabled
              stopped_count=0, restarted_count=0
 full_count=0

Compilation events (20 events):
Event: 2416.123 Thread 0x0000029f62712800 nmethod 18343 0x0000029f542d9a10 code [0x0000029f542d9c40, 0x0000029f542da1b0]
Event: 2416.123 Thread 0x0000029f62712800 18344       4       com.android.tools.r8.graph.DexMethod::collectIndexedItemsExceptName (34 bytes)
Event: 2416.132 Thread 0x0000029f62715800 18357       2       com.android.tools.r8.code.Format22s::collectIndexedItems (1 bytes)
Event: 2416.132 Thread 0x0000029f62715800 nmethod 18357 0x0000029f4d4c3710 code [0x0000029f4d4c38c0, 0x0000029f4d4c39b8]
Event: 2416.138 Thread 0x0000029f62715800 18358       2       com.android.tools.r8.code.AndInt2Addr::collectIndexedItems (8 bytes)
Event: 2416.138 Thread 0x0000029f62715800 nmethod 18358 0x0000029f4d4ca910 code [0x0000029f4d4caac0, 0x0000029f4d4cabb8]
Event: 2416.140 Thread 0x0000029f62712800 nmethod 18344 0x0000029f542d8d90 code [0x0000029f542d8fc0, 0x0000029f542d9480]
Event: 2416.140 Thread 0x0000029f62712800 18335       4       com.android.tools.r8.graph.DexItemFactory::assignSortedIndices (68 bytes)
Event: 2416.150 Thread 0x0000029f62715800 18359       2       com.android.tools.r8.code.ConstWide::collectIndexedItems (8 bytes)
Event: 2416.151 Thread 0x0000029f62715800 nmethod 18359 0x0000029f4d4ca590 code [0x0000029f4d4ca740, 0x0000029f4d4ca838]
Event: 2416.164 Thread 0x0000029f62712800 nmethod 18335 0x0000029f542e3790 code [0x0000029f542e3980, 0x0000029f542e4018]
Event: 2416.164 Thread 0x0000029f62712800 18355       4       com.android.tools.r8.graph.DexValue$DexValueInt::collectIndexedItems (8 bytes)
Event: 2416.165 Thread 0x0000029f62712800 nmethod 18355 0x0000029f5429ac10 code [0x0000029f5429ada0, 0x0000029f5429adf8]
Event: 2416.165 Thread 0x0000029f62712800 18354       4       com.android.tools.r8.dex.VirtualFile$IndexedItemTransaction::getRenamedName (34 bytes)
Event: 2416.166 Thread 0x0000029f62712800 nmethod 18354 0x0000029f5429a910 code [0x0000029f5429aaa0, 0x0000029f5429ab38]
Event: 2416.166 Thread 0x0000029f62712800 18337       4       com.android.tools.r8.graph.DexProgramClass$$Lambda$520/0x0000000100a95c40::apply (8 bytes)
Event: 2416.168 Thread 0x0000029f62712800 nmethod 18337 0x0000029f5429f310 code [0x0000029f5429f4a0, 0x0000029f5429f538]
Event: 2416.168 Thread 0x0000029f62712800 18347       4       com.android.tools.r8.graph.DexEncodedField::collectIndexedItems (41 bytes)
Event: 2416.193 Thread 0x0000029f62715800 18366       2       com.android.tools.r8.code.AddDouble2Addr::collectIndexedItems (8 bytes)
Event: 2416.193 Thread 0x0000029f62715800 nmethod 18366 0x0000029f4d4cc890 code [0x0000029f4d4cca40, 0x0000029f4d4ccb38]

GC Heap History (20 events):
Event: 2390.232 GC heap after
{Heap after GC invocations=102 (full 0):
 garbage-first heap   total 267264K, used 106476K [0x0000000080000000, 0x0000000100000000)
  region size 1024K, 2 young (2048K), 2 survivors (2048K)
 Metaspace       used 97253K, capacity 99564K, committed 99968K, reserved 1136640K
  class space    used 11889K, capacity 12595K, committed 12672K, reserved 1048576K
}
Event: 2394.391 GC heap before
{Heap before GC invocations=102 (full 0):
 garbage-first heap   total 267264K, used 167916K [0x0000000080000000, 0x0000000100000000)
  region size 1024K, 62 young (63488K), 2 survivors (2048K)
 Metaspace       used 99130K, capacity 101492K, committed 101632K, reserved 1138688K
  class space    used 12045K, capacity 12782K, committed 12800K, reserved 1048576K
}
Event: 2394.494 GC heap after
{Heap after GC invocations=103 (full 0):
 garbage-first heap   total 267264K, used 119709K [0x0000000080000000, 0x0000000100000000)
  region size 1024K, 8 young (8192K), 8 survivors (8192K)
 Metaspace       used 99130K, capacity 101492K, committed 101632K, reserved 1138688K
  class space    used 12045K, capacity 12782K, committed 12800K, reserved 1048576K
}
Event: 2403.778 GC heap before
{Heap before GC invocations=104 (full 0):
 garbage-first heap   total 267264K, used 154525K [0x0000000080000000, 0x0000000100000000)
  region size 1024K, 42 young (43008K), 8 survivors (8192K)
 Metaspace       used 99783K, capacity 102150K, committed 102272K, reserved 1138688K
  class space    used 12088K, capacity 12872K, committed 12928K, reserved 1048576K
}
Event: 2403.840 GC heap after
{Heap after GC invocations=105 (full 0):
 garbage-first heap   total 267264K, used 116736K [0x0000000080000000, 0x0000000100000000)
  region size 1024K, 2 young (2048K), 2 survivors (2048K)
 Metaspace       used 99783K, capacity 102150K, committed 102272K, reserved 1138688K
  class space    used 12088K, capacity 12872K, committed 12928K, reserved 1048576K
}
Event: 2404.976 GC heap before
{Heap before GC invocations=105 (full 0):
 garbage-first heap   total 267264K, used 180224K [0x0000000080000000, 0x0000000100000000)
  region size 1024K, 65 young (66560K), 2 survivors (2048K)
 Metaspace       used 99807K, capacity 102214K, committed 102272K, reserved 1138688K
  class space    used 12088K, capacity 12872K, committed 12928K, reserved 1048576K
}
Event: 2405.000 GC heap after
{Heap after GC invocations=106 (full 0):
 garbage-first heap   total 267264K, used 117287K [0x0000000080000000, 0x0000000100000000)
  region size 1024K, 3 young (3072K), 3 survivors (3072K)
 Metaspace       used 99807K, capacity 102214K, committed 102272K, reserved 1138688K
  class space    used 12088K, capacity 12872K, committed 12928K, reserved 1048576K
}
Event: 2409.189 GC heap before
{Heap before GC invocations=107 (full 0):
 garbage-first heap   total 267264K, used 182823K [0x0000000080000000, 0x0000000100000000)
  region size 1024K, 70 young (71680K), 3 survivors (3072K)
 Metaspace       used 103105K, capacity 105599K, committed 105728K, reserved 1142784K
  class space    used 12472K, capacity 13291K, committed 13312K, reserved 1048576K
}
Event: 2409.256 GC heap after
{Heap after GC invocations=108 (full 0):
 garbage-first heap   total 267264K, used 120577K [0x0000000080000000, 0x0000000100000000)
  region size 1024K, 9 young (9216K), 9 survivors (9216K)
 Metaspace       used 103105K, capacity 105599K, committed 105728K, reserved 1142784K
  class space    used 12472K, capacity 13291K, committed 13312K, reserved 1048576K
}
Event: 2409.579 GC heap before
{Heap before GC invocations=108 (full 0):
 garbage-first heap   total 267264K, used 124673K [0x0000000080000000, 0x0000000100000000)
  region size 1024K, 13 young (13312K), 9 survivors (9216K)
 Metaspace       used 103271K, capacity 105756K, committed 105984K, reserved 1142784K
  class space    used 12488K, capacity 13302K, committed 13312K, reserved 1048576K
}
Event: 2409.657 GC heap after
{Heap after GC invocations=109 (full 0):
 garbage-first heap   total 321536K, used 113013K [0x0000000080000000, 0x0000000100000000)
  region size 1024K, 1 young (1024K), 1 survivors (1024K)
 Metaspace       used 103271K, capacity 105756K, committed 105984K, reserved 1142784K
  class space    used 12488K, capacity 13302K, committed 13312K, reserved 1048576K
}
Event: 2411.457 GC heap before
{Heap before GC invocations=109 (full 0):
 garbage-first heap   total 321536K, used 128373K [0x0000000080000000, 0x0000000100000000)
  region size 1024K, 18 young (18432K), 1 survivors (1024K)
 Metaspace       used 103402K, capacity 105897K, committed 105984K, reserved 1142784K
  class space    used 12504K, capacity 13306K, committed 13312K, reserved 1048576K
}
Event: 2411.477 GC heap after
{Heap after GC invocations=110 (full 0):
 garbage-first heap   total 321536K, used 112310K [0x0000000080000000, 0x0000000100000000)
  region size 1024K, 3 young (3072K), 3 survivors (3072K)
 Metaspace       used 103402K, capacity 105897K, committed 105984K, reserved 1142784K
  class space    used 12504K, capacity 13306K, committed 13312K, reserved 1048576K
}
Event: 2413.236 GC heap before
{Heap before GC invocations=111 (full 0):
 garbage-first heap   total 321536K, used 188086K [0x0000000080000000, 0x0000000100000000)
  region size 1024K, 67 young (68608K), 3 survivors (3072K)
 Metaspace       used 103416K, capacity 105899K, committed 105984K, reserved 1142784K
  class space    used 12504K, capacity 13306K, committed 13312K, reserved 1048576K
}
Event: 2413.544 GC heap after
{Heap after GC invocations=112 (full 0):
 garbage-first heap   total 321536K, used 150252K [0x0000000080000000, 0x0000000100000000)
  region size 1024K, 9 young (9216K), 9 survivors (9216K)
 Metaspace       used 103416K, capacity 105899K, committed 105984K, reserved 1142784K
  class space    used 12504K, capacity 13306K, committed 13312K, reserved 1048576K
}
Event: 2413.734 GC heap before
{Heap before GC invocations=112 (full 0):
 garbage-first heap   total 321536K, used 155372K [0x0000000080000000, 0x0000000100000000)
  region size 1024K, 15 young (15360K), 9 survivors (9216K)
 Metaspace       used 103416K, capacity 105899K, committed 105984K, reserved 1142784K
  class space    used 12504K, capacity 13306K, committed 13312K, reserved 1048576K
}
Event: 2413.964 GC heap after
{Heap after GC invocations=113 (full 0):
 garbage-first heap   total 321536K, used 140288K [0x0000000080000000, 0x0000000100000000)
  region size 1024K, 2 young (2048K), 2 survivors (2048K)
 Metaspace       used 103416K, capacity 105899K, committed 105984K, reserved 1142784K
  class space    used 12504K, capacity 13306K, committed 13312K, reserved 1048576K
}
Event: 2414.248 GC heap before
{Heap before GC invocations=113 (full 0):
 garbage-first heap   total 321536K, used 153600K [0x0000000080000000, 0x0000000100000000)
  region size 1024K, 15 young (15360K), 2 survivors (2048K)
 Metaspace       used 103416K, capacity 105899K, committed 105984K, reserved 1142784K
  class space    used 12504K, capacity 13306K, committed 13312K, reserved 1048576K
}
Event: 2414.327 GC heap after
{Heap after GC invocations=114 (full 0):
 garbage-first heap   total 321536K, used 148736K [0x0000000080000000, 0x0000000100000000)
  region size 1024K, 2 young (2048K), 2 survivors (2048K)
 Metaspace       used 103416K, capacity 105899K, committed 105984K, reserved 1142784K
  class space    used 12504K, capacity 13306K, committed 13312K, reserved 1048576K
}
Event: 2416.196 GC heap before
{Heap before GC invocations=115 (full 0):
 garbage-first heap   total 321536K, used 153600K [0x0000000080000000, 0x0000000100000000)
  region size 1024K, 15 young (15360K), 2 survivors (2048K)
 Metaspace       used 103384K, capacity 105839K, committed 105984K, reserved 1142784K
  class space    used 12498K, capacity 13296K, committed 13312K, reserved 1048576K
}

Deoptimization events (20 events):
Event: 2414.108 Thread 0x0000029f673cf000 DEOPT PACKING pc=0x0000029f4df8f05e sp=0x000000dc2c3fe940
Event: 2414.108 Thread 0x0000029f673cf000 DEOPT UNPACKING pc=0x0000029f4c2266bf sp=0x000000dc2c3fdea8 mode 0
Event: 2415.482 Thread 0x0000029f673ce000 DEOPT PACKING pc=0x0000029f4dfd7672 sp=0x000000dc2c2fe3c0
Event: 2415.482 Thread 0x0000029f673ce000 DEOPT UNPACKING pc=0x0000029f4c2266bf sp=0x000000dc2c2fd898 mode 0
Event: 2415.592 Thread 0x0000029f673ce000 DEOPT PACKING pc=0x0000029f4dfdb12b sp=0x000000dc2c2fe4f0
Event: 2415.592 Thread 0x0000029f673ce000 DEOPT UNPACKING pc=0x0000029f4c2266bf sp=0x000000dc2c2fda08 mode 0
Event: 2415.613 Thread 0x0000029f673ce000 DEOPT PACKING pc=0x0000029f4dfd7672 sp=0x000000dc2c2fe3c0
Event: 2415.613 Thread 0x0000029f673ce000 DEOPT UNPACKING pc=0x0000029f4c2266bf sp=0x000000dc2c2fd898 mode 0
Event: 2415.744 Thread 0x0000029f673ce000 DEOPT PACKING pc=0x0000029f4dfdb12b sp=0x000000dc2c2fe4f0
Event: 2415.744 Thread 0x0000029f673ce000 DEOPT UNPACKING pc=0x0000029f4c2266bf sp=0x000000dc2c2fda08 mode 0
Event: 2415.750 Thread 0x0000029f673ce000 DEOPT PACKING pc=0x0000029f4dfd7672 sp=0x000000dc2c2fe3c0
Event: 2415.750 Thread 0x0000029f673ce000 DEOPT UNPACKING pc=0x0000029f4c2266bf sp=0x000000dc2c2fd898 mode 0
Event: 2415.760 Thread 0x0000029f673ce000 DEOPT PACKING pc=0x0000029f4dfdbfc1 sp=0x000000dc2c2fe150
Event: 2415.760 Thread 0x0000029f673ce000 DEOPT UNPACKING pc=0x0000029f4c2266bf sp=0x000000dc2c2fd618 mode 0
Event: 2415.769 Thread 0x0000029f673ce000 DEOPT PACKING pc=0x0000029f4dfdb12b sp=0x000000dc2c2fe4f0
Event: 2415.769 Thread 0x0000029f673ce000 DEOPT UNPACKING pc=0x0000029f4c2266bf sp=0x000000dc2c2fda08 mode 0
Event: 2415.771 Thread 0x0000029f673ce000 DEOPT PACKING pc=0x0000029f4dfd7672 sp=0x000000dc2c2fe3c0
Event: 2415.771 Thread 0x0000029f673ce000 DEOPT UNPACKING pc=0x0000029f4c2266bf sp=0x000000dc2c2fd898 mode 0
Event: 2415.879 Thread 0x0000029f673ce000 DEOPT PACKING pc=0x0000029f4dfdb12b sp=0x000000dc2c2fe4f0
Event: 2415.879 Thread 0x0000029f673ce000 DEOPT UNPACKING pc=0x0000029f4c2266bf sp=0x000000dc2c2fda08 mode 0

Classes redefined (0 events):
No events

Internal exceptions (20 events):
Event: 2406.931 Thread 0x0000029f63278000 Exception <a 'sun/nio/fs/WindowsException'{0x000000008d9a7928}> (0x000000008d9a7928) thrown at [./src/hotspot/share/prims/jni.cpp, line 615]
Event: 2407.299 Thread 0x0000029f63278000 Exception <a 'java/lang/NoSuchMethodError'{0x000000008d2e6da8}: 'void java.lang.invoke.DirectMethodHandle$Holder.invokeStaticInit(java.lang.Object, java.lang.Object, java.lang.Object)'> (0x000000008d2e6da8) thrown at [./src/hotspot/share/interpreter/linkResolver.cpp, line 773]
Event: 2409.840 Thread 0x0000029f63278000 Exception <a 'sun/nio/fs/WindowsException'{0x0000000093764200}> (0x0000000093764200) thrown at [./src/hotspot/share/prims/jni.cpp, line 615]
Event: 2409.853 Thread 0x0000029f63278000 Exception <a 'sun/nio/fs/WindowsException'{0x000000009376bf30}> (0x000000009376bf30) thrown at [./src/hotspot/share/prims/jni.cpp, line 615]
Event: 2409.862 Thread 0x0000029f63278000 Exception <a 'sun/nio/fs/WindowsException'{0x0000000093773de0}> (0x0000000093773de0) thrown at [./src/hotspot/share/prims/jni.cpp, line 615]
Event: 2409.883 Thread 0x0000029f63278000 Exception <a 'sun/nio/fs/WindowsException'{0x00000000937e09c0}> (0x00000000937e09c0) thrown at [./src/hotspot/share/prims/jni.cpp, line 615]
Event: 2409.898 Thread 0x0000029f63278000 Exception <a 'sun/nio/fs/WindowsException'{0x00000000937e87c0}> (0x00000000937e87c0) thrown at [./src/hotspot/share/prims/jni.cpp, line 615]
Event: 2409.910 Thread 0x0000029f63278000 Exception <a 'sun/nio/fs/WindowsException'{0x00000000937f7ca0}> (0x00000000937f7ca0) thrown at [./src/hotspot/share/prims/jni.cpp, line 615]
Event: 2409.920 Thread 0x0000029f63278000 Exception <a 'sun/nio/fs/WindowsException'{0x00000000937ff888}> (0x00000000937ff888) thrown at [./src/hotspot/share/prims/jni.cpp, line 615]
Event: 2409.929 Thread 0x0000029f63278000 Exception <a 'sun/nio/fs/WindowsException'{0x00000000936c79d8}> (0x00000000936c79d8) thrown at [./src/hotspot/share/prims/jni.cpp, line 615]
Event: 2409.939 Thread 0x0000029f63278000 Exception <a 'sun/nio/fs/WindowsException'{0x00000000936cd608}> (0x00000000936cd608) thrown at [./src/hotspot/share/prims/jni.cpp, line 615]
Event: 2409.949 Thread 0x0000029f63278000 Exception <a 'sun/nio/fs/WindowsException'{0x00000000936d3330}> (0x00000000936d3330) thrown at [./src/hotspot/share/prims/jni.cpp, line 615]
Event: 2409.960 Thread 0x0000029f63278000 Exception <a 'sun/nio/fs/WindowsException'{0x00000000936db0f8}> (0x00000000936db0f8) thrown at [./src/hotspot/share/prims/jni.cpp, line 615]
Event: 2409.972 Thread 0x0000029f63278000 Exception <a 'sun/nio/fs/WindowsException'{0x00000000936e12f0}> (0x00000000936e12f0) thrown at [./src/hotspot/share/prims/jni.cpp, line 615]
Event: 2409.980 Thread 0x0000029f63278000 Exception <a 'sun/nio/fs/WindowsException'{0x00000000936e8f68}> (0x00000000936e8f68) thrown at [./src/hotspot/share/prims/jni.cpp, line 615]
Event: 2409.995 Thread 0x0000029f63278000 Exception <a 'sun/nio/fs/WindowsException'{0x00000000936eeba0}> (0x00000000936eeba0) thrown at [./src/hotspot/share/prims/jni.cpp, line 615]
Event: 2410.007 Thread 0x0000029f63278000 Exception <a 'sun/nio/fs/WindowsException'{0x00000000936f6750}> (0x00000000936f6750) thrown at [./src/hotspot/share/prims/jni.cpp, line 615]
Event: 2410.016 Thread 0x0000029f63278000 Exception <a 'sun/nio/fs/WindowsException'{0x00000000933c6350}> (0x00000000933c6350) thrown at [./src/hotspot/share/prims/jni.cpp, line 615]
Event: 2410.025 Thread 0x0000029f63278000 Exception <a 'sun/nio/fs/WindowsException'{0x00000000933cc028}> (0x00000000933cc028) thrown at [./src/hotspot/share/prims/jni.cpp, line 615]
Event: 2412.186 Thread 0x0000029f673ce000 Exception <a 'sun/nio/fs/WindowsException'{0x0000000093902318}> (0x0000000093902318) thrown at [./src/hotspot/share/prims/jni.cpp, line 615]

Events (20 events):
Event: 2412.493 Thread 0x0000029f673cf000 Thread added: 0x0000029f673cf000
Event: 2412.554 Executing VM operation: RevokeBias
Event: 2412.556 Executing VM operation: RevokeBias done
Event: 2412.557 Executing VM operation: RevokeBias
Event: 2412.557 Executing VM operation: RevokeBias done
Event: 2413.235 Executing VM operation: G1CollectForAllocation
Event: 2413.545 Executing VM operation: G1CollectForAllocation done
Event: 2413.734 Executing VM operation: G1CollectForAllocation
Event: 2413.964 Executing VM operation: G1CollectForAllocation done
Event: 2414.248 Executing VM operation: G1CollectForAllocation
Event: 2414.327 Executing VM operation: G1CollectForAllocation done
Event: 2414.974 Executing VM operation: CGC_Operation
Event: 2415.078 Executing VM operation: CGC_Operation done
Event: 2415.381 Executing VM operation: CGC_Operation
Event: 2415.384 Executing VM operation: CGC_Operation done
Event: 2415.388 Executing VM operation: RevokeBias
Event: 2415.389 Executing VM operation: RevokeBias done
Event: 2415.424 Executing VM operation: RevokeBias
Event: 2415.425 Executing VM operation: RevokeBias done
Event: 2416.196 Executing VM operation: G1CollectForAllocation


Dynamic libraries:
0x00007ff7e9070000 - 0x00007ff7e907a000 	D:\waseem\4. ELECTIVES MOBILE APP\Android Studio\jre\bin\java.exe
0x00007ffbf2f60000 - 0x00007ffbf313b000 	C:\WINDOWS\SYSTEM32\ntdll.dll
0x00007ffbf0cf0000 - 0x00007ffbf0d9e000 	C:\WINDOWS\System32\KERNEL32.DLL
0x00007ffbeffe0000 - 0x00007ffbf022a000 	C:\WINDOWS\System32\KERNELBASE.dll
0x00007ffbef650000 - 0x00007ffbef746000 	C:\WINDOWS\System32\ucrtbase.dll
0x00007ffbdd040000 - 0x00007ffbdd059000 	D:\waseem\4. ELECTIVES MOBILE APP\Android Studio\jre\bin\jli.dll
0x00007ffbdcd60000 - 0x00007ffbdcd77000 	D:\waseem\4. ELECTIVES MOBILE APP\Android Studio\jre\bin\VCRUNTIME140.dll
0x00007ffbf0750000 - 0x00007ffbf089a000 	C:\WINDOWS\System32\USER32.dll
0x00007ffbefe50000 - 0x00007ffbefe6e000 	C:\WINDOWS\System32\win32u.dll
0x00007ffbf2b30000 - 0x00007ffbf2b57000 	C:\WINDOWS\System32\GDI32.dll
0x00007ffbf02d0000 - 0x00007ffbf0458000 	C:\WINDOWS\System32\gdi32full.dll
0x00007ffbf0230000 - 0x00007ffbf02ca000 	C:\WINDOWS\System32\msvcp_win.dll
0x00007ffbe2e00000 - 0x00007ffbe3067000 	C:\WINDOWS\WinSxS\amd64_microsoft.windows.common-controls_6595b64144ccf1df_6.0.15063.1155_none_40c7922129a7722b\COMCTL32.dll
0x00007ffbf0b20000 - 0x00007ffbf0bbd000 	C:\WINDOWS\System32\msvcrt.dll
0x00007ffbf2320000 - 0x00007ffbf2619000 	C:\WINDOWS\System32\combase.dll
0x00007ffbf0620000 - 0x00007ffbf0745000 	C:\WINDOWS\System32\RPCRT4.dll
0x00007ffbeff70000 - 0x00007ffbeffda000 	C:\WINDOWS\System32\bcryptPrimitives.dll
0x00007ffbf2b00000 - 0x00007ffbf2b2d000 	C:\WINDOWS\System32\IMM32.DLL
0x00007ffbdccc0000 - 0x00007ffbdcd5d000 	D:\waseem\4. ELECTIVES MOBILE APP\Android Studio\jre\bin\msvcp140.dll
0x00007ffbc2210000 - 0x00007ffbc2ccc000 	D:\waseem\4. ELECTIVES MOBILE APP\Android Studio\jre\bin\server\jvm.dll
0x00007ffbf2cb0000 - 0x00007ffbf2d51000 	C:\WINDOWS\System32\ADVAPI32.dll
0x00007ffbf0e20000 - 0x00007ffbf0e79000 	C:\WINDOWS\System32\sechost.dll
0x00007ffbf0610000 - 0x00007ffbf0618000 	C:\WINDOWS\System32\PSAPI.DLL
0x00007ffbe94e0000 - 0x00007ffbe94e9000 	C:\WINDOWS\SYSTEM32\WSOCK32.dll
0x00007ffbf0c80000 - 0x00007ffbf0cec000 	C:\WINDOWS\System32\WS2_32.dll
0x00007ffbed870000 - 0x00007ffbed893000 	C:\WINDOWS\SYSTEM32\WINMM.dll
0x00007ffbe3070000 - 0x00007ffbe307a000 	C:\WINDOWS\SYSTEM32\VERSION.dll
0x00007ffbed5b0000 - 0x00007ffbed5db000 	C:\WINDOWS\SYSTEM32\winmmbase.dll
0x00007ffbefe70000 - 0x00007ffbefeb9000 	C:\WINDOWS\System32\cfgmgr32.dll
0x00007ffbef460000 - 0x00007ffbef471000 	C:\WINDOWS\System32\kernel.appcore.dll
0x00007ffbc8180000 - 0x00007ffbc8191000 	D:\waseem\4. ELECTIVES MOBILE APP\Android Studio\jre\bin\verify.dll
0x00007ffbeba70000 - 0x00007ffbebc19000 	C:\WINDOWS\SYSTEM32\DBGHELP.DLL
0x00007ffbdfbd0000 - 0x00007ffbdfbf9000 	C:\WINDOWS\SYSTEM32\dbgcore.DLL
0x00007ffbc6f20000 - 0x00007ffbc6f49000 	D:\waseem\4. ELECTIVES MOBILE APP\Android Studio\jre\bin\java.dll
0x00007ffbc7e90000 - 0x00007ffbc7e9b000 	D:\waseem\4. ELECTIVES MOBILE APP\Android Studio\jre\bin\jimage.dll
0x00007ffbc6f00000 - 0x00007ffbc6f18000 	D:\waseem\4. ELECTIVES MOBILE APP\Android Studio\jre\bin\zip.dll
0x00007ffbf0ee0000 - 0x00007ffbf2318000 	C:\WINDOWS\System32\SHELL32.dll
0x00007ffbf0560000 - 0x00007ffbf060a000 	C:\WINDOWS\System32\shcore.dll
0x00007ffbef750000 - 0x00007ffbefe41000 	C:\WINDOWS\System32\windows.storage.dll
0x00007ffbf2f00000 - 0x00007ffbf2f51000 	C:\WINDOWS\System32\shlwapi.dll
0x00007ffbef3f0000 - 0x00007ffbef43c000 	C:\WINDOWS\System32\powrprof.dll
0x00007ffbef3d0000 - 0x00007ffbef3e5000 	C:\WINDOWS\System32\profapi.dll
0x00007ffbc4080000 - 0x00007ffbc409a000 	D:\waseem\4. ELECTIVES MOBILE APP\Android Studio\jre\bin\net.dll
0x00007ffbe1800000 - 0x00007ffbe18d6000 	C:\WINDOWS\SYSTEM32\WINHTTP.dll
0x00007ffbeec80000 - 0x00007ffbeecdc000 	C:\WINDOWS\system32\mswsock.dll
0x00007ffbc4060000 - 0x00007ffbc4074000 	D:\waseem\4. ELECTIVES MOBILE APP\Android Studio\jre\bin\nio.dll
0x00007ffbde3a0000 - 0x00007ffbde3be000 	C:\Users\wasee\.gradle\native\25\windows-amd64\native-platform.dll
0x00007ffbc6d70000 - 0x00007ffbc6d7a000 	D:\waseem\4. ELECTIVES MOBILE APP\Android Studio\jre\bin\management.dll
0x00007ffbc3ec0000 - 0x00007ffbc3ecc000 	D:\waseem\4. ELECTIVES MOBILE APP\Android Studio\jre\bin\management_ext.dll
0x00007ffbeee20000 - 0x00007ffbeee37000 	C:\WINDOWS\SYSTEM32\CRYPTSP.dll
0x00007ffbee890000 - 0x00007ffbee8c4000 	C:\WINDOWS\system32\rsaenh.dll
0x00007ffbef2a0000 - 0x00007ffbef2c5000 	C:\WINDOWS\SYSTEM32\bcrypt.dll
0x00007ffbef300000 - 0x00007ffbef329000 	C:\WINDOWS\SYSTEM32\USERENV.dll
0x00007ffbeee40000 - 0x00007ffbeee4b000 	C:\WINDOWS\SYSTEM32\CRYPTBASE.dll
0x00007ffbeea20000 - 0x00007ffbeea57000 	C:\WINDOWS\SYSTEM32\IPHLPAPI.DLL
0x00007ffbf0e10000 - 0x00007ffbf0e18000 	C:\WINDOWS\System32\NSI.dll
0x00007ffbe40c0000 - 0x00007ffbe40d6000 	C:\WINDOWS\SYSTEM32\dhcpcsvc6.DLL
0x00007ffbe4800000 - 0x00007ffbe481a000 	C:\WINDOWS\SYSTEM32\dhcpcsvc.DLL

dbghelp: loaded successfully - version: 4.0.5 - missing functions: none
symbol engine: initialized successfully - sym options: 0x614 - pdb path: .;D:\waseem\4. ELECTIVES MOBILE APP\Android Studio\jre\bin;C:\WINDOWS\SYSTEM32;C:\WINDOWS\WinSxS\amd64_microsoft.windows.common-controls_6595b64144ccf1df_6.0.15063.1155_none_40c7922129a7722b;D:\waseem\4. ELECTIVES MOBILE APP\Android Studio\jre\bin\server;C:\Users\wasee\.gradle\native\25\windows-amd64

VM Arguments:
jvm_args: --add-opens=java.base/java.util=ALL-UNNAMED --add-opens=java.base/java.lang=ALL-UNNAMED --add-opens=java.base/java.lang.invoke=ALL-UNNAMED --add-opens=java.prefs/java.util.prefs=ALL-UNNAMED -Xmx2048m -Dfile.encoding=UTF-8 -Duser.country=ZA -Duser.language=en -Duser.variant 
java_command: org.gradle.launcher.daemon.bootstrap.GradleDaemon 5.1.1
java_class_path (initial): C:\Users\wasee\.gradle\wrapper\dists\gradle-5.1.1-bin\90y9l8txxfw1s2o6ctiqeruwn\gradle-5.1.1\lib\gradle-launcher-5.1.1.jar
Launcher Type: SUN_STANDARD

[Global flags]
     intx CICompilerCount                          = 2                                         {product} {ergonomic}
     uint ConcGCThreads                            = 1                                         {product} {ergonomic}
     uint G1ConcRefinementThreads                  = 2                                         {product} {ergonomic}
   size_t G1HeapRegionSize                         = 1048576                                   {product} {ergonomic}
    uintx GCDrainStackTargetSize                   = 64                                        {product} {ergonomic}
   size_t InitialHeapSize                          = 67108864                                  {product} {ergonomic}
   size_t MarkStackSize                            = 4194304                                   {product} {ergonomic}
   size_t MaxHeapSize                              = 2147483648                                {product} {command line}
   size_t MaxNewSize                               = 1287651328                                {product} {ergonomic}
   size_t MinHeapDeltaBytes                        = 1048576                                   {product} {ergonomic}
    uintx NonNMethodCodeHeapSize                   = 5825164                                {pd product} {ergonomic}
    uintx NonProfiledCodeHeapSize                  = 122916538                              {pd product} {ergonomic}
    uintx ProfiledCodeHeapSize                     = 122916538                              {pd product} {ergonomic}
    uintx ReservedCodeCacheSize                    = 251658240                              {pd product} {ergonomic}
     bool SegmentedCodeCache                       = true                                      {product} {ergonomic}
     bool UseCompressedClassPointers               = true                                 {lp64_product} {ergonomic}
     bool UseCompressedOops                        = true                                 {lp64_product} {ergonomic}
     bool UseG1GC                                  = true                                      {product} {ergonomic}
     bool UseLargePagesIndividualAllocation        = false                                  {pd product} {ergonomic}

Logging:
Log output configuration:
 #0: stdout all=warning uptime,level,tags
 #1: stderr all=off uptime,level,tags

Environment Variables:
PATH=C:\Program Files\Common Files\Oracle\Java\javapath;C:\Program Files (x86)\Common Files\Oracle\Java\javapath;C:\Program Files\OpenJDK\jdk-11.0.8.10-hotspot\bin;C:\Program Files (x86)\Intel\TXE Components\TCS\;C:\Program Files\Intel\TXE Components\TCS\;C:\WINDOWS\system32;C:\WINDOWS;C:\WINDOWS\System32\Wbem;C:\WINDOWS\System32\WindowsPowerShell\v1.0\;C:\Program Files\Intel\TXE Components\DAL\;C:\Program Files (x86)\Intel\TXE Components\DAL\;C:\Program Files\Intel\TXE Components\IPT\;C:\Program Files (x86)\Intel\TXE Components\IPT\;C:\Users\wasee\AppData\Local\Microsoft\WindowsApps;
USERNAME=wasee
OS=Windows_NT
PROCESSOR_IDENTIFIER=Intel64 Family 6 Model 76 Stepping 4, GenuineIntel



---------------  S Y S T E M  ---------------

OS: Windows 10 , 64 bit Build 15063 (10.0.15063.1058)
OS uptime: 0 days 1:30 hours

CPU:total 2 (initial active 2) (2 cores per cpu, 1 threads per core) family 6 model 76 stepping 4, cmov, cx8, fxsr, mmx, sse, sse2, sse3, ssse3, sse4.1, sse4.2, popcnt, aes, clmul, erms, 3dnowpref, tsc, tscinvbit

Memory: 4k page, system-wide physical 4002M (286M free)
TotalPageFile size 4609M (AvailPageFile size 105M)
current process WorkingSet (physical memory assigned to process): 562M, peak: 563M
current process commit charge ("private bytes"): 629M, peak: 796M

vm_info: OpenJDK 64-Bit Server VM (11.0.8+10-b944.6842174) for windows-amd64 JRE (11.0.8+10-b944.6842174), built on Sep 19 2020 01:11:42 by "builder" with MS VC++ 14.0 (VS2015)

END.
