#
# There is insufficient memory for the Java Runtime Environment to continue.
# Native memory allocation (malloc) failed to allocate 32744 bytes for ChunkPool::allocate
# Possible reasons:
#   The system is out of physical RAM or swap space
#   The process is running with CompressedOops enabled, and the Java Heap may be blocking the growth of the native heap
# Possible solutions:
#   Reduce memory load on the system
#   Increase physical memory or swap space
#   Check if swap backing store is full
#   Decrease Java heap size (-Xmx/-Xms)
#   Decrease number of Java threads
#   Decrease Java thread stack sizes (-Xss)
#   Set larger code cache with -XX:ReservedCodeCacheSize=
#   JVM is running with Unscaled Compressed Oops mode in which the Java heap is
#     placed in the first 4GB address space. The Java Heap base address is the
#     maximum limit for the native heap growth. Please use -XX:HeapBaseMinAddress
#     to set the Java Heap base and to place the Java Heap above 4GB virtual address.
# This output file may be truncated or incomplete.
#
#  Out of Memory Error (./src/hotspot/share/memory/arena.cpp:81), pid=9088, tid=10844
#
# JRE version: OpenJDK Runtime Environment (11.0.8+10) (build 11.0.8+10-b944.6842174)
# Java VM: OpenJDK 64-Bit Server VM (11.0.8+10-b944.6842174, mixed mode, tiered, compressed oops, g1 gc, windows-amd64)
# No core dump will be written. Minidumps are not enabled by default on client versions of Windows
#

---------------  S U M M A R Y ------------

Command Line: --add-opens=java.base/java.util=ALL-UNNAMED --add-opens=java.base/java.lang=ALL-UNNAMED --add-opens=java.base/java.lang.invoke=ALL-UNNAMED --add-opens=java.prefs/java.util.prefs=ALL-UNNAMED -Xmx2048m -Dfile.encoding=UTF-8 -Duser.country=ZA -Duser.language=en -Duser.variant org.gradle.launcher.daemon.bootstrap.GradleDaemon 5.1.1

Host: Intel(R) Celeron(R) CPU  N3060  @ 1.60GHz, 2 cores, 3G,  Windows 10 , 64 bit Build 15063 (10.0.15063.1058)
Time: Wed Sep 29 20:48:48 2021 South Africa Standard Time elapsed time: 3302 seconds (0d 0h 55m 2s)

---------------  T H R E A D  ---------------

Current thread (0x0000016fff5e4800):  JavaThread "C2 CompilerThread0" daemon [_thread_in_native, id=10844, stack(0x0000002a74a00000,0x0000002a74b00000)]


Current CompileTask:
C2:3302040 16638       4       com.android.tools.r8.code.BaseInstructionFactory::create (3362 bytes)

Stack: [0x0000002a74a00000,0x0000002a74b00000]
Native frames: (J=compiled Java code, j=interpreted, Vv=VM code, C=native code)
V  [jvm.dll+0x5de50a]
V  [jvm.dll+0x7122f5]
V  [jvm.dll+0x71384d]
V  [jvm.dll+0x713f03]
V  [jvm.dll+0x23e728]
V  [jvm.dll+0xb8beb]
V  [jvm.dll+0xb8e9c]
V  [jvm.dll+0xb8a98]
V  [jvm.dll+0x5be3b0]
V  [jvm.dll+0x31ec42]
V  [jvm.dll+0x320402]
V  [jvm.dll+0x31dca1]
V  [jvm.dll+0x31d39a]
V  [jvm.dll+0x1f7702]
V  [jvm.dll+0x1f68d4]
V  [jvm.dll+0x17f32c]
V  [jvm.dll+0x205047]
V  [jvm.dll+0x203891]
V  [jvm.dll+0x6dad3f]
V  [jvm.dll+0x6d3895]
V  [jvm.dll+0x5dd4a6]
C  [ucrtbase.dll+0x20279]
C  [KERNEL32.DLL+0x12784]
C  [ntdll.dll+0x50c51]


---------------  P R O C E S S  ---------------

Threads class SMR info:
_java_thread_list=0x0000016f9c3a7d50, length=44, elements={
0x0000016ff8669800, 0x0000016ffed5d000, 0x0000016ffed61000, 0x0000016fff5e2800,
0x0000016fff5e3800, 0x0000016fff5e4800, 0x0000016fff5e9000, 0x0000016fff5ea000,
0x0000016fff731800, 0x0000016fff738800, 0x0000016f941f8800, 0x0000016f93c6c000,
0x0000016fff8bb800, 0x0000016fff879000, 0x0000016fff873000, 0x0000016fff875800,
0x0000016f96fcf800, 0x0000016f96fd0800, 0x0000016f96fcf000, 0x0000016f96fd3000,
0x0000016f96fd1800, 0x0000016f96fd2000, 0x0000016f96fd3800, 0x0000016f96fce000,
0x0000016f96fd8800, 0x0000016f96fd7000, 0x0000016f96fda800, 0x0000016f96fd9800,
0x0000016f96fd8000, 0x0000016f96fd4800, 0x0000016f96fdb000, 0x0000016f96fd6000,
0x0000016f96fd5800, 0x0000016f96fdc000, 0x0000016fff874800, 0x0000016fff876800,
0x0000016fff877000, 0x0000016fff878000, 0x0000016fff879800, 0x0000016f9922c800,
0x0000016f9922f800, 0x0000016f9922d800, 0x0000016f9922a000, 0x0000016f99230800
}

Java Threads: ( => current thread )
  0x0000016ff8669800 JavaThread "main" [_thread_blocked, id=10696, stack(0x0000002a73e00000,0x0000002a73f00000)]
  0x0000016ffed5d000 JavaThread "Reference Handler" daemon [_thread_blocked, id=10208, stack(0x0000002a74500000,0x0000002a74600000)]
  0x0000016ffed61000 JavaThread "Finalizer" daemon [_thread_blocked, id=10528, stack(0x0000002a74600000,0x0000002a74700000)]
  0x0000016fff5e2800 JavaThread "Signal Dispatcher" daemon [_thread_blocked, id=9304, stack(0x0000002a74800000,0x0000002a74900000)]
  0x0000016fff5e3800 JavaThread "Attach Listener" daemon [_thread_blocked, id=5216, stack(0x0000002a74900000,0x0000002a74a00000)]
=>0x0000016fff5e4800 JavaThread "C2 CompilerThread0" daemon [_thread_in_native, id=10844, stack(0x0000002a74a00000,0x0000002a74b00000)]
  0x0000016fff5e9000 JavaThread "C1 CompilerThread0" daemon [_thread_blocked, id=10816, stack(0x0000002a74b00000,0x0000002a74c00000)]
  0x0000016fff5ea000 JavaThread "Sweeper thread" daemon [_thread_blocked, id=10716, stack(0x0000002a74c00000,0x0000002a74d00000)]
  0x0000016fff731800 JavaThread "Common-Cleaner" daemon [_thread_blocked, id=10596, stack(0x0000002a74d00000,0x0000002a74e00000)]
  0x0000016fff738800 JavaThread "Service Thread" daemon [_thread_blocked, id=5612, stack(0x0000002a74e00000,0x0000002a74f00000)]
  0x0000016f941f8800 JavaThread "Incoming local TCP Connector on port 49851" [_thread_in_native, id=7304, stack(0x0000002a75100000,0x0000002a75200000)]
  0x0000016f93c6c000 JavaThread "Daemon periodic checks" [_thread_blocked, id=9116, stack(0x0000002a75200000,0x0000002a75300000)]
  0x0000016fff8bb800 JavaThread "Cache worker for file hash cache (C:\Users\wasee\.gradle\caches\5.1.1\fileHashes)" [_thread_blocked, id=10848, stack(0x0000002a75a00000,0x0000002a75b00000)]
  0x0000016fff879000 JavaThread "File lock request listener" [_thread_in_native, id=7260, stack(0x0000002a75b00000,0x0000002a75c00000)]
  0x0000016fff873000 JavaThread "Cache worker for journal cache (C:\Users\wasee\.gradle\caches\journal-1)" [_thread_blocked, id=1800, stack(0x0000002a75c00000,0x0000002a75d00000)]
  0x0000016fff875800 JavaThread "Cache worker for execution history cache (C:\Users\wasee\.gradle\caches\5.1.1\executionHistory)" [_thread_blocked, id=1836, stack(0x0000002a76000000,0x0000002a76100000)]
  0x0000016f96fcf800 JavaThread "Memory manager" [_thread_blocked, id=9728, stack(0x0000002a76500000,0x0000002a76600000)]
  0x0000016f96fd0800 JavaThread "Daemon Thread 2" [_thread_blocked, id=7420, stack(0x0000002a76a00000,0x0000002a76b00000)]
  0x0000016f96fcf000 JavaThread "Handler for socket connection from /127.0.0.1:49851 to /127.0.0.1:49885" [_thread_in_native, id=6564, stack(0x0000002a76b00000,0x0000002a76c00000)]
  0x0000016f96fd3000 JavaThread "Cancel handler" [_thread_blocked, id=1696, stack(0x0000002a76c00000,0x0000002a76d00000)]
  0x0000016f96fd1800 JavaThread "Daemon worker Thread 2" [_thread_blocked, id=1840, stack(0x0000002a76d00000,0x0000002a76e00000)]
  0x0000016f96fd2000 JavaThread "Asynchronous log dispatcher for DefaultDaemonConnection: socket connection from /127.0.0.1:49851 to /127.0.0.1:49885" [_thread_blocked, id=7452, stack(0x0000002a76e00000,0x0000002a76f00000)]
  0x0000016f96fd3800 JavaThread "Thread-25" [_thread_blocked, id=8308, stack(0x0000002a77000000,0x0000002a77100000)]
  0x0000016f96fce000 JavaThread "Cache worker for file hash cache (C:\Users\wasee\AndroidStudioProjects\TimeManagementTool\.gradle\5.1.1\fileHashes)" [_thread_blocked, id=8888, stack(0x0000002a77100000,0x0000002a77200000)]
  0x0000016f96fd8800 JavaThread "Cache worker for cache directory md-supplier (C:\Users\wasee\.gradle\caches\5.1.1\md-supplier)" [_thread_blocked, id=4128, stack(0x0000002a77200000,0x0000002a77300000)]
  0x0000016f96fd7000 JavaThread "Cache worker for cache directory md-rule (C:\Users\wasee\.gradle\caches\5.1.1\md-rule)" [_thread_blocked, id=4796, stack(0x0000002a77300000,0x0000002a77400000)]
  0x0000016f96fda800 JavaThread "Build operations" [_thread_blocked, id=7580, stack(0x0000002a77400000,0x0000002a77500000)]
  0x0000016f96fd9800 JavaThread "Build operations Thread 2" [_thread_blocked, id=10336, stack(0x0000002a77500000,0x0000002a77600000)]
  0x0000016f96fd8000 JavaThread "Cache worker for Build Output Cleanup Cache (C:\Users\wasee\AndroidStudioProjects\TimeManagementTool\.gradle\buildOutputCleanup)" [_thread_blocked, id=5440, stack(0x0000002a77600000,0x0000002a77700000)]
  0x0000016f96fd4800 JavaThread "Cache worker for file content cache (C:\Users\wasee\.gradle\caches\5.1.1\fileContent)" [_thread_blocked, id=4064, stack(0x0000002a77700000,0x0000002a77800000)]
  0x0000016f96fdb000 JavaThread "Cache worker for file content cache (C:\Users\wasee\AndroidStudioProjects\TimeManagementTool\.gradle\5.1.1\fileContent)" [_thread_blocked, id=7176, stack(0x0000002a77800000,0x0000002a77900000)]
  0x0000016f96fd6000 JavaThread "Execution worker for ':'" [_thread_blocked, id=5720, stack(0x0000002a77900000,0x0000002a77a00000)]
  0x0000016f96fd5800 JavaThread "Cache worker for execution history cache (C:\Users\wasee\AndroidStudioProjects\TimeManagementTool\.gradle\5.1.1\executionHistory)" [_thread_blocked, id=4948, stack(0x0000002a77a00000,0x0000002a77b00000)]
  0x0000016f96fdc000 JavaThread "ForkJoinPool.commonPool-worker-3" daemon [_thread_blocked, id=6412, stack(0x0000002a77b00000,0x0000002a77c00000)]
  0x0000016fff874800 JavaThread "ForkJoinPool.commonPool-worker-1" daemon [_thread_blocked, id=6788, stack(0x0000002a77c00000,0x0000002a77d00000)]
  0x0000016fff876800 JavaThread "pool-4-thread-1" [_thread_blocked, id=6520, stack(0x0000002a77d00000,0x0000002a77e00000)]
  0x0000016fff877000 JavaThread "stderr" daemon [_thread_in_native, id=6676, stack(0x0000002a77e00000,0x0000002a77f00000)]
  0x0000016fff878000 JavaThread "stdout" daemon [_thread_in_native, id=7984, stack(0x0000002a77f00000,0x0000002a78000000)]
  0x0000016fff879800 JavaThread "stderr" daemon [_thread_in_native, id=4672, stack(0x0000002a78000000,0x0000002a78100000)]
  0x0000016f9922c800 JavaThread "stdout" daemon [_thread_in_native, id=6908, stack(0x0000002a78100000,0x0000002a78200000)]
  0x0000016f9922f800 JavaThread "Cache worker for Java compile cache (C:\Users\wasee\.gradle\caches\5.1.1\javaCompile)" [_thread_blocked, id=4476, stack(0x0000002a78200000,0x0000002a78300000)]
  0x0000016f9922d800 JavaThread "Cache worker for Java compile cache (C:\Users\wasee\AndroidStudioProjects\TimeManagementTool\.gradle\5.1.1\javaCompile)" [_thread_blocked, id=680, stack(0x0000002a78300000,0x0000002a78400000)]
  0x0000016f9922a000 JavaThread "ForkJoinPool-8-worker-3" daemon [_thread_blocked, id=3472, stack(0x0000002a78400000,0x0000002a78500000)]
  0x0000016f99230800 JavaThread "ForkJoinPool-8-worker-1" daemon [_thread_in_vm, id=7320, stack(0x0000002a78500000,0x0000002a78600000)]

Other Threads:
  0x0000016ffed59800 VMThread "VM Thread" [stack: 0x0000002a74400000,0x0000002a74500000] [id=11240]
  0x0000016fff73b800 WatcherThread [stack: 0x0000002a74f00000,0x0000002a75000000] [id=10184]
  0x0000016ff8681000 GCTaskThread "GC Thread#0" [stack: 0x0000002a73f00000,0x0000002a74000000] [id=3640]
  0x0000016fff9b0800 GCTaskThread "GC Thread#1" [stack: 0x0000002a75000000,0x0000002a75100000] [id=9724]
  0x0000016ff86b0000 ConcurrentGCThread "G1 Main Marker" [stack: 0x0000002a74000000,0x0000002a74100000] [id=9368]
  0x0000016ff86b2800 ConcurrentGCThread "G1 Conc#0" [stack: 0x0000002a74100000,0x0000002a74200000] [id=11132]
  0x0000016ff8704800 ConcurrentGCThread "G1 Refine#0" [stack: 0x0000002a74200000,0x0000002a74300000] [id=10920]
  0x0000016ff8705800 ConcurrentGCThread "G1 Young RemSet Sampling" [stack: 0x0000002a74300000,0x0000002a74400000] [id=9964]

Threads with active compile tasks:
C2 CompilerThread03302144 16638       4       com.android.tools.r8.code.BaseInstructionFactory::create (3362 bytes)

VM state:not at safepoint (normal execution)

VM Mutex/Monitor currently owned by a thread: None

Heap address: 0x0000000080000000, size: 2048 MB, Compressed Oops mode: 32-bit
Narrow klass base: 0x0000000000000000, Narrow klass shift: 3
Compressed class space size: 1073741824 Address: 0x0000000100000000

Heap:
 garbage-first heap   total 309248K, used 170240K [0x0000000080000000, 0x0000000100000000)
  region size 1024K, 3 young (3072K), 2 survivors (2048K)
 Metaspace       used 118514K, capacity 120944K, committed 121164K, reserved 1155072K
  class space    used 14362K, capacity 15146K, committed 15180K, reserved 1048576K
Heap Regions: E=young(eden), S=young(survivor), O=old, HS=humongous(starts), HC=humongous(continues), CS=collection set, F=free, A=archive, TAMS=top-at-mark-start (previous, next)
|   0|0x0000000080000000, 0x0000000080100000, 0x0000000080100000|100%|HS|  |TAMS 0x0000000080100000, 0x0000000080000000| Complete 
|   1|0x0000000080100000, 0x0000000080200000, 0x0000000080200000|100%| O|  |TAMS 0x0000000080200000, 0x0000000080100000| Untracked 
|   2|0x0000000080200000, 0x0000000080300000, 0x0000000080300000|100%| O|  |TAMS 0x0000000080300000, 0x0000000080200000| Untracked 
|   3|0x0000000080300000, 0x0000000080400000, 0x0000000080400000|100%|HS|  |TAMS 0x0000000080400000, 0x0000000080300000| Complete 
|   4|0x0000000080400000, 0x0000000080500000, 0x0000000080500000|100%|HC|  |TAMS 0x0000000080500000, 0x0000000080400000| Complete 
|   5|0x0000000080500000, 0x0000000080600000, 0x0000000080600000|100%| O|  |TAMS 0x0000000080600000, 0x0000000080500000| Untracked 
|   6|0x0000000080600000, 0x0000000080700000, 0x0000000080700000|100%| O|  |TAMS 0x0000000080700000, 0x0000000080600000| Untracked 
|   7|0x0000000080700000, 0x0000000080800000, 0x0000000080800000|100%| O|  |TAMS 0x0000000080800000, 0x0000000080700000| Untracked 
|   8|0x0000000080800000, 0x0000000080900000, 0x0000000080900000|100%| O|  |TAMS 0x0000000080900000, 0x0000000080800000| Untracked 
|   9|0x0000000080900000, 0x0000000080a00000, 0x0000000080a00000|100%| O|  |TAMS 0x0000000080a00000, 0x0000000080900000| Untracked 
|  10|0x0000000080a00000, 0x0000000080b00000, 0x0000000080b00000|100%| O|  |TAMS 0x0000000080b00000, 0x0000000080a00000| Untracked 
|  11|0x0000000080b00000, 0x0000000080c00000, 0x0000000080c00000|100%| O|  |TAMS 0x0000000080c00000, 0x0000000080b00000| Untracked 
|  12|0x0000000080c00000, 0x0000000080d00000, 0x0000000080d00000|100%| O|  |TAMS 0x0000000080d00000, 0x0000000080c00000| Untracked 
|  13|0x0000000080d00000, 0x0000000080e00000, 0x0000000080e00000|100%|HS|  |TAMS 0x0000000080e00000, 0x0000000080d00000| Complete 
|  14|0x0000000080e00000, 0x0000000080f00000, 0x0000000080f00000|100%|HC|  |TAMS 0x0000000080f00000, 0x0000000080e00000| Complete 
|  15|0x0000000080f00000, 0x0000000081000000, 0x0000000081000000|100%|HS|  |TAMS 0x0000000081000000, 0x0000000080f00000| Complete 
|  16|0x0000000081000000, 0x0000000081100000, 0x0000000081100000|100%|HC|  |TAMS 0x0000000081100000, 0x0000000081000000| Complete 
|  17|0x0000000081100000, 0x0000000081200000, 0x0000000081200000|100%|HC|  |TAMS 0x0000000081200000, 0x0000000081100000| Complete 
|  18|0x0000000081200000, 0x0000000081300000, 0x0000000081300000|100%|HS|  |TAMS 0x0000000081300000, 0x0000000081200000| Complete 
|  19|0x0000000081300000, 0x0000000081400000, 0x0000000081400000|100%|HC|  |TAMS 0x0000000081400000, 0x0000000081300000| Complete 
|  20|0x0000000081400000, 0x0000000081500000, 0x0000000081500000|100%|HC|  |TAMS 0x0000000081500000, 0x0000000081400000| Complete 
|  21|0x0000000081500000, 0x0000000081600000, 0x0000000081600000|100%|HC|  |TAMS 0x0000000081600000, 0x0000000081500000| Complete 
|  22|0x0000000081600000, 0x0000000081700000, 0x0000000081700000|100%| O|  |TAMS 0x0000000081700000, 0x0000000081600000| Untracked 
|  23|0x0000000081700000, 0x0000000081800000, 0x0000000081800000|100%| O|  |TAMS 0x0000000081800000, 0x0000000081700000| Untracked 
|  24|0x0000000081800000, 0x0000000081900000, 0x0000000081900000|100%| O|  |TAMS 0x0000000081900000, 0x0000000081800000| Untracked 
|  25|0x0000000081900000, 0x0000000081a00000, 0x0000000081a00000|100%| O|  |TAMS 0x0000000081a00000, 0x0000000081900000| Untracked 
|  26|0x0000000081a00000, 0x0000000081b00000, 0x0000000081b00000|100%| O|  |TAMS 0x0000000081b00000, 0x0000000081a00000| Untracked 
|  27|0x0000000081b00000, 0x0000000081c00000, 0x0000000081c00000|100%| O|  |TAMS 0x0000000081c00000, 0x0000000081b00000| Untracked 
|  28|0x0000000081c00000, 0x0000000081d00000, 0x0000000081d00000|100%| O|  |TAMS 0x0000000081d00000, 0x0000000081c00000| Untracked 
|  29|0x0000000081d00000, 0x0000000081e00000, 0x0000000081e00000|100%| O|  |TAMS 0x0000000081e00000, 0x0000000081d00000| Untracked 
|  30|0x0000000081e00000, 0x0000000081f00000, 0x0000000081f00000|100%| O|  |TAMS 0x0000000081f00000, 0x0000000081e00000| Untracked 
|  31|0x0000000081f00000, 0x0000000082000000, 0x0000000082000000|100%| O|  |TAMS 0x0000000082000000, 0x0000000081f00000| Untracked 
|  32|0x0000000082000000, 0x0000000082100000, 0x0000000082100000|100%| O|  |TAMS 0x0000000082100000, 0x0000000082000000| Untracked 
|  33|0x0000000082100000, 0x0000000082200000, 0x0000000082200000|100%| O|  |TAMS 0x0000000082200000, 0x0000000082100000| Untracked 
|  34|0x0000000082200000, 0x0000000082300000, 0x0000000082300000|100%|HS|  |TAMS 0x0000000082300000, 0x0000000082200000| Complete 
|  35|0x0000000082300000, 0x0000000082400000, 0x0000000082400000|100%|HC|  |TAMS 0x0000000082400000, 0x0000000082300000| Complete 
|  36|0x0000000082400000, 0x0000000082500000, 0x0000000082500000|100%|HC|  |TAMS 0x0000000082500000, 0x0000000082400000| Complete 
|  37|0x0000000082500000, 0x0000000082600000, 0x0000000082600000|100%|HS|  |TAMS 0x0000000082600000, 0x0000000082500000| Complete 
|  38|0x0000000082600000, 0x0000000082700000, 0x0000000082700000|100%|HC|  |TAMS 0x0000000082700000, 0x0000000082600000| Complete 
|  39|0x0000000082700000, 0x0000000082800000, 0x0000000082800000|100%| O|  |TAMS 0x0000000082800000, 0x0000000082700000| Untracked 
|  40|0x0000000082800000, 0x0000000082900000, 0x0000000082900000|100%| O|  |TAMS 0x0000000082900000, 0x0000000082800000| Untracked 
|  41|0x0000000082900000, 0x0000000082a00000, 0x0000000082a00000|100%| O|  |TAMS 0x0000000082a00000, 0x0000000082900000| Untracked 
|  42|0x0000000082a00000, 0x0000000082b00000, 0x0000000082b00000|100%| O|  |TAMS 0x0000000082b00000, 0x0000000082a00000| Untracked 
|  43|0x0000000082b00000, 0x0000000082c00000, 0x0000000082c00000|100%| O|  |TAMS 0x0000000082c00000, 0x0000000082b00000| Untracked 
|  44|0x0000000082c00000, 0x0000000082d00000, 0x0000000082d00000|100%| O|  |TAMS 0x0000000082d00000, 0x0000000082c00000| Untracked 
|  45|0x0000000082d00000, 0x0000000082e00000, 0x0000000082e00000|100%| O|  |TAMS 0x0000000082e00000, 0x0000000082d00000| Untracked 
|  46|0x0000000082e00000, 0x0000000082f00000, 0x0000000082f00000|100%| O|  |TAMS 0x0000000082f00000, 0x0000000082e00000| Untracked 
|  47|0x0000000082f00000, 0x0000000083000000, 0x0000000083000000|100%| O|  |TAMS 0x0000000082f00000, 0x0000000082f00000| Untracked 
|  48|0x0000000083000000, 0x0000000083100000, 0x0000000083100000|100%| O|  |TAMS 0x0000000083100000, 0x0000000083000000| Untracked 
|  49|0x0000000083100000, 0x0000000083200000, 0x0000000083200000|100%| O|  |TAMS 0x0000000083200000, 0x0000000083100000| Untracked 
|  50|0x0000000083200000, 0x0000000083300000, 0x0000000083300000|100%| O|  |TAMS 0x0000000083300000, 0x0000000083200000| Untracked 
|  51|0x0000000083300000, 0x0000000083400000, 0x0000000083400000|100%| O|  |TAMS 0x0000000083300000, 0x0000000083300000| Untracked 
|  52|0x0000000083400000, 0x0000000083500000, 0x0000000083500000|100%| O|  |TAMS 0x0000000083500000, 0x0000000083400000| Untracked 
|  53|0x0000000083500000, 0x0000000083600000, 0x0000000083600000|100%| O|  |TAMS 0x0000000083600000, 0x0000000083500000| Untracked 
|  54|0x0000000083600000, 0x0000000083700000, 0x0000000083700000|100%| O|  |TAMS 0x0000000083700000, 0x0000000083600000| Untracked 
|  55|0x0000000083700000, 0x0000000083800000, 0x0000000083800000|100%| O|  |TAMS 0x0000000083800000, 0x0000000083700000| Untracked 
|  56|0x0000000083800000, 0x0000000083900000, 0x0000000083900000|100%| O|  |TAMS 0x0000000083900000, 0x0000000083800000| Untracked 
|  57|0x0000000083900000, 0x0000000083a00000, 0x0000000083a00000|100%| O|  |TAMS 0x0000000083a00000, 0x0000000083900000| Untracked 
|  58|0x0000000083a00000, 0x0000000083b00000, 0x0000000083b00000|100%| O|  |TAMS 0x0000000083b00000, 0x0000000083a00000| Untracked 
|  59|0x0000000083b00000, 0x0000000083c00000, 0x0000000083c00000|100%| O|  |TAMS 0x0000000083c00000, 0x0000000083b00000| Untracked 
|  60|0x0000000083c00000, 0x0000000083d00000, 0x0000000083d00000|100%| O|  |TAMS 0x0000000083d00000, 0x0000000083c00000| Untracked 
|  61|0x0000000083d00000, 0x0000000083e00000, 0x0000000083e00000|100%| O|  |TAMS 0x0000000083e00000, 0x0000000083d00000| Untracked 
|  62|0x0000000083e00000, 0x0000000083f00000, 0x0000000083f00000|100%| O|  |TAMS 0x0000000083f00000, 0x0000000083e00000| Untracked 
|  63|0x0000000083f00000, 0x0000000084000000, 0x0000000084000000|100%| O|  |TAMS 0x0000000084000000, 0x0000000083f00000| Untracked 
|  64|0x0000000084000000, 0x0000000084100000, 0x0000000084100000|100%| O|  |TAMS 0x0000000084100000, 0x0000000084000000| Untracked 
|  65|0x0000000084100000, 0x0000000084200000, 0x0000000084200000|100%| O|  |TAMS 0x0000000084200000, 0x0000000084100000| Untracked 
|  66|0x0000000084200000, 0x0000000084300000, 0x0000000084300000|100%| O|  |TAMS 0x0000000084300000, 0x0000000084200000| Untracked 
|  67|0x0000000084300000, 0x0000000084400000, 0x0000000084400000|100%| O|  |TAMS 0x0000000084400000, 0x0000000084300000| Untracked 
|  68|0x0000000084400000, 0x0000000084500000, 0x0000000084500000|100%| O|  |TAMS 0x0000000084400000, 0x0000000084400000| Untracked 
|  69|0x0000000084500000, 0x0000000084600000, 0x0000000084600000|100%| O|  |TAMS 0x0000000084500000, 0x0000000084500000| Untracked 
|  70|0x0000000084600000, 0x0000000084700000, 0x0000000084700000|100%| O|  |TAMS 0x0000000084700000, 0x0000000084600000| Untracked 
|  71|0x0000000084700000, 0x0000000084800000, 0x0000000084800000|100%| O|  |TAMS 0x0000000084700000, 0x0000000084700000| Untracked 
|  72|0x0000000084800000, 0x0000000084900000, 0x0000000084900000|100%| O|  |TAMS 0x0000000084900000, 0x0000000084800000| Untracked 
|  73|0x0000000084900000, 0x0000000084a00000, 0x0000000084a00000|100%| O|  |TAMS 0x0000000084a00000, 0x0000000084900000| Untracked 
|  74|0x0000000084a00000, 0x0000000084b00000, 0x0000000084b00000|100%| O|  |TAMS 0x0000000084a00000, 0x0000000084a00000| Untracked 
|  75|0x0000000084b00000, 0x0000000084c00000, 0x0000000084c00000|100%| O|  |TAMS 0x0000000084c00000, 0x0000000084b00000| Untracked 
|  76|0x0000000084c00000, 0x0000000084d00000, 0x0000000084d00000|100%| O|  |TAMS 0x0000000084c00000, 0x0000000084c00000| Untracked 
|  77|0x0000000084d00000, 0x0000000084e00000, 0x0000000084e00000|100%| O|  |TAMS 0x0000000084d00000, 0x0000000084d00000| Untracked 
|  78|0x0000000084e00000, 0x0000000084f00000, 0x0000000084f00000|100%| O|  |TAMS 0x0000000084f00000, 0x0000000084e00000| Untracked 
|  79|0x0000000084f00000, 0x0000000085000000, 0x0000000085000000|100%| O|  |TAMS 0x0000000085000000, 0x0000000084f00000| Untracked 
|  80|0x0000000085000000, 0x0000000085100000, 0x0000000085100000|100%| O|  |TAMS 0x0000000085000000, 0x0000000085000000| Untracked 
|  81|0x0000000085100000, 0x0000000085200000, 0x0000000085200000|100%| O|  |TAMS 0x0000000085200000, 0x0000000085100000| Untracked 
|  82|0x0000000085200000, 0x0000000085300000, 0x0000000085300000|100%| O|  |TAMS 0x0000000085200000, 0x0000000085200000| Untracked 
|  83|0x0000000085300000, 0x0000000085400000, 0x0000000085400000|100%| O|  |TAMS 0x0000000085300000, 0x0000000085300000| Untracked 
|  84|0x0000000085400000, 0x0000000085500000, 0x0000000085500000|100%| O|  |TAMS 0x0000000085400000, 0x0000000085400000| Untracked 
|  85|0x0000000085500000, 0x0000000085600000, 0x0000000085600000|100%| O|  |TAMS 0x0000000085500000, 0x0000000085500000| Untracked 
|  86|0x0000000085600000, 0x0000000085700000, 0x0000000085700000|100%| O|  |TAMS 0x0000000085600000, 0x0000000085600000| Untracked 
|  87|0x0000000085700000, 0x0000000085800000, 0x0000000085800000|100%| O|  |TAMS 0x0000000085700000, 0x0000000085700000| Untracked 
|  88|0x0000000085800000, 0x0000000085900000, 0x0000000085900000|100%| O|  |TAMS 0x0000000085900000, 0x0000000085800000| Untracked 
|  89|0x0000000085900000, 0x0000000085a00000, 0x0000000085a00000|100%| O|  |TAMS 0x0000000085a00000, 0x0000000085900000| Untracked 
|  90|0x0000000085a00000, 0x0000000085b00000, 0x0000000085b00000|100%| O|  |TAMS 0x0000000085b00000, 0x0000000085a00000| Untracked 
|  91|0x0000000085b00000, 0x0000000085c00000, 0x0000000085c00000|100%| O|  |TAMS 0x0000000085c00000, 0x0000000085b00000| Untracked 
|  92|0x0000000085c00000, 0x0000000085d00000, 0x0000000085d00000|100%| O|  |TAMS 0x0000000085c00000, 0x0000000085c00000| Untracked 
|  93|0x0000000085d00000, 0x0000000085e00000, 0x0000000085e00000|100%| O|  |TAMS 0x0000000085e00000, 0x0000000085d00000| Untracked 
|  94|0x0000000085e00000, 0x0000000085f00000, 0x0000000085f00000|100%| O|  |TAMS 0x0000000085f00000, 0x0000000085e00000| Untracked 
|  95|0x0000000085f00000, 0x0000000086000000, 0x0000000086000000|100%| O|  |TAMS 0x0000000086000000, 0x0000000085f00000| Untracked 
|  96|0x0000000086000000, 0x0000000086100000, 0x0000000086100000|100%| O|  |TAMS 0x0000000086000000, 0x0000000086000000| Untracked 
|  97|0x0000000086100000, 0x0000000086200000, 0x0000000086200000|100%| O|  |TAMS 0x0000000086100000, 0x0000000086100000| Untracked 
|  98|0x0000000086200000, 0x0000000086300000, 0x0000000086300000|100%| O|  |TAMS 0x0000000086300000, 0x0000000086200000| Untracked 
|  99|0x0000000086300000, 0x0000000086400000, 0x0000000086400000|100%| O|  |TAMS 0x0000000086300000, 0x0000000086300000| Untracked 
| 100|0x0000000086400000, 0x0000000086500000, 0x0000000086500000|100%| O|  |TAMS 0x0000000086400000, 0x0000000086400000| Untracked 
| 101|0x0000000086500000, 0x0000000086600000, 0x0000000086600000|100%| O|  |TAMS 0x0000000086500000, 0x0000000086500000| Untracked 
| 102|0x0000000086600000, 0x0000000086700000, 0x0000000086700000|100%| O|  |TAMS 0x0000000086600000, 0x0000000086600000| Untracked 
| 103|0x0000000086700000, 0x0000000086800000, 0x0000000086800000|100%| O|  |TAMS 0x0000000086700000, 0x0000000086700000| Untracked 
| 104|0x0000000086800000, 0x0000000086900000, 0x0000000086900000|100%| O|  |TAMS 0x0000000086800000, 0x0000000086800000| Untracked 
| 105|0x0000000086900000, 0x0000000086a00000, 0x0000000086a00000|100%| O|  |TAMS 0x0000000086900000, 0x0000000086900000| Untracked 
| 106|0x0000000086a00000, 0x0000000086b00000, 0x0000000086b00000|100%| O|  |TAMS 0x0000000086a00000, 0x0000000086a00000| Untracked 
| 107|0x0000000086b00000, 0x0000000086c00000, 0x0000000086c00000|100%| O|  |TAMS 0x0000000086b00000, 0x0000000086b00000| Untracked 
| 108|0x0000000086c00000, 0x0000000086d00000, 0x0000000086d00000|100%| O|  |TAMS 0x0000000086c00000, 0x0000000086c00000| Untracked 
| 109|0x0000000086d00000, 0x0000000086e00000, 0x0000000086e00000|100%| O|  |TAMS 0x0000000086e00000, 0x0000000086d00000| Untracked 
| 110|0x0000000086e00000, 0x0000000086f00000, 0x0000000086f00000|100%| O|  |TAMS 0x0000000086e00000, 0x0000000086e00000| Untracked 
| 111|0x0000000086f00000, 0x0000000087000000, 0x0000000087000000|100%| O|  |TAMS 0x0000000086f00000, 0x0000000086f00000| Untracked 
| 112|0x0000000087000000, 0x0000000087100000, 0x0000000087100000|100%| O|  |TAMS 0x0000000087000000, 0x0000000087000000| Untracked 
| 113|0x0000000087100000, 0x0000000087200000, 0x0000000087200000|100%| O|  |TAMS 0x0000000087200000, 0x0000000087100000| Untracked 
| 114|0x0000000087200000, 0x0000000087300000, 0x0000000087300000|100%| O|  |TAMS 0x0000000087200000, 0x0000000087200000| Untracked 
| 115|0x0000000087300000, 0x0000000087400000, 0x0000000087400000|100%| O|  |TAMS 0x0000000087400000, 0x0000000087300000| Untracked 
| 116|0x0000000087400000, 0x0000000087500000, 0x0000000087500000|100%|HS|  |TAMS 0x0000000087500000, 0x0000000087400000| Complete 
| 117|0x0000000087500000, 0x0000000087600000, 0x0000000087600000|100%|HC|  |TAMS 0x0000000087600000, 0x0000000087500000| Complete 
| 118|0x0000000087600000, 0x0000000087700000, 0x0000000087700000|100%|HC|  |TAMS 0x0000000087700000, 0x0000000087600000| Complete 
| 119|0x0000000087700000, 0x0000000087800000, 0x0000000087800000|100%|HC|  |TAMS 0x0000000087800000, 0x0000000087700000| Complete 
| 120|0x0000000087800000, 0x0000000087900000, 0x0000000087900000|100%|HC|  |TAMS 0x0000000087900000, 0x0000000087800000| Complete 
| 121|0x0000000087900000, 0x0000000087a00000, 0x0000000087a00000|100%| O|  |TAMS 0x0000000087900000, 0x0000000087900000| Untracked 
| 122|0x0000000087a00000, 0x0000000087b00000, 0x0000000087b00000|100%| O|  |TAMS 0x0000000087a00000, 0x0000000087a00000| Untracked 
| 123|0x0000000087b00000, 0x0000000087c00000, 0x0000000087c00000|100%| O|  |TAMS 0x0000000087b00000, 0x0000000087b00000| Untracked 
| 124|0x0000000087c00000, 0x0000000087d00000, 0x0000000087d00000|100%| O|  |TAMS 0x0000000087c00000, 0x0000000087c00000| Untracked 
| 125|0x0000000087d00000, 0x0000000087e00000, 0x0000000087e00000|100%| O|  |TAMS 0x0000000087d65800, 0x0000000087d00000| Untracked 
| 126|0x0000000087e00000, 0x0000000087f00000, 0x0000000087f00000|100%| O|  |TAMS 0x0000000087e00000, 0x0000000087e00000| Untracked 
| 127|0x0000000087f00000, 0x0000000088000000, 0x0000000088000000|100%| O|  |TAMS 0x0000000087f00000, 0x0000000087f00000| Untracked 
| 128|0x0000000088000000, 0x0000000088100000, 0x0000000088100000|100%| O|  |TAMS 0x0000000088000000, 0x0000000088000000| Untracked 
| 129|0x0000000088100000, 0x0000000088200000, 0x0000000088200000|100%| O|  |TAMS 0x0000000088100000, 0x0000000088100000| Untracked 
| 130|0x0000000088200000, 0x0000000088300000, 0x0000000088300000|100%| O|  |TAMS 0x0000000088300000, 0x0000000088200000| Untracked 
| 131|0x0000000088300000, 0x0000000088400000, 0x0000000088400000|100%|HS|  |TAMS 0x0000000088300000, 0x0000000088300000| Complete 
| 132|0x0000000088400000, 0x0000000088500000, 0x0000000088500000|100%|HS|  |TAMS 0x0000000088400000, 0x0000000088400000| Complete 
| 133|0x0000000088500000, 0x0000000088600000, 0x0000000088600000|100%|HS|  |TAMS 0x0000000088500000, 0x0000000088500000| Complete 
| 134|0x0000000088600000, 0x0000000088700000, 0x0000000088700000|100%|HS|  |TAMS 0x0000000088600000, 0x0000000088600000| Complete 
| 135|0x0000000088700000, 0x0000000088800000, 0x0000000088800000|100%| O|  |TAMS 0x0000000088800000, 0x0000000088700000| Untracked 
| 136|0x0000000088800000, 0x0000000088900000, 0x0000000088900000|100%| O|  |TAMS 0x0000000088900000, 0x0000000088800000| Untracked 
| 137|0x0000000088900000, 0x0000000088a00000, 0x0000000088a00000|100%|HS|  |TAMS 0x0000000088900000, 0x0000000088900000| Complete 
| 138|0x0000000088a00000, 0x0000000088b00000, 0x0000000088b00000|100%|HC|  |TAMS 0x0000000088a00000, 0x0000000088a00000| Complete 
| 139|0x0000000088b00000, 0x0000000088c00000, 0x0000000088c00000|100%| O|  |TAMS 0x0000000088b00000, 0x0000000088b00000| Untracked 
| 140|0x0000000088c00000, 0x0000000088d00000, 0x0000000088d00000|100%| O|  |TAMS 0x0000000088c00000, 0x0000000088c00000| Untracked 
| 141|0x0000000088d00000, 0x0000000088e00000, 0x0000000088e00000|100%| O|  |TAMS 0x0000000088d00000, 0x0000000088d00000| Untracked 
| 142|0x0000000088e00000, 0x0000000088f00000, 0x0000000088f00000|100%| O|  |TAMS 0x0000000088e00000, 0x0000000088e00000| Untracked 
| 143|0x0000000088f00000, 0x0000000089000000, 0x0000000089000000|100%| O|  |TAMS 0x0000000088f00000, 0x0000000088f00000| Untracked 
| 144|0x0000000089000000, 0x0000000089100000, 0x0000000089100000|100%|HS|  |TAMS 0x0000000089000000, 0x0000000089000000| Complete 
| 145|0x0000000089100000, 0x0000000089200000, 0x0000000089200000|100%|HC|  |TAMS 0x0000000089100000, 0x0000000089100000| Complete 
| 146|0x0000000089200000, 0x0000000089300000, 0x0000000089300000|100%|HC|  |TAMS 0x0000000089200000, 0x0000000089200000| Complete 
| 147|0x0000000089300000, 0x0000000089400000, 0x0000000089400000|100%|HC|  |TAMS 0x0000000089300000, 0x0000000089300000| Complete 
| 148|0x0000000089400000, 0x0000000089500000, 0x0000000089500000|100%|HC|  |TAMS 0x0000000089400000, 0x0000000089400000| Complete 
| 149|0x0000000089500000, 0x0000000089600000, 0x0000000089600000|100%| O|  |TAMS 0x0000000089500000, 0x0000000089500000| Untracked 
| 150|0x0000000089600000, 0x0000000089700000, 0x0000000089700000|100%| O|  |TAMS 0x0000000089600000, 0x0000000089600000| Untracked 
| 151|0x0000000089700000, 0x0000000089800000, 0x0000000089800000|100%| O|  |TAMS 0x0000000089700000, 0x0000000089700000| Untracked 
| 152|0x0000000089800000, 0x0000000089900000, 0x0000000089900000|100%| O|  |TAMS 0x0000000089800000, 0x0000000089800000| Untracked 
| 153|0x0000000089900000, 0x0000000089a00000, 0x0000000089a00000|100%| O|  |TAMS 0x0000000089900000, 0x0000000089900000| Untracked 
| 154|0x0000000089a00000, 0x0000000089b00000, 0x0000000089b00000|100%| O|  |TAMS 0x0000000089a00000, 0x0000000089a00000| Untracked 
| 155|0x0000000089b00000, 0x0000000089c00000, 0x0000000089c00000|100%|HS|  |TAMS 0x0000000089b00000, 0x0000000089b00000| Complete 
| 156|0x0000000089c00000, 0x0000000089d00000, 0x0000000089d00000|100%|HS|  |TAMS 0x0000000089c00000, 0x0000000089c00000| Complete 
| 157|0x0000000089d00000, 0x0000000089e00000, 0x0000000089e00000|100%| O|  |TAMS 0x0000000089d00000, 0x0000000089d00000| Untracked 
| 158|0x0000000089e00000, 0x0000000089f00000, 0x0000000089f00000|100%| O|  |TAMS 0x0000000089e00000, 0x0000000089e00000| Untracked 
| 159|0x0000000089f00000, 0x000000008a000000, 0x000000008a000000|100%| O|  |TAMS 0x0000000089f00000, 0x0000000089f00000| Untracked 
| 160|0x000000008a000000, 0x000000008a100000, 0x000000008a100000|100%| O|  |TAMS 0x000000008a000000, 0x000000008a000000| Untracked 
| 161|0x000000008a100000, 0x000000008a200000, 0x000000008a200000|100%| O|  |TAMS 0x000000008a100000, 0x000000008a100000| Untracked 
| 162|0x000000008a200000, 0x000000008a300000, 0x000000008a300000|100%| O|  |TAMS 0x000000008a200000, 0x000000008a200000| Untracked 
| 163|0x000000008a300000, 0x000000008a400000, 0x000000008a400000|100%| O|  |TAMS 0x000000008a300000, 0x000000008a300000| Untracked 
| 164|0x000000008a400000, 0x000000008a440200, 0x000000008a500000| 25%| O|  |TAMS 0x000000008a400000, 0x000000008a400000| Untracked 
| 165|0x000000008a500000, 0x000000008a500000, 0x000000008a600000|  0%| F|  |TAMS 0x000000008a500000, 0x000000008a500000| Untracked 
| 166|0x000000008a600000, 0x000000008a600000, 0x000000008a700000|  0%| F|  |TAMS 0x000000008a600000, 0x000000008a600000| Untracked 
| 167|0x000000008a700000, 0x000000008a700000, 0x000000008a800000|  0%| F|  |TAMS 0x000000008a700000, 0x000000008a700000| Untracked 
| 168|0x000000008a800000, 0x000000008a800000, 0x000000008a900000|  0%| F|  |TAMS 0x000000008a800000, 0x000000008a800000| Untracked 
| 169|0x000000008a900000, 0x000000008a900000, 0x000000008aa00000|  0%| F|  |TAMS 0x000000008a900000, 0x000000008a900000| Untracked 
| 170|0x000000008aa00000, 0x000000008aa00000, 0x000000008ab00000|  0%| F|  |TAMS 0x000000008aa00000, 0x000000008aa00000| Untracked 
| 171|0x000000008ab00000, 0x000000008ab00000, 0x000000008ac00000|  0%| F|  |TAMS 0x000000008ab00000, 0x000000008ab00000| Untracked 
| 172|0x000000008ac00000, 0x000000008ac00000, 0x000000008ad00000|  0%| F|  |TAMS 0x000000008ac00000, 0x000000008ac00000| Untracked 
| 173|0x000000008ad00000, 0x000000008ad00000, 0x000000008ae00000|  0%| F|  |TAMS 0x000000008ad00000, 0x000000008ad00000| Untracked 
| 174|0x000000008ae00000, 0x000000008ae00000, 0x000000008af00000|  0%| F|  |TAMS 0x000000008ae00000, 0x000000008ae00000| Untracked 
| 175|0x000000008af00000, 0x000000008af00000, 0x000000008b000000|  0%| F|  |TAMS 0x000000008af00000, 0x000000008af00000| Untracked 
| 176|0x000000008b000000, 0x000000008b000000, 0x000000008b100000|  0%| F|  |TAMS 0x000000008b000000, 0x000000008b000000| Untracked 
| 177|0x000000008b100000, 0x000000008b100000, 0x000000008b200000|  0%| F|  |TAMS 0x000000008b100000, 0x000000008b100000| Untracked 
| 178|0x000000008b200000, 0x000000008b200000, 0x000000008b300000|  0%| F|  |TAMS 0x000000008b200000, 0x000000008b200000| Untracked 
| 179|0x000000008b300000, 0x000000008b300000, 0x000000008b400000|  0%| F|  |TAMS 0x000000008b300000, 0x000000008b300000| Untracked 
| 180|0x000000008b400000, 0x000000008b400000, 0x000000008b500000|  0%| F|  |TAMS 0x000000008b400000, 0x000000008b400000| Untracked 
| 181|0x000000008b500000, 0x000000008b500000, 0x000000008b600000|  0%| F|  |TAMS 0x000000008b500000, 0x000000008b500000| Untracked 
| 182|0x000000008b600000, 0x000000008b600000, 0x000000008b700000|  0%| F|  |TAMS 0x000000008b600000, 0x000000008b600000| Untracked 
| 183|0x000000008b700000, 0x000000008b700000, 0x000000008b800000|  0%| F|  |TAMS 0x000000008b700000, 0x000000008b700000| Untracked 
| 184|0x000000008b800000, 0x000000008b800000, 0x000000008b900000|  0%| F|  |TAMS 0x000000008b800000, 0x000000008b800000| Untracked 
| 185|0x000000008b900000, 0x000000008b900000, 0x000000008ba00000|  0%| F|  |TAMS 0x000000008b900000, 0x000000008b900000| Untracked 
| 186|0x000000008ba00000, 0x000000008ba00000, 0x000000008bb00000|  0%| F|  |TAMS 0x000000008ba00000, 0x000000008ba00000| Untracked 
| 187|0x000000008bb00000, 0x000000008bb00000, 0x000000008bc00000|  0%| F|  |TAMS 0x000000008bb00000, 0x000000008bb00000| Untracked 
| 188|0x000000008bc00000, 0x000000008bc00000, 0x000000008bd00000|  0%| F|  |TAMS 0x000000008bc00000, 0x000000008bc00000| Untracked 
| 189|0x000000008bd00000, 0x000000008bd00000, 0x000000008be00000|  0%| F|  |TAMS 0x000000008bd00000, 0x000000008bd00000| Untracked 
| 190|0x000000008be00000, 0x000000008be00000, 0x000000008bf00000|  0%| F|  |TAMS 0x000000008be00000, 0x000000008be00000| Untracked 
| 191|0x000000008bf00000, 0x000000008bf00000, 0x000000008c000000|  0%| F|  |TAMS 0x000000008bf00000, 0x000000008bf00000| Untracked 
| 192|0x000000008c000000, 0x000000008c000000, 0x000000008c100000|  0%| F|  |TAMS 0x000000008c000000, 0x000000008c000000| Untracked 
| 193|0x000000008c100000, 0x000000008c100000, 0x000000008c200000|  0%| F|  |TAMS 0x000000008c100000, 0x000000008c100000| Untracked 
| 194|0x000000008c200000, 0x000000008c200000, 0x000000008c300000|  0%| F|  |TAMS 0x000000008c200000, 0x000000008c200000| Untracked 
| 195|0x000000008c300000, 0x000000008c300000, 0x000000008c400000|  0%| F|  |TAMS 0x000000008c300000, 0x000000008c300000| Untracked 
| 196|0x000000008c400000, 0x000000008c400000, 0x000000008c500000|  0%| F|  |TAMS 0x000000008c400000, 0x000000008c400000| Untracked 
| 197|0x000000008c500000, 0x000000008c500000, 0x000000008c600000|  0%| F|  |TAMS 0x000000008c500000, 0x000000008c500000| Untracked 
| 198|0x000000008c600000, 0x000000008c600000, 0x000000008c700000|  0%| F|  |TAMS 0x000000008c600000, 0x000000008c600000| Untracked 
| 199|0x000000008c700000, 0x000000008c700000, 0x000000008c800000|  0%| F|  |TAMS 0x000000008c700000, 0x000000008c700000| Untracked 
| 200|0x000000008c800000, 0x000000008c800000, 0x000000008c900000|  0%| F|  |TAMS 0x000000008c800000, 0x000000008c800000| Untracked 
| 201|0x000000008c900000, 0x000000008c900000, 0x000000008ca00000|  0%| F|  |TAMS 0x000000008c900000, 0x000000008c900000| Untracked 
| 202|0x000000008ca00000, 0x000000008ca00000, 0x000000008cb00000|  0%| F|  |TAMS 0x000000008ca00000, 0x000000008ca00000| Untracked 
| 203|0x000000008cb00000, 0x000000008cb00000, 0x000000008cc00000|  0%| F|  |TAMS 0x000000008cb00000, 0x000000008cb00000| Untracked 
| 204|0x000000008cc00000, 0x000000008cc00000, 0x000000008cd00000|  0%| F|  |TAMS 0x000000008cc00000, 0x000000008cc00000| Untracked 
| 205|0x000000008cd00000, 0x000000008cd00000, 0x000000008ce00000|  0%| F|  |TAMS 0x000000008cd00000, 0x000000008cd00000| Untracked 
| 206|0x000000008ce00000, 0x000000008ce00000, 0x000000008cf00000|  0%| F|  |TAMS 0x000000008ce00000, 0x000000008ce00000| Untracked 
| 207|0x000000008cf00000, 0x000000008cf00000, 0x000000008d000000|  0%| F|  |TAMS 0x000000008cf00000, 0x000000008cf00000| Untracked 
| 208|0x000000008d000000, 0x000000008d000000, 0x000000008d100000|  0%| F|  |TAMS 0x000000008d000000, 0x000000008d000000| Untracked 
| 209|0x000000008d100000, 0x000000008d100000, 0x000000008d200000|  0%| F|  |TAMS 0x000000008d100000, 0x000000008d100000| Untracked 
| 210|0x000000008d200000, 0x000000008d200000, 0x000000008d300000|  0%| F|  |TAMS 0x000000008d200000, 0x000000008d200000| Untracked 
| 211|0x000000008d300000, 0x000000008d300000, 0x000000008d400000|  0%| F|  |TAMS 0x000000008d300000, 0x000000008d300000| Untracked 
| 212|0x000000008d400000, 0x000000008d400000, 0x000000008d500000|  0%| F|  |TAMS 0x000000008d400000, 0x000000008d400000| Untracked 
| 213|0x000000008d500000, 0x000000008d500000, 0x000000008d600000|  0%| F|  |TAMS 0x000000008d500000, 0x000000008d500000| Untracked 
| 214|0x000000008d600000, 0x000000008d600000, 0x000000008d700000|  0%| F|  |TAMS 0x000000008d600000, 0x000000008d600000| Untracked 
| 215|0x000000008d700000, 0x000000008d700000, 0x000000008d800000|  0%| F|  |TAMS 0x000000008d700000, 0x000000008d700000| Untracked 
| 216|0x000000008d800000, 0x000000008d800000, 0x000000008d900000|  0%| F|  |TAMS 0x000000008d800000, 0x000000008d800000| Untracked 
| 217|0x000000008d900000, 0x000000008d900000, 0x000000008da00000|  0%| F|  |TAMS 0x000000008d900000, 0x000000008d900000| Untracked 
| 218|0x000000008da00000, 0x000000008da00000, 0x000000008db00000|  0%| F|  |TAMS 0x000000008da00000, 0x000000008da00000| Untracked 
| 219|0x000000008db00000, 0x000000008db00000, 0x000000008dc00000|  0%| F|  |TAMS 0x000000008db00000, 0x000000008db00000| Untracked 
| 220|0x000000008dc00000, 0x000000008dc00000, 0x000000008dd00000|  0%| F|  |TAMS 0x000000008dc00000, 0x000000008dc00000| Untracked 
| 221|0x000000008dd00000, 0x000000008dd00000, 0x000000008de00000|  0%| F|  |TAMS 0x000000008dd00000, 0x000000008dd00000| Untracked 
| 222|0x000000008de00000, 0x000000008de00000, 0x000000008df00000|  0%| F|  |TAMS 0x000000008de00000, 0x000000008de00000| Untracked 
| 223|0x000000008df00000, 0x000000008df00000, 0x000000008e000000|  0%| F|  |TAMS 0x000000008df00000, 0x000000008df00000| Untracked 
| 224|0x000000008e000000, 0x000000008e000000, 0x000000008e100000|  0%| F|  |TAMS 0x000000008e000000, 0x000000008e000000| Untracked 
| 225|0x000000008e100000, 0x000000008e100000, 0x000000008e200000|  0%| F|  |TAMS 0x000000008e100000, 0x000000008e100000| Untracked 
| 226|0x000000008e200000, 0x000000008e200000, 0x000000008e300000|  0%| F|  |TAMS 0x000000008e200000, 0x000000008e200000| Untracked 
| 227|0x000000008e300000, 0x000000008e300000, 0x000000008e400000|  0%| F|  |TAMS 0x000000008e300000, 0x000000008e300000| Untracked 
| 228|0x000000008e400000, 0x000000008e400000, 0x000000008e500000|  0%| F|  |TAMS 0x000000008e400000, 0x000000008e400000| Untracked 
| 229|0x000000008e500000, 0x000000008e500000, 0x000000008e600000|  0%| F|  |TAMS 0x000000008e500000, 0x000000008e500000| Untracked 
| 230|0x000000008e600000, 0x000000008e600000, 0x000000008e700000|  0%| F|  |TAMS 0x000000008e600000, 0x000000008e600000| Untracked 
| 231|0x000000008e700000, 0x000000008e700000, 0x000000008e800000|  0%| F|  |TAMS 0x000000008e700000, 0x000000008e700000| Untracked 
| 232|0x000000008e800000, 0x000000008e800000, 0x000000008e900000|  0%| F|  |TAMS 0x000000008e800000, 0x000000008e800000| Untracked 
| 233|0x000000008e900000, 0x000000008e900000, 0x000000008ea00000|  0%| F|  |TAMS 0x000000008e900000, 0x000000008e900000| Untracked 
| 234|0x000000008ea00000, 0x000000008ea00000, 0x000000008eb00000|  0%| F|  |TAMS 0x000000008ea00000, 0x000000008ea00000| Untracked 
| 235|0x000000008eb00000, 0x000000008eb00000, 0x000000008ec00000|  0%| F|  |TAMS 0x000000008eb00000, 0x000000008eb00000| Untracked 
| 236|0x000000008ec00000, 0x000000008ec00000, 0x000000008ed00000|  0%| F|  |TAMS 0x000000008ec00000, 0x000000008ec00000| Untracked 
| 237|0x000000008ed00000, 0x000000008ed00000, 0x000000008ee00000|  0%| F|  |TAMS 0x000000008ed00000, 0x000000008ed00000| Untracked 
| 238|0x000000008ee00000, 0x000000008ee00000, 0x000000008ef00000|  0%| F|  |TAMS 0x000000008ee00000, 0x000000008ee00000| Untracked 
| 239|0x000000008ef00000, 0x000000008ef00000, 0x000000008f000000|  0%| F|  |TAMS 0x000000008ef00000, 0x000000008ef00000| Untracked 
| 240|0x000000008f000000, 0x000000008f000000, 0x000000008f100000|  0%| F|  |TAMS 0x000000008f000000, 0x000000008f000000| Untracked 
| 241|0x000000008f100000, 0x000000008f100000, 0x000000008f200000|  0%| F|  |TAMS 0x000000008f100000, 0x000000008f100000| Untracked 
| 242|0x000000008f200000, 0x000000008f200000, 0x000000008f300000|  0%| F|  |TAMS 0x000000008f200000, 0x000000008f200000| Untracked 
| 243|0x000000008f300000, 0x000000008f300000, 0x000000008f400000|  0%| F|  |TAMS 0x000000008f300000, 0x000000008f300000| Untracked 
| 244|0x000000008f400000, 0x000000008f400000, 0x000000008f500000|  0%| F|  |TAMS 0x000000008f400000, 0x000000008f400000| Untracked 
| 245|0x000000008f500000, 0x000000008f500000, 0x000000008f600000|  0%| F|  |TAMS 0x000000008f500000, 0x000000008f500000| Untracked 
| 246|0x000000008f600000, 0x000000008f600000, 0x000000008f700000|  0%| F|  |TAMS 0x000000008f600000, 0x000000008f600000| Untracked 
| 247|0x000000008f700000, 0x000000008f700000, 0x000000008f800000|  0%| F|  |TAMS 0x000000008f700000, 0x000000008f700000| Untracked 
| 248|0x000000008f800000, 0x000000008f800000, 0x000000008f900000|  0%| F|  |TAMS 0x000000008f800000, 0x000000008f800000| Untracked 
| 249|0x000000008f900000, 0x000000008f900000, 0x000000008fa00000|  0%| F|  |TAMS 0x000000008f900000, 0x000000008f900000| Untracked 
| 250|0x000000008fa00000, 0x000000008fa00000, 0x000000008fb00000|  0%| F|  |TAMS 0x000000008fa00000, 0x000000008fa00000| Untracked 
| 251|0x000000008fb00000, 0x000000008fb00000, 0x000000008fc00000|  0%| F|  |TAMS 0x000000008fb00000, 0x000000008fb00000| Untracked 
| 252|0x000000008fc00000, 0x000000008fc00000, 0x000000008fd00000|  0%| F|  |TAMS 0x000000008fc00000, 0x000000008fc00000| Untracked 
| 253|0x000000008fd00000, 0x000000008fd00000, 0x000000008fe00000|  0%| F|  |TAMS 0x000000008fd00000, 0x000000008fd00000| Untracked 
| 254|0x000000008fe00000, 0x000000008fe00000, 0x000000008ff00000|  0%| F|  |TAMS 0x000000008fe00000, 0x000000008fe00000| Untracked 
| 255|0x000000008ff00000, 0x000000008ff00000, 0x0000000090000000|  0%| F|  |TAMS 0x000000008ff00000, 0x000000008ff00000| Untracked 
| 256|0x0000000090000000, 0x0000000090000000, 0x0000000090100000|  0%| F|  |TAMS 0x0000000090000000, 0x0000000090000000| Untracked 
| 257|0x0000000090100000, 0x0000000090100000, 0x0000000090200000|  0%| F|  |TAMS 0x0000000090100000, 0x0000000090100000| Untracked 
| 258|0x0000000090200000, 0x0000000090200000, 0x0000000090300000|  0%| F|  |TAMS 0x0000000090200000, 0x0000000090200000| Untracked 
| 259|0x0000000090300000, 0x0000000090300000, 0x0000000090400000|  0%| F|  |TAMS 0x0000000090300000, 0x0000000090300000| Untracked 
| 260|0x0000000090400000, 0x0000000090400000, 0x0000000090500000|  0%| F|  |TAMS 0x0000000090400000, 0x0000000090400000| Untracked 
| 261|0x0000000090500000, 0x0000000090500000, 0x0000000090600000|  0%| F|  |TAMS 0x0000000090500000, 0x0000000090500000| Untracked 
| 262|0x0000000090600000, 0x0000000090600000, 0x0000000090700000|  0%| F|  |TAMS 0x0000000090600000, 0x0000000090600000| Untracked 
| 263|0x0000000090700000, 0x0000000090700000, 0x0000000090800000|  0%| F|  |TAMS 0x0000000090700000, 0x0000000090700000| Untracked 
| 264|0x0000000090800000, 0x0000000090800000, 0x0000000090900000|  0%| F|  |TAMS 0x0000000090800000, 0x0000000090800000| Untracked 
| 265|0x0000000090900000, 0x0000000090900000, 0x0000000090a00000|  0%| F|  |TAMS 0x0000000090900000, 0x0000000090900000| Untracked 
| 266|0x0000000090a00000, 0x0000000090a00000, 0x0000000090b00000|  0%| F|  |TAMS 0x0000000090a00000, 0x0000000090a00000| Untracked 
| 267|0x0000000090b00000, 0x0000000090b00000, 0x0000000090c00000|  0%| F|  |TAMS 0x0000000090b00000, 0x0000000090b00000| Untracked 
| 268|0x0000000090c00000, 0x0000000090c00000, 0x0000000090d00000|  0%| F|  |TAMS 0x0000000090c00000, 0x0000000090c00000| Untracked 
| 269|0x0000000090d00000, 0x0000000090d00000, 0x0000000090e00000|  0%| F|  |TAMS 0x0000000090d00000, 0x0000000090d00000| Untracked 
| 270|0x0000000090e00000, 0x0000000090e00000, 0x0000000090f00000|  0%| F|  |TAMS 0x0000000090e00000, 0x0000000090e00000| Untracked 
| 271|0x0000000090f00000, 0x0000000090f00000, 0x0000000091000000|  0%| F|  |TAMS 0x0000000090f00000, 0x0000000090f00000| Untracked 
| 272|0x0000000091000000, 0x0000000091000000, 0x0000000091100000|  0%| F|  |TAMS 0x0000000091000000, 0x0000000091000000| Untracked 
| 273|0x0000000091100000, 0x0000000091100000, 0x0000000091200000|  0%| F|  |TAMS 0x0000000091100000, 0x0000000091100000| Untracked 
| 274|0x0000000091200000, 0x0000000091200000, 0x0000000091300000|  0%| F|  |TAMS 0x0000000091200000, 0x0000000091200000| Untracked 
| 275|0x0000000091300000, 0x0000000091300000, 0x0000000091400000|  0%| F|  |TAMS 0x0000000091300000, 0x0000000091300000| Untracked 
| 276|0x0000000091400000, 0x0000000091400000, 0x0000000091500000|  0%| F|  |TAMS 0x0000000091400000, 0x0000000091400000| Untracked 
| 277|0x0000000091500000, 0x0000000091500000, 0x0000000091600000|  0%| F|  |TAMS 0x0000000091500000, 0x0000000091500000| Untracked 
| 278|0x0000000091600000, 0x0000000091600000, 0x0000000091700000|  0%| F|  |TAMS 0x0000000091600000, 0x0000000091600000| Untracked 
| 279|0x0000000091700000, 0x0000000091700000, 0x0000000091800000|  0%| F|  |TAMS 0x0000000091700000, 0x0000000091700000| Untracked 
| 280|0x0000000091800000, 0x0000000091800000, 0x0000000091900000|  0%| F|  |TAMS 0x0000000091800000, 0x0000000091800000| Untracked 
| 281|0x0000000091900000, 0x0000000091900000, 0x0000000091a00000|  0%| F|  |TAMS 0x0000000091900000, 0x0000000091900000| Untracked 
| 282|0x0000000091a00000, 0x0000000091a00000, 0x0000000091b00000|  0%| F|  |TAMS 0x0000000091a00000, 0x0000000091a00000| Untracked 
| 283|0x0000000091b00000, 0x0000000091b00000, 0x0000000091c00000|  0%| F|  |TAMS 0x0000000091b00000, 0x0000000091b00000| Untracked 
| 284|0x0000000091c00000, 0x0000000091c00000, 0x0000000091d00000|  0%| F|  |TAMS 0x0000000091c00000, 0x0000000091c00000| Untracked 
| 285|0x0000000091d00000, 0x0000000091d00000, 0x0000000091e00000|  0%| F|  |TAMS 0x0000000091d00000, 0x0000000091d00000| Untracked 
| 286|0x0000000091e00000, 0x0000000091e00000, 0x0000000091f00000|  0%| F|  |TAMS 0x0000000091e00000, 0x0000000091e00000| Untracked 
| 287|0x0000000091f00000, 0x0000000091f00000, 0x0000000092000000|  0%| F|  |TAMS 0x0000000091f00000, 0x0000000091f00000| Untracked 
| 288|0x0000000092000000, 0x0000000092000000, 0x0000000092100000|  0%| F|  |TAMS 0x0000000092000000, 0x0000000092000000| Untracked 
| 289|0x0000000092100000, 0x0000000092100000, 0x0000000092200000|  0%| F|  |TAMS 0x0000000092100000, 0x0000000092100000| Untracked 
| 290|0x0000000092200000, 0x0000000092300000, 0x0000000092300000|100%| S|CS|TAMS 0x0000000092200000, 0x0000000092200000| Complete 
| 291|0x0000000092300000, 0x0000000092400000, 0x0000000092400000|100%| S|CS|TAMS 0x0000000092300000, 0x0000000092300000| Complete 
| 292|0x0000000092400000, 0x0000000092400000, 0x0000000092500000|  0%| F|  |TAMS 0x0000000092400000, 0x0000000092400000| Untracked 
| 293|0x0000000092500000, 0x0000000092500000, 0x0000000092600000|  0%| F|  |TAMS 0x0000000092500000, 0x0000000092500000| Untracked 
| 294|0x0000000092600000, 0x0000000092600000, 0x0000000092700000|  0%| F|  |TAMS 0x0000000092600000, 0x0000000092600000| Untracked 
| 295|0x0000000092700000, 0x0000000092700000, 0x0000000092800000|  0%| F|  |TAMS 0x0000000092700000, 0x0000000092700000| Untracked 
| 296|0x0000000092800000, 0x0000000092800000, 0x0000000092900000|  0%| F|  |TAMS 0x0000000092800000, 0x0000000092800000| Untracked 
| 297|0x0000000092900000, 0x0000000092900000, 0x0000000092a00000|  0%| F|  |TAMS 0x0000000092900000, 0x0000000092900000| Untracked 
| 298|0x0000000092a00000, 0x0000000092a00000, 0x0000000092b00000|  0%| F|  |TAMS 0x0000000092a00000, 0x0000000092a00000| Untracked 
| 299|0x0000000092b00000, 0x0000000092b00000, 0x0000000092c00000|  0%| F|  |TAMS 0x0000000092b00000, 0x0000000092b00000| Untracked 
| 300|0x0000000092c00000, 0x0000000092c00000, 0x0000000092d00000|  0%| F|  |TAMS 0x0000000092c00000, 0x0000000092c00000| Untracked 
| 301|0x0000000092d00000, 0x0000000092dfae20, 0x0000000092e00000| 98%| E|  |TAMS 0x0000000092d00000, 0x0000000092d00000| Complete 

Card table byte_map: [0x0000016ffc3e0000,0x0000016ffc7e0000] _byte_map_base: 0x0000016ffbfe0000

Marking Bits (Prev, Next): (CMBitMap*) 0x0000016ff86a73c0, (CMBitMap*) 0x0000016ff86a7388
 Prev Bits: [0x0000016f8f000000, 0x0000016f91000000)
 Next Bits: [0x0000016ffcbe0000, 0x0000016ffebe0000)

Polling page: 0x0000016ff7e40000

Metaspace:

Usage:
  Non-class:    103.32 MB capacity,   101.71 MB ( 98%) used,     1.35 MB (  1%) free+waste,   260.44 KB ( <1%) overhead. 
      Class:     14.79 MB capacity,    14.03 MB ( 95%) used,   672.78 KB (  4%) free+waste,   110.38 KB ( <1%) overhead. 
       Both:    118.11 MB capacity,   115.74 MB ( 98%) used,     2.01 MB (  2%) free+waste,   370.81 KB ( <1%) overhead. 

Virtual space:
  Non-class space:      104.00 MB reserved,     103.50 MB (>99%) committed 
      Class space:        1.00 GB reserved,      14.82 MB (  1%) committed 
             Both:        1.10 GB reserved,     118.32 MB ( 10%) committed 

Chunk freelists:
   Non-Class:  58.00 KB
       Class:  0 bytes
        Both:  58.00 KB

MaxMetaspaceSize: 17179869184.00 GB
CompressedClassSpaceSize: 1.00 GB

CodeHeap 'non-profiled nmethods': size=120064Kb used=8441Kb max_used=8562Kb free=111622Kb
 bounds [0x0000016f87ac0000, 0x0000016f88330000, 0x0000016f8f000000]
CodeHeap 'profiled nmethods': size=120000Kb used=34209Kb max_used=35111Kb free=85790Kb
 bounds [0x0000016f80590000, 0x0000016f827f0000, 0x0000016f87ac0000]
CodeHeap 'non-nmethods': size=5696Kb used=2349Kb max_used=2392Kb free=3346Kb
 bounds [0x0000016f80000000, 0x0000016f80270000, 0x0000016f80590000]
 total_blobs=16247 nmethods=15252 adapters=906
 compilation: enabled
              stopped_count=0, restarted_count=0
 full_count=0

Compilation events (20 events):
Event: 3301.693 Thread 0x0000016fff5e9000 17078       2       com.android.tools.r8.graph.ObjectToOffsetMapping$ProgramClassDepthsMemoized::getDepth (146 bytes)
Event: 3301.695 Thread 0x0000016fff5e9000 nmethod 17078 0x0000016f80c60e90 code [0x0000016f80c610c0, 0x0000016f80c61478]
Event: 3301.695 Thread 0x0000016fff5e9000 17079       2       com.android.tools.r8.it.unimi.dsi.fastutil.objects.Reference2IntOpenHashMap::put (34 bytes)
Event: 3301.696 Thread 0x0000016fff5e9000 nmethod 17079 0x0000016f80c54590 code [0x0000016f80c54740, 0x0000016f80c548c8]
Event: 3301.698 Thread 0x0000016fff5e9000 17080       2       com.android.tools.r8.graph.ObjectToOffsetMapping$$Lambda$868/0x0000000100e88840::compare (16 bytes)
Event: 3301.699 Thread 0x0000016fff5e9000 nmethod 17080 0x0000016f80c63090 code [0x0000016f80c63240, 0x0000016f80c633c8]
Event: 3301.699 Thread 0x0000016fff5e9000 17081       2       com.android.tools.r8.graph.ObjectToOffsetMapping::lambda$sortClasses$0 (38 bytes)
Event: 3301.700 Thread 0x0000016fff5e9000 nmethod 17081 0x0000016f80c62b10 code [0x0000016f80c62ce0, 0x0000016f80c62e88]
Event: 3301.701 Thread 0x0000016fff5e9000 17082       2       com.android.tools.r8.it.unimi.dsi.fastutil.objects.Reference2IntOpenHashMap::insert (147 bytes)
Event: 3301.702 Thread 0x0000016fff5e9000 nmethod 17082 0x0000016f80c62190 code [0x0000016f80c62380, 0x0000016f80c627a8]
Event: 3301.703 Thread 0x0000016fff5e9000 17084 %     3       com.android.tools.r8.it.unimi.dsi.fastutil.objects.Reference2IntOpenHashMap::getInt @ 75 (113 bytes)
Event: 3301.705 Thread 0x0000016fff5e9000 nmethod 17084% 0x0000016f80c63f90 code [0x0000016f80c641a0, 0x0000016f80c64708]
Event: 3301.705 Thread 0x0000016fff5e9000 17085       3       com.android.tools.r8.it.unimi.dsi.fastutil.objects.Reference2IntOpenHashMap::getInt (113 bytes)
Event: 3301.706 Thread 0x0000016fff5e9000 nmethod 17085 0x0000016f80c67390 code [0x0000016f80c67580, 0x0000016f80c67a68]
Event: 3301.729 Thread 0x0000016fff5e9000 17087       2       com.android.tools.r8.graph.DexProto::compareTo (9 bytes)
Event: 3301.730 Thread 0x0000016fff5e9000 nmethod 17087 0x0000016f80c63b90 code [0x0000016f80c63d40, 0x0000016f80c63e88]
Event: 3301.911 Thread 0x0000016fff5e9000 17090       3       java.util.TimSort::mergeHi (732 bytes)
Event: 3301.917 Thread 0x0000016fff5e9000 nmethod 17090 0x0000016f80c99a90 code [0x0000016f80c99e20, 0x0000016f80c9c278]
Event: 3301.919 Thread 0x0000016fff5e9000 17091 %     3       java.util.TimSort::mergeHi @ 191 (732 bytes)
Event: 3301.923 Thread 0x0000016fff5e9000 nmethod 17091% 0x0000016f80fe4710 code [0x0000016f80fe4aa0, 0x0000016f80fe6fd8]

GC Heap History (20 events):
Event: 3280.204 GC heap before
{Heap before GC invocations=71 (full 0):
 garbage-first heap   total 244736K, used 143104K [0x0000000080000000, 0x0000000100000000)
  region size 1024K, 11 young (11264K), 4 survivors (4096K)
 Metaspace       used 108268K, capacity 110427K, committed 110668K, reserved 1146880K
  class space    used 13100K, capacity 13771K, committed 13900K, reserved 1048576K
}
Event: 3280.298 GC heap after
{Heap after GC invocations=72 (full 0):
 garbage-first heap   total 244736K, used 121635K [0x0000000080000000, 0x0000000100000000)
  region size 1024K, 1 young (1024K), 1 survivors (1024K)
 Metaspace       used 108268K, capacity 110427K, committed 110668K, reserved 1146880K
  class space    used 13100K, capacity 13771K, committed 13900K, reserved 1048576K
}
Event: 3281.006 GC heap before
{Heap before GC invocations=72 (full 0):
 garbage-first heap   total 244736K, used 167715K [0x0000000080000000, 0x0000000100000000)
  region size 1024K, 46 young (47104K), 1 survivors (1024K)
 Metaspace       used 108277K, capacity 110427K, committed 110668K, reserved 1146880K
  class space    used 13100K, capacity 13771K, committed 13900K, reserved 1048576K
}
Event: 3281.022 GC heap after
{Heap after GC invocations=73 (full 0):
 garbage-first heap   total 244736K, used 121984K [0x0000000080000000, 0x0000000100000000)
  region size 1024K, 1 young (1024K), 1 survivors (1024K)
 Metaspace       used 108277K, capacity 110427K, committed 110668K, reserved 1146880K
  class space    used 13100K, capacity 13771K, committed 13900K, reserved 1048576K
}
Event: 3283.160 GC heap before
{Heap before GC invocations=73 (full 0):
 garbage-first heap   total 244736K, used 184448K [0x0000000080000000, 0x0000000100000000)
  region size 1024K, 60 young (61440K), 1 survivors (1024K)
 Metaspace       used 109658K, capacity 111831K, committed 112076K, reserved 1146880K
  class space    used 13276K, capacity 13960K, committed 14028K, reserved 1048576K
}
Event: 3283.190 GC heap after
{Heap after GC invocations=74 (full 0):
 garbage-first heap   total 244736K, used 129247K [0x0000000080000000, 0x0000000100000000)
  region size 1024K, 7 young (7168K), 7 survivors (7168K)
 Metaspace       used 109658K, capacity 111831K, committed 112076K, reserved 1146880K
  class space    used 13276K, capacity 13960K, committed 14028K, reserved 1048576K
}
Event: 3288.220 GC heap before
{Heap before GC invocations=74 (full 0):
 garbage-first heap   total 244736K, used 188639K [0x0000000080000000, 0x0000000100000000)
  region size 1024K, 65 young (66560K), 7 survivors (7168K)
 Metaspace       used 116552K, capacity 118961K, committed 119116K, reserved 1153024K
  class space    used 14120K, capacity 14881K, committed 14924K, reserved 1048576K
}
Event: 3288.272 GC heap after
{Heap after GC invocations=75 (full 0):
 garbage-first heap   total 244736K, used 134132K [0x0000000080000000, 0x0000000100000000)
  region size 1024K, 5 young (5120K), 5 survivors (5120K)
 Metaspace       used 116552K, capacity 118961K, committed 119116K, reserved 1153024K
  class space    used 14120K, capacity 14881K, committed 14924K, reserved 1048576K
}
Event: 3296.321 GC heap before
{Heap before GC invocations=75 (full 0):
 garbage-first heap   total 244736K, used 182260K [0x0000000080000000, 0x0000000100000000)
  region size 1024K, 49 young (50176K), 5 survivors (5120K)
 Metaspace       used 117425K, capacity 119848K, committed 120012K, reserved 1155072K
  class space    used 14213K, capacity 15002K, committed 15052K, reserved 1048576K
}
Event: 3296.360 GC heap after
{Heap after GC invocations=76 (full 0):
 garbage-first heap   total 244736K, used 142742K [0x0000000080000000, 0x0000000100000000)
  region size 1024K, 5 young (5120K), 5 survivors (5120K)
 Metaspace       used 117425K, capacity 119848K, committed 120012K, reserved 1155072K
  class space    used 14213K, capacity 15002K, committed 15052K, reserved 1048576K
}
Event: 3298.282 GC heap before
{Heap before GC invocations=77 (full 0):
 garbage-first heap   total 244736K, used 188822K [0x0000000080000000, 0x0000000100000000)
  region size 1024K, 55 young (56320K), 5 survivors (5120K)
 Metaspace       used 118274K, capacity 120731K, committed 120908K, reserved 1155072K
  class space    used 14357K, capacity 15145K, committed 15180K, reserved 1048576K
}
Event: 3298.533 GC heap after
{Heap after GC invocations=78 (full 0):
 garbage-first heap   total 244736K, used 155648K [0x0000000080000000, 0x0000000100000000)
  region size 1024K, 7 young (7168K), 7 survivors (7168K)
 Metaspace       used 118274K, capacity 120731K, committed 120908K, reserved 1155072K
  class space    used 14357K, capacity 15145K, committed 15180K, reserved 1048576K
}
Event: 3298.655 GC heap before
{Heap before GC invocations=78 (full 0):
 garbage-first heap   total 244736K, used 158720K [0x0000000080000000, 0x0000000100000000)
  region size 1024K, 11 young (11264K), 7 survivors (7168K)
 Metaspace       used 118278K, capacity 120731K, committed 120908K, reserved 1155072K
  class space    used 14357K, capacity 15145K, committed 15180K, reserved 1048576K
}
Event: 3298.761 GC heap after
{Heap after GC invocations=79 (full 0):
 garbage-first heap   total 244736K, used 133632K [0x0000000080000000, 0x0000000100000000)
  region size 1024K, 2 young (2048K), 2 survivors (2048K)
 Metaspace       used 118278K, capacity 120731K, committed 120908K, reserved 1155072K
  class space    used 14357K, capacity 15145K, committed 15180K, reserved 1048576K
}
Event: 3298.976 GC heap before
{Heap before GC invocations=79 (full 0):
 garbage-first heap   total 244736K, used 142848K [0x0000000080000000, 0x0000000100000000)
  region size 1024K, 11 young (11264K), 2 survivors (2048K)
 Metaspace       used 118286K, capacity 120731K, committed 120908K, reserved 1155072K
  class space    used 14357K, capacity 15145K, committed 15180K, reserved 1048576K
}
Event: 3299.039 GC heap after
{Heap after GC invocations=80 (full 0):
 garbage-first heap   total 309248K, used 138752K [0x0000000080000000, 0x0000000100000000)
  region size 1024K, 2 young (2048K), 2 survivors (2048K)
 Metaspace       used 118286K, capacity 120731K, committed 120908K, reserved 1155072K
  class space    used 14357K, capacity 15145K, committed 15180K, reserved 1048576K
}
Event: 3301.155 GC heap before
{Heap before GC invocations=80 (full 0):
 garbage-first heap   total 309248K, used 171520K [0x0000000080000000, 0x0000000100000000)
  region size 1024K, 35 young (35840K), 2 survivors (2048K)
 Metaspace       used 118498K, capacity 120940K, committed 121164K, reserved 1155072K
  class space    used 14362K, capacity 15146K, committed 15180K, reserved 1048576K
}
Event: 3301.296 GC heap after
{Heap after GC invocations=81 (full 0):
 garbage-first heap   total 309248K, used 157184K [0x0000000080000000, 0x0000000100000000)
  region size 1024K, 5 young (5120K), 5 survivors (5120K)
 Metaspace       used 118498K, capacity 120940K, committed 121164K, reserved 1155072K
  class space    used 14362K, capacity 15146K, committed 15180K, reserved 1048576K
}
Event: 3301.952 GC heap before
{Heap before GC invocations=81 (full 0):
 garbage-first heap   total 309248K, used 174592K [0x0000000080000000, 0x0000000100000000)
  region size 1024K, 15 young (15360K), 5 survivors (5120K)
 Metaspace       used 118514K, capacity 120944K, committed 121164K, reserved 1155072K
  class space    used 14362K, capacity 15146K, committed 15180K, reserved 1048576K
}
Event: 3302.030 GC heap after
{Heap after GC invocations=82 (full 0):
 garbage-first heap   total 309248K, used 170240K [0x0000000080000000, 0x0000000100000000)
  region size 1024K, 2 young (2048K), 2 survivors (2048K)
 Metaspace       used 118514K, capacity 120944K, committed 121164K, reserved 1155072K
  class space    used 14362K, capacity 15146K, committed 15180K, reserved 1048576K
}

Deoptimization events (20 events):
Event: 3300.814 Thread 0x0000016f9922a000 DEOPT PACKING pc=0x0000016f80bdf8f2 sp=0x0000002a784fe900
Event: 3300.814 Thread 0x0000016f9922a000 DEOPT UNPACKING pc=0x0000016f800266bf sp=0x0000002a784fdd88 mode 0
Event: 3301.564 Thread 0x0000016f9922a000 DEOPT PACKING pc=0x0000016f80adba86 sp=0x0000002a784fe4a0
Event: 3301.564 Thread 0x0000016f9922a000 DEOPT UNPACKING pc=0x0000016f800266bf sp=0x0000002a784fd978 mode 0
Event: 3301.911 Thread 0x0000016f99230800 Uncommon trap: trap_request=0xffffff4d fr.pc=0x0000016f882ce9e4 relative=0x0000000000001944
Event: 3301.911 Thread 0x0000016f99230800 Uncommon trap: reason=unstable_if action=reinterpret pc=0x0000016f882ce9e4 method=java.util.TimSort.mergeHi(IIII)V @ 568 c2
Event: 3301.911 Thread 0x0000016f99230800 DEOPT PACKING pc=0x0000016f882ce9e4 sp=0x0000002a785fe770
Event: 3301.911 Thread 0x0000016f99230800 DEOPT UNPACKING pc=0x0000016f800268a9 sp=0x0000002a785fe748 mode 2
Event: 3301.917 Thread 0x0000016f99230800 Uncommon trap: trap_request=0xffffffc6 fr.pc=0x0000016f882bf600 relative=0x00000000000015a0
Event: 3301.917 Thread 0x0000016f99230800 Uncommon trap: reason=bimorphic_or_optimized_type_check action=maybe_recompile pc=0x0000016f882bf600 method=java.util.TimSort.mergeHi(IIII)V @ 227 c2
Event: 3301.917 Thread 0x0000016f99230800 DEOPT PACKING pc=0x0000016f882bf600 sp=0x0000002a785fe770
Event: 3301.917 Thread 0x0000016f99230800 DEOPT UNPACKING pc=0x0000016f800268a9 sp=0x0000002a785fe738 mode 2
Event: 3301.918 Thread 0x0000016f99230800 Uncommon trap: trap_request=0xffffffc6 fr.pc=0x0000016f882bf600 relative=0x00000000000015a0
Event: 3301.918 Thread 0x0000016f99230800 Uncommon trap: reason=bimorphic_or_optimized_type_check action=maybe_recompile pc=0x0000016f882bf600 method=java.util.TimSort.mergeHi(IIII)V @ 227 c2
Event: 3301.918 Thread 0x0000016f99230800 DEOPT PACKING pc=0x0000016f882bf600 sp=0x0000002a785fe770
Event: 3301.918 Thread 0x0000016f99230800 DEOPT UNPACKING pc=0x0000016f800268a9 sp=0x0000002a785fe738 mode 2
Event: 3301.918 Thread 0x0000016f99230800 Uncommon trap: trap_request=0xffffffc6 fr.pc=0x0000016f882bf600 relative=0x00000000000015a0
Event: 3301.918 Thread 0x0000016f99230800 Uncommon trap: reason=bimorphic_or_optimized_type_check action=maybe_recompile pc=0x0000016f882bf600 method=java.util.TimSort.mergeHi(IIII)V @ 227 c2
Event: 3301.918 Thread 0x0000016f99230800 DEOPT PACKING pc=0x0000016f882bf600 sp=0x0000002a785fe770
Event: 3301.918 Thread 0x0000016f99230800 DEOPT UNPACKING pc=0x0000016f800268a9 sp=0x0000002a785fe738 mode 2

Classes redefined (0 events):
No events

Internal exceptions (20 events):
Event: 3289.063 Thread 0x0000016f96fd1800 Exception <a 'sun/nio/fs/WindowsException'{0x000000008dceb758}> (0x000000008dceb758) thrown at [./src/hotspot/share/prims/jni.cpp, line 615]
Event: 3289.071 Thread 0x0000016f96fd1800 Exception <a 'sun/nio/fs/WindowsException'{0x000000008dcf17a0}> (0x000000008dcf17a0) thrown at [./src/hotspot/share/prims/jni.cpp, line 615]
Event: 3289.076 Thread 0x0000016f96fd1800 Exception <a 'sun/nio/fs/WindowsException'{0x000000008dcf7b00}> (0x000000008dcf7b00) thrown at [./src/hotspot/share/prims/jni.cpp, line 615]
Event: 3289.082 Thread 0x0000016f96fd1800 Exception <a 'sun/nio/fs/WindowsException'{0x000000008dcffa08}> (0x000000008dcffa08) thrown at [./src/hotspot/share/prims/jni.cpp, line 615]
Event: 3289.089 Thread 0x0000016f96fd1800 Exception <a 'sun/nio/fs/WindowsException'{0x000000008d9c5d28}> (0x000000008d9c5d28) thrown at [./src/hotspot/share/prims/jni.cpp, line 615]
Event: 3289.117 Thread 0x0000016f96fd1800 Exception <a 'sun/nio/fs/WindowsException'{0x000000008d9f23b0}> (0x000000008d9f23b0) thrown at [./src/hotspot/share/prims/jni.cpp, line 615]
Event: 3289.127 Thread 0x0000016f96fd1800 Exception <a 'sun/nio/fs/WindowsException'{0x000000008d9f9fd0}> (0x000000008d9f9fd0) thrown at [./src/hotspot/share/prims/jni.cpp, line 615]
Event: 3289.137 Thread 0x0000016f96fd1800 Exception <a 'sun/nio/fs/WindowsException'{0x000000008d9ffd08}> (0x000000008d9ffd08) thrown at [./src/hotspot/share/prims/jni.cpp, line 615]
Event: 3289.146 Thread 0x0000016f96fd1800 Exception <a 'sun/nio/fs/WindowsException'{0x000000008d8c6bc8}> (0x000000008d8c6bc8) thrown at [./src/hotspot/share/prims/jni.cpp, line 615]
Event: 3289.157 Thread 0x0000016f96fd1800 Exception <a 'sun/nio/fs/WindowsException'{0x000000008d8ccc40}> (0x000000008d8ccc40) thrown at [./src/hotspot/share/prims/jni.cpp, line 615]
Event: 3289.165 Thread 0x0000016f96fd1800 Exception <a 'sun/nio/fs/WindowsException'{0x000000008d8d28b8}> (0x000000008d8d28b8) thrown at [./src/hotspot/share/prims/jni.cpp, line 615]
Event: 3289.171 Thread 0x0000016f96fd1800 Exception <a 'sun/nio/fs/WindowsException'{0x000000008d8d9388}> (0x000000008d8d9388) thrown at [./src/hotspot/share/prims/jni.cpp, line 615]
Event: 3289.185 Thread 0x0000016f96fd1800 Exception <a 'sun/nio/fs/WindowsException'{0x000000008d8e8320}> (0x000000008d8e8320) thrown at [./src/hotspot/share/prims/jni.cpp, line 615]
Event: 3289.202 Thread 0x0000016f96fd1800 Exception <a 'sun/nio/fs/WindowsException'{0x000000008d8eede8}> (0x000000008d8eede8) thrown at [./src/hotspot/share/prims/jni.cpp, line 615]
Event: 3289.217 Thread 0x0000016f96fd1800 Exception <a 'sun/nio/fs/WindowsException'{0x000000008d8f4fa8}> (0x000000008d8f4fa8) thrown at [./src/hotspot/share/prims/jni.cpp, line 615]
Event: 3289.231 Thread 0x0000016f96fd1800 Exception <a 'sun/nio/fs/WindowsException'{0x000000008d8ff3b0}> (0x000000008d8ff3b0) thrown at [./src/hotspot/share/prims/jni.cpp, line 615]
Event: 3289.239 Thread 0x0000016f96fd1800 Exception <a 'sun/nio/fs/WindowsException'{0x000000008d5c5188}> (0x000000008d5c5188) thrown at [./src/hotspot/share/prims/jni.cpp, line 615]
Event: 3296.247 Thread 0x0000016f9922a000 Exception <a 'sun/nio/fs/WindowsException'{0x000000008cadefc8}> (0x000000008cadefc8) thrown at [./src/hotspot/share/prims/jni.cpp, line 615]
Event: 3297.376 Thread 0x0000016f99230800 Implicit null exception at 0x0000016f87c4f4af to 0x0000016f87c4f5a0
Event: 3300.796 Thread 0x0000016f9922a000 Implicit null exception at 0x0000016f87ca1523 to 0x0000016f87ca3c1c

Events (20 events):
Event: 3299.871 loading class com/android/tools/r8/com/google/gson/internal/JsonReaderInternalAccess
Event: 3299.871 loading class com/android/tools/r8/com/google/gson/internal/JsonReaderInternalAccess done
Event: 3299.872 loading class com/android/tools/r8/com/google/gson/stream/JsonReader$1
Event: 3299.872 loading class com/android/tools/r8/com/google/gson/stream/JsonReader$1 done
Event: 3299.874 loading class com/android/tools/r8/com/google/gson/stream/JsonToken
Event: 3299.874 loading class com/android/tools/r8/com/google/gson/stream/JsonToken done
Event: 3299.877 loading class com/android/tools/r8/com/google/gson/internal/bind/TypeAdapters$36
Event: 3299.877 loading class com/android/tools/r8/com/google/gson/internal/bind/TypeAdapters$36 done
Event: 3300.659 loading class com/android/tools/r8/com/google/common/collect/Collections2
Event: 3300.659 loading class com/android/tools/r8/com/google/common/collect/Collections2 done
Event: 3300.664 loading class com/android/tools/r8/naming/ClassNameMapper
Event: 3300.664 loading class com/android/tools/r8/naming/ClassNameMapper done
Event: 3300.666 loading class com/android/tools/r8/naming/ProguardMap
Event: 3300.666 loading class com/android/tools/r8/naming/ProguardMap done
Event: 3300.667 loading class com/android/tools/r8/graph/DexProgramClass
Event: 3300.667 loading class com/android/tools/r8/graph/DexProgramClass done
Event: 3301.155 Executing VM operation: G1CollectForAllocation
Event: 3301.296 Executing VM operation: G1CollectForAllocation done
Event: 3301.951 Executing VM operation: G1CollectForAllocation
Event: 3302.030 Executing VM operation: G1CollectForAllocation done


Dynamic libraries:
0x00007ff6b6fd0000 - 0x00007ff6b6fda000 	D:\waseem\4. ELECTIVES MOBILE APP\Android Studio\jre\bin\java.exe
0x00007ffbaae00000 - 0x00007ffbaafdb000 	C:\WINDOWS\SYSTEM32\ntdll.dll
0x00007ffba9ca0000 - 0x00007ffba9d4e000 	C:\WINDOWS\System32\KERNEL32.DLL
0x00007ffba7b70000 - 0x00007ffba7dba000 	C:\WINDOWS\System32\KERNELBASE.dll
0x00007ffba7f90000 - 0x00007ffba8086000 	C:\WINDOWS\System32\ucrtbase.dll
0x00007ffba41a0000 - 0x00007ffba41b9000 	D:\waseem\4. ELECTIVES MOBILE APP\Android Studio\jre\bin\jli.dll
0x00007ffbaa270000 - 0x00007ffbaa3ba000 	C:\WINDOWS\System32\USER32.dll
0x00007ffba8340000 - 0x00007ffba835e000 	C:\WINDOWS\System32\win32u.dll
0x00007ffba9e00000 - 0x00007ffba9e27000 	C:\WINDOWS\System32\GDI32.dll
0x00007ffba8090000 - 0x00007ffba8218000 	C:\WINDOWS\System32\gdi32full.dll
0x00007ffba73d0000 - 0x00007ffba746a000 	C:\WINDOWS\System32\msvcp_win.dll
0x00007ffb9b6e0000 - 0x00007ffb9b947000 	C:\WINDOWS\WinSxS\amd64_microsoft.windows.common-controls_6595b64144ccf1df_6.0.15063.1155_none_40c7922129a7722b\COMCTL32.dll
0x00007ffbaa4e0000 - 0x00007ffbaa57d000 	C:\WINDOWS\System32\msvcrt.dll
0x00007ffba9e30000 - 0x00007ffbaa129000 	C:\WINDOWS\System32\combase.dll
0x00007ffbaa5b0000 - 0x00007ffbaa6d5000 	C:\WINDOWS\System32\RPCRT4.dll
0x00007ffba82d0000 - 0x00007ffba833a000 	C:\WINDOWS\System32\bcryptPrimitives.dll
0x00007ffba4180000 - 0x00007ffba4197000 	D:\waseem\4. ELECTIVES MOBILE APP\Android Studio\jre\bin\VCRUNTIME140.dll
0x00007ffbaa580000 - 0x00007ffbaa5ad000 	C:\WINDOWS\System32\IMM32.DLL
0x00007ffb98d70000 - 0x00007ffb98e0d000 	D:\waseem\4. ELECTIVES MOBILE APP\Android Studio\jre\bin\msvcp140.dll
0x00007ffb6d460000 - 0x00007ffb6df1c000 	D:\waseem\4. ELECTIVES MOBILE APP\Android Studio\jre\bin\server\jvm.dll
0x00007ffba9d50000 - 0x00007ffba9df1000 	C:\WINDOWS\System32\ADVAPI32.dll
0x00007ffba9be0000 - 0x00007ffba9c39000 	C:\WINDOWS\System32\sechost.dll
0x00007ffbaa6e0000 - 0x00007ffbaa6e8000 	C:\WINDOWS\System32\PSAPI.DLL
0x00007ffba5810000 - 0x00007ffba5833000 	C:\WINDOWS\SYSTEM32\WINMM.dll
0x00007ffba2a70000 - 0x00007ffba2a79000 	C:\WINDOWS\SYSTEM32\WSOCK32.dll
0x00007ffb9b980000 - 0x00007ffb9b98a000 	C:\WINDOWS\SYSTEM32\VERSION.dll
0x00007ffba53f0000 - 0x00007ffba541b000 	C:\WINDOWS\SYSTEM32\WINMMBASE.dll
0x00007ffba8280000 - 0x00007ffba82c9000 	C:\WINDOWS\System32\cfgmgr32.dll
0x00007ffbaa470000 - 0x00007ffbaa4dc000 	C:\WINDOWS\System32\WS2_32.dll
0x00007ffba72b0000 - 0x00007ffba72c1000 	C:\WINDOWS\System32\kernel.appcore.dll
0x00007ffba0da0000 - 0x00007ffba0db1000 	D:\waseem\4. ELECTIVES MOBILE APP\Android Studio\jre\bin\verify.dll
0x00007ffba3ae0000 - 0x00007ffba3c89000 	C:\WINDOWS\SYSTEM32\DBGHELP.DLL
0x00007ffb96f10000 - 0x00007ffb96f39000 	C:\WINDOWS\SYSTEM32\dbgcore.DLL
0x00007ffba0d70000 - 0x00007ffba0d99000 	D:\waseem\4. ELECTIVES MOBILE APP\Android Studio\jre\bin\java.dll
0x00007ffba0d60000 - 0x00007ffba0d6b000 	D:\waseem\4. ELECTIVES MOBILE APP\Android Studio\jre\bin\jimage.dll
0x00007ffba0d40000 - 0x00007ffba0d58000 	D:\waseem\4. ELECTIVES MOBILE APP\Android Studio\jre\bin\zip.dll
0x00007ffba8360000 - 0x00007ffba9798000 	C:\WINDOWS\System32\SHELL32.dll
0x00007ffbaaa80000 - 0x00007ffbaab2a000 	C:\WINDOWS\System32\shcore.dll
0x00007ffba7470000 - 0x00007ffba7b61000 	C:\WINDOWS\System32\windows.storage.dll
0x00007ffbaa700000 - 0x00007ffbaa751000 	C:\WINDOWS\System32\shlwapi.dll
0x00007ffba72d0000 - 0x00007ffba731c000 	C:\WINDOWS\System32\powrprof.dll
0x00007ffba7290000 - 0x00007ffba72a5000 	C:\WINDOWS\System32\profapi.dll
0x00007ffba0d20000 - 0x00007ffba0d3a000 	D:\waseem\4. ELECTIVES MOBILE APP\Android Studio\jre\bin\net.dll
0x00007ffb99150000 - 0x00007ffb99226000 	C:\WINDOWS\SYSTEM32\WINHTTP.dll
0x00007ffba6b20000 - 0x00007ffba6b7c000 	C:\WINDOWS\system32\mswsock.dll
0x00007ffb9e210000 - 0x00007ffb9e224000 	D:\waseem\4. ELECTIVES MOBILE APP\Android Studio\jre\bin\nio.dll
0x00007ffba41f0000 - 0x00007ffba420e000 	C:\Users\wasee\.gradle\native\25\windows-amd64\native-platform.dll
0x00007ffb9f670000 - 0x00007ffb9f67a000 	D:\waseem\4. ELECTIVES MOBILE APP\Android Studio\jre\bin\management.dll
0x00007ffb9e200000 - 0x00007ffb9e20c000 	D:\waseem\4. ELECTIVES MOBILE APP\Android Studio\jre\bin\management_ext.dll
0x00007ffba6cd0000 - 0x00007ffba6ce7000 	C:\WINDOWS\SYSTEM32\CRYPTSP.dll
0x00007ffba6730000 - 0x00007ffba6764000 	C:\WINDOWS\system32\rsaenh.dll
0x00007ffba7140000 - 0x00007ffba7165000 	C:\WINDOWS\SYSTEM32\bcrypt.dll
0x00007ffba7170000 - 0x00007ffba7199000 	C:\WINDOWS\SYSTEM32\USERENV.dll
0x00007ffba6cc0000 - 0x00007ffba6ccb000 	C:\WINDOWS\SYSTEM32\CRYPTBASE.dll
0x00007ffba68c0000 - 0x00007ffba68f7000 	C:\WINDOWS\SYSTEM32\IPHLPAPI.DLL
0x00007ffbaa3c0000 - 0x00007ffbaa3c8000 	C:\WINDOWS\System32\NSI.dll
0x00007ffb9c270000 - 0x00007ffb9c286000 	C:\WINDOWS\SYSTEM32\dhcpcsvc6.DLL
0x00007ffb9ca90000 - 0x00007ffb9caaa000 	C:\WINDOWS\SYSTEM32\dhcpcsvc.DLL
0x00007ffba00c0000 - 0x00007ffba00e7000 	D:\waseem\4. ELECTIVES MOBILE APP\Android Studio\jre\bin\sunec.dll
0x00007ffba6900000 - 0x00007ffba69a4000 	C:\WINDOWS\SYSTEM32\DNSAPI.dll
0x000000005abc0000 - 0x000000005abe6000 	C:\Program Files\Bonjour\mdnsNSP.dll
0x00007ffb97520000 - 0x00007ffb9752a000 	C:\Windows\System32\rasadhlp.dll
0x00007ffb9b990000 - 0x00007ffb9b9fb000 	C:\WINDOWS\System32\fwpuclnt.dll

dbghelp: loaded successfully - version: 4.0.5 - missing functions: none
symbol engine: initialized successfully - sym options: 0x614 - pdb path: .;D:\waseem\4. ELECTIVES MOBILE APP\Android Studio\jre\bin;C:\WINDOWS\SYSTEM32;C:\WINDOWS\WinSxS\amd64_microsoft.windows.common-controls_6595b64144ccf1df_6.0.15063.1155_none_40c7922129a7722b;D:\waseem\4. ELECTIVES MOBILE APP\Android Studio\jre\bin\server;C:\Users\wasee\.gradle\native\25\windows-amd64;C:\Program Files\Bonjour

VM Arguments:
jvm_args: --add-opens=java.base/java.util=ALL-UNNAMED --add-opens=java.base/java.lang=ALL-UNNAMED --add-opens=java.base/java.lang.invoke=ALL-UNNAMED --add-opens=java.prefs/java.util.prefs=ALL-UNNAMED -Xmx2048m -Dfile.encoding=UTF-8 -Duser.country=ZA -Duser.language=en -Duser.variant 
java_command: org.gradle.launcher.daemon.bootstrap.GradleDaemon 5.1.1
java_class_path (initial): C:\Users\wasee\.gradle\wrapper\dists\gradle-5.1.1-bin\90y9l8txxfw1s2o6ctiqeruwn\gradle-5.1.1\lib\gradle-launcher-5.1.1.jar
Launcher Type: SUN_STANDARD

[Global flags]
     intx CICompilerCount                          = 2                                         {product} {ergonomic}
     uint ConcGCThreads                            = 1                                         {product} {ergonomic}
     uint G1ConcRefinementThreads                  = 2                                         {product} {ergonomic}
   size_t G1HeapRegionSize                         = 1048576                                   {product} {ergonomic}
    uintx GCDrainStackTargetSize                   = 64                                        {product} {ergonomic}
   size_t InitialHeapSize                          = 67108864                                  {product} {ergonomic}
   size_t MarkStackSize                            = 4194304                                   {product} {ergonomic}
   size_t MaxHeapSize                              = 2147483648                                {product} {command line}
   size_t MaxNewSize                               = 1287651328                                {product} {ergonomic}
   size_t MinHeapDeltaBytes                        = 1048576                                   {product} {ergonomic}
    uintx NonNMethodCodeHeapSize                   = 5825164                                {pd product} {ergonomic}
    uintx NonProfiledCodeHeapSize                  = 122916538                              {pd product} {ergonomic}
    uintx ProfiledCodeHeapSize                     = 122916538                              {pd product} {ergonomic}
    uintx ReservedCodeCacheSize                    = 251658240                              {pd product} {ergonomic}
     bool SegmentedCodeCache                       = true                                      {product} {ergonomic}
     bool UseCompressedClassPointers               = true                                 {lp64_product} {ergonomic}
     bool UseCompressedOops                        = true                                 {lp64_product} {ergonomic}
     bool UseG1GC                                  = true                                      {product} {ergonomic}
     bool UseLargePagesIndividualAllocation        = false                                  {pd product} {ergonomic}

Logging:
Log output configuration:
 #0: stdout all=warning uptime,level,tags
 #1: stderr all=off uptime,level,tags

Environment Variables:
PATH=C:\Program Files\Common Files\Oracle\Java\javapath;C:\Program Files (x86)\Common Files\Oracle\Java\javapath;C:\Program Files\OpenJDK\jdk-11.0.8.10-hotspot\bin;C:\Program Files (x86)\Intel\TXE Components\TCS\;C:\Program Files\Intel\TXE Components\TCS\;C:\WINDOWS\system32;C:\WINDOWS;C:\WINDOWS\System32\Wbem;C:\WINDOWS\System32\WindowsPowerShell\v1.0\;C:\Program Files\Intel\TXE Components\DAL\;C:\Program Files (x86)\Intel\TXE Components\DAL\;C:\Program Files\Intel\TXE Components\IPT\;C:\Program Files (x86)\Intel\TXE Components\IPT\;C:\Users\wasee\AppData\Local\Microsoft\WindowsApps;
USERNAME=wasee
OS=Windows_NT
PROCESSOR_IDENTIFIER=Intel64 Family 6 Model 76 Stepping 4, GenuineIntel



---------------  S Y S T E M  ---------------

OS: Windows 10 , 64 bit Build 15063 (10.0.15063.1058)
OS uptime: 0 days 1:22 hours

CPU:total 2 (initial active 2) (2 cores per cpu, 1 threads per core) family 6 model 76 stepping 4, cmov, cx8, fxsr, mmx, sse, sse2, sse3, ssse3, sse4.1, sse4.2, popcnt, aes, clmul, erms, 3dnowpref, tsc, tscinvbit

Memory: 4k page, system-wide physical 4002M (410M free)
TotalPageFile size 4454M (AvailPageFile size 5M)
current process WorkingSet (physical memory assigned to process): 550M, peak: 550M
current process commit charge ("private bytes"): 637M, peak: 637M

vm_info: OpenJDK 64-Bit Server VM (11.0.8+10-b944.6842174) for windows-amd64 JRE (11.0.8+10-b944.6842174), built on Sep 19 2020 01:11:42 by "builder" with MS VC++ 14.0 (VS2015)

END.
