#
# There is insufficient memory for the Java Runtime Environment to continue.
# Native memory allocation (malloc) failed to allocate 32744 bytes for ChunkPool::allocate
# Possible reasons:
#   The system is out of physical RAM or swap space
#   The process is running with CompressedOops enabled, and the Java Heap may be blocking the growth of the native heap
# Possible solutions:
#   Reduce memory load on the system
#   Increase physical memory or swap space
#   Check if swap backing store is full
#   Decrease Java heap size (-Xmx/-Xms)
#   Decrease number of Java threads
#   Decrease Java thread stack sizes (-Xss)
#   Set larger code cache with -XX:ReservedCodeCacheSize=
#   JVM is running with Unscaled Compressed Oops mode in which the Java heap is
#     placed in the first 4GB address space. The Java Heap base address is the
#     maximum limit for the native heap growth. Please use -XX:HeapBaseMinAddress
#     to set the Java Heap base and to place the Java Heap above 4GB virtual address.
# This output file may be truncated or incomplete.
#
#  Out of Memory Error (./src/hotspot/share/memory/arena.cpp:81), pid=6836, tid=3696
#
# JRE version: OpenJDK Runtime Environment (11.0.8+10) (build 11.0.8+10-b944.6842174)
# Java VM: OpenJDK 64-Bit Server VM (11.0.8+10-b944.6842174, mixed mode, tiered, compressed oops, g1 gc, windows-amd64)
# No core dump will be written. Minidumps are not enabled by default on client versions of Windows
#

---------------  S U M M A R Y ------------

Command Line: --add-opens=java.base/java.util=ALL-UNNAMED --add-opens=java.base/java.lang=ALL-UNNAMED --add-opens=java.base/java.lang.invoke=ALL-UNNAMED --add-opens=java.prefs/java.util.prefs=ALL-UNNAMED -Xmx2048m -Dfile.encoding=UTF-8 -Duser.country=ZA -Duser.language=en -Duser.variant org.gradle.launcher.daemon.bootstrap.GradleDaemon 5.1.1

Host: Intel(R) Celeron(R) CPU  N3060  @ 1.60GHz, 2 cores, 3G,  Windows 10 , 64 bit Build 15063 (10.0.15063.1058)
Time: Sun Sep 26 16:58:21 2021 South Africa Standard Time elapsed time: 893 seconds (0d 0h 14m 53s)

---------------  T H R E A D  ---------------

Current thread (0x000002ba3ef8d000):  JavaThread "ForkJoinPool-8-worker-1" daemon [_thread_in_vm, id=3696, stack(0x000000fb53e00000,0x000000fb53f00000)]

Stack: [0x000000fb53e00000,0x000000fb53f00000]
Native frames: (J=compiled Java code, j=interpreted, Vv=VM code, C=native code)
V  [jvm.dll+0x5de50a]
V  [jvm.dll+0x7122f5]
V  [jvm.dll+0x71384d]
V  [jvm.dll+0x713f03]
V  [jvm.dll+0x23e728]
V  [jvm.dll+0xb8beb]
V  [jvm.dll+0xb8e9c]
V  [jvm.dll+0x708e87]
V  [jvm.dll+0x24941b]
V  [jvm.dll+0x246945]
V  [jvm.dll+0x246d51]
V  [jvm.dll+0x17433f]
C  0x000002ba2563d583

Java frames: (J=compiled Java code, j=interpreted, Vv=VM code)
v  ~RuntimeStub::counter_overflow Runtime1 stub
J 10019 c1 java.util.TimSort.mergeLo(IIII)V java.base@11.0.8 (659 bytes) @ 0x000002ba26fc2348 [0x000002ba26fc0320+0x0000000000002028]
J 10003 c1 java.util.TimSort.mergeAt(I)V java.base@11.0.8 (358 bytes) @ 0x000002ba26fb2fb4 [0x000002ba26fb2c40+0x0000000000000374]
J 14724 c2 java.util.TimSort.sort([Ljava/lang/Object;IILjava/util/Comparator;[Ljava/lang/Object;II)V java.base@11.0.8 (229 bytes) @ 0x000002ba2d775400 [0x000002ba2d774480+0x0000000000000f80]
J 13806 c2 java.util.Arrays.sort([Ljava/lang/Object;IILjava/util/Comparator;)V java.base@11.0.8 (47 bytes) @ 0x000002ba2d6f0d80 [0x000002ba2d6f0d40+0x0000000000000040]
J 14891 c1 java.util.stream.SortedOps$SizedRefSortingSink.end()V java.base@11.0.8 (129 bytes) @ 0x000002ba279f5c4c [0x000002ba279f5bc0+0x000000000000008c]
J 13871 c2 java.util.stream.AbstractPipeline.wrapAndCopyInto(Ljava/util/stream/Sink;Ljava/util/Spliterator;)Ljava/util/stream/Sink; java.base@11.0.8 (18 bytes) @ 0x000002ba2d6f8e20 [0x000002ba2d6f8ce0+0x0000000000000140]
J 6285 c1 java.util.stream.ReduceOps$ReduceOp.evaluateSequential(Ljava/util/stream/PipelineHelper;Ljava/util/Spliterator;)Ljava/lang/Object; java.base@11.0.8 (18 bytes) @ 0x000002ba2679a634 [0x000002ba2679a480+0x00000000000001b4]
J 13938 c2 java.util.stream.AbstractPipeline.evaluate(Ljava/util/stream/TerminalOp;)Ljava/lang/Object; java.base@11.0.8 (94 bytes) @ 0x000002ba2d7008fc [0x000002ba2d700840+0x00000000000000bc]
J 6291 c1 java.util.stream.ReferencePipeline.collect(Ljava/util/stream/Collector;)Ljava/lang/Object; java.base@11.0.8 (124 bytes) @ 0x000002ba2679d0ac [0x000002ba2679cbc0+0x00000000000004ec]
J 14896 c1 com.android.tools.r8.graph.ObjectToOffsetMapping.createMap(Ljava/util/Collection;Ljava/util/function/Consumer;)Lcom/android/tools/r8/it/unimi/dsi/fastutil/objects/Reference2IntMap; (124 bytes) @ 0x000002ba279f9bf4 [0x000002ba279f9100+0x0000000000000af4]
j  com.android.tools.r8.graph.ObjectToOffsetMapping.<init>(Lcom/android/tools/r8/graph/DexApplication;Ljava/util/Collection;Ljava/util/Collection;Ljava/util/Collection;Ljava/util/Collection;Ljava/util/Collection;Ljava/util/Collection;Ljava/util/Collection;Ljava/util/Collection;)V+254
j  com.android.tools.r8.dex.VirtualFile.computeMapping(Lcom/android/tools/r8/graph/DexApplication;)Lcom/android/tools/r8/graph/ObjectToOffsetMapping;+85
j  com.android.tools.r8.dex.ApplicationWriter.lambda$write$1(Lcom/android/tools/r8/dex/VirtualFile;)Lcom/android/tools/r8/graph/ObjectToOffsetMapping;+5
j  com.android.tools.r8.dex.ApplicationWriter$$Lambda$771.call()Ljava/lang/Object;+8
j  java.util.concurrent.ForkJoinTask$AdaptedCallable.exec()Z+5 java.base@11.0.8
J 14380 c1 java.util.concurrent.ForkJoinTask.doExec()I java.base@11.0.8 (37 bytes) @ 0x000002ba278e8fdc [0x000002ba278e8f60+0x000000000000007c]
J 14650 c1 java.util.concurrent.ForkJoinPool$WorkQueue.topLevelExec(Ljava/util/concurrent/ForkJoinTask;Ljava/util/concurrent/ForkJoinPool$WorkQueue;I)V java.base@11.0.8 (86 bytes) @ 0x000002ba279aa954 [0x000002ba279aa7e0+0x0000000000000174]
J 14640 c1 java.util.concurrent.ForkJoinPool.scan(Ljava/util/concurrent/ForkJoinPool$WorkQueue;I)Z java.base@11.0.8 (209 bytes) @ 0x000002ba279a6ed4 [0x000002ba279a6a40+0x0000000000000494]
j  java.util.concurrent.ForkJoinPool.runWorker(Ljava/util/concurrent/ForkJoinPool$WorkQueue;)V+25 java.base@11.0.8
j  java.util.concurrent.ForkJoinWorkerThread.run()V+24 java.base@11.0.8
v  ~StubRoutines::call_stub

---------------  P R O C E S S  ---------------

Threads class SMR info:
_java_thread_list=0x000002ba4331e2d0, length=42, elements={
0x000002ba20409800, 0x000002ba3b940000, 0x000002ba3b943000, 0x000002ba3b99d800,
0x000002ba3b99f000, 0x000002ba3b9a1000, 0x000002ba3b9a5800, 0x000002ba3b9aa800,
0x000002ba3c40e800, 0x000002ba3c43e000, 0x000002ba3daea800, 0x000002ba3d4c7800,
0x000002ba3c579800, 0x000002ba3cde9000, 0x000002ba3cde5000, 0x000002ba3cde6800,
0x000002ba3de05000, 0x000002ba3de06800, 0x000002ba3de04000, 0x000002ba3de09000,
0x000002ba3de07800, 0x000002ba3de08000, 0x000002ba3de0a000, 0x000002ba3de0a800,
0x000002ba3de06000, 0x000002ba3de0e000, 0x000002ba3de11000, 0x000002ba3de0f000,
0x000002ba3de0f800, 0x000002ba3de10800, 0x000002ba3de12000, 0x000002ba3de0c800,
0x000002ba3de13000, 0x000002ba3de0d000, 0x000002ba3cde3800, 0x000002ba3cdea000,
0x000002ba3cde7800, 0x000002ba3cde5800, 0x000002ba3cde4000, 0x000002ba3ef89000,
0x000002ba3ef8b800, 0x000002ba3ef8d000
}

Java Threads: ( => current thread )
  0x000002ba20409800 JavaThread "main" [_thread_blocked, id=9432, stack(0x000000fb4f300000,0x000000fb4f400000)]
  0x000002ba3b940000 JavaThread "Reference Handler" daemon [_thread_blocked, id=6320, stack(0x000000fb4fa00000,0x000000fb4fb00000)]
  0x000002ba3b943000 JavaThread "Finalizer" daemon [_thread_blocked, id=9588, stack(0x000000fb4fb00000,0x000000fb4fc00000)]
  0x000002ba3b99d800 JavaThread "Signal Dispatcher" daemon [_thread_blocked, id=4148, stack(0x000000fb4fd00000,0x000000fb4fe00000)]
  0x000002ba3b99f000 JavaThread "Attach Listener" daemon [_thread_blocked, id=7436, stack(0x000000fb4fe00000,0x000000fb4ff00000)]
  0x000002ba3b9a1000 JavaThread "C2 CompilerThread0" daemon [_thread_in_native, id=9568, stack(0x000000fb4ff00000,0x000000fb50000000)]
  0x000002ba3b9a5800 JavaThread "C1 CompilerThread0" daemon [_thread_blocked, id=7984, stack(0x000000fb50000000,0x000000fb50100000)]
  0x000002ba3b9aa800 JavaThread "Sweeper thread" daemon [_thread_blocked, id=6444, stack(0x000000fb50100000,0x000000fb50200000)]
  0x000002ba3c40e800 JavaThread "Common-Cleaner" daemon [_thread_blocked, id=7924, stack(0x000000fb50200000,0x000000fb50300000)]
  0x000002ba3c43e000 JavaThread "Service Thread" daemon [_thread_blocked, id=7972, stack(0x000000fb50300000,0x000000fb50400000)]
  0x000002ba3daea800 JavaThread "Incoming local TCP Connector on port 62169" [_thread_in_native, id=5900, stack(0x000000fb50600000,0x000000fb50700000)]
  0x000002ba3d4c7800 JavaThread "Daemon periodic checks" [_thread_blocked, id=10212, stack(0x000000fb50700000,0x000000fb50800000)]
  0x000002ba3c579800 JavaThread "Cache worker for file hash cache (C:\Users\wasee\.gradle\caches\5.1.1\fileHashes)" [_thread_blocked, id=4144, stack(0x000000fb50f00000,0x000000fb51000000)]
  0x000002ba3cde9000 JavaThread "File lock request listener" [_thread_in_native, id=8084, stack(0x000000fb51000000,0x000000fb51100000)]
  0x000002ba3cde5000 JavaThread "Cache worker for journal cache (C:\Users\wasee\.gradle\caches\journal-1)" [_thread_blocked, id=3448, stack(0x000000fb51100000,0x000000fb51200000)]
  0x000002ba3cde6800 JavaThread "Cache worker for execution history cache (C:\Users\wasee\.gradle\caches\5.1.1\executionHistory)" [_thread_blocked, id=964, stack(0x000000fb51500000,0x000000fb51600000)]
  0x000002ba3de05000 JavaThread "Memory manager" [_thread_blocked, id=1540, stack(0x000000fb51a00000,0x000000fb51b00000)]
  0x000002ba3de06800 JavaThread "Cache worker for file content cache (C:\Users\wasee\.gradle\caches\5.1.1\fileContent)" [_thread_blocked, id=7732, stack(0x000000fb51b00000,0x000000fb51c00000)]
  0x000002ba3de04000 JavaThread "ForkJoinPool.commonPool-worker-3" daemon [_thread_blocked, id=9020, stack(0x000000fb51f00000,0x000000fb52000000)]
  0x000002ba3de09000 JavaThread "Daemon Thread 2" [_thread_blocked, id=6100, stack(0x000000fb52700000,0x000000fb52800000)]
  0x000002ba3de07800 JavaThread "Handler for socket connection from /127.0.0.1:62169 to /127.0.0.1:62178" [_thread_in_native, id=7960, stack(0x000000fb52800000,0x000000fb52900000)]
  0x000002ba3de08000 JavaThread "Cancel handler" [_thread_blocked, id=9512, stack(0x000000fb52900000,0x000000fb52a00000)]
  0x000002ba3de0a000 JavaThread "Daemon worker Thread 2" [_thread_blocked, id=5152, stack(0x000000fb52a00000,0x000000fb52b00000)]
  0x000002ba3de0a800 JavaThread "Asynchronous log dispatcher for DefaultDaemonConnection: socket connection from /127.0.0.1:62169 to /127.0.0.1:62178" [_thread_blocked, id=2196, stack(0x000000fb52b00000,0x000000fb52c00000)]
  0x000002ba3de06000 JavaThread "Thread-28" [_thread_blocked, id=364, stack(0x000000fb52d00000,0x000000fb52e00000)]
  0x000002ba3de0e000 JavaThread "Cache worker for file hash cache (C:\Users\wasee\AndroidStudioProjects\TimeManagementTool\.gradle\5.1.1\fileHashes)" [_thread_blocked, id=7796, stack(0x000000fb52e00000,0x000000fb52f00000)]
  0x000002ba3de11000 JavaThread "Cache worker for cache directory md-supplier (C:\Users\wasee\.gradle\caches\5.1.1\md-supplier)" [_thread_blocked, id=3728, stack(0x000000fb52f00000,0x000000fb53000000)]
  0x000002ba3de0f000 JavaThread "Cache worker for cache directory md-rule (C:\Users\wasee\.gradle\caches\5.1.1\md-rule)" [_thread_blocked, id=7152, stack(0x000000fb53000000,0x000000fb53100000)]
  0x000002ba3de0f800 JavaThread "Build operations" [_thread_blocked, id=1920, stack(0x000000fb53100000,0x000000fb53200000)]
  0x000002ba3de10800 JavaThread "Build operations Thread 2" [_thread_blocked, id=7568, stack(0x000000fb53200000,0x000000fb53300000)]
  0x000002ba3de12000 JavaThread "Cache worker for Build Output Cleanup Cache (C:\Users\wasee\AndroidStudioProjects\TimeManagementTool\.gradle\buildOutputCleanup)" [_thread_blocked, id=3504, stack(0x000000fb53300000,0x000000fb53400000)]
  0x000002ba3de0c800 JavaThread "Cache worker for file content cache (C:\Users\wasee\AndroidStudioProjects\TimeManagementTool\.gradle\5.1.1\fileContent)" [_thread_blocked, id=5924, stack(0x000000fb53400000,0x000000fb53500000)]
  0x000002ba3de13000 JavaThread "Execution worker for ':'" [_thread_blocked, id=4784, stack(0x000000fb53500000,0x000000fb53600000)]
  0x000002ba3de0d000 JavaThread "Cache worker for execution history cache (C:\Users\wasee\AndroidStudioProjects\TimeManagementTool\.gradle\5.1.1\executionHistory)" [_thread_blocked, id=8172, stack(0x000000fb53600000,0x000000fb53700000)]
  0x000002ba3cde3800 JavaThread "pool-4-thread-1" [_thread_blocked, id=9596, stack(0x000000fb53700000,0x000000fb53800000)]
  0x000002ba3cdea000 JavaThread "stderr" daemon [_thread_in_native, id=5552, stack(0x000000fb53800000,0x000000fb53900000)]
  0x000002ba3cde7800 JavaThread "stdout" daemon [_thread_in_native, id=8352, stack(0x000000fb53900000,0x000000fb53a00000)]
  0x000002ba3cde5800 JavaThread "Cache worker for Java compile cache (C:\Users\wasee\.gradle\caches\5.1.1\javaCompile)" [_thread_blocked, id=7560, stack(0x000000fb53a00000,0x000000fb53b00000)]
  0x000002ba3cde4000 JavaThread "Cache worker for Java compile cache (C:\Users\wasee\AndroidStudioProjects\TimeManagementTool\.gradle\5.1.1\javaCompile)" [_thread_blocked, id=5272, stack(0x000000fb53b00000,0x000000fb53c00000)]
  0x000002ba3ef89000 JavaThread "ForkJoinPool.commonPool-worker-1" daemon [_thread_blocked, id=2812, stack(0x000000fb53c00000,0x000000fb53d00000)]
  0x000002ba3ef8b800 JavaThread "ForkJoinPool-8-worker-3" daemon [_thread_blocked, id=3964, stack(0x000000fb53d00000,0x000000fb53e00000)]
=>0x000002ba3ef8d000 JavaThread "ForkJoinPool-8-worker-1" daemon [_thread_in_vm, id=3696, stack(0x000000fb53e00000,0x000000fb53f00000)]

Other Threads:
  0x000002ba3b93c800 VMThread "VM Thread" [stack: 0x000000fb4f900000,0x000000fb4fa00000] [id=3976]
  0x000002ba3c446800 WatcherThread [stack: 0x000000fb50400000,0x000000fb50500000] [id=6756]
  0x000002ba20421000 GCTaskThread "GC Thread#0" [stack: 0x000000fb4f400000,0x000000fb4f500000] [id=8276]
  0x000002ba3c749800 GCTaskThread "GC Thread#1" [stack: 0x000000fb50500000,0x000000fb50600000] [id=2576]
  0x000002ba20450000 ConcurrentGCThread "G1 Main Marker" [stack: 0x000000fb4f500000,0x000000fb4f600000] [id=9128]
  0x000002ba20452800 ConcurrentGCThread "G1 Conc#0" [stack: 0x000000fb4f600000,0x000000fb4f700000] [id=6664]
  0x000002ba204a8000 ConcurrentGCThread "G1 Refine#0" [stack: 0x000000fb4f700000,0x000000fb4f800000] [id=7564]
  0x000002ba40300000 ConcurrentGCThread "G1 Refine#1" [stack: 0x000000fb53f00000,0x000000fb54000000] [id=1380]
  0x000002ba204aa000 ConcurrentGCThread "G1 Young RemSet Sampling" [stack: 0x000000fb4f800000,0x000000fb4f900000] [id=7884]

Threads with active compile tasks:
C2 CompilerThread0 893293 14518       4       com.android.tools.r8.code.BaseInstructionFactory::create (3362 bytes)

VM state:not at safepoint (normal execution)

VM Mutex/Monitor currently owned by a thread: None

Heap address: 0x0000000080000000, size: 2048 MB, Compressed Oops mode: 32-bit
Narrow klass base: 0x0000000000000000, Narrow klass shift: 3
Compressed class space size: 1073741824 Address: 0x0000000100000000

Heap:
 garbage-first heap   total 279552K, used 160768K [0x0000000080000000, 0x0000000100000000)
  region size 1024K, 18 young (18432K), 3 survivors (3072K)
 Metaspace       used 97536K, capacity 99643K, committed 99968K, reserved 1136640K
  class space    used 11817K, capacity 12554K, committed 12672K, reserved 1048576K
Heap Regions: E=young(eden), S=young(survivor), O=old, HS=humongous(starts), HC=humongous(continues), CS=collection set, F=free, A=archive, TAMS=top-at-mark-start (previous, next)
|   0|0x0000000080000000, 0x0000000080100000, 0x0000000080100000|100%|HS|  |TAMS 0x0000000080100000, 0x0000000080000000| Complete 
|   1|0x0000000080100000, 0x0000000080200000, 0x0000000080200000|100%| O|  |TAMS 0x0000000080200000, 0x0000000080100000| Untracked 
|   2|0x0000000080200000, 0x0000000080300000, 0x0000000080300000|100%| O|  |TAMS 0x0000000080300000, 0x0000000080200000| Untracked 
|   3|0x0000000080300000, 0x0000000080400000, 0x0000000080400000|100%|HS|  |TAMS 0x0000000080400000, 0x0000000080300000| Complete 
|   4|0x0000000080400000, 0x0000000080500000, 0x0000000080500000|100%|HC|  |TAMS 0x0000000080500000, 0x0000000080400000| Complete 
|   5|0x0000000080500000, 0x0000000080600000, 0x0000000080600000|100%| O|  |TAMS 0x0000000080600000, 0x0000000080500000| Untracked 
|   6|0x0000000080600000, 0x0000000080700000, 0x0000000080700000|100%| O|  |TAMS 0x0000000080700000, 0x0000000080600000| Untracked 
|   7|0x0000000080700000, 0x0000000080800000, 0x0000000080800000|100%| O|  |TAMS 0x0000000080800000, 0x0000000080700000| Untracked 
|   8|0x0000000080800000, 0x0000000080900000, 0x0000000080900000|100%| O|  |TAMS 0x0000000080900000, 0x0000000080800000| Untracked 
|   9|0x0000000080900000, 0x0000000080a00000, 0x0000000080a00000|100%| O|  |TAMS 0x0000000080a00000, 0x0000000080900000| Untracked 
|  10|0x0000000080a00000, 0x0000000080b00000, 0x0000000080b00000|100%| O|  |TAMS 0x0000000080b00000, 0x0000000080a00000| Untracked 
|  11|0x0000000080b00000, 0x0000000080c00000, 0x0000000080c00000|100%| O|  |TAMS 0x0000000080c00000, 0x0000000080b00000| Untracked 
|  12|0x0000000080c00000, 0x0000000080d00000, 0x0000000080d00000|100%| O|  |TAMS 0x0000000080d00000, 0x0000000080c00000| Untracked 
|  13|0x0000000080d00000, 0x0000000080e00000, 0x0000000080e00000|100%|HS|  |TAMS 0x0000000080e00000, 0x0000000080d00000| Complete 
|  14|0x0000000080e00000, 0x0000000080f00000, 0x0000000080f00000|100%|HC|  |TAMS 0x0000000080f00000, 0x0000000080e00000| Complete 
|  15|0x0000000080f00000, 0x0000000081000000, 0x0000000081000000|100%|HS|  |TAMS 0x0000000081000000, 0x0000000080f00000| Complete 
|  16|0x0000000081000000, 0x0000000081100000, 0x0000000081100000|100%|HC|  |TAMS 0x0000000081100000, 0x0000000081000000| Complete 
|  17|0x0000000081100000, 0x0000000081200000, 0x0000000081200000|100%|HC|  |TAMS 0x0000000081200000, 0x0000000081100000| Complete 
|  18|0x0000000081200000, 0x0000000081300000, 0x0000000081300000|100%|HS|  |TAMS 0x0000000081300000, 0x0000000081200000| Complete 
|  19|0x0000000081300000, 0x0000000081400000, 0x0000000081400000|100%|HC|  |TAMS 0x0000000081400000, 0x0000000081300000| Complete 
|  20|0x0000000081400000, 0x0000000081500000, 0x0000000081500000|100%|HC|  |TAMS 0x0000000081500000, 0x0000000081400000| Complete 
|  21|0x0000000081500000, 0x0000000081600000, 0x0000000081600000|100%|HC|  |TAMS 0x0000000081600000, 0x0000000081500000| Complete 
|  22|0x0000000081600000, 0x0000000081700000, 0x0000000081700000|100%| O|  |TAMS 0x0000000081700000, 0x0000000081600000| Complete 
|  23|0x0000000081700000, 0x0000000081800000, 0x0000000081800000|100%| O|  |TAMS 0x0000000081800000, 0x0000000081700000| Complete 
|  24|0x0000000081800000, 0x0000000081900000, 0x0000000081900000|100%| O|  |TAMS 0x0000000081900000, 0x0000000081800000| Untracked 
|  25|0x0000000081900000, 0x0000000081a00000, 0x0000000081a00000|100%| O|  |TAMS 0x0000000081a00000, 0x0000000081900000| Untracked 
|  26|0x0000000081a00000, 0x0000000081b00000, 0x0000000081b00000|100%| O|  |TAMS 0x0000000081b00000, 0x0000000081a00000| Complete 
|  27|0x0000000081b00000, 0x0000000081c00000, 0x0000000081c00000|100%| O|  |TAMS 0x0000000081c00000, 0x0000000081b00000| Complete 
|  28|0x0000000081c00000, 0x0000000081d00000, 0x0000000081d00000|100%|HS|  |TAMS 0x0000000081d00000, 0x0000000081c00000| Complete 
|  29|0x0000000081d00000, 0x0000000081e00000, 0x0000000081e00000|100%|HC|  |TAMS 0x0000000081e00000, 0x0000000081d00000| Complete 
|  30|0x0000000081e00000, 0x0000000081f00000, 0x0000000081f00000|100%| O|  |TAMS 0x0000000081f00000, 0x0000000081e00000| Untracked 
|  31|0x0000000081f00000, 0x0000000082000000, 0x0000000082000000|100%| O|  |TAMS 0x0000000082000000, 0x0000000081f00000| Untracked 
|  32|0x0000000082000000, 0x0000000082100000, 0x0000000082100000|100%| O|  |TAMS 0x0000000082100000, 0x0000000082000000| Untracked 
|  33|0x0000000082100000, 0x0000000082200000, 0x0000000082200000|100%|HS|  |TAMS 0x0000000082200000, 0x0000000082100000| Complete 
|  34|0x0000000082200000, 0x0000000082300000, 0x0000000082300000|100%|HC|  |TAMS 0x0000000082300000, 0x0000000082200000| Complete 
|  35|0x0000000082300000, 0x0000000082400000, 0x0000000082400000|100%|HC|  |TAMS 0x0000000082400000, 0x0000000082300000| Complete 
|  36|0x0000000082400000, 0x0000000082500000, 0x0000000082500000|100%| O|  |TAMS 0x0000000082500000, 0x0000000082400000| Untracked 
|  37|0x0000000082500000, 0x0000000082600000, 0x0000000082600000|100%| O|  |TAMS 0x0000000082600000, 0x0000000082500000| Complete 
|  38|0x0000000082600000, 0x0000000082700000, 0x0000000082700000|100%| O|  |TAMS 0x0000000082700000, 0x0000000082600000| Untracked 
|  39|0x0000000082700000, 0x0000000082800000, 0x0000000082800000|100%| O|  |TAMS 0x0000000082800000, 0x0000000082700000| Untracked 
|  40|0x0000000082800000, 0x0000000082900000, 0x0000000082900000|100%| O|  |TAMS 0x0000000082900000, 0x0000000082800000| Untracked 
|  41|0x0000000082900000, 0x0000000082a00000, 0x0000000082a00000|100%| O|  |TAMS 0x0000000082a00000, 0x0000000082900000| Untracked 
|  42|0x0000000082a00000, 0x0000000082b00000, 0x0000000082b00000|100%| O|  |TAMS 0x0000000082b00000, 0x0000000082a00000| Untracked 
|  43|0x0000000082b00000, 0x0000000082c00000, 0x0000000082c00000|100%| O|  |TAMS 0x0000000082c00000, 0x0000000082b00000| Complete 
|  44|0x0000000082c00000, 0x0000000082d00000, 0x0000000082d00000|100%| O|  |TAMS 0x0000000082d00000, 0x0000000082c00000| Untracked 
|  45|0x0000000082d00000, 0x0000000082e00000, 0x0000000082e00000|100%| O|  |TAMS 0x0000000082e00000, 0x0000000082d00000| Untracked 
|  46|0x0000000082e00000, 0x0000000082f00000, 0x0000000082f00000|100%| O|  |TAMS 0x0000000082f00000, 0x0000000082e00000| Untracked 
|  47|0x0000000082f00000, 0x0000000083000000, 0x0000000083000000|100%| O|  |TAMS 0x0000000083000000, 0x0000000082f00000| Untracked 
|  48|0x0000000083000000, 0x0000000083100000, 0x0000000083100000|100%| O|  |TAMS 0x0000000083100000, 0x0000000083000000| Complete 
|  49|0x0000000083100000, 0x0000000083200000, 0x0000000083200000|100%| O|  |TAMS 0x0000000083200000, 0x0000000083100000| Untracked 
|  50|0x0000000083200000, 0x0000000083300000, 0x0000000083300000|100%| O|  |TAMS 0x0000000083300000, 0x0000000083200000| Untracked 
|  51|0x0000000083300000, 0x0000000083400000, 0x0000000083400000|100%| O|  |TAMS 0x0000000083400000, 0x0000000083300000| Complete 
|  52|0x0000000083400000, 0x0000000083500000, 0x0000000083500000|100%| O|  |TAMS 0x0000000083500000, 0x0000000083400000| Complete 
|  53|0x0000000083500000, 0x0000000083600000, 0x0000000083600000|100%| O|  |TAMS 0x0000000083600000, 0x0000000083500000| Untracked 
|  54|0x0000000083600000, 0x0000000083700000, 0x0000000083700000|100%| O|  |TAMS 0x0000000083700000, 0x0000000083600000| Complete 
|  55|0x0000000083700000, 0x0000000083800000, 0x0000000083800000|100%| O|  |TAMS 0x0000000083800000, 0x0000000083700000| Complete 
|  56|0x0000000083800000, 0x0000000083900000, 0x0000000083900000|100%| O|  |TAMS 0x0000000083900000, 0x0000000083800000| Complete 
|  57|0x0000000083900000, 0x0000000083a00000, 0x0000000083a00000|100%| O|  |TAMS 0x0000000083a00000, 0x0000000083900000| Complete 
|  58|0x0000000083a00000, 0x0000000083b00000, 0x0000000083b00000|100%| O|  |TAMS 0x0000000083b00000, 0x0000000083a00000| Complete 
|  59|0x0000000083b00000, 0x0000000083c00000, 0x0000000083c00000|100%| O|  |TAMS 0x0000000083c00000, 0x0000000083b00000| Untracked 
|  60|0x0000000083c00000, 0x0000000083d00000, 0x0000000083d00000|100%| O|  |TAMS 0x0000000083d00000, 0x0000000083c00000| Untracked 
|  61|0x0000000083d00000, 0x0000000083e00000, 0x0000000083e00000|100%| O|  |TAMS 0x0000000083e00000, 0x0000000083d00000| Complete 
|  62|0x0000000083e00000, 0x0000000083f00000, 0x0000000083f00000|100%| O|  |TAMS 0x0000000083f00000, 0x0000000083e00000| Complete 
|  63|0x0000000083f00000, 0x0000000084000000, 0x0000000084000000|100%| O|  |TAMS 0x0000000084000000, 0x0000000083f00000| Untracked 
|  64|0x0000000084000000, 0x0000000084100000, 0x0000000084100000|100%| O|  |TAMS 0x0000000084100000, 0x0000000084000000| Complete 
|  65|0x0000000084100000, 0x0000000084200000, 0x0000000084200000|100%| O|  |TAMS 0x0000000084200000, 0x0000000084100000| Untracked 
|  66|0x0000000084200000, 0x0000000084300000, 0x0000000084300000|100%| O|  |TAMS 0x0000000084300000, 0x0000000084200000| Untracked 
|  67|0x0000000084300000, 0x0000000084400000, 0x0000000084400000|100%| O|  |TAMS 0x0000000084400000, 0x0000000084300000| Complete 
|  68|0x0000000084400000, 0x0000000084500000, 0x0000000084500000|100%| O|  |TAMS 0x0000000084500000, 0x0000000084400000| Untracked 
|  69|0x0000000084500000, 0x0000000084600000, 0x0000000084600000|100%| O|  |TAMS 0x0000000084600000, 0x0000000084500000| Untracked 
|  70|0x0000000084600000, 0x0000000084700000, 0x0000000084700000|100%| O|  |TAMS 0x0000000084700000, 0x0000000084600000| Untracked 
|  71|0x0000000084700000, 0x0000000084800000, 0x0000000084800000|100%| O|  |TAMS 0x0000000084800000, 0x0000000084700000| Complete 
|  72|0x0000000084800000, 0x0000000084900000, 0x0000000084900000|100%| O|  |TAMS 0x0000000084900000, 0x0000000084800000| Untracked 
|  73|0x0000000084900000, 0x0000000084a00000, 0x0000000084a00000|100%| O|  |TAMS 0x0000000084a00000, 0x0000000084900000| Complete 
|  74|0x0000000084a00000, 0x0000000084b00000, 0x0000000084b00000|100%| O|  |TAMS 0x0000000084b00000, 0x0000000084a00000| Untracked 
|  75|0x0000000084b00000, 0x0000000084c00000, 0x0000000084c00000|100%| O|  |TAMS 0x0000000084c00000, 0x0000000084b00000| Complete 
|  76|0x0000000084c00000, 0x0000000084d00000, 0x0000000084d00000|100%| O|  |TAMS 0x0000000084d00000, 0x0000000084c00000| Untracked 
|  77|0x0000000084d00000, 0x0000000084e00000, 0x0000000084e00000|100%| O|  |TAMS 0x0000000084e00000, 0x0000000084d00000| Untracked 
|  78|0x0000000084e00000, 0x0000000084f00000, 0x0000000084f00000|100%| O|  |TAMS 0x0000000084f00000, 0x0000000084e00000| Complete 
|  79|0x0000000084f00000, 0x0000000085000000, 0x0000000085000000|100%| O|  |TAMS 0x0000000085000000, 0x0000000084f00000| Untracked 
|  80|0x0000000085000000, 0x0000000085100000, 0x0000000085100000|100%| O|  |TAMS 0x0000000085100000, 0x0000000085000000| Untracked 
|  81|0x0000000085100000, 0x0000000085200000, 0x0000000085200000|100%| O|  |TAMS 0x0000000085200000, 0x0000000085100000| Complete 
|  82|0x0000000085200000, 0x0000000085300000, 0x0000000085300000|100%| O|  |TAMS 0x0000000085300000, 0x0000000085200000| Complete 
|  83|0x0000000085300000, 0x0000000085400000, 0x0000000085400000|100%| O|  |TAMS 0x0000000085400000, 0x0000000085300000| Complete 
|  84|0x0000000085400000, 0x0000000085500000, 0x0000000085500000|100%| O|  |TAMS 0x0000000085500000, 0x0000000085400000| Complete 
|  85|0x0000000085500000, 0x0000000085600000, 0x0000000085600000|100%| O|  |TAMS 0x0000000085600000, 0x0000000085500000| Complete 
|  86|0x0000000085600000, 0x0000000085700000, 0x0000000085700000|100%| O|  |TAMS 0x0000000085700000, 0x0000000085600000| Untracked 
|  87|0x0000000085700000, 0x0000000085800000, 0x0000000085800000|100%| O|  |TAMS 0x0000000085800000, 0x0000000085700000| Untracked 
|  88|0x0000000085800000, 0x0000000085900000, 0x0000000085900000|100%| O|  |TAMS 0x0000000085900000, 0x0000000085800000| Untracked 
|  89|0x0000000085900000, 0x0000000085a00000, 0x0000000085a00000|100%| O|  |TAMS 0x0000000085a00000, 0x0000000085900000| Untracked 
|  90|0x0000000085a00000, 0x0000000085b00000, 0x0000000085b00000|100%| O|  |TAMS 0x0000000085b00000, 0x0000000085a00000| Untracked 
|  91|0x0000000085b00000, 0x0000000085c00000, 0x0000000085c00000|100%| O|  |TAMS 0x0000000085c00000, 0x0000000085b00000| Untracked 
|  92|0x0000000085c00000, 0x0000000085d00000, 0x0000000085d00000|100%| O|  |TAMS 0x0000000085d00000, 0x0000000085c00000| Untracked 
|  93|0x0000000085d00000, 0x0000000085e00000, 0x0000000085e00000|100%| O|  |TAMS 0x0000000085e00000, 0x0000000085d00000| Complete 
|  94|0x0000000085e00000, 0x0000000085f00000, 0x0000000085f00000|100%|HS|  |TAMS 0x0000000085f00000, 0x0000000085e00000| Complete 
|  95|0x0000000085f00000, 0x0000000086000000, 0x0000000086000000|100%|HC|  |TAMS 0x0000000086000000, 0x0000000085f00000| Complete 
|  96|0x0000000086000000, 0x0000000086100000, 0x0000000086100000|100%|HC|  |TAMS 0x0000000086100000, 0x0000000086000000| Complete 
|  97|0x0000000086100000, 0x0000000086200000, 0x0000000086200000|100%|HC|  |TAMS 0x0000000086200000, 0x0000000086100000| Complete 
|  98|0x0000000086200000, 0x0000000086300000, 0x0000000086300000|100%|HC|  |TAMS 0x0000000086300000, 0x0000000086200000| Complete 
|  99|0x0000000086300000, 0x0000000086400000, 0x0000000086400000|100%| O|  |TAMS 0x0000000086400000, 0x0000000086300000| Untracked 
| 100|0x0000000086400000, 0x0000000086500000, 0x0000000086500000|100%| O|  |TAMS 0x0000000086500000, 0x0000000086400000| Complete 
| 101|0x0000000086500000, 0x0000000086600000, 0x0000000086600000|100%| O|  |TAMS 0x0000000086600000, 0x0000000086500000| Untracked 
| 102|0x0000000086600000, 0x0000000086700000, 0x0000000086700000|100%| O|  |TAMS 0x0000000086700000, 0x0000000086600000| Untracked 
| 103|0x0000000086700000, 0x0000000086800000, 0x0000000086800000|100%| O|  |TAMS 0x0000000086800000, 0x0000000086700000| Untracked 
| 104|0x0000000086800000, 0x0000000086900000, 0x0000000086900000|100%| O|  |TAMS 0x0000000086900000, 0x0000000086800000| Untracked 
| 105|0x0000000086900000, 0x0000000086a00000, 0x0000000086a00000|100%| O|  |TAMS 0x0000000086a00000, 0x0000000086900000| Untracked 
| 106|0x0000000086a00000, 0x0000000086b00000, 0x0000000086b00000|100%| O|  |TAMS 0x0000000086b00000, 0x0000000086a00000| Untracked 
| 107|0x0000000086b00000, 0x0000000086c00000, 0x0000000086c00000|100%| O|  |TAMS 0x0000000086c00000, 0x0000000086b00000| Complete 
| 108|0x0000000086c00000, 0x0000000086d00000, 0x0000000086d00000|100%| O|  |TAMS 0x0000000086d00000, 0x0000000086c00000| Complete 
| 109|0x0000000086d00000, 0x0000000086e00000, 0x0000000086e00000|100%| O|  |TAMS 0x0000000086e00000, 0x0000000086d00000| Untracked 
| 110|0x0000000086e00000, 0x0000000086f00000, 0x0000000086f00000|100%| O|  |TAMS 0x0000000086f00000, 0x0000000086e00000| Untracked 
| 111|0x0000000086f00000, 0x0000000087000000, 0x0000000087000000|100%| O|  |TAMS 0x0000000087000000, 0x0000000086f00000| Untracked 
| 112|0x0000000087000000, 0x0000000087100000, 0x0000000087100000|100%| O|  |TAMS 0x0000000087100000, 0x0000000087000000| Untracked 
| 113|0x0000000087100000, 0x0000000087200000, 0x0000000087200000|100%| O|  |TAMS 0x0000000087200000, 0x0000000087100000| Complete 
| 114|0x0000000087200000, 0x0000000087300000, 0x0000000087300000|100%| O|  |TAMS 0x0000000087300000, 0x0000000087200000| Untracked 
| 115|0x0000000087300000, 0x0000000087400000, 0x0000000087400000|100%| O|  |TAMS 0x0000000087400000, 0x0000000087300000| Untracked 
| 116|0x0000000087400000, 0x0000000087500000, 0x0000000087500000|100%| O|  |TAMS 0x0000000087500000, 0x0000000087400000| Untracked 
| 117|0x0000000087500000, 0x0000000087600000, 0x0000000087600000|100%| O|  |TAMS 0x0000000087600000, 0x0000000087500000| Untracked 
| 118|0x0000000087600000, 0x0000000087700000, 0x0000000087700000|100%| O|  |TAMS 0x0000000087700000, 0x0000000087600000| Untracked 
| 119|0x0000000087700000, 0x0000000087800000, 0x0000000087800000|100%| O|  |TAMS 0x0000000087800000, 0x0000000087700000| Untracked 
| 120|0x0000000087800000, 0x0000000087900000, 0x0000000087900000|100%| O|  |TAMS 0x0000000087900000, 0x0000000087800000| Untracked 
| 121|0x0000000087900000, 0x0000000087a00000, 0x0000000087a00000|100%| O|  |TAMS 0x0000000087a00000, 0x0000000087900000| Untracked 
| 122|0x0000000087a00000, 0x0000000087b00000, 0x0000000087b00000|100%| O|  |TAMS 0x0000000087b00000, 0x0000000087a00000| Untracked 
| 123|0x0000000087b00000, 0x0000000087c00000, 0x0000000087c00000|100%| O|  |TAMS 0x0000000087c00000, 0x0000000087b00000| Untracked 
| 124|0x0000000087c00000, 0x0000000087d00000, 0x0000000087d00000|100%| O|  |TAMS 0x0000000087d00000, 0x0000000087c00000| Untracked 
| 125|0x0000000087d00000, 0x0000000087e00000, 0x0000000087e00000|100%| O|  |TAMS 0x0000000087e00000, 0x0000000087d00000| Untracked 
| 126|0x0000000087e00000, 0x0000000087f00000, 0x0000000087f00000|100%| O|  |TAMS 0x0000000087f00000, 0x0000000087e00000| Untracked 
| 127|0x0000000087f00000, 0x0000000088000000, 0x0000000088000000|100%| O|  |TAMS 0x0000000088000000, 0x0000000087f00000| Untracked 
| 128|0x0000000088000000, 0x0000000088100000, 0x0000000088100000|100%| O|  |TAMS 0x0000000088100000, 0x0000000088000000| Complete 
| 129|0x0000000088100000, 0x0000000088200000, 0x0000000088200000|100%| O|  |TAMS 0x0000000088200000, 0x0000000088100000| Complete 
| 130|0x0000000088200000, 0x0000000088300000, 0x0000000088300000|100%| O|  |TAMS 0x0000000088300000, 0x0000000088200000| Untracked 
| 131|0x0000000088300000, 0x0000000088400000, 0x0000000088400000|100%| O|  |TAMS 0x0000000088400000, 0x0000000088300000| Untracked 
| 132|0x0000000088400000, 0x0000000088500000, 0x0000000088500000|100%| O|  |TAMS 0x0000000088500000, 0x0000000088400000| Untracked 
| 133|0x0000000088500000, 0x0000000088600000, 0x0000000088600000|100%|HS|  |TAMS 0x0000000088500000, 0x0000000088500000| Complete 
| 134|0x0000000088600000, 0x0000000088700000, 0x0000000088700000|100%|HS|  |TAMS 0x0000000088600000, 0x0000000088600000| Complete 
| 135|0x0000000088700000, 0x0000000088800000, 0x0000000088800000|100%|HS|  |TAMS 0x0000000088700000, 0x0000000088700000| Complete 
| 136|0x0000000088800000, 0x0000000088900000, 0x0000000088900000|100%|HS|  |TAMS 0x0000000088800000, 0x0000000088800000| Complete 
| 137|0x0000000088900000, 0x0000000088a00000, 0x0000000088a00000|100%|HC|  |TAMS 0x0000000088900000, 0x0000000088900000| Complete 
| 138|0x0000000088a00000, 0x0000000088b00000, 0x0000000088b00000|100%|HS|  |TAMS 0x0000000088a00000, 0x0000000088a00000| Complete 
| 139|0x0000000088b00000, 0x0000000088c00000, 0x0000000088c00000|100%|HS|  |TAMS 0x0000000088b00000, 0x0000000088b00000| Complete 
| 140|0x0000000088c00000, 0x0000000088d00000, 0x0000000088d00000|100%|HS|  |TAMS 0x0000000088c00000, 0x0000000088c00000| Complete 
| 141|0x0000000088d00000, 0x0000000088d00000, 0x0000000088e00000|  0%| F|  |TAMS 0x0000000088d00000, 0x0000000088d00000| Untracked 
| 142|0x0000000088e00000, 0x0000000088e00000, 0x0000000088f00000|  0%| F|  |TAMS 0x0000000088e00000, 0x0000000088e00000| Untracked 
| 143|0x0000000088f00000, 0x0000000088f00000, 0x0000000089000000|  0%| F|  |TAMS 0x0000000088f00000, 0x0000000088f00000| Untracked 
| 144|0x0000000089000000, 0x0000000089000000, 0x0000000089100000|  0%| F|  |TAMS 0x0000000089000000, 0x0000000089000000| Untracked 
| 145|0x0000000089100000, 0x0000000089100000, 0x0000000089200000|  0%| F|  |TAMS 0x0000000089100000, 0x0000000089100000| Untracked 
| 146|0x0000000089200000, 0x0000000089200000, 0x0000000089300000|  0%| F|  |TAMS 0x0000000089200000, 0x0000000089200000| Untracked 
| 147|0x0000000089300000, 0x0000000089300000, 0x0000000089400000|  0%| F|  |TAMS 0x0000000089300000, 0x0000000089300000| Untracked 
| 148|0x0000000089400000, 0x0000000089400000, 0x0000000089500000|  0%| F|  |TAMS 0x0000000089400000, 0x0000000089400000| Untracked 
| 149|0x0000000089500000, 0x0000000089500000, 0x0000000089600000|  0%| F|  |TAMS 0x0000000089500000, 0x0000000089500000| Untracked 
| 150|0x0000000089600000, 0x0000000089600000, 0x0000000089700000|  0%| F|  |TAMS 0x0000000089600000, 0x0000000089600000| Untracked 
| 151|0x0000000089700000, 0x0000000089700000, 0x0000000089800000|  0%| F|  |TAMS 0x0000000089700000, 0x0000000089700000| Untracked 
| 152|0x0000000089800000, 0x0000000089800000, 0x0000000089900000|  0%| F|  |TAMS 0x0000000089800000, 0x0000000089800000| Untracked 
| 153|0x0000000089900000, 0x0000000089900000, 0x0000000089a00000|  0%| F|  |TAMS 0x0000000089900000, 0x0000000089900000| Untracked 
| 154|0x0000000089a00000, 0x0000000089a00000, 0x0000000089b00000|  0%| F|  |TAMS 0x0000000089a00000, 0x0000000089a00000| Untracked 
| 155|0x0000000089b00000, 0x0000000089b00000, 0x0000000089c00000|  0%| F|  |TAMS 0x0000000089b00000, 0x0000000089b00000| Untracked 
| 156|0x0000000089c00000, 0x0000000089c00000, 0x0000000089d00000|  0%| F|  |TAMS 0x0000000089c00000, 0x0000000089c00000| Untracked 
| 157|0x0000000089d00000, 0x0000000089d00000, 0x0000000089e00000|  0%| F|  |TAMS 0x0000000089d00000, 0x0000000089d00000| Untracked 
| 158|0x0000000089e00000, 0x0000000089e00000, 0x0000000089f00000|  0%| F|  |TAMS 0x0000000089e00000, 0x0000000089e00000| Untracked 
| 159|0x0000000089f00000, 0x0000000089f00000, 0x000000008a000000|  0%| F|  |TAMS 0x0000000089f00000, 0x0000000089f00000| Untracked 
| 160|0x000000008a000000, 0x000000008a000000, 0x000000008a100000|  0%| F|  |TAMS 0x000000008a000000, 0x000000008a000000| Untracked 
| 161|0x000000008a100000, 0x000000008a100000, 0x000000008a200000|  0%| F|  |TAMS 0x000000008a100000, 0x000000008a100000| Untracked 
| 162|0x000000008a200000, 0x000000008a200000, 0x000000008a300000|  0%| F|  |TAMS 0x000000008a200000, 0x000000008a200000| Untracked 
| 163|0x000000008a300000, 0x000000008a300000, 0x000000008a400000|  0%| F|  |TAMS 0x000000008a300000, 0x000000008a300000| Untracked 
| 164|0x000000008a400000, 0x000000008a400000, 0x000000008a500000|  0%| F|  |TAMS 0x000000008a400000, 0x000000008a400000| Untracked 
| 165|0x000000008a500000, 0x000000008a500000, 0x000000008a600000|  0%| F|  |TAMS 0x000000008a500000, 0x000000008a500000| Untracked 
| 166|0x000000008a600000, 0x000000008a600000, 0x000000008a700000|  0%| F|  |TAMS 0x000000008a600000, 0x000000008a600000| Untracked 
| 167|0x000000008a700000, 0x000000008a700000, 0x000000008a800000|  0%| F|  |TAMS 0x000000008a700000, 0x000000008a700000| Untracked 
| 168|0x000000008a800000, 0x000000008a800000, 0x000000008a900000|  0%| F|  |TAMS 0x000000008a800000, 0x000000008a800000| Untracked 
| 169|0x000000008a900000, 0x000000008a900000, 0x000000008aa00000|  0%| F|  |TAMS 0x000000008a900000, 0x000000008a900000| Untracked 
| 170|0x000000008aa00000, 0x000000008aa00000, 0x000000008ab00000|  0%| F|  |TAMS 0x000000008aa00000, 0x000000008aa00000| Untracked 
| 171|0x000000008ab00000, 0x000000008ab00000, 0x000000008ac00000|  0%| F|  |TAMS 0x000000008ab00000, 0x000000008ab00000| Untracked 
| 172|0x000000008ac00000, 0x000000008ac00000, 0x000000008ad00000|  0%| F|  |TAMS 0x000000008ac00000, 0x000000008ac00000| Untracked 
| 173|0x000000008ad00000, 0x000000008ad00000, 0x000000008ae00000|  0%| F|  |TAMS 0x000000008ad00000, 0x000000008ad00000| Untracked 
| 174|0x000000008ae00000, 0x000000008ae00000, 0x000000008af00000|  0%| F|  |TAMS 0x000000008ae00000, 0x000000008ae00000| Untracked 
| 175|0x000000008af00000, 0x000000008af00000, 0x000000008b000000|  0%| F|  |TAMS 0x000000008af00000, 0x000000008af00000| Untracked 
| 176|0x000000008b000000, 0x000000008b000000, 0x000000008b100000|  0%| F|  |TAMS 0x000000008b000000, 0x000000008b000000| Untracked 
| 177|0x000000008b100000, 0x000000008b100000, 0x000000008b200000|  0%| F|  |TAMS 0x000000008b100000, 0x000000008b100000| Untracked 
| 178|0x000000008b200000, 0x000000008b200000, 0x000000008b300000|  0%| F|  |TAMS 0x000000008b200000, 0x000000008b200000| Untracked 
| 179|0x000000008b300000, 0x000000008b300000, 0x000000008b400000|  0%| F|  |TAMS 0x000000008b300000, 0x000000008b300000| Untracked 
| 180|0x000000008b400000, 0x000000008b400000, 0x000000008b500000|  0%| F|  |TAMS 0x000000008b400000, 0x000000008b400000| Untracked 
| 181|0x000000008b500000, 0x000000008b500000, 0x000000008b600000|  0%| F|  |TAMS 0x000000008b500000, 0x000000008b500000| Untracked 
| 182|0x000000008b600000, 0x000000008b600000, 0x000000008b700000|  0%| F|  |TAMS 0x000000008b600000, 0x000000008b600000| Untracked 
| 183|0x000000008b700000, 0x000000008b700000, 0x000000008b800000|  0%| F|  |TAMS 0x000000008b700000, 0x000000008b700000| Untracked 
| 184|0x000000008b800000, 0x000000008b800000, 0x000000008b900000|  0%| F|  |TAMS 0x000000008b800000, 0x000000008b800000| Untracked 
| 185|0x000000008b900000, 0x000000008b900000, 0x000000008ba00000|  0%| F|  |TAMS 0x000000008b900000, 0x000000008b900000| Untracked 
| 186|0x000000008ba00000, 0x000000008ba00000, 0x000000008bb00000|  0%| F|  |TAMS 0x000000008ba00000, 0x000000008ba00000| Untracked 
| 187|0x000000008bb00000, 0x000000008bb00000, 0x000000008bc00000|  0%| F|  |TAMS 0x000000008bb00000, 0x000000008bb00000| Untracked 
| 188|0x000000008bc00000, 0x000000008bc00000, 0x000000008bd00000|  0%| F|  |TAMS 0x000000008bc00000, 0x000000008bc00000| Untracked 
| 189|0x000000008bd00000, 0x000000008bd00000, 0x000000008be00000|  0%| F|  |TAMS 0x000000008bd00000, 0x000000008bd00000| Untracked 
| 190|0x000000008be00000, 0x000000008be00000, 0x000000008bf00000|  0%| F|  |TAMS 0x000000008be00000, 0x000000008be00000| Untracked 
| 191|0x000000008bf00000, 0x000000008bf00000, 0x000000008c000000|  0%| F|  |TAMS 0x000000008bf00000, 0x000000008bf00000| Untracked 
| 192|0x000000008c000000, 0x000000008c000000, 0x000000008c100000|  0%| F|  |TAMS 0x000000008c000000, 0x000000008c000000| Untracked 
| 193|0x000000008c100000, 0x000000008c100000, 0x000000008c200000|  0%| F|  |TAMS 0x000000008c100000, 0x000000008c100000| Untracked 
| 194|0x000000008c200000, 0x000000008c200000, 0x000000008c300000|  0%| F|  |TAMS 0x000000008c200000, 0x000000008c200000| Untracked 
| 195|0x000000008c300000, 0x000000008c300000, 0x000000008c400000|  0%| F|  |TAMS 0x000000008c300000, 0x000000008c300000| Untracked 
| 196|0x000000008c400000, 0x000000008c400000, 0x000000008c500000|  0%| F|  |TAMS 0x000000008c400000, 0x000000008c400000| Untracked 
| 197|0x000000008c500000, 0x000000008c500000, 0x000000008c600000|  0%| F|  |TAMS 0x000000008c500000, 0x000000008c500000| Untracked 
| 198|0x000000008c600000, 0x000000008c600000, 0x000000008c700000|  0%| F|  |TAMS 0x000000008c600000, 0x000000008c600000| Untracked 
| 199|0x000000008c700000, 0x000000008c700000, 0x000000008c800000|  0%| F|  |TAMS 0x000000008c700000, 0x000000008c700000| Untracked 
| 200|0x000000008c800000, 0x000000008c800000, 0x000000008c900000|  0%| F|  |TAMS 0x000000008c800000, 0x000000008c800000| Untracked 
| 201|0x000000008c900000, 0x000000008c900000, 0x000000008ca00000|  0%| F|  |TAMS 0x000000008c900000, 0x000000008c900000| Untracked 
| 202|0x000000008ca00000, 0x000000008ca00000, 0x000000008cb00000|  0%| F|  |TAMS 0x000000008ca00000, 0x000000008ca00000| Untracked 
| 203|0x000000008cb00000, 0x000000008cb00000, 0x000000008cc00000|  0%| F|  |TAMS 0x000000008cb00000, 0x000000008cb00000| Untracked 
| 204|0x000000008cc00000, 0x000000008cc00000, 0x000000008cd00000|  0%| F|  |TAMS 0x000000008cc00000, 0x000000008cc00000| Untracked 
| 205|0x000000008cd00000, 0x000000008cd00000, 0x000000008ce00000|  0%| F|  |TAMS 0x000000008cd00000, 0x000000008cd00000| Untracked 
| 206|0x000000008ce00000, 0x000000008ce00000, 0x000000008cf00000|  0%| F|  |TAMS 0x000000008ce00000, 0x000000008ce00000| Untracked 
| 207|0x000000008cf00000, 0x000000008cf00000, 0x000000008d000000|  0%| F|  |TAMS 0x000000008cf00000, 0x000000008cf00000| Untracked 
| 208|0x000000008d000000, 0x000000008d000000, 0x000000008d100000|  0%| F|  |TAMS 0x000000008d000000, 0x000000008d000000| Untracked 
| 209|0x000000008d100000, 0x000000008d100000, 0x000000008d200000|  0%| F|  |TAMS 0x000000008d100000, 0x000000008d100000| Untracked 
| 210|0x000000008d200000, 0x000000008d200000, 0x000000008d300000|  0%| F|  |TAMS 0x000000008d200000, 0x000000008d200000| Untracked 
| 211|0x000000008d300000, 0x000000008d300000, 0x000000008d400000|  0%| F|  |TAMS 0x000000008d300000, 0x000000008d300000| Untracked 
| 212|0x000000008d400000, 0x000000008d400000, 0x000000008d500000|  0%| F|  |TAMS 0x000000008d400000, 0x000000008d400000| Untracked 
| 213|0x000000008d500000, 0x000000008d500000, 0x000000008d600000|  0%| F|  |TAMS 0x000000008d500000, 0x000000008d500000| Untracked 
| 214|0x000000008d600000, 0x000000008d600000, 0x000000008d700000|  0%| F|  |TAMS 0x000000008d600000, 0x000000008d600000| Untracked 
| 215|0x000000008d700000, 0x000000008d700000, 0x000000008d800000|  0%| F|  |TAMS 0x000000008d700000, 0x000000008d700000| Untracked 
| 216|0x000000008d800000, 0x000000008d800000, 0x000000008d900000|  0%| F|  |TAMS 0x000000008d800000, 0x000000008d800000| Untracked 
| 217|0x000000008d900000, 0x000000008d900000, 0x000000008da00000|  0%| F|  |TAMS 0x000000008d900000, 0x000000008d900000| Untracked 
| 218|0x000000008da00000, 0x000000008da00000, 0x000000008db00000|  0%| F|  |TAMS 0x000000008da00000, 0x000000008da00000| Untracked 
| 219|0x000000008db00000, 0x000000008db00000, 0x000000008dc00000|  0%| F|  |TAMS 0x000000008db00000, 0x000000008db00000| Untracked 
| 220|0x000000008dc00000, 0x000000008dc00000, 0x000000008dd00000|  0%| F|  |TAMS 0x000000008dc00000, 0x000000008dc00000| Untracked 
| 221|0x000000008dd00000, 0x000000008dd00000, 0x000000008de00000|  0%| F|  |TAMS 0x000000008dd00000, 0x000000008dd00000| Untracked 
| 222|0x000000008de00000, 0x000000008de00000, 0x000000008df00000|  0%| F|  |TAMS 0x000000008de00000, 0x000000008de00000| Untracked 
| 223|0x000000008df00000, 0x000000008df00000, 0x000000008e000000|  0%| F|  |TAMS 0x000000008df00000, 0x000000008df00000| Untracked 
| 224|0x000000008e000000, 0x000000008e000000, 0x000000008e100000|  0%| F|  |TAMS 0x000000008e000000, 0x000000008e000000| Untracked 
| 225|0x000000008e100000, 0x000000008e100000, 0x000000008e200000|  0%| F|  |TAMS 0x000000008e100000, 0x000000008e100000| Untracked 
| 226|0x000000008e200000, 0x000000008e200000, 0x000000008e300000|  0%| F|  |TAMS 0x000000008e200000, 0x000000008e200000| Untracked 
| 227|0x000000008e300000, 0x000000008e300000, 0x000000008e400000|  0%| F|  |TAMS 0x000000008e300000, 0x000000008e300000| Untracked 
| 228|0x000000008e400000, 0x000000008e400000, 0x000000008e500000|  0%| F|  |TAMS 0x000000008e400000, 0x000000008e400000| Untracked 
| 229|0x000000008e500000, 0x000000008e500000, 0x000000008e600000|  0%| F|  |TAMS 0x000000008e500000, 0x000000008e500000| Untracked 
| 230|0x000000008e600000, 0x000000008e600000, 0x000000008e700000|  0%| F|  |TAMS 0x000000008e600000, 0x000000008e600000| Untracked 
| 231|0x000000008e700000, 0x000000008e700000, 0x000000008e800000|  0%| F|  |TAMS 0x000000008e700000, 0x000000008e700000| Untracked 
| 232|0x000000008e800000, 0x000000008e800000, 0x000000008e900000|  0%| F|  |TAMS 0x000000008e800000, 0x000000008e800000| Untracked 
| 233|0x000000008e900000, 0x000000008e900000, 0x000000008ea00000|  0%| F|  |TAMS 0x000000008e900000, 0x000000008e900000| Untracked 
| 234|0x000000008ea00000, 0x000000008ea00000, 0x000000008eb00000|  0%| F|  |TAMS 0x000000008ea00000, 0x000000008ea00000| Untracked 
| 235|0x000000008eb00000, 0x000000008eb00000, 0x000000008ec00000|  0%| F|  |TAMS 0x000000008eb00000, 0x000000008eb00000| Untracked 
| 236|0x000000008ec00000, 0x000000008ec00000, 0x000000008ed00000|  0%| F|  |TAMS 0x000000008ec00000, 0x000000008ec00000| Untracked 
| 237|0x000000008ed00000, 0x000000008ed00000, 0x000000008ee00000|  0%| F|  |TAMS 0x000000008ed00000, 0x000000008ed00000| Untracked 
| 238|0x000000008ee00000, 0x000000008ee00000, 0x000000008ef00000|  0%| F|  |TAMS 0x000000008ee00000, 0x000000008ee00000| Untracked 
| 239|0x000000008ef00000, 0x000000008ef00000, 0x000000008f000000|  0%| F|  |TAMS 0x000000008ef00000, 0x000000008ef00000| Untracked 
| 240|0x000000008f000000, 0x000000008f000000, 0x000000008f100000|  0%| F|  |TAMS 0x000000008f000000, 0x000000008f000000| Untracked 
| 241|0x000000008f100000, 0x000000008f100000, 0x000000008f200000|  0%| F|  |TAMS 0x000000008f100000, 0x000000008f100000| Untracked 
| 242|0x000000008f200000, 0x000000008f200000, 0x000000008f300000|  0%| F|  |TAMS 0x000000008f200000, 0x000000008f200000| Untracked 
| 243|0x000000008f300000, 0x000000008f300000, 0x000000008f400000|  0%| F|  |TAMS 0x000000008f300000, 0x000000008f300000| Untracked 
| 244|0x000000008f400000, 0x000000008f400000, 0x000000008f500000|  0%| F|  |TAMS 0x000000008f400000, 0x000000008f400000| Untracked 
| 245|0x000000008f500000, 0x000000008f500000, 0x000000008f600000|  0%| F|  |TAMS 0x000000008f500000, 0x000000008f500000| Untracked 
| 246|0x000000008f600000, 0x000000008f600000, 0x000000008f700000|  0%| F|  |TAMS 0x000000008f600000, 0x000000008f600000| Untracked 
| 247|0x000000008f700000, 0x000000008f700000, 0x000000008f800000|  0%| F|  |TAMS 0x000000008f700000, 0x000000008f700000| Untracked 
| 248|0x000000008f800000, 0x000000008f800000, 0x000000008f900000|  0%| F|  |TAMS 0x000000008f800000, 0x000000008f800000| Untracked 
| 249|0x000000008f900000, 0x000000008f900000, 0x000000008fa00000|  0%| F|  |TAMS 0x000000008f900000, 0x000000008f900000| Untracked 
| 250|0x000000008fa00000, 0x000000008fa00000, 0x000000008fb00000|  0%| F|  |TAMS 0x000000008fa00000, 0x000000008fa00000| Untracked 
| 251|0x000000008fb00000, 0x000000008fb00000, 0x000000008fc00000|  0%| F|  |TAMS 0x000000008fb00000, 0x000000008fb00000| Untracked 
| 252|0x000000008fc00000, 0x000000008fc00000, 0x000000008fd00000|  0%| F|  |TAMS 0x000000008fc00000, 0x000000008fc00000| Untracked 
| 253|0x000000008fd00000, 0x000000008fd00000, 0x000000008fe00000|  0%| F|  |TAMS 0x000000008fd00000, 0x000000008fd00000| Untracked 
| 254|0x000000008fe00000, 0x000000008fe00000, 0x000000008ff00000|  0%| F|  |TAMS 0x000000008fe00000, 0x000000008fe00000| Untracked 
| 255|0x000000008ff00000, 0x000000008ff7d558, 0x0000000090000000| 48%| E|  |TAMS 0x000000008ff00000, 0x000000008ff00000| Complete 
| 256|0x0000000090000000, 0x00000000900f1dc8, 0x0000000090100000| 94%| E|  |TAMS 0x0000000090000000, 0x0000000090000000| Complete 
| 257|0x0000000090100000, 0x0000000090200000, 0x0000000090200000|100%| E|CS|TAMS 0x0000000090100000, 0x0000000090100000| Complete 
| 258|0x0000000090200000, 0x0000000090300000, 0x0000000090300000|100%| E|CS|TAMS 0x0000000090200000, 0x0000000090200000| Complete 
| 259|0x0000000090300000, 0x0000000090400000, 0x0000000090400000|100%| E|CS|TAMS 0x0000000090300000, 0x0000000090300000| Complete 
| 260|0x0000000090400000, 0x0000000090500000, 0x0000000090500000|100%| E|CS|TAMS 0x0000000090400000, 0x0000000090400000| Complete 
| 261|0x0000000090500000, 0x0000000090600000, 0x0000000090600000|100%| E|CS|TAMS 0x0000000090500000, 0x0000000090500000| Complete 
| 262|0x0000000090600000, 0x0000000090700000, 0x0000000090700000|100%| E|CS|TAMS 0x0000000090600000, 0x0000000090600000| Complete 
| 263|0x0000000090700000, 0x0000000090800000, 0x0000000090800000|100%| E|CS|TAMS 0x0000000090700000, 0x0000000090700000| Complete 
| 264|0x0000000090800000, 0x0000000090900000, 0x0000000090900000|100%| E|CS|TAMS 0x0000000090800000, 0x0000000090800000| Complete 
| 265|0x0000000090900000, 0x0000000090a00000, 0x0000000090a00000|100%| S|CS|TAMS 0x0000000090900000, 0x0000000090900000| Complete 
| 266|0x0000000090a00000, 0x0000000090b00000, 0x0000000090b00000|100%| S|CS|TAMS 0x0000000090a00000, 0x0000000090a00000| Complete 
| 267|0x0000000090b00000, 0x0000000090c00000, 0x0000000090c00000|100%| S|CS|TAMS 0x0000000090b00000, 0x0000000090b00000| Complete 
| 268|0x0000000090c00000, 0x0000000090d00000, 0x0000000090d00000|100%| E|CS|TAMS 0x0000000090c00000, 0x0000000090c00000| Complete 
| 269|0x0000000090d00000, 0x0000000090e00000, 0x0000000090e00000|100%| E|CS|TAMS 0x0000000090d00000, 0x0000000090d00000| Complete 
| 270|0x0000000090e00000, 0x0000000090f00000, 0x0000000090f00000|100%| E|CS|TAMS 0x0000000090e00000, 0x0000000090e00000| Complete 
| 271|0x0000000090f00000, 0x0000000091000000, 0x0000000091000000|100%| E|CS|TAMS 0x0000000090f00000, 0x0000000090f00000| Complete 
| 272|0x0000000091000000, 0x0000000091100000, 0x0000000091100000|100%| E|CS|TAMS 0x0000000091000000, 0x0000000091000000| Complete 

Card table byte_map: [0x000002ba34d50000,0x000002ba35150000] _byte_map_base: 0x000002ba34950000

Marking Bits (Prev, Next): (CMBitMap*) 0x000002ba20447228, (CMBitMap*) 0x000002ba20447260
 Prev Bits: [0x000002ba35550000, 0x000002ba37550000)
 Next Bits: [0x000002ba37550000, 0x000002ba39550000)

Polling page: 0x000002ba202d0000

Metaspace:

Usage:
  Non-class:     85.05 MB capacity,    83.71 MB ( 98%) used,     1.11 MB (  1%) free+waste,   231.13 KB ( <1%) overhead. 
      Class:     12.26 MB capacity,    11.54 MB ( 94%) used,   635.14 KB (  5%) free+waste,   100.88 KB ( <1%) overhead. 
       Both:     97.31 MB capacity,    95.25 MB ( 98%) used,     1.73 MB (  2%) free+waste,   332.00 KB ( <1%) overhead. 

Virtual space:
  Non-class space:       86.00 MB reserved,      85.25 MB (>99%) committed 
      Class space:        1.00 GB reserved,      12.38 MB (  1%) committed 
             Both:        1.08 GB reserved,      97.63 MB (  9%) committed 

Chunk freelists:
   Non-Class:  15.00 KB
       Class:  0 bytes
        Both:  15.00 KB

MaxMetaspaceSize: 17179869184.00 GB
CompressedClassSpaceSize: 1.00 GB

CodeHeap 'non-profiled nmethods': size=120064Kb used=7642Kb max_used=7642Kb free=112421Kb
 bounds [0x000002ba2d010000, 0x000002ba2d790000, 0x000002ba34550000]
CodeHeap 'profiled nmethods': size=120000Kb used=31829Kb max_used=31829Kb free=88170Kb
 bounds [0x000002ba25ae0000, 0x000002ba27a00000, 0x000002ba2d010000]
CodeHeap 'non-nmethods': size=5696Kb used=2278Kb max_used=2324Kb free=3417Kb
 bounds [0x000002ba25550000, 0x000002ba257c0000, 0x000002ba25ae0000]
 total_blobs=14845 nmethods=13945 adapters=812
 compilation: enabled
              stopped_count=0, restarted_count=0
 full_count=0

Compilation events (20 events):
Event: 892.725 Thread 0x000002ba3b9a5800 14883       2       com.android.tools.r8.graph.ObjectToOffsetMapping::lambda$sortClasses$0 (38 bytes)
Event: 892.725 Thread 0x000002ba3b9a5800 nmethod 14883 0x000002ba279f2a90 code [0x000002ba279f2c60, 0x000002ba279f2e08]
Event: 892.726 Thread 0x000002ba3b9a5800 14884       2       com.android.tools.r8.it.unimi.dsi.fastutil.objects.Reference2IntOpenHashMap::insert (147 bytes)
Event: 892.727 Thread 0x000002ba3b9a5800 nmethod 14884 0x000002ba279f3010 code [0x000002ba279f3200, 0x000002ba279f3628]
Event: 892.730 Thread 0x000002ba3b9a5800 14886 %     3       com.android.tools.r8.it.unimi.dsi.fastutil.objects.Reference2IntOpenHashMap::getInt @ 75 (113 bytes)
Event: 892.731 Thread 0x000002ba3b9a5800 nmethod 14886% 0x000002ba279f3890 code [0x000002ba279f3aa0, 0x000002ba279f4008]
Event: 892.731 Thread 0x000002ba3b9a5800 14887       3       com.android.tools.r8.it.unimi.dsi.fastutil.objects.Reference2IntOpenHashMap::getInt (113 bytes)
Event: 892.732 Thread 0x000002ba3b9a5800 nmethod 14887 0x000002ba279f4290 code [0x000002ba279f4480, 0x000002ba279f4968]
Event: 892.754 Thread 0x000002ba3b9a5800 14890 %     3       java.util.stream.SortedOps$SizedRefSortingSink::end @ 39 (129 bytes)
Event: 892.756 Thread 0x000002ba3b9a5800 nmethod 14890% 0x000002ba279f4c10 code [0x000002ba279f4e60, 0x000002ba279f5678]
Event: 892.756 Thread 0x000002ba3b9a5800 14891       3       java.util.stream.SortedOps$SizedRefSortingSink::end (129 bytes)
Event: 892.757 Thread 0x000002ba3b9a5800 nmethod 14891 0x000002ba279f5990 code [0x000002ba279f5bc0, 0x000002ba279f6398]
Event: 892.760 Thread 0x000002ba3b9a5800 14892       2       com.android.tools.r8.graph.DexProto::compareTo (9 bytes)
Event: 892.761 Thread 0x000002ba3b9a5800 nmethod 14892 0x000002ba279f6610 code [0x000002ba279f67c0, 0x000002ba279f68e8]
Event: 892.761 Thread 0x000002ba3b9a5800 14893       2       com.android.tools.r8.graph.DexProto::compareTo (9 bytes)
Event: 892.761 Thread 0x000002ba3b9a5800 nmethod 14893 0x000002ba279f6a10 code [0x000002ba279f6bc0, 0x000002ba279f6d08]
Event: 892.781 Thread 0x000002ba3b9a5800 14895 %     3       com.android.tools.r8.graph.ObjectToOffsetMapping::createMap @ 68 (124 bytes)
Event: 892.784 Thread 0x000002ba3b9a5800 nmethod 14895% 0x000002ba279f6e10 code [0x000002ba279f7180, 0x000002ba279f8738]
Event: 892.784 Thread 0x000002ba3b9a5800 14896       3       com.android.tools.r8.graph.ObjectToOffsetMapping::createMap (124 bytes)
Event: 892.787 Thread 0x000002ba3b9a5800 nmethod 14896 0x000002ba279f8d90 code [0x000002ba279f9100, 0x000002ba279fa678]

GC Heap History (20 events):
Event: 856.839 GC heap before
{Heap before GC invocations=69 (full 0):
 garbage-first heap   total 199680K, used 147456K [0x0000000080000000, 0x0000000100000000)
  region size 1024K, 27 young (27648K), 3 survivors (3072K)
 Metaspace       used 86465K, capacity 88305K, committed 88576K, reserved 1126400K
  class space    used 10550K, capacity 11163K, committed 11264K, reserved 1048576K
}
Event: 856.910 GC heap after
{Heap after GC invocations=70 (full 0):
 garbage-first heap   total 199680K, used 128512K [0x0000000080000000, 0x0000000100000000)
  region size 1024K, 4 young (4096K), 4 survivors (4096K)
 Metaspace       used 86465K, capacity 88305K, committed 88576K, reserved 1126400K
  class space    used 10550K, capacity 11163K, committed 11264K, reserved 1048576K
}
Event: 861.607 GC heap before
{Heap before GC invocations=70 (full 0):
 garbage-first heap   total 199680K, used 152064K [0x0000000080000000, 0x0000000100000000)
  region size 1024K, 27 young (27648K), 4 survivors (4096K)
 Metaspace       used 87174K, capacity 89026K, committed 89344K, reserved 1128448K
  class space    used 10557K, capacity 11166K, committed 11264K, reserved 1048576K
}
Event: 861.664 GC heap after
{Heap after GC invocations=71 (full 0):
 garbage-first heap   total 199680K, used 130794K [0x0000000080000000, 0x0000000100000000)
  region size 1024K, 2 young (2048K), 2 survivors (2048K)
 Metaspace       used 87174K, capacity 89026K, committed 89344K, reserved 1128448K
  class space    used 10557K, capacity 11166K, committed 11264K, reserved 1048576K
}
Event: 869.734 GC heap before
{Heap before GC invocations=72 (full 0):
 garbage-first heap   total 199680K, used 153322K [0x0000000080000000, 0x0000000100000000)
  region size 1024K, 25 young (25600K), 2 survivors (2048K)
 Metaspace       used 87340K, capacity 89267K, committed 89344K, reserved 1128448K
  class space    used 10568K, capacity 11202K, committed 11264K, reserved 1048576K
}
Event: 869.787 GC heap after
{Heap after GC invocations=73 (full 0):
 garbage-first heap   total 199680K, used 131834K [0x0000000080000000, 0x0000000100000000)
  region size 1024K, 3 young (3072K), 3 survivors (3072K)
 Metaspace       used 87340K, capacity 89267K, committed 89344K, reserved 1128448K
  class space    used 10568K, capacity 11202K, committed 11264K, reserved 1048576K
}
Event: 870.226 GC heap before
{Heap before GC invocations=73 (full 0):
 garbage-first heap   total 199680K, used 137978K [0x0000000080000000, 0x0000000100000000)
  region size 1024K, 9 young (9216K), 3 survivors (3072K)
 Metaspace       used 87347K, capacity 89268K, committed 89344K, reserved 1128448K
  class space    used 10568K, capacity 11202K, committed 11264K, reserved 1048576K
}
Event: 870.271 GC heap after
{Heap after GC invocations=74 (full 0):
 garbage-first heap   total 279552K, used 126998K [0x0000000080000000, 0x0000000100000000)
  region size 1024K, 1 young (1024K), 1 survivors (1024K)
 Metaspace       used 87347K, capacity 89268K, committed 89344K, reserved 1128448K
  class space    used 10568K, capacity 11202K, committed 11264K, reserved 1048576K
}
Event: 872.169 GC heap before
{Heap before GC invocations=74 (full 0):
 garbage-first heap   total 279552K, used 177174K [0x0000000080000000, 0x0000000100000000)
  region size 1024K, 51 young (52224K), 1 survivors (1024K)
 Metaspace       used 87985K, capacity 89828K, committed 89856K, reserved 1128448K
  class space    used 10635K, capacity 11260K, committed 11264K, reserved 1048576K
}
Event: 872.192 GC heap after
{Heap after GC invocations=75 (full 0):
 garbage-first heap   total 279552K, used 128617K [0x0000000080000000, 0x0000000100000000)
  region size 1024K, 3 young (3072K), 3 survivors (3072K)
 Metaspace       used 87985K, capacity 89828K, committed 89856K, reserved 1128448K
  class space    used 10635K, capacity 11260K, committed 11264K, reserved 1048576K
}
Event: 874.035 GC heap before
{Heap before GC invocations=76 (full 0):
 garbage-first heap   total 279552K, used 163433K [0x0000000080000000, 0x0000000100000000)
  region size 1024K, 62 young (63488K), 3 survivors (3072K)
 Metaspace       used 88014K, capacity 89828K, committed 89856K, reserved 1128448K
  class space    used 10637K, capacity 11260K, committed 11264K, reserved 1048576K
}
Event: 874.060 GC heap after
{Heap after GC invocations=77 (full 0):
 garbage-first heap   total 279552K, used 105153K [0x0000000080000000, 0x0000000100000000)
  region size 1024K, 4 young (4096K), 4 survivors (4096K)
 Metaspace       used 88014K, capacity 89828K, committed 89856K, reserved 1128448K
  class space    used 10637K, capacity 11260K, committed 11264K, reserved 1048576K
}
Event: 874.337 GC heap before
{Heap before GC invocations=77 (full 0):
 garbage-first heap   total 279552K, used 116417K [0x0000000080000000, 0x0000000100000000)
  region size 1024K, 13 young (13312K), 4 survivors (4096K)
 Metaspace       used 88308K, capacity 90145K, committed 90240K, reserved 1128448K
  class space    used 10677K, capacity 11302K, committed 11392K, reserved 1048576K
}
Event: 874.365 GC heap after
{Heap after GC invocations=78 (full 0):
 garbage-first heap   total 279552K, used 91328K [0x0000000080000000, 0x0000000100000000)
  region size 1024K, 2 young (2048K), 2 survivors (2048K)
 Metaspace       used 88308K, capacity 90145K, committed 90240K, reserved 1128448K
  class space    used 10677K, capacity 11302K, committed 11392K, reserved 1048576K
}
Event: 886.427 GC heap before
{Heap before GC invocations=78 (full 0):
 garbage-first heap   total 279552K, used 178368K [0x0000000080000000, 0x0000000100000000)
  region size 1024K, 89 young (91136K), 2 survivors (2048K)
 Metaspace       used 96025K, capacity 98139K, committed 98432K, reserved 1134592K
  class space    used 11595K, capacity 12337K, committed 12416K, reserved 1048576K
}
Event: 886.455 GC heap after
{Heap after GC invocations=79 (full 0):
 garbage-first heap   total 279552K, used 93029K [0x0000000080000000, 0x0000000100000000)
  region size 1024K, 6 young (6144K), 6 survivors (6144K)
 Metaspace       used 96025K, capacity 98139K, committed 98432K, reserved 1134592K
  class space    used 11595K, capacity 12337K, committed 12416K, reserved 1048576K
}
Event: 890.215 GC heap before
{Heap before GC invocations=80 (full 0):
 garbage-first heap   total 279552K, used 203621K [0x0000000080000000, 0x0000000100000000)
  region size 1024K, 102 young (104448K), 6 survivors (6144K)
 Metaspace       used 97444K, capacity 99571K, committed 99712K, reserved 1136640K
  class space    used 11816K, capacity 12553K, committed 12672K, reserved 1048576K
}
Event: 890.619 GC heap after
{Heap after GC invocations=81 (full 0):
 garbage-first heap   total 279552K, used 135535K [0x0000000080000000, 0x0000000100000000)
  region size 1024K, 13 young (13312K), 13 survivors (13312K)
 Metaspace       used 97444K, capacity 99571K, committed 99712K, reserved 1136640K
  class space    used 11816K, capacity 12553K, committed 12672K, reserved 1048576K
}
Event: 890.951 GC heap before
{Heap before GC invocations=81 (full 0):
 garbage-first heap   total 279552K, used 139631K [0x0000000080000000, 0x0000000100000000)
  region size 1024K, 18 young (18432K), 13 survivors (13312K)
 Metaspace       used 97510K, capacity 99639K, committed 99968K, reserved 1136640K
  class space    used 11817K, capacity 12554K, committed 12672K, reserved 1048576K
}
Event: 891.117 GC heap after
{Heap after GC invocations=82 (full 0):
 garbage-first heap   total 279552K, used 139264K [0x0000000080000000, 0x0000000100000000)
  region size 1024K, 3 young (3072K), 3 survivors (3072K)
 Metaspace       used 97510K, capacity 99639K, committed 99968K, reserved 1136640K
  class space    used 11817K, capacity 12554K, committed 12672K, reserved 1048576K
}

Deoptimization events (20 events):
Event: 893.187 Thread 0x000002ba3ef8d000 DEOPT PACKING pc=0x000002ba26fc2348 sp=0x000000fb53efe8a0
Event: 893.187 Thread 0x000002ba3ef8d000 DEOPT UNPACKING pc=0x000002ba255766bf sp=0x000000fb53efdd88 mode 0
Event: 893.190 Thread 0x000002ba3ef8d000 DEOPT PACKING pc=0x000002ba26fc2348 sp=0x000000fb53efe8a0
Event: 893.190 Thread 0x000002ba3ef8d000 DEOPT UNPACKING pc=0x000002ba255766bf sp=0x000000fb53efdd88 mode 0
Event: 893.191 Thread 0x000002ba3ef8d000 DEOPT PACKING pc=0x000002ba26fbc3e1 sp=0x000000fb53efe890
Event: 893.191 Thread 0x000002ba3ef8d000 DEOPT UNPACKING pc=0x000002ba255766bf sp=0x000000fb53efdd80 mode 0
Event: 893.196 Thread 0x000002ba3ef8d000 DEOPT PACKING pc=0x000002ba26fc2348 sp=0x000000fb53efe8a0
Event: 893.197 Thread 0x000002ba3ef8d000 DEOPT UNPACKING pc=0x000002ba255766bf sp=0x000000fb53efdd88 mode 0
Event: 893.199 Thread 0x000002ba3ef8d000 DEOPT PACKING pc=0x000002ba26fbc3e1 sp=0x000000fb53efe890
Event: 893.199 Thread 0x000002ba3ef8d000 DEOPT UNPACKING pc=0x000002ba255766bf sp=0x000000fb53efdd80 mode 0
Event: 893.199 Thread 0x000002ba3ef8d000 DEOPT PACKING pc=0x000002ba26fc2348 sp=0x000000fb53efe8a0
Event: 893.199 Thread 0x000002ba3ef8d000 DEOPT UNPACKING pc=0x000002ba255766bf sp=0x000000fb53efdd88 mode 0
Event: 893.203 Thread 0x000002ba3ef8d000 DEOPT PACKING pc=0x000002ba26fc2348 sp=0x000000fb53efe8a0
Event: 893.203 Thread 0x000002ba3ef8d000 DEOPT UNPACKING pc=0x000002ba255766bf sp=0x000000fb53efdd88 mode 0
Event: 893.208 Thread 0x000002ba3ef8d000 DEOPT PACKING pc=0x000002ba26fbc3e1 sp=0x000000fb53efe890
Event: 893.208 Thread 0x000002ba3ef8d000 DEOPT UNPACKING pc=0x000002ba255766bf sp=0x000000fb53efdd80 mode 0
Event: 893.209 Thread 0x000002ba3ef8d000 DEOPT PACKING pc=0x000002ba26fc2348 sp=0x000000fb53efe8a0
Event: 893.209 Thread 0x000002ba3ef8d000 DEOPT UNPACKING pc=0x000002ba255766bf sp=0x000000fb53efdd88 mode 0
Event: 893.211 Thread 0x000002ba3ef8d000 DEOPT PACKING pc=0x000002ba26fc2348 sp=0x000000fb53efe8a0
Event: 893.211 Thread 0x000002ba3ef8d000 DEOPT UNPACKING pc=0x000002ba255766bf sp=0x000000fb53efdd88 mode 0

Classes redefined (0 events):
No events

Internal exceptions (20 events):
Event: 879.548 Thread 0x000002ba3de04000 Exception <a 'sun/nio/fs/WindowsException'{0x000000008c894db0}> (0x000000008c894db0) thrown at [./src/hotspot/share/prims/jni.cpp, line 615]
Event: 879.553 Thread 0x000002ba3de04000 Exception <a 'sun/nio/fs/WindowsException'{0x000000008c899eb8}> (0x000000008c899eb8) thrown at [./src/hotspot/share/prims/jni.cpp, line 615]
Event: 879.561 Thread 0x000002ba3de04000 Exception <a 'sun/nio/fs/WindowsException'{0x000000008c8a0d90}> (0x000000008c8a0d90) thrown at [./src/hotspot/share/prims/jni.cpp, line 615]
Event: 879.571 Thread 0x000002ba3de04000 Exception <a 'sun/nio/fs/WindowsException'{0x000000008c8a5e18}> (0x000000008c8a5e18) thrown at [./src/hotspot/share/prims/jni.cpp, line 615]
Event: 879.609 Thread 0x000002ba3de04000 Exception <a 'sun/nio/fs/WindowsException'{0x000000008c8d1198}> (0x000000008c8d1198) thrown at [./src/hotspot/share/prims/jni.cpp, line 615]
Event: 879.621 Thread 0x000002ba3de04000 Exception <a 'sun/nio/fs/WindowsException'{0x000000008c8d7dc8}> (0x000000008c8d7dc8) thrown at [./src/hotspot/share/prims/jni.cpp, line 615]
Event: 879.631 Thread 0x000002ba3de04000 Exception <a 'sun/nio/fs/WindowsException'{0x000000008c8dcea0}> (0x000000008c8dcea0) thrown at [./src/hotspot/share/prims/jni.cpp, line 615]
Event: 879.638 Thread 0x000002ba3de04000 Exception <a 'sun/nio/fs/WindowsException'{0x000000008c8e1c00}> (0x000000008c8e1c00) thrown at [./src/hotspot/share/prims/jni.cpp, line 615]
Event: 879.647 Thread 0x000002ba3de04000 Exception <a 'sun/nio/fs/WindowsException'{0x000000008c8e7830}> (0x000000008c8e7830) thrown at [./src/hotspot/share/prims/jni.cpp, line 615]
Event: 879.654 Thread 0x000002ba3de04000 Exception <a 'sun/nio/fs/WindowsException'{0x000000008c8ec8b8}> (0x000000008c8ec8b8) thrown at [./src/hotspot/share/prims/jni.cpp, line 615]
Event: 879.663 Thread 0x000002ba3de04000 Exception <a 'sun/nio/fs/WindowsException'{0x000000008c8f1540}> (0x000000008c8f1540) thrown at [./src/hotspot/share/prims/jni.cpp, line 615]
Event: 879.670 Thread 0x000002ba3de04000 Exception <a 'sun/nio/fs/WindowsException'{0x000000008c8f7020}> (0x000000008c8f7020) thrown at [./src/hotspot/share/prims/jni.cpp, line 615]
Event: 879.690 Thread 0x000002ba3de04000 Exception <a 'sun/nio/fs/WindowsException'{0x000000008c4c5da0}> (0x000000008c4c5da0) thrown at [./src/hotspot/share/prims/jni.cpp, line 615]
Event: 879.702 Thread 0x000002ba3de04000 Exception <a 'sun/nio/fs/WindowsException'{0x000000008c4cb878}> (0x000000008c4cb878) thrown at [./src/hotspot/share/prims/jni.cpp, line 615]
Event: 879.718 Thread 0x000002ba3de04000 Exception <a 'sun/nio/fs/WindowsException'{0x000000008c4d4e20}> (0x000000008c4d4e20) thrown at [./src/hotspot/share/prims/jni.cpp, line 615]
Event: 879.728 Thread 0x000002ba3de04000 Exception <a 'sun/nio/fs/WindowsException'{0x000000008c4d9978}> (0x000000008c4d9978) thrown at [./src/hotspot/share/prims/jni.cpp, line 615]
Event: 886.676 Thread 0x000002ba3ef8b800 Exception <a 'sun/nio/fs/WindowsException'{0x000000009100d040}> (0x000000009100d040) thrown at [./src/hotspot/share/prims/jni.cpp, line 615]
Event: 887.536 Thread 0x000002ba3ef8d000 Implicit null exception at 0x000002ba2d14564f to 0x000002ba2d14573c
Event: 887.536 Thread 0x000002ba3ef8b800 Implicit null exception at 0x000002ba2d14564f to 0x000002ba2d14573c
Event: 890.755 Thread 0x000002ba3ef8b800 Implicit null exception at 0x000002ba2d6f5cdb to 0x000002ba2d6f6284

Events (20 events):
Event: 889.402 loading class com/android/tools/r8/com/google/gson/stream/JsonToken
Event: 889.402 loading class com/android/tools/r8/com/google/gson/stream/JsonToken done
Event: 889.403 loading class com/android/tools/r8/com/google/gson/internal/bind/TypeAdapters$36
Event: 889.403 loading class com/android/tools/r8/com/google/gson/internal/bind/TypeAdapters$36 done
Event: 890.212 loading class com/android/tools/r8/com/google/common/collect/Collections2
Event: 890.212 loading class com/android/tools/r8/com/google/common/collect/Collections2 done
Event: 890.215 Executing VM operation: G1CollectForAllocation
Event: 890.619 Executing VM operation: G1CollectForAllocation done
Event: 890.732 loading class com/android/tools/r8/naming/ClassNameMapper
Event: 890.732 loading class com/android/tools/r8/naming/ClassNameMapper done
Event: 890.734 loading class com/android/tools/r8/naming/ProguardMap
Event: 890.734 loading class com/android/tools/r8/naming/ProguardMap done
Event: 890.739 loading class com/android/tools/r8/graph/DexProgramClass
Event: 890.739 loading class com/android/tools/r8/graph/DexProgramClass done
Event: 890.950 Executing VM operation: G1CollectForAllocation
Event: 891.117 Executing VM operation: G1CollectForAllocation done
Event: 891.737 Executing VM operation: CGC_Operation
Event: 891.820 Executing VM operation: CGC_Operation done
Event: 892.130 Executing VM operation: CGC_Operation
Event: 892.131 Executing VM operation: CGC_Operation done


Dynamic libraries:
0x00007ff7f9890000 - 0x00007ff7f989a000 	D:\waseem\4. ELECTIVES MOBILE APP\Android Studio\jre\bin\java.exe
0x00007ffc0de90000 - 0x00007ffc0e06b000 	C:\WINDOWS\SYSTEM32\ntdll.dll
0x00007ffc0dd30000 - 0x00007ffc0ddde000 	C:\WINDOWS\System32\KERNEL32.DLL
0x00007ffc0a680000 - 0x00007ffc0a8ca000 	C:\WINDOWS\System32\KERNELBASE.dll
0x00007ffc0aac0000 - 0x00007ffc0abb6000 	C:\WINDOWS\System32\ucrtbase.dll
0x00007ffc02b80000 - 0x00007ffc02b99000 	D:\waseem\4. ELECTIVES MOBILE APP\Android Studio\jre\bin\jli.dll
0x00007ffc0be00000 - 0x00007ffc0bf4a000 	C:\WINDOWS\System32\USER32.dll
0x00007ffc0abc0000 - 0x00007ffc0abde000 	C:\WINDOWS\System32\win32u.dll
0x00007ffc0c240000 - 0x00007ffc0c267000 	C:\WINDOWS\System32\GDI32.dll
0x00007ffc0a8d0000 - 0x00007ffc0aa58000 	C:\WINDOWS\System32\gdi32full.dll
0x00007ffc0abe0000 - 0x00007ffc0ac7a000 	C:\WINDOWS\System32\msvcp_win.dll
0x00007ffbfe4c0000 - 0x00007ffbfe727000 	C:\WINDOWS\WinSxS\amd64_microsoft.windows.common-controls_6595b64144ccf1df_6.0.15063.1155_none_40c7922129a7722b\COMCTL32.dll
0x00007ffc0c0c0000 - 0x00007ffc0c15d000 	C:\WINDOWS\System32\msvcrt.dll
0x00007ffc0c270000 - 0x00007ffc0c569000 	C:\WINDOWS\System32\combase.dll
0x00007ffc0da20000 - 0x00007ffc0db45000 	C:\WINDOWS\System32\RPCRT4.dll
0x00007ffc0ac80000 - 0x00007ffc0acea000 	C:\WINDOWS\System32\bcryptPrimitives.dll
0x00007ffc02b60000 - 0x00007ffc02b77000 	D:\waseem\4. ELECTIVES MOBILE APP\Android Studio\jre\bin\VCRUNTIME140.dll
0x00007ffc0c210000 - 0x00007ffc0c23d000 	C:\WINDOWS\System32\IMM32.DLL
0x00007ffbee380000 - 0x00007ffbee41d000 	D:\waseem\4. ELECTIVES MOBILE APP\Android Studio\jre\bin\msvcp140.dll
0x00007ffbdbe50000 - 0x00007ffbdc90c000 	D:\waseem\4. ELECTIVES MOBILE APP\Android Studio\jre\bin\server\jvm.dll
0x00007ffc0dde0000 - 0x00007ffc0de81000 	C:\WINDOWS\System32\ADVAPI32.dll
0x00007ffc0d9c0000 - 0x00007ffc0da19000 	C:\WINDOWS\System32\sechost.dll
0x00007ffc0db50000 - 0x00007ffc0db58000 	C:\WINDOWS\System32\PSAPI.DLL
0x00007ffbfcf80000 - 0x00007ffbfcf89000 	C:\WINDOWS\SYSTEM32\WSOCK32.dll
0x00007ffbfe4a0000 - 0x00007ffbfe4aa000 	C:\WINDOWS\SYSTEM32\VERSION.dll
0x00007ffc08800000 - 0x00007ffc08823000 	C:\WINDOWS\SYSTEM32\WINMM.dll
0x00007ffc087a0000 - 0x00007ffc087cb000 	C:\WINDOWS\SYSTEM32\WINMMBASE.dll
0x00007ffc0a3b0000 - 0x00007ffc0a3f9000 	C:\WINDOWS\System32\cfgmgr32.dll
0x00007ffc0bb40000 - 0x00007ffc0bbac000 	C:\WINDOWS\System32\WS2_32.dll
0x00007ffc0a370000 - 0x00007ffc0a381000 	C:\WINDOWS\System32\kernel.appcore.dll
0x00007ffc05210000 - 0x00007ffc05221000 	D:\waseem\4. ELECTIVES MOBILE APP\Android Studio\jre\bin\verify.dll
0x00007ffc026e0000 - 0x00007ffc02889000 	C:\WINDOWS\SYSTEM32\DBGHELP.DLL
0x00007ffbf8820000 - 0x00007ffbf8849000 	C:\WINDOWS\SYSTEM32\dbgcore.DLL
0x00007ffbfb460000 - 0x00007ffbfb489000 	D:\waseem\4. ELECTIVES MOBILE APP\Android Studio\jre\bin\java.dll
0x00007ffc05460000 - 0x00007ffc0546b000 	D:\waseem\4. ELECTIVES MOBILE APP\Android Studio\jre\bin\jimage.dll
0x00007ffbfea40000 - 0x00007ffbfea58000 	D:\waseem\4. ELECTIVES MOBILE APP\Android Studio\jre\bin\zip.dll
0x00007ffc0c570000 - 0x00007ffc0d9a8000 	C:\WINDOWS\System32\SHELL32.dll
0x00007ffc0c160000 - 0x00007ffc0c20a000 	C:\WINDOWS\System32\shcore.dll
0x00007ffc0acf0000 - 0x00007ffc0b3e1000 	C:\WINDOWS\System32\windows.storage.dll
0x00007ffc0bbb0000 - 0x00007ffc0bc01000 	C:\WINDOWS\System32\shlwapi.dll
0x00007ffc0a320000 - 0x00007ffc0a36c000 	C:\WINDOWS\System32\powrprof.dll
0x00007ffc0a390000 - 0x00007ffc0a3a5000 	C:\WINDOWS\System32\profapi.dll
0x00007ffbfe8f0000 - 0x00007ffbfe90a000 	D:\waseem\4. ELECTIVES MOBILE APP\Android Studio\jre\bin\net.dll
0x00007ffbfcea0000 - 0x00007ffbfcf76000 	C:\WINDOWS\SYSTEM32\WINHTTP.dll
0x00007ffc09bb0000 - 0x00007ffc09c0c000 	C:\WINDOWS\system32\mswsock.dll
0x00007ffbfa1c0000 - 0x00007ffbfa1d4000 	D:\waseem\4. ELECTIVES MOBILE APP\Android Studio\jre\bin\nio.dll
0x00007ffbfe890000 - 0x00007ffbfe8ae000 	C:\Users\wasee\.gradle\native\25\windows-amd64\native-platform.dll
0x00007ffc05070000 - 0x00007ffc0507a000 	D:\waseem\4. ELECTIVES MOBILE APP\Android Studio\jre\bin\management.dll
0x00007ffc02cc0000 - 0x00007ffc02ccc000 	D:\waseem\4. ELECTIVES MOBILE APP\Android Studio\jre\bin\management_ext.dll
0x00007ffc09d60000 - 0x00007ffc09d77000 	C:\WINDOWS\SYSTEM32\CRYPTSP.dll
0x00007ffc097c0000 - 0x00007ffc097f4000 	C:\WINDOWS\system32\rsaenh.dll
0x00007ffc0a1d0000 - 0x00007ffc0a1f5000 	C:\WINDOWS\SYSTEM32\bcrypt.dll
0x00007ffc0a200000 - 0x00007ffc0a229000 	C:\WINDOWS\SYSTEM32\USERENV.dll
0x00007ffc09d50000 - 0x00007ffc09d5b000 	C:\WINDOWS\SYSTEM32\CRYPTBASE.dll
0x00007ffc09950000 - 0x00007ffc09987000 	C:\WINDOWS\SYSTEM32\IPHLPAPI.DLL
0x00007ffc0b5f0000 - 0x00007ffc0b5f8000 	C:\WINDOWS\System32\NSI.dll
0x00007ffc01b20000 - 0x00007ffc01b36000 	C:\WINDOWS\SYSTEM32\dhcpcsvc6.DLL
0x00007ffc021b0000 - 0x00007ffc021ca000 	C:\WINDOWS\SYSTEM32\dhcpcsvc.DLL

dbghelp: loaded successfully - version: 4.0.5 - missing functions: none
symbol engine: initialized successfully - sym options: 0x614 - pdb path: .;D:\waseem\4. ELECTIVES MOBILE APP\Android Studio\jre\bin;C:\WINDOWS\SYSTEM32;C:\WINDOWS\WinSxS\amd64_microsoft.windows.common-controls_6595b64144ccf1df_6.0.15063.1155_none_40c7922129a7722b;D:\waseem\4. ELECTIVES MOBILE APP\Android Studio\jre\bin\server;C:\Users\wasee\.gradle\native\25\windows-amd64

VM Arguments:
jvm_args: --add-opens=java.base/java.util=ALL-UNNAMED --add-opens=java.base/java.lang=ALL-UNNAMED --add-opens=java.base/java.lang.invoke=ALL-UNNAMED --add-opens=java.prefs/java.util.prefs=ALL-UNNAMED -Xmx2048m -Dfile.encoding=UTF-8 -Duser.country=ZA -Duser.language=en -Duser.variant 
java_command: org.gradle.launcher.daemon.bootstrap.GradleDaemon 5.1.1
java_class_path (initial): C:\Users\wasee\.gradle\wrapper\dists\gradle-5.1.1-bin\90y9l8txxfw1s2o6ctiqeruwn\gradle-5.1.1\lib\gradle-launcher-5.1.1.jar
Launcher Type: SUN_STANDARD

[Global flags]
     intx CICompilerCount                          = 2                                         {product} {ergonomic}
     uint ConcGCThreads                            = 1                                         {product} {ergonomic}
     uint G1ConcRefinementThreads                  = 2                                         {product} {ergonomic}
   size_t G1HeapRegionSize                         = 1048576                                   {product} {ergonomic}
    uintx GCDrainStackTargetSize                   = 64                                        {product} {ergonomic}
   size_t InitialHeapSize                          = 67108864                                  {product} {ergonomic}
   size_t MarkStackSize                            = 4194304                                   {product} {ergonomic}
   size_t MaxHeapSize                              = 2147483648                                {product} {command line}
   size_t MaxNewSize                               = 1287651328                                {product} {ergonomic}
   size_t MinHeapDeltaBytes                        = 1048576                                   {product} {ergonomic}
    uintx NonNMethodCodeHeapSize                   = 5825164                                {pd product} {ergonomic}
    uintx NonProfiledCodeHeapSize                  = 122916538                              {pd product} {ergonomic}
    uintx ProfiledCodeHeapSize                     = 122916538                              {pd product} {ergonomic}
    uintx ReservedCodeCacheSize                    = 251658240                              {pd product} {ergonomic}
     bool SegmentedCodeCache                       = true                                      {product} {ergonomic}
     bool UseCompressedClassPointers               = true                                 {lp64_product} {ergonomic}
     bool UseCompressedOops                        = true                                 {lp64_product} {ergonomic}
     bool UseG1GC                                  = true                                      {product} {ergonomic}
     bool UseLargePagesIndividualAllocation        = false                                  {pd product} {ergonomic}

Logging:
Log output configuration:
 #0: stdout all=warning uptime,level,tags
 #1: stderr all=off uptime,level,tags

Environment Variables:
PATH=C:\Program Files\Common Files\Oracle\Java\javapath;C:\Program Files (x86)\Common Files\Oracle\Java\javapath;C:\Program Files\OpenJDK\jdk-11.0.8.10-hotspot\bin;C:\Program Files (x86)\Intel\TXE Components\TCS\;C:\Program Files\Intel\TXE Components\TCS\;C:\WINDOWS\system32;C:\WINDOWS;C:\WINDOWS\System32\Wbem;C:\WINDOWS\System32\WindowsPowerShell\v1.0\;C:\Program Files\Intel\TXE Components\DAL\;C:\Program Files (x86)\Intel\TXE Components\DAL\;C:\Program Files\Intel\TXE Components\IPT\;C:\Program Files (x86)\Intel\TXE Components\IPT\;C:\Users\wasee\AppData\Local\Microsoft\WindowsApps;
USERNAME=wasee
OS=Windows_NT
PROCESSOR_IDENTIFIER=Intel64 Family 6 Model 76 Stepping 4, GenuineIntel



---------------  S Y S T E M  ---------------

OS: Windows 10 , 64 bit Build 15063 (10.0.15063.1058)
OS uptime: 0 days 3:27 hours

CPU:total 2 (initial active 2) (2 cores per cpu, 1 threads per core) family 6 model 76 stepping 4, cmov, cx8, fxsr, mmx, sse, sse2, sse3, ssse3, sse4.1, sse4.2, popcnt, aes, clmul, erms, 3dnowpref, tsc, tscinvbit

Memory: 4k page, system-wide physical 4002M (348M free)
TotalPageFile size 4496M (AvailPageFile size 1M)
current process WorkingSet (physical memory assigned to process): 558M, peak: 558M
current process commit charge ("private bytes"): 577M, peak: 577M

vm_info: OpenJDK 64-Bit Server VM (11.0.8+10-b944.6842174) for windows-amd64 JRE (11.0.8+10-b944.6842174), built on Sep 19 2020 01:11:42 by "builder" with MS VC++ 14.0 (VS2015)

END.
