#
# There is insufficient memory for the Java Runtime Environment to continue.
# Native memory allocation (mmap) failed to map 233832448 bytes for Failed to commit area from 0x0000000094500000 to 0x00000000a2400000 of length 233832448.
# Possible reasons:
#   The system is out of physical RAM or swap space
#   The process is running with CompressedOops enabled, and the Java Heap may be blocking the growth of the native heap
# Possible solutions:
#   Reduce memory load on the system
#   Increase physical memory or swap space
#   Check if swap backing store is full
#   Decrease Java heap size (-Xmx/-Xms)
#   Decrease number of Java threads
#   Decrease Java thread stack sizes (-Xss)
#   Set larger code cache with -XX:ReservedCodeCacheSize=
#   JVM is running with Unscaled Compressed Oops mode in which the Java heap is
#     placed in the first 4GB address space. The Java Heap base address is the
#     maximum limit for the native heap growth. Please use -XX:HeapBaseMinAddress
#     to set the Java Heap base and to place the Java Heap above 4GB virtual address.
# This output file may be truncated or incomplete.
#
#  Out of Memory Error (./src/hotspot/os/windows/os_windows.cpp:3303), pid=5544, tid=1864
#
# JRE version: OpenJDK Runtime Environment (11.0.8+10) (build 11.0.8+10-b944.6842174)
# Java VM: OpenJDK 64-Bit Server VM (11.0.8+10-b944.6842174, mixed mode, tiered, compressed oops, g1 gc, windows-amd64)
# No core dump will be written. Minidumps are not enabled by default on client versions of Windows
#

---------------  S U M M A R Y ------------

Command Line: --add-opens=java.base/java.util=ALL-UNNAMED --add-opens=java.base/java.lang=ALL-UNNAMED --add-opens=java.base/java.lang.invoke=ALL-UNNAMED --add-opens=java.prefs/java.util.prefs=ALL-UNNAMED -Xmx2048m -Dfile.encoding=UTF-8 -Duser.country=ZA -Duser.language=en -Duser.variant org.gradle.launcher.daemon.bootstrap.GradleDaemon 5.1.1

Host: Intel(R) Celeron(R) CPU  N3060  @ 1.60GHz, 2 cores, 3G,  Windows 10 , 64 bit Build 15063 (10.0.15063.1058)
Time: Sun Aug 22 15:29:57 2021 South Africa Standard Time elapsed time: 11029 seconds (0d 3h 3m 49s)

---------------  T H R E A D  ---------------

Current thread (0x00000186c098d800):  VMThread "VM Thread" [stack: 0x0000007843b00000,0x0000007843c00000] [id=1864]

Stack: [0x0000007843b00000,0x0000007843c00000]
[error occurred during error reporting (printing stack bounds), id 0xc0000005, EXCEPTION_ACCESS_VIOLATION (0xc0000005) at pc=0x00000186aadd0dbd]

Native frames: (J=compiled Java code, j=interpreted, Vv=VM code, C=native code)
V  [jvm.dll+0x5de50a]
V  [jvm.dll+0x7122f5]
V  [jvm.dll+0x71384d]
V  [jvm.dll+0x713e65]
V  [jvm.dll+0x713e1b]
V  [jvm.dll+0x5dd958]
V  [jvm.dll+0x5de0f8]
C  [ntdll.dll+0xa9ffd]
C  [ntdll.dll+0x351c8]
C  [ntdll.dll+0xa907e]
C  0x00000186aadd0dbd

VM_Operation (0x000000784ebfdbe0): G1CollectForAllocation, mode: safepoint, requested by thread 0x00000186c2dc8800


---------------  P R O C E S S  ---------------

Threads class SMR info:
_java_thread_list=0x00000186c17094b0, length=46, elements={
0x00000186a745a000, 0x00000186c09ce000, 0x00000186c09d1000, 0x00000186c0a22800,
0x00000186c0a24000, 0x00000186c0a25000, 0x00000186c0a32000, 0x00000186c0a34000,
0x00000186c147d800, 0x00000186c14b7800, 0x00000186c2725800, 0x00000186c2750000,
0x00000186c1eb4000, 0x00000186c1631800, 0x00000186c162f800, 0x00000186c162f000,
0x00000186c2dbe800, 0x00000186c2dc1000, 0x00000186c2dbd800, 0x00000186c1634800,
0x00000186c7e23800, 0x00000186c7e23000, 0x00000186c7e22000, 0x00000186c7e27000,
0x00000186c7e2a800, 0x00000186c7e25800, 0x00000186c7e28800, 0x00000186c7e24800,
0x00000186c7e2c000, 0x00000186c7e29800, 0x00000186c7e2b000, 0x00000186c7e26000,
0x00000186c7e2c800, 0x00000186c7e2d800, 0x00000186c7e2e800, 0x00000186c7e31000,
0x00000186c7e30000, 0x00000186c7e2f000, 0x00000186c2dbb000, 0x00000186c2dc0000,
0x00000186c2dbd000, 0x00000186c2dc1800, 0x00000186c2dc4000, 0x00000186c2dbf800,
0x00000186c2dc8800, 0x00000186c2dc6800
}

Java Threads: ( => current thread )
  0x00000186a745a000 JavaThread "main" [_thread_blocked, id=6840, stack(0x0000007843400000,0x0000007843500000)]
  0x00000186c09ce000 JavaThread "Reference Handler" daemon [_thread_blocked, id=156, stack(0x0000007843c00000,0x0000007843d00000)]
  0x00000186c09d1000 JavaThread "Finalizer" daemon [_thread_blocked, id=11540, stack(0x0000007843d00000,0x0000007843e00000)]
  0x00000186c0a22800 JavaThread "Signal Dispatcher" daemon [_thread_blocked, id=9936, stack(0x0000007843f00000,0x0000007844000000)]
  0x00000186c0a24000 JavaThread "Attach Listener" daemon [_thread_blocked, id=9876, stack(0x0000007844000000,0x0000007844100000)]
  0x00000186c0a25000 JavaThread "C2 CompilerThread0" daemon [_thread_blocked, id=1524, stack(0x0000007844100000,0x0000007844200000)]
  0x00000186c0a32000 JavaThread "C1 CompilerThread0" daemon [_thread_blocked, id=1908, stack(0x0000007844200000,0x0000007844300000)]
  0x00000186c0a34000 JavaThread "Sweeper thread" daemon [_thread_blocked, id=2700, stack(0x0000007844300000,0x0000007844400000)]
  0x00000186c147d800 JavaThread "Common-Cleaner" daemon [_thread_blocked, id=10308, stack(0x0000007844400000,0x0000007844500000)]
  0x00000186c14b7800 JavaThread "Service Thread" daemon [_thread_blocked, id=11592, stack(0x0000007844500000,0x0000007844600000)]
  0x00000186c2725800 JavaThread "Incoming local TCP Connector on port 56355" [_thread_in_native, id=7772, stack(0x0000007844800000,0x0000007844900000)]
  0x00000186c2750000 JavaThread "Daemon periodic checks" [_thread_blocked, id=6552, stack(0x0000007844900000,0x0000007844a00000)]
  0x00000186c1eb4000 JavaThread "Cache worker for file hash cache (C:\Users\wasee\.gradle\caches\5.1.1\fileHashes)" [_thread_blocked, id=7024, stack(0x0000007845100000,0x0000007845200000)]
  0x00000186c1631800 JavaThread "File lock request listener" [_thread_in_native, id=10432, stack(0x0000007845200000,0x0000007845300000)]
  0x00000186c162f800 JavaThread "Cache worker for journal cache (C:\Users\wasee\.gradle\caches\journal-1)" [_thread_blocked, id=10468, stack(0x0000007845300000,0x0000007845400000)]
  0x00000186c162f000 JavaThread "Cache worker for execution history cache (C:\Users\wasee\.gradle\caches\5.1.1\executionHistory)" [_thread_blocked, id=10236, stack(0x0000007845700000,0x0000007845800000)]
  0x00000186c2dbe800 JavaThread "Memory manager" [_thread_blocked, id=8680, stack(0x0000007845c00000,0x0000007845d00000)]
  0x00000186c2dc1000 JavaThread "Cache worker for file content cache (C:\Users\wasee\.gradle\caches\5.1.1\fileContent)" [_thread_blocked, id=2828, stack(0x0000007845d00000,0x0000007845e00000)]
  0x00000186c2dbd800 JavaThread "Java2D Disposer" daemon [_thread_blocked, id=9316, stack(0x0000007846500000,0x0000007846600000)]
  0x00000186c1634800 JavaThread "ForkJoinPool.commonPool-worker-3" daemon [_thread_blocked, id=5136, stack(0x0000007847c00000,0x0000007847d00000)]
  0x00000186c7e23800 JavaThread "Cache worker for Java compile cache (C:\Users\wasee\.gradle\caches\5.1.1\javaCompile)" [_thread_blocked, id=10172, stack(0x0000007849600000,0x0000007849700000)]
  0x00000186c7e23000 JavaThread "Daemon Thread 6" [_thread_blocked, id=11380, stack(0x000000784d000000,0x000000784d100000)]
  0x00000186c7e22000 JavaThread "Handler for socket connection from /127.0.0.1:56355 to /127.0.0.1:62635" [_thread_in_native, id=11516, stack(0x000000784d100000,0x000000784d200000)]
  0x00000186c7e27000 JavaThread "Cancel handler" [_thread_blocked, id=10408, stack(0x000000784d200000,0x000000784d300000)]
  0x00000186c7e2a800 JavaThread "Daemon worker Thread 6" [_thread_blocked, id=6344, stack(0x000000784d300000,0x000000784d400000)]
  0x00000186c7e25800 JavaThread "Asynchronous log dispatcher for DefaultDaemonConnection: socket connection from /127.0.0.1:56355 to /127.0.0.1:62635" [_thread_blocked, id=5628, stack(0x000000784d400000,0x000000784d500000)]
  0x00000186c7e28800 JavaThread "Stdin handler" [_thread_blocked, id=6524, stack(0x000000784d500000,0x000000784d600000)]
  0x00000186c7e24800 JavaThread "Thread-91" [_thread_blocked, id=8604, stack(0x000000784d600000,0x000000784d700000)]
  0x00000186c7e2c000 JavaThread "Cache worker for file hash cache (C:\Users\wasee\AndroidStudioProjects\TimeManagementTool\.gradle\5.1.1\fileHashes)" [_thread_blocked, id=11684, stack(0x000000784d700000,0x000000784d800000)]
  0x00000186c7e29800 JavaThread "Cache worker for cache directory md-supplier (C:\Users\wasee\.gradle\caches\5.1.1\md-supplier)" [_thread_blocked, id=8056, stack(0x000000784d800000,0x000000784d900000)]
  0x00000186c7e2b000 JavaThread "Cache worker for cache directory md-rule (C:\Users\wasee\.gradle\caches\5.1.1\md-rule)" [_thread_blocked, id=6544, stack(0x000000784d900000,0x000000784da00000)]
  0x00000186c7e26000 JavaThread "Build operations" [_thread_blocked, id=7048, stack(0x000000784da00000,0x000000784db00000)]
  0x00000186c7e2c800 JavaThread "Build operations Thread 2" [_thread_blocked, id=12184, stack(0x000000784db00000,0x000000784dc00000)]
  0x00000186c7e2d800 JavaThread "Cache worker for Build Output Cleanup Cache (C:\Users\wasee\AndroidStudioProjects\TimeManagementTool\.gradle\buildOutputCleanup)" [_thread_blocked, id=1320, stack(0x000000784dc00000,0x000000784dd00000)]
  0x00000186c7e2e800 JavaThread "Cache worker for file content cache (C:\Users\wasee\AndroidStudioProjects\TimeManagementTool\.gradle\5.1.1\fileContent)" [_thread_blocked, id=5400, stack(0x000000784dd00000,0x000000784de00000)]
  0x00000186c7e31000 JavaThread "Execution worker for ':'" [_thread_blocked, id=4856, stack(0x000000784de00000,0x000000784df00000)]
  0x00000186c7e30000 JavaThread "Cache worker for execution history cache (C:\Users\wasee\AndroidStudioProjects\TimeManagementTool\.gradle\5.1.1\executionHistory)" [_thread_blocked, id=8036, stack(0x000000784df00000,0x000000784e000000)]
  0x00000186c7e2f000 JavaThread "pool-15-thread-1" [_thread_blocked, id=4908, stack(0x000000784e200000,0x000000784e300000)]
  0x00000186c2dbb000 JavaThread "ForkJoinPool.commonPool-worker-1" daemon [_thread_blocked, id=10540, stack(0x000000784e300000,0x000000784e400000)]
  0x00000186c2dc0000 JavaThread "stderr" daemon [_thread_in_native, id=1772, stack(0x000000784e400000,0x000000784e500000)]
  0x00000186c2dbd000 JavaThread "stdout" daemon [_thread_in_native, id=12264, stack(0x000000784e500000,0x000000784e600000)]
  0x00000186c2dc1800 JavaThread "stderr" daemon [_thread_in_native, id=9820, stack(0x000000784e600000,0x000000784e700000)]
  0x00000186c2dc4000 JavaThread "stdout" daemon [_thread_in_native, id=8616, stack(0x000000784e700000,0x000000784e800000)]
  0x00000186c2dbf800 JavaThread "Cache worker for Java compile cache (C:\Users\wasee\AndroidStudioProjects\TimeManagementTool\.gradle\5.1.1\javaCompile)" [_thread_blocked, id=10552, stack(0x000000784e800000,0x000000784e900000)]
  0x00000186c2dc8800 JavaThread "ForkJoinPool-32-worker-3" daemon [_thread_blocked, id=1528, stack(0x000000784eb00000,0x000000784ec00000)]
  0x00000186c2dc6800 JavaThread "ForkJoinPool-32-worker-1" daemon [_thread_blocked, id=2368, stack(0x000000784ec00000,0x000000784ed00000)]

Other Threads:
=>0x00000186c098d800 VMThread "VM Thread" [stack: 0x0000007843b00000,0x0000007843c00000] [id=1864]
  0x00000186c14bc000 WatcherThread [stack: 0x0000007844600000,0x0000007844700000] [id=4888]
  0x00000186a7472000 GCTaskThread "GC Thread#0" [stack: 0x0000007843600000,0x0000007843700000] [id=9504]
  0x00000186c17cb000 GCTaskThread "GC Thread#1" [stack: 0x0000007844700000,0x0000007844800000] [id=6896]
  0x00000186a74a1000 ConcurrentGCThread "G1 Main Marker" [stack: 0x0000007843700000,0x0000007843800000] [id=9512]
  0x00000186a74a2000 ConcurrentGCThread "G1 Conc#0" [stack: 0x0000007843800000,0x0000007843900000] [id=10084]
  0x00000186a74f3000 ConcurrentGCThread "G1 Refine#0" [stack: 0x0000007843900000,0x0000007843a00000] [id=10016]
  0x00000186c7de9800 ConcurrentGCThread "G1 Refine#1" [stack: 0x000000784b700000,0x000000784b800000] [id=2400]
  0x00000186a74f5000 ConcurrentGCThread "G1 Young RemSet Sampling" [stack: 0x0000007843a00000,0x0000007843b00000] [id=8272]

Threads with active compile tasks:
C2 CompilerThread011029617 22094       4       com.android.tools.r8.graph.ObjectToOffsetMapping$ProgramClassDepthsMemoized::getDepth (146 bytes)

VM state:at safepoint (normal execution)

VM Mutex/Monitor currently owned by a thread:  ([mutex/lock_event])
[0x00000186a7455d20] Threads_lock - owner thread: 0x00000186c098d800
[0x00000186a7457790] Heap_lock - owner thread: 0x00000186c2dc8800

Heap address: 0x0000000080000000, size: 2048 MB, Compressed Oops mode: 32-bit
Narrow klass base: 0x0000000000000000, Narrow klass shift: 3
Compressed class space size: 1073741824 Address: 0x0000000100000000

Heap:
 garbage-first heap   total 561152K, used 158464K [0x0000000080000000, 0x0000000100000000)
  region size 1024K, 3 young (3072K), 3 survivors (3072K)
 Metaspace       used 112121K, capacity 114402K, committed 115456K, reserved 1150976K
  class space    used 13338K, capacity 14093K, committed 14336K, reserved 1048576K
Heap Regions: E=young(eden), S=young(survivor), O=old, HS=humongous(starts), HC=humongous(continues), CS=collection set, F=free, A=archive, TAMS=top-at-mark-start (previous, next)
|   0|0x0000000080000000, 0x0000000080100000, 0x0000000080100000|100%|HS|  |TAMS 0x0000000080100000, 0x0000000080000000| Complete 
|   1|0x0000000080100000, 0x0000000080200000, 0x0000000080200000|100%| O|  |TAMS 0x0000000080200000, 0x0000000080100000| Untracked 
|   2|0x0000000080200000, 0x0000000080300000, 0x0000000080300000|100%| O|  |TAMS 0x0000000080300000, 0x0000000080200000| Untracked 
|   3|0x0000000080300000, 0x0000000080400000, 0x0000000080400000|100%|HS|  |TAMS 0x0000000080400000, 0x0000000080300000| Complete 
|   4|0x0000000080400000, 0x0000000080500000, 0x0000000080500000|100%|HC|  |TAMS 0x0000000080500000, 0x0000000080400000| Complete 
|   5|0x0000000080500000, 0x0000000080600000, 0x0000000080600000|100%| O|  |TAMS 0x0000000080600000, 0x0000000080500000| Complete 
|   6|0x0000000080600000, 0x0000000080700000, 0x0000000080700000|100%| O|  |TAMS 0x0000000080700000, 0x0000000080600000| Untracked 
|   7|0x0000000080700000, 0x0000000080800000, 0x0000000080800000|100%| O|  |TAMS 0x0000000080800000, 0x0000000080700000| Untracked 
|   8|0x0000000080800000, 0x0000000080900000, 0x0000000080900000|100%| O|  |TAMS 0x0000000080900000, 0x0000000080800000| Untracked 
|   9|0x0000000080900000, 0x0000000080a00000, 0x0000000080a00000|100%| O|  |TAMS 0x0000000080a00000, 0x0000000080900000| Complete 
|  10|0x0000000080a00000, 0x0000000080b00000, 0x0000000080b00000|100%| O|  |TAMS 0x0000000080b00000, 0x0000000080a00000| Untracked 
|  11|0x0000000080b00000, 0x0000000080c00000, 0x0000000080c00000|100%| O|  |TAMS 0x0000000080c00000, 0x0000000080b00000| Untracked 
|  12|0x0000000080c00000, 0x0000000080d00000, 0x0000000080d00000|100%| O|  |TAMS 0x0000000080d00000, 0x0000000080c00000| Complete 
|  13|0x0000000080d00000, 0x0000000080e00000, 0x0000000080e00000|100%|HS|  |TAMS 0x0000000080e00000, 0x0000000080d00000| Complete 
|  14|0x0000000080e00000, 0x0000000080f00000, 0x0000000080f00000|100%|HC|  |TAMS 0x0000000080f00000, 0x0000000080e00000| Complete 
|  15|0x0000000080f00000, 0x0000000081000000, 0x0000000081000000|100%|HS|  |TAMS 0x0000000081000000, 0x0000000080f00000| Complete 
|  16|0x0000000081000000, 0x0000000081100000, 0x0000000081100000|100%|HC|  |TAMS 0x0000000081100000, 0x0000000081000000| Complete 
|  17|0x0000000081100000, 0x0000000081200000, 0x0000000081200000|100%|HC|  |TAMS 0x0000000081200000, 0x0000000081100000| Complete 
|  18|0x0000000081200000, 0x0000000081300000, 0x0000000081300000|100%|HS|  |TAMS 0x0000000081300000, 0x0000000081200000| Complete 
|  19|0x0000000081300000, 0x0000000081400000, 0x0000000081400000|100%|HC|  |TAMS 0x0000000081400000, 0x0000000081300000| Complete 
|  20|0x0000000081400000, 0x0000000081500000, 0x0000000081500000|100%|HC|  |TAMS 0x0000000081500000, 0x0000000081400000| Complete 
|  21|0x0000000081500000, 0x0000000081600000, 0x0000000081600000|100%|HC|  |TAMS 0x0000000081600000, 0x0000000081500000| Complete 
|  22|0x0000000081600000, 0x0000000081700000, 0x0000000081700000|100%| O|  |TAMS 0x0000000081700000, 0x0000000081600000| Complete 
|  23|0x0000000081700000, 0x0000000081800000, 0x0000000081800000|100%| O|  |TAMS 0x0000000081800000, 0x0000000081700000| Complete 
|  24|0x0000000081800000, 0x0000000081900000, 0x0000000081900000|100%| O|  |TAMS 0x0000000081900000, 0x0000000081800000| Complete 
|  25|0x0000000081900000, 0x0000000081a00000, 0x0000000081a00000|100%| O|  |TAMS 0x0000000081a00000, 0x0000000081900000| Complete 
|  26|0x0000000081a00000, 0x0000000081b00000, 0x0000000081b00000|100%| O|  |TAMS 0x0000000081b00000, 0x0000000081a00000| Complete 
|  27|0x0000000081b00000, 0x0000000081c00000, 0x0000000081c00000|100%| O|  |TAMS 0x0000000081c00000, 0x0000000081b00000| Untracked 
|  28|0x0000000081c00000, 0x0000000081d00000, 0x0000000081d00000|100%| O|  |TAMS 0x0000000081d00000, 0x0000000081c00000| Untracked 
|  29|0x0000000081d00000, 0x0000000081e00000, 0x0000000081e00000|100%| O|  |TAMS 0x0000000081e00000, 0x0000000081d00000| Complete 
|  30|0x0000000081e00000, 0x0000000081f00000, 0x0000000081f00000|100%|HS|  |TAMS 0x0000000081f00000, 0x0000000081e00000| Complete 
|  31|0x0000000081f00000, 0x0000000082000000, 0x0000000082000000|100%|HC|  |TAMS 0x0000000082000000, 0x0000000081f00000| Complete 
|  32|0x0000000082000000, 0x0000000082100000, 0x0000000082100000|100%|HC|  |TAMS 0x0000000082100000, 0x0000000082000000| Complete 
|  33|0x0000000082100000, 0x0000000082200000, 0x0000000082200000|100%|HS|  |TAMS 0x0000000082200000, 0x0000000082100000| Complete 
|  34|0x0000000082200000, 0x0000000082300000, 0x0000000082300000|100%|HC|  |TAMS 0x0000000082300000, 0x0000000082200000| Complete 
|  35|0x0000000082300000, 0x0000000082400000, 0x0000000082400000|100%| O|  |TAMS 0x0000000082400000, 0x0000000082300000| Complete 
|  36|0x0000000082400000, 0x0000000082500000, 0x0000000082500000|100%| O|  |TAMS 0x0000000082500000, 0x0000000082400000| Complete 
|  37|0x0000000082500000, 0x0000000082600000, 0x0000000082600000|100%| O|  |TAMS 0x0000000082600000, 0x0000000082500000| Complete 
|  38|0x0000000082600000, 0x0000000082700000, 0x0000000082700000|100%| O|  |TAMS 0x0000000082700000, 0x0000000082600000| Untracked 
|  39|0x0000000082700000, 0x0000000082800000, 0x0000000082800000|100%| O|  |TAMS 0x0000000082800000, 0x0000000082700000| Complete 
|  40|0x0000000082800000, 0x0000000082900000, 0x0000000082900000|100%| O|  |TAMS 0x0000000082900000, 0x0000000082800000| Complete 
|  41|0x0000000082900000, 0x0000000082a00000, 0x0000000082a00000|100%| O|  |TAMS 0x0000000082a00000, 0x0000000082900000| Untracked 
|  42|0x0000000082a00000, 0x0000000082b00000, 0x0000000082b00000|100%| O|  |TAMS 0x0000000082b00000, 0x0000000082a00000| Untracked 
|  43|0x0000000082b00000, 0x0000000082c00000, 0x0000000082c00000|100%| O|  |TAMS 0x0000000082c00000, 0x0000000082b00000| Complete 
|  44|0x0000000082c00000, 0x0000000082d00000, 0x0000000082d00000|100%| O|  |TAMS 0x0000000082d00000, 0x0000000082c00000| Untracked 
|  45|0x0000000082d00000, 0x0000000082e00000, 0x0000000082e00000|100%| O|  |TAMS 0x0000000082e00000, 0x0000000082d00000| Complete 
|  46|0x0000000082e00000, 0x0000000082f00000, 0x0000000082f00000|100%| O|  |TAMS 0x0000000082f00000, 0x0000000082e00000| Complete 
|  47|0x0000000082f00000, 0x0000000083000000, 0x0000000083000000|100%| O|  |TAMS 0x0000000083000000, 0x0000000082f00000| Complete 
|  48|0x0000000083000000, 0x0000000083100000, 0x0000000083100000|100%| O|  |TAMS 0x0000000083100000, 0x0000000083000000| Complete 
|  49|0x0000000083100000, 0x0000000083200000, 0x0000000083200000|100%| O|  |TAMS 0x0000000083200000, 0x0000000083100000| Untracked 
|  50|0x0000000083200000, 0x0000000083300000, 0x0000000083300000|100%| O|  |TAMS 0x0000000083300000, 0x0000000083200000| Complete 
|  51|0x0000000083300000, 0x0000000083400000, 0x0000000083400000|100%| O|  |TAMS 0x0000000083400000, 0x0000000083300000| Complete 
|  52|0x0000000083400000, 0x0000000083500000, 0x0000000083500000|100%| O|  |TAMS 0x0000000083500000, 0x0000000083400000| Complete 
|  53|0x0000000083500000, 0x0000000083600000, 0x0000000083600000|100%| O|  |TAMS 0x0000000083600000, 0x0000000083500000| Complete 
|  54|0x0000000083600000, 0x0000000083700000, 0x0000000083700000|100%| O|  |TAMS 0x0000000083700000, 0x0000000083600000| Complete 
|  55|0x0000000083700000, 0x0000000083800000, 0x0000000083800000|100%| O|  |TAMS 0x0000000083800000, 0x0000000083700000| Complete 
|  56|0x0000000083800000, 0x0000000083900000, 0x0000000083900000|100%| O|  |TAMS 0x0000000083900000, 0x0000000083800000| Untracked 
|  57|0x0000000083900000, 0x0000000083a00000, 0x0000000083a00000|100%| O|  |TAMS 0x0000000083a00000, 0x0000000083900000| Complete 
|  58|0x0000000083a00000, 0x0000000083b00000, 0x0000000083b00000|100%| O|  |TAMS 0x0000000083b00000, 0x0000000083a00000| Complete 
|  59|0x0000000083b00000, 0x0000000083c00000, 0x0000000083c00000|100%| O|  |TAMS 0x0000000083c00000, 0x0000000083b00000| Complete 
|  60|0x0000000083c00000, 0x0000000083d00000, 0x0000000083d00000|100%| O|  |TAMS 0x0000000083d00000, 0x0000000083c00000| Untracked 
|  61|0x0000000083d00000, 0x0000000083e00000, 0x0000000083e00000|100%| O|  |TAMS 0x0000000083e00000, 0x0000000083d00000| Untracked 
|  62|0x0000000083e00000, 0x0000000083f00000, 0x0000000083f00000|100%| O|  |TAMS 0x0000000083f00000, 0x0000000083e00000| Complete 
|  63|0x0000000083f00000, 0x0000000084000000, 0x0000000084000000|100%| O|  |TAMS 0x0000000084000000, 0x0000000083f00000| Untracked 
|  64|0x0000000084000000, 0x0000000084100000, 0x0000000084100000|100%| O|  |TAMS 0x0000000084100000, 0x0000000084000000| Untracked 
|  65|0x0000000084100000, 0x0000000084200000, 0x0000000084200000|100%| O|  |TAMS 0x0000000084200000, 0x0000000084100000| Complete 
|  66|0x0000000084200000, 0x0000000084300000, 0x0000000084300000|100%| O|  |TAMS 0x0000000084300000, 0x0000000084200000| Untracked 
|  67|0x0000000084300000, 0x0000000084400000, 0x0000000084400000|100%| O|  |TAMS 0x0000000084400000, 0x0000000084300000| Complete 
|  68|0x0000000084400000, 0x0000000084500000, 0x0000000084500000|100%| O|  |TAMS 0x0000000084500000, 0x0000000084400000| Complete 
|  69|0x0000000084500000, 0x0000000084600000, 0x0000000084600000|100%| O|  |TAMS 0x0000000084600000, 0x0000000084500000| Complete 
|  70|0x0000000084600000, 0x0000000084700000, 0x0000000084700000|100%| O|  |TAMS 0x0000000084700000, 0x0000000084600000| Complete 
|  71|0x0000000084700000, 0x0000000084800000, 0x0000000084800000|100%| O|  |TAMS 0x0000000084800000, 0x0000000084700000| Complete 
|  72|0x0000000084800000, 0x0000000084900000, 0x0000000084900000|100%| O|  |TAMS 0x0000000084900000, 0x0000000084800000| Complete 
|  73|0x0000000084900000, 0x0000000084a00000, 0x0000000084a00000|100%| O|  |TAMS 0x0000000084a00000, 0x0000000084900000| Untracked 
|  74|0x0000000084a00000, 0x0000000084b00000, 0x0000000084b00000|100%| O|  |TAMS 0x0000000084b00000, 0x0000000084a00000| Complete 
|  75|0x0000000084b00000, 0x0000000084c00000, 0x0000000084c00000|100%| O|  |TAMS 0x0000000084c00000, 0x0000000084b00000| Untracked 
|  76|0x0000000084c00000, 0x0000000084d00000, 0x0000000084d00000|100%| O|  |TAMS 0x0000000084d00000, 0x0000000084c00000| Untracked 
|  77|0x0000000084d00000, 0x0000000084e00000, 0x0000000084e00000|100%| O|  |TAMS 0x0000000084e00000, 0x0000000084d00000| Untracked 
|  78|0x0000000084e00000, 0x0000000084f00000, 0x0000000084f00000|100%| O|  |TAMS 0x0000000084f00000, 0x0000000084e00000| Untracked 
|  79|0x0000000084f00000, 0x0000000085000000, 0x0000000085000000|100%| O|  |TAMS 0x0000000085000000, 0x0000000084f00000| Untracked 
|  80|0x0000000085000000, 0x0000000085100000, 0x0000000085100000|100%| O|  |TAMS 0x0000000085100000, 0x0000000085000000| Untracked 
|  81|0x0000000085100000, 0x0000000085200000, 0x0000000085200000|100%| O|  |TAMS 0x0000000085200000, 0x0000000085100000| Untracked 
|  82|0x0000000085200000, 0x0000000085300000, 0x0000000085300000|100%| O|  |TAMS 0x0000000085300000, 0x0000000085200000| Complete 
|  83|0x0000000085300000, 0x0000000085400000, 0x0000000085400000|100%| O|  |TAMS 0x0000000085400000, 0x0000000085300000| Untracked 
|  84|0x0000000085400000, 0x0000000085500000, 0x0000000085500000|100%| O|  |TAMS 0x0000000085500000, 0x0000000085400000| Complete 
|  85|0x0000000085500000, 0x0000000085600000, 0x0000000085600000|100%| O|  |TAMS 0x0000000085600000, 0x0000000085500000| Complete 
|  86|0x0000000085600000, 0x0000000085700000, 0x0000000085700000|100%| O|  |TAMS 0x0000000085700000, 0x0000000085600000| Untracked 
|  87|0x0000000085700000, 0x0000000085800000, 0x0000000085800000|100%| O|  |TAMS 0x0000000085800000, 0x0000000085700000| Complete 
|  88|0x0000000085800000, 0x0000000085900000, 0x0000000085900000|100%| O|  |TAMS 0x0000000085900000, 0x0000000085800000| Untracked 
|  89|0x0000000085900000, 0x0000000085a00000, 0x0000000085a00000|100%| O|  |TAMS 0x0000000085a00000, 0x0000000085900000| Complete 
|  90|0x0000000085a00000, 0x0000000085b00000, 0x0000000085b00000|100%| O|  |TAMS 0x0000000085b00000, 0x0000000085a00000| Complete 
|  91|0x0000000085b00000, 0x0000000085c00000, 0x0000000085c00000|100%| O|  |TAMS 0x0000000085c00000, 0x0000000085b00000| Complete 
|  92|0x0000000085c00000, 0x0000000085d00000, 0x0000000085d00000|100%| O|  |TAMS 0x0000000085d00000, 0x0000000085c00000| Complete 
|  93|0x0000000085d00000, 0x0000000085e00000, 0x0000000085e00000|100%| O|  |TAMS 0x0000000085e00000, 0x0000000085d00000| Untracked 
|  94|0x0000000085e00000, 0x0000000085f00000, 0x0000000085f00000|100%| O|  |TAMS 0x0000000085f00000, 0x0000000085e00000| Untracked 
|  95|0x0000000085f00000, 0x0000000086000000, 0x0000000086000000|100%| O|  |TAMS 0x0000000086000000, 0x0000000085f00000| Complete 
|  96|0x0000000086000000, 0x0000000086100000, 0x0000000086100000|100%|HS|  |TAMS 0x0000000086000000, 0x0000000086000000| Complete 
|  97|0x0000000086100000, 0x0000000086200000, 0x0000000086200000|100%|HS|  |TAMS 0x0000000086100000, 0x0000000086100000| Complete 
|  98|0x0000000086200000, 0x0000000086300000, 0x0000000086300000|100%|HS|  |TAMS 0x0000000086200000, 0x0000000086200000| Complete 
|  99|0x0000000086300000, 0x0000000086400000, 0x0000000086400000|100%|HS|  |TAMS 0x0000000086300000, 0x0000000086300000| Complete 
| 100|0x0000000086400000, 0x0000000086500000, 0x0000000086500000|100%|HS|  |TAMS 0x0000000086400000, 0x0000000086400000| Complete 
| 101|0x0000000086500000, 0x0000000086600000, 0x0000000086600000|100%|HS|  |TAMS 0x0000000086500000, 0x0000000086500000| Complete 
| 102|0x0000000086600000, 0x0000000086700000, 0x0000000086700000|100%| O|  |TAMS 0x0000000086600000, 0x0000000086600000| Untracked 
| 103|0x0000000086700000, 0x0000000086800000, 0x0000000086800000|100%| O|  |TAMS 0x0000000086800000, 0x0000000086700000| Complete 
| 104|0x0000000086800000, 0x0000000086900000, 0x0000000086900000|100%| O|  |TAMS 0x0000000086900000, 0x0000000086800000| Untracked 
| 105|0x0000000086900000, 0x0000000086a00000, 0x0000000086a00000|100%| O|  |TAMS 0x0000000086a00000, 0x0000000086900000| Untracked 
| 106|0x0000000086a00000, 0x0000000086b00000, 0x0000000086b00000|100%| O|  |TAMS 0x0000000086b00000, 0x0000000086a00000| Untracked 
| 107|0x0000000086b00000, 0x0000000086c00000, 0x0000000086c00000|100%| O|  |TAMS 0x0000000086c00000, 0x0000000086b00000| Untracked 
| 108|0x0000000086c00000, 0x0000000086d00000, 0x0000000086d00000|100%| O|  |TAMS 0x0000000086d00000, 0x0000000086c00000| Complete 
| 109|0x0000000086d00000, 0x0000000086e00000, 0x0000000086e00000|100%| O|  |TAMS 0x0000000086e00000, 0x0000000086d00000| Complete 
| 110|0x0000000086e00000, 0x0000000086f00000, 0x0000000086f00000|100%| O|  |TAMS 0x0000000086f00000, 0x0000000086e00000| Untracked 
| 111|0x0000000086f00000, 0x0000000087000000, 0x0000000087000000|100%| O|  |TAMS 0x0000000087000000, 0x0000000086f00000| Complete 
| 112|0x0000000087000000, 0x0000000087100000, 0x0000000087100000|100%| O|  |TAMS 0x0000000087100000, 0x0000000087000000| Untracked 
| 113|0x0000000087100000, 0x0000000087200000, 0x0000000087200000|100%| O|  |TAMS 0x0000000087200000, 0x0000000087100000| Untracked 
| 114|0x0000000087200000, 0x0000000087300000, 0x0000000087300000|100%| O|  |TAMS 0x0000000087300000, 0x0000000087200000| Untracked 
| 115|0x0000000087300000, 0x0000000087400000, 0x0000000087400000|100%| O|  |TAMS 0x0000000087400000, 0x0000000087300000| Untracked 
| 116|0x0000000087400000, 0x0000000087500000, 0x0000000087500000|100%| O|  |TAMS 0x0000000087500000, 0x0000000087400000| Untracked 
| 117|0x0000000087500000, 0x0000000087600000, 0x0000000087600000|100%| O|  |TAMS 0x0000000087600000, 0x0000000087500000| Untracked 
| 118|0x0000000087600000, 0x0000000087700000, 0x0000000087700000|100%| O|  |TAMS 0x0000000087700000, 0x0000000087600000| Complete 
| 119|0x0000000087700000, 0x0000000087800000, 0x0000000087800000|100%| O|  |TAMS 0x0000000087800000, 0x0000000087700000| Complete 
| 120|0x0000000087800000, 0x0000000087900000, 0x0000000087900000|100%| O|  |TAMS 0x0000000087900000, 0x0000000087800000| Untracked 
| 121|0x0000000087900000, 0x0000000087a00000, 0x0000000087a00000|100%| O|  |TAMS 0x0000000087a00000, 0x0000000087900000| Untracked 
| 122|0x0000000087a00000, 0x0000000087b00000, 0x0000000087b00000|100%| O|  |TAMS 0x0000000087b00000, 0x0000000087a00000| Untracked 
| 123|0x0000000087b00000, 0x0000000087c00000, 0x0000000087c00000|100%| O|  |TAMS 0x0000000087c00000, 0x0000000087b00000| Complete 
| 124|0x0000000087c00000, 0x0000000087d00000, 0x0000000087d00000|100%| O|  |TAMS 0x0000000087d00000, 0x0000000087c00000| Untracked 
| 125|0x0000000087d00000, 0x0000000087e00000, 0x0000000087e00000|100%| O|  |TAMS 0x0000000087e00000, 0x0000000087d00000| Untracked 
| 126|0x0000000087e00000, 0x0000000087f00000, 0x0000000087f00000|100%| O|  |TAMS 0x0000000087f00000, 0x0000000087e00000| Untracked 
| 127|0x0000000087f00000, 0x0000000088000000, 0x0000000088000000|100%| O|  |TAMS 0x0000000088000000, 0x0000000087f00000| Untracked 
| 128|0x0000000088000000, 0x0000000088100000, 0x0000000088100000|100%| O|  |TAMS 0x0000000088100000, 0x0000000088000000| Complete 
| 129|0x0000000088100000, 0x0000000088200000, 0x0000000088200000|100%| O|  |TAMS 0x0000000088200000, 0x0000000088100000| Complete 
| 130|0x0000000088200000, 0x0000000088300000, 0x0000000088300000|100%| O|  |TAMS 0x0000000088300000, 0x0000000088200000| Complete 
| 131|0x0000000088300000, 0x0000000088400000, 0x0000000088400000|100%| O|  |TAMS 0x0000000088400000, 0x0000000088300000| Complete 
| 132|0x0000000088400000, 0x0000000088500000, 0x0000000088500000|100%| O|  |TAMS 0x0000000088500000, 0x0000000088400000| Complete 
| 133|0x0000000088500000, 0x0000000088600000, 0x0000000088600000|100%| O|  |TAMS 0x0000000088600000, 0x0000000088500000| Untracked 
| 134|0x0000000088600000, 0x0000000088700000, 0x0000000088700000|100%| O|  |TAMS 0x0000000088700000, 0x0000000088600000| Complete 
| 135|0x0000000088700000, 0x0000000088800000, 0x0000000088800000|100%| O|  |TAMS 0x0000000088800000, 0x0000000088700000| Untracked 
| 136|0x0000000088800000, 0x0000000088900000, 0x0000000088900000|100%|HS|  |TAMS 0x0000000088900000, 0x0000000088800000| Complete 
| 137|0x0000000088900000, 0x0000000088a00000, 0x0000000088a00000|100%|HC|  |TAMS 0x0000000088a00000, 0x0000000088900000| Complete 
| 138|0x0000000088a00000, 0x0000000088b00000, 0x0000000088b00000|100%|HC|  |TAMS 0x0000000088b00000, 0x0000000088a00000| Complete 
| 139|0x0000000088b00000, 0x0000000088c00000, 0x0000000088c00000|100%|HC|  |TAMS 0x0000000088c00000, 0x0000000088b00000| Complete 
| 140|0x0000000088c00000, 0x0000000088d00000, 0x0000000088d00000|100%|HC|  |TAMS 0x0000000088d00000, 0x0000000088c00000| Complete 
| 141|0x0000000088d00000, 0x0000000088e00000, 0x0000000088e00000|100%| O|  |TAMS 0x0000000088e00000, 0x0000000088d00000| Untracked 
| 142|0x0000000088e00000, 0x0000000088f00000, 0x0000000088f00000|100%| O|  |TAMS 0x0000000088e00000, 0x0000000088e00000| Untracked 
| 143|0x0000000088f00000, 0x0000000089000000, 0x0000000089000000|100%| O|  |TAMS 0x0000000088f00000, 0x0000000088f00000| Untracked 
| 144|0x0000000089000000, 0x0000000089100000, 0x0000000089100000|100%| O|  |TAMS 0x0000000089000000, 0x0000000089000000| Untracked 
| 145|0x0000000089100000, 0x0000000089200000, 0x0000000089200000|100%| O|  |TAMS 0x0000000089100000, 0x0000000089100000| Untracked 
| 146|0x0000000089200000, 0x0000000089300000, 0x0000000089300000|100%| O|  |TAMS 0x0000000089200000, 0x0000000089200000| Untracked 
| 147|0x0000000089300000, 0x0000000089400000, 0x0000000089400000|100%| O|  |TAMS 0x0000000089300000, 0x0000000089300000| Untracked 
| 148|0x0000000089400000, 0x0000000089500000, 0x0000000089500000|100%| O|  |TAMS 0x0000000089400000, 0x0000000089400000| Untracked 
| 149|0x0000000089500000, 0x0000000089600000, 0x0000000089600000|100%| O|  |TAMS 0x0000000089500000, 0x0000000089500000| Untracked 
| 150|0x0000000089600000, 0x0000000089700000, 0x0000000089700000|100%| O|  |TAMS 0x0000000089600000, 0x0000000089600000| Untracked 
| 151|0x0000000089700000, 0x00000000897c0200, 0x0000000089800000| 75%| O|  |TAMS 0x0000000089700000, 0x0000000089700000| Untracked 
| 152|0x0000000089800000, 0x0000000089800000, 0x0000000089900000|  0%| F|  |TAMS 0x0000000089800000, 0x0000000089800000| Untracked 
| 153|0x0000000089900000, 0x0000000089900000, 0x0000000089a00000|  0%| F|  |TAMS 0x0000000089900000, 0x0000000089900000| Untracked 
| 154|0x0000000089a00000, 0x0000000089a00000, 0x0000000089b00000|  0%| F|  |TAMS 0x0000000089a00000, 0x0000000089a00000| Untracked 
| 155|0x0000000089b00000, 0x0000000089b00000, 0x0000000089c00000|  0%| F|  |TAMS 0x0000000089b00000, 0x0000000089b00000| Untracked 
| 156|0x0000000089c00000, 0x0000000089c00000, 0x0000000089d00000|  0%| F|  |TAMS 0x0000000089c00000, 0x0000000089c00000| Untracked 
| 157|0x0000000089d00000, 0x0000000089d00000, 0x0000000089e00000|  0%| F|  |TAMS 0x0000000089d00000, 0x0000000089d00000| Untracked 
| 158|0x0000000089e00000, 0x0000000089e00000, 0x0000000089f00000|  0%| F|  |TAMS 0x0000000089e00000, 0x0000000089e00000| Untracked 
| 159|0x0000000089f00000, 0x0000000089f00000, 0x000000008a000000|  0%| F|  |TAMS 0x0000000089f00000, 0x0000000089f00000| Untracked 
| 160|0x000000008a000000, 0x000000008a000000, 0x000000008a100000|  0%| F|  |TAMS 0x000000008a000000, 0x000000008a000000| Untracked 
| 161|0x000000008a100000, 0x000000008a100000, 0x000000008a200000|  0%| F|  |TAMS 0x000000008a100000, 0x000000008a100000| Untracked 
| 162|0x000000008a200000, 0x000000008a200000, 0x000000008a300000|  0%| F|  |TAMS 0x000000008a200000, 0x000000008a200000| Untracked 
| 163|0x000000008a300000, 0x000000008a300000, 0x000000008a400000|  0%| F|  |TAMS 0x000000008a300000, 0x000000008a300000| Untracked 
| 164|0x000000008a400000, 0x000000008a400000, 0x000000008a500000|  0%| F|  |TAMS 0x000000008a400000, 0x000000008a400000| Untracked 
| 165|0x000000008a500000, 0x000000008a500000, 0x000000008a600000|  0%| F|  |TAMS 0x000000008a500000, 0x000000008a500000| Untracked 
| 166|0x000000008a600000, 0x000000008a600000, 0x000000008a700000|  0%| F|  |TAMS 0x000000008a600000, 0x000000008a600000| Untracked 
| 167|0x000000008a700000, 0x000000008a700000, 0x000000008a800000|  0%| F|  |TAMS 0x000000008a700000, 0x000000008a700000| Untracked 
| 168|0x000000008a800000, 0x000000008a800000, 0x000000008a900000|  0%| F|  |TAMS 0x000000008a800000, 0x000000008a800000| Untracked 
| 169|0x000000008a900000, 0x000000008a900000, 0x000000008aa00000|  0%| F|  |TAMS 0x000000008a900000, 0x000000008a900000| Untracked 
| 170|0x000000008aa00000, 0x000000008aa00000, 0x000000008ab00000|  0%| F|  |TAMS 0x000000008aa00000, 0x000000008aa00000| Untracked 
| 171|0x000000008ab00000, 0x000000008ab00000, 0x000000008ac00000|  0%| F|  |TAMS 0x000000008ab00000, 0x000000008ab00000| Untracked 
| 172|0x000000008ac00000, 0x000000008ac00000, 0x000000008ad00000|  0%| F|  |TAMS 0x000000008ac00000, 0x000000008ac00000| Untracked 
| 173|0x000000008ad00000, 0x000000008ad00000, 0x000000008ae00000|  0%| F|  |TAMS 0x000000008ad00000, 0x000000008ad00000| Untracked 
| 174|0x000000008ae00000, 0x000000008ae00000, 0x000000008af00000|  0%| F|  |TAMS 0x000000008ae00000, 0x000000008ae00000| Untracked 
| 175|0x000000008af00000, 0x000000008af00000, 0x000000008b000000|  0%| F|  |TAMS 0x000000008af00000, 0x000000008af00000| Untracked 
| 176|0x000000008b000000, 0x000000008b000000, 0x000000008b100000|  0%| F|  |TAMS 0x000000008b000000, 0x000000008b000000| Untracked 
| 177|0x000000008b100000, 0x000000008b100000, 0x000000008b200000|  0%| F|  |TAMS 0x000000008b100000, 0x000000008b100000| Untracked 
| 178|0x000000008b200000, 0x000000008b200000, 0x000000008b300000|  0%| F|  |TAMS 0x000000008b200000, 0x000000008b200000| Untracked 
| 179|0x000000008b300000, 0x000000008b300000, 0x000000008b400000|  0%| F|  |TAMS 0x000000008b300000, 0x000000008b300000| Untracked 
| 180|0x000000008b400000, 0x000000008b400000, 0x000000008b500000|  0%| F|  |TAMS 0x000000008b400000, 0x000000008b400000| Untracked 
| 181|0x000000008b500000, 0x000000008b500000, 0x000000008b600000|  0%| F|  |TAMS 0x000000008b500000, 0x000000008b500000| Untracked 
| 182|0x000000008b600000, 0x000000008b600000, 0x000000008b700000|  0%| F|  |TAMS 0x000000008b600000, 0x000000008b600000| Untracked 
| 183|0x000000008b700000, 0x000000008b700000, 0x000000008b800000|  0%| F|  |TAMS 0x000000008b700000, 0x000000008b700000| Untracked 
| 184|0x000000008b800000, 0x000000008b800000, 0x000000008b900000|  0%| F|  |TAMS 0x000000008b800000, 0x000000008b800000| Untracked 
| 185|0x000000008b900000, 0x000000008b900000, 0x000000008ba00000|  0%| F|  |TAMS 0x000000008b900000, 0x000000008b900000| Untracked 
| 186|0x000000008ba00000, 0x000000008ba00000, 0x000000008bb00000|  0%| F|  |TAMS 0x000000008ba00000, 0x000000008ba00000| Untracked 
| 187|0x000000008bb00000, 0x000000008bb00000, 0x000000008bc00000|  0%| F|  |TAMS 0x000000008bb00000, 0x000000008bb00000| Untracked 
| 188|0x000000008bc00000, 0x000000008bc00000, 0x000000008bd00000|  0%| F|  |TAMS 0x000000008bc00000, 0x000000008bc00000| Untracked 
| 189|0x000000008bd00000, 0x000000008bd00000, 0x000000008be00000|  0%| F|  |TAMS 0x000000008bd00000, 0x000000008bd00000| Untracked 
| 190|0x000000008be00000, 0x000000008be00000, 0x000000008bf00000|  0%| F|  |TAMS 0x000000008be00000, 0x000000008be00000| Untracked 
| 191|0x000000008bf00000, 0x000000008bf00000, 0x000000008c000000|  0%| F|  |TAMS 0x000000008bf00000, 0x000000008bf00000| Untracked 
| 192|0x000000008c000000, 0x000000008c000000, 0x000000008c100000|  0%| F|  |TAMS 0x000000008c000000, 0x000000008c000000| Untracked 
| 193|0x000000008c100000, 0x000000008c100000, 0x000000008c200000|  0%| F|  |TAMS 0x000000008c100000, 0x000000008c100000| Untracked 
| 194|0x000000008c200000, 0x000000008c200000, 0x000000008c300000|  0%| F|  |TAMS 0x000000008c200000, 0x000000008c200000| Untracked 
| 195|0x000000008c300000, 0x000000008c300000, 0x000000008c400000|  0%| F|  |TAMS 0x000000008c300000, 0x000000008c300000| Untracked 
| 196|0x000000008c400000, 0x000000008c400000, 0x000000008c500000|  0%| F|  |TAMS 0x000000008c400000, 0x000000008c400000| Untracked 
| 197|0x000000008c500000, 0x000000008c500000, 0x000000008c600000|  0%| F|  |TAMS 0x000000008c500000, 0x000000008c500000| Untracked 
| 198|0x000000008c600000, 0x000000008c600000, 0x000000008c700000|  0%| F|  |TAMS 0x000000008c600000, 0x000000008c600000| Untracked 
| 199|0x000000008c700000, 0x000000008c700000, 0x000000008c800000|  0%| F|  |TAMS 0x000000008c700000, 0x000000008c700000| Untracked 
| 200|0x000000008c800000, 0x000000008c800000, 0x000000008c900000|  0%| F|  |TAMS 0x000000008c800000, 0x000000008c800000| Untracked 
| 201|0x000000008c900000, 0x000000008c900000, 0x000000008ca00000|  0%| F|  |TAMS 0x000000008c900000, 0x000000008c900000| Untracked 
| 202|0x000000008ca00000, 0x000000008ca00000, 0x000000008cb00000|  0%| F|  |TAMS 0x000000008ca00000, 0x000000008ca00000| Untracked 
| 203|0x000000008cb00000, 0x000000008cb00000, 0x000000008cc00000|  0%| F|  |TAMS 0x000000008cb00000, 0x000000008cb00000| Untracked 
| 204|0x000000008cc00000, 0x000000008cc00000, 0x000000008cd00000|  0%| F|  |TAMS 0x000000008cc00000, 0x000000008cc00000| Untracked 
| 205|0x000000008cd00000, 0x000000008cd00000, 0x000000008ce00000|  0%| F|  |TAMS 0x000000008cd00000, 0x000000008cd00000| Untracked 
| 206|0x000000008ce00000, 0x000000008ce00000, 0x000000008cf00000|  0%| F|  |TAMS 0x000000008ce00000, 0x000000008ce00000| Untracked 
| 207|0x000000008cf00000, 0x000000008cf00000, 0x000000008d000000|  0%| F|  |TAMS 0x000000008cf00000, 0x000000008cf00000| Untracked 
| 208|0x000000008d000000, 0x000000008d000000, 0x000000008d100000|  0%| F|  |TAMS 0x000000008d000000, 0x000000008d000000| Untracked 
| 209|0x000000008d100000, 0x000000008d100000, 0x000000008d200000|  0%| F|  |TAMS 0x000000008d100000, 0x000000008d100000| Untracked 
| 210|0x000000008d200000, 0x000000008d200000, 0x000000008d300000|  0%| F|  |TAMS 0x000000008d200000, 0x000000008d200000| Untracked 
| 211|0x000000008d300000, 0x000000008d300000, 0x000000008d400000|  0%| F|  |TAMS 0x000000008d300000, 0x000000008d300000| Untracked 
| 212|0x000000008d400000, 0x000000008d400000, 0x000000008d500000|  0%| F|  |TAMS 0x000000008d400000, 0x000000008d400000| Untracked 
| 213|0x000000008d500000, 0x000000008d500000, 0x000000008d600000|  0%| F|  |TAMS 0x000000008d500000, 0x000000008d500000| Untracked 
| 214|0x000000008d600000, 0x000000008d600000, 0x000000008d700000|  0%| F|  |TAMS 0x000000008d600000, 0x000000008d600000| Untracked 
| 215|0x000000008d700000, 0x000000008d700000, 0x000000008d800000|  0%| F|  |TAMS 0x000000008d700000, 0x000000008d700000| Untracked 
| 216|0x000000008d800000, 0x000000008d800000, 0x000000008d900000|  0%| F|  |TAMS 0x000000008d800000, 0x000000008d800000| Untracked 
| 217|0x000000008d900000, 0x000000008d900000, 0x000000008da00000|  0%| F|  |TAMS 0x000000008d900000, 0x000000008d900000| Untracked 
| 218|0x000000008da00000, 0x000000008da00000, 0x000000008db00000|  0%| F|  |TAMS 0x000000008da00000, 0x000000008da00000| Untracked 
| 219|0x000000008db00000, 0x000000008db00000, 0x000000008dc00000|  0%| F|  |TAMS 0x000000008db00000, 0x000000008db00000| Untracked 
| 220|0x000000008dc00000, 0x000000008dc00000, 0x000000008dd00000|  0%| F|  |TAMS 0x000000008dc00000, 0x000000008dc00000| Untracked 
| 221|0x000000008dd00000, 0x000000008dd00000, 0x000000008de00000|  0%| F|  |TAMS 0x000000008dd00000, 0x000000008dd00000| Untracked 
| 222|0x000000008de00000, 0x000000008de00000, 0x000000008df00000|  0%| F|  |TAMS 0x000000008de00000, 0x000000008de00000| Untracked 
| 223|0x000000008df00000, 0x000000008df00000, 0x000000008e000000|  0%| F|  |TAMS 0x000000008df00000, 0x000000008df00000| Untracked 
| 224|0x000000008e000000, 0x000000008e000000, 0x000000008e100000|  0%| F|  |TAMS 0x000000008e000000, 0x000000008e000000| Untracked 
| 225|0x000000008e100000, 0x000000008e100000, 0x000000008e200000|  0%| F|  |TAMS 0x000000008e100000, 0x000000008e100000| Untracked 
| 226|0x000000008e200000, 0x000000008e200000, 0x000000008e300000|  0%| F|  |TAMS 0x000000008e200000, 0x000000008e200000| Untracked 
| 227|0x000000008e300000, 0x000000008e300000, 0x000000008e400000|  0%| F|  |TAMS 0x000000008e300000, 0x000000008e300000| Untracked 
| 228|0x000000008e400000, 0x000000008e400000, 0x000000008e500000|  0%| F|  |TAMS 0x000000008e400000, 0x000000008e400000| Untracked 
| 229|0x000000008e500000, 0x000000008e500000, 0x000000008e600000|  0%| F|  |TAMS 0x000000008e500000, 0x000000008e500000| Untracked 
| 230|0x000000008e600000, 0x000000008e600000, 0x000000008e700000|  0%| F|  |TAMS 0x000000008e600000, 0x000000008e600000| Untracked 
| 231|0x000000008e700000, 0x000000008e700000, 0x000000008e800000|  0%| F|  |TAMS 0x000000008e700000, 0x000000008e700000| Untracked 
| 232|0x000000008e800000, 0x000000008e800000, 0x000000008e900000|  0%| F|  |TAMS 0x000000008e800000, 0x000000008e800000| Untracked 
| 233|0x000000008e900000, 0x000000008e900000, 0x000000008ea00000|  0%| F|  |TAMS 0x000000008e900000, 0x000000008e900000| Untracked 
| 234|0x000000008ea00000, 0x000000008ea00000, 0x000000008eb00000|  0%| F|  |TAMS 0x000000008ea00000, 0x000000008ea00000| Untracked 
| 235|0x000000008eb00000, 0x000000008eb00000, 0x000000008ec00000|  0%| F|  |TAMS 0x000000008eb00000, 0x000000008eb00000| Untracked 
| 236|0x000000008ec00000, 0x000000008ec00000, 0x000000008ed00000|  0%| F|  |TAMS 0x000000008ec00000, 0x000000008ec00000| Untracked 
| 237|0x000000008ed00000, 0x000000008ed00000, 0x000000008ee00000|  0%| F|  |TAMS 0x000000008ed00000, 0x000000008ed00000| Untracked 
| 238|0x000000008ee00000, 0x000000008ee00000, 0x000000008ef00000|  0%| F|  |TAMS 0x000000008ee00000, 0x000000008ee00000| Untracked 
| 239|0x000000008ef00000, 0x000000008ef00000, 0x000000008f000000|  0%| F|  |TAMS 0x000000008ef00000, 0x000000008ef00000| Untracked 
| 240|0x000000008f000000, 0x000000008f000000, 0x000000008f100000|  0%| F|  |TAMS 0x000000008f000000, 0x000000008f000000| Untracked 
| 241|0x000000008f100000, 0x000000008f100000, 0x000000008f200000|  0%| F|  |TAMS 0x000000008f100000, 0x000000008f100000| Untracked 
| 242|0x000000008f200000, 0x000000008f200000, 0x000000008f300000|  0%| F|  |TAMS 0x000000008f200000, 0x000000008f200000| Untracked 
| 243|0x000000008f300000, 0x000000008f300000, 0x000000008f400000|  0%| F|  |TAMS 0x000000008f300000, 0x000000008f300000| Untracked 
| 244|0x000000008f400000, 0x000000008f400000, 0x000000008f500000|  0%| F|  |TAMS 0x000000008f400000, 0x000000008f400000| Untracked 
| 245|0x000000008f500000, 0x000000008f500000, 0x000000008f600000|  0%| F|  |TAMS 0x000000008f500000, 0x000000008f500000| Untracked 
| 246|0x000000008f600000, 0x000000008f600000, 0x000000008f700000|  0%| F|  |TAMS 0x000000008f600000, 0x000000008f600000| Untracked 
| 247|0x000000008f700000, 0x000000008f700000, 0x000000008f800000|  0%| F|  |TAMS 0x000000008f700000, 0x000000008f700000| Untracked 
| 248|0x000000008f800000, 0x000000008f800000, 0x000000008f900000|  0%| F|  |TAMS 0x000000008f800000, 0x000000008f800000| Untracked 
| 249|0x000000008f900000, 0x000000008f900000, 0x000000008fa00000|  0%| F|  |TAMS 0x000000008f900000, 0x000000008f900000| Untracked 
| 250|0x000000008fa00000, 0x000000008fa00000, 0x000000008fb00000|  0%| F|  |TAMS 0x000000008fa00000, 0x000000008fa00000| Untracked 
| 251|0x000000008fb00000, 0x000000008fb00000, 0x000000008fc00000|  0%| F|  |TAMS 0x000000008fb00000, 0x000000008fb00000| Untracked 
| 252|0x000000008fc00000, 0x000000008fc00000, 0x000000008fd00000|  0%| F|  |TAMS 0x000000008fc00000, 0x000000008fc00000| Untracked 
| 253|0x000000008fd00000, 0x000000008fd00000, 0x000000008fe00000|  0%| F|  |TAMS 0x000000008fd00000, 0x000000008fd00000| Untracked 
| 254|0x000000008fe00000, 0x000000008fe00000, 0x000000008ff00000|  0%| F|  |TAMS 0x000000008fe00000, 0x000000008fe00000| Untracked 
| 255|0x000000008ff00000, 0x000000008ff00000, 0x0000000090000000|  0%| F|  |TAMS 0x000000008ff00000, 0x000000008ff00000| Untracked 
| 256|0x0000000090000000, 0x0000000090000000, 0x0000000090100000|  0%| F|  |TAMS 0x0000000090000000, 0x0000000090000000| Untracked 
| 257|0x0000000090100000, 0x0000000090100000, 0x0000000090200000|  0%| F|  |TAMS 0x0000000090100000, 0x0000000090100000| Untracked 
| 258|0x0000000090200000, 0x0000000090200000, 0x0000000090300000|  0%| F|  |TAMS 0x0000000090200000, 0x0000000090200000| Untracked 
| 259|0x0000000090300000, 0x0000000090300000, 0x0000000090400000|  0%| F|  |TAMS 0x0000000090300000, 0x0000000090300000| Untracked 
| 260|0x0000000090400000, 0x0000000090400000, 0x0000000090500000|  0%| F|  |TAMS 0x0000000090400000, 0x0000000090400000| Untracked 
| 261|0x0000000090500000, 0x0000000090500000, 0x0000000090600000|  0%| F|  |TAMS 0x0000000090500000, 0x0000000090500000| Untracked 
| 262|0x0000000090600000, 0x0000000090600000, 0x0000000090700000|  0%| F|  |TAMS 0x0000000090600000, 0x0000000090600000| Untracked 
| 263|0x0000000090700000, 0x0000000090700000, 0x0000000090800000|  0%| F|  |TAMS 0x0000000090700000, 0x0000000090700000| Untracked 
| 264|0x0000000090800000, 0x0000000090800000, 0x0000000090900000|  0%| F|  |TAMS 0x0000000090800000, 0x0000000090800000| Untracked 
| 265|0x0000000090900000, 0x0000000090900000, 0x0000000090a00000|  0%| F|  |TAMS 0x0000000090900000, 0x0000000090900000| Untracked 
| 266|0x0000000090a00000, 0x0000000090a00000, 0x0000000090b00000|  0%| F|  |TAMS 0x0000000090a00000, 0x0000000090a00000| Untracked 
| 267|0x0000000090b00000, 0x0000000090b00000, 0x0000000090c00000|  0%| F|  |TAMS 0x0000000090b00000, 0x0000000090b00000| Untracked 
| 268|0x0000000090c00000, 0x0000000090c00000, 0x0000000090d00000|  0%| F|  |TAMS 0x0000000090c00000, 0x0000000090c00000| Untracked 
| 269|0x0000000090d00000, 0x0000000090d00000, 0x0000000090e00000|  0%| F|  |TAMS 0x0000000090d00000, 0x0000000090d00000| Untracked 
| 270|0x0000000090e00000, 0x0000000090e00000, 0x0000000090f00000|  0%| F|  |TAMS 0x0000000090e00000, 0x0000000090e00000| Untracked 
| 271|0x0000000090f00000, 0x0000000090f00000, 0x0000000091000000|  0%| F|  |TAMS 0x0000000090f00000, 0x0000000090f00000| Untracked 
| 272|0x0000000091000000, 0x0000000091000000, 0x0000000091100000|  0%| F|  |TAMS 0x0000000091000000, 0x0000000091000000| Untracked 
| 273|0x0000000091100000, 0x0000000091100000, 0x0000000091200000|  0%| F|  |TAMS 0x0000000091100000, 0x0000000091100000| Untracked 
| 274|0x0000000091200000, 0x0000000091200000, 0x0000000091300000|  0%| F|  |TAMS 0x0000000091200000, 0x0000000091200000| Untracked 
| 275|0x0000000091300000, 0x0000000091300000, 0x0000000091400000|  0%| F|  |TAMS 0x0000000091300000, 0x0000000091300000| Untracked 
| 276|0x0000000091400000, 0x0000000091400000, 0x0000000091500000|  0%| F|  |TAMS 0x0000000091400000, 0x0000000091400000| Untracked 
| 277|0x0000000091500000, 0x0000000091500000, 0x0000000091600000|  0%| F|  |TAMS 0x0000000091500000, 0x0000000091500000| Untracked 
| 278|0x0000000091600000, 0x0000000091600000, 0x0000000091700000|  0%| F|  |TAMS 0x0000000091600000, 0x0000000091600000| Untracked 
| 279|0x0000000091700000, 0x0000000091700000, 0x0000000091800000|  0%| F|  |TAMS 0x0000000091700000, 0x0000000091700000| Untracked 
| 280|0x0000000091800000, 0x0000000091800000, 0x0000000091900000|  0%| F|  |TAMS 0x0000000091800000, 0x0000000091800000| Untracked 
| 281|0x0000000091900000, 0x0000000091900000, 0x0000000091a00000|  0%| F|  |TAMS 0x0000000091900000, 0x0000000091900000| Untracked 
| 282|0x0000000091a00000, 0x0000000091a00000, 0x0000000091b00000|  0%| F|  |TAMS 0x0000000091a00000, 0x0000000091a00000| Untracked 
| 283|0x0000000091b00000, 0x0000000091b00000, 0x0000000091c00000|  0%| F|  |TAMS 0x0000000091b00000, 0x0000000091b00000| Untracked 
| 284|0x0000000091c00000, 0x0000000091c00000, 0x0000000091d00000|  0%| F|  |TAMS 0x0000000091c00000, 0x0000000091c00000| Untracked 
| 285|0x0000000091d00000, 0x0000000091d00000, 0x0000000091e00000|  0%| F|  |TAMS 0x0000000091d00000, 0x0000000091d00000| Untracked 
| 286|0x0000000091e00000, 0x0000000091e00000, 0x0000000091f00000|  0%| F|  |TAMS 0x0000000091e00000, 0x0000000091e00000| Untracked 
| 287|0x0000000091f00000, 0x0000000091f00000, 0x0000000092000000|  0%| F|  |TAMS 0x0000000091f00000, 0x0000000091f00000| Untracked 
| 288|0x0000000092000000, 0x0000000092000000, 0x0000000092100000|  0%| F|  |TAMS 0x0000000092000000, 0x0000000092000000| Untracked 
| 289|0x0000000092100000, 0x0000000092100000, 0x0000000092200000|  0%| F|  |TAMS 0x0000000092100000, 0x0000000092100000| Untracked 
| 290|0x0000000092200000, 0x0000000092200000, 0x0000000092300000|  0%| F|  |TAMS 0x0000000092200000, 0x0000000092200000| Untracked 
| 291|0x0000000092300000, 0x0000000092300000, 0x0000000092400000|  0%| F|  |TAMS 0x0000000092300000, 0x0000000092300000| Untracked 
| 292|0x0000000092400000, 0x0000000092400000, 0x0000000092500000|  0%| F|  |TAMS 0x0000000092400000, 0x0000000092400000| Untracked 
| 293|0x0000000092500000, 0x0000000092500000, 0x0000000092600000|  0%| F|  |TAMS 0x0000000092500000, 0x0000000092500000| Untracked 
| 294|0x0000000092600000, 0x0000000092600000, 0x0000000092700000|  0%| F|  |TAMS 0x0000000092600000, 0x0000000092600000| Untracked 
| 295|0x0000000092700000, 0x0000000092700000, 0x0000000092800000|  0%| F|  |TAMS 0x0000000092700000, 0x0000000092700000| Untracked 
| 296|0x0000000092800000, 0x0000000092800000, 0x0000000092900000|  0%| F|  |TAMS 0x0000000092800000, 0x0000000092800000| Untracked 
| 297|0x0000000092900000, 0x0000000092900000, 0x0000000092a00000|  0%| F|  |TAMS 0x0000000092900000, 0x0000000092900000| Untracked 
| 298|0x0000000092a00000, 0x0000000092a00000, 0x0000000092b00000|  0%| F|  |TAMS 0x0000000092a00000, 0x0000000092a00000| Untracked 
| 299|0x0000000092b00000, 0x0000000092b00000, 0x0000000092c00000|  0%| F|  |TAMS 0x0000000092b00000, 0x0000000092b00000| Untracked 
| 300|0x0000000092c00000, 0x0000000092c00000, 0x0000000092d00000|  0%| F|  |TAMS 0x0000000092c00000, 0x0000000092c00000| Untracked 
| 301|0x0000000092d00000, 0x0000000092d00000, 0x0000000092e00000|  0%| F|  |TAMS 0x0000000092d00000, 0x0000000092d00000| Untracked 
| 302|0x0000000092e00000, 0x0000000092e00000, 0x0000000092f00000|  0%| F|  |TAMS 0x0000000092e00000, 0x0000000092e00000| Untracked 
| 303|0x0000000092f00000, 0x0000000092f00000, 0x0000000093000000|  0%| F|  |TAMS 0x0000000092f00000, 0x0000000092f00000| Untracked 
| 304|0x0000000093000000, 0x0000000093000000, 0x0000000093100000|  0%| F|  |TAMS 0x0000000093000000, 0x0000000093000000| Untracked 
| 305|0x0000000093100000, 0x0000000093100000, 0x0000000093200000|  0%| F|  |TAMS 0x0000000093100000, 0x0000000093100000| Untracked 
| 306|0x0000000093200000, 0x0000000093200000, 0x0000000093300000|  0%| F|  |TAMS 0x0000000093200000, 0x0000000093200000| Untracked 
| 307|0x0000000093300000, 0x0000000093300000, 0x0000000093400000|  0%| F|  |TAMS 0x0000000093300000, 0x0000000093300000| Untracked 
| 308|0x0000000093400000, 0x0000000093500000, 0x0000000093500000|100%| S|CS|TAMS 0x0000000093400000, 0x0000000093400000| Complete 
| 309|0x0000000093500000, 0x0000000093600000, 0x0000000093600000|100%| S|CS|TAMS 0x0000000093500000, 0x0000000093500000| Complete 
| 310|0x0000000093600000, 0x0000000093700000, 0x0000000093700000|100%| S|CS|TAMS 0x0000000093600000, 0x0000000093600000| Complete 
| 311|0x0000000093700000, 0x0000000093700000, 0x0000000093800000|  0%| F|  |TAMS 0x0000000093700000, 0x0000000093700000| Untracked 
| 312|0x0000000093800000, 0x0000000093800000, 0x0000000093900000|  0%| F|  |TAMS 0x0000000093800000, 0x0000000093800000| Untracked 
| 313|0x0000000093900000, 0x0000000093900000, 0x0000000093a00000|  0%| F|  |TAMS 0x0000000093900000, 0x0000000093900000| Untracked 
| 314|0x0000000093a00000, 0x0000000093a00000, 0x0000000093b00000|  0%| F|  |TAMS 0x0000000093a00000, 0x0000000093a00000| Untracked 
| 315|0x0000000093b00000, 0x0000000093b00000, 0x0000000093c00000|  0%| F|  |TAMS 0x0000000093b00000, 0x0000000093b00000| Untracked 
| 316|0x0000000093c00000, 0x0000000093c00000, 0x0000000093d00000|  0%| F|  |TAMS 0x0000000093c00000, 0x0000000093c00000| Untracked 
| 317|0x0000000093d00000, 0x0000000093d00000, 0x0000000093e00000|  0%| F|  |TAMS 0x0000000093d00000, 0x0000000093d00000| Untracked 
| 318|0x0000000093e00000, 0x0000000093e00000, 0x0000000093f00000|  0%| F|  |TAMS 0x0000000093e00000, 0x0000000093e00000| Untracked 
| 319|0x0000000093f00000, 0x0000000093f00000, 0x0000000094000000|  0%| F|  |TAMS 0x0000000093f00000, 0x0000000093f00000| Untracked 
| 320|0x0000000094000000, 0x0000000094000000, 0x0000000094100000|  0%| F|  |TAMS 0x0000000094000000, 0x0000000094000000| Untracked 
| 321|0x0000000094100000, 0x0000000094100000, 0x0000000094200000|  0%| F|  |TAMS 0x0000000094100000, 0x0000000094100000| Untracked 
| 322|0x0000000094200000, 0x0000000094200000, 0x0000000094300000|  0%| F|  |TAMS 0x0000000094200000, 0x0000000094200000| Untracked 
| 323|0x0000000094300000, 0x0000000094300000, 0x0000000094400000|  0%| F|  |TAMS 0x0000000094300000, 0x0000000094300000| Untracked 
| 324|0x0000000094400000, 0x0000000094400000, 0x0000000094500000|  0%| F|  |TAMS 0x0000000094400000, 0x0000000094400000| Untracked 

Card table byte_map: [0x00000186b9dd0000,0x00000186ba1d0000] _byte_map_base: 0x00000186b99d0000

Marking Bits (Prev, Next): (CMBitMap*) 0x00000186a7497ed8, (CMBitMap*) 0x00000186a7497f10
 Prev Bits: [0x00000186ba5d0000, 0x00000186bc5d0000)
 Next Bits: [0x00000186bc5d0000, 0x00000186be5d0000)

Polling page: 0x00000186a5410000

Metaspace:

Usage:
  Non-class:     97.96 MB capacity,    96.47 MB ( 98%) used,     1.24 MB (  1%) free+waste,   254.50 KB ( <1%) overhead. 
      Class:     13.76 MB capacity,    13.03 MB ( 95%) used,   648.37 KB (  5%) free+waste,   105.88 KB ( <1%) overhead. 
       Both:    111.72 MB capacity,   109.49 MB ( 98%) used,     1.88 MB (  2%) free+waste,   360.38 KB ( <1%) overhead. 

Virtual space:
  Non-class space:      100.00 MB reserved,      98.75 MB ( 99%) committed 
      Class space:        1.00 GB reserved,      14.00 MB (  1%) committed 
             Both:        1.10 GB reserved,     112.75 MB ( 10%) committed 

Chunk freelists:
   Non-Class:  619.00 KB
       Class:  211.00 KB
        Both:  830.00 KB

MaxMetaspaceSize: 17179869184.00 GB
CompressedClassSpaceSize: 1.00 GB

CodeHeap 'non-profiled nmethods': size=120064Kb used=14972Kb max_used=15394Kb free=105091Kb
 bounds [0x00000186b2890000, 0x00000186b37a0000, 0x00000186b9dd0000]
CodeHeap 'profiled nmethods': size=120000Kb used=40449Kb max_used=42956Kb free=79550Kb
 bounds [0x00000186ab360000, 0x00000186add70000, 0x00000186b2890000]
CodeHeap 'non-nmethods': size=5696Kb used=2385Kb max_used=2433Kb free=3310Kb
 bounds [0x00000186aadd0000, 0x00000186ab040000, 0x00000186ab360000]
 total_blobs=19838 nmethods=18784 adapters=965
 compilation: enabled
              stopped_count=0, restarted_count=0
 full_count=0

Compilation events (20 events):
Event: 11028.996 Thread 0x00000186c0a32000 nmethod 22088 0x00000186ab4ecc10 code [0x00000186ab4ece00, 0x00000186ab4ed1e8]
Event: 11029.027 Thread 0x00000186c0a32000 22089       3       com.android.tools.r8.graph.ObjectToOffsetMapping::lambda$sortClasses$0 (38 bytes)
Event: 11029.028 Thread 0x00000186c0a32000 nmethod 22089 0x00000186ab4e8490 code [0x00000186ab4e8680, 0x00000186ab4e8928]
Event: 11029.028 Thread 0x00000186c0a32000 22090       3       com.android.tools.r8.graph.ObjectToOffsetMapping$ProgramClassDepthsMemoized::getDepth (146 bytes)
Event: 11029.029 Thread 0x00000186c0a25000 22092   !   4       com.android.tools.r8.utils.ClassMap::get (119 bytes)
Event: 11029.030 Thread 0x00000186c0a32000 nmethod 22090 0x00000186ab500c90 code [0x00000186ab500f00, 0x00000186ab501a98]
Event: 11029.030 Thread 0x00000186c0a32000 22091       3       com.android.tools.r8.graph.ObjectToOffsetMapping$$Lambda$746/0x0000000100bf9440::compare (16 bytes)
Event: 11029.030 Thread 0x00000186c0a32000 nmethod 22091 0x00000186ab4ec610 code [0x00000186ab4ec7e0, 0x00000186ab4ecae8]
Event: 11029.033 Thread 0x00000186c0a32000 22095       3       com.android.tools.r8.it.unimi.dsi.fastutil.objects.Reference2IntOpenHashMap::put (34 bytes)
Event: 11029.033 Thread 0x00000186c0a32000 nmethod 22095 0x00000186ab4ec110 code [0x00000186ab4ec2e0, 0x00000186ab4ec4a8]
Event: 11029.034 Thread 0x00000186c0a32000 22096       3       com.android.tools.r8.it.unimi.dsi.fastutil.objects.Reference2IntOpenHashMap::insert (147 bytes)
Event: 11029.035 Thread 0x00000186c0a32000 nmethod 22096 0x00000186ab500110 code [0x00000186ab500340, 0x00000186ab500a28]
Event: 11029.088 Thread 0x00000186c0a25000 nmethod 22092 0x00000186b2a65a90 code [0x00000186b2a65cc0, 0x00000186b2a66e10]
Event: 11029.088 Thread 0x00000186c0a25000 22099       4       java.util.TimSort::countRunAndMakeAscending (128 bytes)
Event: 11029.108 Thread 0x00000186c0a25000 nmethod 22099 0x00000186b2a33190 code [0x00000186b2a33340, 0x00000186b2a33a38]
Event: 11029.108 Thread 0x00000186c0a25000 22093       4       java.util.TimSort::mergeLo (659 bytes)
Event: 11029.214 Thread 0x00000186c0a25000 nmethod 22093 0x00000186b2a62c90 code [0x00000186b2a62ea0, 0x00000186b2a64d78]
Event: 11029.214 Thread 0x00000186c0a25000 22101       4       java.util.TimSort::mergeCollapse (134 bytes)
Event: 11029.222 Thread 0x00000186c0a25000 nmethod 22101 0x00000186b2a5b890 code [0x00000186b2a5ba40, 0x00000186b2a5bc88]
Event: 11029.222 Thread 0x00000186c0a25000 22094       4       com.android.tools.r8.graph.ObjectToOffsetMapping$ProgramClassDepthsMemoized::getDepth (146 bytes)

GC Heap History (20 events):
Event: 11015.501 GC heap after
{Heap after GC invocations=157 (full 0):
 garbage-first heap   total 332800K, used 136704K [0x0000000080000000, 0x0000000100000000)
  region size 1024K, 1 young (1024K), 1 survivors (1024K)
 Metaspace       used 111987K, capacity 114238K, committed 115456K, reserved 1150976K
  class space    used 13333K, capacity 14085K, committed 14336K, reserved 1048576K
}
Event: 11017.262 GC heap before
{Heap before GC invocations=157 (full 0):
 garbage-first heap   total 332800K, used 152064K [0x0000000080000000, 0x0000000100000000)
  region size 1024K, 16 young (16384K), 1 survivors (1024K)
 Metaspace       used 111987K, capacity 114238K, committed 115456K, reserved 1150976K
  class space    used 13333K, capacity 14085K, committed 14336K, reserved 1048576K
}
Event: 11017.339 GC heap after
{Heap after GC invocations=158 (full 0):
 garbage-first heap   total 332800K, used 134169K [0x0000000080000000, 0x0000000100000000)
  region size 1024K, 2 young (2048K), 2 survivors (2048K)
 Metaspace       used 111987K, capacity 114238K, committed 115456K, reserved 1150976K
  class space    used 13333K, capacity 14085K, committed 14336K, reserved 1048576K
}
Event: 11021.848 GC heap before
{Heap before GC invocations=158 (full 0):
 garbage-first heap   total 332800K, used 154649K [0x0000000080000000, 0x0000000100000000)
  region size 1024K, 23 young (23552K), 2 survivors (2048K)
 Metaspace       used 112033K, capacity 114329K, committed 115456K, reserved 1150976K
  class space    used 13337K, capacity 14092K, committed 14336K, reserved 1048576K
}
Event: 11021.890 GC heap after
{Heap after GC invocations=159 (full 0):
 garbage-first heap   total 332800K, used 135377K [0x0000000080000000, 0x0000000100000000)
  region size 1024K, 2 young (2048K), 2 survivors (2048K)
 Metaspace       used 112033K, capacity 114329K, committed 115456K, reserved 1150976K
  class space    used 13337K, capacity 14092K, committed 14336K, reserved 1048576K
}
Event: 11022.828 GC heap before
{Heap before GC invocations=160 (full 0):
 garbage-first heap   total 332800K, used 155857K [0x0000000080000000, 0x0000000100000000)
  region size 1024K, 27 young (27648K), 2 survivors (2048K)
 Metaspace       used 112041K, capacity 114329K, committed 115456K, reserved 1150976K
  class space    used 13337K, capacity 14092K, committed 14336K, reserved 1048576K
}
Event: 11022.870 GC heap after
{Heap after GC invocations=161 (full 0):
 garbage-first heap   total 332800K, used 134528K [0x0000000080000000, 0x0000000100000000)
  region size 1024K, 4 young (4096K), 4 survivors (4096K)
 Metaspace       used 112041K, capacity 114329K, committed 115456K, reserved 1150976K
  class space    used 13337K, capacity 14092K, committed 14336K, reserved 1048576K
}
Event: 11023.520 GC heap before
{Heap before GC invocations=161 (full 0):
 garbage-first heap   total 332800K, used 145792K [0x0000000080000000, 0x0000000100000000)
  region size 1024K, 16 young (16384K), 4 survivors (4096K)
 Metaspace       used 112090K, capacity 114394K, committed 115456K, reserved 1150976K
  class space    used 13337K, capacity 14092K, committed 14336K, reserved 1048576K
}
Event: 11023.686 GC heap after
{Heap after GC invocations=162 (full 0):
 garbage-first heap   total 332800K, used 119112K [0x0000000080000000, 0x0000000100000000)
  region size 1024K, 2 young (2048K), 2 survivors (2048K)
 Metaspace       used 112090K, capacity 114394K, committed 115456K, reserved 1150976K
  class space    used 13337K, capacity 14092K, committed 14336K, reserved 1048576K
}
Event: 11024.214 GC heap before
{Heap before GC invocations=162 (full 0):
 garbage-first heap   total 332800K, used 132424K [0x0000000080000000, 0x0000000100000000)
  region size 1024K, 16 young (16384K), 2 survivors (2048K)
 Metaspace       used 112097K, capacity 114400K, committed 115456K, reserved 1150976K
  class space    used 13338K, capacity 14093K, committed 14336K, reserved 1048576K
}
Event: 11024.261 GC heap after
{Heap after GC invocations=163 (full 0):
 garbage-first heap   total 332800K, used 116057K [0x0000000080000000, 0x0000000100000000)
  region size 1024K, 2 young (2048K), 2 survivors (2048K)
 Metaspace       used 112097K, capacity 114400K, committed 115456K, reserved 1150976K
  class space    used 13338K, capacity 14093K, committed 14336K, reserved 1048576K
}
Event: 11025.374 GC heap before
{Heap before GC invocations=163 (full 0):
 garbage-first heap   total 332800K, used 122201K [0x0000000080000000, 0x0000000100000000)
  region size 1024K, 10 young (10240K), 2 survivors (2048K)
 Metaspace       used 112105K, capacity 114401K, committed 115456K, reserved 1150976K
  class space    used 13338K, capacity 14093K, committed 14336K, reserved 1048576K
}
Event: 11025.389 GC heap after
{Heap after GC invocations=164 (full 0):
 garbage-first heap   total 332800K, used 117760K [0x0000000080000000, 0x0000000100000000)
  region size 1024K, 3 young (3072K), 3 survivors (3072K)
 Metaspace       used 112105K, capacity 114401K, committed 115456K, reserved 1150976K
  class space    used 13338K, capacity 14093K, committed 14336K, reserved 1048576K
}
Event: 11026.127 GC heap before
{Heap before GC invocations=165 (full 0):
 garbage-first heap   total 332800K, used 155648K [0x0000000080000000, 0x0000000100000000)
  region size 1024K, 39 young (39936K), 3 survivors (3072K)
 Metaspace       used 112111K, capacity 114402K, committed 115456K, reserved 1150976K
  class space    used 13338K, capacity 14093K, committed 14336K, reserved 1048576K
}
Event: 11026.233 GC heap after
{Heap after GC invocations=166 (full 0):
 garbage-first heap   total 332800K, used 129963K [0x0000000080000000, 0x0000000100000000)
  region size 1024K, 5 young (5120K), 5 survivors (5120K)
 Metaspace       used 112111K, capacity 114402K, committed 115456K, reserved 1150976K
  class space    used 13338K, capacity 14093K, committed 14336K, reserved 1048576K
}
Event: 11026.325 GC heap before
{Heap before GC invocations=166 (full 0):
 garbage-first heap   total 332800K, used 141227K [0x0000000080000000, 0x0000000100000000)
  region size 1024K, 16 young (16384K), 5 survivors (5120K)
 Metaspace       used 112114K, capacity 114402K, committed 115456K, reserved 1150976K
  class space    used 13338K, capacity 14093K, committed 14336K, reserved 1048576K
}
Event: 11026.404 GC heap after
{Heap after GC invocations=167 (full 0):
 garbage-first heap   total 332800K, used 129024K [0x0000000080000000, 0x0000000100000000)
  region size 1024K, 2 young (2048K), 2 survivors (2048K)
 Metaspace       used 112114K, capacity 114402K, committed 115456K, reserved 1150976K
  class space    used 13338K, capacity 14093K, committed 14336K, reserved 1048576K
}
Event: 11027.443 GC heap before
{Heap before GC invocations=167 (full 0):
 garbage-first heap   total 332800K, used 168960K [0x0000000080000000, 0x0000000100000000)
  region size 1024K, 42 young (43008K), 2 survivors (2048K)
 Metaspace       used 112117K, capacity 114402K, committed 115456K, reserved 1150976K
  class space    used 13338K, capacity 14093K, committed 14336K, reserved 1048576K
}
Event: 11027.635 GC heap after
{Heap after GC invocations=168 (full 0):
 garbage-first heap   total 332800K, used 151552K [0x0000000080000000, 0x0000000100000000)
  region size 1024K, 6 young (6144K), 6 survivors (6144K)
 Metaspace       used 112117K, capacity 114402K, committed 115456K, reserved 1150976K
  class space    used 13338K, capacity 14093K, committed 14336K, reserved 1048576K
}
Event: 11029.332 GC heap before
{Heap before GC invocations=169 (full 0):
 garbage-first heap   total 332800K, used 163840K [0x0000000080000000, 0x0000000100000000)
  region size 1024K, 20 young (20480K), 6 survivors (6144K)
 Metaspace       used 112121K, capacity 114402K, committed 115456K, reserved 1150976K
  class space    used 13338K, capacity 14093K, committed 14336K, reserved 1048576K
}

Deoptimization events (20 events):
Event: 11029.186 Thread 0x00000186c2dc8800 DEOPT PACKING pc=0x00000186add20a48 sp=0x000000784ebfde10
Event: 11029.186 Thread 0x00000186c2dc8800 DEOPT UNPACKING pc=0x00000186aadf66bf sp=0x000000784ebfd2f8 mode 0
Event: 11029.188 Thread 0x00000186c2dc8800 DEOPT PACKING pc=0x00000186add20a48 sp=0x000000784ebfde10
Event: 11029.188 Thread 0x00000186c2dc8800 DEOPT UNPACKING pc=0x00000186aadf66bf sp=0x000000784ebfd2f8 mode 0
Event: 11029.191 Thread 0x00000186c2dc8800 DEOPT PACKING pc=0x00000186add20a48 sp=0x000000784ebfde10
Event: 11029.191 Thread 0x00000186c2dc8800 DEOPT UNPACKING pc=0x00000186aadf66bf sp=0x000000784ebfd2f8 mode 0
Event: 11029.194 Thread 0x00000186c2dc8800 DEOPT PACKING pc=0x00000186add20a48 sp=0x000000784ebfde10
Event: 11029.194 Thread 0x00000186c2dc8800 DEOPT UNPACKING pc=0x00000186aadf66bf sp=0x000000784ebfd2f8 mode 0
Event: 11029.198 Thread 0x00000186c2dc8800 DEOPT PACKING pc=0x00000186add20a48 sp=0x000000784ebfde10
Event: 11029.199 Thread 0x00000186c2dc8800 DEOPT UNPACKING pc=0x00000186aadf66bf sp=0x000000784ebfd2f8 mode 0
Event: 11029.202 Thread 0x00000186c2dc8800 DEOPT PACKING pc=0x00000186add20a48 sp=0x000000784ebfde10
Event: 11029.202 Thread 0x00000186c2dc8800 DEOPT UNPACKING pc=0x00000186aadf66bf sp=0x000000784ebfd2f8 mode 0
Event: 11029.204 Thread 0x00000186c2dc8800 DEOPT PACKING pc=0x00000186add20a48 sp=0x000000784ebfde10
Event: 11029.204 Thread 0x00000186c2dc8800 DEOPT UNPACKING pc=0x00000186aadf66bf sp=0x000000784ebfd2f8 mode 0
Event: 11029.206 Thread 0x00000186c2dc8800 DEOPT PACKING pc=0x00000186add20a48 sp=0x000000784ebfde10
Event: 11029.206 Thread 0x00000186c2dc8800 DEOPT UNPACKING pc=0x00000186aadf66bf sp=0x000000784ebfd2f8 mode 0
Event: 11029.210 Thread 0x00000186c2dc8800 DEOPT PACKING pc=0x00000186add20a48 sp=0x000000784ebfde10
Event: 11029.210 Thread 0x00000186c2dc8800 DEOPT UNPACKING pc=0x00000186aadf66bf sp=0x000000784ebfd2f8 mode 0
Event: 11029.212 Thread 0x00000186c2dc8800 DEOPT PACKING pc=0x00000186add20a48 sp=0x000000784ebfde10
Event: 11029.212 Thread 0x00000186c2dc8800 DEOPT UNPACKING pc=0x00000186aadf66bf sp=0x000000784ebfd2f8 mode 0

Classes redefined (0 events):
No events

Internal exceptions (20 events):
Event: 11023.888 Thread 0x00000186c2dbb000 Exception <a 'sun/nio/fs/WindowsException'{0x0000000093ec85c8}> (0x0000000093ec85c8) thrown at [./src/hotspot/share/prims/jni.cpp, line 615]
Event: 11023.894 Thread 0x00000186c2dbb000 Exception <a 'sun/nio/fs/WindowsException'{0x0000000093ecd268}> (0x0000000093ecd268) thrown at [./src/hotspot/share/prims/jni.cpp, line 615]
Event: 11023.902 Thread 0x00000186c2dbb000 Exception <a 'sun/nio/fs/WindowsException'{0x0000000093ed4220}> (0x0000000093ed4220) thrown at [./src/hotspot/share/prims/jni.cpp, line 615]
Event: 11023.908 Thread 0x00000186c2dbb000 Exception <a 'sun/nio/fs/WindowsException'{0x0000000093ed91a8}> (0x0000000093ed91a8) thrown at [./src/hotspot/share/prims/jni.cpp, line 615]
Event: 11023.917 Thread 0x00000186c2dbb000 Exception <a 'sun/nio/fs/WindowsException'{0x0000000093cc4250}> (0x0000000093cc4250) thrown at [./src/hotspot/share/prims/jni.cpp, line 615]
Event: 11023.931 Thread 0x00000186c2dbb000 Exception <a 'sun/nio/fs/WindowsException'{0x0000000093cef348}> (0x0000000093cef348) thrown at [./src/hotspot/share/prims/jni.cpp, line 615]
Event: 11023.937 Thread 0x00000186c2dbb000 Exception <a 'sun/nio/fs/WindowsException'{0x0000000093cf43a8}> (0x0000000093cf43a8) thrown at [./src/hotspot/share/prims/jni.cpp, line 615]
Event: 11023.948 Thread 0x00000186c2dbb000 Exception <a 'sun/nio/fs/WindowsException'{0x0000000093bc2be8}> (0x0000000093bc2be8) thrown at [./src/hotspot/share/prims/jni.cpp, line 615]
Event: 11023.955 Thread 0x00000186c2dbb000 Exception <a 'sun/nio/fs/WindowsException'{0x0000000093bc9860}> (0x0000000093bc9860) thrown at [./src/hotspot/share/prims/jni.cpp, line 615]
Event: 11023.968 Thread 0x00000186c2dbb000 Exception <a 'sun/nio/fs/WindowsException'{0x0000000093bce790}> (0x0000000093bce790) thrown at [./src/hotspot/share/prims/jni.cpp, line 615]
Event: 11023.976 Thread 0x00000186c2dbb000 Exception <a 'sun/nio/fs/WindowsException'{0x0000000093bd3800}> (0x0000000093bd3800) thrown at [./src/hotspot/share/prims/jni.cpp, line 615]
Event: 11023.982 Thread 0x00000186c2dbb000 Exception <a 'sun/nio/fs/WindowsException'{0x0000000093bd88a8}> (0x0000000093bd88a8) thrown at [./src/hotspot/share/prims/jni.cpp, line 615]
Event: 11023.989 Thread 0x00000186c2dbb000 Exception <a 'sun/nio/fs/WindowsException'{0x0000000093bdd5c0}> (0x0000000093bdd5c0) thrown at [./src/hotspot/share/prims/jni.cpp, line 615]
Event: 11023.995 Thread 0x00000186c2dbb000 Exception <a 'sun/nio/fs/WindowsException'{0x0000000093ac6480}> (0x0000000093ac6480) thrown at [./src/hotspot/share/prims/jni.cpp, line 615]
Event: 11024.003 Thread 0x00000186c2dbb000 Exception <a 'sun/nio/fs/WindowsException'{0x0000000093acb620}> (0x0000000093acb620) thrown at [./src/hotspot/share/prims/jni.cpp, line 615]
Event: 11024.009 Thread 0x00000186c2dbb000 Exception <a 'sun/nio/fs/WindowsException'{0x0000000093ad0280}> (0x0000000093ad0280) thrown at [./src/hotspot/share/prims/jni.cpp, line 615]
Event: 11024.016 Thread 0x00000186c2dbb000 Exception <a 'sun/nio/fs/WindowsException'{0x00000000936c21d0}> (0x00000000936c21d0) thrown at [./src/hotspot/share/prims/jni.cpp, line 615]
Event: 11024.024 Thread 0x00000186c2dbb000 Exception <a 'sun/nio/fs/WindowsException'{0x00000000936c7250}> (0x00000000936c7250) thrown at [./src/hotspot/share/prims/jni.cpp, line 615]
Event: 11024.030 Thread 0x00000186c2dbb000 Exception <a 'sun/nio/fs/WindowsException'{0x00000000936cc280}> (0x00000000936cc280) thrown at [./src/hotspot/share/prims/jni.cpp, line 615]
Event: 11025.656 Thread 0x00000186c2dc8800 Exception <a 'sun/nio/fs/WindowsException'{0x0000000094401f90}> (0x0000000094401f90) thrown at [./src/hotspot/share/prims/jni.cpp, line 615]

Events (20 events):
Event: 11026.627 Thread 0x00000186c0a34000 flushing nmethod 0x00000186acfed110
Event: 11026.627 Thread 0x00000186c0a34000 flushing nmethod 0x00000186acff5710
Event: 11026.627 Thread 0x00000186c0a34000 flushing nmethod 0x00000186acff6a10
Event: 11026.627 Thread 0x00000186c0a34000 flushing nmethod 0x00000186acff9f90
Event: 11026.627 Thread 0x00000186c0a34000 flushing nmethod 0x00000186acffa890
Event: 11026.627 Thread 0x00000186c0a34000 flushing nmethod 0x00000186acffac90
Event: 11026.627 Thread 0x00000186c0a34000 flushing nmethod 0x00000186acffb590
Event: 11026.627 Thread 0x00000186c0a34000 flushing nmethod 0x00000186acffc190
Event: 11026.628 Thread 0x00000186c0a34000 flushing nmethod 0x00000186ad0a4010
Event: 11026.636 Thread 0x00000186c0a34000 flushing nmethod 0x00000186ad555410
Event: 11026.636 Thread 0x00000186c0a34000 flushing nmethod 0x00000186ad597f10
Event: 11026.906 Executing VM operation: RevokeBias
Event: 11026.911 Executing VM operation: RevokeBias done
Event: 11027.443 Executing VM operation: G1CollectForAllocation
Event: 11027.635 Executing VM operation: G1CollectForAllocation done
Event: 11028.207 Executing VM operation: CGC_Operation
Event: 11028.297 Executing VM operation: CGC_Operation done
Event: 11028.583 Executing VM operation: CGC_Operation
Event: 11028.584 Executing VM operation: CGC_Operation done
Event: 11029.331 Executing VM operation: G1CollectForAllocation


Dynamic libraries:
0x00007ff6b59b0000 - 0x00007ff6b59ba000 	D:\waseem\4. ELECTIVES MOBILE APP\Android Studio\jre\bin\java.exe
0x00007ffa54e10000 - 0x00007ffa54feb000 	C:\WINDOWS\SYSTEM32\ntdll.dll
0x00007ffa541c0000 - 0x00007ffa5426e000 	C:\WINDOWS\System32\KERNEL32.DLL
0x00007ffa513a0000 - 0x00007ffa515ea000 	C:\WINDOWS\System32\KERNELBASE.dll
0x00007ffa515f0000 - 0x00007ffa516e6000 	C:\WINDOWS\System32\ucrtbase.dll
0x00007ffa4f8c0000 - 0x00007ffa4f8d9000 	D:\waseem\4. ELECTIVES MOBILE APP\Android Studio\jre\bin\jli.dll
0x00007ffa539b0000 - 0x00007ffa53afa000 	C:\WINDOWS\System32\USER32.dll
0x00007ffa51ef0000 - 0x00007ffa51f0e000 	C:\WINDOWS\System32\win32u.dll
0x00007ffa547a0000 - 0x00007ffa547c7000 	C:\WINDOWS\System32\GDI32.dll
0x00007ffa521e0000 - 0x00007ffa52368000 	C:\WINDOWS\System32\gdi32full.dll
0x00007ffa51750000 - 0x00007ffa517ea000 	C:\WINDOWS\System32\msvcp_win.dll
0x00007ffa4e170000 - 0x00007ffa4e187000 	D:\waseem\4. ELECTIVES MOBILE APP\Android Studio\jre\bin\VCRUNTIME140.dll
0x00007ffa45770000 - 0x00007ffa459d7000 	C:\WINDOWS\WinSxS\amd64_microsoft.windows.common-controls_6595b64144ccf1df_6.0.15063.1155_none_40c7922129a7722b\COMCTL32.dll
0x00007ffa53b10000 - 0x00007ffa53bad000 	C:\WINDOWS\System32\msvcrt.dll
0x00007ffa53be0000 - 0x00007ffa53ed9000 	C:\WINDOWS\System32\combase.dll
0x00007ffa53810000 - 0x00007ffa53935000 	C:\WINDOWS\System32\RPCRT4.dll
0x00007ffa51330000 - 0x00007ffa5139a000 	C:\WINDOWS\System32\bcryptPrimitives.dll
0x00007ffa53bb0000 - 0x00007ffa53bdd000 	C:\WINDOWS\System32\IMM32.DLL
0x00007ffa219a0000 - 0x00007ffa21a3d000 	D:\waseem\4. ELECTIVES MOBILE APP\Android Studio\jre\bin\msvcp140.dll
0x00007ffa1a950000 - 0x00007ffa1b40c000 	D:\waseem\4. ELECTIVES MOBILE APP\Android Studio\jre\bin\server\jvm.dll
0x00007ffa54d60000 - 0x00007ffa54e01000 	C:\WINDOWS\System32\ADVAPI32.dll
0x00007ffa537b0000 - 0x00007ffa53809000 	C:\WINDOWS\System32\sechost.dll
0x00007ffa53b00000 - 0x00007ffa53b08000 	C:\WINDOWS\System32\PSAPI.DLL
0x00007ffa49e30000 - 0x00007ffa49e39000 	C:\WINDOWS\SYSTEM32\WSOCK32.dll
0x00007ffa54730000 - 0x00007ffa5479c000 	C:\WINDOWS\System32\WS2_32.dll
0x00007ffa4f750000 - 0x00007ffa4f773000 	C:\WINDOWS\SYSTEM32\WINMM.dll
0x00007ffa430f0000 - 0x00007ffa430fa000 	C:\WINDOWS\SYSTEM32\VERSION.dll
0x00007ffa4f6f0000 - 0x00007ffa4f71b000 	C:\WINDOWS\SYSTEM32\WINMMBASE.dll
0x00007ffa52190000 - 0x00007ffa521d9000 	C:\WINDOWS\System32\cfgmgr32.dll
0x00007ffa512f0000 - 0x00007ffa51301000 	C:\WINDOWS\System32\kernel.appcore.dll
0x00007ffa3ace0000 - 0x00007ffa3acf1000 	D:\waseem\4. ELECTIVES MOBILE APP\Android Studio\jre\bin\verify.dll
0x00007ffa4c240000 - 0x00007ffa4c3e9000 	C:\WINDOWS\SYSTEM32\DBGHELP.DLL
0x00007ffa3e1f0000 - 0x00007ffa3e219000 	C:\WINDOWS\SYSTEM32\dbgcore.DLL
0x00007ffa3acb0000 - 0x00007ffa3acd9000 	D:\waseem\4. ELECTIVES MOBILE APP\Android Studio\jre\bin\java.dll
0x00007ffa43e80000 - 0x00007ffa43e8b000 	D:\waseem\4. ELECTIVES MOBILE APP\Android Studio\jre\bin\jimage.dll
0x00007ffa3ac90000 - 0x00007ffa3aca8000 	D:\waseem\4. ELECTIVES MOBILE APP\Android Studio\jre\bin\zip.dll
0x00007ffa52370000 - 0x00007ffa537a8000 	C:\WINDOWS\System32\SHELL32.dll
0x00007ffa547d0000 - 0x00007ffa5487a000 	C:\WINDOWS\System32\shcore.dll
0x00007ffa517f0000 - 0x00007ffa51ee1000 	C:\WINDOWS\System32\windows.storage.dll
0x00007ffa53ee0000 - 0x00007ffa53f31000 	C:\WINDOWS\System32\shlwapi.dll
0x00007ffa512a0000 - 0x00007ffa512ec000 	C:\WINDOWS\System32\powrprof.dll
0x00007ffa51280000 - 0x00007ffa51295000 	C:\WINDOWS\System32\profapi.dll
0x00007ffa3ac70000 - 0x00007ffa3ac8a000 	D:\waseem\4. ELECTIVES MOBILE APP\Android Studio\jre\bin\net.dll
0x00007ffa42a50000 - 0x00007ffa42b26000 	C:\WINDOWS\SYSTEM32\WINHTTP.dll
0x00007ffa50b30000 - 0x00007ffa50b8c000 	C:\WINDOWS\system32\mswsock.dll
0x00007ffa3ac50000 - 0x00007ffa3ac64000 	D:\waseem\4. ELECTIVES MOBILE APP\Android Studio\jre\bin\nio.dll
0x00007ffa3e040000 - 0x00007ffa3e05e000 	C:\Users\wasee\.gradle\native\25\windows-amd64\native-platform.dll
0x00007ffa425e0000 - 0x00007ffa425ea000 	D:\waseem\4. ELECTIVES MOBILE APP\Android Studio\jre\bin\management.dll
0x00007ffa40c00000 - 0x00007ffa40c0c000 	D:\waseem\4. ELECTIVES MOBILE APP\Android Studio\jre\bin\management_ext.dll
0x00007ffa50cd0000 - 0x00007ffa50ce7000 	C:\WINDOWS\SYSTEM32\CRYPTSP.dll
0x00007ffa50740000 - 0x00007ffa50774000 	C:\WINDOWS\system32\rsaenh.dll
0x00007ffa51150000 - 0x00007ffa51175000 	C:\WINDOWS\SYSTEM32\bcrypt.dll
0x00007ffa51180000 - 0x00007ffa511a9000 	C:\WINDOWS\SYSTEM32\USERENV.dll
0x00007ffa50cf0000 - 0x00007ffa50cfb000 	C:\WINDOWS\SYSTEM32\CRYPTBASE.dll
0x00007ffa508d0000 - 0x00007ffa50907000 	C:\WINDOWS\SYSTEM32\IPHLPAPI.DLL
0x00007ffa53940000 - 0x00007ffa53948000 	C:\WINDOWS\System32\NSI.dll
0x00007ffa461c0000 - 0x00007ffa461d6000 	C:\WINDOWS\SYSTEM32\dhcpcsvc6.DLL
0x00007ffa46090000 - 0x00007ffa460aa000 	C:\WINDOWS\SYSTEM32\dhcpcsvc.DLL
0x00007ffa2b310000 - 0x00007ffa2b4b2000 	D:\waseem\4. ELECTIVES MOBILE APP\Android Studio\jre\bin\awt.dll
0x00007ffa54c90000 - 0x00007ffa54d50000 	C:\WINDOWS\System32\OLEAUT32.dll
0x00007ffa4e910000 - 0x00007ffa4e93a000 	C:\WINDOWS\SYSTEM32\dwmapi.dll
0x00007ffa4fa10000 - 0x00007ffa4fa8e000 	C:\WINDOWS\SYSTEM32\apphelp.dll
0x00007ffa4fb70000 - 0x00007ffa4fc05000 	C:\WINDOWS\system32\uxtheme.dll
0x00007ffa3a010000 - 0x00007ffa3a037000 	D:\waseem\4. ELECTIVES MOBILE APP\Android Studio\jre\bin\sunec.dll
0x00007ffa50910000 - 0x00007ffa509b4000 	C:\WINDOWS\SYSTEM32\DNSAPI.dll
0x0000000053100000 - 0x0000000053126000 	C:\Program Files\Bonjour\mdnsNSP.dll
0x00007ffa3f6a0000 - 0x00007ffa3f6aa000 	C:\Windows\System32\rasadhlp.dll
0x00007ffa43770000 - 0x00007ffa437db000 	C:\WINDOWS\System32\fwpuclnt.dll

dbghelp: loaded successfully - version: 4.0.5 - missing functions: none
symbol engine: initialized successfully - sym options: 0x614 - pdb path: .;D:\waseem\4. ELECTIVES MOBILE APP\Android Studio\jre\bin;C:\WINDOWS\SYSTEM32;C:\WINDOWS\WinSxS\amd64_microsoft.windows.common-controls_6595b64144ccf1df_6.0.15063.1155_none_40c7922129a7722b;D:\waseem\4. ELECTIVES MOBILE APP\Android Studio\jre\bin\server;C:\Users\wasee\.gradle\native\25\windows-amd64;C:\Program Files\Bonjour

VM Arguments:
jvm_args: --add-opens=java.base/java.util=ALL-UNNAMED --add-opens=java.base/java.lang=ALL-UNNAMED --add-opens=java.base/java.lang.invoke=ALL-UNNAMED --add-opens=java.prefs/java.util.prefs=ALL-UNNAMED -Xmx2048m -Dfile.encoding=UTF-8 -Duser.country=ZA -Duser.language=en -Duser.variant 
java_command: org.gradle.launcher.daemon.bootstrap.GradleDaemon 5.1.1
java_class_path (initial): C:\Users\wasee\.gradle\wrapper\dists\gradle-5.1.1-bin\90y9l8txxfw1s2o6ctiqeruwn\gradle-5.1.1\lib\gradle-launcher-5.1.1.jar
Launcher Type: SUN_STANDARD

[Global flags]
     intx CICompilerCount                          = 2                                         {product} {ergonomic}
     uint ConcGCThreads                            = 1                                         {product} {ergonomic}
     uint G1ConcRefinementThreads                  = 2                                         {product} {ergonomic}
   size_t G1HeapRegionSize                         = 1048576                                   {product} {ergonomic}
    uintx GCDrainStackTargetSize                   = 64                                        {product} {ergonomic}
   size_t InitialHeapSize                          = 67108864                                  {product} {ergonomic}
   size_t MarkStackSize                            = 4194304                                   {product} {ergonomic}
   size_t MaxHeapSize                              = 2147483648                                {product} {command line}
   size_t MaxNewSize                               = 1287651328                                {product} {ergonomic}
   size_t MinHeapDeltaBytes                        = 1048576                                   {product} {ergonomic}
    uintx NonNMethodCodeHeapSize                   = 5825164                                {pd product} {ergonomic}
    uintx NonProfiledCodeHeapSize                  = 122916538                              {pd product} {ergonomic}
    uintx ProfiledCodeHeapSize                     = 122916538                              {pd product} {ergonomic}
    uintx ReservedCodeCacheSize                    = 251658240                              {pd product} {ergonomic}
     bool SegmentedCodeCache                       = true                                      {product} {ergonomic}
     bool UseCompressedClassPointers               = true                                 {lp64_product} {ergonomic}
     bool UseCompressedOops                        = true                                 {lp64_product} {ergonomic}
     bool UseG1GC                                  = true                                      {product} {ergonomic}
     bool UseLargePagesIndividualAllocation        = false                                  {pd product} {ergonomic}

Logging:
Log output configuration:
 #0: stdout all=warning uptime,level,tags
 #1: stderr all=off uptime,level,tags

Environment Variables:
PATH=C:\Program Files\Common Files\Oracle\Java\javapath;C:\Program Files (x86)\Common Files\Oracle\Java\javapath;C:\Program Files\OpenJDK\jdk-11.0.8.10-hotspot\bin;C:\Program Files (x86)\Intel\TXE Components\TCS\;C:\Program Files\Intel\TXE Components\TCS\;C:\WINDOWS\system32;C:\WINDOWS;C:\WINDOWS\System32\Wbem;C:\WINDOWS\System32\WindowsPowerShell\v1.0\;C:\Program Files\Intel\TXE Components\DAL\;C:\Program Files (x86)\Intel\TXE Components\DAL\;C:\Program Files\Intel\TXE Components\IPT\;C:\Program Files (x86)\Intel\TXE Components\IPT\;C:\Users\wasee\AppData\Local\Microsoft\WindowsApps;
USERNAME=wasee
OS=Windows_NT
PROCESSOR_IDENTIFIER=Intel64 Family 6 Model 76 Stepping 4, GenuineIntel



---------------  S Y S T E M  ---------------

OS: Windows 10 , 64 bit Build 15063 (10.0.15063.1058)
OS uptime: 0 days 5:18 hours

CPU:total 2 (initial active 2) (2 cores per cpu, 1 threads per core) family 6 model 76 stepping 4, cmov, cx8, fxsr, mmx, sse, sse2, sse3, ssse3, sse4.1, sse4.2, popcnt, aes, clmul, erms, 3dnowpref, tsc, tscinvbit

Memory: 4k page, system-wide physical 4002M (452M free)
TotalPageFile size 5312M (AvailPageFile size 207M)
current process WorkingSet (physical memory assigned to process): 563M, peak: 589M
current process commit charge ("private bytes"): 694M, peak: 917M

vm_info: OpenJDK 64-Bit Server VM (11.0.8+10-b944.6842174) for windows-amd64 JRE (11.0.8+10-b944.6842174), built on Sep 19 2020 01:11:42 by "builder" with MS VC++ 14.0 (VS2015)

END.
