#
# There is insufficient memory for the Java Runtime Environment to continue.
# Native memory allocation (malloc) failed to allocate 32744 bytes for ChunkPool::allocate
# Possible reasons:
#   The system is out of physical RAM or swap space
#   The process is running with CompressedOops enabled, and the Java Heap may be blocking the growth of the native heap
# Possible solutions:
#   Reduce memory load on the system
#   Increase physical memory or swap space
#   Check if swap backing store is full
#   Decrease Java heap size (-Xmx/-Xms)
#   Decrease number of Java threads
#   Decrease Java thread stack sizes (-Xss)
#   Set larger code cache with -XX:ReservedCodeCacheSize=
#   JVM is running with Unscaled Compressed Oops mode in which the Java heap is
#     placed in the first 4GB address space. The Java Heap base address is the
#     maximum limit for the native heap growth. Please use -XX:HeapBaseMinAddress
#     to set the Java Heap base and to place the Java Heap above 4GB virtual address.
# This output file may be truncated or incomplete.
#
#  Out of Memory Error (./src/hotspot/share/memory/arena.cpp:81), pid=1772, tid=4488
#
# JRE version: OpenJDK Runtime Environment (11.0.8+10) (build 11.0.8+10-b944.6842174)
# Java VM: OpenJDK 64-Bit Server VM (11.0.8+10-b944.6842174, mixed mode, tiered, compressed oops, g1 gc, windows-amd64)
# No core dump will be written. Minidumps are not enabled by default on client versions of Windows
#

---------------  S U M M A R Y ------------

Command Line: --add-opens=java.base/java.util=ALL-UNNAMED --add-opens=java.base/java.lang=ALL-UNNAMED --add-opens=java.base/java.lang.invoke=ALL-UNNAMED --add-opens=java.prefs/java.util.prefs=ALL-UNNAMED -Xmx2048m -Dfile.encoding=UTF-8 -Duser.country=ZA -Duser.language=en -Duser.variant org.gradle.launcher.daemon.bootstrap.GradleDaemon 5.1.1

Host: Intel(R) Celeron(R) CPU  N3060  @ 1.60GHz, 2 cores, 3G,  Windows 10 , 64 bit Build 15063 (10.0.15063.1058)
Time: Mon Sep 20 16:14:40 2021 South Africa Standard Time elapsed time: 60 seconds (0d 0h 1m 0s)

---------------  T H R E A D  ---------------

Current thread (0x000001e4eec10000):  JavaThread "C2 CompilerThread0" daemon [_thread_in_native, id=4488, stack(0x0000009b14d00000,0x0000009b14e00000)]


Current CompileTask:
C2:  60556 6404   !   4       com.sun.beans.TypeResolver::resolve (261 bytes)

Stack: [0x0000009b14d00000,0x0000009b14e00000]
Native frames: (J=compiled Java code, j=interpreted, Vv=VM code, C=native code)
V  [jvm.dll+0x5de50a]
V  [jvm.dll+0x7122f5]
V  [jvm.dll+0x71384d]
V  [jvm.dll+0x713f03]
V  [jvm.dll+0x23e728]
V  [jvm.dll+0xb8beb]
V  [jvm.dll+0xb8e9c]
V  [jvm.dll+0x35562c]
V  [jvm.dll+0x4e69ae]
V  [jvm.dll+0x4e5dc3]
V  [jvm.dll+0x4e6596]
V  [jvm.dll+0x31ded2]
V  [jvm.dll+0x31d39a]
V  [jvm.dll+0x1f7702]
V  [jvm.dll+0x1f68d4]
V  [jvm.dll+0x17f32c]
V  [jvm.dll+0x205047]
V  [jvm.dll+0x203891]
V  [jvm.dll+0x6dad3f]
V  [jvm.dll+0x6d3895]
V  [jvm.dll+0x5dd4a6]
C  [ucrtbase.dll+0x20279]
C  [KERNEL32.DLL+0x12784]
C  [ntdll.dll+0x50c51]


---------------  P R O C E S S  ---------------

Threads class SMR info:
_java_thread_list=0x000001e4f62e8ed0, length=30, elements={
0x000001e4d3669800, 0x000001e4eebb3800, 0x000001e4eebb6800, 0x000001e4eec0d800,
0x000001e4eec0f000, 0x000001e4eec10000, 0x000001e4eec14000, 0x000001e4eec17800,
0x000001e4ef67f800, 0x000001e4ef693800, 0x000001e4f036e800, 0x000001e4f0c88800,
0x000001e4f04c6800, 0x000001e4f04c7800, 0x000001e4f0a3d000, 0x000001e4f09c9000,
0x000001e4f0064800, 0x000001e4f0c08000, 0x000001e4f09c9800, 0x000001e4f012d800,
0x000001e4f0f84800, 0x000001e4f0f8b000, 0x000001e4f0f86800, 0x000001e4f0f88800,
0x000001e4f0f86000, 0x000001e4f0f87800, 0x000001e4f0f89000, 0x000001e4f0f8a000,
0x000001e4f3f77000, 0x000001e4f3f7a000
}

Java Threads: ( => current thread )
  0x000001e4d3669800 JavaThread "main" [_thread_blocked, id=8724, stack(0x0000009b14100000,0x0000009b14200000)]
  0x000001e4eebb3800 JavaThread "Reference Handler" daemon [_thread_blocked, id=3680, stack(0x0000009b14800000,0x0000009b14900000)]
  0x000001e4eebb6800 JavaThread "Finalizer" daemon [_thread_blocked, id=2240, stack(0x0000009b14900000,0x0000009b14a00000)]
  0x000001e4eec0d800 JavaThread "Signal Dispatcher" daemon [_thread_blocked, id=6240, stack(0x0000009b14b00000,0x0000009b14c00000)]
  0x000001e4eec0f000 JavaThread "Attach Listener" daemon [_thread_blocked, id=2948, stack(0x0000009b14c00000,0x0000009b14d00000)]
=>0x000001e4eec10000 JavaThread "C2 CompilerThread0" daemon [_thread_in_native, id=4488, stack(0x0000009b14d00000,0x0000009b14e00000)]
  0x000001e4eec14000 JavaThread "C1 CompilerThread0" daemon [_thread_blocked, id=1504, stack(0x0000009b14e00000,0x0000009b14f00000)]
  0x000001e4eec17800 JavaThread "Sweeper thread" daemon [_thread_blocked, id=7652, stack(0x0000009b14f00000,0x0000009b15000000)]
  0x000001e4ef67f800 JavaThread "Common-Cleaner" daemon [_thread_blocked, id=1672, stack(0x0000009b15000000,0x0000009b15100000)]
  0x000001e4ef693800 JavaThread "Service Thread" daemon [_thread_blocked, id=8780, stack(0x0000009b15100000,0x0000009b15200000)]
  0x000001e4f036e800 JavaThread "Incoming local TCP Connector on port 64472" [_thread_in_native, id=1640, stack(0x0000009b15400000,0x0000009b15500000)]
  0x000001e4f0c88800 JavaThread "Daemon periodic checks" [_thread_blocked, id=8208, stack(0x0000009b15500000,0x0000009b15600000)]
  0x000001e4f04c6800 JavaThread "Daemon" [_thread_blocked, id=9564, stack(0x0000009b15600000,0x0000009b15700000)]
  0x000001e4f04c7800 JavaThread "Handler for socket connection from /127.0.0.1:64472 to /127.0.0.1:64473" [_thread_in_native, id=6736, stack(0x0000009b15700000,0x0000009b15800000)]
  0x000001e4f0a3d000 JavaThread "Cancel handler" [_thread_blocked, id=7816, stack(0x0000009b15800000,0x0000009b15900000)]
  0x000001e4f09c9000 JavaThread "Daemon worker" [_thread_blocked, id=8784, stack(0x0000009b15900000,0x0000009b15a00000)]
  0x000001e4f0064800 JavaThread "Asynchronous log dispatcher for DefaultDaemonConnection: socket connection from /127.0.0.1:64472 to /127.0.0.1:64473" [_thread_blocked, id=7264, stack(0x0000009b15a00000,0x0000009b15b00000)]
  0x000001e4f0c08000 JavaThread "Stdin handler" [_thread_blocked, id=9272, stack(0x0000009b15b00000,0x0000009b15c00000)]
  0x000001e4f09c9800 JavaThread "Thread-7" [_thread_blocked, id=5464, stack(0x0000009b15c00000,0x0000009b15d00000)]
  0x000001e4f012d800 JavaThread "Cache worker for file hash cache (C:\Users\wasee\.gradle\caches\5.1.1\fileHashes)" [_thread_blocked, id=10188, stack(0x0000009b15d00000,0x0000009b15e00000)]
  0x000001e4f0f84800 JavaThread "File lock request listener" [_thread_in_native, id=7868, stack(0x0000009b15e00000,0x0000009b15f00000)]
  0x000001e4f0f8b000 JavaThread "Cache worker for journal cache (C:\Users\wasee\.gradle\caches\journal-1)" [_thread_blocked, id=4440, stack(0x0000009b15f00000,0x0000009b16000000)]
  0x000001e4f0f86800 JavaThread "Cache worker for file hash cache (C:\Users\wasee\AndroidStudioProjects\TimeManagementTool\.gradle\5.1.1\fileHashes)" [_thread_blocked, id=1512, stack(0x0000009b16000000,0x0000009b16100000)]
  0x000001e4f0f88800 JavaThread "Cache worker for cache directory md-supplier (C:\Users\wasee\.gradle\caches\5.1.1\md-supplier)" [_thread_blocked, id=9716, stack(0x0000009b16100000,0x0000009b16200000)]
  0x000001e4f0f86000 JavaThread "Cache worker for cache directory md-rule (C:\Users\wasee\.gradle\caches\5.1.1\md-rule)" [_thread_blocked, id=484, stack(0x0000009b16200000,0x0000009b16300000)]
  0x000001e4f0f87800 JavaThread "Cache worker for execution history cache (C:\Users\wasee\.gradle\caches\5.1.1\executionHistory)" [_thread_blocked, id=1996, stack(0x0000009b16300000,0x0000009b16400000)]
  0x000001e4f0f89000 JavaThread "Build operations" [_thread_blocked, id=9220, stack(0x0000009b16400000,0x0000009b16500000)]
  0x000001e4f0f8a000 JavaThread "Build operations Thread 2" [_thread_blocked, id=8952, stack(0x0000009b16500000,0x0000009b16600000)]
  0x000001e4f3f77000 JavaThread "Cache worker for Build Output Cleanup Cache (C:\Users\wasee\AndroidStudioProjects\TimeManagementTool\.gradle\buildOutputCleanup)" [_thread_blocked, id=2352, stack(0x0000009b16700000,0x0000009b16800000)]
  0x000001e4f3f7a000 JavaThread "Memory manager" [_thread_blocked, id=4684, stack(0x0000009b16800000,0x0000009b16900000)]

Other Threads:
  0x000001e4eeb8c000 VMThread "VM Thread" [stack: 0x0000009b14700000,0x0000009b14800000] [id=9768]
  0x000001e4ef6c1000 WatcherThread [stack: 0x0000009b15200000,0x0000009b15300000] [id=9548]
  0x000001e4d3681000 GCTaskThread "GC Thread#0" [stack: 0x0000009b14200000,0x0000009b14300000] [id=6300]
  0x000001e4efa68800 GCTaskThread "GC Thread#1" [stack: 0x0000009b15300000,0x0000009b15400000] [id=9092]
  0x000001e4d36b1000 ConcurrentGCThread "G1 Main Marker" [stack: 0x0000009b14300000,0x0000009b14400000] [id=8796]
  0x000001e4d36b3800 ConcurrentGCThread "G1 Conc#0" [stack: 0x0000009b14400000,0x0000009b14500000] [id=9144]
  0x000001e4d370b800 ConcurrentGCThread "G1 Refine#0" [stack: 0x0000009b14500000,0x0000009b14600000] [id=5072]
  0x000001e4d370d800 ConcurrentGCThread "G1 Young RemSet Sampling" [stack: 0x0000009b14600000,0x0000009b14700000] [id=2176]

Threads with active compile tasks:
C2 CompilerThread0  60661 6404   !   4       com.sun.beans.TypeResolver::resolve (261 bytes)

VM state:at safepoint (normal execution)

VM Mutex/Monitor currently owned by a thread:  ([mutex/lock_event])
[0x000001e4d3666650] Threads_lock - owner thread: 0x000001e4eeb8c000
[0x000001e4d3666b60] Heap_lock - owner thread: 0x000001e4d36b1000

Heap address: 0x0000000080000000, size: 2048 MB, Compressed Oops mode: 32-bit
Narrow klass base: 0x0000000000000000, Narrow klass shift: 3
Compressed class space size: 1073741824 Address: 0x0000000100000000

Heap:
 garbage-first heap   total 114688K, used 64297K [0x0000000080000000, 0x0000000100000000)
  region size 1024K, 5 young (5120K), 4 survivors (4096K)
 Metaspace       used 73128K, capacity 74948K, committed 75136K, reserved 1114112K
  class space    used 9466K, capacity 10044K, committed 10112K, reserved 1048576K
Heap Regions: E=young(eden), S=young(survivor), O=old, HS=humongous(starts), HC=humongous(continues), CS=collection set, F=free, A=archive, TAMS=top-at-mark-start (previous, next)
|   0|0x0000000080000000, 0x0000000080100000, 0x0000000080100000|100%|HS|  |TAMS 0x0000000080100000, 0x0000000080100000| Complete 
|   1|0x0000000080100000, 0x0000000080200000, 0x0000000080200000|100%| O|  |TAMS 0x0000000080200000, 0x0000000080200000| Untracked 
|   2|0x0000000080200000, 0x0000000080300000, 0x0000000080300000|100%| O|  |TAMS 0x0000000080300000, 0x0000000080300000| Untracked 
|   3|0x0000000080300000, 0x0000000080400000, 0x0000000080400000|100%|HS|  |TAMS 0x0000000080400000, 0x0000000080400000| Complete 
|   4|0x0000000080400000, 0x0000000080500000, 0x0000000080500000|100%|HC|  |TAMS 0x0000000080500000, 0x0000000080500000| Complete 
|   5|0x0000000080500000, 0x0000000080600000, 0x0000000080600000|100%| O|  |TAMS 0x0000000080600000, 0x0000000080600000| Untracked 
|   6|0x0000000080600000, 0x0000000080700000, 0x0000000080700000|100%| O|  |TAMS 0x0000000080700000, 0x0000000080700000| Untracked 
|   7|0x0000000080700000, 0x0000000080800000, 0x0000000080800000|100%| O|  |TAMS 0x0000000080800000, 0x0000000080800000| Untracked 
|   8|0x0000000080800000, 0x0000000080900000, 0x0000000080900000|100%| O|  |TAMS 0x0000000080900000, 0x0000000080900000| Untracked 
|   9|0x0000000080900000, 0x0000000080a00000, 0x0000000080a00000|100%| O|  |TAMS 0x0000000080a00000, 0x0000000080a00000| Untracked 
|  10|0x0000000080a00000, 0x0000000080b00000, 0x0000000080b00000|100%| O|  |TAMS 0x0000000080b00000, 0x0000000080b00000| Untracked 
|  11|0x0000000080b00000, 0x0000000080c00000, 0x0000000080c00000|100%| O|  |TAMS 0x0000000080c00000, 0x0000000080c00000| Untracked 
|  12|0x0000000080c00000, 0x0000000080d00000, 0x0000000080d00000|100%| O|  |TAMS 0x0000000080d00000, 0x0000000080d00000| Untracked 
|  13|0x0000000080d00000, 0x0000000080e00000, 0x0000000080e00000|100%| O|  |TAMS 0x0000000080e00000, 0x0000000080e00000| Untracked 
|  14|0x0000000080e00000, 0x0000000080f00000, 0x0000000080f00000|100%|HS|  |TAMS 0x0000000080f00000, 0x0000000080f00000| Complete 
|  15|0x0000000080f00000, 0x0000000081000000, 0x0000000081000000|100%|HC|  |TAMS 0x0000000081000000, 0x0000000081000000| Complete 
|  16|0x0000000081000000, 0x0000000081100000, 0x0000000081100000|100%|HS|  |TAMS 0x0000000081100000, 0x0000000081100000| Complete 
|  17|0x0000000081100000, 0x0000000081200000, 0x0000000081200000|100%|HC|  |TAMS 0x0000000081200000, 0x0000000081200000| Complete 
|  18|0x0000000081200000, 0x0000000081300000, 0x0000000081300000|100%|HC|  |TAMS 0x0000000081300000, 0x0000000081300000| Complete 
|  19|0x0000000081300000, 0x0000000081400000, 0x0000000081400000|100%|HS|  |TAMS 0x0000000081400000, 0x0000000081400000| Complete 
|  20|0x0000000081400000, 0x0000000081500000, 0x0000000081500000|100%|HC|  |TAMS 0x0000000081500000, 0x0000000081500000| Complete 
|  21|0x0000000081500000, 0x0000000081600000, 0x0000000081600000|100%|HC|  |TAMS 0x0000000081600000, 0x0000000081600000| Complete 
|  22|0x0000000081600000, 0x0000000081700000, 0x0000000081700000|100%|HC|  |TAMS 0x0000000081700000, 0x0000000081700000| Complete 
|  23|0x0000000081700000, 0x0000000081800000, 0x0000000081800000|100%| O|  |TAMS 0x0000000081800000, 0x0000000081800000| Untracked 
|  24|0x0000000081800000, 0x0000000081900000, 0x0000000081900000|100%| O|  |TAMS 0x0000000081900000, 0x0000000081900000| Untracked 
|  25|0x0000000081900000, 0x0000000081a00000, 0x0000000081a00000|100%| O|  |TAMS 0x0000000081a00000, 0x0000000081a00000| Untracked 
|  26|0x0000000081a00000, 0x0000000081b00000, 0x0000000081b00000|100%| O|  |TAMS 0x0000000081b00000, 0x0000000081b00000| Untracked 
|  27|0x0000000081b00000, 0x0000000081c00000, 0x0000000081c00000|100%| O|  |TAMS 0x0000000081c00000, 0x0000000081c00000| Untracked 
|  28|0x0000000081c00000, 0x0000000081d00000, 0x0000000081d00000|100%| O|  |TAMS 0x0000000081d00000, 0x0000000081d00000| Untracked 
|  29|0x0000000081d00000, 0x0000000081e00000, 0x0000000081e00000|100%| O|  |TAMS 0x0000000081e00000, 0x0000000081e00000| Untracked 
|  30|0x0000000081e00000, 0x0000000081f00000, 0x0000000081f00000|100%| O|  |TAMS 0x0000000081f00000, 0x0000000081f00000| Untracked 
|  31|0x0000000081f00000, 0x0000000082000000, 0x0000000082000000|100%| O|  |TAMS 0x0000000082000000, 0x0000000082000000| Untracked 
|  32|0x0000000082000000, 0x0000000082100000, 0x0000000082100000|100%| O|  |TAMS 0x0000000082100000, 0x0000000082100000| Untracked 
|  33|0x0000000082100000, 0x0000000082200000, 0x0000000082200000|100%| O|  |TAMS 0x0000000082200000, 0x0000000082200000| Untracked 
|  34|0x0000000082200000, 0x0000000082300000, 0x0000000082300000|100%|HS|  |TAMS 0x0000000082300000, 0x0000000082300000| Complete 
|  35|0x0000000082300000, 0x0000000082400000, 0x0000000082400000|100%|HC|  |TAMS 0x0000000082400000, 0x0000000082400000| Complete 
|  36|0x0000000082400000, 0x0000000082500000, 0x0000000082500000|100%|HC|  |TAMS 0x0000000082500000, 0x0000000082500000| Complete 
|  37|0x0000000082500000, 0x0000000082600000, 0x0000000082600000|100%|HS|  |TAMS 0x0000000082600000, 0x0000000082600000| Complete 
|  38|0x0000000082600000, 0x0000000082700000, 0x0000000082700000|100%|HC|  |TAMS 0x0000000082700000, 0x0000000082700000| Complete 
|  39|0x0000000082700000, 0x0000000082800000, 0x0000000082800000|100%| O|  |TAMS 0x0000000082800000, 0x0000000082800000| Untracked 
|  40|0x0000000082800000, 0x0000000082900000, 0x0000000082900000|100%| O|  |TAMS 0x0000000082900000, 0x0000000082900000| Untracked 
|  41|0x0000000082900000, 0x0000000082a00000, 0x0000000082a00000|100%| O|  |TAMS 0x0000000082a00000, 0x0000000082a00000| Untracked 
|  42|0x0000000082a00000, 0x0000000082b00000, 0x0000000082b00000|100%| O|  |TAMS 0x0000000082b00000, 0x0000000082b00000| Untracked 
|  43|0x0000000082b00000, 0x0000000082c00000, 0x0000000082c00000|100%| O|  |TAMS 0x0000000082c00000, 0x0000000082c00000| Untracked 
|  44|0x0000000082c00000, 0x0000000082d00000, 0x0000000082d00000|100%| O|  |TAMS 0x0000000082d00000, 0x0000000082d00000| Untracked 
|  45|0x0000000082d00000, 0x0000000082e00000, 0x0000000082e00000|100%| O|  |TAMS 0x0000000082e00000, 0x0000000082e00000| Untracked 
|  46|0x0000000082e00000, 0x0000000082f00000, 0x0000000082f00000|100%| O|  |TAMS 0x0000000082f00000, 0x0000000082f00000| Untracked 
|  47|0x0000000082f00000, 0x0000000083000000, 0x0000000083000000|100%| O|  |TAMS 0x0000000083000000, 0x0000000083000000| Untracked 
|  48|0x0000000083000000, 0x0000000083100000, 0x0000000083100000|100%| O|  |TAMS 0x0000000083100000, 0x0000000083100000| Untracked 
|  49|0x0000000083100000, 0x0000000083200000, 0x0000000083200000|100%| O|  |TAMS 0x0000000083200000, 0x0000000083200000| Untracked 
|  50|0x0000000083200000, 0x0000000083300000, 0x0000000083300000|100%| O|  |TAMS 0x0000000083300000, 0x0000000083300000| Untracked 
|  51|0x0000000083300000, 0x0000000083400000, 0x0000000083400000|100%| O|  |TAMS 0x0000000083400000, 0x0000000083400000| Untracked 
|  52|0x0000000083400000, 0x0000000083500000, 0x0000000083500000|100%| O|  |TAMS 0x0000000083500000, 0x0000000083500000| Untracked 
|  53|0x0000000083500000, 0x0000000083600000, 0x0000000083600000|100%| O|  |TAMS 0x0000000083600000, 0x0000000083600000| Untracked 
|  54|0x0000000083600000, 0x0000000083700000, 0x0000000083700000|100%| O|  |TAMS 0x0000000083676c00, 0x0000000083700000| Untracked 
|  55|0x0000000083700000, 0x0000000083800000, 0x0000000083800000|100%| O|  |TAMS 0x0000000083700000, 0x0000000083800000| Untracked 
|  56|0x0000000083800000, 0x0000000083900000, 0x0000000083900000|100%| O|  |TAMS 0x0000000083800000, 0x0000000083900000| Untracked 
|  57|0x0000000083900000, 0x0000000083a00000, 0x0000000083a00000|100%| O|  |TAMS 0x0000000083900000, 0x0000000083a00000| Untracked 
|  58|0x0000000083a00000, 0x0000000083b00000, 0x0000000083b00000|100%| O|  |TAMS 0x0000000083a00000, 0x0000000083b00000| Untracked 
|  59|0x0000000083b00000, 0x0000000083b00000, 0x0000000083c00000|  0%| F|  |TAMS 0x0000000083b00000, 0x0000000083b00000| Untracked 
|  60|0x0000000083c00000, 0x0000000083c00000, 0x0000000083d00000|  0%| F|  |TAMS 0x0000000083c00000, 0x0000000083c00000| Untracked 
|  61|0x0000000083d00000, 0x0000000083d00000, 0x0000000083e00000|  0%| F|  |TAMS 0x0000000083d00000, 0x0000000083d00000| Untracked 
|  62|0x0000000083e00000, 0x0000000083e00000, 0x0000000083f00000|  0%| F|  |TAMS 0x0000000083e00000, 0x0000000083e00000| Untracked 
|  63|0x0000000083f00000, 0x0000000083f00000, 0x0000000084000000|  0%| F|  |TAMS 0x0000000083f00000, 0x0000000083f00000| Untracked 
|  64|0x0000000084000000, 0x0000000084000000, 0x0000000084100000|  0%| F|  |TAMS 0x0000000084000000, 0x0000000084000000| Untracked 
|  65|0x0000000084100000, 0x0000000084100000, 0x0000000084200000|  0%| F|  |TAMS 0x0000000084100000, 0x0000000084100000| Untracked 
|  66|0x0000000084200000, 0x0000000084200000, 0x0000000084300000|  0%| F|  |TAMS 0x0000000084200000, 0x0000000084200000| Untracked 
|  67|0x0000000084300000, 0x0000000084300000, 0x0000000084400000|  0%| F|  |TAMS 0x0000000084300000, 0x0000000084300000| Untracked 
|  68|0x0000000084400000, 0x0000000084400000, 0x0000000084500000|  0%| F|  |TAMS 0x0000000084400000, 0x0000000084400000| Untracked 
|  69|0x0000000084500000, 0x0000000084500000, 0x0000000084600000|  0%| F|  |TAMS 0x0000000084500000, 0x0000000084500000| Untracked 
|  70|0x0000000084600000, 0x0000000084600000, 0x0000000084700000|  0%| F|  |TAMS 0x0000000084600000, 0x0000000084600000| Untracked 
|  71|0x0000000084700000, 0x0000000084700000, 0x0000000084800000|  0%| F|  |TAMS 0x0000000084700000, 0x0000000084700000| Untracked 
|  72|0x0000000084800000, 0x0000000084800000, 0x0000000084900000|  0%| F|  |TAMS 0x0000000084800000, 0x0000000084800000| Untracked 
|  73|0x0000000084900000, 0x0000000084900000, 0x0000000084a00000|  0%| F|  |TAMS 0x0000000084900000, 0x0000000084900000| Untracked 
|  74|0x0000000084a00000, 0x0000000084a00000, 0x0000000084b00000|  0%| F|  |TAMS 0x0000000084a00000, 0x0000000084a00000| Untracked 
|  75|0x0000000084b00000, 0x0000000084bca7e0, 0x0000000084c00000| 79%| S|CS|TAMS 0x0000000084b00000, 0x0000000084b00000| Complete 
|  76|0x0000000084c00000, 0x0000000084d00000, 0x0000000084d00000|100%| S|CS|TAMS 0x0000000084c00000, 0x0000000084c00000| Complete 
|  77|0x0000000084d00000, 0x0000000084d00000, 0x0000000084e00000|  0%| F|  |TAMS 0x0000000084d00000, 0x0000000084d00000| Untracked 
|  78|0x0000000084e00000, 0x0000000084e00000, 0x0000000084f00000|  0%| F|  |TAMS 0x0000000084e00000, 0x0000000084e00000| Untracked 
|  79|0x0000000084f00000, 0x0000000084f00000, 0x0000000085000000|  0%| F|  |TAMS 0x0000000084f00000, 0x0000000084f00000| Untracked 
|  80|0x0000000085000000, 0x0000000085100000, 0x0000000085100000|100%| S|CS|TAMS 0x0000000085000000, 0x0000000085000000| Complete 
|  81|0x0000000085100000, 0x0000000085200000, 0x0000000085200000|100%| S|CS|TAMS 0x0000000085100000, 0x0000000085100000| Complete 
|  82|0x0000000085200000, 0x0000000085200000, 0x0000000085300000|  0%| F|  |TAMS 0x0000000085200000, 0x0000000085200000| Untracked 
|  83|0x0000000085300000, 0x0000000085300000, 0x0000000085400000|  0%| F|  |TAMS 0x0000000085300000, 0x0000000085300000| Untracked 
|  84|0x0000000085400000, 0x0000000085400000, 0x0000000085500000|  0%| F|  |TAMS 0x0000000085400000, 0x0000000085400000| Untracked 
|  85|0x0000000085500000, 0x0000000085500000, 0x0000000085600000|  0%| F|  |TAMS 0x0000000085500000, 0x0000000085500000| Untracked 
|  86|0x0000000085600000, 0x0000000085600000, 0x0000000085700000|  0%| F|  |TAMS 0x0000000085600000, 0x0000000085600000| Untracked 
|  87|0x0000000085700000, 0x0000000085700000, 0x0000000085800000|  0%| F|  |TAMS 0x0000000085700000, 0x0000000085700000| Untracked 
|  88|0x0000000085800000, 0x0000000085800000, 0x0000000085900000|  0%| F|  |TAMS 0x0000000085800000, 0x0000000085800000| Untracked 
|  89|0x0000000085900000, 0x0000000085900000, 0x0000000085a00000|  0%| F|  |TAMS 0x0000000085900000, 0x0000000085900000| Untracked 
|  90|0x0000000085a00000, 0x0000000085a00000, 0x0000000085b00000|  0%| F|  |TAMS 0x0000000085a00000, 0x0000000085a00000| Untracked 
|  91|0x0000000085b00000, 0x0000000085b00000, 0x0000000085c00000|  0%| F|  |TAMS 0x0000000085b00000, 0x0000000085b00000| Untracked 
|  92|0x0000000085c00000, 0x0000000085c00000, 0x0000000085d00000|  0%| F|  |TAMS 0x0000000085c00000, 0x0000000085c00000| Untracked 
|  93|0x0000000085d00000, 0x0000000085d00000, 0x0000000085e00000|  0%| F|  |TAMS 0x0000000085d00000, 0x0000000085d00000| Untracked 
|  94|0x0000000085e00000, 0x0000000085e00000, 0x0000000085f00000|  0%| F|  |TAMS 0x0000000085e00000, 0x0000000085e00000| Untracked 
|  95|0x0000000085f00000, 0x0000000085f00000, 0x0000000086000000|  0%| F|  |TAMS 0x0000000085f00000, 0x0000000085f00000| Untracked 
|  96|0x0000000086000000, 0x0000000086000000, 0x0000000086100000|  0%| F|  |TAMS 0x0000000086000000, 0x0000000086000000| Untracked 
|  97|0x0000000086100000, 0x0000000086100000, 0x0000000086200000|  0%| F|  |TAMS 0x0000000086100000, 0x0000000086100000| Untracked 
|  98|0x0000000086200000, 0x0000000086200000, 0x0000000086300000|  0%| F|  |TAMS 0x0000000086200000, 0x0000000086200000| Untracked 
|  99|0x0000000086300000, 0x0000000086300000, 0x0000000086400000|  0%| F|  |TAMS 0x0000000086300000, 0x0000000086300000| Untracked 
| 100|0x0000000086400000, 0x0000000086400000, 0x0000000086500000|  0%| F|  |TAMS 0x0000000086400000, 0x0000000086400000| Untracked 
| 101|0x0000000086500000, 0x0000000086500000, 0x0000000086600000|  0%| F|  |TAMS 0x0000000086500000, 0x0000000086500000| Untracked 
| 102|0x0000000086600000, 0x0000000086600000, 0x0000000086700000|  0%| F|  |TAMS 0x0000000086600000, 0x0000000086600000| Untracked 
| 103|0x0000000086700000, 0x0000000086700000, 0x0000000086800000|  0%| F|  |TAMS 0x0000000086700000, 0x0000000086700000| Untracked 
| 104|0x0000000086800000, 0x0000000086800000, 0x0000000086900000|  0%| F|  |TAMS 0x0000000086800000, 0x0000000086800000| Untracked 
| 105|0x0000000086900000, 0x0000000086900000, 0x0000000086a00000|  0%| F|  |TAMS 0x0000000086900000, 0x0000000086900000| Untracked 
| 106|0x0000000086a00000, 0x0000000086a00000, 0x0000000086b00000|  0%| F|  |TAMS 0x0000000086a00000, 0x0000000086a00000| Untracked 
| 107|0x0000000086b00000, 0x0000000086b00000, 0x0000000086c00000|  0%| F|  |TAMS 0x0000000086b00000, 0x0000000086b00000| Untracked 
| 108|0x0000000086c00000, 0x0000000086c00000, 0x0000000086d00000|  0%| F|  |TAMS 0x0000000086c00000, 0x0000000086c00000| Untracked 
| 109|0x0000000086d00000, 0x0000000086d00000, 0x0000000086e00000|  0%| F|  |TAMS 0x0000000086d00000, 0x0000000086d00000| Untracked 
| 110|0x0000000086e00000, 0x0000000086e00000, 0x0000000086f00000|  0%| F|  |TAMS 0x0000000086e00000, 0x0000000086e00000| Untracked 
| 111|0x0000000086f00000, 0x0000000086f82010, 0x0000000087000000| 50%| E|  |TAMS 0x0000000086f00000, 0x0000000086f00000| Complete 

Card table byte_map: [0x000001e4e7fc0000,0x000001e4e83c0000] _byte_map_base: 0x000001e4e7bc0000

Marking Bits (Prev, Next): (CMBitMap*) 0x000001e4d36a8138, (CMBitMap*) 0x000001e4d36a8170
 Prev Bits: [0x000001e4e87c0000, 0x000001e4ea7c0000)
 Next Bits: [0x000001e4ea7c0000, 0x000001e4ec7c0000)

Polling page: 0x000001e4d3460000

Metaspace:

Usage:
  Non-class:     63.38 MB capacity,    62.17 MB ( 98%) used,     1.07 MB (  2%) free+waste,   148.25 KB ( <1%) overhead. 
      Class:      9.81 MB capacity,     9.25 MB ( 94%) used,   508.79 KB (  5%) free+waste,    68.31 KB ( <1%) overhead. 
       Both:     73.19 MB capacity,    71.41 MB ( 98%) used,     1.57 MB (  2%) free+waste,   216.56 KB ( <1%) overhead. 

Virtual space:
  Non-class space:       64.00 MB reserved,      63.50 MB (>99%) committed 
      Class space:        1.00 GB reserved,       9.88 MB ( <1%) committed 
             Both:        1.06 GB reserved,      73.38 MB (  7%) committed 

Chunk freelists:
   Non-Class:  56.00 KB
       Class:  4.00 KB
        Both:  60.00 KB

MaxMetaspaceSize: 17179869184.00 GB
CompressedClassSpaceSize: 1.00 GB

CodeHeap 'non-profiled nmethods': size=120064Kb used=3331Kb max_used=3331Kb free=116733Kb
 bounds [0x000001e4e0260000, 0x000001e4e05b0000, 0x000001e4e77a0000]
CodeHeap 'profiled nmethods': size=120000Kb used=13957Kb max_used=13957Kb free=106042Kb
 bounds [0x000001e4d8d30000, 0x000001e4d9ae0000, 0x000001e4e0260000]
CodeHeap 'non-nmethods': size=5696Kb used=2242Kb max_used=2280Kb free=3453Kb
 bounds [0x000001e4d87a0000, 0x000001e4d8a10000, 0x000001e4d8d30000]
 total_blobs=7051 nmethods=6207 adapters=756
 compilation: enabled
              stopped_count=0, restarted_count=0
 full_count=0

Compilation events (20 events):
Event: 60.229 Thread 0x000001e4eec14000 6462       3       com.google.common.util.concurrent.AbstractFuture$UnsafeAtomicHelper::casListeners (13 bytes)
Event: 60.229 Thread 0x000001e4eec14000 nmethod 6462 0x000001e4d9aca490 code [0x000001e4d9aca640, 0x000001e4d9aca818]
Event: 60.229 Thread 0x000001e4eec14000 6463   !   3       com.google.common.cache.LocalCache$Segment::getAndRecordStats (134 bytes)
Event: 60.232 Thread 0x000001e4eec14000 nmethod 6463 0x000001e4d9aca910 code [0x000001e4d9acacc0, 0x000001e4d9acc1a8]
Event: 60.233 Thread 0x000001e4eec14000 6464       3       com.google.common.util.concurrent.AbstractFuture$TrustedFuture::get (5 bytes)
Event: 60.233 Thread 0x000001e4eec14000 nmethod 6464 0x000001e4d9accc90 code [0x000001e4d9acce40, 0x000001e4d9accf68]
Event: 60.233 Thread 0x000001e4eec14000 6465       3       com.google.common.util.concurrent.AbstractFuture::getDoneValue (55 bytes)
Event: 60.234 Thread 0x000001e4eec14000 nmethod 6465 0x000001e4d9acd010 code [0x000001e4d9acd240, 0x000001e4d9acda88]
Event: 60.234 Thread 0x000001e4eec14000 6466       3       com.google.common.cache.LocalCache$LoadingValueReference::notifyNewValue (21 bytes)
Event: 60.235 Thread 0x000001e4eec14000 nmethod 6466 0x000001e4d9acdc90 code [0x000001e4d9acde80, 0x000001e4d9ace1a8]
Event: 60.235 Thread 0x000001e4eec14000 6467   !   3       com.google.common.cache.LocalCache$LoadingValueReference::loadFuture (125 bytes)
Event: 60.238 Thread 0x000001e4eec14000 nmethod 6467 0x000001e4d9ace310 code [0x000001e4d9ace620, 0x000001e4d9acf4f8]
Event: 60.248 Thread 0x000001e4eec14000 6468       3       org.gradle.api.internal.collections.IterationOrderRetainingSetElementSource::<init> (17 bytes)
Event: 60.249 Thread 0x000001e4eec14000 nmethod 6468 0x000001e4d9acfd10 code [0x000001e4d9acff60, 0x000001e4d9ad0a58]
Event: 60.252 Thread 0x000001e4eec14000 6469       3       org.gradle.api.internal.artifacts.repositories.resolver.AbstractResourcePattern::isOptionalToken (153 bytes)
Event: 60.256 Thread 0x000001e4eec14000 nmethod 6469 0x000001e4d9ad0e10 code [0x000001e4d9ad1120, 0x000001e4d9ad22a8]
Event: 60.258 Thread 0x000001e4eec14000 6470   !   3       org.gradle.internal.serialize.kryo.KryoBackedDecoder::readNullableString (15 bytes)
Event: 60.259 Thread 0x000001e4eec14000 nmethod 6470 0x000001e4d9ad2a10 code [0x000001e4d9ad2c20, 0x000001e4d9ad3188]
Event: 60.260 Thread 0x000001e4eec14000 6471   !   3       org.gradle.internal.serialize.kryo.KryoBackedDecoder::readSmallInt (16 bytes)
Event: 60.261 Thread 0x000001e4eec14000 nmethod 6471 0x000001e4d9ad3390 code [0x000001e4d9ad35c0, 0x000001e4d9ad3ba8]

GC Heap History (20 events):
Event: 39.992 GC heap before
{Heap before GC invocations=15 (full 0):
 garbage-first heap   total 95232K, used 74037K [0x0000000080000000, 0x0000000100000000)
  region size 1024K, 35 young (35840K), 4 survivors (4096K)
 Metaspace       used 46223K, capacity 47433K, committed 47488K, reserved 1091584K
  class space    used 5936K, capacity 6258K, committed 6272K, reserved 1048576K
}
Event: 40.024 GC heap after
{Heap after GC invocations=16 (full 0):
 garbage-first heap   total 95232K, used 48561K [0x0000000080000000, 0x0000000100000000)
  region size 1024K, 5 young (5120K), 5 survivors (5120K)
 Metaspace       used 46223K, capacity 47433K, committed 47488K, reserved 1091584K
  class space    used 5936K, capacity 6258K, committed 6272K, reserved 1048576K
}
Event: 41.937 GC heap before
{Heap before GC invocations=16 (full 0):
 garbage-first heap   total 95232K, used 73137K [0x0000000080000000, 0x0000000100000000)
  region size 1024K, 30 young (30720K), 5 survivors (5120K)
 Metaspace       used 50326K, capacity 51640K, committed 51840K, reserved 1093632K
  class space    used 6409K, capacity 6768K, committed 6784K, reserved 1048576K
}
Event: 41.964 GC heap after
{Heap after GC invocations=17 (full 0):
 garbage-first heap   total 95232K, used 52860K [0x0000000080000000, 0x0000000100000000)
  region size 1024K, 4 young (4096K), 4 survivors (4096K)
 Metaspace       used 50326K, capacity 51640K, committed 51840K, reserved 1093632K
  class space    used 6409K, capacity 6768K, committed 6784K, reserved 1048576K
}
Event: 43.795 GC heap before
{Heap before GC invocations=18 (full 0):
 garbage-first heap   total 95232K, used 74364K [0x0000000080000000, 0x0000000100000000)
  region size 1024K, 26 young (26624K), 4 survivors (4096K)
 Metaspace       used 52476K, capacity 53750K, committed 53888K, reserved 1095680K
  class space    used 6654K, capacity 6997K, committed 7040K, reserved 1048576K
}
Event: 43.828 GC heap after
{Heap after GC invocations=19 (full 0):
 garbage-first heap   total 95232K, used 53463K [0x0000000080000000, 0x0000000100000000)
  region size 1024K, 2 young (2048K), 2 survivors (2048K)
 Metaspace       used 52476K, capacity 53750K, committed 53888K, reserved 1095680K
  class space    used 6654K, capacity 6997K, committed 7040K, reserved 1048576K
}
Event: 43.835 GC heap before
{Heap before GC invocations=19 (full 0):
 garbage-first heap   total 95232K, used 53463K [0x0000000080000000, 0x0000000100000000)
  region size 1024K, 3 young (3072K), 2 survivors (2048K)
 Metaspace       used 52476K, capacity 53750K, committed 53888K, reserved 1095680K
  class space    used 6654K, capacity 6997K, committed 7040K, reserved 1048576K
}
Event: 43.844 GC heap after
{Heap after GC invocations=20 (full 0):
 garbage-first heap   total 114688K, used 53590K [0x0000000080000000, 0x0000000100000000)
  region size 1024K, 2 young (2048K), 2 survivors (2048K)
 Metaspace       used 52476K, capacity 53750K, committed 53888K, reserved 1095680K
  class space    used 6654K, capacity 6997K, committed 7040K, reserved 1048576K
}
Event: 46.884 GC heap before
{Heap before GC invocations=21 (full 0):
 garbage-first heap   total 114688K, used 84310K [0x0000000080000000, 0x0000000100000000)
  region size 1024K, 31 young (31744K), 2 survivors (2048K)
 Metaspace       used 54688K, capacity 56044K, committed 56320K, reserved 1097728K
  class space    used 6949K, capacity 7354K, committed 7424K, reserved 1048576K
}
Event: 46.907 GC heap after
{Heap after GC invocations=22 (full 0):
 garbage-first heap   total 114688K, used 55765K [0x0000000080000000, 0x0000000100000000)
  region size 1024K, 4 young (4096K), 4 survivors (4096K)
 Metaspace       used 54688K, capacity 56044K, committed 56320K, reserved 1097728K
  class space    used 6949K, capacity 7354K, committed 7424K, reserved 1048576K
}
Event: 49.758 GC heap before
{Heap before GC invocations=22 (full 0):
 garbage-first heap   total 114688K, used 85461K [0x0000000080000000, 0x0000000100000000)
  region size 1024K, 33 young (33792K), 4 survivors (4096K)
 Metaspace       used 60190K, capacity 61707K, committed 61952K, reserved 1103872K
  class space    used 7643K, capacity 8101K, committed 8192K, reserved 1048576K
}
Event: 49.785 GC heap after
{Heap after GC invocations=23 (full 0):
 garbage-first heap   total 114688K, used 57206K [0x0000000080000000, 0x0000000100000000)
  region size 1024K, 4 young (4096K), 4 survivors (4096K)
 Metaspace       used 60190K, capacity 61707K, committed 61952K, reserved 1103872K
  class space    used 7643K, capacity 8101K, committed 8192K, reserved 1048576K
}
Event: 52.700 GC heap before
{Heap before GC invocations=24 (full 0):
 garbage-first heap   total 114688K, used 87926K [0x0000000080000000, 0x0000000100000000)
  region size 1024K, 34 young (34816K), 4 survivors (4096K)
 Metaspace       used 64547K, capacity 66151K, committed 66304K, reserved 1107968K
  class space    used 8208K, capacity 8693K, committed 8704K, reserved 1048576K
}
Event: 52.730 GC heap after
{Heap after GC invocations=25 (full 0):
 garbage-first heap   total 114688K, used 58637K [0x0000000080000000, 0x0000000100000000)
  region size 1024K, 3 young (3072K), 3 survivors (3072K)
 Metaspace       used 64547K, capacity 66151K, committed 66304K, reserved 1107968K
  class space    used 8208K, capacity 8693K, committed 8704K, reserved 1048576K
}
Event: 55.043 GC heap before
{Heap before GC invocations=25 (full 0):
 garbage-first heap   total 114688K, used 89357K [0x0000000080000000, 0x0000000100000000)
  region size 1024K, 33 young (33792K), 3 survivors (3072K)
 Metaspace       used 67659K, capacity 69297K, committed 69376K, reserved 1110016K
  class space    used 8658K, capacity 9160K, committed 9216K, reserved 1048576K
}
Event: 55.072 GC heap after
{Heap after GC invocations=26 (full 0):
 garbage-first heap   total 114688K, used 60688K [0x0000000080000000, 0x0000000100000000)
  region size 1024K, 5 young (5120K), 5 survivors (5120K)
 Metaspace       used 67659K, capacity 69297K, committed 69376K, reserved 1110016K
  class space    used 8658K, capacity 9160K, committed 9216K, reserved 1048576K
}
Event: 57.744 GC heap before
{Heap before GC invocations=27 (full 0):
 garbage-first heap   total 114688K, used 90384K [0x0000000080000000, 0x0000000100000000)
  region size 1024K, 34 young (34816K), 5 survivors (5120K)
 Metaspace       used 69982K, capacity 71631K, committed 71808K, reserved 1112064K
  class space    used 9017K, capacity 9524K, committed 9600K, reserved 1048576K
}
Event: 57.783 GC heap after
{Heap after GC invocations=28 (full 0):
 garbage-first heap   total 114688K, used 62303K [0x0000000080000000, 0x0000000100000000)
  region size 1024K, 4 young (4096K), 4 survivors (4096K)
 Metaspace       used 69982K, capacity 71631K, committed 71808K, reserved 1112064K
  class space    used 9017K, capacity 9524K, committed 9600K, reserved 1048576K
}
Event: 60.298 GC heap before
{Heap before GC invocations=28 (full 0):
 garbage-first heap   total 114688K, used 91999K [0x0000000080000000, 0x0000000100000000)
  region size 1024K, 33 young (33792K), 4 survivors (4096K)
 Metaspace       used 73128K, capacity 74948K, committed 75136K, reserved 1114112K
  class space    used 9466K, capacity 10044K, committed 10112K, reserved 1048576K
}
Event: 60.333 GC heap after
{Heap after GC invocations=29 (full 0):
 garbage-first heap   total 114688K, used 64297K [0x0000000080000000, 0x0000000100000000)
  region size 1024K, 4 young (4096K), 4 survivors (4096K)
 Metaspace       used 73128K, capacity 74948K, committed 75136K, reserved 1114112K
  class space    used 9466K, capacity 10044K, committed 10112K, reserved 1048576K
}

Deoptimization events (20 events):
Event: 59.082 Thread 0x000001e4f09c9000 Uncommon trap: trap_request=0xffffffde fr.pc=0x000001e4e0346a54 relative=0x0000000000000514
Event: 59.082 Thread 0x000001e4f09c9000 Uncommon trap: reason=class_check action=maybe_recompile pc=0x000001e4e0346a54 method=java.lang.Throwable.<init>(Ljava/lang/String;Ljava/lang/Throwable;)V @ 24 c2
Event: 59.082 Thread 0x000001e4f09c9000 DEOPT PACKING pc=0x000001e4e0346a54 sp=0x0000009b159fa9b0
Event: 59.082 Thread 0x000001e4f09c9000 DEOPT UNPACKING pc=0x000001e4d87c68a9 sp=0x0000009b159fa978 mode 2
Event: 59.508 Thread 0x000001e4f09c9000 Uncommon trap: trap_request=0xffffffde fr.pc=0x000001e4e04e0ea8 relative=0x00000000000002c8
Event: 59.508 Thread 0x000001e4f09c9000 Uncommon trap: reason=class_check action=maybe_recompile pc=0x000001e4e04e0ea8 method=java.util.regex.Matcher.search(I)Z @ 121 c2
Event: 59.508 Thread 0x000001e4f09c9000 DEOPT PACKING pc=0x000001e4e04e0ea8 sp=0x0000009b159fa910
Event: 59.508 Thread 0x000001e4f09c9000 DEOPT UNPACKING pc=0x000001e4d87c68a9 sp=0x0000009b159fa838 mode 2
Event: 59.508 Thread 0x000001e4f09c9000 Uncommon trap: trap_request=0xffffffde fr.pc=0x000001e4e04d58e0 relative=0x0000000000000280
Event: 59.508 Thread 0x000001e4f09c9000 Uncommon trap: reason=class_check action=maybe_recompile pc=0x000001e4e04d58e0 method=java.util.regex.Matcher.search(I)Z @ 121 c2
Event: 59.508 Thread 0x000001e4f09c9000 DEOPT PACKING pc=0x000001e4e04d58e0 sp=0x0000009b159fab20
Event: 59.508 Thread 0x000001e4f09c9000 DEOPT UNPACKING pc=0x000001e4d87c68a9 sp=0x0000009b159faac0 mode 2
Event: 59.957 Thread 0x000001e4f09c9000 Uncommon trap: trap_request=0xffffffde fr.pc=0x000001e4e0346a54 relative=0x0000000000000514
Event: 59.957 Thread 0x000001e4f09c9000 Uncommon trap: reason=class_check action=maybe_recompile pc=0x000001e4e0346a54 method=java.lang.Throwable.<init>(Ljava/lang/String;Ljava/lang/Throwable;)V @ 24 c2
Event: 59.957 Thread 0x000001e4f09c9000 DEOPT PACKING pc=0x000001e4e0346a54 sp=0x0000009b159fb0d0
Event: 59.957 Thread 0x000001e4f09c9000 DEOPT UNPACKING pc=0x000001e4d87c68a9 sp=0x0000009b159fb098 mode 2
Event: 60.240 Thread 0x000001e4f09c9000 Uncommon trap: trap_request=0xffffffbe fr.pc=0x000001e4e0507690 relative=0x0000000000000b90
Event: 60.240 Thread 0x000001e4f09c9000 Uncommon trap: reason=profile_predicate action=maybe_recompile pc=0x000001e4e0507690 method=java.util.TreeMap.getEntryUsingComparator(Ljava/lang/Object;)Ljava/util/TreeMap$Entry; @ 19 c2
Event: 60.240 Thread 0x000001e4f09c9000 DEOPT PACKING pc=0x000001e4e0507690 sp=0x0000009b159fa760
Event: 60.240 Thread 0x000001e4f09c9000 DEOPT UNPACKING pc=0x000001e4d87c68a9 sp=0x0000009b159fa680 mode 2

Classes redefined (0 events):
No events

Internal exceptions (20 events):
Event: 59.518 Thread 0x000001e4f09c9000 Exception <a 'java/security/PrivilegedActionException'{0x0000000085b5c338}> (0x0000000085b5c338) thrown at [./src/hotspot/share/prims/jvm.cpp, line 1297]
Event: 59.518 Thread 0x000001e4f09c9000 Exception <a 'java/security/PrivilegedActionException'{0x0000000085b5d0a8}> (0x0000000085b5d0a8) thrown at [./src/hotspot/share/prims/jvm.cpp, line 1297]
Event: 59.519 Thread 0x000001e4f09c9000 Exception <a 'java/lang/ClassNotFoundException'{0x0000000085b600c8}: org/codehaus/groovy/runtime/NullObjectBeanInfo> (0x0000000085b600c8) thrown at [./src/hotspot/share/classfile/systemDictionary.cpp, line 231]
Event: 59.520 Thread 0x000001e4f09c9000 Exception <a 'java/security/PrivilegedActionException'{0x0000000085b663b8}> (0x0000000085b663b8) thrown at [./src/hotspot/share/prims/jvm.cpp, line 1297]
Event: 59.520 Thread 0x000001e4f09c9000 Exception <a 'java/security/PrivilegedActionException'{0x0000000085b67128}> (0x0000000085b67128) thrown at [./src/hotspot/share/prims/jvm.cpp, line 1297]
Event: 59.522 Thread 0x000001e4f09c9000 Exception <a 'java/security/PrivilegedActionException'{0x0000000085b6f538}> (0x0000000085b6f538) thrown at [./src/hotspot/share/prims/jvm.cpp, line 1297]
Event: 59.522 Thread 0x000001e4f09c9000 Exception <a 'java/security/PrivilegedActionException'{0x0000000085b702a8}> (0x0000000085b702a8) thrown at [./src/hotspot/share/prims/jvm.cpp, line 1297]
Event: 59.522 Thread 0x000001e4f09c9000 Exception <a 'java/lang/ClassNotFoundException'{0x0000000085b732c8}: org/codehaus/groovy/runtime/NullObjectCustomizer> (0x0000000085b732c8) thrown at [./src/hotspot/share/classfile/systemDictionary.cpp, line 231]
Event: 59.566 Thread 0x000001e4f09c9000 Exception <a 'java/lang/NoSuchMethodError'{0x0000000085a01a60}: <clinit>> (0x0000000085a01a60) thrown at [./src/hotspot/share/prims/jni.cpp, line 1362]
Event: 59.602 Thread 0x000001e4f09c9000 Exception <a 'java/lang/NoSuchMethodError'{0x0000000085a5ee30}: <clinit>> (0x0000000085a5ee30) thrown at [./src/hotspot/share/prims/jni.cpp, line 1362]
Event: 59.935 Thread 0x000001e4f09c9000 Exception <a 'java/lang/NoSuchMethodError'{0x00000000856d5430}: <clinit>> (0x00000000856d5430) thrown at [./src/hotspot/share/prims/jni.cpp, line 1362]
Event: 59.955 Thread 0x000001e4f09c9000 Exception <a 'java/lang/NoSuchMethodError'{0x000000008553d910}: <clinit>> (0x000000008553d910) thrown at [./src/hotspot/share/prims/jni.cpp, line 1362]
Event: 59.965 Thread 0x000001e4f09c9000 Exception <a 'java/lang/ClassNotFoundException'{0x000000008556f038}: org/jetbrains/plugins/gradle/tooling/util/SourceSetCachedFinder$1BeanInfo> (0x000000008556f038) thrown at [./src/hotspot/share/classfile/systemDictionary.cpp, line 231]
Event: 59.967 Thread 0x000001e4f09c9000 Exception <a 'java/lang/ClassNotFoundException'{0x000000008557c018}: org/jetbrains/plugins/gradle/tooling/util/SourceSetCachedFinder$1Customizer> (0x000000008557c018) thrown at [./src/hotspot/share/classfile/systemDictionary.cpp, line 231]
Event: 59.978 Thread 0x000001e4f09c9000 Exception <a 'java/lang/ClassNotFoundException'{0x00000000855abbc0}: org/jetbrains/plugins/gradle/tooling/util/SourceSetCachedFinder$2BeanInfo> (0x00000000855abbc0) thrown at [./src/hotspot/share/classfile/systemDictionary.cpp, line 231]
Event: 59.979 Thread 0x000001e4f09c9000 Exception <a 'java/lang/ClassNotFoundException'{0x00000000855b8ba0}: org/jetbrains/plugins/gradle/tooling/util/SourceSetCachedFinder$2Customizer> (0x00000000855b8ba0) thrown at [./src/hotspot/share/classfile/systemDictionary.cpp, line 231]
Event: 59.983 Thread 0x000001e4f09c9000 Exception <a 'java/lang/ClassNotFoundException'{0x00000000855e3300}: org/jetbrains/plugins/gradle/tooling/util/SourceSetCachedFinderBeanInfo> (0x00000000855e3300) thrown at [./src/hotspot/share/classfile/systemDictionary.cpp, line 231]
Event: 59.984 Thread 0x000001e4f09c9000 Exception <a 'java/lang/ClassNotFoundException'{0x00000000855efd28}: org/jetbrains/plugins/gradle/tooling/util/SourceSetCachedFinderCustomizer> (0x00000000855efd28) thrown at [./src/hotspot/share/classfile/systemDictionary.cpp, line 231]
Event: 59.997 Thread 0x000001e4f09c9000 Exception <a 'java/lang/ClassNotFoundException'{0x000000008541af18}: org/jetbrains/plugins/gradle/tooling/util/SourceSetCachedFinder$ArtifactsMapBeanInfo> (0x000000008541af18) thrown at [./src/hotspot/share/classfile/systemDictionary.cpp, line 231]
Event: 59.997 Thread 0x000001e4f09c9000 Exception <a 'java/lang/ClassNotFoundException'{0x0000000085428610}: org/jetbrains/plugins/gradle/tooling/util/SourceSetCachedFinder$ArtifactsMapCustomizer> (0x0000000085428610) thrown at [./src/hotspot/share/classfile/systemDictionary.cpp, line 231]

Events (20 events):
Event: 60.265 loading class org/gradle/api/internal/artifacts/ivyservice/ivyresolve/ErrorHandlingModuleComponentRepository$ErrorHandlingModuleComponentRepositoryAccess
Event: 60.265 loading class org/gradle/api/internal/artifacts/ivyservice/ivyresolve/ErrorHandlingModuleComponentRepository$ErrorHandlingModuleComponentRepositoryAccess done
Event: 60.266 loading class org/gradle/internal/component/model/ComponentResolveMetadata
Event: 60.266 loading class org/gradle/internal/component/model/ComponentResolveMetadata done
Event: 60.266 loading class org/gradle/internal/component/model/ComponentResolveMetadata
Event: 60.266 loading class org/gradle/internal/component/model/ComponentResolveMetadata done
Event: 60.267 loading class org/gradle/internal/component/model/ComponentResolveMetadata
Event: 60.267 loading class org/gradle/internal/component/model/ComponentResolveMetadata done
Event: 60.267 loading class org/gradle/internal/component/model/ComponentResolveMetadata
Event: 60.267 loading class org/gradle/internal/component/model/ComponentResolveMetadata done
Event: 60.268 loading class org/gradle/api/internal/artifacts/ivyservice/modulecache/artifacts/ArtifactsAtRepositoryKey
Event: 60.268 loading class org/gradle/api/internal/artifacts/ivyservice/modulecache/artifacts/ArtifactsAtRepositoryKey done
Event: 60.269 loading class org/gradle/api/internal/artifacts/ivyservice/modulecache/artifacts/DefaultModuleArtifactsCache$ModuleArtifactsKeySerializer
Event: 60.269 loading class org/gradle/api/internal/artifacts/ivyservice/modulecache/artifacts/DefaultModuleArtifactsCache$ModuleArtifactsKeySerializer done
Event: 60.273 loading class org/gradle/api/internal/artifacts/ivyservice/modulecache/artifacts/DefaultModuleArtifactsCache$ModuleArtifactsCacheEntrySerializer
Event: 60.273 loading class org/gradle/api/internal/artifacts/ivyservice/modulecache/artifacts/DefaultModuleArtifactsCache$ModuleArtifactsCacheEntrySerializer done
Event: 60.274 loading class org/gradle/api/internal/artifacts/metadata/ComponentArtifactMetadataSerializer
Event: 60.274 loading class org/gradle/api/internal/artifacts/metadata/ComponentArtifactMetadataSerializer done
Event: 60.297 Executing VM operation: G1CollectForAllocation
Event: 60.333 Executing VM operation: G1CollectForAllocation done


Dynamic libraries:
0x00007ff7f7a70000 - 0x00007ff7f7a7a000 	D:\waseem\4. ELECTIVES MOBILE APP\Android Studio\jre\bin\java.exe
0x00007ffbb25f0000 - 0x00007ffbb27cb000 	C:\WINDOWS\SYSTEM32\ntdll.dll
0x00007ffbb1e90000 - 0x00007ffbb1f3e000 	C:\WINDOWS\System32\KERNEL32.DLL
0x00007ffbaef60000 - 0x00007ffbaf1aa000 	C:\WINDOWS\System32\KERNELBASE.dll
0x00007ffbaee10000 - 0x00007ffbaef06000 	C:\WINDOWS\System32\ucrtbase.dll
0x00007ffba0550000 - 0x00007ffba0567000 	D:\waseem\4. ELECTIVES MOBILE APP\Android Studio\jre\bin\VCRUNTIME140.dll
0x00007ffba04b0000 - 0x00007ffba04c9000 	D:\waseem\4. ELECTIVES MOBILE APP\Android Studio\jre\bin\jli.dll
0x00007ffbb0060000 - 0x00007ffbb01aa000 	C:\WINDOWS\System32\USER32.dll
0x00007ffbafb30000 - 0x00007ffbafb4e000 	C:\WINDOWS\System32\win32u.dll
0x00007ffbb1fb0000 - 0x00007ffbb1fd7000 	C:\WINDOWS\System32\GDI32.dll
0x00007ffbaeb70000 - 0x00007ffbaecf8000 	C:\WINDOWS\System32\gdi32full.dll
0x00007ffbaed70000 - 0x00007ffbaee0a000 	C:\WINDOWS\System32\msvcp_win.dll
0x00007ffba35f0000 - 0x00007ffba3857000 	C:\WINDOWS\WinSxS\amd64_microsoft.windows.common-controls_6595b64144ccf1df_6.0.15063.1155_none_40c7922129a7722b\COMCTL32.dll
0x00007ffbb1bf0000 - 0x00007ffbb1c8d000 	C:\WINDOWS\System32\msvcrt.dll
0x00007ffbafd60000 - 0x00007ffbb0059000 	C:\WINDOWS\System32\combase.dll
0x00007ffbb2460000 - 0x00007ffbb2585000 	C:\WINDOWS\System32\RPCRT4.dll
0x00007ffbaed00000 - 0x00007ffbaed6a000 	C:\WINDOWS\System32\bcryptPrimitives.dll
0x00007ffbb2300000 - 0x00007ffbb232d000 	C:\WINDOWS\System32\IMM32.DLL
0x00007ffb874c0000 - 0x00007ffb8755d000 	D:\waseem\4. ELECTIVES MOBILE APP\Android Studio\jre\bin\msvcp140.dll
0x00007ffb77620000 - 0x00007ffb780dc000 	D:\waseem\4. ELECTIVES MOBILE APP\Android Studio\jre\bin\server\jvm.dll
0x00007ffbb23b0000 - 0x00007ffbb2451000 	C:\WINDOWS\System32\ADVAPI32.dll
0x00007ffbb2590000 - 0x00007ffbb25e9000 	C:\WINDOWS\System32\sechost.dll
0x00007ffbafca0000 - 0x00007ffbafca8000 	C:\WINDOWS\System32\PSAPI.DLL
0x00007ffba4cc0000 - 0x00007ffba4cc9000 	C:\WINDOWS\SYSTEM32\WSOCK32.dll
0x00007ffbad040000 - 0x00007ffbad063000 	C:\WINDOWS\SYSTEM32\WINMM.dll
0x00007ffba0220000 - 0x00007ffba022a000 	C:\WINDOWS\SYSTEM32\VERSION.dll
0x00007ffbb1f40000 - 0x00007ffbb1fac000 	C:\WINDOWS\System32\WS2_32.dll
0x00007ffbacf00000 - 0x00007ffbacf2b000 	C:\WINDOWS\SYSTEM32\WINMMBASE.dll
0x00007ffbaef10000 - 0x00007ffbaef59000 	C:\WINDOWS\System32\cfgmgr32.dll
0x00007ffbaeaf0000 - 0x00007ffbaeb01000 	C:\WINDOWS\System32\kernel.appcore.dll
0x00007ffb9e880000 - 0x00007ffb9e891000 	D:\waseem\4. ELECTIVES MOBILE APP\Android Studio\jre\bin\verify.dll
0x00007ffba7660000 - 0x00007ffba7809000 	C:\WINDOWS\SYSTEM32\DBGHELP.DLL
0x00007ffb9d1f0000 - 0x00007ffb9d219000 	C:\WINDOWS\SYSTEM32\dbgcore.DLL
0x00007ffb87d60000 - 0x00007ffb87d89000 	D:\waseem\4. ELECTIVES MOBILE APP\Android Studio\jre\bin\java.dll
0x00007ffbad140000 - 0x00007ffbad14b000 	D:\waseem\4. ELECTIVES MOBILE APP\Android Studio\jre\bin\jimage.dll
0x00007ffb89520000 - 0x00007ffb89538000 	D:\waseem\4. ELECTIVES MOBILE APP\Android Studio\jre\bin\zip.dll
0x00007ffbb0370000 - 0x00007ffbb17a8000 	C:\WINDOWS\System32\SHELL32.dll
0x00007ffbafcb0000 - 0x00007ffbafd5a000 	C:\WINDOWS\System32\shcore.dll
0x00007ffbaf380000 - 0x00007ffbafa71000 	C:\WINDOWS\System32\windows.storage.dll
0x00007ffbb1e30000 - 0x00007ffbb1e81000 	C:\WINDOWS\System32\shlwapi.dll
0x00007ffbaeaa0000 - 0x00007ffbaeaec000 	C:\WINDOWS\System32\powrprof.dll
0x00007ffbaea60000 - 0x00007ffbaea75000 	C:\WINDOWS\System32\profapi.dll
0x00007ffb7f1e0000 - 0x00007ffb7f1fa000 	D:\waseem\4. ELECTIVES MOBILE APP\Android Studio\jre\bin\net.dll
0x00007ffba15a0000 - 0x00007ffba1676000 	C:\WINDOWS\SYSTEM32\WINHTTP.dll
0x00007ffbae310000 - 0x00007ffbae36c000 	C:\WINDOWS\system32\mswsock.dll
0x00007ffb7f1c0000 - 0x00007ffb7f1d4000 	D:\waseem\4. ELECTIVES MOBILE APP\Android Studio\jre\bin\nio.dll
0x00007ffba86c0000 - 0x00007ffba86de000 	C:\Users\wasee\.gradle\native\25\windows-amd64\native-platform.dll
0x00007ffba8690000 - 0x00007ffba869a000 	D:\waseem\4. ELECTIVES MOBILE APP\Android Studio\jre\bin\management.dll
0x00007ffb9e870000 - 0x00007ffb9e87c000 	D:\waseem\4. ELECTIVES MOBILE APP\Android Studio\jre\bin\management_ext.dll
0x00007ffbae4b0000 - 0x00007ffbae4c7000 	C:\WINDOWS\SYSTEM32\CRYPTSP.dll
0x00007ffbadf20000 - 0x00007ffbadf54000 	C:\WINDOWS\system32\rsaenh.dll
0x00007ffbae930000 - 0x00007ffbae955000 	C:\WINDOWS\SYSTEM32\bcrypt.dll
0x00007ffbae990000 - 0x00007ffbae9b9000 	C:\WINDOWS\SYSTEM32\USERENV.dll
0x00007ffbae4d0000 - 0x00007ffbae4db000 	C:\WINDOWS\SYSTEM32\CRYPTBASE.dll
0x00007ffbae0b0000 - 0x00007ffbae0e7000 	C:\WINDOWS\SYSTEM32\IPHLPAPI.DLL
0x00007ffbb2060000 - 0x00007ffbb2068000 	C:\WINDOWS\System32\NSI.dll
0x00007ffba0be0000 - 0x00007ffba0bf6000 	C:\WINDOWS\SYSTEM32\dhcpcsvc6.DLL
0x00007ffba10b0000 - 0x00007ffba10ca000 	C:\WINDOWS\SYSTEM32\dhcpcsvc.DLL

dbghelp: loaded successfully - version: 4.0.5 - missing functions: none
symbol engine: initialized successfully - sym options: 0x614 - pdb path: .;D:\waseem\4. ELECTIVES MOBILE APP\Android Studio\jre\bin;C:\WINDOWS\SYSTEM32;C:\WINDOWS\WinSxS\amd64_microsoft.windows.common-controls_6595b64144ccf1df_6.0.15063.1155_none_40c7922129a7722b;D:\waseem\4. ELECTIVES MOBILE APP\Android Studio\jre\bin\server;C:\Users\wasee\.gradle\native\25\windows-amd64

VM Arguments:
jvm_args: --add-opens=java.base/java.util=ALL-UNNAMED --add-opens=java.base/java.lang=ALL-UNNAMED --add-opens=java.base/java.lang.invoke=ALL-UNNAMED --add-opens=java.prefs/java.util.prefs=ALL-UNNAMED -Xmx2048m -Dfile.encoding=UTF-8 -Duser.country=ZA -Duser.language=en -Duser.variant 
java_command: org.gradle.launcher.daemon.bootstrap.GradleDaemon 5.1.1
java_class_path (initial): C:\Users\wasee\.gradle\wrapper\dists\gradle-5.1.1-bin\90y9l8txxfw1s2o6ctiqeruwn\gradle-5.1.1\lib\gradle-launcher-5.1.1.jar
Launcher Type: SUN_STANDARD

[Global flags]
     intx CICompilerCount                          = 2                                         {product} {ergonomic}
     uint ConcGCThreads                            = 1                                         {product} {ergonomic}
     uint G1ConcRefinementThreads                  = 2                                         {product} {ergonomic}
   size_t G1HeapRegionSize                         = 1048576                                   {product} {ergonomic}
    uintx GCDrainStackTargetSize                   = 64                                        {product} {ergonomic}
   size_t InitialHeapSize                          = 67108864                                  {product} {ergonomic}
   size_t MarkStackSize                            = 4194304                                   {product} {ergonomic}
   size_t MaxHeapSize                              = 2147483648                                {product} {command line}
   size_t MaxNewSize                               = 1287651328                                {product} {ergonomic}
   size_t MinHeapDeltaBytes                        = 1048576                                   {product} {ergonomic}
    uintx NonNMethodCodeHeapSize                   = 5825164                                {pd product} {ergonomic}
    uintx NonProfiledCodeHeapSize                  = 122916538                              {pd product} {ergonomic}
    uintx ProfiledCodeHeapSize                     = 122916538                              {pd product} {ergonomic}
    uintx ReservedCodeCacheSize                    = 251658240                              {pd product} {ergonomic}
     bool SegmentedCodeCache                       = true                                      {product} {ergonomic}
     bool UseCompressedClassPointers               = true                                 {lp64_product} {ergonomic}
     bool UseCompressedOops                        = true                                 {lp64_product} {ergonomic}
     bool UseG1GC                                  = true                                      {product} {ergonomic}
     bool UseLargePagesIndividualAllocation        = false                                  {pd product} {ergonomic}

Logging:
Log output configuration:
 #0: stdout all=warning uptime,level,tags
 #1: stderr all=off uptime,level,tags

Environment Variables:
PATH=C:\Program Files\Common Files\Oracle\Java\javapath;C:\Program Files (x86)\Common Files\Oracle\Java\javapath;C:\Program Files\OpenJDK\jdk-11.0.8.10-hotspot\bin;C:\Program Files (x86)\Intel\TXE Components\TCS\;C:\Program Files\Intel\TXE Components\TCS\;C:\WINDOWS\system32;C:\WINDOWS;C:\WINDOWS\System32\Wbem;C:\WINDOWS\System32\WindowsPowerShell\v1.0\;C:\Program Files\Intel\TXE Components\DAL\;C:\Program Files (x86)\Intel\TXE Components\DAL\;C:\Program Files\Intel\TXE Components\IPT\;C:\Program Files (x86)\Intel\TXE Components\IPT\;C:\Users\wasee\AppData\Local\Microsoft\WindowsApps;
USERNAME=wasee
OS=Windows_NT
PROCESSOR_IDENTIFIER=Intel64 Family 6 Model 76 Stepping 4, GenuineIntel



---------------  S Y S T E M  ---------------

OS: Windows 10 , 64 bit Build 15063 (10.0.15063.1058)
OS uptime: 0 days 0:50 hours

CPU:total 2 (initial active 2) (2 cores per cpu, 1 threads per core) family 6 model 76 stepping 4, cmov, cx8, fxsr, mmx, sse, sse2, sse3, ssse3, sse4.1, sse4.2, popcnt, aes, clmul, erms, 3dnowpref, tsc, tscinvbit

Memory: 4k page, system-wide physical 4002M (421M free)
TotalPageFile size 4630M (AvailPageFile size 5M)
current process WorkingSet (physical memory assigned to process): 310M, peak: 310M
current process commit charge ("private bytes"): 329M, peak: 329M

vm_info: OpenJDK 64-Bit Server VM (11.0.8+10-b944.6842174) for windows-amd64 JRE (11.0.8+10-b944.6842174), built on Sep 19 2020 01:11:42 by "builder" with MS VC++ 14.0 (VS2015)

END.
