#
# There is insufficient memory for the Java Runtime Environment to continue.
# Native memory allocation (mmap) failed to map 353370112 bytes for Failed to commit area from 0x0000000096e00000 to 0x00000000abf00000 of length 353370112.
# Possible reasons:
#   The system is out of physical RAM or swap space
#   The process is running with CompressedOops enabled, and the Java Heap may be blocking the growth of the native heap
# Possible solutions:
#   Reduce memory load on the system
#   Increase physical memory or swap space
#   Check if swap backing store is full
#   Decrease Java heap size (-Xmx/-Xms)
#   Decrease number of Java threads
#   Decrease Java thread stack sizes (-Xss)
#   Set larger code cache with -XX:ReservedCodeCacheSize=
#   JVM is running with Unscaled Compressed Oops mode in which the Java heap is
#     placed in the first 4GB address space. The Java Heap base address is the
#     maximum limit for the native heap growth. Please use -XX:HeapBaseMinAddress
#     to set the Java Heap base and to place the Java Heap above 4GB virtual address.
# This output file may be truncated or incomplete.
#
#  Out of Memory Error (./src/hotspot/os/windows/os_windows.cpp:3303), pid=8308, tid=2948
#
# JRE version: OpenJDK Runtime Environment (11.0.8+10) (build 11.0.8+10-b944.6842174)
# Java VM: OpenJDK 64-Bit Server VM (11.0.8+10-b944.6842174, mixed mode, tiered, compressed oops, g1 gc, windows-amd64)
# No core dump will be written. Minidumps are not enabled by default on client versions of Windows
#

---------------  S U M M A R Y ------------

Command Line: --add-opens=java.base/java.util=ALL-UNNAMED --add-opens=java.base/java.lang=ALL-UNNAMED --add-opens=java.base/java.lang.invoke=ALL-UNNAMED --add-opens=java.prefs/java.util.prefs=ALL-UNNAMED -Xmx2048m -Dfile.encoding=UTF-8 -Duser.country=ZA -Duser.language=en -Duser.variant org.gradle.launcher.daemon.bootstrap.GradleDaemon 5.1.1

Host: Intel(R) Celeron(R) CPU  N3060  @ 1.60GHz, 2 cores, 3G,  Windows 10 , 64 bit Build 15063 (10.0.15063.1058)
Time: Sun Aug 22 16:16:56 2021 South Africa Standard Time elapsed time: 2794 seconds (0d 0h 46m 34s)

---------------  T H R E A D  ---------------

Current thread (0x000001b16c45b800):  VMThread "VM Thread" [stack: 0x0000003b2b800000,0x0000003b2b900000] [id=2948]

Stack: [0x0000003b2b800000,0x0000003b2b900000]
[error occurred during error reporting (printing stack bounds), id 0xc0000005, EXCEPTION_ACCESS_VIOLATION (0xc0000005) at pc=0x000001b156070dbd]

Native frames: (J=compiled Java code, j=interpreted, Vv=VM code, C=native code)
V  [jvm.dll+0x5de50a]
V  [jvm.dll+0x7122f5]
V  [jvm.dll+0x71384d]
V  [jvm.dll+0x713e65]
V  [jvm.dll+0x713e1b]
V  [jvm.dll+0x5dd958]
V  [jvm.dll+0x5de0f8]
C  [ntdll.dll+0xa9ffd]
C  [ntdll.dll+0x351c8]
C  [ntdll.dll+0xa907e]
C  0x000001b156070dbd

VM_Operation (0x0000003b318fe540): G1CollectForAllocation, mode: safepoint, requested by thread 0x000001b16fcc2800


---------------  P R O C E S S  ---------------

Threads class SMR info:
_java_thread_list=0x000001b1790bf5a0, length=43, elements={
0x000001b150f2a800, 0x000001b16c45f800, 0x000001b16c46b800, 0x000001b16c47a800,
0x000001b16c47c000, 0x000001b16c47d000, 0x000001b16ce1a000, 0x000001b16ce1d000,
0x000001b16cf16800, 0x000001b16cf5f000, 0x000001b16e594800, 0x000001b16d0ae800,
0x000001b16dc2c800, 0x000001b16d93b000, 0x000001b16d93a000, 0x000001b16d937800,
0x000001b16fcc5000, 0x000001b16fcc3000, 0x000001b16d93c000, 0x000001b17138f800,
0x000001b17138b800, 0x000001b171390800, 0x000001b17138c800, 0x000001b17138d000,
0x000001b17138a800, 0x000001b171393800, 0x000001b171391000, 0x000001b171392000,
0x000001b17138e000, 0x000001b171394800, 0x000001b171393000, 0x000001b17138e800,
0x000001b171397800, 0x000001b171395000, 0x000001b171396000, 0x000001b171397000,
0x000001b171398800, 0x000001b16fcc7800, 0x000001b16fcc4000, 0x000001b16fcc6800,
0x000001b16fcc5800, 0x000001b16fcc8000, 0x000001b16fcc2800
}

Java Threads: ( => current thread )
  0x000001b150f2a800 JavaThread "main" [_thread_blocked, id=1272, stack(0x0000003b2b200000,0x0000003b2b300000)]
  0x000001b16c45f800 JavaThread "Reference Handler" daemon [_thread_blocked, id=9640, stack(0x0000003b2b900000,0x0000003b2ba00000)]
  0x000001b16c46b800 JavaThread "Finalizer" daemon [_thread_blocked, id=6684, stack(0x0000003b2ba00000,0x0000003b2bb00000)]
  0x000001b16c47a800 JavaThread "Signal Dispatcher" daemon [_thread_blocked, id=10396, stack(0x0000003b2bc00000,0x0000003b2bd00000)]
  0x000001b16c47c000 JavaThread "Attach Listener" daemon [_thread_blocked, id=7508, stack(0x0000003b2bd00000,0x0000003b2be00000)]
  0x000001b16c47d000 JavaThread "C2 CompilerThread0" daemon [_thread_in_native, id=9576, stack(0x0000003b2be00000,0x0000003b2bf00000)]
  0x000001b16ce1a000 JavaThread "C1 CompilerThread0" daemon [_thread_blocked, id=2252, stack(0x0000003b2bf00000,0x0000003b2c000000)]
  0x000001b16ce1d000 JavaThread "Sweeper thread" daemon [_thread_blocked, id=4808, stack(0x0000003b2c000000,0x0000003b2c100000)]
  0x000001b16cf16800 JavaThread "Common-Cleaner" daemon [_thread_blocked, id=9288, stack(0x0000003b2c100000,0x0000003b2c200000)]
  0x000001b16cf5f000 JavaThread "Service Thread" daemon [_thread_blocked, id=7788, stack(0x0000003b2c200000,0x0000003b2c300000)]
  0x000001b16e594800 JavaThread "Incoming local TCP Connector on port 61085" [_thread_in_native, id=10316, stack(0x0000003b2c500000,0x0000003b2c600000)]
  0x000001b16d0ae800 JavaThread "Daemon periodic checks" [_thread_blocked, id=7932, stack(0x0000003b2c600000,0x0000003b2c700000)]
  0x000001b16dc2c800 JavaThread "Cache worker for file hash cache (C:\Users\wasee\.gradle\caches\5.1.1\fileHashes)" [_thread_blocked, id=11864, stack(0x0000003b2ce00000,0x0000003b2cf00000)]
  0x000001b16d93b000 JavaThread "File lock request listener" [_thread_in_native, id=10220, stack(0x0000003b2cf00000,0x0000003b2d000000)]
  0x000001b16d93a000 JavaThread "Cache worker for journal cache (C:\Users\wasee\.gradle\caches\journal-1)" [_thread_blocked, id=10192, stack(0x0000003b2d000000,0x0000003b2d100000)]
  0x000001b16d937800 JavaThread "Cache worker for execution history cache (C:\Users\wasee\.gradle\caches\5.1.1\executionHistory)" [_thread_blocked, id=3360, stack(0x0000003b2d400000,0x0000003b2d500000)]
  0x000001b16fcc5000 JavaThread "Memory manager" [_thread_blocked, id=10216, stack(0x0000003b2d800000,0x0000003b2d900000)]
  0x000001b16fcc3000 JavaThread "Cache worker for file content cache (C:\Users\wasee\.gradle\caches\5.1.1\fileContent)" [_thread_blocked, id=9604, stack(0x0000003b2d900000,0x0000003b2da00000)]
  0x000001b16d93c000 JavaThread "ForkJoinPool.commonPool-worker-1" daemon [_thread_blocked, id=10300, stack(0x0000003b2f500000,0x0000003b2f600000)]
  0x000001b17138f800 JavaThread "Cache worker for Java compile cache (C:\Users\wasee\.gradle\caches\5.1.1\javaCompile)" [_thread_blocked, id=1788, stack(0x0000003b2fb00000,0x0000003b2fc00000)]
  0x000001b17138b800 JavaThread "Daemon Thread 3" [_thread_blocked, id=11880, stack(0x0000003b30200000,0x0000003b30300000)]
  0x000001b171390800 JavaThread "Handler for socket connection from /127.0.0.1:61085 to /127.0.0.1:55287" [_thread_in_native, id=12048, stack(0x0000003b30300000,0x0000003b30400000)]
  0x000001b17138c800 JavaThread "Cancel handler" [_thread_blocked, id=6928, stack(0x0000003b30400000,0x0000003b30500000)]
  0x000001b17138d000 JavaThread "Daemon worker Thread 3" [_thread_blocked, id=11092, stack(0x0000003b30500000,0x0000003b30600000)]
  0x000001b17138a800 JavaThread "Asynchronous log dispatcher for DefaultDaemonConnection: socket connection from /127.0.0.1:61085 to /127.0.0.1:55287" [_thread_blocked, id=9624, stack(0x0000003b30600000,0x0000003b30700000)]
  0x000001b171393800 JavaThread "Stdin handler" [_thread_blocked, id=6540, stack(0x0000003b30700000,0x0000003b30800000)]
  0x000001b171391000 JavaThread "Thread-45" [_thread_blocked, id=2552, stack(0x0000003b30800000,0x0000003b30900000)]
  0x000001b171392000 JavaThread "Cache worker for file hash cache (C:\Users\wasee\AndroidStudioProjects\TimeManagementTool\.gradle\5.1.1\fileHashes)" [_thread_blocked, id=10632, stack(0x0000003b30900000,0x0000003b30a00000)]
  0x000001b17138e000 JavaThread "Cache worker for cache directory md-supplier (C:\Users\wasee\.gradle\caches\5.1.1\md-supplier)" [_thread_blocked, id=8008, stack(0x0000003b30a00000,0x0000003b30b00000)]
  0x000001b171394800 JavaThread "Cache worker for cache directory md-rule (C:\Users\wasee\.gradle\caches\5.1.1\md-rule)" [_thread_blocked, id=7060, stack(0x0000003b30b00000,0x0000003b30c00000)]
  0x000001b171393000 JavaThread "Build operations" [_thread_blocked, id=5816, stack(0x0000003b30c00000,0x0000003b30d00000)]
  0x000001b17138e800 JavaThread "Build operations Thread 2" [_thread_blocked, id=11956, stack(0x0000003b30d00000,0x0000003b30e00000)]
  0x000001b171397800 JavaThread "Cache worker for Build Output Cleanup Cache (C:\Users\wasee\AndroidStudioProjects\TimeManagementTool\.gradle\buildOutputCleanup)" [_thread_blocked, id=1844, stack(0x0000003b30e00000,0x0000003b30f00000)]
  0x000001b171395000 JavaThread "Cache worker for file content cache (C:\Users\wasee\AndroidStudioProjects\TimeManagementTool\.gradle\5.1.1\fileContent)" [_thread_blocked, id=5052, stack(0x0000003b30f00000,0x0000003b31000000)]
  0x000001b171396000 JavaThread "Execution worker for ':'" [_thread_blocked, id=7760, stack(0x0000003b31000000,0x0000003b31100000)]
  0x000001b171397000 JavaThread "Cache worker for execution history cache (C:\Users\wasee\AndroidStudioProjects\TimeManagementTool\.gradle\5.1.1\executionHistory)" [_thread_blocked, id=7656, stack(0x0000003b31100000,0x0000003b31200000)]
  0x000001b171398800 JavaThread "pool-7-thread-1" [_thread_blocked, id=12100, stack(0x0000003b31200000,0x0000003b31300000)]
  0x000001b16fcc7800 JavaThread "stderr" [_thread_in_native, id=5336, stack(0x0000003b31300000,0x0000003b31400000)]
  0x000001b16fcc4000 JavaThread "stdout" [_thread_in_native, id=6060, stack(0x0000003b31400000,0x0000003b31500000)]
  0x000001b16fcc6800 JavaThread "Cache worker for Java compile cache (C:\Users\wasee\AndroidStudioProjects\TimeManagementTool\.gradle\5.1.1\javaCompile)" [_thread_blocked, id=9988, stack(0x0000003b31500000,0x0000003b31600000)]
  0x000001b16fcc5800 JavaThread "ForkJoinPool.commonPool-worker-3" daemon [_thread_blocked, id=980, stack(0x0000003b31600000,0x0000003b31700000)]
  0x000001b16fcc8000 JavaThread "ForkJoinPool-14-worker-3" daemon [_thread_blocked, id=8056, stack(0x0000003b31700000,0x0000003b31800000)]
  0x000001b16fcc2800 JavaThread "ForkJoinPool-14-worker-1" daemon [_thread_blocked, id=6688, stack(0x0000003b31800000,0x0000003b31900000)]

Other Threads:
=>0x000001b16c45b800 VMThread "VM Thread" [stack: 0x0000003b2b800000,0x0000003b2b900000] [id=2948]
  0x000001b16cf64000 WatcherThread [stack: 0x0000003b2c300000,0x0000003b2c400000] [id=10624]
  0x000001b150f42800 GCTaskThread "GC Thread#0" [stack: 0x0000003b2b300000,0x0000003b2b400000] [id=6696]
  0x000001b16d358800 GCTaskThread "GC Thread#1" [stack: 0x0000003b2c400000,0x0000003b2c500000] [id=9520]
  0x000001b150f71800 ConcurrentGCThread "G1 Main Marker" [stack: 0x0000003b2b400000,0x0000003b2b500000] [id=10248]
  0x000001b150f72800 ConcurrentGCThread "G1 Conc#0" [stack: 0x0000003b2b500000,0x0000003b2b600000] [id=5212]
  0x000001b150fc3000 ConcurrentGCThread "G1 Refine#0" [stack: 0x0000003b2b600000,0x0000003b2b700000] [id=6700]
  0x000001b170b10800 ConcurrentGCThread "G1 Refine#1" [stack: 0x0000003b2e000000,0x0000003b2e100000] [id=7712]
  0x000001b150fc5800 ConcurrentGCThread "G1 Young RemSet Sampling" [stack: 0x0000003b2b700000,0x0000003b2b800000] [id=12104]

Threads with active compile tasks:
C2 CompilerThread02794956 18149       4       com.android.tools.r8.graph.ProgramClassVisitor::accept (54 bytes)

VM state:at safepoint (normal execution)

VM Mutex/Monitor currently owned by a thread:  ([mutex/lock_event])
[0x000001b150f27220] Threads_lock - owner thread: 0x000001b16c45b800
[0x000001b150f27730] Heap_lock - owner thread: 0x000001b16fcc2800

Heap address: 0x0000000080000000, size: 2048 MB, Compressed Oops mode: 32-bit
Narrow klass base: 0x0000000000000000, Narrow klass shift: 3
Compressed class space size: 1073741824 Address: 0x0000000100000000

Heap:
 garbage-first heap   total 719872K, used 155937K [0x0000000080000000, 0x0000000100000000)
  region size 1024K, 3 young (3072K), 3 survivors (3072K)
 Metaspace       used 102077K, capacity 104155K, committed 104960K, reserved 1140736K
  class space    used 12321K, capacity 13035K, committed 13312K, reserved 1048576K
Heap Regions: E=young(eden), S=young(survivor), O=old, HS=humongous(starts), HC=humongous(continues), CS=collection set, F=free, A=archive, TAMS=top-at-mark-start (previous, next)
|   0|0x0000000080000000, 0x0000000080100000, 0x0000000080100000|100%|HS|  |TAMS 0x0000000080100000, 0x0000000080000000| Complete 
|   1|0x0000000080100000, 0x0000000080200000, 0x0000000080200000|100%| O|  |TAMS 0x0000000080200000, 0x0000000080100000| Untracked 
|   2|0x0000000080200000, 0x0000000080300000, 0x0000000080300000|100%| O|  |TAMS 0x0000000080300000, 0x0000000080200000| Untracked 
|   3|0x0000000080300000, 0x0000000080400000, 0x0000000080400000|100%|HS|  |TAMS 0x0000000080400000, 0x0000000080300000| Complete 
|   4|0x0000000080400000, 0x0000000080500000, 0x0000000080500000|100%|HC|  |TAMS 0x0000000080500000, 0x0000000080400000| Complete 
|   5|0x0000000080500000, 0x0000000080600000, 0x0000000080600000|100%| O|  |TAMS 0x0000000080600000, 0x0000000080500000| Complete 
|   6|0x0000000080600000, 0x0000000080700000, 0x0000000080700000|100%| O|  |TAMS 0x0000000080700000, 0x0000000080600000| Complete 
|   7|0x0000000080700000, 0x0000000080800000, 0x0000000080800000|100%| O|  |TAMS 0x0000000080800000, 0x0000000080700000| Untracked 
|   8|0x0000000080800000, 0x0000000080900000, 0x0000000080900000|100%| O|  |TAMS 0x0000000080900000, 0x0000000080800000| Untracked 
|   9|0x0000000080900000, 0x0000000080a00000, 0x0000000080a00000|100%| O|  |TAMS 0x0000000080a00000, 0x0000000080900000| Untracked 
|  10|0x0000000080a00000, 0x0000000080b00000, 0x0000000080b00000|100%| O|  |TAMS 0x0000000080b00000, 0x0000000080a00000| Complete 
|  11|0x0000000080b00000, 0x0000000080c00000, 0x0000000080c00000|100%| O|  |TAMS 0x0000000080c00000, 0x0000000080b00000| Untracked 
|  12|0x0000000080c00000, 0x0000000080d00000, 0x0000000080d00000|100%| O|  |TAMS 0x0000000080d00000, 0x0000000080c00000| Complete 
|  13|0x0000000080d00000, 0x0000000080e00000, 0x0000000080e00000|100%| O|  |TAMS 0x0000000080e00000, 0x0000000080d00000| Complete 
|  14|0x0000000080e00000, 0x0000000080f00000, 0x0000000080f00000|100%|HS|  |TAMS 0x0000000080f00000, 0x0000000080e00000| Complete 
|  15|0x0000000080f00000, 0x0000000081000000, 0x0000000081000000|100%|HC|  |TAMS 0x0000000081000000, 0x0000000080f00000| Complete 
|  16|0x0000000081000000, 0x0000000081100000, 0x0000000081100000|100%|HS|  |TAMS 0x0000000081100000, 0x0000000081000000| Complete 
|  17|0x0000000081100000, 0x0000000081200000, 0x0000000081200000|100%|HC|  |TAMS 0x0000000081200000, 0x0000000081100000| Complete 
|  18|0x0000000081200000, 0x0000000081300000, 0x0000000081300000|100%|HC|  |TAMS 0x0000000081300000, 0x0000000081200000| Complete 
|  19|0x0000000081300000, 0x0000000081400000, 0x0000000081400000|100%|HS|  |TAMS 0x0000000081400000, 0x0000000081300000| Complete 
|  20|0x0000000081400000, 0x0000000081500000, 0x0000000081500000|100%|HC|  |TAMS 0x0000000081500000, 0x0000000081400000| Complete 
|  21|0x0000000081500000, 0x0000000081600000, 0x0000000081600000|100%|HC|  |TAMS 0x0000000081600000, 0x0000000081500000| Complete 
|  22|0x0000000081600000, 0x0000000081700000, 0x0000000081700000|100%|HC|  |TAMS 0x0000000081700000, 0x0000000081600000| Complete 
|  23|0x0000000081700000, 0x0000000081800000, 0x0000000081800000|100%| O|  |TAMS 0x0000000081800000, 0x0000000081700000| Complete 
|  24|0x0000000081800000, 0x0000000081900000, 0x0000000081900000|100%| O|  |TAMS 0x0000000081900000, 0x0000000081800000| Untracked 
|  25|0x0000000081900000, 0x0000000081a00000, 0x0000000081a00000|100%| O|  |TAMS 0x0000000081a00000, 0x0000000081900000| Untracked 
|  26|0x0000000081a00000, 0x0000000081b00000, 0x0000000081b00000|100%| O|  |TAMS 0x0000000081b00000, 0x0000000081a00000| Complete 
|  27|0x0000000081b00000, 0x0000000081c00000, 0x0000000081c00000|100%| O|  |TAMS 0x0000000081c00000, 0x0000000081b00000| Complete 
|  28|0x0000000081c00000, 0x0000000081d00000, 0x0000000081d00000|100%|HS|  |TAMS 0x0000000081d00000, 0x0000000081c00000| Complete 
|  29|0x0000000081d00000, 0x0000000081e00000, 0x0000000081e00000|100%|HC|  |TAMS 0x0000000081e00000, 0x0000000081d00000| Complete 
|  30|0x0000000081e00000, 0x0000000081f00000, 0x0000000081f00000|100%| O|  |TAMS 0x0000000081f00000, 0x0000000081e00000| Complete 
|  31|0x0000000081f00000, 0x0000000082000000, 0x0000000082000000|100%| O|  |TAMS 0x0000000082000000, 0x0000000081f00000| Complete 
|  32|0x0000000082000000, 0x0000000082100000, 0x0000000082100000|100%| O|  |TAMS 0x0000000082100000, 0x0000000082000000| Complete 
|  33|0x0000000082100000, 0x0000000082200000, 0x0000000082200000|100%|HS|  |TAMS 0x0000000082200000, 0x0000000082100000| Complete 
|  34|0x0000000082200000, 0x0000000082300000, 0x0000000082300000|100%|HC|  |TAMS 0x0000000082300000, 0x0000000082200000| Complete 
|  35|0x0000000082300000, 0x0000000082400000, 0x0000000082400000|100%|HC|  |TAMS 0x0000000082400000, 0x0000000082300000| Complete 
|  36|0x0000000082400000, 0x0000000082500000, 0x0000000082500000|100%| O|  |TAMS 0x0000000082500000, 0x0000000082400000| Complete 
|  37|0x0000000082500000, 0x0000000082600000, 0x0000000082600000|100%| O|  |TAMS 0x0000000082600000, 0x0000000082500000| Complete 
|  38|0x0000000082600000, 0x0000000082700000, 0x0000000082700000|100%| O|  |TAMS 0x0000000082700000, 0x0000000082600000| Complete 
|  39|0x0000000082700000, 0x0000000082800000, 0x0000000082800000|100%| O|  |TAMS 0x0000000082800000, 0x0000000082700000| Untracked 
|  40|0x0000000082800000, 0x0000000082900000, 0x0000000082900000|100%| O|  |TAMS 0x0000000082900000, 0x0000000082800000| Untracked 
|  41|0x0000000082900000, 0x0000000082a00000, 0x0000000082a00000|100%| O|  |TAMS 0x0000000082a00000, 0x0000000082900000| Untracked 
|  42|0x0000000082a00000, 0x0000000082b00000, 0x0000000082b00000|100%| O|  |TAMS 0x0000000082b00000, 0x0000000082a00000| Untracked 
|  43|0x0000000082b00000, 0x0000000082c00000, 0x0000000082c00000|100%| O|  |TAMS 0x0000000082c00000, 0x0000000082b00000| Complete 
|  44|0x0000000082c00000, 0x0000000082d00000, 0x0000000082d00000|100%| O|  |TAMS 0x0000000082d00000, 0x0000000082c00000| Complete 
|  45|0x0000000082d00000, 0x0000000082e00000, 0x0000000082e00000|100%| O|  |TAMS 0x0000000082e00000, 0x0000000082d00000| Complete 
|  46|0x0000000082e00000, 0x0000000082f00000, 0x0000000082f00000|100%| O|  |TAMS 0x0000000082f00000, 0x0000000082e00000| Complete 
|  47|0x0000000082f00000, 0x0000000083000000, 0x0000000083000000|100%| O|  |TAMS 0x0000000083000000, 0x0000000082f00000| Complete 
|  48|0x0000000083000000, 0x0000000083100000, 0x0000000083100000|100%| O|  |TAMS 0x0000000083100000, 0x0000000083000000| Complete 
|  49|0x0000000083100000, 0x0000000083200000, 0x0000000083200000|100%| O|  |TAMS 0x0000000083200000, 0x0000000083100000| Complete 
|  50|0x0000000083200000, 0x0000000083300000, 0x0000000083300000|100%| O|  |TAMS 0x0000000083300000, 0x0000000083200000| Complete 
|  51|0x0000000083300000, 0x0000000083400000, 0x0000000083400000|100%| O|  |TAMS 0x0000000083400000, 0x0000000083300000| Complete 
|  52|0x0000000083400000, 0x0000000083500000, 0x0000000083500000|100%| O|  |TAMS 0x0000000083500000, 0x0000000083400000| Complete 
|  53|0x0000000083500000, 0x0000000083600000, 0x0000000083600000|100%| O|  |TAMS 0x0000000083600000, 0x0000000083500000| Complete 
|  54|0x0000000083600000, 0x0000000083700000, 0x0000000083700000|100%| O|  |TAMS 0x0000000083700000, 0x0000000083600000| Complete 
|  55|0x0000000083700000, 0x0000000083800000, 0x0000000083800000|100%| O|  |TAMS 0x0000000083800000, 0x0000000083700000| Untracked 
|  56|0x0000000083800000, 0x0000000083900000, 0x0000000083900000|100%| O|  |TAMS 0x0000000083900000, 0x0000000083800000| Untracked 
|  57|0x0000000083900000, 0x0000000083a00000, 0x0000000083a00000|100%| O|  |TAMS 0x0000000083a00000, 0x0000000083900000| Complete 
|  58|0x0000000083a00000, 0x0000000083b00000, 0x0000000083b00000|100%| O|  |TAMS 0x0000000083b00000, 0x0000000083a00000| Untracked 
|  59|0x0000000083b00000, 0x0000000083c00000, 0x0000000083c00000|100%| O|  |TAMS 0x0000000083c00000, 0x0000000083b00000| Complete 
|  60|0x0000000083c00000, 0x0000000083d00000, 0x0000000083d00000|100%| O|  |TAMS 0x0000000083d00000, 0x0000000083c00000| Complete 
|  61|0x0000000083d00000, 0x0000000083e00000, 0x0000000083e00000|100%| O|  |TAMS 0x0000000083e00000, 0x0000000083d00000| Untracked 
|  62|0x0000000083e00000, 0x0000000083f00000, 0x0000000083f00000|100%| O|  |TAMS 0x0000000083f00000, 0x0000000083e00000| Untracked 
|  63|0x0000000083f00000, 0x0000000083f00000, 0x0000000084000000|  0%| F|  |TAMS 0x0000000083f00000, 0x0000000083f00000| Untracked 
|  64|0x0000000084000000, 0x0000000084100000, 0x0000000084100000|100%| O|  |TAMS 0x0000000084100000, 0x0000000084000000| Complete 
|  65|0x0000000084100000, 0x0000000084200000, 0x0000000084200000|100%| O|  |TAMS 0x0000000084200000, 0x0000000084100000| Complete 
|  66|0x0000000084200000, 0x0000000084300000, 0x0000000084300000|100%| O|  |TAMS 0x0000000084300000, 0x0000000084200000| Complete 
|  67|0x0000000084300000, 0x0000000084400000, 0x0000000084400000|100%| O|  |TAMS 0x0000000084400000, 0x0000000084300000| Untracked 
|  68|0x0000000084400000, 0x0000000084400000, 0x0000000084500000|  0%| F|  |TAMS 0x0000000084400000, 0x0000000084400000| Untracked 
|  69|0x0000000084500000, 0x0000000084600000, 0x0000000084600000|100%| O|  |TAMS 0x0000000084600000, 0x0000000084500000| Untracked 
|  70|0x0000000084600000, 0x0000000084700000, 0x0000000084700000|100%| O|  |TAMS 0x0000000084700000, 0x0000000084600000| Untracked 
|  71|0x0000000084700000, 0x0000000084800000, 0x0000000084800000|100%| O|  |TAMS 0x0000000084800000, 0x0000000084700000| Complete 
|  72|0x0000000084800000, 0x0000000084900000, 0x0000000084900000|100%| O|  |TAMS 0x0000000084900000, 0x0000000084800000| Complete 
|  73|0x0000000084900000, 0x0000000084a00000, 0x0000000084a00000|100%| O|  |TAMS 0x0000000084a00000, 0x0000000084900000| Untracked 
|  74|0x0000000084a00000, 0x0000000084a00000, 0x0000000084b00000|  0%| F|  |TAMS 0x0000000084a00000, 0x0000000084a00000| Untracked 
|  75|0x0000000084b00000, 0x0000000084c00000, 0x0000000084c00000|100%| O|  |TAMS 0x0000000084c00000, 0x0000000084b00000| Untracked 
|  76|0x0000000084c00000, 0x0000000084d00000, 0x0000000084d00000|100%| O|  |TAMS 0x0000000084d00000, 0x0000000084c00000| Untracked 
|  77|0x0000000084d00000, 0x0000000084e00000, 0x0000000084e00000|100%| O|  |TAMS 0x0000000084e00000, 0x0000000084d00000| Untracked 
|  78|0x0000000084e00000, 0x0000000084f00000, 0x0000000084f00000|100%| O|  |TAMS 0x0000000084f00000, 0x0000000084e00000| Untracked 
|  79|0x0000000084f00000, 0x0000000085000000, 0x0000000085000000|100%| O|  |TAMS 0x0000000085000000, 0x0000000084f00000| Untracked 
|  80|0x0000000085000000, 0x0000000085100000, 0x0000000085100000|100%| O|  |TAMS 0x0000000085100000, 0x0000000085000000| Untracked 
|  81|0x0000000085100000, 0x0000000085200000, 0x0000000085200000|100%| O|  |TAMS 0x0000000085200000, 0x0000000085100000| Untracked 
|  82|0x0000000085200000, 0x0000000085300000, 0x0000000085300000|100%| O|  |TAMS 0x0000000085300000, 0x0000000085200000| Untracked 
|  83|0x0000000085300000, 0x0000000085400000, 0x0000000085400000|100%| O|  |TAMS 0x0000000085400000, 0x0000000085300000| Complete 
|  84|0x0000000085400000, 0x0000000085500000, 0x0000000085500000|100%|HS|  |TAMS 0x0000000085500000, 0x0000000085400000| Complete 
|  85|0x0000000085500000, 0x0000000085600000, 0x0000000085600000|100%|HC|  |TAMS 0x0000000085600000, 0x0000000085500000| Complete 
|  86|0x0000000085600000, 0x0000000085700000, 0x0000000085700000|100%|HC|  |TAMS 0x0000000085700000, 0x0000000085600000| Complete 
|  87|0x0000000085700000, 0x0000000085800000, 0x0000000085800000|100%|HC|  |TAMS 0x0000000085800000, 0x0000000085700000| Complete 
|  88|0x0000000085800000, 0x0000000085900000, 0x0000000085900000|100%|HC|  |TAMS 0x0000000085900000, 0x0000000085800000| Complete 
|  89|0x0000000085900000, 0x0000000085a00000, 0x0000000085a00000|100%| O|  |TAMS 0x0000000085a00000, 0x0000000085900000| Untracked 
|  90|0x0000000085a00000, 0x0000000085b00000, 0x0000000085b00000|100%| O|  |TAMS 0x0000000085b00000, 0x0000000085a00000| Untracked 
|  91|0x0000000085b00000, 0x0000000085c00000, 0x0000000085c00000|100%| O|  |TAMS 0x0000000085c00000, 0x0000000085b00000| Untracked 
|  92|0x0000000085c00000, 0x0000000085d00000, 0x0000000085d00000|100%| O|  |TAMS 0x0000000085d00000, 0x0000000085c00000| Untracked 
|  93|0x0000000085d00000, 0x0000000085e00000, 0x0000000085e00000|100%|HS|  |TAMS 0x0000000085d00000, 0x0000000085d00000| Complete 
|  94|0x0000000085e00000, 0x0000000085f00000, 0x0000000085f00000|100%|HS|  |TAMS 0x0000000085e00000, 0x0000000085e00000| Complete 
|  95|0x0000000085f00000, 0x0000000086000000, 0x0000000086000000|100%|HS|  |TAMS 0x0000000085f00000, 0x0000000085f00000| Complete 
|  96|0x0000000086000000, 0x0000000086100000, 0x0000000086100000|100%|HS|  |TAMS 0x0000000086000000, 0x0000000086000000| Complete 
|  97|0x0000000086100000, 0x0000000086200000, 0x0000000086200000|100%|HS|  |TAMS 0x0000000086100000, 0x0000000086100000| Complete 
|  98|0x0000000086200000, 0x0000000086300000, 0x0000000086300000|100%| O|  |TAMS 0x0000000086300000, 0x0000000086200000| Untracked 
|  99|0x0000000086300000, 0x0000000086400000, 0x0000000086400000|100%| O|  |TAMS 0x0000000086400000, 0x0000000086300000| Untracked 
| 100|0x0000000086400000, 0x0000000086500000, 0x0000000086500000|100%| O|  |TAMS 0x0000000086500000, 0x0000000086400000| Complete 
| 101|0x0000000086500000, 0x0000000086600000, 0x0000000086600000|100%| O|  |TAMS 0x0000000086600000, 0x0000000086500000| Untracked 
| 102|0x0000000086600000, 0x0000000086700000, 0x0000000086700000|100%| O|  |TAMS 0x0000000086700000, 0x0000000086600000| Untracked 
| 103|0x0000000086700000, 0x0000000086800000, 0x0000000086800000|100%| O|  |TAMS 0x0000000086800000, 0x0000000086700000| Untracked 
| 104|0x0000000086800000, 0x0000000086800000, 0x0000000086900000|  0%| F|  |TAMS 0x0000000086800000, 0x0000000086800000| Untracked 
| 105|0x0000000086900000, 0x0000000086a00000, 0x0000000086a00000|100%|HS|  |TAMS 0x0000000086900000, 0x0000000086900000| Complete 
| 106|0x0000000086a00000, 0x0000000086a00000, 0x0000000086b00000|  0%| F|  |TAMS 0x0000000086a00000, 0x0000000086a00000| Untracked 
| 107|0x0000000086b00000, 0x0000000086c00000, 0x0000000086c00000|100%| O|  |TAMS 0x0000000086c00000, 0x0000000086b00000| Complete 
| 108|0x0000000086c00000, 0x0000000086d00000, 0x0000000086d00000|100%| O|  |TAMS 0x0000000086d00000, 0x0000000086c00000| Complete 
| 109|0x0000000086d00000, 0x0000000086e00000, 0x0000000086e00000|100%| O|  |TAMS 0x0000000086e00000, 0x0000000086d00000| Complete 
| 110|0x0000000086e00000, 0x0000000086e00000, 0x0000000086f00000|  0%| F|  |TAMS 0x0000000086e00000, 0x0000000086e00000| Untracked 
| 111|0x0000000086f00000, 0x0000000087000000, 0x0000000087000000|100%| O|  |TAMS 0x0000000087000000, 0x0000000086f00000| Untracked 
| 112|0x0000000087000000, 0x0000000087100000, 0x0000000087100000|100%| O|  |TAMS 0x0000000087100000, 0x0000000087000000| Untracked 
| 113|0x0000000087100000, 0x0000000087100000, 0x0000000087200000|  0%| F|  |TAMS 0x0000000087100000, 0x0000000087100000| Untracked 
| 114|0x0000000087200000, 0x0000000087300000, 0x0000000087300000|100%| O|  |TAMS 0x0000000087300000, 0x0000000087200000| Untracked 
| 115|0x0000000087300000, 0x0000000087400000, 0x0000000087400000|100%| O|  |TAMS 0x0000000087400000, 0x0000000087300000| Untracked 
| 116|0x0000000087400000, 0x0000000087500000, 0x0000000087500000|100%| O|  |TAMS 0x0000000087500000, 0x0000000087400000| Complete 
| 117|0x0000000087500000, 0x0000000087600000, 0x0000000087600000|100%| O|  |TAMS 0x0000000087600000, 0x0000000087500000| Untracked 
| 118|0x0000000087600000, 0x0000000087700000, 0x0000000087700000|100%| O|  |TAMS 0x0000000087700000, 0x0000000087600000| Untracked 
| 119|0x0000000087700000, 0x0000000087800000, 0x0000000087800000|100%| O|  |TAMS 0x0000000087800000, 0x0000000087700000| Complete 
| 120|0x0000000087800000, 0x0000000087900000, 0x0000000087900000|100%| O|  |TAMS 0x0000000087900000, 0x0000000087800000| Complete 
| 121|0x0000000087900000, 0x0000000087a00000, 0x0000000087a00000|100%| O|  |TAMS 0x0000000087a00000, 0x0000000087900000| Complete 
| 122|0x0000000087a00000, 0x0000000087b00000, 0x0000000087b00000|100%| O|  |TAMS 0x0000000087b00000, 0x0000000087a00000| Complete 
| 123|0x0000000087b00000, 0x0000000087c00000, 0x0000000087c00000|100%| O|  |TAMS 0x0000000087c00000, 0x0000000087b00000| Untracked 
| 124|0x0000000087c00000, 0x0000000087d00000, 0x0000000087d00000|100%| O|  |TAMS 0x0000000087d00000, 0x0000000087c00000| Complete 
| 125|0x0000000087d00000, 0x0000000087e00000, 0x0000000087e00000|100%| O|  |TAMS 0x0000000087e00000, 0x0000000087d00000| Complete 
| 126|0x0000000087e00000, 0x0000000087e00000, 0x0000000087f00000|  0%| F|  |TAMS 0x0000000087e00000, 0x0000000087e00000| Untracked 
| 127|0x0000000087f00000, 0x0000000088000000, 0x0000000088000000|100%| O|  |TAMS 0x0000000088000000, 0x0000000087f00000| Untracked 
| 128|0x0000000088000000, 0x0000000088100000, 0x0000000088100000|100%| O|  |TAMS 0x0000000088100000, 0x0000000088000000| Complete 
| 129|0x0000000088100000, 0x0000000088200000, 0x0000000088200000|100%| O|  |TAMS 0x0000000088200000, 0x0000000088100000| Complete 
| 130|0x0000000088200000, 0x0000000088300000, 0x0000000088300000|100%| O|  |TAMS 0x0000000088300000, 0x0000000088200000| Untracked 
| 131|0x0000000088300000, 0x0000000088400000, 0x0000000088400000|100%| O|  |TAMS 0x0000000088400000, 0x0000000088300000| Untracked 
| 132|0x0000000088400000, 0x0000000088500000, 0x0000000088500000|100%| O|  |TAMS 0x0000000088500000, 0x0000000088400000| Complete 
| 133|0x0000000088500000, 0x0000000088600000, 0x0000000088600000|100%| O|  |TAMS 0x0000000088600000, 0x0000000088500000| Untracked 
| 134|0x0000000088600000, 0x0000000088700000, 0x0000000088700000|100%| O|  |TAMS 0x0000000088700000, 0x0000000088600000| Untracked 
| 135|0x0000000088700000, 0x0000000088800000, 0x0000000088800000|100%| O|  |TAMS 0x0000000088800000, 0x0000000088700000| Untracked 
| 136|0x0000000088800000, 0x0000000088900000, 0x0000000088900000|100%| O|  |TAMS 0x0000000088900000, 0x0000000088800000| Untracked 
| 137|0x0000000088900000, 0x0000000088a00000, 0x0000000088a00000|100%| O|  |TAMS 0x0000000088a00000, 0x0000000088900000| Complete 
| 138|0x0000000088a00000, 0x0000000088b00000, 0x0000000088b00000|100%| O|  |TAMS 0x0000000088b00000, 0x0000000088a00000| Complete 
| 139|0x0000000088b00000, 0x0000000088c00000, 0x0000000088c00000|100%| O|  |TAMS 0x0000000088c00000, 0x0000000088b00000| Untracked 
| 140|0x0000000088c00000, 0x0000000088d00000, 0x0000000088d00000|100%| O|  |TAMS 0x0000000088c80000, 0x0000000088c00000| Untracked 
| 141|0x0000000088d00000, 0x0000000088e00000, 0x0000000088e00000|100%|HS|  |TAMS 0x0000000088d00000, 0x0000000088d00000| Complete 
| 142|0x0000000088e00000, 0x0000000088f00000, 0x0000000088f00000|100%|HS|  |TAMS 0x0000000088e00000, 0x0000000088e00000| Complete 
| 143|0x0000000088f00000, 0x0000000089000000, 0x0000000089000000|100%| O|  |TAMS 0x0000000088f00000, 0x0000000088f00000| Untracked 
| 144|0x0000000089000000, 0x0000000089100000, 0x0000000089100000|100%| O|  |TAMS 0x0000000089000000, 0x0000000089000000| Untracked 
| 145|0x0000000089100000, 0x0000000089200000, 0x0000000089200000|100%| O|  |TAMS 0x0000000089100000, 0x0000000089100000| Untracked 
| 146|0x0000000089200000, 0x0000000089300000, 0x0000000089300000|100%| O|  |TAMS 0x0000000089200000, 0x0000000089200000| Untracked 
| 147|0x0000000089300000, 0x0000000089400000, 0x0000000089400000|100%| O|  |TAMS 0x0000000089300000, 0x0000000089300000| Untracked 
| 148|0x0000000089400000, 0x0000000089500000, 0x0000000089500000|100%| O|  |TAMS 0x0000000089400000, 0x0000000089400000| Untracked 
| 149|0x0000000089500000, 0x0000000089600000, 0x0000000089600000|100%| O|  |TAMS 0x0000000089500000, 0x0000000089500000| Untracked 
| 150|0x0000000089600000, 0x0000000089700000, 0x0000000089700000|100%| O|  |TAMS 0x0000000089600000, 0x0000000089600000| Untracked 
| 151|0x0000000089700000, 0x0000000089800000, 0x0000000089800000|100%| O|  |TAMS 0x0000000089700000, 0x0000000089700000| Untracked 
| 152|0x0000000089800000, 0x0000000089900000, 0x0000000089900000|100%| O|  |TAMS 0x0000000089800000, 0x0000000089800000| Untracked 
| 153|0x0000000089900000, 0x0000000089a00000, 0x0000000089a00000|100%| O|  |TAMS 0x0000000089900000, 0x0000000089900000| Untracked 
| 154|0x0000000089a00000, 0x0000000089b00000, 0x0000000089b00000|100%| O|  |TAMS 0x0000000089a00000, 0x0000000089a00000| Untracked 
| 155|0x0000000089b00000, 0x0000000089c00000, 0x0000000089c00000|100%| O|  |TAMS 0x0000000089b00000, 0x0000000089b00000| Untracked 
| 156|0x0000000089c00000, 0x0000000089cb7600, 0x0000000089d00000| 71%| O|  |TAMS 0x0000000089c00000, 0x0000000089c00000| Untracked 
| 157|0x0000000089d00000, 0x0000000089d00000, 0x0000000089e00000|  0%| F|  |TAMS 0x0000000089d00000, 0x0000000089d00000| Untracked 
| 158|0x0000000089e00000, 0x0000000089e00000, 0x0000000089f00000|  0%| F|  |TAMS 0x0000000089e00000, 0x0000000089e00000| Untracked 
| 159|0x0000000089f00000, 0x0000000089f00000, 0x000000008a000000|  0%| F|  |TAMS 0x0000000089f00000, 0x0000000089f00000| Untracked 
| 160|0x000000008a000000, 0x000000008a000000, 0x000000008a100000|  0%| F|  |TAMS 0x000000008a000000, 0x000000008a000000| Untracked 
| 161|0x000000008a100000, 0x000000008a100000, 0x000000008a200000|  0%| F|  |TAMS 0x000000008a100000, 0x000000008a100000| Untracked 
| 162|0x000000008a200000, 0x000000008a200000, 0x000000008a300000|  0%| F|  |TAMS 0x000000008a200000, 0x000000008a200000| Untracked 
| 163|0x000000008a300000, 0x000000008a300000, 0x000000008a400000|  0%| F|  |TAMS 0x000000008a300000, 0x000000008a300000| Untracked 
| 164|0x000000008a400000, 0x000000008a400000, 0x000000008a500000|  0%| F|  |TAMS 0x000000008a400000, 0x000000008a400000| Untracked 
| 165|0x000000008a500000, 0x000000008a500000, 0x000000008a600000|  0%| F|  |TAMS 0x000000008a500000, 0x000000008a500000| Untracked 
| 166|0x000000008a600000, 0x000000008a600000, 0x000000008a700000|  0%| F|  |TAMS 0x000000008a600000, 0x000000008a600000| Untracked 
| 167|0x000000008a700000, 0x000000008a800000, 0x000000008a800000|100%| O|  |TAMS 0x000000008a800000, 0x000000008a700000| Complete 
| 168|0x000000008a800000, 0x000000008a800000, 0x000000008a900000|  0%| F|  |TAMS 0x000000008a800000, 0x000000008a800000| Untracked 
| 169|0x000000008a900000, 0x000000008a900000, 0x000000008aa00000|  0%| F|  |TAMS 0x000000008a900000, 0x000000008a900000| Untracked 
| 170|0x000000008aa00000, 0x000000008aa00000, 0x000000008ab00000|  0%| F|  |TAMS 0x000000008aa00000, 0x000000008aa00000| Untracked 
| 171|0x000000008ab00000, 0x000000008ab00000, 0x000000008ac00000|  0%| F|  |TAMS 0x000000008ab00000, 0x000000008ab00000| Untracked 
| 172|0x000000008ac00000, 0x000000008ac00000, 0x000000008ad00000|  0%| F|  |TAMS 0x000000008ac00000, 0x000000008ac00000| Untracked 
| 173|0x000000008ad00000, 0x000000008ad00000, 0x000000008ae00000|  0%| F|  |TAMS 0x000000008ad00000, 0x000000008ad00000| Untracked 
| 174|0x000000008ae00000, 0x000000008ae00000, 0x000000008af00000|  0%| F|  |TAMS 0x000000008ae00000, 0x000000008ae00000| Untracked 
| 175|0x000000008af00000, 0x000000008af00000, 0x000000008b000000|  0%| F|  |TAMS 0x000000008af00000, 0x000000008af00000| Untracked 
| 176|0x000000008b000000, 0x000000008b000000, 0x000000008b100000|  0%| F|  |TAMS 0x000000008b000000, 0x000000008b000000| Untracked 
| 177|0x000000008b100000, 0x000000008b100000, 0x000000008b200000|  0%| F|  |TAMS 0x000000008b100000, 0x000000008b100000| Untracked 
| 178|0x000000008b200000, 0x000000008b200000, 0x000000008b300000|  0%| F|  |TAMS 0x000000008b200000, 0x000000008b200000| Untracked 
| 179|0x000000008b300000, 0x000000008b300000, 0x000000008b400000|  0%| F|  |TAMS 0x000000008b300000, 0x000000008b300000| Untracked 
| 180|0x000000008b400000, 0x000000008b400000, 0x000000008b500000|  0%| F|  |TAMS 0x000000008b400000, 0x000000008b400000| Untracked 
| 181|0x000000008b500000, 0x000000008b500000, 0x000000008b600000|  0%| F|  |TAMS 0x000000008b500000, 0x000000008b500000| Untracked 
| 182|0x000000008b600000, 0x000000008b600000, 0x000000008b700000|  0%| F|  |TAMS 0x000000008b600000, 0x000000008b600000| Untracked 
| 183|0x000000008b700000, 0x000000008b700000, 0x000000008b800000|  0%| F|  |TAMS 0x000000008b700000, 0x000000008b700000| Untracked 
| 184|0x000000008b800000, 0x000000008b800000, 0x000000008b900000|  0%| F|  |TAMS 0x000000008b800000, 0x000000008b800000| Untracked 
| 185|0x000000008b900000, 0x000000008b900000, 0x000000008ba00000|  0%| F|  |TAMS 0x000000008b900000, 0x000000008b900000| Untracked 
| 186|0x000000008ba00000, 0x000000008ba00000, 0x000000008bb00000|  0%| F|  |TAMS 0x000000008ba00000, 0x000000008ba00000| Untracked 
| 187|0x000000008bb00000, 0x000000008bb00000, 0x000000008bc00000|  0%| F|  |TAMS 0x000000008bb00000, 0x000000008bb00000| Untracked 
| 188|0x000000008bc00000, 0x000000008bc00000, 0x000000008bd00000|  0%| F|  |TAMS 0x000000008bc00000, 0x000000008bc00000| Untracked 
| 189|0x000000008bd00000, 0x000000008bd00000, 0x000000008be00000|  0%| F|  |TAMS 0x000000008bd00000, 0x000000008bd00000| Untracked 
| 190|0x000000008be00000, 0x000000008be00000, 0x000000008bf00000|  0%| F|  |TAMS 0x000000008be00000, 0x000000008be00000| Untracked 
| 191|0x000000008bf00000, 0x000000008bf00000, 0x000000008c000000|  0%| F|  |TAMS 0x000000008bf00000, 0x000000008bf00000| Untracked 
| 192|0x000000008c000000, 0x000000008c000000, 0x000000008c100000|  0%| F|  |TAMS 0x000000008c000000, 0x000000008c000000| Untracked 
| 193|0x000000008c100000, 0x000000008c100000, 0x000000008c200000|  0%| F|  |TAMS 0x000000008c100000, 0x000000008c100000| Untracked 
| 194|0x000000008c200000, 0x000000008c200000, 0x000000008c300000|  0%| F|  |TAMS 0x000000008c200000, 0x000000008c200000| Untracked 
| 195|0x000000008c300000, 0x000000008c300000, 0x000000008c400000|  0%| F|  |TAMS 0x000000008c300000, 0x000000008c300000| Untracked 
| 196|0x000000008c400000, 0x000000008c400000, 0x000000008c500000|  0%| F|  |TAMS 0x000000008c400000, 0x000000008c400000| Untracked 
| 197|0x000000008c500000, 0x000000008c500000, 0x000000008c600000|  0%| F|  |TAMS 0x000000008c500000, 0x000000008c500000| Untracked 
| 198|0x000000008c600000, 0x000000008c600000, 0x000000008c700000|  0%| F|  |TAMS 0x000000008c600000, 0x000000008c600000| Untracked 
| 199|0x000000008c700000, 0x000000008c700000, 0x000000008c800000|  0%| F|  |TAMS 0x000000008c700000, 0x000000008c700000| Untracked 
| 200|0x000000008c800000, 0x000000008c800000, 0x000000008c900000|  0%| F|  |TAMS 0x000000008c800000, 0x000000008c800000| Untracked 
| 201|0x000000008c900000, 0x000000008c900000, 0x000000008ca00000|  0%| F|  |TAMS 0x000000008c900000, 0x000000008c900000| Untracked 
| 202|0x000000008ca00000, 0x000000008ca00000, 0x000000008cb00000|  0%| F|  |TAMS 0x000000008ca00000, 0x000000008ca00000| Untracked 
| 203|0x000000008cb00000, 0x000000008cb00000, 0x000000008cc00000|  0%| F|  |TAMS 0x000000008cb00000, 0x000000008cb00000| Untracked 
| 204|0x000000008cc00000, 0x000000008cc00000, 0x000000008cd00000|  0%| F|  |TAMS 0x000000008cc00000, 0x000000008cc00000| Untracked 
| 205|0x000000008cd00000, 0x000000008cd00000, 0x000000008ce00000|  0%| F|  |TAMS 0x000000008cd00000, 0x000000008cd00000| Untracked 
| 206|0x000000008ce00000, 0x000000008ce00000, 0x000000008cf00000|  0%| F|  |TAMS 0x000000008ce00000, 0x000000008ce00000| Untracked 
| 207|0x000000008cf00000, 0x000000008cf00000, 0x000000008d000000|  0%| F|  |TAMS 0x000000008cf00000, 0x000000008cf00000| Untracked 
| 208|0x000000008d000000, 0x000000008d000000, 0x000000008d100000|  0%| F|  |TAMS 0x000000008d000000, 0x000000008d000000| Untracked 
| 209|0x000000008d100000, 0x000000008d100000, 0x000000008d200000|  0%| F|  |TAMS 0x000000008d100000, 0x000000008d100000| Untracked 
| 210|0x000000008d200000, 0x000000008d200000, 0x000000008d300000|  0%| F|  |TAMS 0x000000008d200000, 0x000000008d200000| Untracked 
| 211|0x000000008d300000, 0x000000008d300000, 0x000000008d400000|  0%| F|  |TAMS 0x000000008d300000, 0x000000008d300000| Untracked 
| 212|0x000000008d400000, 0x000000008d400000, 0x000000008d500000|  0%| F|  |TAMS 0x000000008d400000, 0x000000008d400000| Untracked 
| 213|0x000000008d500000, 0x000000008d500000, 0x000000008d600000|  0%| F|  |TAMS 0x000000008d500000, 0x000000008d500000| Untracked 
| 214|0x000000008d600000, 0x000000008d600000, 0x000000008d700000|  0%| F|  |TAMS 0x000000008d600000, 0x000000008d600000| Untracked 
| 215|0x000000008d700000, 0x000000008d700000, 0x000000008d800000|  0%| F|  |TAMS 0x000000008d700000, 0x000000008d700000| Untracked 
| 216|0x000000008d800000, 0x000000008d800000, 0x000000008d900000|  0%| F|  |TAMS 0x000000008d800000, 0x000000008d800000| Untracked 
| 217|0x000000008d900000, 0x000000008d900000, 0x000000008da00000|  0%| F|  |TAMS 0x000000008d900000, 0x000000008d900000| Untracked 
| 218|0x000000008da00000, 0x000000008da00000, 0x000000008db00000|  0%| F|  |TAMS 0x000000008da00000, 0x000000008da00000| Untracked 
| 219|0x000000008db00000, 0x000000008db00000, 0x000000008dc00000|  0%| F|  |TAMS 0x000000008db00000, 0x000000008db00000| Untracked 
| 220|0x000000008dc00000, 0x000000008dc00000, 0x000000008dd00000|  0%| F|  |TAMS 0x000000008dc00000, 0x000000008dc00000| Untracked 
| 221|0x000000008dd00000, 0x000000008dd00000, 0x000000008de00000|  0%| F|  |TAMS 0x000000008dd00000, 0x000000008dd00000| Untracked 
| 222|0x000000008de00000, 0x000000008de00000, 0x000000008df00000|  0%| F|  |TAMS 0x000000008de00000, 0x000000008de00000| Untracked 
| 223|0x000000008df00000, 0x000000008df00000, 0x000000008e000000|  0%| F|  |TAMS 0x000000008df00000, 0x000000008df00000| Untracked 
| 224|0x000000008e000000, 0x000000008e000000, 0x000000008e100000|  0%| F|  |TAMS 0x000000008e000000, 0x000000008e000000| Untracked 
| 225|0x000000008e100000, 0x000000008e100000, 0x000000008e200000|  0%| F|  |TAMS 0x000000008e100000, 0x000000008e100000| Untracked 
| 226|0x000000008e200000, 0x000000008e200000, 0x000000008e300000|  0%| F|  |TAMS 0x000000008e200000, 0x000000008e200000| Untracked 
| 227|0x000000008e300000, 0x000000008e300000, 0x000000008e400000|  0%| F|  |TAMS 0x000000008e300000, 0x000000008e300000| Untracked 
| 228|0x000000008e400000, 0x000000008e400000, 0x000000008e500000|  0%| F|  |TAMS 0x000000008e400000, 0x000000008e400000| Untracked 
| 229|0x000000008e500000, 0x000000008e500000, 0x000000008e600000|  0%| F|  |TAMS 0x000000008e500000, 0x000000008e500000| Untracked 
| 230|0x000000008e600000, 0x000000008e600000, 0x000000008e700000|  0%| F|  |TAMS 0x000000008e600000, 0x000000008e600000| Untracked 
| 231|0x000000008e700000, 0x000000008e700000, 0x000000008e800000|  0%| F|  |TAMS 0x000000008e700000, 0x000000008e700000| Untracked 
| 232|0x000000008e800000, 0x000000008e800000, 0x000000008e900000|  0%| F|  |TAMS 0x000000008e800000, 0x000000008e800000| Untracked 
| 233|0x000000008e900000, 0x000000008e900000, 0x000000008ea00000|  0%| F|  |TAMS 0x000000008e900000, 0x000000008e900000| Untracked 
| 234|0x000000008ea00000, 0x000000008ea00000, 0x000000008eb00000|  0%| F|  |TAMS 0x000000008ea00000, 0x000000008ea00000| Untracked 
| 235|0x000000008eb00000, 0x000000008eb00000, 0x000000008ec00000|  0%| F|  |TAMS 0x000000008eb00000, 0x000000008eb00000| Untracked 
| 236|0x000000008ec00000, 0x000000008ec00000, 0x000000008ed00000|  0%| F|  |TAMS 0x000000008ec00000, 0x000000008ec00000| Untracked 
| 237|0x000000008ed00000, 0x000000008ed00000, 0x000000008ee00000|  0%| F|  |TAMS 0x000000008ed00000, 0x000000008ed00000| Untracked 
| 238|0x000000008ee00000, 0x000000008ee00000, 0x000000008ef00000|  0%| F|  |TAMS 0x000000008ee00000, 0x000000008ee00000| Untracked 
| 239|0x000000008ef00000, 0x000000008ef00000, 0x000000008f000000|  0%| F|  |TAMS 0x000000008ef00000, 0x000000008ef00000| Untracked 
| 240|0x000000008f000000, 0x000000008f000000, 0x000000008f100000|  0%| F|  |TAMS 0x000000008f000000, 0x000000008f000000| Untracked 
| 241|0x000000008f100000, 0x000000008f100000, 0x000000008f200000|  0%| F|  |TAMS 0x000000008f100000, 0x000000008f100000| Untracked 
| 242|0x000000008f200000, 0x000000008f200000, 0x000000008f300000|  0%| F|  |TAMS 0x000000008f200000, 0x000000008f200000| Untracked 
| 243|0x000000008f300000, 0x000000008f300000, 0x000000008f400000|  0%| F|  |TAMS 0x000000008f300000, 0x000000008f300000| Untracked 
| 244|0x000000008f400000, 0x000000008f400000, 0x000000008f500000|  0%| F|  |TAMS 0x000000008f400000, 0x000000008f400000| Untracked 
| 245|0x000000008f500000, 0x000000008f500000, 0x000000008f600000|  0%| F|  |TAMS 0x000000008f500000, 0x000000008f500000| Untracked 
| 246|0x000000008f600000, 0x000000008f600000, 0x000000008f700000|  0%| F|  |TAMS 0x000000008f600000, 0x000000008f600000| Untracked 
| 247|0x000000008f700000, 0x000000008f700000, 0x000000008f800000|  0%| F|  |TAMS 0x000000008f700000, 0x000000008f700000| Untracked 
| 248|0x000000008f800000, 0x000000008f800000, 0x000000008f900000|  0%| F|  |TAMS 0x000000008f800000, 0x000000008f800000| Untracked 
| 249|0x000000008f900000, 0x000000008f900000, 0x000000008fa00000|  0%| F|  |TAMS 0x000000008f900000, 0x000000008f900000| Untracked 
| 250|0x000000008fa00000, 0x000000008fa00000, 0x000000008fb00000|  0%| F|  |TAMS 0x000000008fa00000, 0x000000008fa00000| Untracked 
| 251|0x000000008fb00000, 0x000000008fb00000, 0x000000008fc00000|  0%| F|  |TAMS 0x000000008fb00000, 0x000000008fb00000| Untracked 
| 252|0x000000008fc00000, 0x000000008fc00000, 0x000000008fd00000|  0%| F|  |TAMS 0x000000008fc00000, 0x000000008fc00000| Untracked 
| 253|0x000000008fd00000, 0x000000008fd00000, 0x000000008fe00000|  0%| F|  |TAMS 0x000000008fd00000, 0x000000008fd00000| Untracked 
| 254|0x000000008fe00000, 0x000000008fe00000, 0x000000008ff00000|  0%| F|  |TAMS 0x000000008fe00000, 0x000000008fe00000| Untracked 
| 255|0x000000008ff00000, 0x000000008ff00000, 0x0000000090000000|  0%| F|  |TAMS 0x000000008ff00000, 0x000000008ff00000| Untracked 
| 256|0x0000000090000000, 0x0000000090000000, 0x0000000090100000|  0%| F|  |TAMS 0x0000000090000000, 0x0000000090000000| Untracked 
| 257|0x0000000090100000, 0x0000000090100000, 0x0000000090200000|  0%| F|  |TAMS 0x0000000090100000, 0x0000000090100000| Untracked 
| 258|0x0000000090200000, 0x0000000090200000, 0x0000000090300000|  0%| F|  |TAMS 0x0000000090200000, 0x0000000090200000| Untracked 
| 259|0x0000000090300000, 0x0000000090300000, 0x0000000090400000|  0%| F|  |TAMS 0x0000000090300000, 0x0000000090300000| Untracked 
| 260|0x0000000090400000, 0x0000000090400000, 0x0000000090500000|  0%| F|  |TAMS 0x0000000090400000, 0x0000000090400000| Untracked 
| 261|0x0000000090500000, 0x0000000090500000, 0x0000000090600000|  0%| F|  |TAMS 0x0000000090500000, 0x0000000090500000| Untracked 
| 262|0x0000000090600000, 0x0000000090600000, 0x0000000090700000|  0%| F|  |TAMS 0x0000000090600000, 0x0000000090600000| Untracked 
| 263|0x0000000090700000, 0x0000000090700000, 0x0000000090800000|  0%| F|  |TAMS 0x0000000090700000, 0x0000000090700000| Untracked 
| 264|0x0000000090800000, 0x0000000090800000, 0x0000000090900000|  0%| F|  |TAMS 0x0000000090800000, 0x0000000090800000| Untracked 
| 265|0x0000000090900000, 0x0000000090900000, 0x0000000090a00000|  0%| F|  |TAMS 0x0000000090900000, 0x0000000090900000| Untracked 
| 266|0x0000000090a00000, 0x0000000090a00000, 0x0000000090b00000|  0%| F|  |TAMS 0x0000000090a00000, 0x0000000090a00000| Untracked 
| 267|0x0000000090b00000, 0x0000000090b00000, 0x0000000090c00000|  0%| F|  |TAMS 0x0000000090b00000, 0x0000000090b00000| Untracked 
| 268|0x0000000090c00000, 0x0000000090c00000, 0x0000000090d00000|  0%| F|  |TAMS 0x0000000090c00000, 0x0000000090c00000| Untracked 
| 269|0x0000000090d00000, 0x0000000090d00000, 0x0000000090e00000|  0%| F|  |TAMS 0x0000000090d00000, 0x0000000090d00000| Untracked 
| 270|0x0000000090e00000, 0x0000000090e00000, 0x0000000090f00000|  0%| F|  |TAMS 0x0000000090e00000, 0x0000000090e00000| Untracked 
| 271|0x0000000090f00000, 0x0000000090f00000, 0x0000000091000000|  0%| F|  |TAMS 0x0000000090f00000, 0x0000000090f00000| Untracked 
| 272|0x0000000091000000, 0x0000000091000000, 0x0000000091100000|  0%| F|  |TAMS 0x0000000091000000, 0x0000000091000000| Untracked 
| 273|0x0000000091100000, 0x0000000091100000, 0x0000000091200000|  0%| F|  |TAMS 0x0000000091100000, 0x0000000091100000| Untracked 
| 274|0x0000000091200000, 0x0000000091200000, 0x0000000091300000|  0%| F|  |TAMS 0x0000000091200000, 0x0000000091200000| Untracked 
| 275|0x0000000091300000, 0x0000000091300000, 0x0000000091400000|  0%| F|  |TAMS 0x0000000091300000, 0x0000000091300000| Untracked 
| 276|0x0000000091400000, 0x0000000091400000, 0x0000000091500000|  0%| F|  |TAMS 0x0000000091400000, 0x0000000091400000| Untracked 
| 277|0x0000000091500000, 0x0000000091500000, 0x0000000091600000|  0%| F|  |TAMS 0x0000000091500000, 0x0000000091500000| Untracked 
| 278|0x0000000091600000, 0x0000000091600000, 0x0000000091700000|  0%| F|  |TAMS 0x0000000091600000, 0x0000000091600000| Untracked 
| 279|0x0000000091700000, 0x0000000091700000, 0x0000000091800000|  0%| F|  |TAMS 0x0000000091700000, 0x0000000091700000| Untracked 
| 280|0x0000000091800000, 0x0000000091800000, 0x0000000091900000|  0%| F|  |TAMS 0x0000000091800000, 0x0000000091800000| Untracked 
| 281|0x0000000091900000, 0x0000000091900000, 0x0000000091a00000|  0%| F|  |TAMS 0x0000000091900000, 0x0000000091900000| Untracked 
| 282|0x0000000091a00000, 0x0000000091a00000, 0x0000000091b00000|  0%| F|  |TAMS 0x0000000091a00000, 0x0000000091a00000| Untracked 
| 283|0x0000000091b00000, 0x0000000091b00000, 0x0000000091c00000|  0%| F|  |TAMS 0x0000000091b00000, 0x0000000091b00000| Untracked 
| 284|0x0000000091c00000, 0x0000000091c00000, 0x0000000091d00000|  0%| F|  |TAMS 0x0000000091c00000, 0x0000000091c00000| Untracked 
| 285|0x0000000091d00000, 0x0000000091d00000, 0x0000000091e00000|  0%| F|  |TAMS 0x0000000091d00000, 0x0000000091d00000| Untracked 
| 286|0x0000000091e00000, 0x0000000091e00000, 0x0000000091f00000|  0%| F|  |TAMS 0x0000000091e00000, 0x0000000091e00000| Untracked 
| 287|0x0000000091f00000, 0x0000000091f00000, 0x0000000092000000|  0%| F|  |TAMS 0x0000000091f00000, 0x0000000091f00000| Untracked 
| 288|0x0000000092000000, 0x0000000092000000, 0x0000000092100000|  0%| F|  |TAMS 0x0000000092000000, 0x0000000092000000| Untracked 
| 289|0x0000000092100000, 0x0000000092100000, 0x0000000092200000|  0%| F|  |TAMS 0x0000000092100000, 0x0000000092100000| Untracked 
| 290|0x0000000092200000, 0x0000000092200000, 0x0000000092300000|  0%| F|  |TAMS 0x0000000092200000, 0x0000000092200000| Untracked 
| 291|0x0000000092300000, 0x0000000092300000, 0x0000000092400000|  0%| F|  |TAMS 0x0000000092300000, 0x0000000092300000| Untracked 
| 292|0x0000000092400000, 0x0000000092400000, 0x0000000092500000|  0%| F|  |TAMS 0x0000000092400000, 0x0000000092400000| Untracked 
| 293|0x0000000092500000, 0x0000000092500000, 0x0000000092600000|  0%| F|  |TAMS 0x0000000092500000, 0x0000000092500000| Untracked 
| 294|0x0000000092600000, 0x0000000092600000, 0x0000000092700000|  0%| F|  |TAMS 0x0000000092600000, 0x0000000092600000| Untracked 
| 295|0x0000000092700000, 0x0000000092700000, 0x0000000092800000|  0%| F|  |TAMS 0x0000000092700000, 0x0000000092700000| Untracked 
| 296|0x0000000092800000, 0x0000000092800000, 0x0000000092900000|  0%| F|  |TAMS 0x0000000092800000, 0x0000000092800000| Untracked 
| 297|0x0000000092900000, 0x0000000092900000, 0x0000000092a00000|  0%| F|  |TAMS 0x0000000092900000, 0x0000000092900000| Untracked 
| 298|0x0000000092a00000, 0x0000000092a00000, 0x0000000092b00000|  0%| F|  |TAMS 0x0000000092a00000, 0x0000000092a00000| Untracked 
| 299|0x0000000092b00000, 0x0000000092b00000, 0x0000000092c00000|  0%| F|  |TAMS 0x0000000092b00000, 0x0000000092b00000| Untracked 
| 300|0x0000000092c00000, 0x0000000092c00000, 0x0000000092d00000|  0%| F|  |TAMS 0x0000000092c00000, 0x0000000092c00000| Untracked 
| 301|0x0000000092d00000, 0x0000000092d00000, 0x0000000092e00000|  0%| F|  |TAMS 0x0000000092d00000, 0x0000000092d00000| Untracked 
| 302|0x0000000092e00000, 0x0000000092e00000, 0x0000000092f00000|  0%| F|  |TAMS 0x0000000092e00000, 0x0000000092e00000| Untracked 
| 303|0x0000000092f00000, 0x0000000092f00000, 0x0000000093000000|  0%| F|  |TAMS 0x0000000092f00000, 0x0000000092f00000| Untracked 
| 304|0x0000000093000000, 0x0000000093000000, 0x0000000093100000|  0%| F|  |TAMS 0x0000000093000000, 0x0000000093000000| Untracked 
| 305|0x0000000093100000, 0x0000000093100000, 0x0000000093200000|  0%| F|  |TAMS 0x0000000093100000, 0x0000000093100000| Untracked 
| 306|0x0000000093200000, 0x0000000093200000, 0x0000000093300000|  0%| F|  |TAMS 0x0000000093200000, 0x0000000093200000| Untracked 
| 307|0x0000000093300000, 0x0000000093300000, 0x0000000093400000|  0%| F|  |TAMS 0x0000000093300000, 0x0000000093300000| Untracked 
| 308|0x0000000093400000, 0x0000000093400000, 0x0000000093500000|  0%| F|  |TAMS 0x0000000093400000, 0x0000000093400000| Untracked 
| 309|0x0000000093500000, 0x0000000093500000, 0x0000000093600000|  0%| F|  |TAMS 0x0000000093500000, 0x0000000093500000| Untracked 
| 310|0x0000000093600000, 0x0000000093600000, 0x0000000093700000|  0%| F|  |TAMS 0x0000000093600000, 0x0000000093600000| Untracked 
| 311|0x0000000093700000, 0x0000000093700000, 0x0000000093800000|  0%| F|  |TAMS 0x0000000093700000, 0x0000000093700000| Untracked 
| 312|0x0000000093800000, 0x0000000093800000, 0x0000000093900000|  0%| F|  |TAMS 0x0000000093800000, 0x0000000093800000| Untracked 
| 313|0x0000000093900000, 0x0000000093900000, 0x0000000093a00000|  0%| F|  |TAMS 0x0000000093900000, 0x0000000093900000| Untracked 
| 314|0x0000000093a00000, 0x0000000093a00000, 0x0000000093b00000|  0%| F|  |TAMS 0x0000000093a00000, 0x0000000093a00000| Untracked 
| 315|0x0000000093b00000, 0x0000000093b00000, 0x0000000093c00000|  0%| F|  |TAMS 0x0000000093b00000, 0x0000000093b00000| Untracked 
| 316|0x0000000093c00000, 0x0000000093c00000, 0x0000000093d00000|  0%| F|  |TAMS 0x0000000093c00000, 0x0000000093c00000| Untracked 
| 317|0x0000000093d00000, 0x0000000093d00000, 0x0000000093e00000|  0%| F|  |TAMS 0x0000000093d00000, 0x0000000093d00000| Untracked 
| 318|0x0000000093e00000, 0x0000000093e00000, 0x0000000093f00000|  0%| F|  |TAMS 0x0000000093e00000, 0x0000000093e00000| Untracked 
| 319|0x0000000093f00000, 0x0000000093f00000, 0x0000000094000000|  0%| F|  |TAMS 0x0000000093f00000, 0x0000000093f00000| Untracked 
| 320|0x0000000094000000, 0x0000000094000000, 0x0000000094100000|  0%| F|  |TAMS 0x0000000094000000, 0x0000000094000000| Untracked 
| 321|0x0000000094100000, 0x0000000094100000, 0x0000000094200000|  0%| F|  |TAMS 0x0000000094100000, 0x0000000094100000| Untracked 
| 322|0x0000000094200000, 0x0000000094200000, 0x0000000094300000|  0%| F|  |TAMS 0x0000000094200000, 0x0000000094200000| Untracked 
| 323|0x0000000094300000, 0x0000000094300000, 0x0000000094400000|  0%| F|  |TAMS 0x0000000094300000, 0x0000000094300000| Untracked 
| 324|0x0000000094400000, 0x0000000094400000, 0x0000000094500000|  0%| F|  |TAMS 0x0000000094400000, 0x0000000094400000| Untracked 
| 325|0x0000000094500000, 0x0000000094500000, 0x0000000094600000|  0%| F|  |TAMS 0x0000000094500000, 0x0000000094500000| Untracked 
| 326|0x0000000094600000, 0x0000000094600000, 0x0000000094700000|  0%| F|  |TAMS 0x0000000094600000, 0x0000000094600000| Untracked 
| 327|0x0000000094700000, 0x0000000094700000, 0x0000000094800000|  0%| F|  |TAMS 0x0000000094700000, 0x0000000094700000| Untracked 
| 328|0x0000000094800000, 0x0000000094800000, 0x0000000094900000|  0%| F|  |TAMS 0x0000000094800000, 0x0000000094800000| Untracked 
| 329|0x0000000094900000, 0x0000000094900000, 0x0000000094a00000|  0%| F|  |TAMS 0x0000000094900000, 0x0000000094900000| Untracked 
| 330|0x0000000094a00000, 0x0000000094a00000, 0x0000000094b00000|  0%| F|  |TAMS 0x0000000094a00000, 0x0000000094a00000| Untracked 
| 331|0x0000000094b00000, 0x0000000094b00000, 0x0000000094c00000|  0%| F|  |TAMS 0x0000000094b00000, 0x0000000094b00000| Untracked 
| 332|0x0000000094c00000, 0x0000000094c00000, 0x0000000094d00000|  0%| F|  |TAMS 0x0000000094c00000, 0x0000000094c00000| Untracked 
| 333|0x0000000094d00000, 0x0000000094d00000, 0x0000000094e00000|  0%| F|  |TAMS 0x0000000094d00000, 0x0000000094d00000| Untracked 
| 334|0x0000000094e00000, 0x0000000094e00000, 0x0000000094f00000|  0%| F|  |TAMS 0x0000000094e00000, 0x0000000094e00000| Untracked 
| 335|0x0000000094f00000, 0x0000000094f00000, 0x0000000095000000|  0%| F|  |TAMS 0x0000000094f00000, 0x0000000094f00000| Untracked 
| 336|0x0000000095000000, 0x0000000095000000, 0x0000000095100000|  0%| F|  |TAMS 0x0000000095000000, 0x0000000095000000| Untracked 
| 337|0x0000000095100000, 0x0000000095100000, 0x0000000095200000|  0%| F|  |TAMS 0x0000000095100000, 0x0000000095100000| Untracked 
| 338|0x0000000095200000, 0x0000000095200000, 0x0000000095300000|  0%| F|  |TAMS 0x0000000095200000, 0x0000000095200000| Untracked 
| 339|0x0000000095300000, 0x0000000095300000, 0x0000000095400000|  0%| F|  |TAMS 0x0000000095300000, 0x0000000095300000| Untracked 
| 340|0x0000000095400000, 0x0000000095400000, 0x0000000095500000|  0%| F|  |TAMS 0x0000000095400000, 0x0000000095400000| Untracked 
| 341|0x0000000095500000, 0x0000000095500000, 0x0000000095600000|  0%| F|  |TAMS 0x0000000095500000, 0x0000000095500000| Untracked 
| 342|0x0000000095600000, 0x0000000095600000, 0x0000000095700000|  0%| F|  |TAMS 0x0000000095600000, 0x0000000095600000| Untracked 
| 343|0x0000000095700000, 0x0000000095700000, 0x0000000095800000|  0%| F|  |TAMS 0x0000000095700000, 0x0000000095700000| Untracked 
| 344|0x0000000095800000, 0x0000000095800000, 0x0000000095900000|  0%| F|  |TAMS 0x0000000095800000, 0x0000000095800000| Untracked 
| 345|0x0000000095900000, 0x0000000095900000, 0x0000000095a00000|  0%| F|  |TAMS 0x0000000095900000, 0x0000000095900000| Untracked 
| 346|0x0000000095a00000, 0x0000000095a00000, 0x0000000095b00000|  0%| F|  |TAMS 0x0000000095a00000, 0x0000000095a00000| Untracked 
| 347|0x0000000095b00000, 0x0000000095b00000, 0x0000000095c00000|  0%| F|  |TAMS 0x0000000095b00000, 0x0000000095b00000| Untracked 
| 348|0x0000000095c00000, 0x0000000095c00000, 0x0000000095d00000|  0%| F|  |TAMS 0x0000000095c00000, 0x0000000095c00000| Untracked 
| 349|0x0000000095d00000, 0x0000000095d91030, 0x0000000095e00000| 56%| S|CS|TAMS 0x0000000095d00000, 0x0000000095d00000| Complete 
| 350|0x0000000095e00000, 0x0000000095f00000, 0x0000000095f00000|100%| S|CS|TAMS 0x0000000095e00000, 0x0000000095e00000| Complete 
| 351|0x0000000095f00000, 0x0000000096000000, 0x0000000096000000|100%| S|CS|TAMS 0x0000000095f00000, 0x0000000095f00000| Complete 
| 352|0x0000000096000000, 0x0000000096000000, 0x0000000096100000|  0%| F|  |TAMS 0x0000000096000000, 0x0000000096000000| Untracked 
| 353|0x0000000096100000, 0x0000000096100000, 0x0000000096200000|  0%| F|  |TAMS 0x0000000096100000, 0x0000000096100000| Untracked 
| 354|0x0000000096200000, 0x0000000096200000, 0x0000000096300000|  0%| F|  |TAMS 0x0000000096200000, 0x0000000096200000| Untracked 
| 355|0x0000000096300000, 0x0000000096300000, 0x0000000096400000|  0%| F|  |TAMS 0x0000000096300000, 0x0000000096300000| Untracked 
| 356|0x0000000096400000, 0x0000000096400000, 0x0000000096500000|  0%| F|  |TAMS 0x0000000096400000, 0x0000000096400000| Untracked 
| 357|0x0000000096500000, 0x0000000096500000, 0x0000000096600000|  0%| F|  |TAMS 0x0000000096500000, 0x0000000096500000| Untracked 
| 358|0x0000000096600000, 0x0000000096600000, 0x0000000096700000|  0%| F|  |TAMS 0x0000000096600000, 0x0000000096600000| Untracked 
| 359|0x0000000096700000, 0x0000000096700000, 0x0000000096800000|  0%| F|  |TAMS 0x0000000096700000, 0x0000000096700000| Untracked 
| 360|0x0000000096800000, 0x0000000096800000, 0x0000000096900000|  0%| F|  |TAMS 0x0000000096800000, 0x0000000096800000| Untracked 
| 361|0x0000000096900000, 0x0000000096900000, 0x0000000096a00000|  0%| F|  |TAMS 0x0000000096900000, 0x0000000096900000| Untracked 
| 362|0x0000000096a00000, 0x0000000096a00000, 0x0000000096b00000|  0%| F|  |TAMS 0x0000000096a00000, 0x0000000096a00000| Untracked 
| 363|0x0000000096b00000, 0x0000000096b00000, 0x0000000096c00000|  0%| F|  |TAMS 0x0000000096b00000, 0x0000000096b00000| Untracked 
| 364|0x0000000096c00000, 0x0000000096c00000, 0x0000000096d00000|  0%| F|  |TAMS 0x0000000096c00000, 0x0000000096c00000| Untracked 
| 365|0x0000000096d00000, 0x0000000096d00000, 0x0000000096e00000|  0%| F|  |TAMS 0x0000000096d00000, 0x0000000096d00000| Untracked 

Card table byte_map: [0x000001b165870000,0x000001b165c70000] _byte_map_base: 0x000001b165470000

Marking Bits (Prev, Next): (CMBitMap*) 0x000001b150f686c0, (CMBitMap*) 0x000001b150f68688
 Prev Bits: [0x000001b168070000, 0x000001b16a070000)
 Next Bits: [0x000001b166070000, 0x000001b168070000)

Polling page: 0x000001b150da0000

Metaspace:

Usage:
  Non-class:     88.98 MB capacity,    87.65 MB ( 99%) used,     1.10 MB (  1%) free+waste,   237.44 KB ( <1%) overhead. 
      Class:     12.73 MB capacity,    12.03 MB ( 95%) used,   613.31 KB (  5%) free+waste,   100.06 KB ( <1%) overhead. 
       Both:    101.71 MB capacity,    99.69 MB ( 98%) used,     1.70 MB (  2%) free+waste,   337.50 KB ( <1%) overhead. 

Virtual space:
  Non-class space:       90.00 MB reserved,      89.50 MB (>99%) committed 
      Class space:        1.00 GB reserved,      13.00 MB (  1%) committed 
             Both:        1.09 GB reserved,     102.50 MB (  9%) committed 

Chunk freelists:
   Non-Class:  464.00 KB
       Class:  213.00 KB
        Both:  677.00 KB

MaxMetaspaceSize: 17179869184.00 GB
CompressedClassSpaceSize: 1.00 GB

CodeHeap 'non-profiled nmethods': size=120064Kb used=9842Kb max_used=9842Kb free=110221Kb
 bounds [0x000001b15db30000, 0x000001b15e4e0000, 0x000001b165070000]
CodeHeap 'profiled nmethods': size=120000Kb used=31165Kb max_used=32948Kb free=88834Kb
 bounds [0x000001b156600000, 0x000001b158630000, 0x000001b15db30000]
CodeHeap 'non-nmethods': size=5696Kb used=2286Kb max_used=2338Kb free=3409Kb
 bounds [0x000001b156070000, 0x000001b1562e0000, 0x000001b156600000]
 total_blobs=15841 nmethods=14932 adapters=820
 compilation: enabled
              stopped_count=0, restarted_count=0
 full_count=0

Compilation events (20 events):
Event: 2794.076 Thread 0x000001b16c47d000 nmethod 18145 0x000001b15e4cec10 code [0x000001b15e4cee20, 0x000001b15e4cf368]
Event: 2794.076 Thread 0x000001b16c47d000 18139       4       com.android.tools.r8.graph.ObjectToOffsetMapping$$Lambda$502/0x0000000100a07840::compare (16 bytes)
Event: 2794.081 Thread 0x000001b16c47d000 nmethod 18139 0x000001b15e4cf810 code [0x000001b15e4cf9e0, 0x000001b15e4cfb98]
Event: 2794.081 Thread 0x000001b16c47d000 18140       4       com.android.tools.r8.graph.ObjectToOffsetMapping::lambda$sortClasses$0 (38 bytes)
Event: 2794.084 Thread 0x000001b16c47d000 nmethod 18140 0x000001b15e4cfe10 code [0x000001b15e4cffc0, 0x000001b15e4d00d8]
Event: 2794.084 Thread 0x000001b16c47d000 18146       4       java.util.TimSort::mergeAt (358 bytes)
Event: 2794.093 Thread 0x000001b16c47d000 nmethod 18146 0x000001b15e4d0290 code [0x000001b15e4d0460, 0x000001b15e4d07d0]
Event: 2794.094 Thread 0x000001b16c47d000 18144       4       com.android.tools.r8.graph.DexProgramClass::asProgramClass (2 bytes)
Event: 2794.094 Thread 0x000001b16c47d000 nmethod 18144 0x000001b15e4d0b10 code [0x000001b15e4d0ca0, 0x000001b15e4d0cf8]
Event: 2794.233 Thread 0x000001b16c47d000 18147       4       com.android.tools.r8.graph.DexValue$NestedDexValue::equals (52 bytes)
Event: 2794.235 Thread 0x000001b16ce1a000 18150       3       com.android.tools.r8.graph.DexProgramClass$$Lambda$486/0x00000001009d3c40::apply (8 bytes)
Event: 2794.236 Thread 0x000001b16ce1a000 nmethod 18150 0x000001b157d0e490 code [0x000001b157d0e640, 0x000001b157d0e838]
Event: 2794.236 Thread 0x000001b16ce1a000 18151       3       com.android.tools.r8.graph.DexValue$DexValueEnum::hashCode (5 bytes)
Event: 2794.236 Thread 0x000001b16c47d000 nmethod 18147 0x000001b15e4d0d90 code [0x000001b15e4d0f40, 0x000001b15e4d1098]
Event: 2794.236 Thread 0x000001b16c47d000 18149       4       com.android.tools.r8.graph.ProgramClassVisitor::accept (54 bytes)
Event: 2794.237 Thread 0x000001b16ce1a000 nmethod 18151 0x000001b157d61910 code [0x000001b157d61ae0, 0x000001b157d61e68]
Event: 2794.238 Thread 0x000001b16ce1a000 18152       3       com.android.tools.r8.dex.FileWriter$MixedSectionOffsets::add (10 bytes)
Event: 2794.239 Thread 0x000001b16ce1a000 nmethod 18152 0x000001b157d7e910 code [0x000001b157d7eae0, 0x000001b157d7ee18]
Event: 2794.246 Thread 0x000001b16ce1a000 18154       3       com.android.tools.r8.dex.FileWriter$MixedSectionOffsets::add (32 bytes)
Event: 2794.247 Thread 0x000001b16ce1a000 nmethod 18154 0x000001b157d91190 code [0x000001b157d91380, 0x000001b157d91858]

GC Heap History (20 events):
Event: 2784.727 GC heap after
{Heap after GC invocations=100 (full 0):
 garbage-first heap   total 312320K, used 127673K [0x0000000080000000, 0x0000000100000000)
  region size 1024K, 1 young (1024K), 1 survivors (1024K)
 Metaspace       used 101504K, capacity 103551K, committed 104448K, reserved 1140736K
  class space    used 12284K, capacity 12987K, committed 13312K, reserved 1048576K
}
Event: 2785.031 GC heap before
{Heap before GC invocations=100 (full 0):
 garbage-first heap   total 312320K, used 142009K [0x0000000080000000, 0x0000000100000000)
  region size 1024K, 15 young (15360K), 1 survivors (1024K)
 Metaspace       used 101520K, capacity 103557K, committed 104448K, reserved 1140736K
  class space    used 12286K, capacity 12989K, committed 13312K, reserved 1048576K
}
Event: 2785.072 GC heap after
{Heap after GC invocations=101 (full 0):
 garbage-first heap   total 374784K, used 126513K [0x0000000080000000, 0x0000000100000000)
  region size 1024K, 1 young (1024K), 1 survivors (1024K)
 Metaspace       used 101520K, capacity 103557K, committed 104448K, reserved 1140736K
  class space    used 12286K, capacity 12989K, committed 13312K, reserved 1048576K
}
Event: 2785.151 GC heap before
{Heap before GC invocations=101 (full 0):
 garbage-first heap   total 374784K, used 137777K [0x0000000080000000, 0x0000000100000000)
  region size 1024K, 13 young (13312K), 1 survivors (1024K)
 Metaspace       used 101522K, capacity 103560K, committed 104448K, reserved 1140736K
  class space    used 12287K, capacity 12990K, committed 13312K, reserved 1048576K
}
Event: 2785.164 GC heap after
{Heap after GC invocations=102 (full 0):
 garbage-first heap   total 374784K, used 127230K [0x0000000080000000, 0x0000000100000000)
  region size 1024K, 2 young (2048K), 2 survivors (2048K)
 Metaspace       used 101522K, capacity 103560K, committed 104448K, reserved 1140736K
  class space    used 12287K, capacity 12990K, committed 13312K, reserved 1048576K
}
Event: 2787.648 GC heap before
{Heap before GC invocations=103 (full 0):
 garbage-first heap   total 374784K, used 141566K [0x0000000080000000, 0x0000000100000000)
  region size 1024K, 46 young (47104K), 2 survivors (2048K)
 Metaspace       used 102037K, capacity 104091K, committed 104960K, reserved 1140736K
  class space    used 12321K, capacity 13035K, committed 13312K, reserved 1048576K
}
Event: 2787.697 GC heap after
{Heap after GC invocations=104 (full 0):
 garbage-first heap   total 374784K, used 103534K [0x0000000080000000, 0x0000000100000000)
  region size 1024K, 6 young (6144K), 6 survivors (6144K)
 Metaspace       used 102037K, capacity 104091K, committed 104960K, reserved 1140736K
  class space    used 12321K, capacity 13035K, committed 13312K, reserved 1048576K
}
Event: 2789.357 GC heap before
{Heap before GC invocations=104 (full 0):
 garbage-first heap   total 374784K, used 114798K [0x0000000080000000, 0x0000000100000000)
  region size 1024K, 18 young (18432K), 6 survivors (6144K)
 Metaspace       used 102066K, capacity 104091K, committed 104960K, reserved 1140736K
  class space    used 12321K, capacity 13035K, committed 13312K, reserved 1048576K
}
Event: 2789.390 GC heap after
{Heap after GC invocations=105 (full 0):
 garbage-first heap   total 374784K, used 96405K [0x0000000080000000, 0x0000000100000000)
  region size 1024K, 2 young (2048K), 2 survivors (2048K)
 Metaspace       used 102066K, capacity 104091K, committed 104960K, reserved 1140736K
  class space    used 12321K, capacity 13035K, committed 13312K, reserved 1048576K
}
Event: 2789.467 GC heap before
{Heap before GC invocations=105 (full 0):
 garbage-first heap   total 374784K, used 97429K [0x0000000080000000, 0x0000000100000000)
  region size 1024K, 4 young (4096K), 2 survivors (2048K)
 Metaspace       used 102066K, capacity 104091K, committed 104960K, reserved 1140736K
  class space    used 12321K, capacity 13035K, committed 13312K, reserved 1048576K
}
Event: 2789.478 GC heap after
{Heap after GC invocations=106 (full 0):
 garbage-first heap   total 374784K, used 96963K [0x0000000080000000, 0x0000000100000000)
  region size 1024K, 2 young (2048K), 2 survivors (2048K)
 Metaspace       used 102066K, capacity 104091K, committed 104960K, reserved 1140736K
  class space    used 12321K, capacity 13035K, committed 13312K, reserved 1048576K
}
Event: 2790.926 GC heap before
{Heap before GC invocations=107 (full 0):
 garbage-first heap   total 374784K, used 182979K [0x0000000080000000, 0x0000000100000000)
  region size 1024K, 76 young (77824K), 2 survivors (2048K)
 Metaspace       used 102071K, capacity 104091K, committed 104960K, reserved 1140736K
  class space    used 12321K, capacity 13035K, committed 13312K, reserved 1048576K
}
Event: 2791.230 GC heap after
{Heap after GC invocations=108 (full 0):
 garbage-first heap   total 374784K, used 141516K [0x0000000080000000, 0x0000000100000000)
  region size 1024K, 10 young (10240K), 10 survivors (10240K)
 Metaspace       used 102071K, capacity 104091K, committed 104960K, reserved 1140736K
  class space    used 12321K, capacity 13035K, committed 13312K, reserved 1048576K
}
Event: 2791.793 GC heap before
{Heap before GC invocations=108 (full 0):
 garbage-first heap   total 374784K, used 148684K [0x0000000080000000, 0x0000000100000000)
  region size 1024K, 18 young (18432K), 10 survivors (10240K)
 Metaspace       used 102073K, capacity 104091K, committed 104960K, reserved 1140736K
  class space    used 12321K, capacity 13035K, committed 13312K, reserved 1048576K
}
Event: 2792.020 GC heap after
{Heap after GC invocations=109 (full 0):
 garbage-first heap   total 374784K, used 143872K [0x0000000080000000, 0x0000000100000000)
  region size 1024K, 3 young (3072K), 3 survivors (3072K)
 Metaspace       used 102073K, capacity 104091K, committed 104960K, reserved 1140736K
  class space    used 12321K, capacity 13035K, committed 13312K, reserved 1048576K
}
Event: 2792.870 GC heap before
{Heap before GC invocations=109 (full 0):
 garbage-first heap   total 374784K, used 155136K [0x0000000080000000, 0x0000000100000000)
  region size 1024K, 16 young (16384K), 3 survivors (3072K)
 Metaspace       used 102077K, capacity 104155K, committed 104960K, reserved 1140736K
  class space    used 12321K, capacity 13035K, committed 13312K, reserved 1048576K
}
Event: 2792.960 GC heap after
{Heap after GC invocations=110 (full 0):
 garbage-first heap   total 374784K, used 151040K [0x0000000080000000, 0x0000000100000000)
  region size 1024K, 6 young (6144K), 6 survivors (6144K)
 Metaspace       used 102077K, capacity 104155K, committed 104960K, reserved 1140736K
  class space    used 12321K, capacity 13035K, committed 13312K, reserved 1048576K
}
Event: 2794.661 GC heap before
{Heap before GC invocations=111 (full 0):
 garbage-first heap   total 374784K, used 174592K [0x0000000080000000, 0x0000000100000000)
  region size 1024K, 28 young (28672K), 6 survivors (6144K)
 Metaspace       used 102077K, capacity 104155K, committed 104960K, reserved 1140736K
  class space    used 12321K, capacity 13035K, committed 13312K, reserved 1048576K
}
Event: 2794.771 GC heap after
{Heap after GC invocations=112 (full 0):
 garbage-first heap   total 374784K, used 159744K [0x0000000080000000, 0x0000000100000000)
  region size 1024K, 4 young (4096K), 4 survivors (4096K)
 Metaspace       used 102077K, capacity 104155K, committed 104960K, reserved 1140736K
  class space    used 12321K, capacity 13035K, committed 13312K, reserved 1048576K
}
Event: 2794.823 GC heap before
{Heap before GC invocations=112 (full 0):
 garbage-first heap   total 374784K, used 174080K [0x0000000080000000, 0x0000000100000000)
  region size 1024K, 18 young (18432K), 4 survivors (4096K)
 Metaspace       used 102077K, capacity 104155K, committed 104960K, reserved 1140736K
  class space    used 12321K, capacity 13035K, committed 13312K, reserved 1048576K
}

Deoptimization events (20 events):
Event: 2791.777 Thread 0x000001b16fcc8000 DEOPT PACKING pc=0x000001b15e39f7e0 sp=0x0000003b317fe700
Event: 2791.777 Thread 0x000001b16fcc8000 DEOPT UNPACKING pc=0x000001b1560968a9 sp=0x0000003b317fe698 mode 2
Event: 2791.777 Thread 0x000001b16fcc8000 Uncommon trap: trap_request=0xffffffbe fr.pc=0x000001b15e39f7e0 relative=0x0000000000000120
Event: 2791.777 Thread 0x000001b16fcc8000 Uncommon trap: reason=profile_predicate action=maybe_recompile pc=0x000001b15e39f7e0 method=com.android.tools.r8.graph.DexTypeList.compareTo(Lcom/android/tools/r8/graph/DexTypeList;)I @ 19 c2
Event: 2791.777 Thread 0x000001b16fcc8000 DEOPT PACKING pc=0x000001b15e39f7e0 sp=0x0000003b317fe700
Event: 2791.777 Thread 0x000001b16fcc8000 DEOPT UNPACKING pc=0x000001b1560968a9 sp=0x0000003b317fe698 mode 2
Event: 2792.150 Thread 0x000001b16fcc8000 DEOPT PACKING pc=0x000001b15772b72b sp=0x0000003b317fea20
Event: 2792.150 Thread 0x000001b16fcc8000 DEOPT UNPACKING pc=0x000001b1560966bf sp=0x0000003b317fdf38 mode 0
Event: 2792.165 Thread 0x000001b16fcc8000 DEOPT PACKING pc=0x000001b157730b0a sp=0x0000003b317fe740
Event: 2792.165 Thread 0x000001b16fcc8000 DEOPT UNPACKING pc=0x000001b1560966bf sp=0x0000003b317fdbf0 mode 0
Event: 2793.930 Thread 0x000001b16fcc2800 DEOPT PACKING pc=0x000001b157790745 sp=0x0000003b318fe9d0
Event: 2793.930 Thread 0x000001b16fcc2800 DEOPT UNPACKING pc=0x000001b1560966bf sp=0x0000003b318fde78 mode 0
Event: 2793.946 Thread 0x000001b16fcc2800 DEOPT PACKING pc=0x000001b157790745 sp=0x0000003b318fe9a0
Event: 2793.946 Thread 0x000001b16fcc2800 DEOPT UNPACKING pc=0x000001b1560966bf sp=0x0000003b318fde48 mode 0
Event: 2794.015 Thread 0x000001b16fcc2800 DEOPT PACKING pc=0x000001b157790745 sp=0x0000003b318fe9a0
Event: 2794.015 Thread 0x000001b16fcc2800 DEOPT UNPACKING pc=0x000001b1560966bf sp=0x0000003b318fde48 mode 0
Event: 2794.101 Thread 0x000001b16fcc2800 DEOPT PACKING pc=0x000001b157790745 sp=0x0000003b318fe9a0
Event: 2794.101 Thread 0x000001b16fcc2800 DEOPT UNPACKING pc=0x000001b1560966bf sp=0x0000003b318fde48 mode 0
Event: 2794.529 Thread 0x000001b16fcc2800 DEOPT PACKING pc=0x000001b158563346 sp=0x0000003b318fe920
Event: 2794.529 Thread 0x000001b16fcc2800 DEOPT UNPACKING pc=0x000001b1560966bf sp=0x0000003b318fdea0 mode 0

Classes redefined (0 events):
No events

Internal exceptions (20 events):
Event: 2787.633 Thread 0x000001b171396000 Exception <a 'sun/nio/fs/WindowsException'{0x00000000941df400}> (0x00000000941df400) thrown at [./src/hotspot/share/prims/jni.cpp, line 615]
Event: 2787.643 Thread 0x000001b171396000 Exception <a 'sun/nio/fs/WindowsException'{0x00000000941e47e8}> (0x00000000941e47e8) thrown at [./src/hotspot/share/prims/jni.cpp, line 615]
Event: 2787.699 Thread 0x000001b171396000 Exception <a 'sun/nio/fs/WindowsException'{0x0000000096d45568}> (0x0000000096d45568) thrown at [./src/hotspot/share/prims/jni.cpp, line 615]
Event: 2787.709 Thread 0x000001b171396000 Exception <a 'sun/nio/fs/WindowsException'{0x0000000096d4b758}> (0x0000000096d4b758) thrown at [./src/hotspot/share/prims/jni.cpp, line 615]
Event: 2787.719 Thread 0x000001b171396000 Exception <a 'sun/nio/fs/WindowsException'{0x0000000096d52d78}> (0x0000000096d52d78) thrown at [./src/hotspot/share/prims/jni.cpp, line 615]
Event: 2787.725 Thread 0x000001b171396000 Exception <a 'sun/nio/fs/WindowsException'{0x0000000096d58288}> (0x0000000096d58288) thrown at [./src/hotspot/share/prims/jni.cpp, line 615]
Event: 2787.735 Thread 0x000001b171396000 Exception <a 'sun/nio/fs/WindowsException'{0x0000000096d5e690}> (0x0000000096d5e690) thrown at [./src/hotspot/share/prims/jni.cpp, line 615]
Event: 2787.797 Thread 0x000001b171396000 Exception <a 'sun/nio/fs/WindowsException'{0x0000000096d63ef0}> (0x0000000096d63ef0) thrown at [./src/hotspot/share/prims/jni.cpp, line 615]
Event: 2787.809 Thread 0x000001b171396000 Exception <a 'sun/nio/fs/WindowsException'{0x0000000096d69888}> (0x0000000096d69888) thrown at [./src/hotspot/share/prims/jni.cpp, line 615]
Event: 2787.815 Thread 0x000001b171396000 Exception <a 'sun/nio/fs/WindowsException'{0x0000000096d6ed08}> (0x0000000096d6ed08) thrown at [./src/hotspot/share/prims/jni.cpp, line 615]
Event: 2787.822 Thread 0x000001b171396000 Exception <a 'sun/nio/fs/WindowsException'{0x0000000096cc44b0}> (0x0000000096cc44b0) thrown at [./src/hotspot/share/prims/jni.cpp, line 615]
Event: 2787.828 Thread 0x000001b171396000 Exception <a 'sun/nio/fs/WindowsException'{0x0000000096cca808}> (0x0000000096cca808) thrown at [./src/hotspot/share/prims/jni.cpp, line 615]
Event: 2787.835 Thread 0x000001b171396000 Exception <a 'sun/nio/fs/WindowsException'{0x0000000096cd0b80}> (0x0000000096cd0b80) thrown at [./src/hotspot/share/prims/jni.cpp, line 615]
Event: 2787.844 Thread 0x000001b171396000 Exception <a 'sun/nio/fs/WindowsException'{0x0000000096cdf0a0}> (0x0000000096cdf0a0) thrown at [./src/hotspot/share/prims/jni.cpp, line 615]
Event: 2787.852 Thread 0x000001b171396000 Exception <a 'sun/nio/fs/WindowsException'{0x0000000096ce4588}> (0x0000000096ce4588) thrown at [./src/hotspot/share/prims/jni.cpp, line 615]
Event: 2787.864 Thread 0x000001b171396000 Exception <a 'sun/nio/fs/WindowsException'{0x0000000096cea940}> (0x0000000096cea940) thrown at [./src/hotspot/share/prims/jni.cpp, line 615]
Event: 2787.870 Thread 0x000001b171396000 Exception <a 'sun/nio/fs/WindowsException'{0x0000000096ac0e80}> (0x0000000096ac0e80) thrown at [./src/hotspot/share/prims/jni.cpp, line 615]
Event: 2787.875 Thread 0x000001b171396000 Exception <a 'sun/nio/fs/WindowsException'{0x0000000096ac88d8}> (0x0000000096ac88d8) thrown at [./src/hotspot/share/prims/jni.cpp, line 615]
Event: 2787.881 Thread 0x000001b171396000 Exception <a 'sun/nio/fs/WindowsException'{0x0000000096ad24d0}> (0x0000000096ad24d0) thrown at [./src/hotspot/share/prims/jni.cpp, line 615]
Event: 2789.912 Thread 0x000001b16fcc8000 Exception <a 'sun/nio/fs/WindowsException'{0x0000000096d02c18}> (0x0000000096d02c18) thrown at [./src/hotspot/share/prims/jni.cpp, line 615]

Events (20 events):
Event: 2790.151 Thread 0x000001b16fcc2800 Thread added: 0x000001b16fcc2800
Event: 2790.177 Executing VM operation: RevokeBias
Event: 2790.179 Executing VM operation: RevokeBias done
Event: 2790.180 Executing VM operation: RevokeBias
Event: 2790.180 Executing VM operation: RevokeBias done
Event: 2790.926 Executing VM operation: G1CollectForAllocation
Event: 2791.230 Executing VM operation: G1CollectForAllocation done
Event: 2791.396 Executing VM operation: RevokeBias
Event: 2791.400 Executing VM operation: RevokeBias done
Event: 2791.793 Executing VM operation: G1CollectForAllocation
Event: 2792.020 Executing VM operation: G1CollectForAllocation done
Event: 2792.870 Executing VM operation: G1CollectForAllocation
Event: 2792.961 Executing VM operation: G1CollectForAllocation done
Event: 2793.546 Executing VM operation: CGC_Operation
Event: 2793.612 Executing VM operation: CGC_Operation done
Event: 2793.907 Executing VM operation: CGC_Operation
Event: 2793.908 Executing VM operation: CGC_Operation done
Event: 2794.661 Executing VM operation: G1CollectForAllocation
Event: 2794.771 Executing VM operation: G1CollectForAllocation done
Event: 2794.823 Executing VM operation: G1CollectForAllocation


Dynamic libraries:
0x00007ff6b59b0000 - 0x00007ff6b59ba000 	D:\waseem\4. ELECTIVES MOBILE APP\Android Studio\jre\bin\java.exe
0x00007ffa54e10000 - 0x00007ffa54feb000 	C:\WINDOWS\SYSTEM32\ntdll.dll
0x00007ffa541c0000 - 0x00007ffa5426e000 	C:\WINDOWS\System32\KERNEL32.DLL
0x00007ffa513a0000 - 0x00007ffa515ea000 	C:\WINDOWS\System32\KERNELBASE.dll
0x00007ffa515f0000 - 0x00007ffa516e6000 	C:\WINDOWS\System32\ucrtbase.dll
0x00007ffa4e170000 - 0x00007ffa4e189000 	D:\waseem\4. ELECTIVES MOBILE APP\Android Studio\jre\bin\jli.dll
0x00007ffa3a0b0000 - 0x00007ffa3a0c7000 	D:\waseem\4. ELECTIVES MOBILE APP\Android Studio\jre\bin\VCRUNTIME140.dll
0x00007ffa539b0000 - 0x00007ffa53afa000 	C:\WINDOWS\System32\USER32.dll
0x00007ffa51ef0000 - 0x00007ffa51f0e000 	C:\WINDOWS\System32\win32u.dll
0x00007ffa547a0000 - 0x00007ffa547c7000 	C:\WINDOWS\System32\GDI32.dll
0x00007ffa521e0000 - 0x00007ffa52368000 	C:\WINDOWS\System32\gdi32full.dll
0x00007ffa51750000 - 0x00007ffa517ea000 	C:\WINDOWS\System32\msvcp_win.dll
0x00007ffa45770000 - 0x00007ffa459d7000 	C:\WINDOWS\WinSxS\amd64_microsoft.windows.common-controls_6595b64144ccf1df_6.0.15063.1155_none_40c7922129a7722b\COMCTL32.dll
0x00007ffa53b10000 - 0x00007ffa53bad000 	C:\WINDOWS\System32\msvcrt.dll
0x00007ffa53be0000 - 0x00007ffa53ed9000 	C:\WINDOWS\System32\combase.dll
0x00007ffa53810000 - 0x00007ffa53935000 	C:\WINDOWS\System32\RPCRT4.dll
0x00007ffa51330000 - 0x00007ffa5139a000 	C:\WINDOWS\System32\bcryptPrimitives.dll
0x00007ffa53bb0000 - 0x00007ffa53bdd000 	C:\WINDOWS\System32\IMM32.DLL
0x00007ffa219a0000 - 0x00007ffa21a3d000 	D:\waseem\4. ELECTIVES MOBILE APP\Android Studio\jre\bin\msvcp140.dll
0x00007ffa1a950000 - 0x00007ffa1b40c000 	D:\waseem\4. ELECTIVES MOBILE APP\Android Studio\jre\bin\server\jvm.dll
0x00007ffa54d60000 - 0x00007ffa54e01000 	C:\WINDOWS\System32\ADVAPI32.dll
0x00007ffa537b0000 - 0x00007ffa53809000 	C:\WINDOWS\System32\sechost.dll
0x00007ffa53b00000 - 0x00007ffa53b08000 	C:\WINDOWS\System32\PSAPI.DLL
0x00007ffa49e30000 - 0x00007ffa49e39000 	C:\WINDOWS\SYSTEM32\WSOCK32.dll
0x00007ffa4f750000 - 0x00007ffa4f773000 	C:\WINDOWS\SYSTEM32\WINMM.dll
0x00007ffa54730000 - 0x00007ffa5479c000 	C:\WINDOWS\System32\WS2_32.dll
0x00007ffa430f0000 - 0x00007ffa430fa000 	C:\WINDOWS\SYSTEM32\VERSION.dll
0x00007ffa4f6f0000 - 0x00007ffa4f71b000 	C:\WINDOWS\SYSTEM32\WINMMBASE.dll
0x00007ffa52190000 - 0x00007ffa521d9000 	C:\WINDOWS\System32\cfgmgr32.dll
0x00007ffa512f0000 - 0x00007ffa51301000 	C:\WINDOWS\System32\kernel.appcore.dll
0x00007ffa3ace0000 - 0x00007ffa3acf1000 	D:\waseem\4. ELECTIVES MOBILE APP\Android Studio\jre\bin\verify.dll
0x00007ffa4c240000 - 0x00007ffa4c3e9000 	C:\WINDOWS\SYSTEM32\DBGHELP.DLL
0x00007ffa3e1f0000 - 0x00007ffa3e219000 	C:\WINDOWS\SYSTEM32\dbgcore.DLL
0x00007ffa3acb0000 - 0x00007ffa3acd9000 	D:\waseem\4. ELECTIVES MOBILE APP\Android Studio\jre\bin\java.dll
0x00007ffa43e80000 - 0x00007ffa43e8b000 	D:\waseem\4. ELECTIVES MOBILE APP\Android Studio\jre\bin\jimage.dll
0x00007ffa3ac90000 - 0x00007ffa3aca8000 	D:\waseem\4. ELECTIVES MOBILE APP\Android Studio\jre\bin\zip.dll
0x00007ffa52370000 - 0x00007ffa537a8000 	C:\WINDOWS\System32\SHELL32.dll
0x00007ffa547d0000 - 0x00007ffa5487a000 	C:\WINDOWS\System32\shcore.dll
0x00007ffa517f0000 - 0x00007ffa51ee1000 	C:\WINDOWS\System32\windows.storage.dll
0x00007ffa53ee0000 - 0x00007ffa53f31000 	C:\WINDOWS\System32\shlwapi.dll
0x00007ffa512a0000 - 0x00007ffa512ec000 	C:\WINDOWS\System32\powrprof.dll
0x00007ffa51280000 - 0x00007ffa51295000 	C:\WINDOWS\System32\profapi.dll
0x00007ffa3ac70000 - 0x00007ffa3ac8a000 	D:\waseem\4. ELECTIVES MOBILE APP\Android Studio\jre\bin\net.dll
0x00007ffa42a50000 - 0x00007ffa42b26000 	C:\WINDOWS\SYSTEM32\WINHTTP.dll
0x00007ffa50b30000 - 0x00007ffa50b8c000 	C:\WINDOWS\system32\mswsock.dll
0x00007ffa3ac50000 - 0x00007ffa3ac64000 	D:\waseem\4. ELECTIVES MOBILE APP\Android Studio\jre\bin\nio.dll
0x00007ffa3e040000 - 0x00007ffa3e05e000 	C:\Users\wasee\.gradle\native\25\windows-amd64\native-platform.dll
0x00007ffa425e0000 - 0x00007ffa425ea000 	D:\waseem\4. ELECTIVES MOBILE APP\Android Studio\jre\bin\management.dll
0x00007ffa40c00000 - 0x00007ffa40c0c000 	D:\waseem\4. ELECTIVES MOBILE APP\Android Studio\jre\bin\management_ext.dll
0x00007ffa50cd0000 - 0x00007ffa50ce7000 	C:\WINDOWS\SYSTEM32\CRYPTSP.dll
0x00007ffa50740000 - 0x00007ffa50774000 	C:\WINDOWS\system32\rsaenh.dll
0x00007ffa51150000 - 0x00007ffa51175000 	C:\WINDOWS\SYSTEM32\bcrypt.dll
0x00007ffa51180000 - 0x00007ffa511a9000 	C:\WINDOWS\SYSTEM32\USERENV.dll
0x00007ffa50cf0000 - 0x00007ffa50cfb000 	C:\WINDOWS\SYSTEM32\CRYPTBASE.dll
0x00007ffa508d0000 - 0x00007ffa50907000 	C:\WINDOWS\SYSTEM32\IPHLPAPI.DLL
0x00007ffa53940000 - 0x00007ffa53948000 	C:\WINDOWS\System32\NSI.dll
0x00007ffa461c0000 - 0x00007ffa461d6000 	C:\WINDOWS\SYSTEM32\dhcpcsvc6.DLL
0x00007ffa46090000 - 0x00007ffa460aa000 	C:\WINDOWS\SYSTEM32\dhcpcsvc.DLL

dbghelp: loaded successfully - version: 4.0.5 - missing functions: none
symbol engine: initialized successfully - sym options: 0x614 - pdb path: .;D:\waseem\4. ELECTIVES MOBILE APP\Android Studio\jre\bin;C:\WINDOWS\SYSTEM32;C:\WINDOWS\WinSxS\amd64_microsoft.windows.common-controls_6595b64144ccf1df_6.0.15063.1155_none_40c7922129a7722b;D:\waseem\4. ELECTIVES MOBILE APP\Android Studio\jre\bin\server;C:\Users\wasee\.gradle\native\25\windows-amd64

VM Arguments:
jvm_args: --add-opens=java.base/java.util=ALL-UNNAMED --add-opens=java.base/java.lang=ALL-UNNAMED --add-opens=java.base/java.lang.invoke=ALL-UNNAMED --add-opens=java.prefs/java.util.prefs=ALL-UNNAMED -Xmx2048m -Dfile.encoding=UTF-8 -Duser.country=ZA -Duser.language=en -Duser.variant 
java_command: org.gradle.launcher.daemon.bootstrap.GradleDaemon 5.1.1
java_class_path (initial): C:\Users\wasee\.gradle\wrapper\dists\gradle-5.1.1-bin\90y9l8txxfw1s2o6ctiqeruwn\gradle-5.1.1\lib\gradle-launcher-5.1.1.jar
Launcher Type: SUN_STANDARD

[Global flags]
     intx CICompilerCount                          = 2                                         {product} {ergonomic}
     uint ConcGCThreads                            = 1                                         {product} {ergonomic}
     uint G1ConcRefinementThreads                  = 2                                         {product} {ergonomic}
   size_t G1HeapRegionSize                         = 1048576                                   {product} {ergonomic}
    uintx GCDrainStackTargetSize                   = 64                                        {product} {ergonomic}
   size_t InitialHeapSize                          = 67108864                                  {product} {ergonomic}
   size_t MarkStackSize                            = 4194304                                   {product} {ergonomic}
   size_t MaxHeapSize                              = 2147483648                                {product} {command line}
   size_t MaxNewSize                               = 1287651328                                {product} {ergonomic}
   size_t MinHeapDeltaBytes                        = 1048576                                   {product} {ergonomic}
    uintx NonNMethodCodeHeapSize                   = 5825164                                {pd product} {ergonomic}
    uintx NonProfiledCodeHeapSize                  = 122916538                              {pd product} {ergonomic}
    uintx ProfiledCodeHeapSize                     = 122916538                              {pd product} {ergonomic}
    uintx ReservedCodeCacheSize                    = 251658240                              {pd product} {ergonomic}
     bool SegmentedCodeCache                       = true                                      {product} {ergonomic}
     bool UseCompressedClassPointers               = true                                 {lp64_product} {ergonomic}
     bool UseCompressedOops                        = true                                 {lp64_product} {ergonomic}
     bool UseG1GC                                  = true                                      {product} {ergonomic}
     bool UseLargePagesIndividualAllocation        = false                                  {pd product} {ergonomic}

Logging:
Log output configuration:
 #0: stdout all=warning uptime,level,tags
 #1: stderr all=off uptime,level,tags

Environment Variables:
PATH=C:\Program Files\Common Files\Oracle\Java\javapath;C:\Program Files (x86)\Common Files\Oracle\Java\javapath;C:\Program Files\OpenJDK\jdk-11.0.8.10-hotspot\bin;C:\Program Files (x86)\Intel\TXE Components\TCS\;C:\Program Files\Intel\TXE Components\TCS\;C:\WINDOWS\system32;C:\WINDOWS;C:\WINDOWS\System32\Wbem;C:\WINDOWS\System32\WindowsPowerShell\v1.0\;C:\Program Files\Intel\TXE Components\DAL\;C:\Program Files (x86)\Intel\TXE Components\DAL\;C:\Program Files\Intel\TXE Components\IPT\;C:\Program Files (x86)\Intel\TXE Components\IPT\;C:\Users\wasee\AppData\Local\Microsoft\WindowsApps;
USERNAME=wasee
OS=Windows_NT
PROCESSOR_IDENTIFIER=Intel64 Family 6 Model 76 Stepping 4, GenuineIntel



---------------  S Y S T E M  ---------------

OS: Windows 10 , 64 bit Build 15063 (10.0.15063.1058)
OS uptime: 0 days 6:05 hours

CPU:total 2 (initial active 2) (2 cores per cpu, 1 threads per core) family 6 model 76 stepping 4, cmov, cx8, fxsr, mmx, sse, sse2, sse3, ssse3, sse4.1, sse4.2, popcnt, aes, clmul, erms, 3dnowpref, tsc, tscinvbit

Memory: 4k page, system-wide physical 4002M (429M free)
TotalPageFile size 5312M (AvailPageFile size 110M)
current process WorkingSet (physical memory assigned to process): 522M, peak: 612M
current process commit charge ("private bytes"): 678M, peak: 1015M

vm_info: OpenJDK 64-Bit Server VM (11.0.8+10-b944.6842174) for windows-amd64 JRE (11.0.8+10-b944.6842174), built on Sep 19 2020 01:11:42 by "builder" with MS VC++ 14.0 (VS2015)

END.
