#
# There is insufficient memory for the Java Runtime Environment to continue.
# Native memory allocation (malloc) failed to allocate 32744 bytes for ChunkPool::allocate
# Possible reasons:
#   The system is out of physical RAM or swap space
#   The process is running with CompressedOops enabled, and the Java Heap may be blocking the growth of the native heap
# Possible solutions:
#   Reduce memory load on the system
#   Increase physical memory or swap space
#   Check if swap backing store is full
#   Decrease Java heap size (-Xmx/-Xms)
#   Decrease number of Java threads
#   Decrease Java thread stack sizes (-Xss)
#   Set larger code cache with -XX:ReservedCodeCacheSize=
#   JVM is running with Unscaled Compressed Oops mode in which the Java heap is
#     placed in the first 4GB address space. The Java Heap base address is the
#     maximum limit for the native heap growth. Please use -XX:HeapBaseMinAddress
#     to set the Java Heap base and to place the Java Heap above 4GB virtual address.
# This output file may be truncated or incomplete.
#
#  Out of Memory Error (./src/hotspot/share/memory/arena.cpp:81), pid=9808, tid=6324
#
# JRE version: OpenJDK Runtime Environment (11.0.8+10) (build 11.0.8+10-b944.6842174)
# Java VM: OpenJDK 64-Bit Server VM (11.0.8+10-b944.6842174, mixed mode, tiered, compressed oops, g1 gc, windows-amd64)
# No core dump will be written. Minidumps are not enabled by default on client versions of Windows
#

---------------  S U M M A R Y ------------

Command Line: --add-opens=java.base/java.util=ALL-UNNAMED --add-opens=java.base/java.lang=ALL-UNNAMED --add-opens=java.base/java.lang.invoke=ALL-UNNAMED --add-opens=java.prefs/java.util.prefs=ALL-UNNAMED -Xmx2048m -Dfile.encoding=UTF-8 -Duser.country=ZA -Duser.language=en -Duser.variant org.gradle.launcher.daemon.bootstrap.GradleDaemon 5.1.1

Host: Intel(R) Celeron(R) CPU  N3060  @ 1.60GHz, 2 cores, 3G,  Windows 10 , 64 bit Build 15063 (10.0.15063.1058)
Time: Thu Sep 30 18:23:01 2021 South Africa Standard Time elapsed time: 3607 seconds (0d 1h 0m 7s)

---------------  T H R E A D  ---------------

Current thread (0x000002b97dd3e800):  VMThread "VM Thread" [stack: 0x000000d634300000,0x000000d634400000] [id=6324] _threads_hazard_ptr=0x000002b90925c210

Stack: [0x000000d634300000,0x000000d634400000]
[error occurred during error reporting (printing stack bounds), id 0xc0000005, EXCEPTION_ACCESS_VIOLATION (0xc0000005) at pc=0x000002b967fc0dbd]

Native frames: (J=compiled Java code, j=interpreted, Vv=VM code, C=native code)
V  [jvm.dll+0x5de50a]
V  [jvm.dll+0x7122f5]
V  [jvm.dll+0x71384d]
V  [jvm.dll+0x713e65]
V  [jvm.dll+0x713e1b]
V  [jvm.dll+0x5dd958]
V  [jvm.dll+0x5de0f8]
C  [ntdll.dll+0xa9ffd]
C  [ntdll.dll+0x351c8]
C  [ntdll.dll+0xa907e]
C  0x000002b967fc0dbd

VM_Operation (0x000000d64d6fe410): BulkRevokeBias, mode: safepoint, requested by thread 0x000002b90320a000


---------------  P R O C E S S  ---------------

Threads class SMR info:
_java_thread_list=0x000002b90925c210, length=37, elements={
0x000002b964649800, 0x000002b97dd42000, 0x000002b97dd4d800, 0x000002b97dda7800,
0x000002b97dda8800, 0x000002b97ddaa000, 0x000002b97ddae000, 0x000002b97e617800,
0x000002b97e707000, 0x000002b97e780800, 0x000002b900393800, 0x000002b90024f000,
0x000002b97e944800, 0x000002b900a96800, 0x000002b900a98800, 0x000002b900a95000,
0x000002b902cba800, 0x000002b902cbf000, 0x000002b90320b800, 0x000002b903215800,
0x000002b902cc1000, 0x000002b900a96000, 0x000002b900a94800, 0x000002b900a9a000,
0x000002b900a9b000, 0x000002b900a97800, 0x000002b90320d000, 0x000002b903208800,
0x000002b90320f800, 0x000002b90320e000, 0x000002b90320f000, 0x000002b90320c800,
0x000002b90320a000, 0x000002b903210800, 0x000002b90320a800, 0x000002b903217000,
0x000002b903212000
}

Java Threads: ( => current thread )
  0x000002b964649800 JavaThread "main" [_thread_blocked, id=4660, stack(0x000000d633d00000,0x000000d633e00000)]
  0x000002b97dd42000 JavaThread "Reference Handler" daemon [_thread_blocked, id=3752, stack(0x000000d634400000,0x000000d634500000)]
  0x000002b97dd4d800 JavaThread "Finalizer" daemon [_thread_blocked, id=7592, stack(0x000000d634500000,0x000000d634600000)]
  0x000002b97dda7800 JavaThread "Signal Dispatcher" daemon [_thread_blocked, id=8700, stack(0x000000d634700000,0x000000d634800000)]
  0x000002b97dda8800 JavaThread "Attach Listener" daemon [_thread_blocked, id=5076, stack(0x000000d634800000,0x000000d634900000)]
  0x000002b97ddaa000 JavaThread "C2 CompilerThread0" daemon [_thread_blocked, id=1840, stack(0x000000d634900000,0x000000d634a00000)]
  0x000002b97ddae000 JavaThread "C1 CompilerThread0" daemon [_thread_blocked, id=3928, stack(0x000000d634a00000,0x000000d634b00000)]
  0x000002b97e617800 JavaThread "Sweeper thread" daemon [_thread_blocked, id=1184, stack(0x000000d634b00000,0x000000d634c00000)]
  0x000002b97e707000 JavaThread "Common-Cleaner" daemon [_thread_blocked, id=7280, stack(0x000000d634c00000,0x000000d634d00000)]
  0x000002b97e780800 JavaThread "Service Thread" daemon [_thread_blocked, id=2248, stack(0x000000d634d00000,0x000000d634e00000)]
  0x000002b900393800 JavaThread "Incoming local TCP Connector on port 49773" [_thread_in_native, id=5504, stack(0x000000d635000000,0x000000d635100000)]
  0x000002b90024f000 JavaThread "Daemon periodic checks" [_thread_blocked, id=8104, stack(0x000000d635100000,0x000000d635200000)]
  0x000002b97e944800 JavaThread "Cache worker for file hash cache (C:\Users\wasee\.gradle\caches\5.1.1\fileHashes)" [_thread_blocked, id=10012, stack(0x000000d635900000,0x000000d635a00000)]
  0x000002b900a96800 JavaThread "File lock request listener" [_thread_in_native, id=8716, stack(0x000000d635a00000,0x000000d635b00000)]
  0x000002b900a98800 JavaThread "Cache worker for journal cache (C:\Users\wasee\.gradle\caches\journal-1)" [_thread_blocked, id=9860, stack(0x000000d635b00000,0x000000d635c00000)]
  0x000002b900a95000 JavaThread "Cache worker for execution history cache (C:\Users\wasee\.gradle\caches\5.1.1\executionHistory)" [_thread_blocked, id=9812, stack(0x000000d635f00000,0x000000d636000000)]
  0x000002b902cba800 JavaThread "Memory manager" [_thread_blocked, id=500, stack(0x000000d636400000,0x000000d636500000)]
  0x000002b902cbf000 JavaThread "Cache worker for file content cache (C:\Users\wasee\.gradle\caches\5.1.1\fileContent)" [_thread_blocked, id=9824, stack(0x000000d636500000,0x000000d636600000)]
  0x000002b90320b800 JavaThread "Java2D Disposer" daemon [_thread_blocked, id=8848, stack(0x000000d638100000,0x000000d638200000)]
  0x000002b903215800 JavaThread "ForkJoinPool.commonPool-worker-1" daemon [_thread_blocked, id=5700, stack(0x000000d640400000,0x000000d640500000)]
  0x000002b902cc1000 JavaThread "Cache worker for Java compile cache (C:\Users\wasee\.gradle\caches\5.1.1\javaCompile)" [_thread_blocked, id=4568, stack(0x000000d649000000,0x000000d649100000)]
  0x000002b900a96000 JavaThread "Daemon Thread 14" [_thread_blocked, id=8252, stack(0x000000d64cb00000,0x000000d64cc00000)]
  0x000002b900a94800 JavaThread "Handler for socket connection from /127.0.0.1:49773 to /127.0.0.1:50112" [_thread_in_native, id=10104, stack(0x000000d64cc00000,0x000000d64cd00000)]
  0x000002b900a9a000 JavaThread "Cancel handler" [_thread_blocked, id=6248, stack(0x000000d64cd00000,0x000000d64ce00000)]
  0x000002b900a9b000 JavaThread "Daemon worker Thread 14" [_thread_blocked, id=6600, stack(0x000000d64ce00000,0x000000d64cf00000)]
  0x000002b900a97800 JavaThread "Asynchronous log dispatcher for DefaultDaemonConnection: socket connection from /127.0.0.1:49773 to /127.0.0.1:50112" [_thread_blocked, id=2036, stack(0x000000d64cf00000,0x000000d64d000000)]
  0x000002b90320d000 JavaThread "Stdin handler" [_thread_blocked, id=9820, stack(0x000000d64d000000,0x000000d64d100000)]
  0x000002b903208800 JavaThread "Thread-264" [_thread_blocked, id=3224, stack(0x000000d64d100000,0x000000d64d200000)]
  0x000002b90320f800 JavaThread "Cache worker for file hash cache (C:\Users\wasee\AndroidStudioProjects\TimeManagementTool\.gradle\5.1.1\fileHashes)" [_thread_blocked, id=7084, stack(0x000000d64d200000,0x000000d64d300000)]
  0x000002b90320e000 JavaThread "Cache worker for cache directory md-supplier (C:\Users\wasee\.gradle\caches\5.1.1\md-supplier)" [_thread_blocked, id=8328, stack(0x000000d64d300000,0x000000d64d400000)]
  0x000002b90320f000 JavaThread "Cache worker for cache directory md-rule (C:\Users\wasee\.gradle\caches\5.1.1\md-rule)" [_thread_blocked, id=1852, stack(0x000000d64d400000,0x000000d64d500000)]
  0x000002b90320c800 JavaThread "Build operations" [_thread_blocked, id=3916, stack(0x000000d64d500000,0x000000d64d600000)]
  0x000002b90320a000 JavaThread "Build operations Thread 2" [_thread_blocked, id=7464, stack(0x000000d64d600000,0x000000d64d700000)]
  0x000002b903210800 JavaThread "Cache worker for Build Output Cleanup Cache (C:\Users\wasee\AndroidStudioProjects\TimeManagementTool\.gradle\buildOutputCleanup)" [_thread_blocked, id=6312, stack(0x000000d64d700000,0x000000d64d800000)]
  0x000002b90320a800 JavaThread "Cache worker for file content cache (C:\Users\wasee\AndroidStudioProjects\TimeManagementTool\.gradle\5.1.1\fileContent)" [_thread_blocked, id=10132, stack(0x000000d64d800000,0x000000d64d900000)]
  0x000002b903217000 JavaThread "Execution worker for ':'" [_thread_blocked, id=5540, stack(0x000000d64d900000,0x000000d64da00000)]
  0x000002b903212000 JavaThread "Cache worker for execution history cache (C:\Users\wasee\AndroidStudioProjects\TimeManagementTool\.gradle\5.1.1\executionHistory)" [_thread_blocked, id=9708, stack(0x000000d64da00000,0x000000d64db00000)]

Other Threads:
=>0x000002b97dd3e800 VMThread "VM Thread" [stack: 0x000000d634300000,0x000000d634400000] [id=6324] _threads_hazard_ptr=0x000002b90925c210
  0x000002b97e781800 WatcherThread [stack: 0x000000d634e00000,0x000000d634f00000] [id=10216]
  0x000002b964661000 GCTaskThread "GC Thread#0" [stack: 0x000000d633e00000,0x000000d633f00000] [id=9228]
  0x000002b97e5d2800 GCTaskThread "GC Thread#1" [stack: 0x000000d634f00000,0x000000d635000000] [id=9548]
  0x000002b964691000 ConcurrentGCThread "G1 Main Marker" [stack: 0x000000d633f00000,0x000000d634000000] [id=9232]
  0x000002b964694800 ConcurrentGCThread "G1 Conc#0" [stack: 0x000000d634000000,0x000000d634100000] [id=3796]
  0x000002b9646e8000 ConcurrentGCThread "G1 Refine#0" [stack: 0x000000d634100000,0x000000d634200000] [id=6480]
  0x000002b903550800 ConcurrentGCThread "G1 Refine#1" [stack: 0x000000d649500000,0x000000d649600000] [id=7980]
  0x000002b9646e9000 ConcurrentGCThread "G1 Young RemSet Sampling" [stack: 0x000000d634200000,0x000000d634300000] [id=7676]

Threads with active compile tasks:
C2 CompilerThread03607951 24610       4       org.gradle.api.internal.artifacts.ivyservice.resolveengine.artifact.ResolvedArtifactsGraphVisitor::getArtifacts (197 bytes)

VM state:at safepoint (normal execution)

VM Mutex/Monitor currently owned by a thread:  ([mutex/lock_event])
[0x000002b964647190] Threads_lock - owner thread: 0x000002b97dd3e800

Heap address: 0x0000000080000000, size: 2048 MB, Compressed Oops mode: 32-bit
Narrow klass base: 0x0000000000000000, Narrow klass shift: 3
Compressed class space size: 1073741824 Address: 0x0000000100000000

Heap:
 garbage-first heap   total 372736K, used 179260K [0x0000000080000000, 0x0000000100000000)
  region size 1024K, 54 young (55296K), 4 survivors (4096K)
 Metaspace       used 110923K, capacity 114095K, committed 114304K, reserved 1148928K
  class space    used 13110K, capacity 14179K, committed 14208K, reserved 1048576K
Heap Regions: E=young(eden), S=young(survivor), O=old, HS=humongous(starts), HC=humongous(continues), CS=collection set, F=free, A=archive, TAMS=top-at-mark-start (previous, next)
|   0|0x0000000080000000, 0x0000000080100000, 0x0000000080100000|100%|HS|  |TAMS 0x0000000080100000, 0x0000000080000000| Complete 
|   1|0x0000000080100000, 0x0000000080200000, 0x0000000080200000|100%| O|  |TAMS 0x0000000080200000, 0x0000000080100000| Untracked 
|   2|0x0000000080200000, 0x0000000080300000, 0x0000000080300000|100%| O|  |TAMS 0x0000000080300000, 0x0000000080200000| Complete 
|   3|0x0000000080300000, 0x0000000080400000, 0x0000000080400000|100%|HS|  |TAMS 0x0000000080400000, 0x0000000080300000| Complete 
|   4|0x0000000080400000, 0x0000000080500000, 0x0000000080500000|100%|HC|  |TAMS 0x0000000080500000, 0x0000000080400000| Complete 
|   5|0x0000000080500000, 0x0000000080600000, 0x0000000080600000|100%| O|  |TAMS 0x0000000080600000, 0x0000000080500000| Untracked 
|   6|0x0000000080600000, 0x0000000080700000, 0x0000000080700000|100%| O|  |TAMS 0x0000000080700000, 0x0000000080600000| Untracked 
|   7|0x0000000080700000, 0x0000000080800000, 0x0000000080800000|100%| O|  |TAMS 0x0000000080800000, 0x0000000080700000| Untracked 
|   8|0x0000000080800000, 0x0000000080900000, 0x0000000080900000|100%| O|  |TAMS 0x0000000080900000, 0x0000000080800000| Untracked 
|   9|0x0000000080900000, 0x0000000080a00000, 0x0000000080a00000|100%| O|  |TAMS 0x0000000080a00000, 0x0000000080900000| Untracked 
|  10|0x0000000080a00000, 0x0000000080b00000, 0x0000000080b00000|100%| O|  |TAMS 0x0000000080b00000, 0x0000000080a00000| Untracked 
|  11|0x0000000080b00000, 0x0000000080c00000, 0x0000000080c00000|100%| O|  |TAMS 0x0000000080c00000, 0x0000000080b00000| Untracked 
|  12|0x0000000080c00000, 0x0000000080d00000, 0x0000000080d00000|100%| O|  |TAMS 0x0000000080d00000, 0x0000000080c00000| Complete 
|  13|0x0000000080d00000, 0x0000000080e00000, 0x0000000080e00000|100%| O|  |TAMS 0x0000000080e00000, 0x0000000080d00000| Untracked 
|  14|0x0000000080e00000, 0x0000000080f00000, 0x0000000080f00000|100%|HS|  |TAMS 0x0000000080f00000, 0x0000000080e00000| Complete 
|  15|0x0000000080f00000, 0x0000000081000000, 0x0000000081000000|100%|HC|  |TAMS 0x0000000081000000, 0x0000000080f00000| Complete 
|  16|0x0000000081000000, 0x0000000081100000, 0x0000000081100000|100%|HS|  |TAMS 0x0000000081100000, 0x0000000081000000| Complete 
|  17|0x0000000081100000, 0x0000000081200000, 0x0000000081200000|100%|HC|  |TAMS 0x0000000081200000, 0x0000000081100000| Complete 
|  18|0x0000000081200000, 0x0000000081300000, 0x0000000081300000|100%|HC|  |TAMS 0x0000000081300000, 0x0000000081200000| Complete 
|  19|0x0000000081300000, 0x0000000081400000, 0x0000000081400000|100%|HS|  |TAMS 0x0000000081400000, 0x0000000081300000| Complete 
|  20|0x0000000081400000, 0x0000000081500000, 0x0000000081500000|100%|HC|  |TAMS 0x0000000081500000, 0x0000000081400000| Complete 
|  21|0x0000000081500000, 0x0000000081600000, 0x0000000081600000|100%|HC|  |TAMS 0x0000000081600000, 0x0000000081500000| Complete 
|  22|0x0000000081600000, 0x0000000081700000, 0x0000000081700000|100%|HC|  |TAMS 0x0000000081700000, 0x0000000081600000| Complete 
|  23|0x0000000081700000, 0x0000000081800000, 0x0000000081800000|100%| O|  |TAMS 0x0000000081800000, 0x0000000081700000| Complete 
|  24|0x0000000081800000, 0x0000000081900000, 0x0000000081900000|100%| O|  |TAMS 0x0000000081900000, 0x0000000081800000| Untracked 
|  25|0x0000000081900000, 0x0000000081a00000, 0x0000000081a00000|100%| O|  |TAMS 0x0000000081a00000, 0x0000000081900000| Untracked 
|  26|0x0000000081a00000, 0x0000000081b00000, 0x0000000081b00000|100%| O|  |TAMS 0x0000000081b00000, 0x0000000081a00000| Complete 
|  27|0x0000000081b00000, 0x0000000081c00000, 0x0000000081c00000|100%| O|  |TAMS 0x0000000081c00000, 0x0000000081b00000| Complete 
|  28|0x0000000081c00000, 0x0000000081d00000, 0x0000000081d00000|100%| O|  |TAMS 0x0000000081d00000, 0x0000000081c00000| Complete 
|  29|0x0000000081d00000, 0x0000000081e00000, 0x0000000081e00000|100%| O|  |TAMS 0x0000000081e00000, 0x0000000081d00000| Complete 
|  30|0x0000000081e00000, 0x0000000081f00000, 0x0000000081f00000|100%| O|  |TAMS 0x0000000081f00000, 0x0000000081e00000| Complete 
|  31|0x0000000081f00000, 0x0000000082000000, 0x0000000082000000|100%| O|  |TAMS 0x0000000082000000, 0x0000000081f00000| Complete 
|  32|0x0000000082000000, 0x0000000082100000, 0x0000000082100000|100%|HS|  |TAMS 0x0000000082100000, 0x0000000082000000| Complete 
|  33|0x0000000082100000, 0x0000000082200000, 0x0000000082200000|100%|HC|  |TAMS 0x0000000082200000, 0x0000000082100000| Complete 
|  34|0x0000000082200000, 0x0000000082300000, 0x0000000082300000|100%|HC|  |TAMS 0x0000000082300000, 0x0000000082200000| Complete 
|  35|0x0000000082300000, 0x0000000082400000, 0x0000000082400000|100%| O|  |TAMS 0x0000000082400000, 0x0000000082300000| Complete 
|  36|0x0000000082400000, 0x0000000082500000, 0x0000000082500000|100%| O|  |TAMS 0x0000000082500000, 0x0000000082400000| Complete 
|  37|0x0000000082500000, 0x0000000082600000, 0x0000000082600000|100%|HS|  |TAMS 0x0000000082600000, 0x0000000082500000| Complete 
|  38|0x0000000082600000, 0x0000000082700000, 0x0000000082700000|100%|HC|  |TAMS 0x0000000082700000, 0x0000000082600000| Complete 
|  39|0x0000000082700000, 0x0000000082800000, 0x0000000082800000|100%| O|  |TAMS 0x0000000082800000, 0x0000000082700000| Untracked 
|  40|0x0000000082800000, 0x0000000082900000, 0x0000000082900000|100%| O|  |TAMS 0x0000000082900000, 0x0000000082800000| Untracked 
|  41|0x0000000082900000, 0x0000000082a00000, 0x0000000082a00000|100%| O|  |TAMS 0x0000000082a00000, 0x0000000082900000| Complete 
|  42|0x0000000082a00000, 0x0000000082b00000, 0x0000000082b00000|100%| O|  |TAMS 0x0000000082b00000, 0x0000000082a00000| Untracked 
|  43|0x0000000082b00000, 0x0000000082c00000, 0x0000000082c00000|100%| O|  |TAMS 0x0000000082c00000, 0x0000000082b00000| Complete 
|  44|0x0000000082c00000, 0x0000000082d00000, 0x0000000082d00000|100%| O|  |TAMS 0x0000000082d00000, 0x0000000082c00000| Complete 
|  45|0x0000000082d00000, 0x0000000082e00000, 0x0000000082e00000|100%|HS|  |TAMS 0x0000000082d00000, 0x0000000082d00000| Complete 
|  46|0x0000000082e00000, 0x0000000082f00000, 0x0000000082f00000|100%| O|  |TAMS 0x0000000082f00000, 0x0000000082e00000| Complete 
|  47|0x0000000082f00000, 0x0000000083000000, 0x0000000083000000|100%| O|  |TAMS 0x0000000083000000, 0x0000000082f00000| Complete 
|  48|0x0000000083000000, 0x0000000083100000, 0x0000000083100000|100%| O|  |TAMS 0x0000000083100000, 0x0000000083000000| Complete 
|  49|0x0000000083100000, 0x0000000083200000, 0x0000000083200000|100%| O|  |TAMS 0x0000000083200000, 0x0000000083100000| Complete 
|  50|0x0000000083200000, 0x0000000083300000, 0x0000000083300000|100%| O|  |TAMS 0x0000000083300000, 0x0000000083200000| Complete 
|  51|0x0000000083300000, 0x0000000083400000, 0x0000000083400000|100%| O|  |TAMS 0x0000000083400000, 0x0000000083300000| Complete 
|  52|0x0000000083400000, 0x0000000083500000, 0x0000000083500000|100%| O|  |TAMS 0x0000000083500000, 0x0000000083400000| Complete 
|  53|0x0000000083500000, 0x0000000083600000, 0x0000000083600000|100%| O|  |TAMS 0x0000000083600000, 0x0000000083500000| Complete 
|  54|0x0000000083600000, 0x0000000083700000, 0x0000000083700000|100%| O|  |TAMS 0x0000000083700000, 0x0000000083600000| Complete 
|  55|0x0000000083700000, 0x0000000083800000, 0x0000000083800000|100%|HS|  |TAMS 0x0000000083700000, 0x0000000083700000| Complete 
|  56|0x0000000083800000, 0x0000000083900000, 0x0000000083900000|100%|HC|  |TAMS 0x0000000083800000, 0x0000000083800000| Complete 
|  57|0x0000000083900000, 0x0000000083a00000, 0x0000000083a00000|100%| O|  |TAMS 0x0000000083a00000, 0x0000000083900000| Complete 
|  58|0x0000000083a00000, 0x0000000083b00000, 0x0000000083b00000|100%| O|  |TAMS 0x0000000083b00000, 0x0000000083a00000| Complete 
|  59|0x0000000083b00000, 0x0000000083c00000, 0x0000000083c00000|100%| O|  |TAMS 0x0000000083c00000, 0x0000000083b00000| Complete 
|  60|0x0000000083c00000, 0x0000000083d00000, 0x0000000083d00000|100%| O|  |TAMS 0x0000000083d00000, 0x0000000083c00000| Complete 
|  61|0x0000000083d00000, 0x0000000083e00000, 0x0000000083e00000|100%| O|  |TAMS 0x0000000083e00000, 0x0000000083d00000| Complete 
|  62|0x0000000083e00000, 0x0000000083f00000, 0x0000000083f00000|100%| O|  |TAMS 0x0000000083f00000, 0x0000000083e00000| Complete 
|  63|0x0000000083f00000, 0x0000000084000000, 0x0000000084000000|100%| O|  |TAMS 0x0000000084000000, 0x0000000083f00000| Untracked 
|  64|0x0000000084000000, 0x0000000084100000, 0x0000000084100000|100%| O|  |TAMS 0x0000000084100000, 0x0000000084000000| Complete 
|  65|0x0000000084100000, 0x0000000084200000, 0x0000000084200000|100%| O|  |TAMS 0x0000000084200000, 0x0000000084100000| Untracked 
|  66|0x0000000084200000, 0x0000000084300000, 0x0000000084300000|100%| O|  |TAMS 0x0000000084300000, 0x0000000084200000| Complete 
|  67|0x0000000084300000, 0x0000000084400000, 0x0000000084400000|100%| O|  |TAMS 0x0000000084400000, 0x0000000084300000| Untracked 
|  68|0x0000000084400000, 0x0000000084500000, 0x0000000084500000|100%|HS|  |TAMS 0x0000000084400000, 0x0000000084400000| Complete 
|  69|0x0000000084500000, 0x0000000084600000, 0x0000000084600000|100%| O|  |TAMS 0x0000000084600000, 0x0000000084500000| Complete 
|  70|0x0000000084600000, 0x0000000084700000, 0x0000000084700000|100%|HS|  |TAMS 0x0000000084600000, 0x0000000084600000| Complete 
|  71|0x0000000084700000, 0x0000000084800000, 0x0000000084800000|100%| O|  |TAMS 0x0000000084800000, 0x0000000084700000| Complete 
|  72|0x0000000084800000, 0x0000000084900000, 0x0000000084900000|100%|HS|  |TAMS 0x0000000084800000, 0x0000000084800000| Complete 
|  73|0x0000000084900000, 0x0000000084a00000, 0x0000000084a00000|100%|HC|  |TAMS 0x0000000084900000, 0x0000000084900000| Complete 
|  74|0x0000000084a00000, 0x0000000084b00000, 0x0000000084b00000|100%|HC|  |TAMS 0x0000000084a00000, 0x0000000084a00000| Complete 
|  75|0x0000000084b00000, 0x0000000084c00000, 0x0000000084c00000|100%| O|  |TAMS 0x0000000084c00000, 0x0000000084b00000| Complete 
|  76|0x0000000084c00000, 0x0000000084d00000, 0x0000000084d00000|100%| O|  |TAMS 0x0000000084d00000, 0x0000000084c00000| Complete 
|  77|0x0000000084d00000, 0x0000000084e00000, 0x0000000084e00000|100%| O|  |TAMS 0x0000000084e00000, 0x0000000084d00000| Complete 
|  78|0x0000000084e00000, 0x0000000084f00000, 0x0000000084f00000|100%| O|  |TAMS 0x0000000084f00000, 0x0000000084e00000| Complete 
|  79|0x0000000084f00000, 0x0000000085000000, 0x0000000085000000|100%|HS|  |TAMS 0x0000000084f00000, 0x0000000084f00000| Complete 
|  80|0x0000000085000000, 0x0000000085100000, 0x0000000085100000|100%|HC|  |TAMS 0x0000000085000000, 0x0000000085000000| Complete 
|  81|0x0000000085100000, 0x0000000085200000, 0x0000000085200000|100%| O|  |TAMS 0x0000000085200000, 0x0000000085100000| Complete 
|  82|0x0000000085200000, 0x0000000085200000, 0x0000000085300000|  0%| F|  |TAMS 0x0000000085200000, 0x0000000085200000| Untracked 
|  83|0x0000000085300000, 0x0000000085400000, 0x0000000085400000|100%| O|  |TAMS 0x0000000085400000, 0x0000000085300000| Complete 
|  84|0x0000000085400000, 0x0000000085500000, 0x0000000085500000|100%|HS|  |TAMS 0x0000000085400000, 0x0000000085400000| Complete 
|  85|0x0000000085500000, 0x0000000085600000, 0x0000000085600000|100%|HC|  |TAMS 0x0000000085500000, 0x0000000085500000| Complete 
|  86|0x0000000085600000, 0x0000000085700000, 0x0000000085700000|100%|HC|  |TAMS 0x0000000085600000, 0x0000000085600000| Complete 
|  87|0x0000000085700000, 0x0000000085800000, 0x0000000085800000|100%|HC|  |TAMS 0x0000000085700000, 0x0000000085700000| Complete 
|  88|0x0000000085800000, 0x0000000085900000, 0x0000000085900000|100%|HC|  |TAMS 0x0000000085800000, 0x0000000085800000| Complete 
|  89|0x0000000085900000, 0x0000000085a00000, 0x0000000085a00000|100%| O|  |TAMS 0x0000000085a00000, 0x0000000085900000| Complete 
|  90|0x0000000085a00000, 0x0000000085a00000, 0x0000000085b00000|  0%| F|  |TAMS 0x0000000085a00000, 0x0000000085a00000| Untracked 
|  91|0x0000000085b00000, 0x0000000085c00000, 0x0000000085c00000|100%| O|  |TAMS 0x0000000085c00000, 0x0000000085b00000| Complete 
|  92|0x0000000085c00000, 0x0000000085d00000, 0x0000000085d00000|100%| O|  |TAMS 0x0000000085d00000, 0x0000000085c00000| Untracked 
|  93|0x0000000085d00000, 0x0000000085d00000, 0x0000000085e00000|  0%| F|  |TAMS 0x0000000085d00000, 0x0000000085d00000| Untracked 
|  94|0x0000000085e00000, 0x0000000085e00000, 0x0000000085f00000|  0%| F|  |TAMS 0x0000000085e00000, 0x0000000085e00000| Untracked 
|  95|0x0000000085f00000, 0x0000000085f00000, 0x0000000086000000|  0%| F|  |TAMS 0x0000000085f00000, 0x0000000085f00000| Untracked 
|  96|0x0000000086000000, 0x0000000086000000, 0x0000000086100000|  0%| F|  |TAMS 0x0000000086000000, 0x0000000086000000| Untracked 
|  97|0x0000000086100000, 0x0000000086200000, 0x0000000086200000|100%| O|  |TAMS 0x0000000086200000, 0x0000000086100000| Complete 
|  98|0x0000000086200000, 0x0000000086200000, 0x0000000086300000|  0%| F|  |TAMS 0x0000000086200000, 0x0000000086200000| Untracked 
|  99|0x0000000086300000, 0x0000000086300000, 0x0000000086400000|  0%| F|  |TAMS 0x0000000086300000, 0x0000000086300000| Untracked 
| 100|0x0000000086400000, 0x0000000086500000, 0x0000000086500000|100%| O|  |TAMS 0x0000000086500000, 0x0000000086400000| Untracked 
| 101|0x0000000086500000, 0x0000000086500000, 0x0000000086600000|  0%| F|  |TAMS 0x0000000086500000, 0x0000000086500000| Untracked 
| 102|0x0000000086600000, 0x0000000086600000, 0x0000000086700000|  0%| F|  |TAMS 0x0000000086600000, 0x0000000086600000| Untracked 
| 103|0x0000000086700000, 0x0000000086700000, 0x0000000086800000|  0%| F|  |TAMS 0x0000000086700000, 0x0000000086700000| Untracked 
| 104|0x0000000086800000, 0x0000000086800000, 0x0000000086900000|  0%| F|  |TAMS 0x0000000086800000, 0x0000000086800000| Untracked 
| 105|0x0000000086900000, 0x0000000086900000, 0x0000000086a00000|  0%| F|  |TAMS 0x0000000086900000, 0x0000000086900000| Untracked 
| 106|0x0000000086a00000, 0x0000000086b00000, 0x0000000086b00000|100%| O|  |TAMS 0x0000000086b00000, 0x0000000086a00000| Complete 
| 107|0x0000000086b00000, 0x0000000086b00000, 0x0000000086c00000|  0%| F|  |TAMS 0x0000000086b00000, 0x0000000086b00000| Untracked 
| 108|0x0000000086c00000, 0x0000000086c00000, 0x0000000086d00000|  0%| F|  |TAMS 0x0000000086c00000, 0x0000000086c00000| Untracked 
| 109|0x0000000086d00000, 0x0000000086d00000, 0x0000000086e00000|  0%| F|  |TAMS 0x0000000086d00000, 0x0000000086d00000| Untracked 
| 110|0x0000000086e00000, 0x0000000086e00000, 0x0000000086f00000|  0%| F|  |TAMS 0x0000000086e00000, 0x0000000086e00000| Untracked 
| 111|0x0000000086f00000, 0x0000000087000000, 0x0000000087000000|100%| O|  |TAMS 0x0000000087000000, 0x0000000086f00000| Complete 
| 112|0x0000000087000000, 0x0000000087100000, 0x0000000087100000|100%| O|  |TAMS 0x0000000087100000, 0x0000000087000000| Complete 
| 113|0x0000000087100000, 0x0000000087100000, 0x0000000087200000|  0%| F|  |TAMS 0x0000000087100000, 0x0000000087100000| Untracked 
| 114|0x0000000087200000, 0x0000000087200000, 0x0000000087300000|  0%| F|  |TAMS 0x0000000087200000, 0x0000000087200000| Untracked 
| 115|0x0000000087300000, 0x0000000087300000, 0x0000000087400000|  0%| F|  |TAMS 0x0000000087300000, 0x0000000087300000| Untracked 
| 116|0x0000000087400000, 0x0000000087500000, 0x0000000087500000|100%| O|  |TAMS 0x0000000087500000, 0x0000000087400000| Complete 
| 117|0x0000000087500000, 0x0000000087600000, 0x0000000087600000|100%| O|  |TAMS 0x0000000087600000, 0x0000000087500000| Complete 
| 118|0x0000000087600000, 0x0000000087600000, 0x0000000087700000|  0%| F|  |TAMS 0x0000000087600000, 0x0000000087600000| Untracked 
| 119|0x0000000087700000, 0x0000000087700000, 0x0000000087800000|  0%| F|  |TAMS 0x0000000087700000, 0x0000000087700000| Untracked 
| 120|0x0000000087800000, 0x0000000087900000, 0x0000000087900000|100%| O|  |TAMS 0x0000000087900000, 0x0000000087800000| Complete 
| 121|0x0000000087900000, 0x0000000087900000, 0x0000000087a00000|  0%| F|  |TAMS 0x0000000087900000, 0x0000000087900000| Untracked 
| 122|0x0000000087a00000, 0x0000000087a00000, 0x0000000087b00000|  0%| F|  |TAMS 0x0000000087a00000, 0x0000000087a00000| Untracked 
| 123|0x0000000087b00000, 0x0000000087c00000, 0x0000000087c00000|100%| O|  |TAMS 0x0000000087c00000, 0x0000000087b00000| Complete 
| 124|0x0000000087c00000, 0x0000000087c00000, 0x0000000087d00000|  0%| F|  |TAMS 0x0000000087c00000, 0x0000000087c00000| Untracked 
| 125|0x0000000087d00000, 0x0000000087e00000, 0x0000000087e00000|100%| O|  |TAMS 0x0000000087e00000, 0x0000000087d00000| Untracked 
| 126|0x0000000087e00000, 0x0000000087f00000, 0x0000000087f00000|100%| O|  |TAMS 0x0000000087f00000, 0x0000000087e00000| Complete 
| 127|0x0000000087f00000, 0x0000000088000000, 0x0000000088000000|100%|HS|  |TAMS 0x0000000087f00000, 0x0000000087f00000| Complete 
| 128|0x0000000088000000, 0x0000000088100000, 0x0000000088100000|100%|HC|  |TAMS 0x0000000088000000, 0x0000000088000000| Complete 
| 129|0x0000000088100000, 0x0000000088200000, 0x0000000088200000|100%|HS|  |TAMS 0x0000000088100000, 0x0000000088100000| Complete 
| 130|0x0000000088200000, 0x0000000088300000, 0x0000000088300000|100%|HC|  |TAMS 0x0000000088200000, 0x0000000088200000| Complete 
| 131|0x0000000088300000, 0x0000000088400000, 0x0000000088400000|100%|HC|  |TAMS 0x0000000088300000, 0x0000000088300000| Complete 
| 132|0x0000000088400000, 0x0000000088500000, 0x0000000088500000|100%| O|  |TAMS 0x0000000088500000, 0x0000000088400000| Complete 
| 133|0x0000000088500000, 0x0000000088600000, 0x0000000088600000|100%| O|  |TAMS 0x0000000088600000, 0x0000000088500000| Complete 
| 134|0x0000000088600000, 0x0000000088600000, 0x0000000088700000|  0%| F|  |TAMS 0x0000000088600000, 0x0000000088600000| Untracked 
| 135|0x0000000088700000, 0x0000000088700000, 0x0000000088800000|  0%| F|  |TAMS 0x0000000088700000, 0x0000000088700000| Untracked 
| 136|0x0000000088800000, 0x0000000088800000, 0x0000000088900000|  0%| F|  |TAMS 0x0000000088800000, 0x0000000088800000| Untracked 
| 137|0x0000000088900000, 0x0000000088900000, 0x0000000088a00000|  0%| F|  |TAMS 0x0000000088900000, 0x0000000088900000| Untracked 
| 138|0x0000000088a00000, 0x0000000088a00000, 0x0000000088b00000|  0%| F|  |TAMS 0x0000000088a00000, 0x0000000088a00000| Untracked 
| 139|0x0000000088b00000, 0x0000000088b00000, 0x0000000088c00000|  0%| F|  |TAMS 0x0000000088b00000, 0x0000000088b00000| Untracked 
| 140|0x0000000088c00000, 0x0000000088c00000, 0x0000000088d00000|  0%| F|  |TAMS 0x0000000088c00000, 0x0000000088c00000| Untracked 
| 141|0x0000000088d00000, 0x0000000088e00000, 0x0000000088e00000|100%| O|  |TAMS 0x0000000088e00000, 0x0000000088d00000| Complete 
| 142|0x0000000088e00000, 0x0000000088e00000, 0x0000000088f00000|  0%| F|  |TAMS 0x0000000088e00000, 0x0000000088e00000| Untracked 
| 143|0x0000000088f00000, 0x0000000088f00000, 0x0000000089000000|  0%| F|  |TAMS 0x0000000088f00000, 0x0000000088f00000| Untracked 
| 144|0x0000000089000000, 0x0000000089000000, 0x0000000089100000|  0%| F|  |TAMS 0x0000000089000000, 0x0000000089000000| Untracked 
| 145|0x0000000089100000, 0x0000000089100000, 0x0000000089200000|  0%| F|  |TAMS 0x0000000089100000, 0x0000000089100000| Untracked 
| 146|0x0000000089200000, 0x0000000089200000, 0x0000000089300000|  0%| F|  |TAMS 0x0000000089200000, 0x0000000089200000| Untracked 
| 147|0x0000000089300000, 0x0000000089400000, 0x0000000089400000|100%| O|  |TAMS 0x0000000089400000, 0x0000000089300000| Complete 
| 148|0x0000000089400000, 0x0000000089500000, 0x0000000089500000|100%| O|  |TAMS 0x0000000089500000, 0x0000000089400000| Untracked 
| 149|0x0000000089500000, 0x0000000089600000, 0x0000000089600000|100%| O|  |TAMS 0x0000000089600000, 0x0000000089500000| Complete 
| 150|0x0000000089600000, 0x0000000089600000, 0x0000000089700000|  0%| F|  |TAMS 0x0000000089600000, 0x0000000089600000| Untracked 
| 151|0x0000000089700000, 0x0000000089700000, 0x0000000089800000|  0%| F|  |TAMS 0x0000000089700000, 0x0000000089700000| Untracked 
| 152|0x0000000089800000, 0x0000000089800000, 0x0000000089900000|  0%| F|  |TAMS 0x0000000089800000, 0x0000000089800000| Untracked 
| 153|0x0000000089900000, 0x0000000089900000, 0x0000000089a00000|  0%| F|  |TAMS 0x0000000089900000, 0x0000000089900000| Untracked 
| 154|0x0000000089a00000, 0x0000000089a00000, 0x0000000089b00000|  0%| F|  |TAMS 0x0000000089a00000, 0x0000000089a00000| Untracked 
| 155|0x0000000089b00000, 0x0000000089b00000, 0x0000000089c00000|  0%| F|  |TAMS 0x0000000089b00000, 0x0000000089b00000| Untracked 
| 156|0x0000000089c00000, 0x0000000089d00000, 0x0000000089d00000|100%| O|  |TAMS 0x0000000089d00000, 0x0000000089c00000| Complete 
| 157|0x0000000089d00000, 0x0000000089dcb800, 0x0000000089e00000| 79%| O|  |TAMS 0x0000000089dcb800, 0x0000000089d00000| Untracked 
| 158|0x0000000089e00000, 0x0000000089f00000, 0x0000000089f00000|100%| O|  |TAMS 0x0000000089f00000, 0x0000000089e00000| Complete 
| 159|0x0000000089f00000, 0x000000008a000000, 0x000000008a000000|100%| O|  |TAMS 0x000000008a000000, 0x0000000089f00000| Complete 
| 160|0x000000008a000000, 0x000000008a000000, 0x000000008a100000|  0%| F|  |TAMS 0x000000008a000000, 0x000000008a000000| Untracked 
| 161|0x000000008a100000, 0x000000008a100000, 0x000000008a200000|  0%| F|  |TAMS 0x000000008a100000, 0x000000008a100000| Untracked 
| 162|0x000000008a200000, 0x000000008a300000, 0x000000008a300000|100%| O|  |TAMS 0x000000008a300000, 0x000000008a200000| Complete 
| 163|0x000000008a300000, 0x000000008a300000, 0x000000008a400000|  0%| F|  |TAMS 0x000000008a300000, 0x000000008a300000| Untracked 
| 164|0x000000008a400000, 0x000000008a400000, 0x000000008a500000|  0%| F|  |TAMS 0x000000008a400000, 0x000000008a400000| Untracked 
| 165|0x000000008a500000, 0x000000008a500000, 0x000000008a600000|  0%| F|  |TAMS 0x000000008a500000, 0x000000008a500000| Untracked 
| 166|0x000000008a600000, 0x000000008a600000, 0x000000008a700000|  0%| F|  |TAMS 0x000000008a600000, 0x000000008a600000| Untracked 
| 167|0x000000008a700000, 0x000000008a700000, 0x000000008a800000|  0%| F|  |TAMS 0x000000008a700000, 0x000000008a700000| Untracked 
| 168|0x000000008a800000, 0x000000008a800000, 0x000000008a900000|  0%| F|  |TAMS 0x000000008a800000, 0x000000008a800000| Untracked 
| 169|0x000000008a900000, 0x000000008a900000, 0x000000008aa00000|  0%| F|  |TAMS 0x000000008a900000, 0x000000008a900000| Untracked 
| 170|0x000000008aa00000, 0x000000008aa00000, 0x000000008ab00000|  0%| F|  |TAMS 0x000000008aa00000, 0x000000008aa00000| Untracked 
| 171|0x000000008ab00000, 0x000000008ac00000, 0x000000008ac00000|100%|HS|  |TAMS 0x000000008ac00000, 0x000000008ab00000| Complete 
| 172|0x000000008ac00000, 0x000000008ad00000, 0x000000008ad00000|100%|HC|  |TAMS 0x000000008ad00000, 0x000000008ac00000| Complete 
| 173|0x000000008ad00000, 0x000000008ae00000, 0x000000008ae00000|100%|HC|  |TAMS 0x000000008ae00000, 0x000000008ad00000| Complete 
| 174|0x000000008ae00000, 0x000000008af00000, 0x000000008af00000|100%|HC|  |TAMS 0x000000008af00000, 0x000000008ae00000| Complete 
| 175|0x000000008af00000, 0x000000008b000000, 0x000000008b000000|100%|HC|  |TAMS 0x000000008b000000, 0x000000008af00000| Complete 
| 176|0x000000008b000000, 0x000000008b100000, 0x000000008b100000|100%|HC|  |TAMS 0x000000008b100000, 0x000000008b000000| Complete 
| 177|0x000000008b100000, 0x000000008b100000, 0x000000008b200000|  0%| F|  |TAMS 0x000000008b100000, 0x000000008b100000| Untracked 
| 178|0x000000008b200000, 0x000000008b200000, 0x000000008b300000|  0%| F|  |TAMS 0x000000008b200000, 0x000000008b200000| Untracked 
| 179|0x000000008b300000, 0x000000008b300000, 0x000000008b400000|  0%| F|  |TAMS 0x000000008b300000, 0x000000008b300000| Untracked 
| 180|0x000000008b400000, 0x000000008b400000, 0x000000008b500000|  0%| F|  |TAMS 0x000000008b400000, 0x000000008b400000| Untracked 
| 181|0x000000008b500000, 0x000000008b500000, 0x000000008b600000|  0%| F|  |TAMS 0x000000008b500000, 0x000000008b500000| Untracked 
| 182|0x000000008b600000, 0x000000008b600000, 0x000000008b700000|  0%| F|  |TAMS 0x000000008b600000, 0x000000008b600000| Untracked 
| 183|0x000000008b700000, 0x000000008b700000, 0x000000008b800000|  0%| F|  |TAMS 0x000000008b700000, 0x000000008b700000| Untracked 
| 184|0x000000008b800000, 0x000000008b800000, 0x000000008b900000|  0%| F|  |TAMS 0x000000008b800000, 0x000000008b800000| Untracked 
| 185|0x000000008b900000, 0x000000008b900000, 0x000000008ba00000|  0%| F|  |TAMS 0x000000008b900000, 0x000000008b900000| Untracked 
| 186|0x000000008ba00000, 0x000000008ba00000, 0x000000008bb00000|  0%| F|  |TAMS 0x000000008ba00000, 0x000000008ba00000| Untracked 
| 187|0x000000008bb00000, 0x000000008bb00000, 0x000000008bc00000|  0%| F|  |TAMS 0x000000008bb00000, 0x000000008bb00000| Untracked 
| 188|0x000000008bc00000, 0x000000008bc00000, 0x000000008bd00000|  0%| F|  |TAMS 0x000000008bc00000, 0x000000008bc00000| Untracked 
| 189|0x000000008bd00000, 0x000000008bd00000, 0x000000008be00000|  0%| F|  |TAMS 0x000000008bd00000, 0x000000008bd00000| Untracked 
| 190|0x000000008be00000, 0x000000008be00000, 0x000000008bf00000|  0%| F|  |TAMS 0x000000008be00000, 0x000000008be00000| Untracked 
| 191|0x000000008bf00000, 0x000000008bf00000, 0x000000008c000000|  0%| F|  |TAMS 0x000000008bf00000, 0x000000008bf00000| Untracked 
| 192|0x000000008c000000, 0x000000008c000000, 0x000000008c100000|  0%| F|  |TAMS 0x000000008c000000, 0x000000008c000000| Untracked 
| 193|0x000000008c100000, 0x000000008c100000, 0x000000008c200000|  0%| F|  |TAMS 0x000000008c100000, 0x000000008c100000| Untracked 
| 194|0x000000008c200000, 0x000000008c200000, 0x000000008c300000|  0%| F|  |TAMS 0x000000008c200000, 0x000000008c200000| Untracked 
| 195|0x000000008c300000, 0x000000008c300000, 0x000000008c400000|  0%| F|  |TAMS 0x000000008c300000, 0x000000008c300000| Untracked 
| 196|0x000000008c400000, 0x000000008c400000, 0x000000008c500000|  0%| F|  |TAMS 0x000000008c400000, 0x000000008c400000| Untracked 
| 197|0x000000008c500000, 0x000000008c500000, 0x000000008c600000|  0%| F|  |TAMS 0x000000008c500000, 0x000000008c500000| Untracked 
| 198|0x000000008c600000, 0x000000008c600000, 0x000000008c700000|  0%| F|  |TAMS 0x000000008c600000, 0x000000008c600000| Untracked 
| 199|0x000000008c700000, 0x000000008c700000, 0x000000008c800000|  0%| F|  |TAMS 0x000000008c700000, 0x000000008c700000| Untracked 
| 200|0x000000008c800000, 0x000000008c800000, 0x000000008c900000|  0%| F|  |TAMS 0x000000008c800000, 0x000000008c800000| Untracked 
| 201|0x000000008c900000, 0x000000008c900000, 0x000000008ca00000|  0%| F|  |TAMS 0x000000008c900000, 0x000000008c900000| Untracked 
| 202|0x000000008ca00000, 0x000000008ca00000, 0x000000008cb00000|  0%| F|  |TAMS 0x000000008ca00000, 0x000000008ca00000| Untracked 
| 203|0x000000008cb00000, 0x000000008cb00000, 0x000000008cc00000|  0%| F|  |TAMS 0x000000008cb00000, 0x000000008cb00000| Untracked 
| 204|0x000000008cc00000, 0x000000008cc00000, 0x000000008cd00000|  0%| F|  |TAMS 0x000000008cc00000, 0x000000008cc00000| Untracked 
| 205|0x000000008cd00000, 0x000000008cd00000, 0x000000008ce00000|  0%| F|  |TAMS 0x000000008cd00000, 0x000000008cd00000| Untracked 
| 206|0x000000008ce00000, 0x000000008ce00000, 0x000000008cf00000|  0%| F|  |TAMS 0x000000008ce00000, 0x000000008ce00000| Untracked 
| 207|0x000000008cf00000, 0x000000008cf00000, 0x000000008d000000|  0%| F|  |TAMS 0x000000008cf00000, 0x000000008cf00000| Untracked 
| 208|0x000000008d000000, 0x000000008d000000, 0x000000008d100000|  0%| F|  |TAMS 0x000000008d000000, 0x000000008d000000| Untracked 
| 209|0x000000008d100000, 0x000000008d100000, 0x000000008d200000|  0%| F|  |TAMS 0x000000008d100000, 0x000000008d100000| Untracked 
| 210|0x000000008d200000, 0x000000008d200000, 0x000000008d300000|  0%| F|  |TAMS 0x000000008d200000, 0x000000008d200000| Untracked 
| 211|0x000000008d300000, 0x000000008d300000, 0x000000008d400000|  0%| F|  |TAMS 0x000000008d300000, 0x000000008d300000| Untracked 
| 212|0x000000008d400000, 0x000000008d400000, 0x000000008d500000|  0%| F|  |TAMS 0x000000008d400000, 0x000000008d400000| Untracked 
| 213|0x000000008d500000, 0x000000008d500000, 0x000000008d600000|  0%| F|  |TAMS 0x000000008d500000, 0x000000008d500000| Untracked 
| 214|0x000000008d600000, 0x000000008d600000, 0x000000008d700000|  0%| F|  |TAMS 0x000000008d600000, 0x000000008d600000| Untracked 
| 215|0x000000008d700000, 0x000000008d700000, 0x000000008d800000|  0%| F|  |TAMS 0x000000008d700000, 0x000000008d700000| Untracked 
| 216|0x000000008d800000, 0x000000008d800000, 0x000000008d900000|  0%| F|  |TAMS 0x000000008d800000, 0x000000008d800000| Untracked 
| 217|0x000000008d900000, 0x000000008d900000, 0x000000008da00000|  0%| F|  |TAMS 0x000000008d900000, 0x000000008d900000| Untracked 
| 218|0x000000008da00000, 0x000000008da00000, 0x000000008db00000|  0%| F|  |TAMS 0x000000008da00000, 0x000000008da00000| Untracked 
| 219|0x000000008db00000, 0x000000008db00000, 0x000000008dc00000|  0%| F|  |TAMS 0x000000008db00000, 0x000000008db00000| Untracked 
| 220|0x000000008dc00000, 0x000000008dc00000, 0x000000008dd00000|  0%| F|  |TAMS 0x000000008dc00000, 0x000000008dc00000| Untracked 
| 221|0x000000008dd00000, 0x000000008dd00000, 0x000000008de00000|  0%| F|  |TAMS 0x000000008dd00000, 0x000000008dd00000| Untracked 
| 222|0x000000008de00000, 0x000000008de00000, 0x000000008df00000|  0%| F|  |TAMS 0x000000008de00000, 0x000000008de00000| Untracked 
| 223|0x000000008df00000, 0x000000008df00000, 0x000000008e000000|  0%| F|  |TAMS 0x000000008df00000, 0x000000008df00000| Untracked 
| 224|0x000000008e000000, 0x000000008e000000, 0x000000008e100000|  0%| F|  |TAMS 0x000000008e000000, 0x000000008e000000| Untracked 
| 225|0x000000008e100000, 0x000000008e100000, 0x000000008e200000|  0%| F|  |TAMS 0x000000008e100000, 0x000000008e100000| Untracked 
| 226|0x000000008e200000, 0x000000008e200000, 0x000000008e300000|  0%| F|  |TAMS 0x000000008e200000, 0x000000008e200000| Untracked 
| 227|0x000000008e300000, 0x000000008e300000, 0x000000008e400000|  0%| F|  |TAMS 0x000000008e300000, 0x000000008e300000| Untracked 
| 228|0x000000008e400000, 0x000000008e400000, 0x000000008e500000|  0%| F|  |TAMS 0x000000008e400000, 0x000000008e400000| Untracked 
| 229|0x000000008e500000, 0x000000008e500000, 0x000000008e600000|  0%| F|  |TAMS 0x000000008e500000, 0x000000008e500000| Untracked 
| 230|0x000000008e600000, 0x000000008e600000, 0x000000008e700000|  0%| F|  |TAMS 0x000000008e600000, 0x000000008e600000| Untracked 
| 231|0x000000008e700000, 0x000000008e700000, 0x000000008e800000|  0%| F|  |TAMS 0x000000008e700000, 0x000000008e700000| Untracked 
| 232|0x000000008e800000, 0x000000008e800000, 0x000000008e900000|  0%| F|  |TAMS 0x000000008e800000, 0x000000008e800000| Untracked 
| 233|0x000000008e900000, 0x000000008e900000, 0x000000008ea00000|  0%| F|  |TAMS 0x000000008e900000, 0x000000008e900000| Untracked 
| 234|0x000000008ea00000, 0x000000008ea00000, 0x000000008eb00000|  0%| F|  |TAMS 0x000000008ea00000, 0x000000008ea00000| Untracked 
| 235|0x000000008eb00000, 0x000000008eb00000, 0x000000008ec00000|  0%| F|  |TAMS 0x000000008eb00000, 0x000000008eb00000| Untracked 
| 236|0x000000008ec00000, 0x000000008ec00000, 0x000000008ed00000|  0%| F|  |TAMS 0x000000008ec00000, 0x000000008ec00000| Untracked 
| 237|0x000000008ed00000, 0x000000008ed00000, 0x000000008ee00000|  0%| F|  |TAMS 0x000000008ed00000, 0x000000008ed00000| Untracked 
| 238|0x000000008ee00000, 0x000000008ee00000, 0x000000008ef00000|  0%| F|  |TAMS 0x000000008ee00000, 0x000000008ee00000| Untracked 
| 239|0x000000008ef00000, 0x000000008ef00000, 0x000000008f000000|  0%| F|  |TAMS 0x000000008ef00000, 0x000000008ef00000| Untracked 
| 240|0x000000008f000000, 0x000000008f000000, 0x000000008f100000|  0%| F|  |TAMS 0x000000008f000000, 0x000000008f000000| Untracked 
| 241|0x000000008f100000, 0x000000008f100000, 0x000000008f200000|  0%| F|  |TAMS 0x000000008f100000, 0x000000008f100000| Untracked 
| 242|0x000000008f200000, 0x000000008f200000, 0x000000008f300000|  0%| F|  |TAMS 0x000000008f200000, 0x000000008f200000| Untracked 
| 243|0x000000008f300000, 0x000000008f300000, 0x000000008f400000|  0%| F|  |TAMS 0x000000008f300000, 0x000000008f300000| Untracked 
| 244|0x000000008f400000, 0x000000008f400000, 0x000000008f500000|  0%| F|  |TAMS 0x000000008f400000, 0x000000008f400000| Untracked 
| 245|0x000000008f500000, 0x000000008f500000, 0x000000008f600000|  0%| F|  |TAMS 0x000000008f500000, 0x000000008f500000| Untracked 
| 246|0x000000008f600000, 0x000000008f600000, 0x000000008f700000|  0%| F|  |TAMS 0x000000008f600000, 0x000000008f600000| Untracked 
| 247|0x000000008f700000, 0x000000008f700000, 0x000000008f800000|  0%| F|  |TAMS 0x000000008f700000, 0x000000008f700000| Untracked 
| 248|0x000000008f800000, 0x000000008f800000, 0x000000008f900000|  0%| F|  |TAMS 0x000000008f800000, 0x000000008f800000| Untracked 
| 249|0x000000008f900000, 0x000000008f900000, 0x000000008fa00000|  0%| F|  |TAMS 0x000000008f900000, 0x000000008f900000| Untracked 
| 250|0x000000008fa00000, 0x000000008fa00000, 0x000000008fb00000|  0%| F|  |TAMS 0x000000008fa00000, 0x000000008fa00000| Untracked 
| 251|0x000000008fb00000, 0x000000008fb00000, 0x000000008fc00000|  0%| F|  |TAMS 0x000000008fb00000, 0x000000008fb00000| Untracked 
| 252|0x000000008fc00000, 0x000000008fc00000, 0x000000008fd00000|  0%| F|  |TAMS 0x000000008fc00000, 0x000000008fc00000| Untracked 
| 253|0x000000008fd00000, 0x000000008fd00000, 0x000000008fe00000|  0%| F|  |TAMS 0x000000008fd00000, 0x000000008fd00000| Untracked 
| 254|0x000000008fe00000, 0x000000008fe00000, 0x000000008ff00000|  0%| F|  |TAMS 0x000000008fe00000, 0x000000008fe00000| Untracked 
| 255|0x000000008ff00000, 0x000000008ff00000, 0x0000000090000000|  0%| F|  |TAMS 0x000000008ff00000, 0x000000008ff00000| Untracked 
| 256|0x0000000090000000, 0x0000000090000000, 0x0000000090100000|  0%| F|  |TAMS 0x0000000090000000, 0x0000000090000000| Untracked 
| 257|0x0000000090100000, 0x0000000090100000, 0x0000000090200000|  0%| F|  |TAMS 0x0000000090100000, 0x0000000090100000| Untracked 
| 258|0x0000000090200000, 0x0000000090200000, 0x0000000090300000|  0%| F|  |TAMS 0x0000000090200000, 0x0000000090200000| Untracked 
| 259|0x0000000090300000, 0x0000000090300000, 0x0000000090400000|  0%| F|  |TAMS 0x0000000090300000, 0x0000000090300000| Untracked 
| 260|0x0000000090400000, 0x0000000090400000, 0x0000000090500000|  0%| F|  |TAMS 0x0000000090400000, 0x0000000090400000| Untracked 
| 261|0x0000000090500000, 0x0000000090500000, 0x0000000090600000|  0%| F|  |TAMS 0x0000000090500000, 0x0000000090500000| Untracked 
| 262|0x0000000090600000, 0x0000000090600000, 0x0000000090700000|  0%| F|  |TAMS 0x0000000090600000, 0x0000000090600000| Untracked 
| 263|0x0000000090700000, 0x0000000090700000, 0x0000000090800000|  0%| F|  |TAMS 0x0000000090700000, 0x0000000090700000| Untracked 
| 264|0x0000000090800000, 0x0000000090800000, 0x0000000090900000|  0%| F|  |TAMS 0x0000000090800000, 0x0000000090800000| Untracked 
| 265|0x0000000090900000, 0x0000000090900000, 0x0000000090a00000|  0%| F|  |TAMS 0x0000000090900000, 0x0000000090900000| Untracked 
| 266|0x0000000090a00000, 0x0000000090a00000, 0x0000000090b00000|  0%| F|  |TAMS 0x0000000090a00000, 0x0000000090a00000| Untracked 
| 267|0x0000000090b00000, 0x0000000090b00000, 0x0000000090c00000|  0%| F|  |TAMS 0x0000000090b00000, 0x0000000090b00000| Untracked 
| 268|0x0000000090c00000, 0x0000000090c00000, 0x0000000090d00000|  0%| F|  |TAMS 0x0000000090c00000, 0x0000000090c00000| Untracked 
| 269|0x0000000090d00000, 0x0000000090d00000, 0x0000000090e00000|  0%| F|  |TAMS 0x0000000090d00000, 0x0000000090d00000| Untracked 
| 270|0x0000000090e00000, 0x0000000090e00000, 0x0000000090f00000|  0%| F|  |TAMS 0x0000000090e00000, 0x0000000090e00000| Untracked 
| 271|0x0000000090f00000, 0x0000000090f00000, 0x0000000091000000|  0%| F|  |TAMS 0x0000000090f00000, 0x0000000090f00000| Untracked 
| 272|0x0000000091000000, 0x0000000091000000, 0x0000000091100000|  0%| F|  |TAMS 0x0000000091000000, 0x0000000091000000| Untracked 
| 273|0x0000000091100000, 0x0000000091100000, 0x0000000091200000|  0%| F|  |TAMS 0x0000000091100000, 0x0000000091100000| Untracked 
| 274|0x0000000091200000, 0x0000000091200000, 0x0000000091300000|  0%| F|  |TAMS 0x0000000091200000, 0x0000000091200000| Untracked 
| 275|0x0000000091300000, 0x0000000091300000, 0x0000000091400000|  0%| F|  |TAMS 0x0000000091300000, 0x0000000091300000| Untracked 
| 276|0x0000000091400000, 0x0000000091400000, 0x0000000091500000|  0%| F|  |TAMS 0x0000000091400000, 0x0000000091400000| Untracked 
| 277|0x0000000091500000, 0x0000000091500000, 0x0000000091600000|  0%| F|  |TAMS 0x0000000091500000, 0x0000000091500000| Untracked 
| 278|0x0000000091600000, 0x0000000091600000, 0x0000000091700000|  0%| F|  |TAMS 0x0000000091600000, 0x0000000091600000| Untracked 
| 279|0x0000000091700000, 0x0000000091700000, 0x0000000091800000|  0%| F|  |TAMS 0x0000000091700000, 0x0000000091700000| Untracked 
| 280|0x0000000091800000, 0x0000000091800000, 0x0000000091900000|  0%| F|  |TAMS 0x0000000091800000, 0x0000000091800000| Untracked 
| 281|0x0000000091900000, 0x0000000091900000, 0x0000000091a00000|  0%| F|  |TAMS 0x0000000091900000, 0x0000000091900000| Untracked 
| 282|0x0000000091a00000, 0x0000000091a00000, 0x0000000091b00000|  0%| F|  |TAMS 0x0000000091a00000, 0x0000000091a00000| Untracked 
| 283|0x0000000091b00000, 0x0000000091b00000, 0x0000000091c00000|  0%| F|  |TAMS 0x0000000091b00000, 0x0000000091b00000| Untracked 
| 284|0x0000000091c00000, 0x0000000091c00000, 0x0000000091d00000|  0%| F|  |TAMS 0x0000000091c00000, 0x0000000091c00000| Untracked 
| 285|0x0000000091d00000, 0x0000000091d00000, 0x0000000091e00000|  0%| F|  |TAMS 0x0000000091d00000, 0x0000000091d00000| Untracked 
| 286|0x0000000091e00000, 0x0000000091e00000, 0x0000000091f00000|  0%| F|  |TAMS 0x0000000091e00000, 0x0000000091e00000| Untracked 
| 287|0x0000000091f00000, 0x0000000091f00000, 0x0000000092000000|  0%| F|  |TAMS 0x0000000091f00000, 0x0000000091f00000| Untracked 
| 288|0x0000000092000000, 0x0000000092000000, 0x0000000092100000|  0%| F|  |TAMS 0x0000000092000000, 0x0000000092000000| Untracked 
| 289|0x0000000092100000, 0x0000000092100000, 0x0000000092200000|  0%| F|  |TAMS 0x0000000092100000, 0x0000000092100000| Untracked 
| 290|0x0000000092200000, 0x0000000092200000, 0x0000000092300000|  0%| F|  |TAMS 0x0000000092200000, 0x0000000092200000| Untracked 
| 291|0x0000000092300000, 0x0000000092300000, 0x0000000092400000|  0%| F|  |TAMS 0x0000000092300000, 0x0000000092300000| Untracked 
| 292|0x0000000092400000, 0x0000000092400000, 0x0000000092500000|  0%| F|  |TAMS 0x0000000092400000, 0x0000000092400000| Untracked 
| 293|0x0000000092500000, 0x0000000092500000, 0x0000000092600000|  0%| F|  |TAMS 0x0000000092500000, 0x0000000092500000| Untracked 
| 294|0x0000000092600000, 0x0000000092600000, 0x0000000092700000|  0%| F|  |TAMS 0x0000000092600000, 0x0000000092600000| Untracked 
| 295|0x0000000092700000, 0x0000000092700000, 0x0000000092800000|  0%| F|  |TAMS 0x0000000092700000, 0x0000000092700000| Untracked 
| 296|0x0000000092800000, 0x0000000092800000, 0x0000000092900000|  0%| F|  |TAMS 0x0000000092800000, 0x0000000092800000| Untracked 
| 297|0x0000000092900000, 0x0000000092900000, 0x0000000092a00000|  0%| F|  |TAMS 0x0000000092900000, 0x0000000092900000| Untracked 
| 298|0x0000000092a00000, 0x0000000092a00000, 0x0000000092b00000|  0%| F|  |TAMS 0x0000000092a00000, 0x0000000092a00000| Untracked 
| 299|0x0000000092b00000, 0x0000000092b00000, 0x0000000092c00000|  0%| F|  |TAMS 0x0000000092b00000, 0x0000000092b00000| Untracked 
| 300|0x0000000092c00000, 0x0000000092c00000, 0x0000000092d00000|  0%| F|  |TAMS 0x0000000092c00000, 0x0000000092c00000| Untracked 
| 301|0x0000000092d00000, 0x0000000092d00000, 0x0000000092e00000|  0%| F|  |TAMS 0x0000000092d00000, 0x0000000092d00000| Untracked 
| 302|0x0000000092e00000, 0x0000000092e00000, 0x0000000092f00000|  0%| F|  |TAMS 0x0000000092e00000, 0x0000000092e00000| Untracked 
| 303|0x0000000092f00000, 0x0000000092f00000, 0x0000000093000000|  0%| F|  |TAMS 0x0000000092f00000, 0x0000000092f00000| Untracked 
| 304|0x0000000093000000, 0x0000000093000000, 0x0000000093100000|  0%| F|  |TAMS 0x0000000093000000, 0x0000000093000000| Untracked 
| 305|0x0000000093100000, 0x0000000093100000, 0x0000000093200000|  0%| F|  |TAMS 0x0000000093100000, 0x0000000093100000| Untracked 
| 306|0x0000000093200000, 0x0000000093200000, 0x0000000093300000|  0%| F|  |TAMS 0x0000000093200000, 0x0000000093200000| Untracked 
| 307|0x0000000093300000, 0x0000000093300000, 0x0000000093400000|  0%| F|  |TAMS 0x0000000093300000, 0x0000000093300000| Untracked 
| 308|0x0000000093400000, 0x0000000093400000, 0x0000000093500000|  0%| F|  |TAMS 0x0000000093400000, 0x0000000093400000| Untracked 
| 309|0x0000000093500000, 0x0000000093500000, 0x0000000093600000|  0%| F|  |TAMS 0x0000000093500000, 0x0000000093500000| Untracked 
| 310|0x0000000093600000, 0x00000000936b8f40, 0x0000000093700000| 72%| E|  |TAMS 0x0000000093600000, 0x0000000093600000| Complete 
| 311|0x0000000093700000, 0x0000000093800000, 0x0000000093800000|100%| E|CS|TAMS 0x0000000093700000, 0x0000000093700000| Complete 
| 312|0x0000000093800000, 0x0000000093900000, 0x0000000093900000|100%| E|CS|TAMS 0x0000000093800000, 0x0000000093800000| Complete 
| 313|0x0000000093900000, 0x0000000093a00000, 0x0000000093a00000|100%| E|CS|TAMS 0x0000000093900000, 0x0000000093900000| Complete 
| 314|0x0000000093a00000, 0x0000000093b00000, 0x0000000093b00000|100%| E|CS|TAMS 0x0000000093a00000, 0x0000000093a00000| Complete 
| 315|0x0000000093b00000, 0x0000000093c00000, 0x0000000093c00000|100%| E|CS|TAMS 0x0000000093b00000, 0x0000000093b00000| Complete 
| 316|0x0000000093c00000, 0x0000000093d00000, 0x0000000093d00000|100%| E|CS|TAMS 0x0000000093c00000, 0x0000000093c00000| Complete 
| 317|0x0000000093d00000, 0x0000000093e00000, 0x0000000093e00000|100%| E|CS|TAMS 0x0000000093d00000, 0x0000000093d00000| Complete 
| 318|0x0000000093e00000, 0x0000000093f00000, 0x0000000093f00000|100%| E|CS|TAMS 0x0000000093e00000, 0x0000000093e00000| Complete 
| 319|0x0000000093f00000, 0x0000000094000000, 0x0000000094000000|100%| E|CS|TAMS 0x0000000093f00000, 0x0000000093f00000| Complete 
| 320|0x0000000094000000, 0x0000000094100000, 0x0000000094100000|100%| E|CS|TAMS 0x0000000094000000, 0x0000000094000000| Complete 
| 321|0x0000000094100000, 0x0000000094200000, 0x0000000094200000|100%| E|CS|TAMS 0x0000000094100000, 0x0000000094100000| Complete 
| 322|0x0000000094200000, 0x0000000094300000, 0x0000000094300000|100%| E|CS|TAMS 0x0000000094200000, 0x0000000094200000| Complete 
| 323|0x0000000094300000, 0x0000000094400000, 0x0000000094400000|100%| E|CS|TAMS 0x0000000094300000, 0x0000000094300000| Complete 
| 324|0x0000000094400000, 0x0000000094500000, 0x0000000094500000|100%| E|CS|TAMS 0x0000000094400000, 0x0000000094400000| Complete 
| 325|0x0000000094500000, 0x0000000094600000, 0x0000000094600000|100%| E|CS|TAMS 0x0000000094500000, 0x0000000094500000| Complete 
| 326|0x0000000094600000, 0x0000000094700000, 0x0000000094700000|100%| E|CS|TAMS 0x0000000094600000, 0x0000000094600000| Complete 
| 327|0x0000000094700000, 0x0000000094800000, 0x0000000094800000|100%| E|CS|TAMS 0x0000000094700000, 0x0000000094700000| Complete 
| 328|0x0000000094800000, 0x0000000094900000, 0x0000000094900000|100%| E|CS|TAMS 0x0000000094800000, 0x0000000094800000| Complete 
| 329|0x0000000094900000, 0x0000000094a00000, 0x0000000094a00000|100%| E|CS|TAMS 0x0000000094900000, 0x0000000094900000| Complete 
| 330|0x0000000094a00000, 0x0000000094b00000, 0x0000000094b00000|100%| E|CS|TAMS 0x0000000094a00000, 0x0000000094a00000| Complete 
| 331|0x0000000094b00000, 0x0000000094c00000, 0x0000000094c00000|100%| E|CS|TAMS 0x0000000094b00000, 0x0000000094b00000| Complete 
| 332|0x0000000094c00000, 0x0000000094d00000, 0x0000000094d00000|100%| E|CS|TAMS 0x0000000094c00000, 0x0000000094c00000| Complete 
| 333|0x0000000094d00000, 0x0000000094e00000, 0x0000000094e00000|100%| E|CS|TAMS 0x0000000094d00000, 0x0000000094d00000| Complete 
| 334|0x0000000094e00000, 0x0000000094f00000, 0x0000000094f00000|100%| E|CS|TAMS 0x0000000094e00000, 0x0000000094e00000| Complete 
| 335|0x0000000094f00000, 0x0000000095000000, 0x0000000095000000|100%| E|CS|TAMS 0x0000000094f00000, 0x0000000094f00000| Complete 
| 336|0x0000000095000000, 0x0000000095100000, 0x0000000095100000|100%| E|CS|TAMS 0x0000000095000000, 0x0000000095000000| Complete 
| 337|0x0000000095100000, 0x00000000951ffed8, 0x0000000095200000| 99%| E|  |TAMS 0x0000000095100000, 0x0000000095100000| Complete 
| 338|0x0000000095200000, 0x0000000095300000, 0x0000000095300000|100%| E|CS|TAMS 0x0000000095200000, 0x0000000095200000| Complete 
| 339|0x0000000095300000, 0x0000000095400000, 0x0000000095400000|100%| E|CS|TAMS 0x0000000095300000, 0x0000000095300000| Complete 
| 340|0x0000000095400000, 0x0000000095500000, 0x0000000095500000|100%| E|CS|TAMS 0x0000000095400000, 0x0000000095400000| Complete 
| 341|0x0000000095500000, 0x0000000095600000, 0x0000000095600000|100%| E|CS|TAMS 0x0000000095500000, 0x0000000095500000| Complete 
| 342|0x0000000095600000, 0x0000000095700000, 0x0000000095700000|100%| E|CS|TAMS 0x0000000095600000, 0x0000000095600000| Complete 
| 343|0x0000000095700000, 0x0000000095800000, 0x0000000095800000|100%| E|CS|TAMS 0x0000000095700000, 0x0000000095700000| Complete 
| 344|0x0000000095800000, 0x0000000095900000, 0x0000000095900000|100%| E|CS|TAMS 0x0000000095800000, 0x0000000095800000| Complete 
| 345|0x0000000095900000, 0x0000000095a00000, 0x0000000095a00000|100%| E|CS|TAMS 0x0000000095900000, 0x0000000095900000| Complete 
| 346|0x0000000095a00000, 0x0000000095b00000, 0x0000000095b00000|100%| E|CS|TAMS 0x0000000095a00000, 0x0000000095a00000| Complete 
| 347|0x0000000095b00000, 0x0000000095c00000, 0x0000000095c00000|100%| E|CS|TAMS 0x0000000095b00000, 0x0000000095b00000| Complete 
| 348|0x0000000095c00000, 0x0000000095d00000, 0x0000000095d00000|100%| E|CS|TAMS 0x0000000095c00000, 0x0000000095c00000| Complete 
| 349|0x0000000095d00000, 0x0000000095e00000, 0x0000000095e00000|100%| E|CS|TAMS 0x0000000095d00000, 0x0000000095d00000| Complete 
| 350|0x0000000095e00000, 0x0000000095f00000, 0x0000000095f00000|100%| E|CS|TAMS 0x0000000095e00000, 0x0000000095e00000| Complete 
| 351|0x0000000095f00000, 0x0000000096000000, 0x0000000096000000|100%| E|CS|TAMS 0x0000000095f00000, 0x0000000095f00000| Complete 
| 352|0x0000000096000000, 0x0000000096100000, 0x0000000096100000|100%| E|CS|TAMS 0x0000000096000000, 0x0000000096000000| Complete 
| 353|0x0000000096100000, 0x0000000096200000, 0x0000000096200000|100%| E|CS|TAMS 0x0000000096100000, 0x0000000096100000| Complete 
| 354|0x0000000096200000, 0x0000000096300000, 0x0000000096300000|100%| E|CS|TAMS 0x0000000096200000, 0x0000000096200000| Complete 
| 355|0x0000000096300000, 0x0000000096400000, 0x0000000096400000|100%| E|CS|TAMS 0x0000000096300000, 0x0000000096300000| Complete 
| 356|0x0000000096400000, 0x0000000096500000, 0x0000000096500000|100%| E|CS|TAMS 0x0000000096400000, 0x0000000096400000| Complete 
| 357|0x0000000096500000, 0x0000000096600000, 0x0000000096600000|100%| E|CS|TAMS 0x0000000096500000, 0x0000000096500000| Complete 
| 358|0x0000000096600000, 0x0000000096700000, 0x0000000096700000|100%| E|CS|TAMS 0x0000000096600000, 0x0000000096600000| Complete 
| 359|0x0000000096700000, 0x0000000096743988, 0x0000000096800000| 26%| S|CS|TAMS 0x0000000096700000, 0x0000000096700000| Complete 
| 360|0x0000000096800000, 0x0000000096900000, 0x0000000096900000|100%| S|CS|TAMS 0x0000000096800000, 0x0000000096800000| Complete 
| 361|0x0000000096900000, 0x0000000096a00000, 0x0000000096a00000|100%| S|CS|TAMS 0x0000000096900000, 0x0000000096900000| Complete 
| 362|0x0000000096a00000, 0x0000000096b00000, 0x0000000096b00000|100%| S|CS|TAMS 0x0000000096a00000, 0x0000000096a00000| Complete 
| 363|0x0000000096b00000, 0x0000000096c00000, 0x0000000096c00000|100%| E|CS|TAMS 0x0000000096b00000, 0x0000000096b00000| Complete 

Card table byte_map: [0x000002b9773c0000,0x000002b9777c0000] _byte_map_base: 0x000002b976fc0000

Marking Bits (Prev, Next): (CMBitMap*) 0x000002b964688100, (CMBitMap*) 0x000002b9646880c8
 Prev Bits: [0x000002b979bc0000, 0x000002b97bbc0000)
 Next Bits: [0x000002b977bc0000, 0x000002b979bc0000)

Polling page: 0x000002b963e20000

Metaspace:

Usage:
  Non-class:     97.57 MB capacity,    95.52 MB ( 98%) used,     1.72 MB (  2%) free+waste,   337.94 KB ( <1%) overhead. 
      Class:     13.85 MB capacity,    12.80 MB ( 92%) used,   922.21 KB (  7%) free+waste,   146.31 KB (  1%) overhead. 
       Both:    111.42 MB capacity,   108.32 MB ( 97%) used,     2.62 MB (  2%) free+waste,   484.25 KB ( <1%) overhead. 

Virtual space:
  Non-class space:       98.00 MB reserved,      97.75 MB (>99%) committed 
      Class space:        1.00 GB reserved,      13.88 MB (  1%) committed 
             Both:        1.10 GB reserved,     111.63 MB ( 10%) committed 

Chunk freelists:
   Non-Class:  52.00 KB
       Class:  29.00 KB
        Both:  81.00 KB

MaxMetaspaceSize: 17179869184.00 GB
CompressedClassSpaceSize: 1.00 GB

CodeHeap 'non-profiled nmethods': size=120064Kb used=16185Kb max_used=18680Kb free=103878Kb
 bounds [0x000002b96fa80000, 0x000002b970cd0000, 0x000002b976fc0000]
CodeHeap 'profiled nmethods': size=120000Kb used=36690Kb max_used=44521Kb free=83310Kb
 bounds [0x000002b968550000, 0x000002b96b100000, 0x000002b96fa80000]
CodeHeap 'non-nmethods': size=5696Kb used=2355Kb max_used=2410Kb free=3340Kb
 bounds [0x000002b967fc0000, 0x000002b968230000, 0x000002b968550000]
 total_blobs=19547 nmethods=18532 adapters=925
 compilation: enabled
              stopped_count=0, restarted_count=0
 full_count=0

Compilation events (20 events):
Event: 3607.032 Thread 0x000002b97ddae000 24643       2       org.gradle.api.internal.file.DefaultFilePropertyFactory$AbstractFileVar::maybeVisitBuildDependencies (21 bytes)
Event: 3607.033 Thread 0x000002b97ddae000 nmethod 24643 0x000002b9686c1390 code [0x000002b9686c1560, 0x000002b9686c16f8]
Event: 3607.039 Thread 0x000002b97ddae000 24644       2       com.google.common.collect.CompactLinkedHashMap::resizeEntries (18 bytes)
Event: 3607.040 Thread 0x000002b97ddae000 nmethod 24644 0x000002b9686ce590 code [0x000002b9686ce760, 0x000002b9686cea18]
Event: 3607.074 Thread 0x000002b97ddae000 24645       2       org.gradle.internal.service.DefaultServiceRegistry::getCollectionService (100 bytes)
Event: 3607.076 Thread 0x000002b97ddae000 nmethod 24645 0x000002b968732f10 code [0x000002b9687331c0, 0x000002b968733ae8]
Event: 3607.079 Thread 0x000002b97ddae000 24646       2       org.gradle.internal.concurrent.ThreadFactoryImpl::newThread (74 bytes)
Event: 3607.081 Thread 0x000002b97ddae000 nmethod 24646 0x000002b968766010 code [0x000002b968766280, 0x000002b968766a28]
Event: 3607.101 Thread 0x000002b97ddae000 24647       2       org.gradle.internal.concurrent.ThreadFactoryImpl$ManagedThreadRunnable::run (13 bytes)
Event: 3607.102 Thread 0x000002b97ddae000 nmethod 24647 0x000002b9686d4e10 code [0x000002b9686d5000, 0x000002b9686d5288]
Event: 3607.173 Thread 0x000002b97ddae000 24648       2       org.gradle.internal.resource.ExternalResourceName::<init> (143 bytes)
Event: 3607.178 Thread 0x000002b97ddae000 nmethod 24648 0x000002b96878da90 code [0x000002b96878de60, 0x000002b96878f0d8]
Event: 3607.179 Thread 0x000002b97ddae000 24649       2       org.gradle.internal.resource.ExternalResourceName::getDecoded (37 bytes)
Event: 3607.180 Thread 0x000002b97ddae000 nmethod 24649 0x000002b9686eec10 code [0x000002b9686eee00, 0x000002b9686ef168]
Event: 3607.180 Thread 0x000002b97ddae000 24650       2       org.gradle.api.internal.artifacts.ivyservice.ivyresolve.ErrorHandlingModuleComponentRepository$ErrorHandlingModuleComponentRepositoryAccess::<init> (80 bytes)
Event: 3607.181 Thread 0x000002b97ddae000 nmethod 24650 0x000002b9686c3710 code [0x000002b9686c38c0, 0x000002b9686c3b38]
Event: 3607.204 Thread 0x000002b97ddae000 24651       2       java.util.BitSet::clear (70 bytes)
Event: 3607.205 Thread 0x000002b97ddae000 nmethod 24651 0x000002b968752790 code [0x000002b9687529c0, 0x000002b968752e98]
Event: 3607.362 Thread 0x000002b97ddae000 24652       2       org.gradle.api.internal.artifacts.ivyservice.resolveengine.graph.builder.ModuleResolveState::doRestart (101 bytes)
Event: 3607.364 Thread 0x000002b97ddae000 nmethod 24652 0x000002b968777b90 code [0x000002b968777de0, 0x000002b968778248]

GC Heap History (20 events):
Event: 3357.784 GC heap before
{Heap before GC invocations=299 (full 0):
 garbage-first heap   total 372736K, used 152189K [0x0000000080000000, 0x0000000100000000)
  region size 1024K, 41 young (41984K), 2 survivors (2048K)
 Metaspace       used 110549K, capacity 113803K, committed 114048K, reserved 1148928K
  class space    used 13104K, capacity 14193K, committed 14208K, reserved 1048576K
}
Event: 3357.808 GC heap after
{Heap after GC invocations=300 (full 0):
 garbage-first heap   total 372736K, used 114471K [0x0000000080000000, 0x0000000100000000)
  region size 1024K, 2 young (2048K), 2 survivors (2048K)
 Metaspace       used 110549K, capacity 113803K, committed 114048K, reserved 1148928K
  class space    used 13104K, capacity 14193K, committed 14208K, reserved 1048576K
}
Event: 3364.151 GC heap before
{Heap before GC invocations=301 (full 0):
 garbage-first heap   total 372736K, used 240423K [0x0000000080000000, 0x0000000100000000)
  region size 1024K, 125 young (128000K), 2 survivors (2048K)
 Metaspace       used 110833K, capacity 114093K, committed 114304K, reserved 1148928K
  class space    used 13109K, capacity 14179K, committed 14208K, reserved 1048576K
}
Event: 3364.237 GC heap after
{Heap after GC invocations=302 (full 0):
 garbage-first heap   total 372736K, used 123591K [0x0000000080000000, 0x0000000100000000)
  region size 1024K, 16 young (16384K), 16 survivors (16384K)
 Metaspace       used 110833K, capacity 114093K, committed 114304K, reserved 1148928K
  class space    used 13109K, capacity 14179K, committed 14208K, reserved 1048576K
}
Event: 3364.253 GC heap before
{Heap before GC invocations=302 (full 0):
 garbage-first heap   total 372736K, used 125639K [0x0000000080000000, 0x0000000100000000)
  region size 1024K, 18 young (18432K), 16 survivors (16384K)
 Metaspace       used 110838K, capacity 114094K, committed 114304K, reserved 1148928K
  class space    used 13109K, capacity 14179K, committed 14208K, reserved 1048576K
}
Event: 3364.326 GC heap after
{Heap after GC invocations=303 (full 0):
 garbage-first heap   total 372736K, used 116936K [0x0000000080000000, 0x0000000100000000)
  region size 1024K, 2 young (2048K), 2 survivors (2048K)
 Metaspace       used 110838K, capacity 114094K, committed 114304K, reserved 1148928K
  class space    used 13109K, capacity 14179K, committed 14208K, reserved 1048576K
}
Event: 3366.158 GC heap before
{Heap before GC invocations=303 (full 0):
 garbage-first heap   total 372736K, used 189640K [0x0000000080000000, 0x0000000100000000)
  region size 1024K, 75 young (76800K), 2 survivors (2048K)
 Metaspace       used 110846K, capacity 114094K, committed 114304K, reserved 1148928K
  class space    used 13110K, capacity 14179K, committed 14208K, reserved 1048576K
}
Event: 3366.419 GC heap after
{Heap after GC invocations=304 (full 0):
 garbage-first heap   total 372736K, used 157696K [0x0000000080000000, 0x0000000100000000)
  region size 1024K, 16 young (16384K), 16 survivors (16384K)
 Metaspace       used 110846K, capacity 114094K, committed 114304K, reserved 1148928K
  class space    used 13110K, capacity 14179K, committed 14208K, reserved 1048576K
}
Event: 3367.400 GC heap before
{Heap before GC invocations=305 (full 0):
 garbage-first heap   total 372736K, used 159744K [0x0000000080000000, 0x0000000100000000)
  region size 1024K, 18 young (18432K), 16 survivors (16384K)
 Metaspace       used 110846K, capacity 114094K, committed 114304K, reserved 1148928K
  class space    used 13110K, capacity 14179K, committed 14208K, reserved 1048576K
}
Event: 3367.544 GC heap after
{Heap after GC invocations=306 (full 0):
 garbage-first heap   total 372736K, used 157696K [0x0000000080000000, 0x0000000100000000)
  region size 1024K, 1 young (1024K), 1 survivors (1024K)
 Metaspace       used 110846K, capacity 114094K, committed 114304K, reserved 1148928K
  class space    used 13110K, capacity 14179K, committed 14208K, reserved 1048576K
}
Event: 3368.422 GC heap before
{Heap before GC invocations=306 (full 0):
 garbage-first heap   total 372736K, used 179200K [0x0000000080000000, 0x0000000100000000)
  region size 1024K, 18 young (18432K), 1 survivors (1024K)
 Metaspace       used 110846K, capacity 114094K, committed 114304K, reserved 1148928K
  class space    used 13110K, capacity 14179K, committed 14208K, reserved 1048576K
}
Event: 3368.468 GC heap after
{Heap after GC invocations=307 (full 0):
 garbage-first heap   total 372736K, used 162560K [0x0000000080000000, 0x0000000100000000)
  region size 1024K, 3 young (3072K), 3 survivors (3072K)
 Metaspace       used 110846K, capacity 114094K, committed 114304K, reserved 1148928K
  class space    used 13110K, capacity 14179K, committed 14208K, reserved 1048576K
}
Event: 3368.641 GC heap before
{Heap before GC invocations=307 (full 0):
 garbage-first heap   total 372736K, used 187136K [0x0000000080000000, 0x0000000100000000)
  region size 1024K, 28 young (28672K), 3 survivors (3072K)
 Metaspace       used 110846K, capacity 114094K, committed 114304K, reserved 1148928K
  class space    used 13110K, capacity 14179K, committed 14208K, reserved 1048576K
}
Event: 3368.670 GC heap after
{Heap after GC invocations=308 (full 0):
 garbage-first heap   total 372736K, used 166874K [0x0000000080000000, 0x0000000100000000)
  region size 1024K, 5 young (5120K), 5 survivors (5120K)
 Metaspace       used 110846K, capacity 114094K, committed 114304K, reserved 1148928K
  class space    used 13110K, capacity 14179K, committed 14208K, reserved 1048576K
}
Event: 3371.181 GC heap before
{Heap before GC invocations=309 (full 0):
 garbage-first heap   total 372736K, used 208858K [0x0000000080000000, 0x0000000100000000)
  region size 1024K, 42 young (43008K), 5 survivors (5120K)
 Metaspace       used 110855K, capacity 114094K, committed 114304K, reserved 1148928K
  class space    used 13110K, capacity 14179K, committed 14208K, reserved 1048576K
}
Event: 3371.209 GC heap after
{Heap after GC invocations=310 (full 0):
 garbage-first heap   total 372736K, used 163056K [0x0000000080000000, 0x0000000100000000)
  region size 1024K, 4 young (4096K), 4 survivors (4096K)
 Metaspace       used 110855K, capacity 114094K, committed 114304K, reserved 1148928K
  class space    used 13110K, capacity 14179K, committed 14208K, reserved 1048576K
}
Event: 3371.475 GC heap before
{Heap before GC invocations=310 (full 0):
 garbage-first heap   total 372736K, used 193776K [0x0000000080000000, 0x0000000100000000)
  region size 1024K, 19 young (19456K), 4 survivors (4096K)
 Metaspace       used 110856K, capacity 114094K, committed 114304K, reserved 1148928K
  class space    used 13110K, capacity 14179K, committed 14208K, reserved 1048576K
}
Event: 3371.503 GC heap after
{Heap after GC invocations=311 (full 0):
 garbage-first heap   total 372736K, used 164654K [0x0000000080000000, 0x0000000100000000)
  region size 1024K, 3 young (3072K), 3 survivors (3072K)
 Metaspace       used 110856K, capacity 114094K, committed 114304K, reserved 1148928K
  class space    used 13110K, capacity 14179K, committed 14208K, reserved 1048576K
}
Event: 3371.509 GC heap before
{Heap before GC invocations=311 (full 0):
 garbage-first heap   total 372736K, used 164654K [0x0000000080000000, 0x0000000100000000)
  region size 1024K, 4 young (4096K), 3 survivors (3072K)
 Metaspace       used 110856K, capacity 114094K, committed 114304K, reserved 1148928K
  class space    used 13110K, capacity 14179K, committed 14208K, reserved 1048576K
}
Event: 3371.524 GC heap after
{Heap after GC invocations=312 (full 0):
 garbage-first heap   total 372736K, used 164924K [0x0000000080000000, 0x0000000100000000)
  region size 1024K, 4 young (4096K), 4 survivors (4096K)
 Metaspace       used 110856K, capacity 114094K, committed 114304K, reserved 1148928K
  class space    used 13110K, capacity 14179K, committed 14208K, reserved 1048576K
}

Deoptimization events (20 events):
Event: 3369.671 Thread 0x000002b900a96000 DEOPT PACKING pc=0x000002b970c0f574 sp=0x000000d64c6fe400
Event: 3369.671 Thread 0x000002b900a96000 DEOPT UNPACKING pc=0x000002b967fe68a9 sp=0x000000d64c6fe3c8 mode 2
Event: 3369.772 Thread 0x000002b900a96000 Uncommon trap: trap_request=0xffffffd6 fr.pc=0x000002b970c8f958 relative=0x0000000000001158
Event: 3369.772 Thread 0x000002b900a96000 Uncommon trap: reason=array_check action=maybe_recompile pc=0x000002b970c8f958 method=java.util.TimSort.mergeLo(IIII)V @ 245 c2
Event: 3369.772 Thread 0x000002b900a96000 DEOPT PACKING pc=0x000002b970c8f958 sp=0x000000d64c6fe420
Event: 3369.772 Thread 0x000002b900a96000 DEOPT UNPACKING pc=0x000002b967fe68a9 sp=0x000000d64c6fe3d0 mode 2
Event: 3369.777 Thread 0x000002b900a96000 Uncommon trap: trap_request=0xffffffd6 fr.pc=0x000002b97049a19c relative=0x00000000000011fc
Event: 3369.777 Thread 0x000002b900a96000 Uncommon trap: reason=array_check action=maybe_recompile pc=0x000002b97049a19c method=java.util.TimSort.mergeHi(IIII)V @ 250 c2
Event: 3369.777 Thread 0x000002b900a96000 DEOPT PACKING pc=0x000002b97049a19c sp=0x000000d64c6fe410
Event: 3369.777 Thread 0x000002b900a96000 DEOPT UNPACKING pc=0x000002b967fe68a9 sp=0x000000d64c6fe3c8 mode 2
Event: 3369.782 Thread 0x000002b900a96000 Uncommon trap: trap_request=0xffffffd6 fr.pc=0x000002b970c8f958 relative=0x0000000000001158
Event: 3369.782 Thread 0x000002b900a96000 Uncommon trap: reason=array_check action=maybe_recompile pc=0x000002b970c8f958 method=java.util.TimSort.mergeLo(IIII)V @ 245 c2
Event: 3369.782 Thread 0x000002b900a96000 DEOPT PACKING pc=0x000002b970c8f958 sp=0x000000d64c6fe420
Event: 3369.782 Thread 0x000002b900a96000 DEOPT UNPACKING pc=0x000002b967fe68a9 sp=0x000000d64c6fe3d0 mode 2
Event: 3370.264 Thread 0x000002b900a96000 DEOPT PACKING pc=0x000002b96a45526a sp=0x000000d64c6fe3b0
Event: 3370.264 Thread 0x000002b900a96000 DEOPT UNPACKING pc=0x000002b967fe66bf sp=0x000000d64c6fd870 mode 0
Event: 3372.196 Thread 0x000002b903215800 DEOPT PACKING pc=0x000002b96a1c88ed sp=0x000000d6404fdd90
Event: 3372.196 Thread 0x000002b903215800 DEOPT UNPACKING pc=0x000002b967fe66bf sp=0x000000d6404fd208 mode 0
Event: 3372.790 Thread 0x000002b902cbe800 DEOPT PACKING pc=0x000002b969d03ad2 sp=0x000000d64b5fb750
Event: 3372.790 Thread 0x000002b902cbe800 DEOPT UNPACKING pc=0x000002b967fe66bf sp=0x000000d64b5fab68 mode 0

Classes redefined (0 events):
No events

Internal exceptions (20 events):
Event: 3606.708 Thread 0x000002b900a9b000 Exception <a 'sun/nio/fs/WindowsException'{0x00000000945795f0}> (0x00000000945795f0) thrown at [./src/hotspot/share/prims/jni.cpp, line 615]
Event: 3606.708 Thread 0x000002b900a9b000 Exception <a 'sun/nio/fs/WindowsException'{0x0000000094579670}> (0x0000000094579670) thrown at [./src/hotspot/share/prims/jni.cpp, line 615]
Event: 3606.708 Thread 0x000002b900a9b000 Exception <a 'sun/nio/fs/WindowsException'{0x000000009457b500}> (0x000000009457b500) thrown at [./src/hotspot/share/prims/jni.cpp, line 615]
Event: 3606.708 Thread 0x000002b900a9b000 Exception <a 'sun/nio/fs/WindowsException'{0x000000009457b580}> (0x000000009457b580) thrown at [./src/hotspot/share/prims/jni.cpp, line 615]
Event: 3606.709 Thread 0x000002b900a9b000 Exception <a 'sun/nio/fs/WindowsException'{0x000000009457dca8}> (0x000000009457dca8) thrown at [./src/hotspot/share/prims/jni.cpp, line 615]
Event: 3606.709 Thread 0x000002b900a9b000 Exception <a 'sun/nio/fs/WindowsException'{0x000000009457dd28}> (0x000000009457dd28) thrown at [./src/hotspot/share/prims/jni.cpp, line 615]
Event: 3606.709 Thread 0x000002b900a9b000 Exception <a 'sun/nio/fs/WindowsException'{0x000000009457fc18}> (0x000000009457fc18) thrown at [./src/hotspot/share/prims/jni.cpp, line 615]
Event: 3606.710 Thread 0x000002b900a9b000 Exception <a 'sun/nio/fs/WindowsException'{0x000000009457fc98}> (0x000000009457fc98) thrown at [./src/hotspot/share/prims/jni.cpp, line 615]
Event: 3606.710 Thread 0x000002b900a9b000 Exception <a 'sun/nio/fs/WindowsException'{0x0000000094582518}> (0x0000000094582518) thrown at [./src/hotspot/share/prims/jni.cpp, line 615]
Event: 3606.710 Thread 0x000002b900a9b000 Exception <a 'sun/nio/fs/WindowsException'{0x0000000094582598}> (0x0000000094582598) thrown at [./src/hotspot/share/prims/jni.cpp, line 615]
Event: 3606.711 Thread 0x000002b900a9b000 Exception <a 'sun/nio/fs/WindowsException'{0x0000000094584530}> (0x0000000094584530) thrown at [./src/hotspot/share/prims/jni.cpp, line 615]
Event: 3606.711 Thread 0x000002b900a9b000 Exception <a 'sun/nio/fs/WindowsException'{0x00000000945845b0}> (0x00000000945845b0) thrown at [./src/hotspot/share/prims/jni.cpp, line 615]
Event: 3606.712 Thread 0x000002b900a9b000 Exception <a 'sun/nio/fs/WindowsException'{0x0000000094586e80}> (0x0000000094586e80) thrown at [./src/hotspot/share/prims/jni.cpp, line 615]
Event: 3606.712 Thread 0x000002b900a9b000 Exception <a 'sun/nio/fs/WindowsException'{0x0000000094586f00}> (0x0000000094586f00) thrown at [./src/hotspot/share/prims/jni.cpp, line 615]
Event: 3606.712 Thread 0x000002b900a9b000 Exception <a 'sun/nio/fs/WindowsException'{0x0000000094588ea8}> (0x0000000094588ea8) thrown at [./src/hotspot/share/prims/jni.cpp, line 615]
Event: 3606.712 Thread 0x000002b900a9b000 Exception <a 'sun/nio/fs/WindowsException'{0x0000000094588f28}> (0x0000000094588f28) thrown at [./src/hotspot/share/prims/jni.cpp, line 615]
Event: 3606.713 Thread 0x000002b900a9b000 Exception <a 'sun/nio/fs/WindowsException'{0x000000009458bb68}> (0x000000009458bb68) thrown at [./src/hotspot/share/prims/jni.cpp, line 615]
Event: 3606.713 Thread 0x000002b900a9b000 Exception <a 'sun/nio/fs/WindowsException'{0x000000009458bbe8}> (0x000000009458bbe8) thrown at [./src/hotspot/share/prims/jni.cpp, line 615]
Event: 3606.713 Thread 0x000002b900a9b000 Exception <a 'sun/nio/fs/WindowsException'{0x000000009458de70}> (0x000000009458de70) thrown at [./src/hotspot/share/prims/jni.cpp, line 615]
Event: 3606.713 Thread 0x000002b900a9b000 Exception <a 'sun/nio/fs/WindowsException'{0x000000009458def0}> (0x000000009458def0) thrown at [./src/hotspot/share/prims/jni.cpp, line 615]

Events (20 events):
Event: 3607.187 Executing VM operation: RevokeBias done
Event: 3607.416 Executing VM operation: RevokeBias
Event: 3607.416 Executing VM operation: RevokeBias done
Event: 3607.416 Executing VM operation: RevokeBias
Event: 3607.417 Executing VM operation: RevokeBias done
Event: 3607.820 Executing VM operation: RevokeBias
Event: 3607.821 Executing VM operation: RevokeBias done
Event: 3607.824 Executing VM operation: RevokeBias
Event: 3607.824 Executing VM operation: RevokeBias done
Event: 3607.827 Executing VM operation: RevokeBias
Event: 3607.828 Executing VM operation: RevokeBias done
Event: 3607.836 Executing VM operation: RevokeBias
Event: 3607.836 Executing VM operation: RevokeBias done
Event: 3607.839 Executing VM operation: RevokeBias
Event: 3607.840 Executing VM operation: RevokeBias done
Event: 3607.844 Executing VM operation: RevokeBias
Event: 3607.845 Executing VM operation: RevokeBias done
Event: 3607.876 Executing VM operation: RevokeBias
Event: 3607.876 Executing VM operation: RevokeBias done
Event: 3607.879 Executing VM operation: BulkRevokeBias


Dynamic libraries:
0x00007ff65b760000 - 0x00007ff65b76a000 	D:\waseem\4. ELECTIVES MOBILE APP\Android Studio\jre\bin\java.exe
0x00007ffc68cb0000 - 0x00007ffc68e8b000 	C:\WINDOWS\SYSTEM32\ntdll.dll
0x00007ffc66660000 - 0x00007ffc6670e000 	C:\WINDOWS\System32\KERNEL32.DLL
0x00007ffc653b0000 - 0x00007ffc655fa000 	C:\WINDOWS\System32\KERNELBASE.dll
0x00007ffc65600000 - 0x00007ffc656f6000 	C:\WINDOWS\System32\ucrtbase.dll
0x00007ffc5a050000 - 0x00007ffc5a067000 	D:\waseem\4. ELECTIVES MOBILE APP\Android Studio\jre\bin\VCRUNTIME140.dll
0x00007ffc57760000 - 0x00007ffc57779000 	D:\waseem\4. ELECTIVES MOBILE APP\Android Studio\jre\bin\jli.dll
0x00007ffc68af0000 - 0x00007ffc68c3a000 	C:\WINDOWS\System32\USER32.dll
0x00007ffc652f0000 - 0x00007ffc6530e000 	C:\WINDOWS\System32\win32u.dll
0x00007ffc66860000 - 0x00007ffc66887000 	C:\WINDOWS\System32\GDI32.dll
0x00007ffc66080000 - 0x00007ffc66208000 	C:\WINDOWS\System32\gdi32full.dll
0x00007ffc65310000 - 0x00007ffc653aa000 	C:\WINDOWS\System32\msvcp_win.dll
0x00007ffc59120000 - 0x00007ffc59387000 	C:\WINDOWS\WinSxS\amd64_microsoft.windows.common-controls_6595b64144ccf1df_6.0.15063.1155_none_40c7922129a7722b\COMCTL32.dll
0x00007ffc66320000 - 0x00007ffc663bd000 	C:\WINDOWS\System32\msvcrt.dll
0x00007ffc67d40000 - 0x00007ffc68039000 	C:\WINDOWS\System32\combase.dll
0x00007ffc681e0000 - 0x00007ffc68305000 	C:\WINDOWS\System32\RPCRT4.dll
0x00007ffc65280000 - 0x00007ffc652ea000 	C:\WINDOWS\System32\bcryptPrimitives.dll
0x00007ffc667d0000 - 0x00007ffc667fd000 	C:\WINDOWS\System32\IMM32.DLL
0x00007ffc4f520000 - 0x00007ffc4f5bd000 	D:\waseem\4. ELECTIVES MOBILE APP\Android Studio\jre\bin\msvcp140.dll
0x00007ffc3d090000 - 0x00007ffc3db4c000 	D:\waseem\4. ELECTIVES MOBILE APP\Android Studio\jre\bin\server\jvm.dll
0x00007ffc66550000 - 0x00007ffc665f1000 	C:\WINDOWS\System32\ADVAPI32.dll
0x00007ffc66800000 - 0x00007ffc66859000 	C:\WINDOWS\System32\sechost.dll
0x00007ffc66270000 - 0x00007ffc66278000 	C:\WINDOWS\System32\PSAPI.DLL
0x00007ffc5e880000 - 0x00007ffc5e889000 	C:\WINDOWS\SYSTEM32\WSOCK32.dll
0x00007ffc68c40000 - 0x00007ffc68cac000 	C:\WINDOWS\System32\WS2_32.dll
0x00007ffc59460000 - 0x00007ffc5946a000 	C:\WINDOWS\SYSTEM32\VERSION.dll
0x00007ffc63730000 - 0x00007ffc63753000 	C:\WINDOWS\SYSTEM32\WINMM.dll
0x00007ffc636b0000 - 0x00007ffc636db000 	C:\WINDOWS\SYSTEM32\WINMMBASE.dll
0x00007ffc66030000 - 0x00007ffc66079000 	C:\WINDOWS\System32\cfgmgr32.dll
0x00007ffc65140000 - 0x00007ffc65151000 	C:\WINDOWS\System32\kernel.appcore.dll
0x00007ffc3f700000 - 0x00007ffc3f711000 	D:\waseem\4. ELECTIVES MOBILE APP\Android Studio\jre\bin\verify.dll
0x00007ffc61660000 - 0x00007ffc61809000 	C:\WINDOWS\SYSTEM32\DBGHELP.DLL
0x00007ffc530f0000 - 0x00007ffc53119000 	C:\WINDOWS\SYSTEM32\dbgcore.DLL
0x00007ffc3f6d0000 - 0x00007ffc3f6f9000 	D:\waseem\4. ELECTIVES MOBILE APP\Android Studio\jre\bin\java.dll
0x00007ffc5f200000 - 0x00007ffc5f20b000 	D:\waseem\4. ELECTIVES MOBILE APP\Android Studio\jre\bin\jimage.dll
0x00007ffc3f6b0000 - 0x00007ffc3f6c8000 	D:\waseem\4. ELECTIVES MOBILE APP\Android Studio\jre\bin\zip.dll
0x00007ffc66890000 - 0x00007ffc67cc8000 	C:\WINDOWS\System32\SHELL32.dll
0x00007ffc68600000 - 0x00007ffc686aa000 	C:\WINDOWS\System32\shcore.dll
0x00007ffc65700000 - 0x00007ffc65df1000 	C:\WINDOWS\System32\windows.storage.dll
0x00007ffc67cd0000 - 0x00007ffc67d21000 	C:\WINDOWS\System32\shlwapi.dll
0x00007ffc65160000 - 0x00007ffc651ac000 	C:\WINDOWS\System32\powrprof.dll
0x00007ffc651b0000 - 0x00007ffc651c5000 	C:\WINDOWS\System32\profapi.dll
0x00007ffc3f690000 - 0x00007ffc3f6aa000 	D:\waseem\4. ELECTIVES MOBILE APP\Android Studio\jre\bin\net.dll
0x00007ffc547b0000 - 0x00007ffc54886000 	C:\WINDOWS\SYSTEM32\WINHTTP.dll
0x00007ffc649d0000 - 0x00007ffc64a2c000 	C:\WINDOWS\system32\mswsock.dll
0x00007ffc3f670000 - 0x00007ffc3f684000 	D:\waseem\4. ELECTIVES MOBILE APP\Android Studio\jre\bin\nio.dll
0x00007ffc5a070000 - 0x00007ffc5a08e000 	C:\Users\wasee\.gradle\native\25\windows-amd64\native-platform.dll
0x00007ffc4b9b0000 - 0x00007ffc4b9ba000 	D:\waseem\4. ELECTIVES MOBILE APP\Android Studio\jre\bin\management.dll
0x00007ffc3f660000 - 0x00007ffc3f66c000 	D:\waseem\4. ELECTIVES MOBILE APP\Android Studio\jre\bin\management_ext.dll
0x00007ffc64b80000 - 0x00007ffc64b97000 	C:\WINDOWS\SYSTEM32\CRYPTSP.dll
0x00007ffc645e0000 - 0x00007ffc64614000 	C:\WINDOWS\system32\rsaenh.dll
0x00007ffc64ff0000 - 0x00007ffc65015000 	C:\WINDOWS\SYSTEM32\bcrypt.dll
0x00007ffc65020000 - 0x00007ffc65049000 	C:\WINDOWS\SYSTEM32\USERENV.dll
0x00007ffc64b70000 - 0x00007ffc64b7b000 	C:\WINDOWS\SYSTEM32\CRYPTBASE.dll
0x00007ffc64770000 - 0x00007ffc647a7000 	C:\WINDOWS\SYSTEM32\IPHLPAPI.DLL
0x00007ffc67d30000 - 0x00007ffc67d38000 	C:\WINDOWS\System32\NSI.dll
0x00007ffc5a7e0000 - 0x00007ffc5a7f6000 	C:\WINDOWS\SYSTEM32\dhcpcsvc6.DLL
0x00007ffc5a9e0000 - 0x00007ffc5a9fa000 	C:\WINDOWS\SYSTEM32\dhcpcsvc.DLL
0x00007ffc3ce20000 - 0x00007ffc3cfc2000 	D:\waseem\4. ELECTIVES MOBILE APP\Android Studio\jre\bin\awt.dll
0x00007ffc66710000 - 0x00007ffc667d0000 	C:\WINDOWS\System32\OLEAUT32.dll
0x00007ffc63280000 - 0x00007ffc632aa000 	C:\WINDOWS\SYSTEM32\dwmapi.dll
0x00007ffc63810000 - 0x00007ffc6388e000 	C:\WINDOWS\SYSTEM32\apphelp.dll
0x00007ffc639f0000 - 0x00007ffc63a85000 	C:\WINDOWS\system32\uxtheme.dll

dbghelp: loaded successfully - version: 4.0.5 - missing functions: none
symbol engine: initialized successfully - sym options: 0x614 - pdb path: .;D:\waseem\4. ELECTIVES MOBILE APP\Android Studio\jre\bin;C:\WINDOWS\SYSTEM32;C:\WINDOWS\WinSxS\amd64_microsoft.windows.common-controls_6595b64144ccf1df_6.0.15063.1155_none_40c7922129a7722b;D:\waseem\4. ELECTIVES MOBILE APP\Android Studio\jre\bin\server;C:\Users\wasee\.gradle\native\25\windows-amd64

VM Arguments:
jvm_args: --add-opens=java.base/java.util=ALL-UNNAMED --add-opens=java.base/java.lang=ALL-UNNAMED --add-opens=java.base/java.lang.invoke=ALL-UNNAMED --add-opens=java.prefs/java.util.prefs=ALL-UNNAMED -Xmx2048m -Dfile.encoding=UTF-8 -Duser.country=ZA -Duser.language=en -Duser.variant 
java_command: org.gradle.launcher.daemon.bootstrap.GradleDaemon 5.1.1
java_class_path (initial): C:\Users\wasee\.gradle\wrapper\dists\gradle-5.1.1-bin\90y9l8txxfw1s2o6ctiqeruwn\gradle-5.1.1\lib\gradle-launcher-5.1.1.jar
Launcher Type: SUN_STANDARD

[Global flags]
     intx CICompilerCount                          = 2                                         {product} {ergonomic}
     uint ConcGCThreads                            = 1                                         {product} {ergonomic}
     uint G1ConcRefinementThreads                  = 2                                         {product} {ergonomic}
   size_t G1HeapRegionSize                         = 1048576                                   {product} {ergonomic}
    uintx GCDrainStackTargetSize                   = 64                                        {product} {ergonomic}
   size_t InitialHeapSize                          = 67108864                                  {product} {ergonomic}
   size_t MarkStackSize                            = 4194304                                   {product} {ergonomic}
   size_t MaxHeapSize                              = 2147483648                                {product} {command line}
   size_t MaxNewSize                               = 1287651328                                {product} {ergonomic}
   size_t MinHeapDeltaBytes                        = 1048576                                   {product} {ergonomic}
    uintx NonNMethodCodeHeapSize                   = 5825164                                {pd product} {ergonomic}
    uintx NonProfiledCodeHeapSize                  = 122916538                              {pd product} {ergonomic}
    uintx ProfiledCodeHeapSize                     = 122916538                              {pd product} {ergonomic}
    uintx ReservedCodeCacheSize                    = 251658240                              {pd product} {ergonomic}
     bool SegmentedCodeCache                       = true                                      {product} {ergonomic}
     bool UseCompressedClassPointers               = true                                 {lp64_product} {ergonomic}
     bool UseCompressedOops                        = true                                 {lp64_product} {ergonomic}
     bool UseG1GC                                  = true                                      {product} {ergonomic}
     bool UseLargePagesIndividualAllocation        = false                                  {pd product} {ergonomic}

Logging:
Log output configuration:
 #0: stdout all=warning uptime,level,tags
 #1: stderr all=off uptime,level,tags

Environment Variables:
PATH=C:\Program Files\Common Files\Oracle\Java\javapath;C:\Program Files (x86)\Common Files\Oracle\Java\javapath;C:\Program Files\OpenJDK\jdk-11.0.8.10-hotspot\bin;C:\Program Files (x86)\Intel\TXE Components\TCS\;C:\Program Files\Intel\TXE Components\TCS\;C:\WINDOWS\system32;C:\WINDOWS;C:\WINDOWS\System32\Wbem;C:\WINDOWS\System32\WindowsPowerShell\v1.0\;C:\Program Files\Intel\TXE Components\DAL\;C:\Program Files (x86)\Intel\TXE Components\DAL\;C:\Program Files\Intel\TXE Components\IPT\;C:\Program Files (x86)\Intel\TXE Components\IPT\;C:\Users\wasee\AppData\Local\Microsoft\WindowsApps;
USERNAME=wasee
OS=Windows_NT
PROCESSOR_IDENTIFIER=Intel64 Family 6 Model 76 Stepping 4, GenuineIntel



---------------  S Y S T E M  ---------------

OS: Windows 10 , 64 bit Build 15063 (10.0.15063.1058)
OS uptime: 0 days 1:08 hours

CPU:total 2 (initial active 2) (2 cores per cpu, 1 threads per core) family 6 model 76 stepping 4, cmov, cx8, fxsr, mmx, sse, sse2, sse3, ssse3, sse4.1, sse4.2, popcnt, aes, clmul, erms, 3dnowpref, tsc, tscinvbit

Memory: 4k page, system-wide physical 4002M (417M free)
TotalPageFile size 4407M (AvailPageFile size 6M)
current process WorkingSet (physical memory assigned to process): 657M, peak: 659M
current process commit charge ("private bytes"): 719M, peak: 721M

vm_info: OpenJDK 64-Bit Server VM (11.0.8+10-b944.6842174) for windows-amd64 JRE (11.0.8+10-b944.6842174), built on Sep 19 2020 01:11:42 by "builder" with MS VC++ 14.0 (VS2015)

END.
