#
# There is insufficient memory for the Java Runtime Environment to continue.
# Native memory allocation (mmap) failed to map 167772160 bytes for Failed to commit area from 0x0000000097300000 to 0x00000000a1300000 of length 167772160.
# Possible reasons:
#   The system is out of physical RAM or swap space
#   The process is running with CompressedOops enabled, and the Java Heap may be blocking the growth of the native heap
# Possible solutions:
#   Reduce memory load on the system
#   Increase physical memory or swap space
#   Check if swap backing store is full
#   Decrease Java heap size (-Xmx/-Xms)
#   Decrease number of Java threads
#   Decrease Java thread stack sizes (-Xss)
#   Set larger code cache with -XX:ReservedCodeCacheSize=
#   JVM is running with Unscaled Compressed Oops mode in which the Java heap is
#     placed in the first 4GB address space. The Java Heap base address is the
#     maximum limit for the native heap growth. Please use -XX:HeapBaseMinAddress
#     to set the Java Heap base and to place the Java Heap above 4GB virtual address.
# This output file may be truncated or incomplete.
#
#  Out of Memory Error (./src/hotspot/os/windows/os_windows.cpp:3303), pid=8564, tid=9900
#
# JRE version: OpenJDK Runtime Environment (11.0.8+10) (build 11.0.8+10-b944.6842174)
# Java VM: OpenJDK 64-Bit Server VM (11.0.8+10-b944.6842174, mixed mode, tiered, compressed oops, g1 gc, windows-amd64)
# No core dump will be written. Minidumps are not enabled by default on client versions of Windows
#

---------------  S U M M A R Y ------------

Command Line: --add-opens=java.base/java.util=ALL-UNNAMED --add-opens=java.base/java.lang=ALL-UNNAMED --add-opens=java.base/java.lang.invoke=ALL-UNNAMED --add-opens=java.prefs/java.util.prefs=ALL-UNNAMED -Xmx2048m -Dfile.encoding=UTF-8 -Duser.country=ZA -Duser.language=en -Duser.variant org.gradle.launcher.daemon.bootstrap.GradleDaemon 5.1.1

Host: Intel(R) Celeron(R) CPU  N3060  @ 1.60GHz, 2 cores, 3G,  Windows 10 , 64 bit Build 15063 (10.0.15063.1058)
Time: Sun Oct 17 14:40:50 2021 South Africa Standard Time elapsed time: 6571 seconds (0d 1h 49m 31s)

---------------  T H R E A D  ---------------

Current thread (0x000002441bb10800):  VMThread "VM Thread" [stack: 0x00000044ada00000,0x00000044adb00000] [id=9900]

Stack: [0x00000044ada00000,0x00000044adb00000]
[error occurred during error reporting (printing stack bounds), id 0xc0000005, EXCEPTION_ACCESS_VIOLATION (0xc0000005) at pc=0x0000024405d90dbd]

Native frames: (J=compiled Java code, j=interpreted, Vv=VM code, C=native code)
V  [jvm.dll+0x5de50a]
V  [jvm.dll+0x7122f5]
V  [jvm.dll+0x71384d]
V  [jvm.dll+0x713e65]
V  [jvm.dll+0x713e1b]
V  [jvm.dll+0x5dd958]
V  [jvm.dll+0x5de0f8]
C  [ntdll.dll+0xa9ffd]
C  [ntdll.dll+0x351c8]
C  [ntdll.dll+0xa907e]
C  0x0000024405d90dbd

VM_Operation (0x00000044b9ffe6a0): G1CollectForAllocation, mode: safepoint, requested by thread 0x000002441ce69800


---------------  P R O C E S S  ---------------

Threads class SMR info:
_java_thread_list=0x0000024423941b00, length=43, elements={
0x0000024402419000, 0x000002441bb16000, 0x000002441bb1f800, 0x000002441c390800,
0x000002441c391800, 0x000002441bb70800, 0x000002441bb74800, 0x000002441bb75800,
0x000002441c4d6000, 0x000002441c4e1800, 0x000002441d9f3000, 0x000002441dce2000,
0x000002441ce5e800, 0x000002441c6d3000, 0x000002441c6d5800, 0x000002441c6d8800,
0x000002441ce61800, 0x000002441ce64800, 0x000002441c6d2000, 0x000002442383f800,
0x0000024423841000, 0x0000024423844800, 0x0000024423843800, 0x0000024423846000,
0x0000024423847800, 0x0000024423842000, 0x0000024423848800, 0x0000024423842800,
0x000002442384b800, 0x000002442384c800, 0x000002442384d000, 0x000002442384e000,
0x0000024423849000, 0x000002442384a000, 0x000002442384b000, 0x000002441ce62800,
0x000002441ce63000, 0x000002441ce64000, 0x000002441ce65800, 0x000002441ce60000,
0x000002441ce67000, 0x000002441ce69800, 0x000002441ce69000
}

Java Threads: ( => current thread )
  0x0000024402419000 JavaThread "main" [_thread_blocked, id=5112, stack(0x00000044ad400000,0x00000044ad500000)]
  0x000002441bb16000 JavaThread "Reference Handler" daemon [_thread_blocked, id=9828, stack(0x00000044adb00000,0x00000044adc00000)]
  0x000002441bb1f800 JavaThread "Finalizer" daemon [_thread_blocked, id=9772, stack(0x00000044adc00000,0x00000044add00000)]
  0x000002441c390800 JavaThread "Signal Dispatcher" daemon [_thread_blocked, id=6776, stack(0x00000044ade00000,0x00000044adf00000)]
  0x000002441c391800 JavaThread "Attach Listener" daemon [_thread_blocked, id=3696, stack(0x00000044adf00000,0x00000044ae000000)]
  0x000002441bb70800 JavaThread "C2 CompilerThread0" daemon [_thread_blocked, id=5944, stack(0x00000044ae000000,0x00000044ae100000)]
  0x000002441bb74800 JavaThread "C1 CompilerThread0" daemon [_thread_blocked, id=7844, stack(0x00000044ae100000,0x00000044ae200000)]
  0x000002441bb75800 JavaThread "Sweeper thread" daemon [_thread_blocked, id=156, stack(0x00000044ae200000,0x00000044ae300000)]
  0x000002441c4d6000 JavaThread "Common-Cleaner" daemon [_thread_blocked, id=3564, stack(0x00000044ae300000,0x00000044ae400000)]
  0x000002441c4e1800 JavaThread "Service Thread" daemon [_thread_blocked, id=9776, stack(0x00000044ae400000,0x00000044ae500000)]
  0x000002441d9f3000 JavaThread "Incoming local TCP Connector on port 58317" [_thread_in_native, id=1216, stack(0x00000044ae700000,0x00000044ae800000)]
  0x000002441dce2000 JavaThread "Daemon periodic checks" [_thread_blocked, id=1204, stack(0x00000044ae800000,0x00000044ae900000)]
  0x000002441ce5e800 JavaThread "Cache worker for file hash cache (C:\Users\wasee\.gradle\caches\5.1.1\fileHashes)" [_thread_blocked, id=296, stack(0x00000044af000000,0x00000044af100000)]
  0x000002441c6d3000 JavaThread "File lock request listener" [_thread_in_native, id=2928, stack(0x00000044af100000,0x00000044af200000)]
  0x000002441c6d5800 JavaThread "Cache worker for journal cache (C:\Users\wasee\.gradle\caches\journal-1)" [_thread_blocked, id=8340, stack(0x00000044af200000,0x00000044af300000)]
  0x000002441c6d8800 JavaThread "Cache worker for execution history cache (C:\Users\wasee\.gradle\caches\5.1.1\executionHistory)" [_thread_blocked, id=1636, stack(0x00000044af600000,0x00000044af700000)]
  0x000002441ce61800 JavaThread "Memory manager" [_thread_blocked, id=10208, stack(0x00000044afb00000,0x00000044afc00000)]
  0x000002441ce64800 JavaThread "Cache worker for file content cache (C:\Users\wasee\.gradle\caches\5.1.1\fileContent)" [_thread_blocked, id=2148, stack(0x00000044afc00000,0x00000044afd00000)]
  0x000002441c6d2000 JavaThread "Cache worker for Java compile cache (C:\Users\wasee\.gradle\caches\5.1.1\javaCompile)" [_thread_blocked, id=8328, stack(0x00000044b1200000,0x00000044b1300000)]
  0x000002442383f800 JavaThread "ForkJoinPool.commonPool-worker-1" daemon [_thread_blocked, id=5640, stack(0x00000044b4000000,0x00000044b4100000)]
  0x0000024423841000 JavaThread "Daemon Thread 5" [_thread_blocked, id=5620, stack(0x00000044b8a00000,0x00000044b8b00000)]
  0x0000024423844800 JavaThread "Handler for socket connection from /127.0.0.1:58317 to /127.0.0.1:58553" [_thread_in_native, id=9660, stack(0x00000044b8b00000,0x00000044b8c00000)]
  0x0000024423843800 JavaThread "Cancel handler" [_thread_blocked, id=9788, stack(0x00000044b8c00000,0x00000044b8d00000)]
  0x0000024423846000 JavaThread "Daemon worker Thread 5" [_thread_blocked, id=1712, stack(0x00000044b8d00000,0x00000044b8e00000)]
  0x0000024423847800 JavaThread "Asynchronous log dispatcher for DefaultDaemonConnection: socket connection from /127.0.0.1:58317 to /127.0.0.1:58553" [_thread_blocked, id=6488, stack(0x00000044b8e00000,0x00000044b8f00000)]
  0x0000024423842000 JavaThread "Stdin handler" [_thread_blocked, id=7700, stack(0x00000044b8f00000,0x00000044b9000000)]
  0x0000024423848800 JavaThread "Thread-130" [_thread_blocked, id=7332, stack(0x00000044b9000000,0x00000044b9100000)]
  0x0000024423842800 JavaThread "Cache worker for file hash cache (C:\Users\wasee\AndroidStudioProjects\TimeManagementTool\.gradle\5.1.1\fileHashes)" [_thread_blocked, id=2580, stack(0x00000044b9100000,0x00000044b9200000)]
  0x000002442384b800 JavaThread "Cache worker for cache directory md-supplier (C:\Users\wasee\.gradle\caches\5.1.1\md-supplier)" [_thread_blocked, id=3444, stack(0x00000044b9200000,0x00000044b9300000)]
  0x000002442384c800 JavaThread "Cache worker for cache directory md-rule (C:\Users\wasee\.gradle\caches\5.1.1\md-rule)" [_thread_blocked, id=8248, stack(0x00000044b9300000,0x00000044b9400000)]
  0x000002442384d000 JavaThread "Build operations" [_thread_blocked, id=10020, stack(0x00000044b9400000,0x00000044b9500000)]
  0x000002442384e000 JavaThread "Build operations Thread 2" [_thread_blocked, id=6352, stack(0x00000044b9500000,0x00000044b9600000)]
  0x0000024423849000 JavaThread "Cache worker for Build Output Cleanup Cache (C:\Users\wasee\AndroidStudioProjects\TimeManagementTool\.gradle\buildOutputCleanup)" [_thread_blocked, id=2432, stack(0x00000044b9600000,0x00000044b9700000)]
  0x000002442384a000 JavaThread "Cache worker for file content cache (C:\Users\wasee\AndroidStudioProjects\TimeManagementTool\.gradle\5.1.1\fileContent)" [_thread_blocked, id=9220, stack(0x00000044b9700000,0x00000044b9800000)]
  0x000002442384b000 JavaThread "Execution worker for ':'" [_thread_blocked, id=9308, stack(0x00000044b9800000,0x00000044b9900000)]
  0x000002441ce62800 JavaThread "Cache worker for execution history cache (C:\Users\wasee\AndroidStudioProjects\TimeManagementTool\.gradle\5.1.1\executionHistory)" [_thread_blocked, id=10044, stack(0x00000044b9900000,0x00000044b9a00000)]
  0x000002441ce63000 JavaThread "pool-14-thread-1" [_thread_blocked, id=5468, stack(0x00000044b9a00000,0x00000044b9b00000)]
  0x000002441ce64000 JavaThread "stderr" [_thread_in_native, id=2452, stack(0x00000044b9b00000,0x00000044b9c00000)]
  0x000002441ce65800 JavaThread "stdout" [_thread_in_native, id=8936, stack(0x00000044b9c00000,0x00000044b9d00000)]
  0x000002441ce60000 JavaThread "Cache worker for Java compile cache (C:\Users\wasee\AndroidStudioProjects\TimeManagementTool\.gradle\5.1.1\javaCompile)" [_thread_blocked, id=5332, stack(0x00000044b9d00000,0x00000044b9e00000)]
  0x000002441ce67000 JavaThread "ForkJoinPool.commonPool-worker-3" daemon [_thread_blocked, id=7896, stack(0x00000044b9e00000,0x00000044b9f00000)]
  0x000002441ce69800 JavaThread "ForkJoinPool-50-worker-3" daemon [_thread_blocked, id=3904, stack(0x00000044b9f00000,0x00000044ba000000)]
  0x000002441ce69000 JavaThread "ForkJoinPool-50-worker-1" daemon [_thread_blocked, id=4444, stack(0x00000044ba000000,0x00000044ba100000)]

Other Threads:
=>0x000002441bb10800 VMThread "VM Thread" [stack: 0x00000044ada00000,0x00000044adb00000] [id=9900]
  0x000002441c516000 WatcherThread [stack: 0x00000044ae500000,0x00000044ae600000] [id=6316]
  0x0000024402430800 GCTaskThread "GC Thread#0" [stack: 0x00000044ad500000,0x00000044ad600000] [id=8724]
  0x000002441c9aa800 GCTaskThread "GC Thread#1" [stack: 0x00000044ae600000,0x00000044ae700000] [id=1656]
  0x0000024402461800 ConcurrentGCThread "G1 Main Marker" [stack: 0x00000044ad600000,0x00000044ad700000] [id=2760]
  0x0000024402463000 ConcurrentGCThread "G1 Conc#0" [stack: 0x00000044ad700000,0x00000044ad800000] [id=10064]
  0x00000244024b5000 ConcurrentGCThread "G1 Refine#0" [stack: 0x00000044ad800000,0x00000044ad900000] [id=8124]
  0x00000244024b7000 ConcurrentGCThread "G1 Young RemSet Sampling" [stack: 0x00000044ad900000,0x00000044ada00000] [id=9292]

Threads with active compile tasks:
C2 CompilerThread06571398 21722       4       com.android.tools.r8.dex.DexParser::addClassDefsTo (641 bytes)

VM state:at safepoint (normal execution)

VM Mutex/Monitor currently owned by a thread:  ([mutex/lock_event])
[0x0000024402415790] Threads_lock - owner thread: 0x000002441bb10800
[0x0000024402416510] Heap_lock - owner thread: 0x000002441ce69800

Heap address: 0x0000000080000000, size: 2048 MB, Compressed Oops mode: 32-bit
Narrow klass base: 0x0000000000000000, Narrow klass shift: 3
Compressed class space size: 1073741824 Address: 0x0000000100000000

Heap:
 garbage-first heap   total 543744K, used 170496K [0x0000000080000000, 0x0000000100000000)
  region size 1024K, 3 young (3072K), 3 survivors (3072K)
 Metaspace       used 110723K, capacity 113399K, committed 113536K, reserved 1148928K
  class space    used 13319K, capacity 14173K, committed 14208K, reserved 1048576K
Heap Regions: E=young(eden), S=young(survivor), O=old, HS=humongous(starts), HC=humongous(continues), CS=collection set, F=free, A=archive, TAMS=top-at-mark-start (previous, next)
|   0|0x0000000080000000, 0x0000000080100000, 0x0000000080100000|100%|HS|  |TAMS 0x0000000080100000, 0x0000000080000000| Complete 
|   1|0x0000000080100000, 0x0000000080200000, 0x0000000080200000|100%| O|  |TAMS 0x0000000080200000, 0x0000000080100000| Untracked 
|   2|0x0000000080200000, 0x0000000080300000, 0x0000000080300000|100%| O|  |TAMS 0x0000000080300000, 0x0000000080200000| Untracked 
|   3|0x0000000080300000, 0x0000000080400000, 0x0000000080400000|100%|HS|  |TAMS 0x0000000080400000, 0x0000000080300000| Complete 
|   4|0x0000000080400000, 0x0000000080500000, 0x0000000080500000|100%|HC|  |TAMS 0x0000000080500000, 0x0000000080400000| Complete 
|   5|0x0000000080500000, 0x0000000080600000, 0x0000000080600000|100%| O|  |TAMS 0x0000000080600000, 0x0000000080500000| Untracked 
|   6|0x0000000080600000, 0x0000000080700000, 0x0000000080700000|100%| O|  |TAMS 0x0000000080700000, 0x0000000080600000| Untracked 
|   7|0x0000000080700000, 0x0000000080800000, 0x0000000080800000|100%| O|  |TAMS 0x0000000080800000, 0x0000000080700000| Complete 
|   8|0x0000000080800000, 0x0000000080900000, 0x0000000080900000|100%| O|  |TAMS 0x0000000080900000, 0x0000000080800000| Untracked 
|   9|0x0000000080900000, 0x0000000080a00000, 0x0000000080a00000|100%| O|  |TAMS 0x0000000080a00000, 0x0000000080900000| Untracked 
|  10|0x0000000080a00000, 0x0000000080b00000, 0x0000000080b00000|100%| O|  |TAMS 0x0000000080b00000, 0x0000000080a00000| Untracked 
|  11|0x0000000080b00000, 0x0000000080c00000, 0x0000000080c00000|100%| O|  |TAMS 0x0000000080c00000, 0x0000000080b00000| Complete 
|  12|0x0000000080c00000, 0x0000000080d00000, 0x0000000080d00000|100%| O|  |TAMS 0x0000000080d00000, 0x0000000080c00000| Complete 
|  13|0x0000000080d00000, 0x0000000080e00000, 0x0000000080e00000|100%| O|  |TAMS 0x0000000080e00000, 0x0000000080d00000| Complete 
|  14|0x0000000080e00000, 0x0000000080f00000, 0x0000000080f00000|100%| O|  |TAMS 0x0000000080f00000, 0x0000000080e00000| Complete 
|  15|0x0000000080f00000, 0x0000000081000000, 0x0000000081000000|100%|HS|  |TAMS 0x0000000081000000, 0x0000000080f00000| Complete 
|  16|0x0000000081000000, 0x0000000081100000, 0x0000000081100000|100%|HC|  |TAMS 0x0000000081100000, 0x0000000081000000| Complete 
|  17|0x0000000081100000, 0x0000000081200000, 0x0000000081200000|100%|HS|  |TAMS 0x0000000081200000, 0x0000000081100000| Complete 
|  18|0x0000000081200000, 0x0000000081300000, 0x0000000081300000|100%|HC|  |TAMS 0x0000000081300000, 0x0000000081200000| Complete 
|  19|0x0000000081300000, 0x0000000081400000, 0x0000000081400000|100%|HC|  |TAMS 0x0000000081400000, 0x0000000081300000| Complete 
|  20|0x0000000081400000, 0x0000000081500000, 0x0000000081500000|100%|HS|  |TAMS 0x0000000081500000, 0x0000000081400000| Complete 
|  21|0x0000000081500000, 0x0000000081600000, 0x0000000081600000|100%|HC|  |TAMS 0x0000000081600000, 0x0000000081500000| Complete 
|  22|0x0000000081600000, 0x0000000081700000, 0x0000000081700000|100%|HC|  |TAMS 0x0000000081700000, 0x0000000081600000| Complete 
|  23|0x0000000081700000, 0x0000000081800000, 0x0000000081800000|100%|HC|  |TAMS 0x0000000081800000, 0x0000000081700000| Complete 
|  24|0x0000000081800000, 0x0000000081900000, 0x0000000081900000|100%| O|  |TAMS 0x0000000081900000, 0x0000000081800000| Complete 
|  25|0x0000000081900000, 0x0000000081a00000, 0x0000000081a00000|100%| O|  |TAMS 0x0000000081a00000, 0x0000000081900000| Complete 
|  26|0x0000000081a00000, 0x0000000081b00000, 0x0000000081b00000|100%| O|  |TAMS 0x0000000081b00000, 0x0000000081a00000| Complete 
|  27|0x0000000081b00000, 0x0000000081c00000, 0x0000000081c00000|100%| O|  |TAMS 0x0000000081c00000, 0x0000000081b00000| Untracked 
|  28|0x0000000081c00000, 0x0000000081d00000, 0x0000000081d00000|100%| O|  |TAMS 0x0000000081d00000, 0x0000000081c00000| Untracked 
|  29|0x0000000081d00000, 0x0000000081e00000, 0x0000000081e00000|100%| O|  |TAMS 0x0000000081e00000, 0x0000000081d00000| Complete 
|  30|0x0000000081e00000, 0x0000000081f00000, 0x0000000081f00000|100%| O|  |TAMS 0x0000000081f00000, 0x0000000081e00000| Complete 
|  31|0x0000000081f00000, 0x0000000082000000, 0x0000000082000000|100%|HS|  |TAMS 0x0000000082000000, 0x0000000081f00000| Complete 
|  32|0x0000000082000000, 0x0000000082100000, 0x0000000082100000|100%|HC|  |TAMS 0x0000000082100000, 0x0000000082000000| Complete 
|  33|0x0000000082100000, 0x0000000082200000, 0x0000000082200000|100%|HC|  |TAMS 0x0000000082200000, 0x0000000082100000| Complete 
|  34|0x0000000082200000, 0x0000000082300000, 0x0000000082300000|100%|HS|  |TAMS 0x0000000082300000, 0x0000000082200000| Complete 
|  35|0x0000000082300000, 0x0000000082400000, 0x0000000082400000|100%|HC|  |TAMS 0x0000000082400000, 0x0000000082300000| Complete 
|  36|0x0000000082400000, 0x0000000082500000, 0x0000000082500000|100%| O|  |TAMS 0x0000000082500000, 0x0000000082400000| Complete 
|  37|0x0000000082500000, 0x0000000082600000, 0x0000000082600000|100%| O|  |TAMS 0x0000000082600000, 0x0000000082500000| Complete 
|  38|0x0000000082600000, 0x0000000082700000, 0x0000000082700000|100%| O|  |TAMS 0x0000000082700000, 0x0000000082600000| Untracked 
|  39|0x0000000082700000, 0x0000000082800000, 0x0000000082800000|100%| O|  |TAMS 0x0000000082800000, 0x0000000082700000| Complete 
|  40|0x0000000082800000, 0x0000000082900000, 0x0000000082900000|100%| O|  |TAMS 0x0000000082900000, 0x0000000082800000| Untracked 
|  41|0x0000000082900000, 0x0000000082a00000, 0x0000000082a00000|100%| O|  |TAMS 0x0000000082a00000, 0x0000000082900000| Untracked 
|  42|0x0000000082a00000, 0x0000000082b00000, 0x0000000082b00000|100%| O|  |TAMS 0x0000000082b00000, 0x0000000082a00000| Untracked 
|  43|0x0000000082b00000, 0x0000000082c00000, 0x0000000082c00000|100%| O|  |TAMS 0x0000000082c00000, 0x0000000082b00000| Complete 
|  44|0x0000000082c00000, 0x0000000082d00000, 0x0000000082d00000|100%| O|  |TAMS 0x0000000082d00000, 0x0000000082c00000| Complete 
|  45|0x0000000082d00000, 0x0000000082e00000, 0x0000000082e00000|100%| O|  |TAMS 0x0000000082e00000, 0x0000000082d00000| Untracked 
|  46|0x0000000082e00000, 0x0000000082f00000, 0x0000000082f00000|100%| O|  |TAMS 0x0000000082f00000, 0x0000000082e00000| Complete 
|  47|0x0000000082f00000, 0x0000000083000000, 0x0000000083000000|100%| O|  |TAMS 0x0000000083000000, 0x0000000082f00000| Complete 
|  48|0x0000000083000000, 0x0000000083100000, 0x0000000083100000|100%| O|  |TAMS 0x0000000083100000, 0x0000000083000000| Complete 
|  49|0x0000000083100000, 0x0000000083200000, 0x0000000083200000|100%| O|  |TAMS 0x0000000083200000, 0x0000000083100000| Complete 
|  50|0x0000000083200000, 0x0000000083300000, 0x0000000083300000|100%| O|  |TAMS 0x0000000083300000, 0x0000000083200000| Complete 
|  51|0x0000000083300000, 0x0000000083400000, 0x0000000083400000|100%| O|  |TAMS 0x0000000083400000, 0x0000000083300000| Untracked 
|  52|0x0000000083400000, 0x0000000083500000, 0x0000000083500000|100%| O|  |TAMS 0x0000000083500000, 0x0000000083400000| Untracked 
|  53|0x0000000083500000, 0x0000000083600000, 0x0000000083600000|100%| O|  |TAMS 0x0000000083600000, 0x0000000083500000| Untracked 
|  54|0x0000000083600000, 0x0000000083700000, 0x0000000083700000|100%| O|  |TAMS 0x0000000083700000, 0x0000000083600000| Untracked 
|  55|0x0000000083700000, 0x0000000083800000, 0x0000000083800000|100%| O|  |TAMS 0x0000000083800000, 0x0000000083700000| Untracked 
|  56|0x0000000083800000, 0x0000000083900000, 0x0000000083900000|100%| O|  |TAMS 0x0000000083800000, 0x0000000083800000| Untracked 
|  57|0x0000000083900000, 0x0000000083a00000, 0x0000000083a00000|100%| O|  |TAMS 0x0000000083a00000, 0x0000000083900000| Untracked 
|  58|0x0000000083a00000, 0x0000000083b00000, 0x0000000083b00000|100%| O|  |TAMS 0x0000000083b00000, 0x0000000083a00000| Untracked 
|  59|0x0000000083b00000, 0x0000000083c00000, 0x0000000083c00000|100%| O|  |TAMS 0x0000000083c00000, 0x0000000083b00000| Untracked 
|  60|0x0000000083c00000, 0x0000000083d00000, 0x0000000083d00000|100%| O|  |TAMS 0x0000000083d00000, 0x0000000083c00000| Untracked 
|  61|0x0000000083d00000, 0x0000000083e00000, 0x0000000083e00000|100%| O|  |TAMS 0x0000000083e00000, 0x0000000083d00000| Untracked 
|  62|0x0000000083e00000, 0x0000000083f00000, 0x0000000083f00000|100%| O|  |TAMS 0x0000000083f00000, 0x0000000083e00000| Complete 
|  63|0x0000000083f00000, 0x0000000084000000, 0x0000000084000000|100%| O|  |TAMS 0x0000000084000000, 0x0000000083f00000| Untracked 
|  64|0x0000000084000000, 0x0000000084100000, 0x0000000084100000|100%| O|  |TAMS 0x0000000084100000, 0x0000000084000000| Untracked 
|  65|0x0000000084100000, 0x0000000084200000, 0x0000000084200000|100%| O|  |TAMS 0x0000000084200000, 0x0000000084100000| Complete 
|  66|0x0000000084200000, 0x0000000084300000, 0x0000000084300000|100%| O|  |TAMS 0x0000000084300000, 0x0000000084200000| Complete 
|  67|0x0000000084300000, 0x0000000084400000, 0x0000000084400000|100%| O|  |TAMS 0x0000000084400000, 0x0000000084300000| Complete 
|  68|0x0000000084400000, 0x0000000084500000, 0x0000000084500000|100%| O|  |TAMS 0x0000000084500000, 0x0000000084400000| Complete 
|  69|0x0000000084500000, 0x0000000084600000, 0x0000000084600000|100%| O|  |TAMS 0x0000000084600000, 0x0000000084500000| Untracked 
|  70|0x0000000084600000, 0x0000000084700000, 0x0000000084700000|100%| O|  |TAMS 0x0000000084700000, 0x0000000084600000| Complete 
|  71|0x0000000084700000, 0x0000000084800000, 0x0000000084800000|100%| O|  |TAMS 0x0000000084800000, 0x0000000084700000| Untracked 
|  72|0x0000000084800000, 0x0000000084900000, 0x0000000084900000|100%| O|  |TAMS 0x0000000084900000, 0x0000000084800000| Untracked 
|  73|0x0000000084900000, 0x0000000084a00000, 0x0000000084a00000|100%| O|  |TAMS 0x0000000084a00000, 0x0000000084900000| Complete 
|  74|0x0000000084a00000, 0x0000000084b00000, 0x0000000084b00000|100%| O|  |TAMS 0x0000000084b00000, 0x0000000084a00000| Complete 
|  75|0x0000000084b00000, 0x0000000084c00000, 0x0000000084c00000|100%| O|  |TAMS 0x0000000084c00000, 0x0000000084b00000| Complete 
|  76|0x0000000084c00000, 0x0000000084d00000, 0x0000000084d00000|100%| O|  |TAMS 0x0000000084d00000, 0x0000000084c00000| Complete 
|  77|0x0000000084d00000, 0x0000000084e00000, 0x0000000084e00000|100%| O|  |TAMS 0x0000000084e00000, 0x0000000084d00000| Complete 
|  78|0x0000000084e00000, 0x0000000084f00000, 0x0000000084f00000|100%| O|  |TAMS 0x0000000084f00000, 0x0000000084e00000| Untracked 
|  79|0x0000000084f00000, 0x0000000085000000, 0x0000000085000000|100%| O|  |TAMS 0x0000000085000000, 0x0000000084f00000| Untracked 
|  80|0x0000000085000000, 0x0000000085100000, 0x0000000085100000|100%| O|  |TAMS 0x0000000085100000, 0x0000000085000000| Untracked 
|  81|0x0000000085100000, 0x0000000085200000, 0x0000000085200000|100%| O|  |TAMS 0x0000000085200000, 0x0000000085100000| Untracked 
|  82|0x0000000085200000, 0x0000000085300000, 0x0000000085300000|100%| O|  |TAMS 0x0000000085300000, 0x0000000085200000| Complete 
|  83|0x0000000085300000, 0x0000000085400000, 0x0000000085400000|100%| O|  |TAMS 0x0000000085400000, 0x0000000085300000| Complete 
|  84|0x0000000085400000, 0x0000000085500000, 0x0000000085500000|100%| O|  |TAMS 0x0000000085400000, 0x0000000085400000| Untracked 
|  85|0x0000000085500000, 0x0000000085600000, 0x0000000085600000|100%| O|  |TAMS 0x0000000085500000, 0x0000000085500000| Untracked 
|  86|0x0000000085600000, 0x0000000085700000, 0x0000000085700000|100%| O|  |TAMS 0x0000000085700000, 0x0000000085600000| Complete 
|  87|0x0000000085700000, 0x0000000085800000, 0x0000000085800000|100%| O|  |TAMS 0x0000000085800000, 0x0000000085700000| Complete 
|  88|0x0000000085800000, 0x0000000085900000, 0x0000000085900000|100%| O|  |TAMS 0x0000000085900000, 0x0000000085800000| Complete 
|  89|0x0000000085900000, 0x0000000085a00000, 0x0000000085a00000|100%| O|  |TAMS 0x0000000085a00000, 0x0000000085900000| Complete 
|  90|0x0000000085a00000, 0x0000000085b00000, 0x0000000085b00000|100%| O|  |TAMS 0x0000000085a00000, 0x0000000085a00000| Untracked 
|  91|0x0000000085b00000, 0x0000000085c00000, 0x0000000085c00000|100%| O|  |TAMS 0x0000000085c00000, 0x0000000085b00000| Complete 
|  92|0x0000000085c00000, 0x0000000085d00000, 0x0000000085d00000|100%| O|  |TAMS 0x0000000085d00000, 0x0000000085c00000| Complete 
|  93|0x0000000085d00000, 0x0000000085e00000, 0x0000000085e00000|100%| O|  |TAMS 0x0000000085e00000, 0x0000000085d00000| Complete 
|  94|0x0000000085e00000, 0x0000000085f00000, 0x0000000085f00000|100%| O|  |TAMS 0x0000000085f00000, 0x0000000085e00000| Complete 
|  95|0x0000000085f00000, 0x0000000086000000, 0x0000000086000000|100%| O|  |TAMS 0x0000000085f00000, 0x0000000085f00000| Untracked 
|  96|0x0000000086000000, 0x0000000086100000, 0x0000000086100000|100%| O|  |TAMS 0x0000000086100000, 0x0000000086000000| Complete 
|  97|0x0000000086100000, 0x0000000086200000, 0x0000000086200000|100%| O|  |TAMS 0x0000000086200000, 0x0000000086100000| Complete 
|  98|0x0000000086200000, 0x0000000086300000, 0x0000000086300000|100%| O|  |TAMS 0x0000000086300000, 0x0000000086200000| Untracked 
|  99|0x0000000086300000, 0x0000000086400000, 0x0000000086400000|100%|HS|  |TAMS 0x0000000086400000, 0x0000000086300000| Complete 
| 100|0x0000000086400000, 0x0000000086500000, 0x0000000086500000|100%|HC|  |TAMS 0x0000000086500000, 0x0000000086400000| Complete 
| 101|0x0000000086500000, 0x0000000086500000, 0x0000000086600000|  0%| F|  |TAMS 0x0000000086500000, 0x0000000086500000| Untracked 
| 102|0x0000000086600000, 0x0000000086700000, 0x0000000086700000|100%| O|  |TAMS 0x0000000086700000, 0x0000000086600000| Complete 
| 103|0x0000000086700000, 0x0000000086800000, 0x0000000086800000|100%| O|  |TAMS 0x0000000086800000, 0x0000000086700000| Untracked 
| 104|0x0000000086800000, 0x0000000086900000, 0x0000000086900000|100%| O|  |TAMS 0x0000000086900000, 0x0000000086800000| Untracked 
| 105|0x0000000086900000, 0x0000000086a00000, 0x0000000086a00000|100%| O|  |TAMS 0x0000000086a00000, 0x0000000086900000| Untracked 
| 106|0x0000000086a00000, 0x0000000086b00000, 0x0000000086b00000|100%| O|  |TAMS 0x0000000086b00000, 0x0000000086a00000| Untracked 
| 107|0x0000000086b00000, 0x0000000086c00000, 0x0000000086c00000|100%| O|  |TAMS 0x0000000086c00000, 0x0000000086b00000| Untracked 
| 108|0x0000000086c00000, 0x0000000086d00000, 0x0000000086d00000|100%| O|  |TAMS 0x0000000086d00000, 0x0000000086c00000| Complete 
| 109|0x0000000086d00000, 0x0000000086e00000, 0x0000000086e00000|100%| O|  |TAMS 0x0000000086e00000, 0x0000000086d00000| Complete 
| 110|0x0000000086e00000, 0x0000000086f00000, 0x0000000086f00000|100%| O|  |TAMS 0x0000000086f00000, 0x0000000086e00000| Complete 
| 111|0x0000000086f00000, 0x0000000087000000, 0x0000000087000000|100%| O|  |TAMS 0x0000000087000000, 0x0000000086f00000| Complete 
| 112|0x0000000087000000, 0x0000000087000000, 0x0000000087100000|  0%| F|  |TAMS 0x0000000087000000, 0x0000000087000000| Untracked 
| 113|0x0000000087100000, 0x0000000087100000, 0x0000000087200000|  0%| F|  |TAMS 0x0000000087100000, 0x0000000087100000| Untracked 
| 114|0x0000000087200000, 0x0000000087200000, 0x0000000087300000|  0%| F|  |TAMS 0x0000000087200000, 0x0000000087200000| Untracked 
| 115|0x0000000087300000, 0x0000000087300000, 0x0000000087400000|  0%| F|  |TAMS 0x0000000087300000, 0x0000000087300000| Untracked 
| 116|0x0000000087400000, 0x0000000087500000, 0x0000000087500000|100%| O|  |TAMS 0x0000000087500000, 0x0000000087400000| Untracked 
| 117|0x0000000087500000, 0x0000000087500000, 0x0000000087600000|  0%| F|  |TAMS 0x0000000087500000, 0x0000000087500000| Untracked 
| 118|0x0000000087600000, 0x0000000087700000, 0x0000000087700000|100%| O|  |TAMS 0x0000000087700000, 0x0000000087600000| Untracked 
| 119|0x0000000087700000, 0x0000000087800000, 0x0000000087800000|100%| O|  |TAMS 0x0000000087800000, 0x0000000087700000| Untracked 
| 120|0x0000000087800000, 0x0000000087800000, 0x0000000087900000|  0%| F|  |TAMS 0x0000000087800000, 0x0000000087800000| Untracked 
| 121|0x0000000087900000, 0x0000000087a00000, 0x0000000087a00000|100%| O|  |TAMS 0x0000000087a00000, 0x0000000087900000| Untracked 
| 122|0x0000000087a00000, 0x0000000087b00000, 0x0000000087b00000|100%| O|  |TAMS 0x0000000087a00000, 0x0000000087a00000| Untracked 
| 123|0x0000000087b00000, 0x0000000087b00000, 0x0000000087c00000|  0%| F|  |TAMS 0x0000000087b00000, 0x0000000087b00000| Untracked 
| 124|0x0000000087c00000, 0x0000000087c00000, 0x0000000087d00000|  0%| F|  |TAMS 0x0000000087c00000, 0x0000000087c00000| Untracked 
| 125|0x0000000087d00000, 0x0000000087e00000, 0x0000000087e00000|100%| O|  |TAMS 0x0000000087e00000, 0x0000000087d00000| Untracked 
| 126|0x0000000087e00000, 0x0000000087f00000, 0x0000000087f00000|100%| O|  |TAMS 0x0000000087f00000, 0x0000000087e00000| Untracked 
| 127|0x0000000087f00000, 0x0000000088000000, 0x0000000088000000|100%| O|  |TAMS 0x0000000088000000, 0x0000000087f00000| Complete 
| 128|0x0000000088000000, 0x0000000088100000, 0x0000000088100000|100%|HS|  |TAMS 0x0000000088100000, 0x0000000088000000| Complete 
| 129|0x0000000088100000, 0x0000000088200000, 0x0000000088200000|100%|HC|  |TAMS 0x0000000088200000, 0x0000000088100000| Complete 
| 130|0x0000000088200000, 0x0000000088300000, 0x0000000088300000|100%|HC|  |TAMS 0x0000000088300000, 0x0000000088200000| Complete 
| 131|0x0000000088300000, 0x0000000088400000, 0x0000000088400000|100%|HC|  |TAMS 0x0000000088400000, 0x0000000088300000| Complete 
| 132|0x0000000088400000, 0x0000000088500000, 0x0000000088500000|100%|HC|  |TAMS 0x0000000088500000, 0x0000000088400000| Complete 
| 133|0x0000000088500000, 0x0000000088600000, 0x0000000088600000|100%| O|  |TAMS 0x0000000088600000, 0x0000000088500000| Untracked 
| 134|0x0000000088600000, 0x0000000088700000, 0x0000000088700000|100%| O|  |TAMS 0x0000000088700000, 0x0000000088600000| Complete 
| 135|0x0000000088700000, 0x0000000088800000, 0x0000000088800000|100%| O|  |TAMS 0x0000000088800000, 0x0000000088700000| Untracked 
| 136|0x0000000088800000, 0x0000000088900000, 0x0000000088900000|100%| O|  |TAMS 0x0000000088900000, 0x0000000088800000| Untracked 
| 137|0x0000000088900000, 0x0000000088a00000, 0x0000000088a00000|100%| O|  |TAMS 0x0000000088a00000, 0x0000000088900000| Untracked 
| 138|0x0000000088a00000, 0x0000000088b00000, 0x0000000088b00000|100%| O|  |TAMS 0x0000000088b00000, 0x0000000088a00000| Untracked 
| 139|0x0000000088b00000, 0x0000000088c00000, 0x0000000088c00000|100%| O|  |TAMS 0x0000000088c00000, 0x0000000088b00000| Untracked 
| 140|0x0000000088c00000, 0x0000000088d00000, 0x0000000088d00000|100%| O|  |TAMS 0x0000000088d00000, 0x0000000088c00000| Complete 
| 141|0x0000000088d00000, 0x0000000088e00000, 0x0000000088e00000|100%| O|  |TAMS 0x0000000088e00000, 0x0000000088d00000| Complete 
| 142|0x0000000088e00000, 0x0000000088f00000, 0x0000000088f00000|100%|HS|  |TAMS 0x0000000088f00000, 0x0000000088e00000| Complete 
| 143|0x0000000088f00000, 0x0000000089000000, 0x0000000089000000|100%|HC|  |TAMS 0x0000000089000000, 0x0000000088f00000| Complete 
| 144|0x0000000089000000, 0x0000000089100000, 0x0000000089100000|100%|HC|  |TAMS 0x0000000089100000, 0x0000000089000000| Complete 
| 145|0x0000000089100000, 0x0000000089200000, 0x0000000089200000|100%|HC|  |TAMS 0x0000000089200000, 0x0000000089100000| Complete 
| 146|0x0000000089200000, 0x0000000089300000, 0x0000000089300000|100%|HC|  |TAMS 0x0000000089300000, 0x0000000089200000| Complete 
| 147|0x0000000089300000, 0x0000000089400000, 0x0000000089400000|100%| O|  |TAMS 0x0000000089400000, 0x0000000089300000| Complete 
| 148|0x0000000089400000, 0x0000000089500000, 0x0000000089500000|100%| O|  |TAMS 0x0000000089500000, 0x0000000089400000| Complete 
| 149|0x0000000089500000, 0x0000000089600000, 0x0000000089600000|100%| O|  |TAMS 0x0000000089600000, 0x0000000089500000| Complete 
| 150|0x0000000089600000, 0x0000000089700000, 0x0000000089700000|100%| O|  |TAMS 0x0000000089700000, 0x0000000089600000| Complete 
| 151|0x0000000089700000, 0x0000000089800000, 0x0000000089800000|100%| O|  |TAMS 0x0000000089700000, 0x0000000089700000| Untracked 
| 152|0x0000000089800000, 0x0000000089900000, 0x0000000089900000|100%| O|  |TAMS 0x0000000089900000, 0x0000000089800000| Complete 
| 153|0x0000000089900000, 0x0000000089a00000, 0x0000000089a00000|100%| O|  |TAMS 0x0000000089a00000, 0x0000000089900000| Untracked 
| 154|0x0000000089a00000, 0x0000000089b00000, 0x0000000089b00000|100%| O|  |TAMS 0x0000000089b00000, 0x0000000089a00000| Complete 
| 155|0x0000000089b00000, 0x0000000089c00000, 0x0000000089c00000|100%| O|  |TAMS 0x0000000089b80000, 0x0000000089b00000| Untracked 
| 156|0x0000000089c00000, 0x0000000089d00000, 0x0000000089d00000|100%| O|  |TAMS 0x0000000089d00000, 0x0000000089c00000| Complete 
| 157|0x0000000089d00000, 0x0000000089e00000, 0x0000000089e00000|100%| O|  |TAMS 0x0000000089d00000, 0x0000000089d00000| Untracked 
| 158|0x0000000089e00000, 0x0000000089f00000, 0x0000000089f00000|100%| O|  |TAMS 0x0000000089e00000, 0x0000000089e00000| Untracked 
| 159|0x0000000089f00000, 0x000000008a000000, 0x000000008a000000|100%| O|  |TAMS 0x0000000089f00000, 0x0000000089f00000| Untracked 
| 160|0x000000008a000000, 0x000000008a100000, 0x000000008a100000|100%| O|  |TAMS 0x000000008a000000, 0x000000008a000000| Untracked 
| 161|0x000000008a100000, 0x000000008a200000, 0x000000008a200000|100%| O|  |TAMS 0x000000008a100000, 0x000000008a100000| Untracked 
| 162|0x000000008a200000, 0x000000008a300000, 0x000000008a300000|100%| O|  |TAMS 0x000000008a200000, 0x000000008a200000| Untracked 
| 163|0x000000008a300000, 0x000000008a400000, 0x000000008a400000|100%| O|  |TAMS 0x000000008a300000, 0x000000008a300000| Untracked 
| 164|0x000000008a400000, 0x000000008a500000, 0x000000008a500000|100%| O|  |TAMS 0x000000008a400000, 0x000000008a400000| Untracked 
| 165|0x000000008a500000, 0x000000008a600000, 0x000000008a600000|100%| O|  |TAMS 0x000000008a600000, 0x000000008a500000| Complete 
| 166|0x000000008a600000, 0x000000008a700000, 0x000000008a700000|100%| O|  |TAMS 0x000000008a700000, 0x000000008a600000| Complete 
| 167|0x000000008a700000, 0x000000008a800000, 0x000000008a800000|100%| O|  |TAMS 0x000000008a800000, 0x000000008a700000| Complete 
| 168|0x000000008a800000, 0x000000008a900000, 0x000000008a900000|100%| O|  |TAMS 0x000000008a800000, 0x000000008a800000| Untracked 
| 169|0x000000008a900000, 0x000000008aa00000, 0x000000008aa00000|100%| O|  |TAMS 0x000000008a900000, 0x000000008a900000| Untracked 
| 170|0x000000008aa00000, 0x000000008ab00000, 0x000000008ab00000|100%| O|  |TAMS 0x000000008aa00000, 0x000000008aa00000| Untracked 
| 171|0x000000008ab00000, 0x000000008ac00000, 0x000000008ac00000|100%| O|  |TAMS 0x000000008ab00000, 0x000000008ab00000| Untracked 
| 172|0x000000008ac00000, 0x000000008ac80000, 0x000000008ad00000| 50%| O|  |TAMS 0x000000008ac00000, 0x000000008ac00000| Untracked 
| 173|0x000000008ad00000, 0x000000008ad00000, 0x000000008ae00000|  0%| F|  |TAMS 0x000000008ad00000, 0x000000008ad00000| Untracked 
| 174|0x000000008ae00000, 0x000000008ae00000, 0x000000008af00000|  0%| F|  |TAMS 0x000000008ae00000, 0x000000008ae00000| Untracked 
| 175|0x000000008af00000, 0x000000008af00000, 0x000000008b000000|  0%| F|  |TAMS 0x000000008af00000, 0x000000008af00000| Untracked 
| 176|0x000000008b000000, 0x000000008b000000, 0x000000008b100000|  0%| F|  |TAMS 0x000000008b000000, 0x000000008b000000| Untracked 
| 177|0x000000008b100000, 0x000000008b100000, 0x000000008b200000|  0%| F|  |TAMS 0x000000008b100000, 0x000000008b100000| Untracked 
| 178|0x000000008b200000, 0x000000008b200000, 0x000000008b300000|  0%| F|  |TAMS 0x000000008b200000, 0x000000008b200000| Untracked 
| 179|0x000000008b300000, 0x000000008b300000, 0x000000008b400000|  0%| F|  |TAMS 0x000000008b300000, 0x000000008b300000| Untracked 
| 180|0x000000008b400000, 0x000000008b400000, 0x000000008b500000|  0%| F|  |TAMS 0x000000008b400000, 0x000000008b400000| Untracked 
| 181|0x000000008b500000, 0x000000008b500000, 0x000000008b600000|  0%| F|  |TAMS 0x000000008b500000, 0x000000008b500000| Untracked 
| 182|0x000000008b600000, 0x000000008b600000, 0x000000008b700000|  0%| F|  |TAMS 0x000000008b600000, 0x000000008b600000| Untracked 
| 183|0x000000008b700000, 0x000000008b700000, 0x000000008b800000|  0%| F|  |TAMS 0x000000008b700000, 0x000000008b700000| Untracked 
| 184|0x000000008b800000, 0x000000008b800000, 0x000000008b900000|  0%| F|  |TAMS 0x000000008b800000, 0x000000008b800000| Untracked 
| 185|0x000000008b900000, 0x000000008b900000, 0x000000008ba00000|  0%| F|  |TAMS 0x000000008b900000, 0x000000008b900000| Untracked 
| 186|0x000000008ba00000, 0x000000008ba00000, 0x000000008bb00000|  0%| F|  |TAMS 0x000000008ba00000, 0x000000008ba00000| Untracked 
| 187|0x000000008bb00000, 0x000000008bb00000, 0x000000008bc00000|  0%| F|  |TAMS 0x000000008bb00000, 0x000000008bb00000| Untracked 
| 188|0x000000008bc00000, 0x000000008bc00000, 0x000000008bd00000|  0%| F|  |TAMS 0x000000008bc00000, 0x000000008bc00000| Untracked 
| 189|0x000000008bd00000, 0x000000008bd00000, 0x000000008be00000|  0%| F|  |TAMS 0x000000008bd00000, 0x000000008bd00000| Untracked 
| 190|0x000000008be00000, 0x000000008be00000, 0x000000008bf00000|  0%| F|  |TAMS 0x000000008be00000, 0x000000008be00000| Untracked 
| 191|0x000000008bf00000, 0x000000008bf00000, 0x000000008c000000|  0%| F|  |TAMS 0x000000008bf00000, 0x000000008bf00000| Untracked 
| 192|0x000000008c000000, 0x000000008c000000, 0x000000008c100000|  0%| F|  |TAMS 0x000000008c000000, 0x000000008c000000| Untracked 
| 193|0x000000008c100000, 0x000000008c100000, 0x000000008c200000|  0%| F|  |TAMS 0x000000008c100000, 0x000000008c100000| Untracked 
| 194|0x000000008c200000, 0x000000008c200000, 0x000000008c300000|  0%| F|  |TAMS 0x000000008c200000, 0x000000008c200000| Untracked 
| 195|0x000000008c300000, 0x000000008c300000, 0x000000008c400000|  0%| F|  |TAMS 0x000000008c300000, 0x000000008c300000| Untracked 
| 196|0x000000008c400000, 0x000000008c400000, 0x000000008c500000|  0%| F|  |TAMS 0x000000008c400000, 0x000000008c400000| Untracked 
| 197|0x000000008c500000, 0x000000008c500000, 0x000000008c600000|  0%| F|  |TAMS 0x000000008c500000, 0x000000008c500000| Untracked 
| 198|0x000000008c600000, 0x000000008c600000, 0x000000008c700000|  0%| F|  |TAMS 0x000000008c600000, 0x000000008c600000| Untracked 
| 199|0x000000008c700000, 0x000000008c700000, 0x000000008c800000|  0%| F|  |TAMS 0x000000008c700000, 0x000000008c700000| Untracked 
| 200|0x000000008c800000, 0x000000008c800000, 0x000000008c900000|  0%| F|  |TAMS 0x000000008c800000, 0x000000008c800000| Untracked 
| 201|0x000000008c900000, 0x000000008c900000, 0x000000008ca00000|  0%| F|  |TAMS 0x000000008c900000, 0x000000008c900000| Untracked 
| 202|0x000000008ca00000, 0x000000008ca00000, 0x000000008cb00000|  0%| F|  |TAMS 0x000000008ca00000, 0x000000008ca00000| Untracked 
| 203|0x000000008cb00000, 0x000000008cb00000, 0x000000008cc00000|  0%| F|  |TAMS 0x000000008cb00000, 0x000000008cb00000| Untracked 
| 204|0x000000008cc00000, 0x000000008cc00000, 0x000000008cd00000|  0%| F|  |TAMS 0x000000008cc00000, 0x000000008cc00000| Untracked 
| 205|0x000000008cd00000, 0x000000008cd00000, 0x000000008ce00000|  0%| F|  |TAMS 0x000000008cd00000, 0x000000008cd00000| Untracked 
| 206|0x000000008ce00000, 0x000000008ce00000, 0x000000008cf00000|  0%| F|  |TAMS 0x000000008ce00000, 0x000000008ce00000| Untracked 
| 207|0x000000008cf00000, 0x000000008cf00000, 0x000000008d000000|  0%| F|  |TAMS 0x000000008cf00000, 0x000000008cf00000| Untracked 
| 208|0x000000008d000000, 0x000000008d000000, 0x000000008d100000|  0%| F|  |TAMS 0x000000008d000000, 0x000000008d000000| Untracked 
| 209|0x000000008d100000, 0x000000008d100000, 0x000000008d200000|  0%| F|  |TAMS 0x000000008d100000, 0x000000008d100000| Untracked 
| 210|0x000000008d200000, 0x000000008d200000, 0x000000008d300000|  0%| F|  |TAMS 0x000000008d200000, 0x000000008d200000| Untracked 
| 211|0x000000008d300000, 0x000000008d300000, 0x000000008d400000|  0%| F|  |TAMS 0x000000008d300000, 0x000000008d300000| Untracked 
| 212|0x000000008d400000, 0x000000008d400000, 0x000000008d500000|  0%| F|  |TAMS 0x000000008d400000, 0x000000008d400000| Untracked 
| 213|0x000000008d500000, 0x000000008d500000, 0x000000008d600000|  0%| F|  |TAMS 0x000000008d500000, 0x000000008d500000| Untracked 
| 214|0x000000008d600000, 0x000000008d600000, 0x000000008d700000|  0%| F|  |TAMS 0x000000008d600000, 0x000000008d600000| Untracked 
| 215|0x000000008d700000, 0x000000008d700000, 0x000000008d800000|  0%| F|  |TAMS 0x000000008d700000, 0x000000008d700000| Untracked 
| 216|0x000000008d800000, 0x000000008d800000, 0x000000008d900000|  0%| F|  |TAMS 0x000000008d800000, 0x000000008d800000| Untracked 
| 217|0x000000008d900000, 0x000000008d900000, 0x000000008da00000|  0%| F|  |TAMS 0x000000008d900000, 0x000000008d900000| Untracked 
| 218|0x000000008da00000, 0x000000008da00000, 0x000000008db00000|  0%| F|  |TAMS 0x000000008da00000, 0x000000008da00000| Untracked 
| 219|0x000000008db00000, 0x000000008db00000, 0x000000008dc00000|  0%| F|  |TAMS 0x000000008db00000, 0x000000008db00000| Untracked 
| 220|0x000000008dc00000, 0x000000008dc00000, 0x000000008dd00000|  0%| F|  |TAMS 0x000000008dc00000, 0x000000008dc00000| Untracked 
| 221|0x000000008dd00000, 0x000000008dd00000, 0x000000008de00000|  0%| F|  |TAMS 0x000000008dd00000, 0x000000008dd00000| Untracked 
| 222|0x000000008de00000, 0x000000008de00000, 0x000000008df00000|  0%| F|  |TAMS 0x000000008de00000, 0x000000008de00000| Untracked 
| 223|0x000000008df00000, 0x000000008df00000, 0x000000008e000000|  0%| F|  |TAMS 0x000000008df00000, 0x000000008df00000| Untracked 
| 224|0x000000008e000000, 0x000000008e000000, 0x000000008e100000|  0%| F|  |TAMS 0x000000008e000000, 0x000000008e000000| Untracked 
| 225|0x000000008e100000, 0x000000008e100000, 0x000000008e200000|  0%| F|  |TAMS 0x000000008e100000, 0x000000008e100000| Untracked 
| 226|0x000000008e200000, 0x000000008e200000, 0x000000008e300000|  0%| F|  |TAMS 0x000000008e200000, 0x000000008e200000| Untracked 
| 227|0x000000008e300000, 0x000000008e300000, 0x000000008e400000|  0%| F|  |TAMS 0x000000008e300000, 0x000000008e300000| Untracked 
| 228|0x000000008e400000, 0x000000008e400000, 0x000000008e500000|  0%| F|  |TAMS 0x000000008e400000, 0x000000008e400000| Untracked 
| 229|0x000000008e500000, 0x000000008e500000, 0x000000008e600000|  0%| F|  |TAMS 0x000000008e500000, 0x000000008e500000| Untracked 
| 230|0x000000008e600000, 0x000000008e600000, 0x000000008e700000|  0%| F|  |TAMS 0x000000008e600000, 0x000000008e600000| Untracked 
| 231|0x000000008e700000, 0x000000008e700000, 0x000000008e800000|  0%| F|  |TAMS 0x000000008e700000, 0x000000008e700000| Untracked 
| 232|0x000000008e800000, 0x000000008e800000, 0x000000008e900000|  0%| F|  |TAMS 0x000000008e800000, 0x000000008e800000| Untracked 
| 233|0x000000008e900000, 0x000000008e900000, 0x000000008ea00000|  0%| F|  |TAMS 0x000000008e900000, 0x000000008e900000| Untracked 
| 234|0x000000008ea00000, 0x000000008ea00000, 0x000000008eb00000|  0%| F|  |TAMS 0x000000008ea00000, 0x000000008ea00000| Untracked 
| 235|0x000000008eb00000, 0x000000008eb00000, 0x000000008ec00000|  0%| F|  |TAMS 0x000000008eb00000, 0x000000008eb00000| Untracked 
| 236|0x000000008ec00000, 0x000000008ec00000, 0x000000008ed00000|  0%| F|  |TAMS 0x000000008ec00000, 0x000000008ec00000| Untracked 
| 237|0x000000008ed00000, 0x000000008ed00000, 0x000000008ee00000|  0%| F|  |TAMS 0x000000008ed00000, 0x000000008ed00000| Untracked 
| 238|0x000000008ee00000, 0x000000008ee00000, 0x000000008ef00000|  0%| F|  |TAMS 0x000000008ee00000, 0x000000008ee00000| Untracked 
| 239|0x000000008ef00000, 0x000000008ef00000, 0x000000008f000000|  0%| F|  |TAMS 0x000000008ef00000, 0x000000008ef00000| Untracked 
| 240|0x000000008f000000, 0x000000008f000000, 0x000000008f100000|  0%| F|  |TAMS 0x000000008f000000, 0x000000008f000000| Untracked 
| 241|0x000000008f100000, 0x000000008f100000, 0x000000008f200000|  0%| F|  |TAMS 0x000000008f100000, 0x000000008f100000| Untracked 
| 242|0x000000008f200000, 0x000000008f200000, 0x000000008f300000|  0%| F|  |TAMS 0x000000008f200000, 0x000000008f200000| Untracked 
| 243|0x000000008f300000, 0x000000008f300000, 0x000000008f400000|  0%| F|  |TAMS 0x000000008f300000, 0x000000008f300000| Untracked 
| 244|0x000000008f400000, 0x000000008f400000, 0x000000008f500000|  0%| F|  |TAMS 0x000000008f400000, 0x000000008f400000| Untracked 
| 245|0x000000008f500000, 0x000000008f500000, 0x000000008f600000|  0%| F|  |TAMS 0x000000008f500000, 0x000000008f500000| Untracked 
| 246|0x000000008f600000, 0x000000008f600000, 0x000000008f700000|  0%| F|  |TAMS 0x000000008f600000, 0x000000008f600000| Untracked 
| 247|0x000000008f700000, 0x000000008f700000, 0x000000008f800000|  0%| F|  |TAMS 0x000000008f700000, 0x000000008f700000| Untracked 
| 248|0x000000008f800000, 0x000000008f800000, 0x000000008f900000|  0%| F|  |TAMS 0x000000008f800000, 0x000000008f800000| Untracked 
| 249|0x000000008f900000, 0x000000008f900000, 0x000000008fa00000|  0%| F|  |TAMS 0x000000008f900000, 0x000000008f900000| Untracked 
| 250|0x000000008fa00000, 0x000000008fa00000, 0x000000008fb00000|  0%| F|  |TAMS 0x000000008fa00000, 0x000000008fa00000| Untracked 
| 251|0x000000008fb00000, 0x000000008fb00000, 0x000000008fc00000|  0%| F|  |TAMS 0x000000008fb00000, 0x000000008fb00000| Untracked 
| 252|0x000000008fc00000, 0x000000008fc00000, 0x000000008fd00000|  0%| F|  |TAMS 0x000000008fc00000, 0x000000008fc00000| Untracked 
| 253|0x000000008fd00000, 0x000000008fd00000, 0x000000008fe00000|  0%| F|  |TAMS 0x000000008fd00000, 0x000000008fd00000| Untracked 
| 254|0x000000008fe00000, 0x000000008fe00000, 0x000000008ff00000|  0%| F|  |TAMS 0x000000008fe00000, 0x000000008fe00000| Untracked 
| 255|0x000000008ff00000, 0x000000008ff00000, 0x0000000090000000|  0%| F|  |TAMS 0x000000008ff00000, 0x000000008ff00000| Untracked 
| 256|0x0000000090000000, 0x0000000090000000, 0x0000000090100000|  0%| F|  |TAMS 0x0000000090000000, 0x0000000090000000| Untracked 
| 257|0x0000000090100000, 0x0000000090100000, 0x0000000090200000|  0%| F|  |TAMS 0x0000000090100000, 0x0000000090100000| Untracked 
| 258|0x0000000090200000, 0x0000000090200000, 0x0000000090300000|  0%| F|  |TAMS 0x0000000090200000, 0x0000000090200000| Untracked 
| 259|0x0000000090300000, 0x0000000090300000, 0x0000000090400000|  0%| F|  |TAMS 0x0000000090300000, 0x0000000090300000| Untracked 
| 260|0x0000000090400000, 0x0000000090400000, 0x0000000090500000|  0%| F|  |TAMS 0x0000000090400000, 0x0000000090400000| Untracked 
| 261|0x0000000090500000, 0x0000000090500000, 0x0000000090600000|  0%| F|  |TAMS 0x0000000090500000, 0x0000000090500000| Untracked 
| 262|0x0000000090600000, 0x0000000090600000, 0x0000000090700000|  0%| F|  |TAMS 0x0000000090600000, 0x0000000090600000| Untracked 
| 263|0x0000000090700000, 0x0000000090700000, 0x0000000090800000|  0%| F|  |TAMS 0x0000000090700000, 0x0000000090700000| Untracked 
| 264|0x0000000090800000, 0x0000000090800000, 0x0000000090900000|  0%| F|  |TAMS 0x0000000090800000, 0x0000000090800000| Untracked 
| 265|0x0000000090900000, 0x0000000090900000, 0x0000000090a00000|  0%| F|  |TAMS 0x0000000090900000, 0x0000000090900000| Untracked 
| 266|0x0000000090a00000, 0x0000000090a00000, 0x0000000090b00000|  0%| F|  |TAMS 0x0000000090a00000, 0x0000000090a00000| Untracked 
| 267|0x0000000090b00000, 0x0000000090b00000, 0x0000000090c00000|  0%| F|  |TAMS 0x0000000090b00000, 0x0000000090b00000| Untracked 
| 268|0x0000000090c00000, 0x0000000090c00000, 0x0000000090d00000|  0%| F|  |TAMS 0x0000000090c00000, 0x0000000090c00000| Untracked 
| 269|0x0000000090d00000, 0x0000000090d00000, 0x0000000090e00000|  0%| F|  |TAMS 0x0000000090d00000, 0x0000000090d00000| Untracked 
| 270|0x0000000090e00000, 0x0000000090e00000, 0x0000000090f00000|  0%| F|  |TAMS 0x0000000090e00000, 0x0000000090e00000| Untracked 
| 271|0x0000000090f00000, 0x0000000090f00000, 0x0000000091000000|  0%| F|  |TAMS 0x0000000090f00000, 0x0000000090f00000| Untracked 
| 272|0x0000000091000000, 0x0000000091000000, 0x0000000091100000|  0%| F|  |TAMS 0x0000000091000000, 0x0000000091000000| Untracked 
| 273|0x0000000091100000, 0x0000000091100000, 0x0000000091200000|  0%| F|  |TAMS 0x0000000091100000, 0x0000000091100000| Untracked 
| 274|0x0000000091200000, 0x0000000091200000, 0x0000000091300000|  0%| F|  |TAMS 0x0000000091200000, 0x0000000091200000| Untracked 
| 275|0x0000000091300000, 0x0000000091300000, 0x0000000091400000|  0%| F|  |TAMS 0x0000000091300000, 0x0000000091300000| Untracked 
| 276|0x0000000091400000, 0x0000000091400000, 0x0000000091500000|  0%| F|  |TAMS 0x0000000091400000, 0x0000000091400000| Untracked 
| 277|0x0000000091500000, 0x0000000091500000, 0x0000000091600000|  0%| F|  |TAMS 0x0000000091500000, 0x0000000091500000| Untracked 
| 278|0x0000000091600000, 0x0000000091600000, 0x0000000091700000|  0%| F|  |TAMS 0x0000000091600000, 0x0000000091600000| Untracked 
| 279|0x0000000091700000, 0x0000000091700000, 0x0000000091800000|  0%| F|  |TAMS 0x0000000091700000, 0x0000000091700000| Untracked 
| 280|0x0000000091800000, 0x0000000091800000, 0x0000000091900000|  0%| F|  |TAMS 0x0000000091800000, 0x0000000091800000| Untracked 
| 281|0x0000000091900000, 0x0000000091900000, 0x0000000091a00000|  0%| F|  |TAMS 0x0000000091900000, 0x0000000091900000| Untracked 
| 282|0x0000000091a00000, 0x0000000091a00000, 0x0000000091b00000|  0%| F|  |TAMS 0x0000000091a00000, 0x0000000091a00000| Untracked 
| 283|0x0000000091b00000, 0x0000000091b00000, 0x0000000091c00000|  0%| F|  |TAMS 0x0000000091b00000, 0x0000000091b00000| Untracked 
| 284|0x0000000091c00000, 0x0000000091c00000, 0x0000000091d00000|  0%| F|  |TAMS 0x0000000091c00000, 0x0000000091c00000| Untracked 
| 285|0x0000000091d00000, 0x0000000091d00000, 0x0000000091e00000|  0%| F|  |TAMS 0x0000000091d00000, 0x0000000091d00000| Untracked 
| 286|0x0000000091e00000, 0x0000000091e00000, 0x0000000091f00000|  0%| F|  |TAMS 0x0000000091e00000, 0x0000000091e00000| Untracked 
| 287|0x0000000091f00000, 0x0000000091f00000, 0x0000000092000000|  0%| F|  |TAMS 0x0000000091f00000, 0x0000000091f00000| Untracked 
| 288|0x0000000092000000, 0x0000000092000000, 0x0000000092100000|  0%| F|  |TAMS 0x0000000092000000, 0x0000000092000000| Untracked 
| 289|0x0000000092100000, 0x0000000092100000, 0x0000000092200000|  0%| F|  |TAMS 0x0000000092100000, 0x0000000092100000| Untracked 
| 290|0x0000000092200000, 0x0000000092200000, 0x0000000092300000|  0%| F|  |TAMS 0x0000000092200000, 0x0000000092200000| Untracked 
| 291|0x0000000092300000, 0x0000000092300000, 0x0000000092400000|  0%| F|  |TAMS 0x0000000092300000, 0x0000000092300000| Untracked 
| 292|0x0000000092400000, 0x0000000092400000, 0x0000000092500000|  0%| F|  |TAMS 0x0000000092400000, 0x0000000092400000| Untracked 
| 293|0x0000000092500000, 0x0000000092500000, 0x0000000092600000|  0%| F|  |TAMS 0x0000000092500000, 0x0000000092500000| Untracked 
| 294|0x0000000092600000, 0x0000000092600000, 0x0000000092700000|  0%| F|  |TAMS 0x0000000092600000, 0x0000000092600000| Untracked 
| 295|0x0000000092700000, 0x0000000092700000, 0x0000000092800000|  0%| F|  |TAMS 0x0000000092700000, 0x0000000092700000| Untracked 
| 296|0x0000000092800000, 0x0000000092800000, 0x0000000092900000|  0%| F|  |TAMS 0x0000000092800000, 0x0000000092800000| Untracked 
| 297|0x0000000092900000, 0x0000000092900000, 0x0000000092a00000|  0%| F|  |TAMS 0x0000000092900000, 0x0000000092900000| Untracked 
| 298|0x0000000092a00000, 0x0000000092a00000, 0x0000000092b00000|  0%| F|  |TAMS 0x0000000092a00000, 0x0000000092a00000| Untracked 
| 299|0x0000000092b00000, 0x0000000092b00000, 0x0000000092c00000|  0%| F|  |TAMS 0x0000000092b00000, 0x0000000092b00000| Untracked 
| 300|0x0000000092c00000, 0x0000000092c00000, 0x0000000092d00000|  0%| F|  |TAMS 0x0000000092c00000, 0x0000000092c00000| Untracked 
| 301|0x0000000092d00000, 0x0000000092d00000, 0x0000000092e00000|  0%| F|  |TAMS 0x0000000092d00000, 0x0000000092d00000| Untracked 
| 302|0x0000000092e00000, 0x0000000092e00000, 0x0000000092f00000|  0%| F|  |TAMS 0x0000000092e00000, 0x0000000092e00000| Untracked 
| 303|0x0000000092f00000, 0x0000000092f00000, 0x0000000093000000|  0%| F|  |TAMS 0x0000000092f00000, 0x0000000092f00000| Untracked 
| 304|0x0000000093000000, 0x0000000093000000, 0x0000000093100000|  0%| F|  |TAMS 0x0000000093000000, 0x0000000093000000| Untracked 
| 305|0x0000000093100000, 0x0000000093100000, 0x0000000093200000|  0%| F|  |TAMS 0x0000000093100000, 0x0000000093100000| Untracked 
| 306|0x0000000093200000, 0x0000000093200000, 0x0000000093300000|  0%| F|  |TAMS 0x0000000093200000, 0x0000000093200000| Untracked 
| 307|0x0000000093300000, 0x0000000093300000, 0x0000000093400000|  0%| F|  |TAMS 0x0000000093300000, 0x0000000093300000| Untracked 
| 308|0x0000000093400000, 0x0000000093400000, 0x0000000093500000|  0%| F|  |TAMS 0x0000000093400000, 0x0000000093400000| Untracked 
| 309|0x0000000093500000, 0x0000000093500000, 0x0000000093600000|  0%| F|  |TAMS 0x0000000093500000, 0x0000000093500000| Untracked 
| 310|0x0000000093600000, 0x0000000093600000, 0x0000000093700000|  0%| F|  |TAMS 0x0000000093600000, 0x0000000093600000| Untracked 
| 311|0x0000000093700000, 0x0000000093700000, 0x0000000093800000|  0%| F|  |TAMS 0x0000000093700000, 0x0000000093700000| Untracked 
| 312|0x0000000093800000, 0x0000000093800000, 0x0000000093900000|  0%| F|  |TAMS 0x0000000093800000, 0x0000000093800000| Untracked 
| 313|0x0000000093900000, 0x0000000093900000, 0x0000000093a00000|  0%| F|  |TAMS 0x0000000093900000, 0x0000000093900000| Untracked 
| 314|0x0000000093a00000, 0x0000000093a00000, 0x0000000093b00000|  0%| F|  |TAMS 0x0000000093a00000, 0x0000000093a00000| Untracked 
| 315|0x0000000093b00000, 0x0000000093b00000, 0x0000000093c00000|  0%| F|  |TAMS 0x0000000093b00000, 0x0000000093b00000| Untracked 
| 316|0x0000000093c00000, 0x0000000093c00000, 0x0000000093d00000|  0%| F|  |TAMS 0x0000000093c00000, 0x0000000093c00000| Untracked 
| 317|0x0000000093d00000, 0x0000000093d00000, 0x0000000093e00000|  0%| F|  |TAMS 0x0000000093d00000, 0x0000000093d00000| Untracked 
| 318|0x0000000093e00000, 0x0000000093e00000, 0x0000000093f00000|  0%| F|  |TAMS 0x0000000093e00000, 0x0000000093e00000| Untracked 
| 319|0x0000000093f00000, 0x0000000093f00000, 0x0000000094000000|  0%| F|  |TAMS 0x0000000093f00000, 0x0000000093f00000| Untracked 
| 320|0x0000000094000000, 0x0000000094000000, 0x0000000094100000|  0%| F|  |TAMS 0x0000000094000000, 0x0000000094000000| Untracked 
| 321|0x0000000094100000, 0x0000000094100000, 0x0000000094200000|  0%| F|  |TAMS 0x0000000094100000, 0x0000000094100000| Untracked 
| 322|0x0000000094200000, 0x0000000094200000, 0x0000000094300000|  0%| F|  |TAMS 0x0000000094200000, 0x0000000094200000| Untracked 
| 323|0x0000000094300000, 0x0000000094300000, 0x0000000094400000|  0%| F|  |TAMS 0x0000000094300000, 0x0000000094300000| Untracked 
| 324|0x0000000094400000, 0x0000000094400000, 0x0000000094500000|  0%| F|  |TAMS 0x0000000094400000, 0x0000000094400000| Untracked 
| 325|0x0000000094500000, 0x0000000094500000, 0x0000000094600000|  0%| F|  |TAMS 0x0000000094500000, 0x0000000094500000| Untracked 
| 326|0x0000000094600000, 0x0000000094600000, 0x0000000094700000|  0%| F|  |TAMS 0x0000000094600000, 0x0000000094600000| Untracked 
| 327|0x0000000094700000, 0x0000000094700000, 0x0000000094800000|  0%| F|  |TAMS 0x0000000094700000, 0x0000000094700000| Untracked 
| 328|0x0000000094800000, 0x0000000094800000, 0x0000000094900000|  0%| F|  |TAMS 0x0000000094800000, 0x0000000094800000| Untracked 
| 329|0x0000000094900000, 0x0000000094900000, 0x0000000094a00000|  0%| F|  |TAMS 0x0000000094900000, 0x0000000094900000| Untracked 
| 330|0x0000000094a00000, 0x0000000094a00000, 0x0000000094b00000|  0%| F|  |TAMS 0x0000000094a00000, 0x0000000094a00000| Untracked 
| 331|0x0000000094b00000, 0x0000000094b00000, 0x0000000094c00000|  0%| F|  |TAMS 0x0000000094b00000, 0x0000000094b00000| Untracked 
| 332|0x0000000094c00000, 0x0000000094c00000, 0x0000000094d00000|  0%| F|  |TAMS 0x0000000094c00000, 0x0000000094c00000| Untracked 
| 333|0x0000000094d00000, 0x0000000094d00000, 0x0000000094e00000|  0%| F|  |TAMS 0x0000000094d00000, 0x0000000094d00000| Untracked 
| 334|0x0000000094e00000, 0x0000000094e00000, 0x0000000094f00000|  0%| F|  |TAMS 0x0000000094e00000, 0x0000000094e00000| Untracked 
| 335|0x0000000094f00000, 0x0000000094f00000, 0x0000000095000000|  0%| F|  |TAMS 0x0000000094f00000, 0x0000000094f00000| Untracked 
| 336|0x0000000095000000, 0x0000000095000000, 0x0000000095100000|  0%| F|  |TAMS 0x0000000095000000, 0x0000000095000000| Untracked 
| 337|0x0000000095100000, 0x0000000095100000, 0x0000000095200000|  0%| F|  |TAMS 0x0000000095100000, 0x0000000095100000| Untracked 
| 338|0x0000000095200000, 0x0000000095200000, 0x0000000095300000|  0%| F|  |TAMS 0x0000000095200000, 0x0000000095200000| Untracked 
| 339|0x0000000095300000, 0x0000000095300000, 0x0000000095400000|  0%| F|  |TAMS 0x0000000095300000, 0x0000000095300000| Untracked 
| 340|0x0000000095400000, 0x0000000095400000, 0x0000000095500000|  0%| F|  |TAMS 0x0000000095400000, 0x0000000095400000| Untracked 
| 341|0x0000000095500000, 0x0000000095500000, 0x0000000095600000|  0%| F|  |TAMS 0x0000000095500000, 0x0000000095500000| Untracked 
| 342|0x0000000095600000, 0x0000000095600000, 0x0000000095700000|  0%| F|  |TAMS 0x0000000095600000, 0x0000000095600000| Untracked 
| 343|0x0000000095700000, 0x0000000095700000, 0x0000000095800000|  0%| F|  |TAMS 0x0000000095700000, 0x0000000095700000| Untracked 
| 344|0x0000000095800000, 0x0000000095800000, 0x0000000095900000|  0%| F|  |TAMS 0x0000000095800000, 0x0000000095800000| Untracked 
| 345|0x0000000095900000, 0x0000000095900000, 0x0000000095a00000|  0%| F|  |TAMS 0x0000000095900000, 0x0000000095900000| Untracked 
| 346|0x0000000095a00000, 0x0000000095a00000, 0x0000000095b00000|  0%| F|  |TAMS 0x0000000095a00000, 0x0000000095a00000| Untracked 
| 347|0x0000000095b00000, 0x0000000095b00000, 0x0000000095c00000|  0%| F|  |TAMS 0x0000000095b00000, 0x0000000095b00000| Untracked 
| 348|0x0000000095c00000, 0x0000000095c00000, 0x0000000095d00000|  0%| F|  |TAMS 0x0000000095c00000, 0x0000000095c00000| Untracked 
| 349|0x0000000095d00000, 0x0000000095d00000, 0x0000000095e00000|  0%| F|  |TAMS 0x0000000095d00000, 0x0000000095d00000| Untracked 
| 350|0x0000000095e00000, 0x0000000095f00000, 0x0000000095f00000|100%| S|CS|TAMS 0x0000000095e00000, 0x0000000095e00000| Complete 
| 351|0x0000000095f00000, 0x0000000096000000, 0x0000000096000000|100%| S|CS|TAMS 0x0000000095f00000, 0x0000000095f00000| Complete 
| 352|0x0000000096000000, 0x0000000096100000, 0x0000000096100000|100%| S|CS|TAMS 0x0000000096000000, 0x0000000096000000| Complete 
| 353|0x0000000096100000, 0x0000000096100000, 0x0000000096200000|  0%| F|  |TAMS 0x0000000096100000, 0x0000000096100000| Untracked 
| 354|0x0000000096200000, 0x0000000096200000, 0x0000000096300000|  0%| F|  |TAMS 0x0000000096200000, 0x0000000096200000| Untracked 
| 355|0x0000000096300000, 0x0000000096300000, 0x0000000096400000|  0%| F|  |TAMS 0x0000000096300000, 0x0000000096300000| Untracked 
| 356|0x0000000096400000, 0x0000000096400000, 0x0000000096500000|  0%| F|  |TAMS 0x0000000096400000, 0x0000000096400000| Untracked 
| 357|0x0000000096500000, 0x0000000096500000, 0x0000000096600000|  0%| F|  |TAMS 0x0000000096500000, 0x0000000096500000| Untracked 
| 358|0x0000000096600000, 0x0000000096600000, 0x0000000096700000|  0%| F|  |TAMS 0x0000000096600000, 0x0000000096600000| Untracked 
| 359|0x0000000096700000, 0x0000000096700000, 0x0000000096800000|  0%| F|  |TAMS 0x0000000096700000, 0x0000000096700000| Untracked 
| 360|0x0000000096800000, 0x0000000096800000, 0x0000000096900000|  0%| F|  |TAMS 0x0000000096800000, 0x0000000096800000| Untracked 
| 361|0x0000000096900000, 0x0000000096900000, 0x0000000096a00000|  0%| F|  |TAMS 0x0000000096900000, 0x0000000096900000| Untracked 
| 362|0x0000000096a00000, 0x0000000096a00000, 0x0000000096b00000|  0%| F|  |TAMS 0x0000000096a00000, 0x0000000096a00000| Untracked 
| 363|0x0000000096b00000, 0x0000000096b00000, 0x0000000096c00000|  0%| F|  |TAMS 0x0000000096b00000, 0x0000000096b00000| Untracked 
| 364|0x0000000096c00000, 0x0000000096c00000, 0x0000000096d00000|  0%| F|  |TAMS 0x0000000096c00000, 0x0000000096c00000| Untracked 
| 365|0x0000000096d00000, 0x0000000096d00000, 0x0000000096e00000|  0%| F|  |TAMS 0x0000000096d00000, 0x0000000096d00000| Untracked 
| 366|0x0000000096e00000, 0x0000000096e00000, 0x0000000096f00000|  0%| F|  |TAMS 0x0000000096e00000, 0x0000000096e00000| Untracked 
| 367|0x0000000096f00000, 0x0000000096f00000, 0x0000000097000000|  0%| F|  |TAMS 0x0000000096f00000, 0x0000000096f00000| Untracked 
| 368|0x0000000097000000, 0x0000000097000000, 0x0000000097100000|  0%| F|  |TAMS 0x0000000097000000, 0x0000000097000000| Untracked 
| 369|0x0000000097100000, 0x0000000097100000, 0x0000000097200000|  0%| F|  |TAMS 0x0000000097100000, 0x0000000097100000| Untracked 
| 370|0x0000000097200000, 0x0000000097200000, 0x0000000097300000|  0%| F|  |TAMS 0x0000000097200000, 0x0000000097200000| Untracked 

Card table byte_map: [0x0000024415190000,0x0000024415590000] _byte_map_base: 0x0000024414d90000

Marking Bits (Prev, Next): (CMBitMap*) 0x0000024402457a70, (CMBitMap*) 0x0000024402457a38
 Prev Bits: [0x0000024417990000, 0x0000024419990000)
 Next Bits: [0x0000024415990000, 0x0000024417990000)

Polling page: 0x0000024401bf0000

Metaspace:

Usage:
  Non-class:     96.90 MB capacity,    95.12 MB ( 98%) used,     1.49 MB (  2%) free+waste,   291.44 KB ( <1%) overhead. 
      Class:     13.84 MB capacity,    13.01 MB ( 94%) used,   728.49 KB (  5%) free+waste,   124.63 KB ( <1%) overhead. 
       Both:    110.74 MB capacity,   108.13 MB ( 98%) used,     2.21 MB (  2%) free+waste,   416.06 KB ( <1%) overhead. 

Virtual space:
  Non-class space:       98.00 MB reserved,      97.00 MB ( 99%) committed 
      Class space:        1.00 GB reserved,      13.88 MB (  1%) committed 
             Both:        1.10 GB reserved,     110.88 MB ( 10%) committed 

Chunk freelists:
   Non-Class:  38.00 KB
       Class:  3.00 KB
        Both:  41.00 KB

MaxMetaspaceSize: 17179869184.00 GB
CompressedClassSpaceSize: 1.00 GB

CodeHeap 'non-profiled nmethods': size=120064Kb used=13903Kb max_used=14457Kb free=106160Kb
 bounds [0x000002440d850000, 0x000002440e670000, 0x0000024414d90000]
CodeHeap 'profiled nmethods': size=120000Kb used=41332Kb max_used=43685Kb free=78667Kb
 bounds [0x0000024406320000, 0x0000024408de0000, 0x000002440d850000]
CodeHeap 'non-nmethods': size=5696Kb used=2319Kb max_used=2363Kb free=3376Kb
 bounds [0x0000024405d90000, 0x0000024406000000, 0x0000024406320000]
 total_blobs=19974 nmethods=19022 adapters=863
 compilation: enabled
              stopped_count=0, restarted_count=0
 full_count=0

Compilation events (20 events):
Event: 6569.763 Thread 0x000002441bb74800 21729       3       com.android.tools.r8.graph.AccessFlags::unset (13 bytes)
Event: 6569.763 Thread 0x000002441bb74800 nmethod 21729 0x000002440640db10 code [0x000002440640dcc0, 0x000002440640ddd8]
Event: 6569.795 Thread 0x000002441bb74800 21732 %     3       com.android.tools.r8.dex.DexParser::parseFieldAnnotations @ 69 (132 bytes)
Event: 6569.798 Thread 0x000002441bb74800 nmethod 21732% 0x0000024406480610 code [0x0000024406480960, 0x0000024406482318]
Event: 6569.799 Thread 0x000002441bb74800 21733       3       com.android.tools.r8.dex.DexParser::parseFieldAnnotations (132 bytes)
Event: 6569.803 Thread 0x000002441bb74800 nmethod 21733 0x0000024406507110 code [0x0000024406507440, 0x0000024406508cd8]
Event: 6569.832 Thread 0x000002441bb74800 21735       2       com.android.tools.r8.graph.MethodAccessFlags::setSynchronized (7 bytes)
Event: 6569.833 Thread 0x000002441bb74800 nmethod 21735 0x0000024406425910 code [0x0000024406425ac0, 0x0000024406425bb8]
Event: 6569.833 Thread 0x000002441bb74800 21736       2       com.android.tools.r8.graph.MethodAccessFlags::unsetDeclaredSynchronized (7 bytes)
Event: 6569.833 Thread 0x000002441bb74800 nmethod 21736 0x000002440642fc90 code [0x000002440642fe40, 0x000002440642ff38]
Event: 6569.875 Thread 0x000002441bb74800 21737       2       java.lang.Double::doubleToLongBits (16 bytes)
Event: 6569.875 Thread 0x000002441bb74800 nmethod 21737 0x000002440642f790 code [0x000002440642f940, 0x000002440642fa78]
Event: 6569.875 Thread 0x000002441bb74800 21738       2       java.lang.Double::isNaN (12 bytes)
Event: 6569.875 Thread 0x000002441bb74800 nmethod 21738 0x000002440645a190 code [0x000002440645a340, 0x000002440645a458]
Event: 6570.927 Thread 0x000002441bb74800 21742       2       com.android.tools.r8.graph.DexItem::collectIndexedItems (8 bytes)
Event: 6570.927 Thread 0x000002441bb74800 nmethod 21742 0x000002440645cc10 code [0x000002440645cdc0, 0x000002440645cee8]
Event: 6570.927 Thread 0x000002441bb74800 21743       2       com.android.tools.r8.graph.ParameterAnnotationsList::collectIndexedItems (9 bytes)
Event: 6570.928 Thread 0x000002441bb74800 nmethod 21743 0x000002440645c790 code [0x000002440645c940, 0x000002440645cb08]
Event: 6570.942 Thread 0x000002441bb74800 21745       2       com.android.tools.r8.graph.DexItem::lambda$collectAll$0 (6 bytes)
Event: 6570.942 Thread 0x000002441bb74800 nmethod 21745 0x000002440645c390 code [0x000002440645c540, 0x000002440645c668]

GC Heap History (20 events):
Event: 6546.322 GC heap after
{Heap after GC invocations=152 (full 0):
 garbage-first heap   total 379904K, used 101235K [0x0000000080000000, 0x0000000100000000)
  region size 1024K, 5 young (5120K), 5 survivors (5120K)
 Metaspace       used 109655K, capacity 112287K, committed 112512K, reserved 1146880K
  class space    used 13273K, capacity 14130K, committed 14208K, reserved 1048576K
}
Event: 6552.301 GC heap before
{Heap before GC invocations=153 (full 0):
 garbage-first heap   total 379904K, used 229235K [0x0000000080000000, 0x0000000100000000)
  region size 1024K, 107 young (109568K), 5 survivors (5120K)
 Metaspace       used 110014K, capacity 112684K, committed 112768K, reserved 1148928K
  class space    used 13275K, capacity 14131K, committed 14208K, reserved 1048576K
}
Event: 6552.584 GC heap after
{Heap after GC invocations=154 (full 0):
 garbage-first heap   total 379904K, used 136780K [0x0000000080000000, 0x0000000100000000)
  region size 1024K, 14 young (14336K), 14 survivors (14336K)
 Metaspace       used 110014K, capacity 112684K, committed 112768K, reserved 1148928K
  class space    used 13275K, capacity 14131K, committed 14208K, reserved 1048576K
}
Event: 6554.001 GC heap before
{Heap before GC invocations=154 (full 0):
 garbage-first heap   total 379904K, used 140876K [0x0000000080000000, 0x0000000100000000)
  region size 1024K, 18 young (18432K), 14 survivors (14336K)
 Metaspace       used 110080K, capacity 112685K, committed 112768K, reserved 1148928K
  class space    used 13275K, capacity 14131K, committed 14208K, reserved 1048576K
}
Event: 6554.097 GC heap after
{Heap after GC invocations=155 (full 0):
 garbage-first heap   total 379904K, used 136704K [0x0000000080000000, 0x0000000100000000)
  region size 1024K, 1 young (1024K), 1 survivors (1024K)
 Metaspace       used 110080K, capacity 112685K, committed 112768K, reserved 1148928K
  class space    used 13275K, capacity 14131K, committed 14208K, reserved 1048576K
}
Event: 6562.934 GC heap before
{Heap before GC invocations=155 (full 0):
 garbage-first heap   total 379904K, used 181760K [0x0000000080000000, 0x0000000100000000)
  region size 1024K, 45 young (46080K), 1 survivors (1024K)
 Metaspace       used 110154K, capacity 112750K, committed 113024K, reserved 1148928K
  class space    used 13275K, capacity 14131K, committed 14208K, reserved 1048576K
}
Event: 6563.008 GC heap after
{Heap after GC invocations=156 (full 0):
 garbage-first heap   total 379904K, used 138028K [0x0000000080000000, 0x0000000100000000)
  region size 1024K, 3 young (3072K), 3 survivors (3072K)
 Metaspace       used 110154K, capacity 112750K, committed 113024K, reserved 1148928K
  class space    used 13275K, capacity 14131K, committed 14208K, reserved 1048576K
}
Event: 6563.699 GC heap before
{Heap before GC invocations=156 (full 0):
 garbage-first heap   total 379904K, used 174892K [0x0000000080000000, 0x0000000100000000)
  region size 1024K, 43 young (44032K), 3 survivors (3072K)
 Metaspace       used 110172K, capacity 112750K, committed 113024K, reserved 1148928K
  class space    used 13275K, capacity 14131K, committed 14208K, reserved 1048576K
}
Event: 6563.758 GC heap after
{Heap after GC invocations=157 (full 0):
 garbage-first heap   total 379904K, used 140247K [0x0000000080000000, 0x0000000100000000)
  region size 1024K, 6 young (6144K), 6 survivors (6144K)
 Metaspace       used 110172K, capacity 112750K, committed 113024K, reserved 1148928K
  class space    used 13275K, capacity 14131K, committed 14208K, reserved 1048576K
}
Event: 6567.120 GC heap before
{Heap before GC invocations=158 (full 0):
 garbage-first heap   total 379904K, used 180183K [0x0000000080000000, 0x0000000100000000)
  region size 1024K, 46 young (47104K), 6 survivors (6144K)
 Metaspace       used 110720K, capacity 113335K, committed 113536K, reserved 1148928K
  class space    used 13319K, capacity 14173K, committed 14208K, reserved 1048576K
}
Event: 6567.203 GC heap after
{Heap after GC invocations=159 (full 0):
 garbage-first heap   total 379904K, used 138957K [0x0000000080000000, 0x0000000100000000)
  region size 1024K, 2 young (2048K), 2 survivors (2048K)
 Metaspace       used 110720K, capacity 113335K, committed 113536K, reserved 1148928K
  class space    used 13319K, capacity 14173K, committed 14208K, reserved 1048576K
}
Event: 6568.075 GC heap before
{Heap before GC invocations=159 (full 0):
 garbage-first heap   total 379904K, used 169677K [0x0000000080000000, 0x0000000100000000)
  region size 1024K, 18 young (18432K), 2 survivors (2048K)
 Metaspace       used 110723K, capacity 113399K, committed 113536K, reserved 1148928K
  class space    used 13319K, capacity 14173K, committed 14208K, reserved 1048576K
}
Event: 6568.194 GC heap after
{Heap after GC invocations=160 (full 0):
 garbage-first heap   total 379904K, used 138240K [0x0000000080000000, 0x0000000100000000)
  region size 1024K, 3 young (3072K), 3 survivors (3072K)
 Metaspace       used 110723K, capacity 113399K, committed 113536K, reserved 1148928K
  class space    used 13319K, capacity 14173K, committed 14208K, reserved 1048576K
}
Event: 6568.289 GC heap before
{Heap before GC invocations=160 (full 0):
 garbage-first heap   total 379904K, used 153600K [0x0000000080000000, 0x0000000100000000)
  region size 1024K, 18 young (18432K), 3 survivors (3072K)
 Metaspace       used 110723K, capacity 113399K, committed 113536K, reserved 1148928K
  class space    used 13319K, capacity 14173K, committed 14208K, reserved 1048576K
}
Event: 6568.418 GC heap after
{Heap after GC invocations=161 (full 0):
 garbage-first heap   total 379904K, used 144384K [0x0000000080000000, 0x0000000100000000)
  region size 1024K, 3 young (3072K), 3 survivors (3072K)
 Metaspace       used 110723K, capacity 113399K, committed 113536K, reserved 1148928K
  class space    used 13319K, capacity 14173K, committed 14208K, reserved 1048576K
}
Event: 6568.689 GC heap before
{Heap before GC invocations=161 (full 0):
 garbage-first heap   total 379904K, used 186368K [0x0000000080000000, 0x0000000100000000)
  region size 1024K, 45 young (46080K), 3 survivors (3072K)
 Metaspace       used 110723K, capacity 113399K, committed 113536K, reserved 1148928K
  class space    used 13319K, capacity 14173K, committed 14208K, reserved 1048576K
}
Event: 6568.903 GC heap after
{Heap after GC invocations=162 (full 0):
 garbage-first heap   total 379904K, used 169472K [0x0000000080000000, 0x0000000100000000)
  region size 1024K, 6 young (6144K), 6 survivors (6144K)
 Metaspace       used 110723K, capacity 113399K, committed 113536K, reserved 1148928K
  class space    used 13319K, capacity 14173K, committed 14208K, reserved 1048576K
}
Event: 6569.905 GC heap before
{Heap before GC invocations=163 (full 0):
 garbage-first heap   total 379904K, used 174592K [0x0000000080000000, 0x0000000100000000)
  region size 1024K, 18 young (18432K), 6 survivors (6144K)
 Metaspace       used 110723K, capacity 113399K, committed 113536K, reserved 1148928K
  class space    used 13319K, capacity 14173K, committed 14208K, reserved 1048576K
}
Event: 6570.111 GC heap after
{Heap after GC invocations=164 (full 0):
 garbage-first heap   total 379904K, used 171008K [0x0000000080000000, 0x0000000100000000)
  region size 1024K, 3 young (3072K), 3 survivors (3072K)
 Metaspace       used 110723K, capacity 113399K, committed 113536K, reserved 1148928K
  class space    used 13319K, capacity 14173K, committed 14208K, reserved 1048576K
}
Event: 6571.162 GC heap before
{Heap before GC invocations=164 (full 0):
 garbage-first heap   total 379904K, used 185344K [0x0000000080000000, 0x0000000100000000)
  region size 1024K, 18 young (18432K), 3 survivors (3072K)
 Metaspace       used 110723K, capacity 113399K, committed 113536K, reserved 1148928K
  class space    used 13319K, capacity 14173K, committed 14208K, reserved 1048576K
}

Deoptimization events (20 events):
Event: 6565.824 Thread 0x000002442383f800 DEOPT PACKING pc=0x0000024407f74563 sp=0x00000044b40fe450
Event: 6565.825 Thread 0x000002442383f800 DEOPT UNPACKING pc=0x0000024405db66bf sp=0x00000044b40fd990 mode 0
Event: 6567.225 Thread 0x000002442384b000 Uncommon trap: trap_request=0xffffffde fr.pc=0x000002440e55fa20 relative=0x0000000000000240
Event: 6567.225 Thread 0x000002442384b000 Uncommon trap: reason=class_check action=maybe_recompile pc=0x000002440e55fa20 method=com.google.common.collect.ImmutableMap.copyOf(Ljava/util/Map;)Lcom/google/common/collect/ImmutableMap; @ 49 c2
Event: 6567.225 Thread 0x000002442384b000 DEOPT PACKING pc=0x000002440e55fa20 sp=0x00000044b98fbf80
Event: 6567.225 Thread 0x000002442384b000 DEOPT UNPACKING pc=0x0000024405db68a9 sp=0x00000044b98fbf38 mode 2
Event: 6567.225 Thread 0x000002442384b000 Uncommon trap: trap_request=0xffffffde fr.pc=0x000002440e55b3a4 relative=0x0000000000000824
Event: 6567.225 Thread 0x000002442384b000 Uncommon trap: reason=class_check action=maybe_recompile pc=0x000002440e55b3a4 method=com.google.common.collect.Iterables.castOrCopyToCollection(Ljava/lang/Iterable;)Ljava/util/Collection; @ 1 c2
Event: 6567.226 Thread 0x000002442384b000 DEOPT PACKING pc=0x000002440e55b3a4 sp=0x00000044b98fbef0
Event: 6567.226 Thread 0x000002442384b000 DEOPT UNPACKING pc=0x0000024405db68a9 sp=0x00000044b98fbdf0 mode 2
Event: 6567.226 Thread 0x000002442384b000 Uncommon trap: trap_request=0xffffffde fr.pc=0x000002440e55fa20 relative=0x0000000000000240
Event: 6567.226 Thread 0x000002442384b000 Uncommon trap: reason=class_check action=maybe_recompile pc=0x000002440e55fa20 method=com.google.common.collect.ImmutableMap.copyOf(Ljava/util/Map;)Lcom/google/common/collect/ImmutableMap; @ 49 c2
Event: 6567.226 Thread 0x000002442384b000 DEOPT PACKING pc=0x000002440e55fa20 sp=0x00000044b98fbf80
Event: 6567.226 Thread 0x000002442384b000 DEOPT UNPACKING pc=0x0000024405db68a9 sp=0x00000044b98fbf38 mode 2
Event: 6567.226 Thread 0x000002442384b000 Uncommon trap: trap_request=0xffffffde fr.pc=0x000002440e55b3a4 relative=0x0000000000000824
Event: 6567.226 Thread 0x000002442384b000 Uncommon trap: reason=class_check action=maybe_recompile pc=0x000002440e55b3a4 method=com.google.common.collect.Iterables.castOrCopyToCollection(Ljava/lang/Iterable;)Ljava/util/Collection; @ 1 c2
Event: 6567.226 Thread 0x000002442384b000 DEOPT PACKING pc=0x000002440e55b3a4 sp=0x00000044b98fbef0
Event: 6567.226 Thread 0x000002442384b000 DEOPT UNPACKING pc=0x0000024405db68a9 sp=0x00000044b98fbdf0 mode 2
Event: 6569.803 Thread 0x000002441ce69000 DEOPT PACKING pc=0x0000024407ed9c25 sp=0x00000044ba0fe6a0
Event: 6569.803 Thread 0x000002441ce69000 DEOPT UNPACKING pc=0x0000024405db66bf sp=0x00000044ba0fdbe0 mode 0

Classes redefined (0 events):
No events

Internal exceptions (20 events):
Event: 6565.767 Thread 0x000002442383f800 Exception <a 'sun/nio/fs/WindowsException'{0x00000000956cdfa8}> (0x00000000956cdfa8) thrown at [./src/hotspot/share/prims/jni.cpp, line 615]
Event: 6565.775 Thread 0x000002442383f800 Exception <a 'sun/nio/fs/WindowsException'{0x00000000955c1b40}> (0x00000000955c1b40) thrown at [./src/hotspot/share/prims/jni.cpp, line 615]
Event: 6565.784 Thread 0x000002442383f800 Exception <a 'sun/nio/fs/WindowsException'{0x00000000955c6400}> (0x00000000955c6400) thrown at [./src/hotspot/share/prims/jni.cpp, line 615]
Event: 6565.792 Thread 0x000002442383f800 Exception <a 'sun/nio/fs/WindowsException'{0x00000000955cae38}> (0x00000000955cae38) thrown at [./src/hotspot/share/prims/jni.cpp, line 615]
Event: 6565.800 Thread 0x000002442383f800 Exception <a 'sun/nio/fs/WindowsException'{0x00000000955cfbe0}> (0x00000000955cfbe0) thrown at [./src/hotspot/share/prims/jni.cpp, line 615]
Event: 6565.807 Thread 0x000002442383f800 Exception <a 'sun/nio/fs/WindowsException'{0x00000000955d4af8}> (0x00000000955d4af8) thrown at [./src/hotspot/share/prims/jni.cpp, line 615]
Event: 6565.816 Thread 0x000002442383f800 Exception <a 'sun/nio/fs/WindowsException'{0x00000000953c42d8}> (0x00000000953c42d8) thrown at [./src/hotspot/share/prims/jni.cpp, line 615]
Event: 6565.834 Thread 0x000002442383f800 Exception <a 'sun/nio/fs/WindowsException'{0x00000000954d9dd0}> (0x00000000954d9dd0) thrown at [./src/hotspot/share/prims/jni.cpp, line 615]
Event: 6565.842 Thread 0x000002442383f800 Exception <a 'sun/nio/fs/WindowsException'{0x00000000954deb08}> (0x00000000954deb08) thrown at [./src/hotspot/share/prims/jni.cpp, line 615]
Event: 6565.851 Thread 0x000002442383f800 Exception <a 'sun/nio/fs/WindowsException'{0x00000000954e3530}> (0x00000000954e3530) thrown at [./src/hotspot/share/prims/jni.cpp, line 615]
Event: 6565.859 Thread 0x000002442383f800 Exception <a 'sun/nio/fs/WindowsException'{0x00000000954e8e20}> (0x00000000954e8e20) thrown at [./src/hotspot/share/prims/jni.cpp, line 615]
Event: 6565.867 Thread 0x000002442383f800 Exception <a 'sun/nio/fs/WindowsException'{0x00000000952c1c88}> (0x00000000952c1c88) thrown at [./src/hotspot/share/prims/jni.cpp, line 615]
Event: 6565.877 Thread 0x000002442383f800 Exception <a 'sun/nio/fs/WindowsException'{0x00000000952c65d0}> (0x00000000952c65d0) thrown at [./src/hotspot/share/prims/jni.cpp, line 615]
Event: 6565.885 Thread 0x000002442383f800 Exception <a 'sun/nio/fs/WindowsException'{0x00000000952cbd70}> (0x00000000952cbd70) thrown at [./src/hotspot/share/prims/jni.cpp, line 615]
Event: 6565.899 Thread 0x000002442383f800 Exception <a 'sun/nio/fs/WindowsException'{0x00000000951c4028}> (0x00000000951c4028) thrown at [./src/hotspot/share/prims/jni.cpp, line 615]
Event: 6565.907 Thread 0x000002442383f800 Exception <a 'sun/nio/fs/WindowsException'{0x00000000951c97c0}> (0x00000000951c97c0) thrown at [./src/hotspot/share/prims/jni.cpp, line 615]
Event: 6565.916 Thread 0x000002442383f800 Exception <a 'sun/nio/fs/WindowsException'{0x00000000951ce670}> (0x00000000951ce670) thrown at [./src/hotspot/share/prims/jni.cpp, line 615]
Event: 6565.925 Thread 0x000002442383f800 Exception <a 'sun/nio/fs/WindowsException'{0x00000000951d7748}> (0x00000000951d7748) thrown at [./src/hotspot/share/prims/jni.cpp, line 615]
Event: 6565.938 Thread 0x000002442383f800 Exception <a 'sun/nio/fs/WindowsException'{0x00000000950c4770}> (0x00000000950c4770) thrown at [./src/hotspot/share/prims/jni.cpp, line 615]
Event: 6567.981 Thread 0x000002441ce69800 Exception <a 'sun/nio/fs/WindowsException'{0x0000000096ec0480}> (0x0000000096ec0480) thrown at [./src/hotspot/share/prims/jni.cpp, line 615]

Events (20 events):
Event: 6568.485 Thread 0x000002441ce69000 Thread added: 0x000002441ce69000
Event: 6568.492 Executing VM operation: RevokeBias
Event: 6568.493 Executing VM operation: RevokeBias done
Event: 6568.494 Executing VM operation: RevokeBias
Event: 6568.497 Executing VM operation: RevokeBias done
Event: 6568.689 Executing VM operation: G1CollectForAllocation
Event: 6568.903 Executing VM operation: G1CollectForAllocation done
Event: 6569.319 Executing VM operation: CGC_Operation
Event: 6569.476 Executing VM operation: CGC_Operation done
Event: 6569.508 Executing VM operation: RevokeBias
Event: 6569.511 Executing VM operation: RevokeBias done
Event: 6569.544 Executing VM operation: RevokeBias
Event: 6569.545 Executing VM operation: RevokeBias done
Event: 6569.746 Executing VM operation: CGC_Operation
Event: 6569.747 Executing VM operation: CGC_Operation done
Event: 6569.905 Executing VM operation: G1CollectForAllocation
Event: 6570.111 Executing VM operation: G1CollectForAllocation done
Event: 6570.167 Executing VM operation: RevokeBias
Event: 6570.174 Executing VM operation: RevokeBias done
Event: 6571.162 Executing VM operation: G1CollectForAllocation


Dynamic libraries:
0x00007ff75d990000 - 0x00007ff75d99a000 	D:\waseem\4. ELECTIVES MOBILE APP\Android Studio\jre\bin\java.exe
0x00007ffec0dc0000 - 0x00007ffec0f9b000 	C:\WINDOWS\SYSTEM32\ntdll.dll
0x00007ffec0c60000 - 0x00007ffec0d0e000 	C:\WINDOWS\System32\KERNEL32.DLL
0x00007ffebd6a0000 - 0x00007ffebd8ea000 	C:\WINDOWS\System32\KERNELBASE.dll
0x00007ffebd490000 - 0x00007ffebd586000 	C:\WINDOWS\System32\ucrtbase.dll
0x00007ffe9ff60000 - 0x00007ffe9ff79000 	D:\waseem\4. ELECTIVES MOBILE APP\Android Studio\jre\bin\jli.dll
0x00007ffec0700000 - 0x00007ffec084a000 	C:\WINDOWS\System32\USER32.dll
0x00007ffebd2e0000 - 0x00007ffebd2fe000 	C:\WINDOWS\System32\win32u.dll
0x00007ffec06d0000 - 0x00007ffec06f7000 	C:\WINDOWS\System32\GDI32.dll
0x00007ffebd300000 - 0x00007ffebd488000 	C:\WINDOWS\System32\gdi32full.dll
0x00007ffebe230000 - 0x00007ffebe2ca000 	C:\WINDOWS\System32\msvcp_win.dll
0x00007ffeb1380000 - 0x00007ffeb15e7000 	C:\WINDOWS\WinSxS\amd64_microsoft.windows.common-controls_6595b64144ccf1df_6.0.15063.1155_none_40c7922129a7722b\COMCTL32.dll
0x00007ffebe320000 - 0x00007ffebe3bd000 	C:\WINDOWS\System32\msvcrt.dll
0x00007ffec0850000 - 0x00007ffec0b49000 	C:\WINDOWS\System32\combase.dll
0x00007ffec0370000 - 0x00007ffec0495000 	C:\WINDOWS\System32\RPCRT4.dll
0x00007ffebd8f0000 - 0x00007ffebd95a000 	C:\WINDOWS\System32\bcryptPrimitives.dll
0x00007ffe9cb90000 - 0x00007ffe9cba7000 	D:\waseem\4. ELECTIVES MOBILE APP\Android Studio\jre\bin\VCRUNTIME140.dll
0x00007ffec0500000 - 0x00007ffec052d000 	C:\WINDOWS\System32\IMM32.DLL
0x00007ffe94640000 - 0x00007ffe946dd000 	D:\waseem\4. ELECTIVES MOBILE APP\Android Studio\jre\bin\msvcp140.dll
0x00007ffe85b10000 - 0x00007ffe865cc000 	D:\waseem\4. ELECTIVES MOBILE APP\Android Studio\jre\bin\server\jvm.dll
0x00007ffec0190000 - 0x00007ffec0231000 	C:\WINDOWS\System32\ADVAPI32.dll
0x00007ffec04a0000 - 0x00007ffec04f9000 	C:\WINDOWS\System32\sechost.dll
0x00007ffec0d10000 - 0x00007ffec0d18000 	C:\WINDOWS\System32\PSAPI.DLL
0x00007ffeb7530000 - 0x00007ffeb7539000 	C:\WINDOWS\SYSTEM32\WSOCK32.dll
0x00007ffec0240000 - 0x00007ffec02ac000 	C:\WINDOWS\System32\WS2_32.dll
0x00007ffebb440000 - 0x00007ffebb463000 	C:\WINDOWS\SYSTEM32\WINMM.dll
0x00007ffeb0730000 - 0x00007ffeb073a000 	C:\WINDOWS\SYSTEM32\VERSION.dll
0x00007ffebb3f0000 - 0x00007ffebb41b000 	C:\WINDOWS\SYSTEM32\winmmbase.dll
0x00007ffebe2d0000 - 0x00007ffebe319000 	C:\WINDOWS\System32\cfgmgr32.dll
0x00007ffebd2c0000 - 0x00007ffebd2d1000 	C:\WINDOWS\System32\kernel.appcore.dll
0x00007ffeb9240000 - 0x00007ffeb9251000 	D:\waseem\4. ELECTIVES MOBILE APP\Android Studio\jre\bin\verify.dll
0x00007ffeb8f70000 - 0x00007ffeb9119000 	C:\WINDOWS\SYSTEM32\DBGHELP.DLL
0x00007ffeaade0000 - 0x00007ffeaae09000 	C:\WINDOWS\SYSTEM32\dbgcore.DLL
0x00007ffeb8b40000 - 0x00007ffeb8b69000 	D:\waseem\4. ELECTIVES MOBILE APP\Android Studio\jre\bin\java.dll
0x00007ffeba2e0000 - 0x00007ffeba2eb000 	D:\waseem\4. ELECTIVES MOBILE APP\Android Studio\jre\bin\jimage.dll
0x00007ffeb8b20000 - 0x00007ffeb8b38000 	D:\waseem\4. ELECTIVES MOBILE APP\Android Studio\jre\bin\zip.dll
0x00007ffebecd0000 - 0x00007ffec0108000 	C:\WINDOWS\System32\SHELL32.dll
0x00007ffebeab0000 - 0x00007ffebeb5a000 	C:\WINDOWS\System32\shcore.dll
0x00007ffebdb30000 - 0x00007ffebe221000 	C:\WINDOWS\System32\windows.storage.dll
0x00007ffec02b0000 - 0x00007ffec0301000 	C:\WINDOWS\System32\shlwapi.dll
0x00007ffebd230000 - 0x00007ffebd27c000 	C:\WINDOWS\System32\powrprof.dll
0x00007ffebd280000 - 0x00007ffebd295000 	C:\WINDOWS\System32\profapi.dll
0x00007ffeb8ac0000 - 0x00007ffeb8ada000 	D:\waseem\4. ELECTIVES MOBILE APP\Android Studio\jre\bin\net.dll
0x00007ffeaece0000 - 0x00007ffeaedb6000 	C:\WINDOWS\SYSTEM32\WINHTTP.dll
0x00007ffebcae0000 - 0x00007ffebcb3c000 	C:\WINDOWS\system32\mswsock.dll
0x00007ffeb8aa0000 - 0x00007ffeb8ab4000 	D:\waseem\4. ELECTIVES MOBILE APP\Android Studio\jre\bin\nio.dll
0x00007ffea55a0000 - 0x00007ffea55be000 	C:\Users\wasee\.gradle\native\25\windows-amd64\native-platform.dll
0x00007ffeba2b0000 - 0x00007ffeba2ba000 	D:\waseem\4. ELECTIVES MOBILE APP\Android Studio\jre\bin\management.dll
0x00007ffeb9b50000 - 0x00007ffeb9b5c000 	D:\waseem\4. ELECTIVES MOBILE APP\Android Studio\jre\bin\management_ext.dll
0x00007ffebcc90000 - 0x00007ffebcca7000 	C:\WINDOWS\SYSTEM32\CRYPTSP.dll
0x00007ffebc6f0000 - 0x00007ffebc724000 	C:\WINDOWS\system32\rsaenh.dll
0x00007ffebd100000 - 0x00007ffebd125000 	C:\WINDOWS\SYSTEM32\bcrypt.dll
0x00007ffebd130000 - 0x00007ffebd159000 	C:\WINDOWS\SYSTEM32\USERENV.dll
0x00007ffebcc80000 - 0x00007ffebcc8b000 	C:\WINDOWS\SYSTEM32\CRYPTBASE.dll
0x00007ffebc880000 - 0x00007ffebc8b7000 	C:\WINDOWS\SYSTEM32\IPHLPAPI.DLL
0x00007ffebe9e0000 - 0x00007ffebe9e8000 	C:\WINDOWS\System32\NSI.dll
0x00007ffeb0700000 - 0x00007ffeb0716000 	C:\WINDOWS\SYSTEM32\dhcpcsvc6.DLL
0x00007ffeb1830000 - 0x00007ffeb184a000 	C:\WINDOWS\SYSTEM32\dhcpcsvc.DLL
0x00007ffea08f0000 - 0x00007ffea0917000 	D:\waseem\4. ELECTIVES MOBILE APP\Android Studio\jre\bin\sunec.dll
0x00007ffebc8c0000 - 0x00007ffebc964000 	C:\WINDOWS\SYSTEM32\DNSAPI.dll
0x0000000062820000 - 0x0000000062846000 	C:\Program Files\Bonjour\mdnsNSP.dll
0x00007ffea9ca0000 - 0x00007ffea9caa000 	C:\Windows\System32\rasadhlp.dll
0x00007ffeae700000 - 0x00007ffeae76b000 	C:\WINDOWS\System32\fwpuclnt.dll

dbghelp: loaded successfully - version: 4.0.5 - missing functions: none
symbol engine: initialized successfully - sym options: 0x614 - pdb path: .;D:\waseem\4. ELECTIVES MOBILE APP\Android Studio\jre\bin;C:\WINDOWS\SYSTEM32;C:\WINDOWS\WinSxS\amd64_microsoft.windows.common-controls_6595b64144ccf1df_6.0.15063.1155_none_40c7922129a7722b;D:\waseem\4. ELECTIVES MOBILE APP\Android Studio\jre\bin\server;C:\Users\wasee\.gradle\native\25\windows-amd64;C:\Program Files\Bonjour

VM Arguments:
jvm_args: --add-opens=java.base/java.util=ALL-UNNAMED --add-opens=java.base/java.lang=ALL-UNNAMED --add-opens=java.base/java.lang.invoke=ALL-UNNAMED --add-opens=java.prefs/java.util.prefs=ALL-UNNAMED -Xmx2048m -Dfile.encoding=UTF-8 -Duser.country=ZA -Duser.language=en -Duser.variant 
java_command: org.gradle.launcher.daemon.bootstrap.GradleDaemon 5.1.1
java_class_path (initial): C:\Users\wasee\.gradle\wrapper\dists\gradle-5.1.1-bin\90y9l8txxfw1s2o6ctiqeruwn\gradle-5.1.1\lib\gradle-launcher-5.1.1.jar
Launcher Type: SUN_STANDARD

[Global flags]
     intx CICompilerCount                          = 2                                         {product} {ergonomic}
     uint ConcGCThreads                            = 1                                         {product} {ergonomic}
     uint G1ConcRefinementThreads                  = 2                                         {product} {ergonomic}
   size_t G1HeapRegionSize                         = 1048576                                   {product} {ergonomic}
    uintx GCDrainStackTargetSize                   = 64                                        {product} {ergonomic}
   size_t InitialHeapSize                          = 67108864                                  {product} {ergonomic}
   size_t MarkStackSize                            = 4194304                                   {product} {ergonomic}
   size_t MaxHeapSize                              = 2147483648                                {product} {command line}
   size_t MaxNewSize                               = 1287651328                                {product} {ergonomic}
   size_t MinHeapDeltaBytes                        = 1048576                                   {product} {ergonomic}
    uintx NonNMethodCodeHeapSize                   = 5825164                                {pd product} {ergonomic}
    uintx NonProfiledCodeHeapSize                  = 122916538                              {pd product} {ergonomic}
    uintx ProfiledCodeHeapSize                     = 122916538                              {pd product} {ergonomic}
    uintx ReservedCodeCacheSize                    = 251658240                              {pd product} {ergonomic}
     bool SegmentedCodeCache                       = true                                      {product} {ergonomic}
     bool UseCompressedClassPointers               = true                                 {lp64_product} {ergonomic}
     bool UseCompressedOops                        = true                                 {lp64_product} {ergonomic}
     bool UseG1GC                                  = true                                      {product} {ergonomic}
     bool UseLargePagesIndividualAllocation        = false                                  {pd product} {ergonomic}

Logging:
Log output configuration:
 #0: stdout all=warning uptime,level,tags
 #1: stderr all=off uptime,level,tags

Environment Variables:
PATH=C:\Program Files (x86)\Intel\TXE Components\TCS\;C:\Program Files\Intel\TXE Components\TCS\;C:\WINDOWS\system32;C:\WINDOWS;C:\WINDOWS\System32\Wbem;C:\WINDOWS\System32\WindowsPowerShell\v1.0\;C:\Program Files\Intel\TXE Components\DAL\;C:\Program Files (x86)\Intel\TXE Components\DAL\;C:\Program Files\Intel\TXE Components\IPT\;C:\Program Files (x86)\Intel\TXE Components\IPT\;C:\Users\wasee\AppData\Local\Microsoft\WindowsApps;
USERNAME=wasee
OS=Windows_NT
PROCESSOR_IDENTIFIER=Intel64 Family 6 Model 76 Stepping 4, GenuineIntel



---------------  S Y S T E M  ---------------

OS: Windows 10 , 64 bit Build 15063 (10.0.15063.1058)
OS uptime: 0 days 4:31 hours

CPU:total 2 (initial active 2) (2 cores per cpu, 1 threads per core) family 6 model 76 stepping 4, cmov, cx8, fxsr, mmx, sse, sse2, sse3, ssse3, sse4.1, sse4.2, popcnt, aes, clmul, erms, 3dnowpref, tsc, tscinvbit

Memory: 4k page, system-wide physical 4002M (476M free)
TotalPageFile size 4937M (AvailPageFile size 116M)
current process WorkingSet (physical memory assigned to process): 556M, peak: 648M
current process commit charge ("private bytes"): 714M, peak: 878M

vm_info: OpenJDK 64-Bit Server VM (11.0.8+10-b944.6842174) for windows-amd64 JRE (11.0.8+10-b944.6842174), built on Sep 19 2020 01:11:42 by "builder" with MS VC++ 14.0 (VS2015)

END.
