#
# There is insufficient memory for the Java Runtime Environment to continue.
# Native memory allocation (malloc) failed to allocate 646976 bytes for Chunk::new
# Possible reasons:
#   The system is out of physical RAM or swap space
#   The process is running with CompressedOops enabled, and the Java Heap may be blocking the growth of the native heap
# Possible solutions:
#   Reduce memory load on the system
#   Increase physical memory or swap space
#   Check if swap backing store is full
#   Decrease Java heap size (-Xmx/-Xms)
#   Decrease number of Java threads
#   Decrease Java thread stack sizes (-Xss)
#   Set larger code cache with -XX:ReservedCodeCacheSize=
#   JVM is running with Unscaled Compressed Oops mode in which the Java heap is
#     placed in the first 4GB address space. The Java Heap base address is the
#     maximum limit for the native heap growth. Please use -XX:HeapBaseMinAddress
#     to set the Java Heap base and to place the Java Heap above 4GB virtual address.
# This output file may be truncated or incomplete.
#
#  Out of Memory Error (./src/hotspot/share/memory/arena.cpp:197), pid=2248, tid=5852
#
# JRE version: OpenJDK Runtime Environment (11.0.8+10) (build 11.0.8+10-b944.6842174)
# Java VM: OpenJDK 64-Bit Server VM (11.0.8+10-b944.6842174, mixed mode, tiered, compressed oops, g1 gc, windows-amd64)
# No core dump will be written. Minidumps are not enabled by default on client versions of Windows
#

---------------  S U M M A R Y ------------

Command Line: --add-opens=java.base/java.util=ALL-UNNAMED --add-opens=java.base/java.lang=ALL-UNNAMED --add-opens=java.base/java.lang.invoke=ALL-UNNAMED --add-opens=java.prefs/java.util.prefs=ALL-UNNAMED -Xmx2048m -Dfile.encoding=UTF-8 -Duser.country=ZA -Duser.language=en -Duser.variant org.gradle.launcher.daemon.bootstrap.GradleDaemon 5.1.1

Host: Intel(R) Celeron(R) CPU  N3060  @ 1.60GHz, 2 cores, 3G,  Windows 10 , 64 bit Build 15063 (10.0.15063.1058)
Time: Sun Sep 26 17:02:15 2021 South Africa Standard Time elapsed time: 221 seconds (0d 0h 3m 41s)

---------------  T H R E A D  ---------------

Current thread (0x000002b57fc9a000):  JavaThread "C2 CompilerThread0" daemon [_thread_in_native, id=5852, stack(0x000000c027d00000,0x000000c027e00000)]


Current CompileTask:
C2: 221876 10889       4       org.gradle.internal.serialize.kryo.StringDeduplicatingKryoBackedEncoder::writeNullableString (55 bytes)

Stack: [0x000000c027d00000,0x000000c027e00000]
Native frames: (J=compiled Java code, j=interpreted, Vv=VM code, C=native code)
V  [jvm.dll+0x5de50a]
V  [jvm.dll+0x7122f5]
V  [jvm.dll+0x71384d]
V  [jvm.dll+0x713f03]
V  [jvm.dll+0x23e728]
V  [jvm.dll+0xb899c]
V  [jvm.dll+0xb8e9c]
V  [jvm.dll+0x2b20e4]
V  [jvm.dll+0x502098]
V  [jvm.dll+0x1ff393]
V  [jvm.dll+0x1f917c]
V  [jvm.dll+0x1f685f]
V  [jvm.dll+0x17f32c]
V  [jvm.dll+0x205047]
V  [jvm.dll+0x203891]
V  [jvm.dll+0x6dad3f]
V  [jvm.dll+0x6d3895]
V  [jvm.dll+0x5dd4a6]
C  [ucrtbase.dll+0x20279]
C  [KERNEL32.DLL+0x12784]
C  [ntdll.dll+0x50c51]


---------------  P R O C E S S  ---------------

Threads class SMR info:
_java_thread_list=0x000002b5055a4950, length=31, elements={
0x000002b568539800, 0x000002b57fc33000, 0x000002b57fc3e800, 0x000002b57fc98000,
0x000002b57fc99000, 0x000002b57fc9a000, 0x000002b57fc9e800, 0x000002b50280f000,
0x000002b50294e800, 0x000002b502967800, 0x000002b503a02800, 0x000002b5033f8800,
0x000002b5031f8000, 0x000002b5030bb800, 0x000002b5030bf000, 0x000002b5030b9000,
0x000002b506f80800, 0x000002b506f81800, 0x000002b506f7e000, 0x000002b506f7d800,
0x000002b506f7f000, 0x000002b506f84000, 0x000002b506f82000, 0x000002b506f84800,
0x000002b506f85800, 0x000002b506f7f800, 0x000002b506f87000, 0x000002b506f89800,
0x000002b506f88800, 0x000002b506f8c000, 0x000002b506f8a800
}

Java Threads: ( => current thread )
  0x000002b568539800 JavaThread "main" [_thread_blocked, id=752, stack(0x000000c027100000,0x000000c027200000)]
  0x000002b57fc33000 JavaThread "Reference Handler" daemon [_thread_blocked, id=6316, stack(0x000000c027800000,0x000000c027900000)]
  0x000002b57fc3e800 JavaThread "Finalizer" daemon [_thread_blocked, id=9276, stack(0x000000c027900000,0x000000c027a00000)]
  0x000002b57fc98000 JavaThread "Signal Dispatcher" daemon [_thread_blocked, id=1288, stack(0x000000c027b00000,0x000000c027c00000)]
  0x000002b57fc99000 JavaThread "Attach Listener" daemon [_thread_blocked, id=60, stack(0x000000c027c00000,0x000000c027d00000)]
=>0x000002b57fc9a000 JavaThread "C2 CompilerThread0" daemon [_thread_in_native, id=5852, stack(0x000000c027d00000,0x000000c027e00000)]
  0x000002b57fc9e800 JavaThread "C1 CompilerThread0" daemon [_thread_blocked, id=4492, stack(0x000000c027e00000,0x000000c027f00000)]
  0x000002b50280f000 JavaThread "Sweeper thread" daemon [_thread_blocked, id=4052, stack(0x000000c027f00000,0x000000c028000000)]
  0x000002b50294e800 JavaThread "Common-Cleaner" daemon [_thread_blocked, id=4412, stack(0x000000c028000000,0x000000c028100000)]
  0x000002b502967800 JavaThread "Service Thread" daemon [_thread_blocked, id=6356, stack(0x000000c028100000,0x000000c028200000)]
  0x000002b503a02800 JavaThread "Incoming local TCP Connector on port 62183" [_thread_in_native, id=5484, stack(0x000000c028400000,0x000000c028500000)]
  0x000002b5033f8800 JavaThread "Daemon periodic checks" [_thread_blocked, id=8248, stack(0x000000c028500000,0x000000c028600000)]
  0x000002b5031f8000 JavaThread "Cache worker for file hash cache (C:\Users\wasee\.gradle\caches\5.1.1\fileHashes)" [_thread_blocked, id=9068, stack(0x000000c028d00000,0x000000c028e00000)]
  0x000002b5030bb800 JavaThread "File lock request listener" [_thread_in_native, id=9388, stack(0x000000c028e00000,0x000000c028f00000)]
  0x000002b5030bf000 JavaThread "Cache worker for journal cache (C:\Users\wasee\.gradle\caches\journal-1)" [_thread_blocked, id=4304, stack(0x000000c028f00000,0x000000c029000000)]
  0x000002b5030b9000 JavaThread "Cache worker for execution history cache (C:\Users\wasee\.gradle\caches\5.1.1\executionHistory)" [_thread_blocked, id=5664, stack(0x000000c029300000,0x000000c029400000)]
  0x000002b506f80800 JavaThread "Memory manager" [_thread_blocked, id=584, stack(0x000000c029700000,0x000000c029800000)]
  0x000002b506f81800 JavaThread "Cache worker for file content cache (C:\Users\wasee\.gradle\caches\5.1.1\fileContent)" [_thread_blocked, id=2736, stack(0x000000c029800000,0x000000c029900000)]
  0x000002b506f7e000 JavaThread "ForkJoinPool.commonPool-worker-3" daemon [_thread_blocked, id=4748, stack(0x000000c02a000000,0x000000c02a100000)]
  0x000002b506f7d800 JavaThread "Daemon Thread 2" [_thread_blocked, id=4912, stack(0x000000c02a400000,0x000000c02a500000)]
  0x000002b506f7f000 JavaThread "Handler for socket connection from /127.0.0.1:62183 to /127.0.0.1:62199" [_thread_in_native, id=4156, stack(0x000000c02a500000,0x000000c02a600000)]
  0x000002b506f84000 JavaThread "Cancel handler" [_thread_blocked, id=1428, stack(0x000000c02a600000,0x000000c02a700000)]
  0x000002b506f82000 JavaThread "Daemon worker Thread 2" [_thread_in_Java, id=3424, stack(0x000000c02a700000,0x000000c02a800000)]
  0x000002b506f84800 JavaThread "Asynchronous log dispatcher for DefaultDaemonConnection: socket connection from /127.0.0.1:62183 to /127.0.0.1:62199" [_thread_blocked, id=1564, stack(0x000000c02a800000,0x000000c02a900000)]
  0x000002b506f85800 JavaThread "Stdin handler" [_thread_blocked, id=2436, stack(0x000000c02a900000,0x000000c02aa00000)]
  0x000002b506f7f800 JavaThread "Thread-28" [_thread_blocked, id=7344, stack(0x000000c02aa00000,0x000000c02ab00000)]
  0x000002b506f87000 JavaThread "Cache worker for file hash cache (C:\Users\wasee\AndroidStudioProjects\TimeManagementTool\.gradle\5.1.1\fileHashes)" [_thread_blocked, id=8304, stack(0x000000c02ab00000,0x000000c02ac00000)]
  0x000002b506f89800 JavaThread "Cache worker for cache directory md-supplier (C:\Users\wasee\.gradle\caches\5.1.1\md-supplier)" [_thread_blocked, id=10136, stack(0x000000c02ac00000,0x000000c02ad00000)]
  0x000002b506f88800 JavaThread "Cache worker for cache directory md-rule (C:\Users\wasee\.gradle\caches\5.1.1\md-rule)" [_thread_blocked, id=2380, stack(0x000000c02ad00000,0x000000c02ae00000)]
  0x000002b506f8c000 JavaThread "Build operations" [_thread_blocked, id=3856, stack(0x000000c02ae00000,0x000000c02af00000)]
  0x000002b506f8a800 JavaThread "Build operations Thread 2" [_thread_blocked, id=7232, stack(0x000000c02af00000,0x000000c02b000000)]

Other Threads:
  0x000002b57fc2f800 VMThread "VM Thread" [stack: 0x000000c027700000,0x000000c027800000] [id=1852]
  0x000002b502968000 WatcherThread [stack: 0x000000c028200000,0x000000c028300000] [id=928]
  0x000002b568551000 GCTaskThread "GC Thread#0" [stack: 0x000000c027200000,0x000000c027300000] [id=1520]
  0x000002b502bfb000 GCTaskThread "GC Thread#1" [stack: 0x000000c028300000,0x000000c028400000] [id=8816]
  0x000002b568582800 ConcurrentGCThread "G1 Main Marker" [stack: 0x000000c027300000,0x000000c027400000] [id=9408]
  0x000002b568584000 ConcurrentGCThread "G1 Conc#0" [stack: 0x000000c027400000,0x000000c027500000] [id=6616]
  0x000002b5685d8000 ConcurrentGCThread "G1 Refine#0" [stack: 0x000000c027500000,0x000000c027600000] [id=1128]
  0x000002b507668800 ConcurrentGCThread "G1 Refine#1" [stack: 0x000000c029f00000,0x000000c02a000000] [id=7776]
  0x000002b5685da000 ConcurrentGCThread "G1 Young RemSet Sampling" [stack: 0x000000c027600000,0x000000c027700000] [id=10052]

Threads with active compile tasks:
C2 CompilerThread0 221936 10889       4       org.gradle.internal.serialize.kryo.StringDeduplicatingKryoBackedEncoder::writeNullableString (55 bytes)

VM state:not at safepoint (normal execution)

VM Mutex/Monitor currently owned by a thread: None

Heap address: 0x0000000080000000, size: 2048 MB, Compressed Oops mode: 32-bit
Narrow klass base: 0x0000000000000000, Narrow klass shift: 3
Compressed class space size: 1073741824 Address: 0x0000000100000000

Heap:
 garbage-first heap   total 275456K, used 123311K [0x0000000080000000, 0x0000000100000000)
  region size 1024K, 19 young (19456K), 1 survivors (1024K)
 Metaspace       used 84364K, capacity 86343K, committed 86528K, reserved 1124352K
  class space    used 10595K, capacity 11240K, committed 11264K, reserved 1048576K
Heap Regions: E=young(eden), S=young(survivor), O=old, HS=humongous(starts), HC=humongous(continues), CS=collection set, F=free, A=archive, TAMS=top-at-mark-start (previous, next)
|   0|0x0000000080000000, 0x0000000080100000, 0x0000000080100000|100%|HS|  |TAMS 0x0000000080100000, 0x0000000080000000| Complete 
|   1|0x0000000080100000, 0x0000000080200000, 0x0000000080200000|100%| O|  |TAMS 0x0000000080200000, 0x0000000080100000| Untracked 
|   2|0x0000000080200000, 0x0000000080300000, 0x0000000080300000|100%| O|  |TAMS 0x0000000080300000, 0x0000000080200000| Untracked 
|   3|0x0000000080300000, 0x0000000080400000, 0x0000000080400000|100%|HS|  |TAMS 0x0000000080400000, 0x0000000080300000| Complete 
|   4|0x0000000080400000, 0x0000000080500000, 0x0000000080500000|100%|HC|  |TAMS 0x0000000080500000, 0x0000000080400000| Complete 
|   5|0x0000000080500000, 0x0000000080600000, 0x0000000080600000|100%| O|  |TAMS 0x0000000080600000, 0x0000000080500000| Untracked 
|   6|0x0000000080600000, 0x0000000080700000, 0x0000000080700000|100%| O|  |TAMS 0x0000000080700000, 0x0000000080600000| Untracked 
|   7|0x0000000080700000, 0x0000000080800000, 0x0000000080800000|100%| O|  |TAMS 0x0000000080800000, 0x0000000080700000| Untracked 
|   8|0x0000000080800000, 0x0000000080900000, 0x0000000080900000|100%| O|  |TAMS 0x0000000080900000, 0x0000000080800000| Untracked 
|   9|0x0000000080900000, 0x0000000080a00000, 0x0000000080a00000|100%| O|  |TAMS 0x0000000080a00000, 0x0000000080900000| Untracked 
|  10|0x0000000080a00000, 0x0000000080b00000, 0x0000000080b00000|100%| O|  |TAMS 0x0000000080b00000, 0x0000000080a00000| Untracked 
|  11|0x0000000080b00000, 0x0000000080c00000, 0x0000000080c00000|100%| O|  |TAMS 0x0000000080c00000, 0x0000000080b00000| Untracked 
|  12|0x0000000080c00000, 0x0000000080d00000, 0x0000000080d00000|100%| O|  |TAMS 0x0000000080d00000, 0x0000000080c00000| Untracked 
|  13|0x0000000080d00000, 0x0000000080e00000, 0x0000000080e00000|100%| O|  |TAMS 0x0000000080e00000, 0x0000000080d00000| Untracked 
|  14|0x0000000080e00000, 0x0000000080f00000, 0x0000000080f00000|100%|HS|  |TAMS 0x0000000080f00000, 0x0000000080e00000| Complete 
|  15|0x0000000080f00000, 0x0000000081000000, 0x0000000081000000|100%|HC|  |TAMS 0x0000000081000000, 0x0000000080f00000| Complete 
|  16|0x0000000081000000, 0x0000000081100000, 0x0000000081100000|100%|HS|  |TAMS 0x0000000081100000, 0x0000000081000000| Complete 
|  17|0x0000000081100000, 0x0000000081200000, 0x0000000081200000|100%|HC|  |TAMS 0x0000000081200000, 0x0000000081100000| Complete 
|  18|0x0000000081200000, 0x0000000081300000, 0x0000000081300000|100%|HC|  |TAMS 0x0000000081300000, 0x0000000081200000| Complete 
|  19|0x0000000081300000, 0x0000000081400000, 0x0000000081400000|100%|HS|  |TAMS 0x0000000081400000, 0x0000000081300000| Complete 
|  20|0x0000000081400000, 0x0000000081500000, 0x0000000081500000|100%|HC|  |TAMS 0x0000000081500000, 0x0000000081400000| Complete 
|  21|0x0000000081500000, 0x0000000081600000, 0x0000000081600000|100%|HC|  |TAMS 0x0000000081600000, 0x0000000081500000| Complete 
|  22|0x0000000081600000, 0x0000000081700000, 0x0000000081700000|100%|HC|  |TAMS 0x0000000081700000, 0x0000000081600000| Complete 
|  23|0x0000000081700000, 0x0000000081800000, 0x0000000081800000|100%| O|  |TAMS 0x0000000081800000, 0x0000000081700000| Untracked 
|  24|0x0000000081800000, 0x0000000081900000, 0x0000000081900000|100%| O|  |TAMS 0x0000000081900000, 0x0000000081800000| Untracked 
|  25|0x0000000081900000, 0x0000000081a00000, 0x0000000081a00000|100%| O|  |TAMS 0x0000000081a00000, 0x0000000081900000| Untracked 
|  26|0x0000000081a00000, 0x0000000081b00000, 0x0000000081b00000|100%| O|  |TAMS 0x0000000081b00000, 0x0000000081a00000| Untracked 
|  27|0x0000000081b00000, 0x0000000081c00000, 0x0000000081c00000|100%|HS|  |TAMS 0x0000000081c00000, 0x0000000081b00000| Complete 
|  28|0x0000000081c00000, 0x0000000081d00000, 0x0000000081d00000|100%|HC|  |TAMS 0x0000000081d00000, 0x0000000081c00000| Complete 
|  29|0x0000000081d00000, 0x0000000081e00000, 0x0000000081e00000|100%|HC|  |TAMS 0x0000000081e00000, 0x0000000081d00000| Complete 
|  30|0x0000000081e00000, 0x0000000081f00000, 0x0000000081f00000|100%| O|  |TAMS 0x0000000081f00000, 0x0000000081e00000| Untracked 
|  31|0x0000000081f00000, 0x0000000082000000, 0x0000000082000000|100%| O|  |TAMS 0x0000000082000000, 0x0000000081f00000| Untracked 
|  32|0x0000000082000000, 0x0000000082100000, 0x0000000082100000|100%| O|  |TAMS 0x0000000082100000, 0x0000000082000000| Untracked 
|  33|0x0000000082100000, 0x0000000082200000, 0x0000000082200000|100%| O|  |TAMS 0x0000000082200000, 0x0000000082100000| Untracked 
|  34|0x0000000082200000, 0x0000000082300000, 0x0000000082300000|100%|HS|  |TAMS 0x0000000082300000, 0x0000000082200000| Complete 
|  35|0x0000000082300000, 0x0000000082400000, 0x0000000082400000|100%|HC|  |TAMS 0x0000000082400000, 0x0000000082300000| Complete 
|  36|0x0000000082400000, 0x0000000082500000, 0x0000000082500000|100%| O|  |TAMS 0x0000000082500000, 0x0000000082400000| Untracked 
|  37|0x0000000082500000, 0x0000000082600000, 0x0000000082600000|100%| O|  |TAMS 0x0000000082600000, 0x0000000082500000| Untracked 
|  38|0x0000000082600000, 0x0000000082700000, 0x0000000082700000|100%| O|  |TAMS 0x0000000082700000, 0x0000000082600000| Untracked 
|  39|0x0000000082700000, 0x0000000082800000, 0x0000000082800000|100%| O|  |TAMS 0x0000000082800000, 0x0000000082700000| Untracked 
|  40|0x0000000082800000, 0x0000000082900000, 0x0000000082900000|100%| O|  |TAMS 0x0000000082900000, 0x0000000082800000| Untracked 
|  41|0x0000000082900000, 0x0000000082a00000, 0x0000000082a00000|100%| O|  |TAMS 0x0000000082a00000, 0x0000000082900000| Untracked 
|  42|0x0000000082a00000, 0x0000000082b00000, 0x0000000082b00000|100%| O|  |TAMS 0x0000000082b00000, 0x0000000082a00000| Untracked 
|  43|0x0000000082b00000, 0x0000000082c00000, 0x0000000082c00000|100%| O|  |TAMS 0x0000000082c00000, 0x0000000082b00000| Untracked 
|  44|0x0000000082c00000, 0x0000000082d00000, 0x0000000082d00000|100%| O|  |TAMS 0x0000000082d00000, 0x0000000082c00000| Untracked 
|  45|0x0000000082d00000, 0x0000000082e00000, 0x0000000082e00000|100%| O|  |TAMS 0x0000000082e00000, 0x0000000082d00000| Untracked 
|  46|0x0000000082e00000, 0x0000000082f00000, 0x0000000082f00000|100%| O|  |TAMS 0x0000000082f00000, 0x0000000082e00000| Untracked 
|  47|0x0000000082f00000, 0x0000000083000000, 0x0000000083000000|100%| O|  |TAMS 0x0000000083000000, 0x0000000082f00000| Untracked 
|  48|0x0000000083000000, 0x0000000083100000, 0x0000000083100000|100%| O|  |TAMS 0x0000000083100000, 0x0000000083000000| Untracked 
|  49|0x0000000083100000, 0x0000000083200000, 0x0000000083200000|100%| O|  |TAMS 0x0000000083200000, 0x0000000083100000| Untracked 
|  50|0x0000000083200000, 0x0000000083300000, 0x0000000083300000|100%| O|  |TAMS 0x0000000083300000, 0x0000000083200000| Untracked 
|  51|0x0000000083300000, 0x0000000083400000, 0x0000000083400000|100%| O|  |TAMS 0x0000000083400000, 0x0000000083300000| Untracked 
|  52|0x0000000083400000, 0x0000000083500000, 0x0000000083500000|100%| O|  |TAMS 0x0000000083500000, 0x0000000083400000| Untracked 
|  53|0x0000000083500000, 0x0000000083600000, 0x0000000083600000|100%| O|  |TAMS 0x0000000083600000, 0x0000000083500000| Untracked 
|  54|0x0000000083600000, 0x0000000083700000, 0x0000000083700000|100%| O|  |TAMS 0x0000000083700000, 0x0000000083600000| Untracked 
|  55|0x0000000083700000, 0x0000000083800000, 0x0000000083800000|100%| O|  |TAMS 0x0000000083800000, 0x0000000083700000| Untracked 
|  56|0x0000000083800000, 0x0000000083900000, 0x0000000083900000|100%| O|  |TAMS 0x0000000083900000, 0x0000000083800000| Untracked 
|  57|0x0000000083900000, 0x0000000083a00000, 0x0000000083a00000|100%| O|  |TAMS 0x0000000083a00000, 0x0000000083900000| Untracked 
|  58|0x0000000083a00000, 0x0000000083b00000, 0x0000000083b00000|100%| O|  |TAMS 0x0000000083b00000, 0x0000000083a00000| Untracked 
|  59|0x0000000083b00000, 0x0000000083c00000, 0x0000000083c00000|100%| O|  |TAMS 0x0000000083c00000, 0x0000000083b00000| Untracked 
|  60|0x0000000083c00000, 0x0000000083d00000, 0x0000000083d00000|100%| O|  |TAMS 0x0000000083d00000, 0x0000000083c00000| Untracked 
|  61|0x0000000083d00000, 0x0000000083e00000, 0x0000000083e00000|100%| O|  |TAMS 0x0000000083e00000, 0x0000000083d00000| Untracked 
|  62|0x0000000083e00000, 0x0000000083f00000, 0x0000000083f00000|100%| O|  |TAMS 0x0000000083f00000, 0x0000000083e00000| Untracked 
|  63|0x0000000083f00000, 0x0000000084000000, 0x0000000084000000|100%| O|  |TAMS 0x0000000083f00000, 0x0000000083f00000| Untracked 
|  64|0x0000000084000000, 0x0000000084100000, 0x0000000084100000|100%| O|  |TAMS 0x0000000084000000, 0x0000000084000000| Untracked 
|  65|0x0000000084100000, 0x0000000084200000, 0x0000000084200000|100%| O|  |TAMS 0x0000000084100000, 0x0000000084100000| Untracked 
|  66|0x0000000084200000, 0x0000000084300000, 0x0000000084300000|100%| O|  |TAMS 0x0000000084200000, 0x0000000084200000| Untracked 
|  67|0x0000000084300000, 0x0000000084400000, 0x0000000084400000|100%| O|  |TAMS 0x0000000084300000, 0x0000000084300000| Untracked 
|  68|0x0000000084400000, 0x0000000084500000, 0x0000000084500000|100%| O|  |TAMS 0x0000000084500000, 0x0000000084400000| Untracked 
|  69|0x0000000084500000, 0x0000000084600000, 0x0000000084600000|100%| O|  |TAMS 0x0000000084600000, 0x0000000084500000| Untracked 
|  70|0x0000000084600000, 0x0000000084700000, 0x0000000084700000|100%| O|  |TAMS 0x0000000084700000, 0x0000000084600000| Untracked 
|  71|0x0000000084700000, 0x0000000084800000, 0x0000000084800000|100%| O|  |TAMS 0x0000000084800000, 0x0000000084700000| Untracked 
|  72|0x0000000084800000, 0x0000000084900000, 0x0000000084900000|100%| O|  |TAMS 0x0000000084900000, 0x0000000084800000| Untracked 
|  73|0x0000000084900000, 0x0000000084a00000, 0x0000000084a00000|100%| O|  |TAMS 0x0000000084a00000, 0x0000000084900000| Untracked 
|  74|0x0000000084a00000, 0x0000000084b00000, 0x0000000084b00000|100%| O|  |TAMS 0x0000000084b00000, 0x0000000084a00000| Untracked 
|  75|0x0000000084b00000, 0x0000000084c00000, 0x0000000084c00000|100%| O|  |TAMS 0x0000000084c00000, 0x0000000084b00000| Untracked 
|  76|0x0000000084c00000, 0x0000000084d00000, 0x0000000084d00000|100%| O|  |TAMS 0x0000000084d00000, 0x0000000084c00000| Untracked 
|  77|0x0000000084d00000, 0x0000000084e00000, 0x0000000084e00000|100%| O|  |TAMS 0x0000000084e00000, 0x0000000084d00000| Untracked 
|  78|0x0000000084e00000, 0x0000000084f00000, 0x0000000084f00000|100%| O|  |TAMS 0x0000000084f00000, 0x0000000084e00000| Untracked 
|  79|0x0000000084f00000, 0x0000000085000000, 0x0000000085000000|100%| O|  |TAMS 0x0000000085000000, 0x0000000084f00000| Untracked 
|  80|0x0000000085000000, 0x0000000085000000, 0x0000000085100000|  0%| F|  |TAMS 0x0000000085000000, 0x0000000085000000| Untracked 
|  81|0x0000000085100000, 0x0000000085200000, 0x0000000085200000|100%| O|  |TAMS 0x0000000085200000, 0x0000000085100000| Untracked 
|  82|0x0000000085200000, 0x0000000085300000, 0x0000000085300000|100%| O|  |TAMS 0x0000000085300000, 0x0000000085200000| Untracked 
|  83|0x0000000085300000, 0x0000000085400000, 0x0000000085400000|100%| O|  |TAMS 0x0000000085400000, 0x0000000085300000| Untracked 
|  84|0x0000000085400000, 0x0000000085500000, 0x0000000085500000|100%| O|  |TAMS 0x0000000085500000, 0x0000000085400000| Untracked 
|  85|0x0000000085500000, 0x0000000085600000, 0x0000000085600000|100%| O|  |TAMS 0x0000000085500000, 0x0000000085500000| Untracked 
|  86|0x0000000085600000, 0x0000000085600000, 0x0000000085700000|  0%| F|  |TAMS 0x0000000085600000, 0x0000000085600000| Untracked 
|  87|0x0000000085700000, 0x0000000085700000, 0x0000000085800000|  0%| F|  |TAMS 0x0000000085700000, 0x0000000085700000| Untracked 
|  88|0x0000000085800000, 0x0000000085900000, 0x0000000085900000|100%| O|  |TAMS 0x0000000085900000, 0x0000000085800000| Untracked 
|  89|0x0000000085900000, 0x0000000085a00000, 0x0000000085a00000|100%| O|  |TAMS 0x0000000085a00000, 0x0000000085900000| Untracked 
|  90|0x0000000085a00000, 0x0000000085b00000, 0x0000000085b00000|100%| O|  |TAMS 0x0000000085b00000, 0x0000000085a00000| Untracked 
|  91|0x0000000085b00000, 0x0000000085b00000, 0x0000000085c00000|  0%| F|  |TAMS 0x0000000085b00000, 0x0000000085b00000| Untracked 
|  92|0x0000000085c00000, 0x0000000085d00000, 0x0000000085d00000|100%| O|  |TAMS 0x0000000085d00000, 0x0000000085c00000| Untracked 
|  93|0x0000000085d00000, 0x0000000085e00000, 0x0000000085e00000|100%| O|  |TAMS 0x0000000085e00000, 0x0000000085d00000| Untracked 
|  94|0x0000000085e00000, 0x0000000085f00000, 0x0000000085f00000|100%| O|  |TAMS 0x0000000085f00000, 0x0000000085e00000| Untracked 
|  95|0x0000000085f00000, 0x0000000085f00000, 0x0000000086000000|  0%| F|  |TAMS 0x0000000085f00000, 0x0000000085f00000| Untracked 
|  96|0x0000000086000000, 0x0000000086100000, 0x0000000086100000|100%| O|  |TAMS 0x0000000086100000, 0x0000000086000000| Untracked 
|  97|0x0000000086100000, 0x0000000086200000, 0x0000000086200000|100%| O|  |TAMS 0x0000000086200000, 0x0000000086100000| Untracked 
|  98|0x0000000086200000, 0x0000000086200000, 0x0000000086300000|  0%| F|  |TAMS 0x0000000086200000, 0x0000000086200000| Untracked 
|  99|0x0000000086300000, 0x0000000086300000, 0x0000000086400000|  0%| F|  |TAMS 0x0000000086300000, 0x0000000086300000| Untracked 
| 100|0x0000000086400000, 0x0000000086500000, 0x0000000086500000|100%| O|  |TAMS 0x0000000086500000, 0x0000000086400000| Untracked 
| 101|0x0000000086500000, 0x0000000086500000, 0x0000000086600000|  0%| F|  |TAMS 0x0000000086500000, 0x0000000086500000| Untracked 
| 102|0x0000000086600000, 0x0000000086600000, 0x0000000086700000|  0%| F|  |TAMS 0x0000000086600000, 0x0000000086600000| Untracked 
| 103|0x0000000086700000, 0x0000000086800000, 0x0000000086800000|100%| O|  |TAMS 0x0000000086700000, 0x0000000086700000| Untracked 
| 104|0x0000000086800000, 0x0000000086898000, 0x0000000086900000| 59%| O|  |TAMS 0x0000000086800000, 0x0000000086800000| Untracked 
| 105|0x0000000086900000, 0x0000000086900000, 0x0000000086a00000|  0%| F|  |TAMS 0x0000000086900000, 0x0000000086900000| Untracked 
| 106|0x0000000086a00000, 0x0000000086a00000, 0x0000000086b00000|  0%| F|  |TAMS 0x0000000086a00000, 0x0000000086a00000| Untracked 
| 107|0x0000000086b00000, 0x0000000086b00000, 0x0000000086c00000|  0%| F|  |TAMS 0x0000000086b00000, 0x0000000086b00000| Untracked 
| 108|0x0000000086c00000, 0x0000000086c00000, 0x0000000086d00000|  0%| F|  |TAMS 0x0000000086c00000, 0x0000000086c00000| Untracked 
| 109|0x0000000086d00000, 0x0000000086d00000, 0x0000000086e00000|  0%| F|  |TAMS 0x0000000086d00000, 0x0000000086d00000| Untracked 
| 110|0x0000000086e00000, 0x0000000086e00000, 0x0000000086f00000|  0%| F|  |TAMS 0x0000000086e00000, 0x0000000086e00000| Untracked 
| 111|0x0000000086f00000, 0x0000000086f00000, 0x0000000087000000|  0%| F|  |TAMS 0x0000000086f00000, 0x0000000086f00000| Untracked 
| 112|0x0000000087000000, 0x0000000087100000, 0x0000000087100000|100%| O|  |TAMS 0x0000000087100000, 0x0000000087000000| Untracked 
| 113|0x0000000087100000, 0x0000000087200000, 0x0000000087200000|100%| O|  |TAMS 0x0000000087200000, 0x0000000087100000| Untracked 
| 114|0x0000000087200000, 0x0000000087200000, 0x0000000087300000|  0%| F|  |TAMS 0x0000000087200000, 0x0000000087200000| Untracked 
| 115|0x0000000087300000, 0x0000000087300000, 0x0000000087400000|  0%| F|  |TAMS 0x0000000087300000, 0x0000000087300000| Untracked 
| 116|0x0000000087400000, 0x0000000087400000, 0x0000000087500000|  0%| F|  |TAMS 0x0000000087400000, 0x0000000087400000| Untracked 
| 117|0x0000000087500000, 0x0000000087600000, 0x0000000087600000|100%| O|  |TAMS 0x0000000087600000, 0x0000000087500000| Untracked 
| 118|0x0000000087600000, 0x0000000087600000, 0x0000000087700000|  0%| F|  |TAMS 0x0000000087600000, 0x0000000087600000| Untracked 
| 119|0x0000000087700000, 0x0000000087700000, 0x0000000087800000|  0%| F|  |TAMS 0x0000000087700000, 0x0000000087700000| Untracked 
| 120|0x0000000087800000, 0x0000000087900000, 0x0000000087900000|100%| O|  |TAMS 0x0000000087826400, 0x0000000087800000| Untracked 
| 121|0x0000000087900000, 0x0000000087900000, 0x0000000087a00000|  0%| F|  |TAMS 0x0000000087900000, 0x0000000087900000| Untracked 
| 122|0x0000000087a00000, 0x0000000087a00000, 0x0000000087b00000|  0%| F|  |TAMS 0x0000000087a00000, 0x0000000087a00000| Untracked 
| 123|0x0000000087b00000, 0x0000000087b00000, 0x0000000087c00000|  0%| F|  |TAMS 0x0000000087b00000, 0x0000000087b00000| Untracked 
| 124|0x0000000087c00000, 0x0000000087c00000, 0x0000000087d00000|  0%| F|  |TAMS 0x0000000087c00000, 0x0000000087c00000| Untracked 
| 125|0x0000000087d00000, 0x0000000087d00000, 0x0000000087e00000|  0%| F|  |TAMS 0x0000000087d00000, 0x0000000087d00000| Untracked 
| 126|0x0000000087e00000, 0x0000000087e00000, 0x0000000087f00000|  0%| F|  |TAMS 0x0000000087e00000, 0x0000000087e00000| Untracked 
| 127|0x0000000087f00000, 0x0000000087f00000, 0x0000000088000000|  0%| F|  |TAMS 0x0000000087f00000, 0x0000000087f00000| Untracked 
| 128|0x0000000088000000, 0x0000000088000000, 0x0000000088100000|  0%| F|  |TAMS 0x0000000088000000, 0x0000000088000000| Untracked 
| 129|0x0000000088100000, 0x0000000088100000, 0x0000000088200000|  0%| F|  |TAMS 0x0000000088100000, 0x0000000088100000| Untracked 
| 130|0x0000000088200000, 0x0000000088200000, 0x0000000088300000|  0%| F|  |TAMS 0x0000000088200000, 0x0000000088200000| Untracked 
| 131|0x0000000088300000, 0x0000000088300000, 0x0000000088400000|  0%| F|  |TAMS 0x0000000088300000, 0x0000000088300000| Untracked 
| 132|0x0000000088400000, 0x0000000088400000, 0x0000000088500000|  0%| F|  |TAMS 0x0000000088400000, 0x0000000088400000| Untracked 
| 133|0x0000000088500000, 0x0000000088500000, 0x0000000088600000|  0%| F|  |TAMS 0x0000000088500000, 0x0000000088500000| Untracked 
| 134|0x0000000088600000, 0x0000000088600000, 0x0000000088700000|  0%| F|  |TAMS 0x0000000088600000, 0x0000000088600000| Untracked 
| 135|0x0000000088700000, 0x0000000088800000, 0x0000000088800000|100%|HS|  |TAMS 0x0000000088800000, 0x0000000088700000| Complete 
| 136|0x0000000088800000, 0x0000000088800000, 0x0000000088900000|  0%| F|  |TAMS 0x0000000088800000, 0x0000000088800000| Untracked 
| 137|0x0000000088900000, 0x0000000088a00000, 0x0000000088a00000|100%| O|  |TAMS 0x0000000088a00000, 0x0000000088900000| Untracked 
| 138|0x0000000088a00000, 0x0000000088a00000, 0x0000000088b00000|  0%| F|  |TAMS 0x0000000088a00000, 0x0000000088a00000| Untracked 
| 139|0x0000000088b00000, 0x0000000088c00000, 0x0000000088c00000|100%| O|  |TAMS 0x0000000088c00000, 0x0000000088b00000| Untracked 
| 140|0x0000000088c00000, 0x0000000088c00000, 0x0000000088d00000|  0%| F|  |TAMS 0x0000000088c00000, 0x0000000088c00000| Untracked 
| 141|0x0000000088d00000, 0x0000000088d00000, 0x0000000088e00000|  0%| F|  |TAMS 0x0000000088d00000, 0x0000000088d00000| Untracked 
| 142|0x0000000088e00000, 0x0000000088e00000, 0x0000000088f00000|  0%| F|  |TAMS 0x0000000088e00000, 0x0000000088e00000| Untracked 
| 143|0x0000000088f00000, 0x0000000088f00000, 0x0000000089000000|  0%| F|  |TAMS 0x0000000088f00000, 0x0000000088f00000| Untracked 
| 144|0x0000000089000000, 0x0000000089000000, 0x0000000089100000|  0%| F|  |TAMS 0x0000000089000000, 0x0000000089000000| Untracked 
| 145|0x0000000089100000, 0x0000000089100000, 0x0000000089200000|  0%| F|  |TAMS 0x0000000089100000, 0x0000000089100000| Untracked 
| 146|0x0000000089200000, 0x0000000089200000, 0x0000000089300000|  0%| F|  |TAMS 0x0000000089200000, 0x0000000089200000| Untracked 
| 147|0x0000000089300000, 0x0000000089300000, 0x0000000089400000|  0%| F|  |TAMS 0x0000000089300000, 0x0000000089300000| Untracked 
| 148|0x0000000089400000, 0x0000000089400000, 0x0000000089500000|  0%| F|  |TAMS 0x0000000089400000, 0x0000000089400000| Untracked 
| 149|0x0000000089500000, 0x0000000089500000, 0x0000000089600000|  0%| F|  |TAMS 0x0000000089500000, 0x0000000089500000| Untracked 
| 150|0x0000000089600000, 0x0000000089600000, 0x0000000089700000|  0%| F|  |TAMS 0x0000000089600000, 0x0000000089600000| Untracked 
| 151|0x0000000089700000, 0x0000000089700000, 0x0000000089800000|  0%| F|  |TAMS 0x0000000089700000, 0x0000000089700000| Untracked 
| 152|0x0000000089800000, 0x0000000089800000, 0x0000000089900000|  0%| F|  |TAMS 0x0000000089800000, 0x0000000089800000| Untracked 
| 153|0x0000000089900000, 0x0000000089900000, 0x0000000089a00000|  0%| F|  |TAMS 0x0000000089900000, 0x0000000089900000| Untracked 
| 154|0x0000000089a00000, 0x0000000089a00000, 0x0000000089b00000|  0%| F|  |TAMS 0x0000000089a00000, 0x0000000089a00000| Untracked 
| 155|0x0000000089b00000, 0x0000000089b00000, 0x0000000089c00000|  0%| F|  |TAMS 0x0000000089b00000, 0x0000000089b00000| Untracked 
| 156|0x0000000089c00000, 0x0000000089c00000, 0x0000000089d00000|  0%| F|  |TAMS 0x0000000089c00000, 0x0000000089c00000| Untracked 
| 157|0x0000000089d00000, 0x0000000089d00000, 0x0000000089e00000|  0%| F|  |TAMS 0x0000000089d00000, 0x0000000089d00000| Untracked 
| 158|0x0000000089e00000, 0x0000000089e00000, 0x0000000089f00000|  0%| F|  |TAMS 0x0000000089e00000, 0x0000000089e00000| Untracked 
| 159|0x0000000089f00000, 0x0000000089f00000, 0x000000008a000000|  0%| F|  |TAMS 0x0000000089f00000, 0x0000000089f00000| Untracked 
| 160|0x000000008a000000, 0x000000008a000000, 0x000000008a100000|  0%| F|  |TAMS 0x000000008a000000, 0x000000008a000000| Untracked 
| 161|0x000000008a100000, 0x000000008a100000, 0x000000008a200000|  0%| F|  |TAMS 0x000000008a100000, 0x000000008a100000| Untracked 
| 162|0x000000008a200000, 0x000000008a200000, 0x000000008a300000|  0%| F|  |TAMS 0x000000008a200000, 0x000000008a200000| Untracked 
| 163|0x000000008a300000, 0x000000008a300000, 0x000000008a400000|  0%| F|  |TAMS 0x000000008a300000, 0x000000008a300000| Untracked 
| 164|0x000000008a400000, 0x000000008a400000, 0x000000008a500000|  0%| F|  |TAMS 0x000000008a400000, 0x000000008a400000| Untracked 
| 165|0x000000008a500000, 0x000000008a500000, 0x000000008a600000|  0%| F|  |TAMS 0x000000008a500000, 0x000000008a500000| Untracked 
| 166|0x000000008a600000, 0x000000008a600000, 0x000000008a700000|  0%| F|  |TAMS 0x000000008a600000, 0x000000008a600000| Untracked 
| 167|0x000000008a700000, 0x000000008a700000, 0x000000008a800000|  0%| F|  |TAMS 0x000000008a700000, 0x000000008a700000| Untracked 
| 168|0x000000008a800000, 0x000000008a800000, 0x000000008a900000|  0%| F|  |TAMS 0x000000008a800000, 0x000000008a800000| Untracked 
| 169|0x000000008a900000, 0x000000008a900000, 0x000000008aa00000|  0%| F|  |TAMS 0x000000008a900000, 0x000000008a900000| Untracked 
| 170|0x000000008aa00000, 0x000000008aa00000, 0x000000008ab00000|  0%| F|  |TAMS 0x000000008aa00000, 0x000000008aa00000| Untracked 
| 171|0x000000008ab00000, 0x000000008ab00000, 0x000000008ac00000|  0%| F|  |TAMS 0x000000008ab00000, 0x000000008ab00000| Untracked 
| 172|0x000000008ac00000, 0x000000008ac00000, 0x000000008ad00000|  0%| F|  |TAMS 0x000000008ac00000, 0x000000008ac00000| Untracked 
| 173|0x000000008ad00000, 0x000000008ad00000, 0x000000008ae00000|  0%| F|  |TAMS 0x000000008ad00000, 0x000000008ad00000| Untracked 
| 174|0x000000008ae00000, 0x000000008ae00000, 0x000000008af00000|  0%| F|  |TAMS 0x000000008ae00000, 0x000000008ae00000| Untracked 
| 175|0x000000008af00000, 0x000000008af00000, 0x000000008b000000|  0%| F|  |TAMS 0x000000008af00000, 0x000000008af00000| Untracked 
| 176|0x000000008b000000, 0x000000008b000000, 0x000000008b100000|  0%| F|  |TAMS 0x000000008b000000, 0x000000008b000000| Untracked 
| 177|0x000000008b100000, 0x000000008b100000, 0x000000008b200000|  0%| F|  |TAMS 0x000000008b100000, 0x000000008b100000| Untracked 
| 178|0x000000008b200000, 0x000000008b200000, 0x000000008b300000|  0%| F|  |TAMS 0x000000008b200000, 0x000000008b200000| Untracked 
| 179|0x000000008b300000, 0x000000008b300000, 0x000000008b400000|  0%| F|  |TAMS 0x000000008b300000, 0x000000008b300000| Untracked 
| 180|0x000000008b400000, 0x000000008b400000, 0x000000008b500000|  0%| F|  |TAMS 0x000000008b400000, 0x000000008b400000| Untracked 
| 181|0x000000008b500000, 0x000000008b500000, 0x000000008b600000|  0%| F|  |TAMS 0x000000008b500000, 0x000000008b500000| Untracked 
| 182|0x000000008b600000, 0x000000008b600000, 0x000000008b700000|  0%| F|  |TAMS 0x000000008b600000, 0x000000008b600000| Untracked 
| 183|0x000000008b700000, 0x000000008b700000, 0x000000008b800000|  0%| F|  |TAMS 0x000000008b700000, 0x000000008b700000| Untracked 
| 184|0x000000008b800000, 0x000000008b800000, 0x000000008b900000|  0%| F|  |TAMS 0x000000008b800000, 0x000000008b800000| Untracked 
| 185|0x000000008b900000, 0x000000008b900000, 0x000000008ba00000|  0%| F|  |TAMS 0x000000008b900000, 0x000000008b900000| Untracked 
| 186|0x000000008ba00000, 0x000000008ba00000, 0x000000008bb00000|  0%| F|  |TAMS 0x000000008ba00000, 0x000000008ba00000| Untracked 
| 187|0x000000008bb00000, 0x000000008bb00000, 0x000000008bc00000|  0%| F|  |TAMS 0x000000008bb00000, 0x000000008bb00000| Untracked 
| 188|0x000000008bc00000, 0x000000008bc00000, 0x000000008bd00000|  0%| F|  |TAMS 0x000000008bc00000, 0x000000008bc00000| Untracked 
| 189|0x000000008bd00000, 0x000000008bd00000, 0x000000008be00000|  0%| F|  |TAMS 0x000000008bd00000, 0x000000008bd00000| Untracked 
| 190|0x000000008be00000, 0x000000008be00000, 0x000000008bf00000|  0%| F|  |TAMS 0x000000008be00000, 0x000000008be00000| Untracked 
| 191|0x000000008bf00000, 0x000000008bf00000, 0x000000008c000000|  0%| F|  |TAMS 0x000000008bf00000, 0x000000008bf00000| Untracked 
| 192|0x000000008c000000, 0x000000008c000000, 0x000000008c100000|  0%| F|  |TAMS 0x000000008c000000, 0x000000008c000000| Untracked 
| 193|0x000000008c100000, 0x000000008c100000, 0x000000008c200000|  0%| F|  |TAMS 0x000000008c100000, 0x000000008c100000| Untracked 
| 194|0x000000008c200000, 0x000000008c200000, 0x000000008c300000|  0%| F|  |TAMS 0x000000008c200000, 0x000000008c200000| Untracked 
| 195|0x000000008c300000, 0x000000008c300000, 0x000000008c400000|  0%| F|  |TAMS 0x000000008c300000, 0x000000008c300000| Untracked 
| 196|0x000000008c400000, 0x000000008c400000, 0x000000008c500000|  0%| F|  |TAMS 0x000000008c400000, 0x000000008c400000| Untracked 
| 197|0x000000008c500000, 0x000000008c500000, 0x000000008c600000|  0%| F|  |TAMS 0x000000008c500000, 0x000000008c500000| Untracked 
| 198|0x000000008c600000, 0x000000008c600000, 0x000000008c700000|  0%| F|  |TAMS 0x000000008c600000, 0x000000008c600000| Untracked 
| 199|0x000000008c700000, 0x000000008c700000, 0x000000008c800000|  0%| F|  |TAMS 0x000000008c700000, 0x000000008c700000| Untracked 
| 200|0x000000008c800000, 0x000000008c800000, 0x000000008c900000|  0%| F|  |TAMS 0x000000008c800000, 0x000000008c800000| Untracked 
| 201|0x000000008c900000, 0x000000008c900000, 0x000000008ca00000|  0%| F|  |TAMS 0x000000008c900000, 0x000000008c900000| Untracked 
| 202|0x000000008ca00000, 0x000000008ca00000, 0x000000008cb00000|  0%| F|  |TAMS 0x000000008ca00000, 0x000000008ca00000| Untracked 
| 203|0x000000008cb00000, 0x000000008cb00000, 0x000000008cc00000|  0%| F|  |TAMS 0x000000008cb00000, 0x000000008cb00000| Untracked 
| 204|0x000000008cc00000, 0x000000008cc00000, 0x000000008cd00000|  0%| F|  |TAMS 0x000000008cc00000, 0x000000008cc00000| Untracked 
| 205|0x000000008cd00000, 0x000000008cd00000, 0x000000008ce00000|  0%| F|  |TAMS 0x000000008cd00000, 0x000000008cd00000| Untracked 
| 206|0x000000008ce00000, 0x000000008ce00000, 0x000000008cf00000|  0%| F|  |TAMS 0x000000008ce00000, 0x000000008ce00000| Untracked 
| 207|0x000000008cf00000, 0x000000008cf00000, 0x000000008d000000|  0%| F|  |TAMS 0x000000008cf00000, 0x000000008cf00000| Untracked 
| 208|0x000000008d000000, 0x000000008d000000, 0x000000008d100000|  0%| F|  |TAMS 0x000000008d000000, 0x000000008d000000| Untracked 
| 209|0x000000008d100000, 0x000000008d100000, 0x000000008d200000|  0%| F|  |TAMS 0x000000008d100000, 0x000000008d100000| Untracked 
| 210|0x000000008d200000, 0x000000008d200000, 0x000000008d300000|  0%| F|  |TAMS 0x000000008d200000, 0x000000008d200000| Untracked 
| 211|0x000000008d300000, 0x000000008d300000, 0x000000008d400000|  0%| F|  |TAMS 0x000000008d300000, 0x000000008d300000| Untracked 
| 212|0x000000008d400000, 0x000000008d400000, 0x000000008d500000|  0%| F|  |TAMS 0x000000008d400000, 0x000000008d400000| Untracked 
| 213|0x000000008d500000, 0x000000008d500000, 0x000000008d600000|  0%| F|  |TAMS 0x000000008d500000, 0x000000008d500000| Untracked 
| 214|0x000000008d600000, 0x000000008d600000, 0x000000008d700000|  0%| F|  |TAMS 0x000000008d600000, 0x000000008d600000| Untracked 
| 215|0x000000008d700000, 0x000000008d700000, 0x000000008d800000|  0%| F|  |TAMS 0x000000008d700000, 0x000000008d700000| Untracked 
| 216|0x000000008d800000, 0x000000008d800000, 0x000000008d900000|  0%| F|  |TAMS 0x000000008d800000, 0x000000008d800000| Untracked 
| 217|0x000000008d900000, 0x000000008d900000, 0x000000008da00000|  0%| F|  |TAMS 0x000000008d900000, 0x000000008d900000| Untracked 
| 218|0x000000008da00000, 0x000000008da00000, 0x000000008db00000|  0%| F|  |TAMS 0x000000008da00000, 0x000000008da00000| Untracked 
| 219|0x000000008db00000, 0x000000008db00000, 0x000000008dc00000|  0%| F|  |TAMS 0x000000008db00000, 0x000000008db00000| Untracked 
| 220|0x000000008dc00000, 0x000000008dc00000, 0x000000008dd00000|  0%| F|  |TAMS 0x000000008dc00000, 0x000000008dc00000| Untracked 
| 221|0x000000008dd00000, 0x000000008dd00000, 0x000000008de00000|  0%| F|  |TAMS 0x000000008dd00000, 0x000000008dd00000| Untracked 
| 222|0x000000008de00000, 0x000000008de00000, 0x000000008df00000|  0%| F|  |TAMS 0x000000008de00000, 0x000000008de00000| Untracked 
| 223|0x000000008df00000, 0x000000008df00000, 0x000000008e000000|  0%| F|  |TAMS 0x000000008df00000, 0x000000008df00000| Untracked 
| 224|0x000000008e000000, 0x000000008e000000, 0x000000008e100000|  0%| F|  |TAMS 0x000000008e000000, 0x000000008e000000| Untracked 
| 225|0x000000008e100000, 0x000000008e100000, 0x000000008e200000|  0%| F|  |TAMS 0x000000008e100000, 0x000000008e100000| Untracked 
| 226|0x000000008e200000, 0x000000008e200000, 0x000000008e300000|  0%| F|  |TAMS 0x000000008e200000, 0x000000008e200000| Untracked 
| 227|0x000000008e300000, 0x000000008e300000, 0x000000008e400000|  0%| F|  |TAMS 0x000000008e300000, 0x000000008e300000| Untracked 
| 228|0x000000008e400000, 0x000000008e400000, 0x000000008e500000|  0%| F|  |TAMS 0x000000008e400000, 0x000000008e400000| Untracked 
| 229|0x000000008e500000, 0x000000008e500000, 0x000000008e600000|  0%| F|  |TAMS 0x000000008e500000, 0x000000008e500000| Untracked 
| 230|0x000000008e600000, 0x000000008e600000, 0x000000008e700000|  0%| F|  |TAMS 0x000000008e600000, 0x000000008e600000| Untracked 
| 231|0x000000008e700000, 0x000000008e700000, 0x000000008e800000|  0%| F|  |TAMS 0x000000008e700000, 0x000000008e700000| Untracked 
| 232|0x000000008e800000, 0x000000008e800000, 0x000000008e900000|  0%| F|  |TAMS 0x000000008e800000, 0x000000008e800000| Untracked 
| 233|0x000000008e900000, 0x000000008e900000, 0x000000008ea00000|  0%| F|  |TAMS 0x000000008e900000, 0x000000008e900000| Untracked 
| 234|0x000000008ea00000, 0x000000008ea00000, 0x000000008eb00000|  0%| F|  |TAMS 0x000000008ea00000, 0x000000008ea00000| Untracked 
| 235|0x000000008eb00000, 0x000000008eb00000, 0x000000008ec00000|  0%| F|  |TAMS 0x000000008eb00000, 0x000000008eb00000| Untracked 
| 236|0x000000008ec00000, 0x000000008ec00000, 0x000000008ed00000|  0%| F|  |TAMS 0x000000008ec00000, 0x000000008ec00000| Untracked 
| 237|0x000000008ed00000, 0x000000008ed00000, 0x000000008ee00000|  0%| F|  |TAMS 0x000000008ed00000, 0x000000008ed00000| Untracked 
| 238|0x000000008ee00000, 0x000000008ee00000, 0x000000008ef00000|  0%| F|  |TAMS 0x000000008ee00000, 0x000000008ee00000| Untracked 
| 239|0x000000008ef00000, 0x000000008ef00000, 0x000000008f000000|  0%| F|  |TAMS 0x000000008ef00000, 0x000000008ef00000| Untracked 
| 240|0x000000008f000000, 0x000000008f000000, 0x000000008f100000|  0%| F|  |TAMS 0x000000008f000000, 0x000000008f000000| Untracked 
| 241|0x000000008f100000, 0x000000008f100000, 0x000000008f200000|  0%| F|  |TAMS 0x000000008f100000, 0x000000008f100000| Untracked 
| 242|0x000000008f200000, 0x000000008f200000, 0x000000008f300000|  0%| F|  |TAMS 0x000000008f200000, 0x000000008f200000| Untracked 
| 243|0x000000008f300000, 0x000000008f300000, 0x000000008f400000|  0%| F|  |TAMS 0x000000008f300000, 0x000000008f300000| Untracked 
| 244|0x000000008f400000, 0x000000008f400000, 0x000000008f500000|  0%| F|  |TAMS 0x000000008f400000, 0x000000008f400000| Untracked 
| 245|0x000000008f500000, 0x000000008f500000, 0x000000008f600000|  0%| F|  |TAMS 0x000000008f500000, 0x000000008f500000| Untracked 
| 246|0x000000008f600000, 0x000000008f600000, 0x000000008f700000|  0%| F|  |TAMS 0x000000008f600000, 0x000000008f600000| Untracked 
| 247|0x000000008f700000, 0x000000008f700000, 0x000000008f800000|  0%| F|  |TAMS 0x000000008f700000, 0x000000008f700000| Untracked 
| 248|0x000000008f800000, 0x000000008f800000, 0x000000008f900000|  0%| F|  |TAMS 0x000000008f800000, 0x000000008f800000| Untracked 
| 249|0x000000008f900000, 0x000000008f900000, 0x000000008fa00000|  0%| F|  |TAMS 0x000000008f900000, 0x000000008f900000| Untracked 
| 250|0x000000008fa00000, 0x000000008fa9d0a0, 0x000000008fb00000| 61%| E|  |TAMS 0x000000008fa00000, 0x000000008fa00000| Complete 
| 251|0x000000008fb00000, 0x000000008fc00000, 0x000000008fc00000|100%| E|CS|TAMS 0x000000008fb00000, 0x000000008fb00000| Complete 
| 252|0x000000008fc00000, 0x000000008fd00000, 0x000000008fd00000|100%| E|CS|TAMS 0x000000008fc00000, 0x000000008fc00000| Complete 
| 253|0x000000008fd00000, 0x000000008fe00000, 0x000000008fe00000|100%| E|CS|TAMS 0x000000008fd00000, 0x000000008fd00000| Complete 
| 254|0x000000008fe00000, 0x000000008ff00000, 0x000000008ff00000|100%| E|CS|TAMS 0x000000008fe00000, 0x000000008fe00000| Complete 
| 255|0x000000008ff00000, 0x0000000090000000, 0x0000000090000000|100%| E|CS|TAMS 0x000000008ff00000, 0x000000008ff00000| Complete 
| 256|0x0000000090000000, 0x0000000090100000, 0x0000000090100000|100%| E|CS|TAMS 0x0000000090000000, 0x0000000090000000| Complete 
| 257|0x0000000090100000, 0x0000000090200000, 0x0000000090200000|100%| E|CS|TAMS 0x0000000090100000, 0x0000000090100000| Complete 
| 258|0x0000000090200000, 0x00000000902d3f20, 0x0000000090300000| 82%| S|CS|TAMS 0x0000000090200000, 0x0000000090200000| Complete 
| 259|0x0000000090300000, 0x0000000090400000, 0x0000000090400000|100%| E|CS|TAMS 0x0000000090300000, 0x0000000090300000| Complete 
| 260|0x0000000090400000, 0x0000000090500000, 0x0000000090500000|100%| E|CS|TAMS 0x0000000090400000, 0x0000000090400000| Complete 
| 261|0x0000000090500000, 0x0000000090600000, 0x0000000090600000|100%| E|CS|TAMS 0x0000000090500000, 0x0000000090500000| Complete 
| 262|0x0000000090600000, 0x0000000090700000, 0x0000000090700000|100%| E|CS|TAMS 0x0000000090600000, 0x0000000090600000| Complete 
| 263|0x0000000090700000, 0x0000000090800000, 0x0000000090800000|100%| E|CS|TAMS 0x0000000090700000, 0x0000000090700000| Complete 
| 264|0x0000000090800000, 0x0000000090900000, 0x0000000090900000|100%| E|CS|TAMS 0x0000000090800000, 0x0000000090800000| Complete 
| 265|0x0000000090900000, 0x0000000090a00000, 0x0000000090a00000|100%| E|CS|TAMS 0x0000000090900000, 0x0000000090900000| Complete 
| 266|0x0000000090a00000, 0x0000000090b00000, 0x0000000090b00000|100%| E|CS|TAMS 0x0000000090a00000, 0x0000000090a00000| Complete 
| 267|0x0000000090b00000, 0x0000000090c00000, 0x0000000090c00000|100%| E|CS|TAMS 0x0000000090b00000, 0x0000000090b00000| Complete 
| 268|0x0000000090c00000, 0x0000000090d00000, 0x0000000090d00000|100%| E|CS|TAMS 0x0000000090c00000, 0x0000000090c00000| Complete 

Card table byte_map: [0x000002b57b2b0000,0x000002b57b6b0000] _byte_map_base: 0x000002b57aeb0000

Marking Bits (Prev, Next): (CMBitMap*) 0x000002b568579e08, (CMBitMap*) 0x000002b568579e40
 Prev Bits: [0x000002b57bab0000, 0x000002b57dab0000)
 Next Bits: [0x000002b57dab0000, 0x000002b57fab0000)

Polling page: 0x000002b566370000

Metaspace:

Usage:
  Non-class:     73.35 MB capacity,    72.05 MB ( 98%) used,     1.11 MB (  2%) free+waste,   196.06 KB ( <1%) overhead. 
      Class:     10.98 MB capacity,    10.35 MB ( 94%) used,   559.17 KB (  5%) free+waste,    86.69 KB ( <1%) overhead. 
       Both:     84.33 MB capacity,    82.40 MB ( 98%) used,     1.65 MB (  2%) free+waste,   282.75 KB ( <1%) overhead. 

Virtual space:
  Non-class space:       74.00 MB reserved,      73.50 MB (>99%) committed 
      Class space:        1.00 GB reserved,      11.00 MB (  1%) committed 
             Both:        1.07 GB reserved,      84.50 MB (  8%) committed 

Chunk freelists:
   Non-Class:  23.00 KB
       Class:  22.00 KB
        Both:  45.00 KB

MaxMetaspaceSize: 17179869184.00 GB
CompressedClassSpaceSize: 1.00 GB

CodeHeap 'non-profiled nmethods': size=120064Kb used=5824Kb max_used=5824Kb free=114240Kb
 bounds [0x000002b573970000, 0x000002b573f20000, 0x000002b57aeb0000]
CodeHeap 'profiled nmethods': size=120000Kb used=22002Kb max_used=22002Kb free=97997Kb
 bounds [0x000002b56c440000, 0x000002b56d9c0000, 0x000002b573970000]
CodeHeap 'non-nmethods': size=5696Kb used=2262Kb max_used=2293Kb free=3433Kb
 bounds [0x000002b56beb0000, 0x000002b56c120000, 0x000002b56c440000]
 total_blobs=11487 nmethods=10612 adapters=786
 compilation: enabled
              stopped_count=0, restarted_count=0
 full_count=0

Compilation events (20 events):
Event: 221.797 Thread 0x000002b57fc9e800 nmethod 10932 0x000002b56d9a9c90 code [0x000002b56d9a9e40, 0x000002b56d9a9f48]
Event: 221.837 Thread 0x000002b57fc9e800 10934       3       com.esotericsoftware.kryo.io.Output::writeByte (36 bytes)
Event: 221.838 Thread 0x000002b57fc9e800 nmethod 10934 0x000002b56d9aa010 code [0x000002b56d9aa1e0, 0x000002b56d9aa3a8]
Event: 221.852 Thread 0x000002b57fc9e800 10935       3       org.gradle.internal.operations.DefaultBuildOperationQueue$WorkerRunnable::run (22 bytes)
Event: 221.853 Thread 0x000002b57fc9e800 nmethod 10935 0x000002b56d9aa490 code [0x000002b56d9aa680, 0x000002b56d9aa8c8]
Event: 221.853 Thread 0x000002b57fc9e800 10936       3       org.gradle.internal.operations.DefaultBuildOperationQueue::access$1210 (12 bytes)
Event: 221.854 Thread 0x000002b57fc9e800 nmethod 10936 0x000002b56d9aaa10 code [0x000002b56d9aabc0, 0x000002b56d9aacb8]
Event: 221.854 Thread 0x000002b57fc9e800 10937   !   3       java.util.concurrent.LinkedBlockingQueue::take (91 bytes)
Event: 221.857 Thread 0x000002b57fc9e800 nmethod 10937 0x000002b56d9aad90 code [0x000002b56d9ab120, 0x000002b56d9ac788]
Event: 221.862 Thread 0x000002b57fc9e800 10938       3       org.gradle.api.internal.artifacts.ivyservice.resolveengine.artifact.ParallelResolveArtifactSet$VisitingSet$AsyncArtifactListenerAdapter::requireArtifactFiles (10 bytes)
Event: 221.863 Thread 0x000002b57fc9e800 nmethod 10938 0x000002b56d9ad210 code [0x000002b56d9ad3c0, 0x000002b56d9ad588]
Event: 221.863 Thread 0x000002b57fc9e800 10939       3       org.gradle.api.internal.artifacts.ivyservice.resolveengine.artifact.ParallelResolveArtifactSet$VisitingSet$AsyncArtifactListenerAdapter::artifactAvailable (1 bytes)
Event: 221.863 Thread 0x000002b57fc9e800 nmethod 10939 0x000002b56d9ad690 code [0x000002b56d9ad840, 0x000002b56d9ad938]
Event: 221.863 Thread 0x000002b57fc9e800 10940       1       org.gradle.api.internal.artifacts.ivyservice.ResolvedFilesCollectingVisitor::requireArtifactFiles (2 bytes)
Event: 221.863 Thread 0x000002b57fc9e800 nmethod 10940 0x000002b573f1f290 code [0x000002b573f1f440, 0x000002b573f1f4f8]
Event: 221.869 Thread 0x000002b57fc9e800 10941       3       org.gradle.launcher.daemon.protocol.Message::<init> (5 bytes)
Event: 221.870 Thread 0x000002b57fc9e800 nmethod 10941 0x000002b56d9ada10 code [0x000002b56d9adbc0, 0x000002b56d9add18]
Event: 221.870 Thread 0x000002b57fc9e800 10942   !   3       sun.nio.ch.IOUtil::write (174 bytes)
Event: 221.871 Thread 0x000002b57fc9e800 nmethod 10942 0x000002b56d9ade10 code [0x000002b56d9ae080, 0x000002b56d9ae8e8]
Event: 221.871 Thread 0x000002b57fc9e800 10943       3       sun.nio.ch.IOUtil::writeFromNativeBuffer (157 bytes)

GC Heap History (20 events):
Event: 54.575 GC heap before
{Heap before GC invocations=38 (full 0):
 garbage-first heap   total 204800K, used 130048K [0x0000000080000000, 0x0000000100000000)
  region size 1024K, 5 young (5120K), 4 survivors (4096K)
 Metaspace       used 76138K, capacity 77753K, committed 77952K, reserved 1116160K
  class space    used 9697K, capacity 10245K, committed 10368K, reserved 1048576K
}
Event: 54.599 GC heap after
{Heap after GC invocations=39 (full 0):
 garbage-first heap   total 204800K, used 131066K [0x0000000080000000, 0x0000000100000000)
  region size 1024K, 1 young (1024K), 1 survivors (1024K)
 Metaspace       used 76138K, capacity 77753K, committed 77952K, reserved 1116160K
  class space    used 9697K, capacity 10245K, committed 10368K, reserved 1048576K
}
Event: 55.640 GC heap before
{Heap before GC invocations=40 (full 0):
 garbage-first heap   total 204800K, used 132090K [0x0000000080000000, 0x0000000100000000)
  region size 1024K, 2 young (2048K), 1 survivors (1024K)
 Metaspace       used 76140K, capacity 77756K, committed 77952K, reserved 1116160K
  class space    used 9697K, capacity 10245K, committed 10368K, reserved 1048576K
}
Event: 55.647 GC heap after
{Heap after GC invocations=41 (full 0):
 garbage-first heap   total 204800K, used 131615K [0x0000000080000000, 0x0000000100000000)
  region size 1024K, 1 young (1024K), 1 survivors (1024K)
 Metaspace       used 76140K, capacity 77756K, committed 77952K, reserved 1116160K
  class space    used 9697K, capacity 10245K, committed 10368K, reserved 1048576K
}
Event: 58.255 GC heap before
{Heap before GC invocations=42 (full 0):
 garbage-first heap   total 204800K, used 160287K [0x0000000080000000, 0x0000000100000000)
  region size 1024K, 22 young (22528K), 1 survivors (1024K)
 Metaspace       used 76648K, capacity 78377K, committed 78464K, reserved 1118208K
  class space    used 9750K, capacity 10323K, committed 10368K, reserved 1048576K
}
Event: 58.278 GC heap after
{Heap after GC invocations=43 (full 0):
 garbage-first heap   total 204800K, used 145408K [0x0000000080000000, 0x0000000100000000)
  region size 1024K, 3 young (3072K), 3 survivors (3072K)
 Metaspace       used 76648K, capacity 78377K, committed 78464K, reserved 1118208K
  class space    used 9750K, capacity 10323K, committed 10368K, reserved 1048576K
}
Event: 58.344 GC heap before
{Heap before GC invocations=43 (full 0):
 garbage-first heap   total 204800K, used 152576K [0x0000000080000000, 0x0000000100000000)
  region size 1024K, 10 young (10240K), 3 survivors (3072K)
 Metaspace       used 76683K, capacity 78382K, committed 78464K, reserved 1118208K
  class space    used 9751K, capacity 10324K, committed 10368K, reserved 1048576K
}
Event: 58.368 GC heap after
{Heap after GC invocations=44 (full 0):
 garbage-first heap   total 275456K, used 144380K [0x0000000080000000, 0x0000000100000000)
  region size 1024K, 2 young (2048K), 2 survivors (2048K)
 Metaspace       used 76683K, capacity 78382K, committed 78464K, reserved 1118208K
  class space    used 9751K, capacity 10324K, committed 10368K, reserved 1048576K
}
Event: 58.463 GC heap before
{Heap before GC invocations=44 (full 0):
 garbage-first heap   total 275456K, used 160764K [0x0000000080000000, 0x0000000100000000)
  region size 1024K, 19 young (19456K), 2 survivors (2048K)
 Metaspace       used 76683K, capacity 78382K, committed 78464K, reserved 1118208K
  class space    used 9751K, capacity 10324K, committed 10368K, reserved 1048576K
}
Event: 58.484 GC heap after
{Heap after GC invocations=45 (full 0):
 garbage-first heap   total 275456K, used 147034K [0x0000000080000000, 0x0000000100000000)
  region size 1024K, 4 young (4096K), 4 survivors (4096K)
 Metaspace       used 76683K, capacity 78382K, committed 78464K, reserved 1118208K
  class space    used 9751K, capacity 10324K, committed 10368K, reserved 1048576K
}
Event: 59.672 GC heap before
{Heap before GC invocations=46 (full 0):
 garbage-first heap   total 275456K, used 151130K [0x0000000080000000, 0x0000000100000000)
  region size 1024K, 11 young (11264K), 4 survivors (4096K)
 Metaspace       used 76688K, capacity 78386K, committed 78464K, reserved 1118208K
  class space    used 9752K, capacity 10325K, committed 10368K, reserved 1048576K
}
Event: 59.689 GC heap after
{Heap after GC invocations=47 (full 0):
 garbage-first heap   total 275456K, used 145848K [0x0000000080000000, 0x0000000100000000)
  region size 1024K, 4 young (4096K), 4 survivors (4096K)
 Metaspace       used 76688K, capacity 78386K, committed 78464K, reserved 1118208K
  class space    used 9752K, capacity 10325K, committed 10368K, reserved 1048576K
}
Event: 63.520 GC heap before
{Heap before GC invocations=48 (full 0):
 garbage-first heap   total 275456K, used 195000K [0x0000000080000000, 0x0000000100000000)
  region size 1024K, 47 young (48128K), 4 survivors (4096K)
 Metaspace       used 77496K, capacity 79135K, committed 79360K, reserved 1118208K
  class space    used 9853K, capacity 10435K, committed 10496K, reserved 1048576K
}
Event: 63.537 GC heap after
{Heap after GC invocations=49 (full 0):
 garbage-first heap   total 275456K, used 143160K [0x0000000080000000, 0x0000000100000000)
  region size 1024K, 2 young (2048K), 2 survivors (2048K)
 Metaspace       used 77496K, capacity 79135K, committed 79360K, reserved 1118208K
  class space    used 9853K, capacity 10435K, committed 10496K, reserved 1048576K
}
Event: 64.575 GC heap before
{Heap before GC invocations=49 (full 0):
 garbage-first heap   total 275456K, used 159544K [0x0000000080000000, 0x0000000100000000)
  region size 1024K, 20 young (20480K), 2 survivors (2048K)
 Metaspace       used 78542K, capacity 80287K, committed 80512K, reserved 1120256K
  class space    used 9977K, capacity 10565K, committed 10624K, reserved 1048576K
}
Event: 64.592 GC heap after
{Heap after GC invocations=50 (full 0):
 garbage-first heap   total 275456K, used 144951K [0x0000000080000000, 0x0000000100000000)
  region size 1024K, 4 young (4096K), 4 survivors (4096K)
 Metaspace       used 78542K, capacity 80287K, committed 80512K, reserved 1120256K
  class space    used 9977K, capacity 10565K, committed 10624K, reserved 1048576K
}
Event: 68.646 GC heap before
{Heap before GC invocations=51 (full 0):
 garbage-first heap   total 275456K, used 211511K [0x0000000080000000, 0x0000000100000000)
  region size 1024K, 55 young (56320K), 4 survivors (4096K)
 Metaspace       used 80729K, capacity 82672K, committed 82944K, reserved 1122304K
  class space    used 10321K, capacity 10959K, committed 11008K, reserved 1048576K
}
Event: 68.674 GC heap after
{Heap after GC invocations=52 (full 0):
 garbage-first heap   total 275456K, used 123033K [0x0000000080000000, 0x0000000100000000)
  region size 1024K, 3 young (3072K), 3 survivors (3072K)
 Metaspace       used 80729K, capacity 82672K, committed 82944K, reserved 1122304K
  class space    used 10321K, capacity 10959K, committed 11008K, reserved 1048576K
}
Event: 69.482 GC heap before
{Heap before GC invocations=52 (full 0):
 garbage-first heap   total 275456K, used 132249K [0x0000000080000000, 0x0000000100000000)
  region size 1024K, 13 young (13312K), 3 survivors (3072K)
 Metaspace       used 82485K, capacity 84440K, committed 84608K, reserved 1122304K
  class space    used 10486K, capacity 11104K, committed 11136K, reserved 1048576K
}
Event: 69.541 GC heap after
{Heap after GC invocations=53 (full 0):
 garbage-first heap   total 275456K, used 105903K [0x0000000080000000, 0x0000000100000000)
  region size 1024K, 1 young (1024K), 1 survivors (1024K)
 Metaspace       used 82485K, capacity 84440K, committed 84608K, reserved 1122304K
  class space    used 10486K, capacity 11104K, committed 11136K, reserved 1048576K
}

Deoptimization events (20 events):
Event: 220.937 Thread 0x000002b506f7f000 DEOPT PACKING pc=0x000002b573d76ca4 sp=0x000000c02a5fd4a0
Event: 220.937 Thread 0x000002b506f7f000 DEOPT UNPACKING pc=0x000002b56bed68a9 sp=0x000000c02a5fd438 mode 2
Event: 220.938 Thread 0x000002b506f7f000 Uncommon trap: trap_request=0xffffffde fr.pc=0x000002b573e8cdf4 relative=0x0000000000000ed4
Event: 220.938 Thread 0x000002b506f7f000 Uncommon trap: reason=class_check action=maybe_recompile pc=0x000002b573e8cdf4 method=sun.nio.ch.IOUtil.read(Ljava/io/FileDescriptor;Ljava/nio/ByteBuffer;JZILsun/nio/ch/NativeDispatcher;)I @ 1 c2
Event: 220.938 Thread 0x000002b506f7f000 DEOPT PACKING pc=0x000002b573e8cdf4 sp=0x000000c02a5fdd90
Event: 220.938 Thread 0x000002b506f7f000 DEOPT UNPACKING pc=0x000002b56bed68a9 sp=0x000000c02a5fdd78 mode 2
Event: 221.115 Thread 0x000002b506f82000 DEOPT PACKING pc=0x000002b56c6add8e sp=0x000000c02a7fb500
Event: 221.115 Thread 0x000002b506f82000 DEOPT UNPACKING pc=0x000002b56bed66bf sp=0x000000c02a7fa990 mode 0
Event: 221.155 Thread 0x000002b506f82000 Uncommon trap: trap_request=0xffffffc6 fr.pc=0x000002b573cfb1ac relative=0x0000000000000a6c
Event: 221.155 Thread 0x000002b506f82000 Uncommon trap: reason=bimorphic_or_optimized_type_check action=maybe_recompile pc=0x000002b573cfb1ac method=com.google.common.cache.LocalCache$Segment.getEntry(Ljava/lang/Object;I)Lcom/google/common/cache/ReferenceEntry; @ 11 c2
Event: 221.156 Thread 0x000002b506f82000 DEOPT PACKING pc=0x000002b573cfb1ac sp=0x000000c02a7fb360
Event: 221.156 Thread 0x000002b506f82000 DEOPT UNPACKING pc=0x000002b56bed68a9 sp=0x000000c02a7fb288 mode 2
Event: 221.635 Thread 0x000002b506f82000 Uncommon trap: trap_request=0xffffffcc fr.pc=0x000002b573f1e03c relative=0x000000000000011c
Event: 221.635 Thread 0x000002b506f82000 Uncommon trap: reason=intrinsic_or_type_checked_inlining action=make_not_entrant pc=0x000002b573f1e03c method=com.google.common.collect.RegularImmutableList.copyIntoArray([Ljava/lang/Object;I)I @ 11 c2
Event: 221.635 Thread 0x000002b506f82000 DEOPT PACKING pc=0x000002b573f1e03c sp=0x000000c02a7fa390
Event: 221.635 Thread 0x000002b506f82000 DEOPT UNPACKING pc=0x000002b56bed68a9 sp=0x000000c02a7fa328 mode 2
Event: 221.727 Thread 0x000002b506f82000 DEOPT PACKING pc=0x000002b56d39f69c sp=0x000000c02a7f9a60
Event: 221.727 Thread 0x000002b506f82000 DEOPT UNPACKING pc=0x000002b56bed66bf sp=0x000000c02a7f9000 mode 0
Event: 221.819 Thread 0x000002b506f82000 DEOPT PACKING pc=0x000002b56d39f69c sp=0x000000c02a7f9b80
Event: 221.819 Thread 0x000002b506f82000 DEOPT UNPACKING pc=0x000002b56bed66bf sp=0x000000c02a7f9120 mode 0

Classes redefined (0 events):
No events

Internal exceptions (20 events):
Event: 47.522 Thread 0x000002b506f84800 Exception <a 'java/lang/NoSuchMethodError'{0x0000000087d0dfd0}: 'java.lang.Object java.lang.invoke.DirectMethodHandle$Holder.newInvokeSpecial(java.lang.Object, int)'> (0x0000000087d0dfd0) thrown at [./src/hotspot/share/interpreter/linkResolver.cpp, line 773]
Event: 47.714 Thread 0x000002b506f7e000 Implicit null exception at 0x000002b573a8accf to 0x000002b573a8adb4
Event: 50.517 Thread 0x000002b506f84800 Exception <a 'java/lang/NoSuchMethodError'{0x000000008b67b1c8}: 'void java.lang.invoke.DirectMethodHandle$Holder.invokeSpecial(java.lang.Object, java.lang.Object, int, java.lang.Object)'> (0x000000008b67b1c8) thrown at [./src/hotspot/share/interpreter/linkResolver.cpp, line 773]
Event: 52.559 Thread 0x000002b506f7e000 Exception <a 'java/lang/NoSuchMethodError'{0x000000008c335380}: 'int java.lang.invoke.DirectMethodHandle$Holder.invokeVirtual(java.lang.Object, java.lang.Object, java.lang.Object)'> (0x000000008c335380) thrown at [./src/hotspot/share/interpreter/linkResolver.cpp, line 773]
Event: 57.727 Thread 0x000002b506f7e000 Implicit null exception at 0x000002b573d47acc to 0x000002b573d47c10
Event: 60.670 Thread 0x000002b506f7e000 Exception <a 'java/lang/NoSuchMethodError'{0x0000000090c01248}: 'void java.lang.invoke.DirectMethodHandle$Holder.invokeVirtual(java.lang.Object, java.lang.Object, int)'> (0x0000000090c01248) thrown at [./src/hotspot/share/interpreter/linkResolver.cpp, line 773]
Event: 61.975 Thread 0x000002b506f7e000 Exception <a 'sun/nio/fs/WindowsException'{0x000000008f3b4978}> (0x000000008f3b4978) thrown at [./src/hotspot/share/prims/jni.cpp, line 615]
Event: 63.397 Thread 0x000002b503a88000 Exception <a 'java/lang/ClassNotFoundException'{0x000000008e2c4940}: org/gradle/api/plugins/internal/DefaultJavaPluginConventionBeanInfo> (0x000000008e2c4940) thrown at [./src/hotspot/share/classfile/systemDictionary.cpp, line 231]
Event: 63.402 Thread 0x000002b503a88000 Exception <a 'java/lang/ClassNotFoundException'{0x000000008e2ee190}: org/gradle/api/plugins/JavaPluginConventionBeanInfo> (0x000000008e2ee190) thrown at [./src/hotspot/share/classfile/systemDictionary.cpp, line 231]
Event: 63.404 Thread 0x000002b503a88000 Exception <a 'java/lang/ClassNotFoundException'{0x000000008e117f28}: org/gradle/api/plugins/JavaPluginConventionCustomizer> (0x000000008e117f28) thrown at [./src/hotspot/share/classfile/systemDictionary.cpp, line 231]
Event: 63.409 Thread 0x000002b503a88000 Exception <a 'java/lang/ClassNotFoundException'{0x000000008e158e88}: org/gradle/api/plugins/internal/DefaultJavaPluginConventionCustomizer> (0x000000008e158e88) thrown at [./src/hotspot/share/classfile/systemDictionary.cpp, line 231]
Event: 65.459 Thread 0x000002b503a88000 Exception <a 'java/lang/NoSuchMethodError'{0x0000000090851748}: 'int java.lang.invoke.DirectMethodHandle$Holder.invokeSpecial(java.lang.Object, java.lang.Object, java.lang.Object, java.lang.Object)'> (0x0000000090851748) thrown at [./src/hotspot/share/interpreter/linkResolver.cpp, line 773]
Event: 66.480 Thread 0x000002b503a88000 Exception <a 'java/lang/NoSuchMethodError'{0x000000008f37ddf0}: 'java.lang.Object java.lang.invoke.DirectMethodHandle$Holder.newInvokeSpecial(java.lang.Object, int, java.lang.Object)'> (0x000000008f37ddf0) thrown at [./src/hotspot/share/interpreter/linkResolver.cpp, line 773]
Event: 66.872 Thread 0x000002b503a88000 Exception <a 'java/lang/NoSuchMethodError'{0x000000008f1f82b8}: 'java.lang.Object java.lang.invoke.DirectMethodHandle$Holder.invokeVirtual(java.lang.Object, java.lang.Object, int)'> (0x000000008f1f82b8) thrown at [./src/hotspot/share/interpreter/linkResolver.cpp, line 773]
Event: 66.887 Thread 0x000002b503a88000 Exception <a 'java/lang/NoSuchMethodError'{0x000000008f019b48}: 'void java.lang.invoke.DirectMethodHandle$Holder.invokeStatic(java.lang.Object, java.lang.Object, java.lang.Object, int)'> (0x000000008f019b48) thrown at [./src/hotspot/share/interpreter/linkResolver.cpp, line 773]
Event: 69.467 Thread 0x000002b503834000 Exception <a 'java/lang/NoSuchMethodError'{0x00000000903af1b0}: <clinit>> (0x00000000903af1b0) thrown at [./src/hotspot/share/prims/jni.cpp, line 1362]
Event: 69.475 Thread 0x000002b503834000 Exception <a 'java/lang/NoSuchMethodError'{0x00000000903d22f0}: <clinit>> (0x00000000903d22f0) thrown at [./src/hotspot/share/prims/jni.cpp, line 1362]
Event: 69.561 Thread 0x000002b503834000 Exception <a 'java/lang/NoSuchMethodError'{0x0000000090c0d7a8}: <clinit>> (0x0000000090c0d7a8) thrown at [./src/hotspot/share/prims/jni.cpp, line 1362]
Event: 69.611 Thread 0x000002b503834000 Exception <a 'java/lang/NoSuchMethodError'{0x0000000090c27070}: <clinit>> (0x0000000090c27070) thrown at [./src/hotspot/share/prims/jni.cpp, line 1362]
Event: 69.616 Thread 0x000002b503834000 Exception <a 'java/lang/NoSuchMethodError'{0x0000000090c35918}: <clinit>> (0x0000000090c35918) thrown at [./src/hotspot/share/prims/jni.cpp, line 1362]

Events (20 events):
Event: 221.081 Executing VM operation: RevokeBias
Event: 221.081 Executing VM operation: RevokeBias done
Event: 221.089 Executing VM operation: RevokeBias
Event: 221.089 Executing VM operation: RevokeBias done
Event: 221.089 Executing VM operation: RevokeBias
Event: 221.089 Executing VM operation: RevokeBias done
Event: 221.154 Executing VM operation: RevokeBias
Event: 221.154 Executing VM operation: RevokeBias done
Event: 221.155 Executing VM operation: RevokeBias
Event: 221.155 Executing VM operation: RevokeBias done
Event: 221.258 Executing VM operation: RevokeBias
Event: 221.259 Executing VM operation: RevokeBias done
Event: 221.260 Executing VM operation: RevokeBias
Event: 221.260 Executing VM operation: RevokeBias done
Event: 221.291 Thread 0x000002b506f89800 Thread added: 0x000002b506f89800
Event: 221.317 Thread 0x000002b506f88800 Thread added: 0x000002b506f88800
Event: 221.715 Thread 0x000002b506f8c000 Thread added: 0x000002b506f8c000
Event: 221.715 Thread 0x000002b506f8a800 Thread added: 0x000002b506f8a800
Event: 221.755 Executing VM operation: RevokeBias
Event: 221.758 Executing VM operation: RevokeBias done


Dynamic libraries:
0x00007ff7f9890000 - 0x00007ff7f989a000 	D:\waseem\4. ELECTIVES MOBILE APP\Android Studio\jre\bin\java.exe
0x00007ffc0de90000 - 0x00007ffc0e06b000 	C:\WINDOWS\SYSTEM32\ntdll.dll
0x00007ffc0dd30000 - 0x00007ffc0ddde000 	C:\WINDOWS\System32\KERNEL32.DLL
0x00007ffc0a680000 - 0x00007ffc0a8ca000 	C:\WINDOWS\System32\KERNELBASE.dll
0x00007ffc0aac0000 - 0x00007ffc0abb6000 	C:\WINDOWS\System32\ucrtbase.dll
0x00007ffc02b80000 - 0x00007ffc02b99000 	D:\waseem\4. ELECTIVES MOBILE APP\Android Studio\jre\bin\jli.dll
0x00007ffc02b60000 - 0x00007ffc02b77000 	D:\waseem\4. ELECTIVES MOBILE APP\Android Studio\jre\bin\VCRUNTIME140.dll
0x00007ffc0be00000 - 0x00007ffc0bf4a000 	C:\WINDOWS\System32\USER32.dll
0x00007ffc0abc0000 - 0x00007ffc0abde000 	C:\WINDOWS\System32\win32u.dll
0x00007ffc0c240000 - 0x00007ffc0c267000 	C:\WINDOWS\System32\GDI32.dll
0x00007ffc0a8d0000 - 0x00007ffc0aa58000 	C:\WINDOWS\System32\gdi32full.dll
0x00007ffc0abe0000 - 0x00007ffc0ac7a000 	C:\WINDOWS\System32\msvcp_win.dll
0x00007ffbfe4c0000 - 0x00007ffbfe727000 	C:\WINDOWS\WinSxS\amd64_microsoft.windows.common-controls_6595b64144ccf1df_6.0.15063.1155_none_40c7922129a7722b\COMCTL32.dll
0x00007ffc0c0c0000 - 0x00007ffc0c15d000 	C:\WINDOWS\System32\msvcrt.dll
0x00007ffc0c270000 - 0x00007ffc0c569000 	C:\WINDOWS\System32\combase.dll
0x00007ffc0da20000 - 0x00007ffc0db45000 	C:\WINDOWS\System32\RPCRT4.dll
0x00007ffc0ac80000 - 0x00007ffc0acea000 	C:\WINDOWS\System32\bcryptPrimitives.dll
0x00007ffc0c210000 - 0x00007ffc0c23d000 	C:\WINDOWS\System32\IMM32.DLL
0x00007ffbee380000 - 0x00007ffbee41d000 	D:\waseem\4. ELECTIVES MOBILE APP\Android Studio\jre\bin\msvcp140.dll
0x00007ffbdbe50000 - 0x00007ffbdc90c000 	D:\waseem\4. ELECTIVES MOBILE APP\Android Studio\jre\bin\server\jvm.dll
0x00007ffc0dde0000 - 0x00007ffc0de81000 	C:\WINDOWS\System32\ADVAPI32.dll
0x00007ffc0d9c0000 - 0x00007ffc0da19000 	C:\WINDOWS\System32\sechost.dll
0x00007ffc0db50000 - 0x00007ffc0db58000 	C:\WINDOWS\System32\PSAPI.DLL
0x00007ffbfcf80000 - 0x00007ffbfcf89000 	C:\WINDOWS\SYSTEM32\WSOCK32.dll
0x00007ffc0bb40000 - 0x00007ffc0bbac000 	C:\WINDOWS\System32\WS2_32.dll
0x00007ffc08800000 - 0x00007ffc08823000 	C:\WINDOWS\SYSTEM32\WINMM.dll
0x00007ffbfe4a0000 - 0x00007ffbfe4aa000 	C:\WINDOWS\SYSTEM32\VERSION.dll
0x00007ffc087a0000 - 0x00007ffc087cb000 	C:\WINDOWS\SYSTEM32\WINMMBASE.dll
0x00007ffc0a3b0000 - 0x00007ffc0a3f9000 	C:\WINDOWS\System32\cfgmgr32.dll
0x00007ffc0a370000 - 0x00007ffc0a381000 	C:\WINDOWS\System32\kernel.appcore.dll
0x00007ffc05210000 - 0x00007ffc05221000 	D:\waseem\4. ELECTIVES MOBILE APP\Android Studio\jre\bin\verify.dll
0x00007ffc026e0000 - 0x00007ffc02889000 	C:\WINDOWS\SYSTEM32\DBGHELP.DLL
0x00007ffbf8820000 - 0x00007ffbf8849000 	C:\WINDOWS\SYSTEM32\dbgcore.DLL
0x00007ffbfb460000 - 0x00007ffbfb489000 	D:\waseem\4. ELECTIVES MOBILE APP\Android Studio\jre\bin\java.dll
0x00007ffc05460000 - 0x00007ffc0546b000 	D:\waseem\4. ELECTIVES MOBILE APP\Android Studio\jre\bin\jimage.dll
0x00007ffbfea40000 - 0x00007ffbfea58000 	D:\waseem\4. ELECTIVES MOBILE APP\Android Studio\jre\bin\zip.dll
0x00007ffc0c570000 - 0x00007ffc0d9a8000 	C:\WINDOWS\System32\SHELL32.dll
0x00007ffc0c160000 - 0x00007ffc0c20a000 	C:\WINDOWS\System32\shcore.dll
0x00007ffc0acf0000 - 0x00007ffc0b3e1000 	C:\WINDOWS\System32\windows.storage.dll
0x00007ffc0bbb0000 - 0x00007ffc0bc01000 	C:\WINDOWS\System32\shlwapi.dll
0x00007ffc0a320000 - 0x00007ffc0a36c000 	C:\WINDOWS\System32\powrprof.dll
0x00007ffc0a390000 - 0x00007ffc0a3a5000 	C:\WINDOWS\System32\profapi.dll
0x00007ffbfe8f0000 - 0x00007ffbfe90a000 	D:\waseem\4. ELECTIVES MOBILE APP\Android Studio\jre\bin\net.dll
0x00007ffbfcea0000 - 0x00007ffbfcf76000 	C:\WINDOWS\SYSTEM32\WINHTTP.dll
0x00007ffc09bb0000 - 0x00007ffc09c0c000 	C:\WINDOWS\system32\mswsock.dll
0x00007ffbfa1c0000 - 0x00007ffbfa1d4000 	D:\waseem\4. ELECTIVES MOBILE APP\Android Studio\jre\bin\nio.dll
0x00007ffbfe890000 - 0x00007ffbfe8ae000 	C:\Users\wasee\.gradle\native\25\windows-amd64\native-platform.dll
0x00007ffc05070000 - 0x00007ffc0507a000 	D:\waseem\4. ELECTIVES MOBILE APP\Android Studio\jre\bin\management.dll
0x00007ffc02cc0000 - 0x00007ffc02ccc000 	D:\waseem\4. ELECTIVES MOBILE APP\Android Studio\jre\bin\management_ext.dll
0x00007ffc09d60000 - 0x00007ffc09d77000 	C:\WINDOWS\SYSTEM32\CRYPTSP.dll
0x00007ffc097c0000 - 0x00007ffc097f4000 	C:\WINDOWS\system32\rsaenh.dll
0x00007ffc0a1d0000 - 0x00007ffc0a1f5000 	C:\WINDOWS\SYSTEM32\bcrypt.dll
0x00007ffc0a200000 - 0x00007ffc0a229000 	C:\WINDOWS\SYSTEM32\USERENV.dll
0x00007ffc09d50000 - 0x00007ffc09d5b000 	C:\WINDOWS\SYSTEM32\CRYPTBASE.dll
0x00007ffc09950000 - 0x00007ffc09987000 	C:\WINDOWS\SYSTEM32\IPHLPAPI.DLL
0x00007ffc0b5f0000 - 0x00007ffc0b5f8000 	C:\WINDOWS\System32\NSI.dll
0x00007ffc01b20000 - 0x00007ffc01b36000 	C:\WINDOWS\SYSTEM32\dhcpcsvc6.DLL
0x00007ffc021b0000 - 0x00007ffc021ca000 	C:\WINDOWS\SYSTEM32\dhcpcsvc.DLL

dbghelp: loaded successfully - version: 4.0.5 - missing functions: none
symbol engine: initialized successfully - sym options: 0x614 - pdb path: .;D:\waseem\4. ELECTIVES MOBILE APP\Android Studio\jre\bin;C:\WINDOWS\SYSTEM32;C:\WINDOWS\WinSxS\amd64_microsoft.windows.common-controls_6595b64144ccf1df_6.0.15063.1155_none_40c7922129a7722b;D:\waseem\4. ELECTIVES MOBILE APP\Android Studio\jre\bin\server;C:\Users\wasee\.gradle\native\25\windows-amd64

VM Arguments:
jvm_args: --add-opens=java.base/java.util=ALL-UNNAMED --add-opens=java.base/java.lang=ALL-UNNAMED --add-opens=java.base/java.lang.invoke=ALL-UNNAMED --add-opens=java.prefs/java.util.prefs=ALL-UNNAMED -Xmx2048m -Dfile.encoding=UTF-8 -Duser.country=ZA -Duser.language=en -Duser.variant 
java_command: org.gradle.launcher.daemon.bootstrap.GradleDaemon 5.1.1
java_class_path (initial): C:\Users\wasee\.gradle\wrapper\dists\gradle-5.1.1-bin\90y9l8txxfw1s2o6ctiqeruwn\gradle-5.1.1\lib\gradle-launcher-5.1.1.jar
Launcher Type: SUN_STANDARD

[Global flags]
     intx CICompilerCount                          = 2                                         {product} {ergonomic}
     uint ConcGCThreads                            = 1                                         {product} {ergonomic}
     uint G1ConcRefinementThreads                  = 2                                         {product} {ergonomic}
   size_t G1HeapRegionSize                         = 1048576                                   {product} {ergonomic}
    uintx GCDrainStackTargetSize                   = 64                                        {product} {ergonomic}
   size_t InitialHeapSize                          = 67108864                                  {product} {ergonomic}
   size_t MarkStackSize                            = 4194304                                   {product} {ergonomic}
   size_t MaxHeapSize                              = 2147483648                                {product} {command line}
   size_t MaxNewSize                               = 1287651328                                {product} {ergonomic}
   size_t MinHeapDeltaBytes                        = 1048576                                   {product} {ergonomic}
    uintx NonNMethodCodeHeapSize                   = 5825164                                {pd product} {ergonomic}
    uintx NonProfiledCodeHeapSize                  = 122916538                              {pd product} {ergonomic}
    uintx ProfiledCodeHeapSize                     = 122916538                              {pd product} {ergonomic}
    uintx ReservedCodeCacheSize                    = 251658240                              {pd product} {ergonomic}
     bool SegmentedCodeCache                       = true                                      {product} {ergonomic}
     bool UseCompressedClassPointers               = true                                 {lp64_product} {ergonomic}
     bool UseCompressedOops                        = true                                 {lp64_product} {ergonomic}
     bool UseG1GC                                  = true                                      {product} {ergonomic}
     bool UseLargePagesIndividualAllocation        = false                                  {pd product} {ergonomic}

Logging:
Log output configuration:
 #0: stdout all=warning uptime,level,tags
 #1: stderr all=off uptime,level,tags

Environment Variables:
PATH=C:\Program Files\Common Files\Oracle\Java\javapath;C:\Program Files (x86)\Common Files\Oracle\Java\javapath;C:\Program Files\OpenJDK\jdk-11.0.8.10-hotspot\bin;C:\Program Files (x86)\Intel\TXE Components\TCS\;C:\Program Files\Intel\TXE Components\TCS\;C:\WINDOWS\system32;C:\WINDOWS;C:\WINDOWS\System32\Wbem;C:\WINDOWS\System32\WindowsPowerShell\v1.0\;C:\Program Files\Intel\TXE Components\DAL\;C:\Program Files (x86)\Intel\TXE Components\DAL\;C:\Program Files\Intel\TXE Components\IPT\;C:\Program Files (x86)\Intel\TXE Components\IPT\;C:\Users\wasee\AppData\Local\Microsoft\WindowsApps;
USERNAME=wasee
OS=Windows_NT
PROCESSOR_IDENTIFIER=Intel64 Family 6 Model 76 Stepping 4, GenuineIntel



---------------  S Y S T E M  ---------------

OS: Windows 10 , 64 bit Build 15063 (10.0.15063.1058)
OS uptime: 0 days 3:31 hours

CPU:total 2 (initial active 2) (2 cores per cpu, 1 threads per core) family 6 model 76 stepping 4, cmov, cx8, fxsr, mmx, sse, sse2, sse3, ssse3, sse4.1, sse4.2, popcnt, aes, clmul, erms, 3dnowpref, tsc, tscinvbit

Memory: 4k page, system-wide physical 4002M (378M free)
TotalPageFile size 4496M (AvailPageFile size 4M)
current process WorkingSet (physical memory assigned to process): 468M, peak: 474M
current process commit charge ("private bytes"): 506M, peak: 517M

vm_info: OpenJDK 64-Bit Server VM (11.0.8+10-b944.6842174) for windows-amd64 JRE (11.0.8+10-b944.6842174), built on Sep 19 2020 01:11:42 by "builder" with MS VC++ 14.0 (VS2015)

END.
