#
# There is insufficient memory for the Java Runtime Environment to continue.
# Native memory allocation (malloc) failed to allocate 1146096 bytes for Chunk::new
# Possible reasons:
#   The system is out of physical RAM or swap space
#   The process is running with CompressedOops enabled, and the Java Heap may be blocking the growth of the native heap
# Possible solutions:
#   Reduce memory load on the system
#   Increase physical memory or swap space
#   Check if swap backing store is full
#   Decrease Java heap size (-Xmx/-Xms)
#   Decrease number of Java threads
#   Decrease Java thread stack sizes (-Xss)
#   Set larger code cache with -XX:ReservedCodeCacheSize=
#   JVM is running with Unscaled Compressed Oops mode in which the Java heap is
#     placed in the first 4GB address space. The Java Heap base address is the
#     maximum limit for the native heap growth. Please use -XX:HeapBaseMinAddress
#     to set the Java Heap base and to place the Java Heap above 4GB virtual address.
# This output file may be truncated or incomplete.
#
#  Out of Memory Error (./src/hotspot/share/memory/arena.cpp:197), pid=5576, tid=5016
#
# JRE version: OpenJDK Runtime Environment (11.0.8+10) (build 11.0.8+10-b944.6842174)
# Java VM: OpenJDK 64-Bit Server VM (11.0.8+10-b944.6842174, mixed mode, tiered, compressed oops, g1 gc, windows-amd64)
# No core dump will be written. Minidumps are not enabled by default on client versions of Windows
#

---------------  S U M M A R Y ------------

Command Line: --add-opens=java.base/java.util=ALL-UNNAMED --add-opens=java.base/java.lang=ALL-UNNAMED --add-opens=java.base/java.lang.invoke=ALL-UNNAMED --add-opens=java.prefs/java.util.prefs=ALL-UNNAMED -Xmx2048m -Dfile.encoding=UTF-8 -Duser.country=ZA -Duser.language=en -Duser.variant org.gradle.launcher.daemon.bootstrap.GradleDaemon 5.1.1

Host: Intel(R) Celeron(R) CPU  N3060  @ 1.60GHz, 2 cores, 3G,  Windows 10 , 64 bit Build 15063 (10.0.15063.1058)
Time: Sun Sep 26 15:54:39 2021 South Africa Standard Time elapsed time: 2084 seconds (0d 0h 34m 44s)

---------------  T H R E A D  ---------------

Current thread (0x000002537f270000):  JavaThread "C2 CompilerThread0" daemon [_thread_in_native, id=5016, stack(0x000000a558d00000,0x000000a558e00000)]


Current CompileTask:
C2:2084032 18330       4       com.google.common.collect.Interners$InternerImpl::intern (50 bytes)

Stack: [0x000000a558d00000,0x000000a558e00000]
Native frames: (J=compiled Java code, j=interpreted, Vv=VM code, C=native code)
V  [jvm.dll+0x5de50a]
V  [jvm.dll+0x7122f5]
V  [jvm.dll+0x71384d]
V  [jvm.dll+0x713f03]
V  [jvm.dll+0x23e728]
V  [jvm.dll+0xb899c]
V  [jvm.dll+0xb8e9c]
V  [jvm.dll+0x35020b]
V  [jvm.dll+0x31dea3]
V  [jvm.dll+0x31d39a]
V  [jvm.dll+0x1f7702]
V  [jvm.dll+0x1f68d4]
V  [jvm.dll+0x17f32c]
V  [jvm.dll+0x205047]
V  [jvm.dll+0x203891]
V  [jvm.dll+0x6dad3f]
V  [jvm.dll+0x6d3895]
V  [jvm.dll+0x5dd4a6]
C  [ucrtbase.dll+0x20279]
C  [KERNEL32.DLL+0x12784]
C  [ntdll.dll+0x50c51]


---------------  P R O C E S S  ---------------

Threads class SMR info:
_java_thread_list=0x000002532373a310, length=43, elements={
0x000002537e589800, 0x000002537f207000, 0x000002537f212800, 0x000002537f26e000,
0x000002537f26f000, 0x000002537f270000, 0x000002537fb70800, 0x000002537fb92000,
0x000002537fce8800, 0x000002537fd1a000, 0x0000025319dc7800, 0x0000025319d10800,
0x0000025319a7b800, 0x0000025319330800, 0x0000025319335000, 0x0000025319331800,
0x000002531a23e000, 0x000002531a23e800, 0x000002531a246000, 0x000002531a243800,
0x000002531a244800, 0x000002531a239800, 0x000002531a23c000, 0x000002531a23d000,
0x000002531a240000, 0x000002531a23a800, 0x000002531a241000, 0x000002531a23b800,
0x000002531a245000, 0x000002531a242800, 0x000002531a246800, 0x0000025319330000,
0x0000025319332800, 0x0000025319336800, 0x0000025319334000, 0x0000025319333000,
0x00000253229a7000, 0x00000253229a4800, 0x00000253229a5800, 0x00000253229a3000,
0x00000253229a6800, 0x00000253229a8000, 0x00000253229a4000
}

Java Threads: ( => current thread )
  0x000002537e589800 JavaThread "main" [_thread_blocked, id=2688, stack(0x000000a558100000,0x000000a558200000)]
  0x000002537f207000 JavaThread "Reference Handler" daemon [_thread_blocked, id=8588, stack(0x000000a558800000,0x000000a558900000)]
  0x000002537f212800 JavaThread "Finalizer" daemon [_thread_blocked, id=10196, stack(0x000000a558900000,0x000000a558a00000)]
  0x000002537f26e000 JavaThread "Signal Dispatcher" daemon [_thread_blocked, id=3940, stack(0x000000a558b00000,0x000000a558c00000)]
  0x000002537f26f000 JavaThread "Attach Listener" daemon [_thread_blocked, id=2028, stack(0x000000a558c00000,0x000000a558d00000)]
=>0x000002537f270000 JavaThread "C2 CompilerThread0" daemon [_thread_in_native, id=5016, stack(0x000000a558d00000,0x000000a558e00000)]
  0x000002537fb70800 JavaThread "C1 CompilerThread0" daemon [_thread_blocked, id=584, stack(0x000000a558e00000,0x000000a558f00000)]
  0x000002537fb92000 JavaThread "Sweeper thread" daemon [_thread_blocked, id=3360, stack(0x000000a558f00000,0x000000a559000000)]
  0x000002537fce8800 JavaThread "Common-Cleaner" daemon [_thread_blocked, id=10188, stack(0x000000a559000000,0x000000a559100000)]
  0x000002537fd1a000 JavaThread "Service Thread" daemon [_thread_blocked, id=4148, stack(0x000000a559100000,0x000000a559200000)]
  0x0000025319dc7800 JavaThread "Incoming local TCP Connector on port 57990" [_thread_in_native, id=10044, stack(0x000000a559400000,0x000000a559500000)]
  0x0000025319d10800 JavaThread "Daemon periodic checks" [_thread_blocked, id=9776, stack(0x000000a559500000,0x000000a559600000)]
  0x0000025319a7b800 JavaThread "Cache worker for file hash cache (C:\Users\wasee\.gradle\caches\5.1.1\fileHashes)" [_thread_blocked, id=8476, stack(0x000000a559d00000,0x000000a559e00000)]
  0x0000025319330800 JavaThread "File lock request listener" [_thread_in_native, id=4684, stack(0x000000a559e00000,0x000000a559f00000)]
  0x0000025319335000 JavaThread "Cache worker for journal cache (C:\Users\wasee\.gradle\caches\journal-1)" [_thread_blocked, id=9972, stack(0x000000a559f00000,0x000000a55a000000)]
  0x0000025319331800 JavaThread "Cache worker for execution history cache (C:\Users\wasee\.gradle\caches\5.1.1\executionHistory)" [_thread_blocked, id=9220, stack(0x000000a55a300000,0x000000a55a400000)]
  0x000002531a23e000 JavaThread "Memory manager" [_thread_blocked, id=7888, stack(0x000000a55a800000,0x000000a55a900000)]
  0x000002531a23e800 JavaThread "Cache worker for file content cache (C:\Users\wasee\.gradle\caches\5.1.1\fileContent)" [_thread_blocked, id=7956, stack(0x000000a55a900000,0x000000a55aa00000)]
  0x000002531a246000 JavaThread "Cache worker for Java compile cache (C:\Users\wasee\.gradle\caches\5.1.1\javaCompile)" [_thread_blocked, id=4072, stack(0x000000a55b400000,0x000000a55b500000)]
  0x000002531a243800 JavaThread "ForkJoinPool.commonPool-worker-3" daemon [_thread_blocked, id=7632, stack(0x000000a55de00000,0x000000a55df00000)]
  0x000002531a244800 JavaThread "Java2D Disposer" daemon [_thread_blocked, id=6864, stack(0x000000a55e100000,0x000000a55e200000)]
  0x000002531a239800 JavaThread "Daemon Thread 4" [_thread_blocked, id=9492, stack(0x000000a55e800000,0x000000a55e900000)]
  0x000002531a23c000 JavaThread "Handler for socket connection from /127.0.0.1:57990 to /127.0.0.1:58070" [_thread_in_native, id=9708, stack(0x000000a55e900000,0x000000a55ea00000)]
  0x000002531a23d000 JavaThread "Cancel handler" [_thread_blocked, id=4476, stack(0x000000a55ea00000,0x000000a55eb00000)]
  0x000002531a240000 JavaThread "Daemon worker Thread 4" [_thread_in_native, id=9516, stack(0x000000a55eb00000,0x000000a55ec00000)]
  0x000002531a23a800 JavaThread "Asynchronous log dispatcher for DefaultDaemonConnection: socket connection from /127.0.0.1:57990 to /127.0.0.1:58070" [_thread_blocked, id=6484, stack(0x000000a55ec00000,0x000000a55ed00000)]
  0x000002531a241000 JavaThread "Stdin handler" [_thread_blocked, id=9512, stack(0x000000a55ed00000,0x000000a55ee00000)]
  0x000002531a23b800 JavaThread "Thread-60" [_thread_blocked, id=8784, stack(0x000000a55ee00000,0x000000a55ef00000)]
  0x000002531a245000 JavaThread "Cache worker for file hash cache (C:\Users\wasee\AndroidStudioProjects\TimeManagementTool\.gradle\5.1.1\fileHashes)" [_thread_blocked, id=4588, stack(0x000000a55ef00000,0x000000a55f000000)]
  0x000002531a242800 JavaThread "Cache worker for cache directory md-supplier (C:\Users\wasee\.gradle\caches\5.1.1\md-supplier)" [_thread_blocked, id=1612, stack(0x000000a55f000000,0x000000a55f100000)]
  0x000002531a246800 JavaThread "Cache worker for cache directory md-rule (C:\Users\wasee\.gradle\caches\5.1.1\md-rule)" [_thread_blocked, id=8264, stack(0x000000a55f100000,0x000000a55f200000)]
  0x0000025319330000 JavaThread "Build operations" [_thread_blocked, id=8724, stack(0x000000a55f200000,0x000000a55f300000)]
  0x0000025319332800 JavaThread "Build operations Thread 2" [_thread_blocked, id=6496, stack(0x000000a55f300000,0x000000a55f400000)]
  0x0000025319336800 JavaThread "Cache worker for Build Output Cleanup Cache (C:\Users\wasee\AndroidStudioProjects\TimeManagementTool\.gradle\buildOutputCleanup)" [_thread_blocked, id=10144, stack(0x000000a55f400000,0x000000a55f500000)]
  0x0000025319334000 JavaThread "Cache worker for file content cache (C:\Users\wasee\AndroidStudioProjects\TimeManagementTool\.gradle\5.1.1\fileContent)" [_thread_blocked, id=10100, stack(0x000000a55f500000,0x000000a55f600000)]
  0x0000025319333000 JavaThread "Execution worker for ':'" [_thread_blocked, id=4268, stack(0x000000a55f600000,0x000000a55f700000)]
  0x00000253229a7000 JavaThread "Cache worker for execution history cache (C:\Users\wasee\AndroidStudioProjects\TimeManagementTool\.gradle\5.1.1\executionHistory)" [_thread_blocked, id=5824, stack(0x000000a55f700000,0x000000a55f800000)]
  0x00000253229a4800 JavaThread "ForkJoinPool.commonPool-worker-1" daemon [_thread_blocked, id=4472, stack(0x000000a55f800000,0x000000a55f900000)]
  0x00000253229a5800 JavaThread "pool-8-thread-1" [_thread_blocked, id=4696, stack(0x000000a55f900000,0x000000a55fa00000)]
  0x00000253229a3000 JavaThread "stderr" daemon [_thread_in_native, id=2616, stack(0x000000a55fa00000,0x000000a55fb00000)]
  0x00000253229a6800 JavaThread "stdout" daemon [_thread_in_native, id=8580, stack(0x000000a55fb00000,0x000000a55fc00000)]
  0x00000253229a8000 JavaThread "stderr" daemon [_thread_in_native, id=4504, stack(0x000000a55fc00000,0x000000a55fd00000)]
  0x00000253229a4000 JavaThread "stdout" daemon [_thread_in_native, id=240, stack(0x000000a55fd00000,0x000000a55fe00000)]

Other Threads:
  0x000002537f203800 VMThread "VM Thread" [stack: 0x000000a558700000,0x000000a558800000] [id=6860]
  0x000002537fd1a800 WatcherThread [stack: 0x000000a559200000,0x000000a559300000] [id=8316]
  0x000002537e5a1000 GCTaskThread "GC Thread#0" [stack: 0x000000a558200000,0x000000a558300000] [id=5696]
  0x000002537fed3800 GCTaskThread "GC Thread#1" [stack: 0x000000a559300000,0x000000a559400000] [id=2820]
  0x000002537e5d8800 ConcurrentGCThread "G1 Main Marker" [stack: 0x000000a558300000,0x000000a558400000] [id=472]
  0x000002537e5da000 ConcurrentGCThread "G1 Conc#0" [stack: 0x000000a558400000,0x000000a558500000] [id=1036]
  0x000002537e62f000 ConcurrentGCThread "G1 Refine#0" [stack: 0x000000a558500000,0x000000a558600000] [id=8484]
  0x00000253192ba000 ConcurrentGCThread "G1 Refine#1" [stack: 0x000000a55b800000,0x000000a55b900000] [id=8352]
  0x000002537e631000 ConcurrentGCThread "G1 Young RemSet Sampling" [stack: 0x000000a558600000,0x000000a558700000] [id=1096]

Threads with active compile tasks:
C2 CompilerThread02084125 18330       4       com.google.common.collect.Interners$InternerImpl::intern (50 bytes)

VM state:not at safepoint (normal execution)

VM Mutex/Monitor currently owned by a thread: None

Heap address: 0x0000000080000000, size: 2048 MB, Compressed Oops mode: 32-bit
Narrow klass base: 0x0000000000000000, Narrow klass shift: 3
Compressed class space size: 1073741824 Address: 0x0000000100000000

Heap:
 garbage-first heap   total 348160K, used 136772K [0x0000000080000000, 0x0000000100000000)
  region size 1024K, 12 young (12288K), 7 survivors (7168K)
 Metaspace       used 104751K, capacity 107130K, committed 108416K, reserved 1144832K
  class space    used 12575K, capacity 13377K, committed 13696K, reserved 1048576K
Heap Regions: E=young(eden), S=young(survivor), O=old, HS=humongous(starts), HC=humongous(continues), CS=collection set, F=free, A=archive, TAMS=top-at-mark-start (previous, next)
|   0|0x0000000080000000, 0x0000000080100000, 0x0000000080100000|100%|HS|  |TAMS 0x0000000080100000, 0x0000000080000000| Complete 
|   1|0x0000000080100000, 0x0000000080200000, 0x0000000080200000|100%| O|  |TAMS 0x0000000080200000, 0x0000000080100000| Untracked 
|   2|0x0000000080200000, 0x0000000080300000, 0x0000000080300000|100%| O|  |TAMS 0x0000000080300000, 0x0000000080200000| Untracked 
|   3|0x0000000080300000, 0x0000000080400000, 0x0000000080400000|100%|HS|  |TAMS 0x0000000080400000, 0x0000000080300000| Complete 
|   4|0x0000000080400000, 0x0000000080500000, 0x0000000080500000|100%|HC|  |TAMS 0x0000000080500000, 0x0000000080400000| Complete 
|   5|0x0000000080500000, 0x0000000080600000, 0x0000000080600000|100%| O|  |TAMS 0x0000000080600000, 0x0000000080500000| Complete 
|   6|0x0000000080600000, 0x0000000080700000, 0x0000000080700000|100%| O|  |TAMS 0x0000000080700000, 0x0000000080600000| Complete 
|   7|0x0000000080700000, 0x0000000080800000, 0x0000000080800000|100%| O|  |TAMS 0x0000000080800000, 0x0000000080700000| Untracked 
|   8|0x0000000080800000, 0x0000000080900000, 0x0000000080900000|100%| O|  |TAMS 0x0000000080900000, 0x0000000080800000| Untracked 
|   9|0x0000000080900000, 0x0000000080a00000, 0x0000000080a00000|100%| O|  |TAMS 0x0000000080a00000, 0x0000000080900000| Untracked 
|  10|0x0000000080a00000, 0x0000000080b00000, 0x0000000080b00000|100%| O|  |TAMS 0x0000000080b00000, 0x0000000080a00000| Complete 
|  11|0x0000000080b00000, 0x0000000080c00000, 0x0000000080c00000|100%| O|  |TAMS 0x0000000080c00000, 0x0000000080b00000| Untracked 
|  12|0x0000000080c00000, 0x0000000080d00000, 0x0000000080d00000|100%| O|  |TAMS 0x0000000080d00000, 0x0000000080c00000| Untracked 
|  13|0x0000000080d00000, 0x0000000080e00000, 0x0000000080e00000|100%| O|  |TAMS 0x0000000080e00000, 0x0000000080d00000| Complete 
|  14|0x0000000080e00000, 0x0000000080f00000, 0x0000000080f00000|100%|HS|  |TAMS 0x0000000080f00000, 0x0000000080e00000| Complete 
|  15|0x0000000080f00000, 0x0000000081000000, 0x0000000081000000|100%|HC|  |TAMS 0x0000000081000000, 0x0000000080f00000| Complete 
|  16|0x0000000081000000, 0x0000000081100000, 0x0000000081100000|100%|HS|  |TAMS 0x0000000081100000, 0x0000000081000000| Complete 
|  17|0x0000000081100000, 0x0000000081200000, 0x0000000081200000|100%|HC|  |TAMS 0x0000000081200000, 0x0000000081100000| Complete 
|  18|0x0000000081200000, 0x0000000081300000, 0x0000000081300000|100%|HC|  |TAMS 0x0000000081300000, 0x0000000081200000| Complete 
|  19|0x0000000081300000, 0x0000000081400000, 0x0000000081400000|100%|HS|  |TAMS 0x0000000081400000, 0x0000000081300000| Complete 
|  20|0x0000000081400000, 0x0000000081500000, 0x0000000081500000|100%|HC|  |TAMS 0x0000000081500000, 0x0000000081400000| Complete 
|  21|0x0000000081500000, 0x0000000081600000, 0x0000000081600000|100%|HC|  |TAMS 0x0000000081600000, 0x0000000081500000| Complete 
|  22|0x0000000081600000, 0x0000000081700000, 0x0000000081700000|100%|HC|  |TAMS 0x0000000081700000, 0x0000000081600000| Complete 
|  23|0x0000000081700000, 0x0000000081800000, 0x0000000081800000|100%| O|  |TAMS 0x0000000081800000, 0x0000000081700000| Complete 
|  24|0x0000000081800000, 0x0000000081900000, 0x0000000081900000|100%| O|  |TAMS 0x0000000081900000, 0x0000000081800000| Untracked 
|  25|0x0000000081900000, 0x0000000081a00000, 0x0000000081a00000|100%| O|  |TAMS 0x0000000081a00000, 0x0000000081900000| Untracked 
|  26|0x0000000081a00000, 0x0000000081b00000, 0x0000000081b00000|100%| O|  |TAMS 0x0000000081b00000, 0x0000000081a00000| Complete 
|  27|0x0000000081b00000, 0x0000000081c00000, 0x0000000081c00000|100%| O|  |TAMS 0x0000000081c00000, 0x0000000081b00000| Complete 
|  28|0x0000000081c00000, 0x0000000081d00000, 0x0000000081d00000|100%|HS|  |TAMS 0x0000000081d00000, 0x0000000081c00000| Complete 
|  29|0x0000000081d00000, 0x0000000081e00000, 0x0000000081e00000|100%|HC|  |TAMS 0x0000000081e00000, 0x0000000081d00000| Complete 
|  30|0x0000000081e00000, 0x0000000081f00000, 0x0000000081f00000|100%| O|  |TAMS 0x0000000081f00000, 0x0000000081e00000| Complete 
|  31|0x0000000081f00000, 0x0000000082000000, 0x0000000082000000|100%| O|  |TAMS 0x0000000082000000, 0x0000000081f00000| Complete 
|  32|0x0000000082000000, 0x0000000082100000, 0x0000000082100000|100%| O|  |TAMS 0x0000000082100000, 0x0000000082000000| Complete 
|  33|0x0000000082100000, 0x0000000082200000, 0x0000000082200000|100%|HS|  |TAMS 0x0000000082200000, 0x0000000082100000| Complete 
|  34|0x0000000082200000, 0x0000000082300000, 0x0000000082300000|100%|HC|  |TAMS 0x0000000082300000, 0x0000000082200000| Complete 
|  35|0x0000000082300000, 0x0000000082400000, 0x0000000082400000|100%|HC|  |TAMS 0x0000000082400000, 0x0000000082300000| Complete 
|  36|0x0000000082400000, 0x0000000082500000, 0x0000000082500000|100%| O|  |TAMS 0x0000000082500000, 0x0000000082400000| Untracked 
|  37|0x0000000082500000, 0x0000000082600000, 0x0000000082600000|100%| O|  |TAMS 0x0000000082600000, 0x0000000082500000| Complete 
|  38|0x0000000082600000, 0x0000000082700000, 0x0000000082700000|100%| O|  |TAMS 0x0000000082700000, 0x0000000082600000| Complete 
|  39|0x0000000082700000, 0x0000000082800000, 0x0000000082800000|100%| O|  |TAMS 0x0000000082800000, 0x0000000082700000| Complete 
|  40|0x0000000082800000, 0x0000000082900000, 0x0000000082900000|100%| O|  |TAMS 0x0000000082900000, 0x0000000082800000| Untracked 
|  41|0x0000000082900000, 0x0000000082a00000, 0x0000000082a00000|100%| O|  |TAMS 0x0000000082a00000, 0x0000000082900000| Untracked 
|  42|0x0000000082a00000, 0x0000000082b00000, 0x0000000082b00000|100%| O|  |TAMS 0x0000000082b00000, 0x0000000082a00000| Untracked 
|  43|0x0000000082b00000, 0x0000000082c00000, 0x0000000082c00000|100%| O|  |TAMS 0x0000000082c00000, 0x0000000082b00000| Complete 
|  44|0x0000000082c00000, 0x0000000082d00000, 0x0000000082d00000|100%| O|  |TAMS 0x0000000082d00000, 0x0000000082c00000| Complete 
|  45|0x0000000082d00000, 0x0000000082e00000, 0x0000000082e00000|100%| O|  |TAMS 0x0000000082e00000, 0x0000000082d00000| Complete 
|  46|0x0000000082e00000, 0x0000000082f00000, 0x0000000082f00000|100%|HS|  |TAMS 0x0000000082e00000, 0x0000000082e00000| Complete 
|  47|0x0000000082f00000, 0x0000000083000000, 0x0000000083000000|100%| O|  |TAMS 0x0000000083000000, 0x0000000082f00000| Complete 
|  48|0x0000000083000000, 0x0000000083100000, 0x0000000083100000|100%| O|  |TAMS 0x0000000083100000, 0x0000000083000000| Complete 
|  49|0x0000000083100000, 0x0000000083200000, 0x0000000083200000|100%| O|  |TAMS 0x0000000083200000, 0x0000000083100000| Complete 
|  50|0x0000000083200000, 0x0000000083300000, 0x0000000083300000|100%| O|  |TAMS 0x0000000083300000, 0x0000000083200000| Complete 
|  51|0x0000000083300000, 0x0000000083400000, 0x0000000083400000|100%| O|  |TAMS 0x0000000083400000, 0x0000000083300000| Complete 
|  52|0x0000000083400000, 0x0000000083500000, 0x0000000083500000|100%| O|  |TAMS 0x0000000083500000, 0x0000000083400000| Untracked 
|  53|0x0000000083500000, 0x0000000083600000, 0x0000000083600000|100%| O|  |TAMS 0x0000000083600000, 0x0000000083500000| Complete 
|  54|0x0000000083600000, 0x0000000083600000, 0x0000000083700000|  0%| F|  |TAMS 0x0000000083600000, 0x0000000083600000| Untracked 
|  55|0x0000000083700000, 0x0000000083800000, 0x0000000083800000|100%| O|  |TAMS 0x0000000083800000, 0x0000000083700000| Complete 
|  56|0x0000000083800000, 0x0000000083900000, 0x0000000083900000|100%| O|  |TAMS 0x0000000083900000, 0x0000000083800000| Complete 
|  57|0x0000000083900000, 0x0000000083a00000, 0x0000000083a00000|100%| O|  |TAMS 0x0000000083a00000, 0x0000000083900000| Complete 
|  58|0x0000000083a00000, 0x0000000083b00000, 0x0000000083b00000|100%| O|  |TAMS 0x0000000083b00000, 0x0000000083a00000| Complete 
|  59|0x0000000083b00000, 0x0000000083c00000, 0x0000000083c00000|100%| O|  |TAMS 0x0000000083c00000, 0x0000000083b00000| Complete 
|  60|0x0000000083c00000, 0x0000000083d00000, 0x0000000083d00000|100%| O|  |TAMS 0x0000000083d00000, 0x0000000083c00000| Complete 
|  61|0x0000000083d00000, 0x0000000083e00000, 0x0000000083e00000|100%|HS|  |TAMS 0x0000000083d00000, 0x0000000083d00000| Complete 
|  62|0x0000000083e00000, 0x0000000083f00000, 0x0000000083f00000|100%|HC|  |TAMS 0x0000000083e00000, 0x0000000083e00000| Complete 
|  63|0x0000000083f00000, 0x0000000084000000, 0x0000000084000000|100%| O|  |TAMS 0x0000000084000000, 0x0000000083f00000| Complete 
|  64|0x0000000084000000, 0x0000000084100000, 0x0000000084100000|100%| O|  |TAMS 0x0000000084100000, 0x0000000084000000| Untracked 
|  65|0x0000000084100000, 0x0000000084100000, 0x0000000084200000|  0%| F|  |TAMS 0x0000000084100000, 0x0000000084100000| Untracked 
|  66|0x0000000084200000, 0x0000000084300000, 0x0000000084300000|100%| O|  |TAMS 0x0000000084300000, 0x0000000084200000| Complete 
|  67|0x0000000084300000, 0x0000000084400000, 0x0000000084400000|100%| O|  |TAMS 0x0000000084400000, 0x0000000084300000| Complete 
|  68|0x0000000084400000, 0x0000000084500000, 0x0000000084500000|100%| O|  |TAMS 0x0000000084500000, 0x0000000084400000| Complete 
|  69|0x0000000084500000, 0x0000000084600000, 0x0000000084600000|100%| O|  |TAMS 0x0000000084600000, 0x0000000084500000| Complete 
|  70|0x0000000084600000, 0x0000000084700000, 0x0000000084700000|100%| O|  |TAMS 0x0000000084700000, 0x0000000084600000| Complete 
|  71|0x0000000084700000, 0x0000000084800000, 0x0000000084800000|100%| O|  |TAMS 0x0000000084800000, 0x0000000084700000| Complete 
|  72|0x0000000084800000, 0x0000000084800000, 0x0000000084900000|  0%| F|  |TAMS 0x0000000084800000, 0x0000000084800000| Untracked 
|  73|0x0000000084900000, 0x0000000084a00000, 0x0000000084a00000|100%| O|  |TAMS 0x0000000084a00000, 0x0000000084900000| Complete 
|  74|0x0000000084a00000, 0x0000000084b00000, 0x0000000084b00000|100%| O|  |TAMS 0x0000000084b00000, 0x0000000084a00000| Complete 
|  75|0x0000000084b00000, 0x0000000084c00000, 0x0000000084c00000|100%| O|  |TAMS 0x0000000084c00000, 0x0000000084b00000| Untracked 
|  76|0x0000000084c00000, 0x0000000084d00000, 0x0000000084d00000|100%| O|  |TAMS 0x0000000084d00000, 0x0000000084c00000| Untracked 
|  77|0x0000000084d00000, 0x0000000084e00000, 0x0000000084e00000|100%| O|  |TAMS 0x0000000084e00000, 0x0000000084d00000| Complete 
|  78|0x0000000084e00000, 0x0000000084e00000, 0x0000000084f00000|  0%| F|  |TAMS 0x0000000084e00000, 0x0000000084e00000| Untracked 
|  79|0x0000000084f00000, 0x0000000085000000, 0x0000000085000000|100%|HS|  |TAMS 0x0000000085000000, 0x0000000084f00000| Complete 
|  80|0x0000000085000000, 0x0000000085000000, 0x0000000085100000|  0%| F|  |TAMS 0x0000000085000000, 0x0000000085000000| Untracked 
|  81|0x0000000085100000, 0x0000000085200000, 0x0000000085200000|100%| O|  |TAMS 0x0000000085200000, 0x0000000085100000| Untracked 
|  82|0x0000000085200000, 0x0000000085300000, 0x0000000085300000|100%| O|  |TAMS 0x0000000085300000, 0x0000000085200000| Untracked 
|  83|0x0000000085300000, 0x0000000085400000, 0x0000000085400000|100%| O|  |TAMS 0x0000000085400000, 0x0000000085300000| Complete 
|  84|0x0000000085400000, 0x0000000085400000, 0x0000000085500000|  0%| F|  |TAMS 0x0000000085400000, 0x0000000085400000| Untracked 
|  85|0x0000000085500000, 0x0000000085600000, 0x0000000085600000|100%| O|  |TAMS 0x0000000085600000, 0x0000000085500000| Complete 
|  86|0x0000000085600000, 0x0000000085700000, 0x0000000085700000|100%|HS|  |TAMS 0x0000000085600000, 0x0000000085600000| Complete 
|  87|0x0000000085700000, 0x0000000085800000, 0x0000000085800000|100%|HC|  |TAMS 0x0000000085700000, 0x0000000085700000| Complete 
|  88|0x0000000085800000, 0x0000000085900000, 0x0000000085900000|100%| O|  |TAMS 0x0000000085900000, 0x0000000085800000| Complete 
|  89|0x0000000085900000, 0x0000000085a00000, 0x0000000085a00000|100%| O|  |TAMS 0x0000000085a00000, 0x0000000085900000| Complete 
|  90|0x0000000085a00000, 0x0000000085b00000, 0x0000000085b00000|100%| O|  |TAMS 0x0000000085b00000, 0x0000000085a00000| Complete 
|  91|0x0000000085b00000, 0x0000000085c00000, 0x0000000085c00000|100%| O|  |TAMS 0x0000000085c00000, 0x0000000085b00000| Complete 
|  92|0x0000000085c00000, 0x0000000085d00000, 0x0000000085d00000|100%| O|  |TAMS 0x0000000085d00000, 0x0000000085c00000| Untracked 
|  93|0x0000000085d00000, 0x0000000085e00000, 0x0000000085e00000|100%| O|  |TAMS 0x0000000085e00000, 0x0000000085d00000| Complete 
|  94|0x0000000085e00000, 0x0000000085f00000, 0x0000000085f00000|100%| O|  |TAMS 0x0000000085f00000, 0x0000000085e00000| Complete 
|  95|0x0000000085f00000, 0x0000000085f00000, 0x0000000086000000|  0%| F|  |TAMS 0x0000000085f00000, 0x0000000085f00000| Untracked 
|  96|0x0000000086000000, 0x0000000086100000, 0x0000000086100000|100%| O|  |TAMS 0x0000000086100000, 0x0000000086000000| Complete 
|  97|0x0000000086100000, 0x0000000086200000, 0x0000000086200000|100%| O|  |TAMS 0x0000000086200000, 0x0000000086100000| Complete 
|  98|0x0000000086200000, 0x0000000086300000, 0x0000000086300000|100%| O|  |TAMS 0x0000000086300000, 0x0000000086200000| Untracked 
|  99|0x0000000086300000, 0x0000000086300000, 0x0000000086400000|  0%| F|  |TAMS 0x0000000086300000, 0x0000000086300000| Untracked 
| 100|0x0000000086400000, 0x0000000086500000, 0x0000000086500000|100%| O|  |TAMS 0x0000000086500000, 0x0000000086400000| Untracked 
| 101|0x0000000086500000, 0x0000000086600000, 0x0000000086600000|100%| O|  |TAMS 0x0000000086600000, 0x0000000086500000| Untracked 
| 102|0x0000000086600000, 0x0000000086700000, 0x0000000086700000|100%| O|  |TAMS 0x0000000086700000, 0x0000000086600000| Untracked 
| 103|0x0000000086700000, 0x0000000086700000, 0x0000000086800000|  0%| F|  |TAMS 0x0000000086700000, 0x0000000086700000| Untracked 
| 104|0x0000000086800000, 0x0000000086900000, 0x0000000086900000|100%| O|  |TAMS 0x0000000086900000, 0x0000000086800000| Complete 
| 105|0x0000000086900000, 0x0000000086a00000, 0x0000000086a00000|100%| O|  |TAMS 0x0000000086a00000, 0x0000000086900000| Untracked 
| 106|0x0000000086a00000, 0x0000000086b00000, 0x0000000086b00000|100%| O|  |TAMS 0x0000000086b00000, 0x0000000086a00000| Untracked 
| 107|0x0000000086b00000, 0x0000000086c00000, 0x0000000086c00000|100%| O|  |TAMS 0x0000000086c00000, 0x0000000086b00000| Complete 
| 108|0x0000000086c00000, 0x0000000086d00000, 0x0000000086d00000|100%| O|  |TAMS 0x0000000086d00000, 0x0000000086c00000| Complete 
| 109|0x0000000086d00000, 0x0000000086e00000, 0x0000000086e00000|100%| O|  |TAMS 0x0000000086e00000, 0x0000000086d00000| Untracked 
| 110|0x0000000086e00000, 0x0000000086f00000, 0x0000000086f00000|100%| O|  |TAMS 0x0000000086f00000, 0x0000000086e00000| Untracked 
| 111|0x0000000086f00000, 0x0000000087000000, 0x0000000087000000|100%| O|  |TAMS 0x0000000087000000, 0x0000000086f00000| Untracked 
| 112|0x0000000087000000, 0x0000000087100000, 0x0000000087100000|100%| O|  |TAMS 0x0000000087100000, 0x0000000087000000| Untracked 
| 113|0x0000000087100000, 0x0000000087200000, 0x0000000087200000|100%| O|  |TAMS 0x0000000087200000, 0x0000000087100000| Untracked 
| 114|0x0000000087200000, 0x0000000087300000, 0x0000000087300000|100%| O|  |TAMS 0x0000000087300000, 0x0000000087200000| Untracked 
| 115|0x0000000087300000, 0x0000000087400000, 0x0000000087400000|100%| O|  |TAMS 0x0000000087400000, 0x0000000087300000| Untracked 
| 116|0x0000000087400000, 0x0000000087500000, 0x0000000087500000|100%| O|  |TAMS 0x0000000087500000, 0x0000000087400000| Untracked 
| 117|0x0000000087500000, 0x0000000087591200, 0x0000000087600000| 56%| O|  |TAMS 0x0000000087591200, 0x0000000087500000| Untracked 
| 118|0x0000000087600000, 0x0000000087700000, 0x0000000087700000|100%|HS|  |TAMS 0x0000000087600000, 0x0000000087600000| Complete 
| 119|0x0000000087700000, 0x0000000087800000, 0x0000000087800000|100%|HC|  |TAMS 0x0000000087700000, 0x0000000087700000| Complete 
| 120|0x0000000087800000, 0x0000000087900000, 0x0000000087900000|100%|HC|  |TAMS 0x0000000087800000, 0x0000000087800000| Complete 
| 121|0x0000000087900000, 0x0000000087a00000, 0x0000000087a00000|100%| O|  |TAMS 0x0000000087a00000, 0x0000000087900000| Complete 
| 122|0x0000000087a00000, 0x0000000087b00000, 0x0000000087b00000|100%| O|  |TAMS 0x0000000087b00000, 0x0000000087a00000| Complete 
| 123|0x0000000087b00000, 0x0000000087c00000, 0x0000000087c00000|100%| O|  |TAMS 0x0000000087c00000, 0x0000000087b00000| Complete 
| 124|0x0000000087c00000, 0x0000000087d00000, 0x0000000087d00000|100%| O|  |TAMS 0x0000000087d00000, 0x0000000087c00000| Complete 
| 125|0x0000000087d00000, 0x0000000087e00000, 0x0000000087e00000|100%|HS|  |TAMS 0x0000000087d00000, 0x0000000087d00000| Complete 
| 126|0x0000000087e00000, 0x0000000087f00000, 0x0000000087f00000|100%|HC|  |TAMS 0x0000000087e00000, 0x0000000087e00000| Complete 
| 127|0x0000000087f00000, 0x0000000088000000, 0x0000000088000000|100%|HC|  |TAMS 0x0000000087f00000, 0x0000000087f00000| Complete 
| 128|0x0000000088000000, 0x0000000088100000, 0x0000000088100000|100%|HC|  |TAMS 0x0000000088000000, 0x0000000088000000| Complete 
| 129|0x0000000088100000, 0x0000000088200000, 0x0000000088200000|100%|HS|  |TAMS 0x0000000088100000, 0x0000000088100000| Complete 
| 130|0x0000000088200000, 0x0000000088300000, 0x0000000088300000|100%|HC|  |TAMS 0x0000000088200000, 0x0000000088200000| Complete 
| 131|0x0000000088300000, 0x0000000088400000, 0x0000000088400000|100%|HC|  |TAMS 0x0000000088300000, 0x0000000088300000| Complete 
| 132|0x0000000088400000, 0x0000000088400000, 0x0000000088500000|  0%| F|  |TAMS 0x0000000088400000, 0x0000000088400000| Untracked 
| 133|0x0000000088500000, 0x0000000088500000, 0x0000000088600000|  0%| F|  |TAMS 0x0000000088500000, 0x0000000088500000| Untracked 
| 134|0x0000000088600000, 0x0000000088600000, 0x0000000088700000|  0%| F|  |TAMS 0x0000000088600000, 0x0000000088600000| Untracked 
| 135|0x0000000088700000, 0x0000000088700000, 0x0000000088800000|  0%| F|  |TAMS 0x0000000088700000, 0x0000000088700000| Untracked 
| 136|0x0000000088800000, 0x0000000088800000, 0x0000000088900000|  0%| F|  |TAMS 0x0000000088800000, 0x0000000088800000| Untracked 
| 137|0x0000000088900000, 0x0000000088900000, 0x0000000088a00000|  0%| F|  |TAMS 0x0000000088900000, 0x0000000088900000| Untracked 
| 138|0x0000000088a00000, 0x0000000088a00000, 0x0000000088b00000|  0%| F|  |TAMS 0x0000000088a00000, 0x0000000088a00000| Untracked 
| 139|0x0000000088b00000, 0x0000000088b00000, 0x0000000088c00000|  0%| F|  |TAMS 0x0000000088b00000, 0x0000000088b00000| Untracked 
| 140|0x0000000088c00000, 0x0000000088c00000, 0x0000000088d00000|  0%| F|  |TAMS 0x0000000088c00000, 0x0000000088c00000| Untracked 
| 141|0x0000000088d00000, 0x0000000088d00000, 0x0000000088e00000|  0%| F|  |TAMS 0x0000000088d00000, 0x0000000088d00000| Untracked 
| 142|0x0000000088e00000, 0x0000000088e00000, 0x0000000088f00000|  0%| F|  |TAMS 0x0000000088e00000, 0x0000000088e00000| Untracked 
| 143|0x0000000088f00000, 0x0000000088f00000, 0x0000000089000000|  0%| F|  |TAMS 0x0000000088f00000, 0x0000000088f00000| Untracked 
| 144|0x0000000089000000, 0x0000000089000000, 0x0000000089100000|  0%| F|  |TAMS 0x0000000089000000, 0x0000000089000000| Untracked 
| 145|0x0000000089100000, 0x0000000089100000, 0x0000000089200000|  0%| F|  |TAMS 0x0000000089100000, 0x0000000089100000| Untracked 
| 146|0x0000000089200000, 0x0000000089200000, 0x0000000089300000|  0%| F|  |TAMS 0x0000000089200000, 0x0000000089200000| Untracked 
| 147|0x0000000089300000, 0x0000000089300000, 0x0000000089400000|  0%| F|  |TAMS 0x0000000089300000, 0x0000000089300000| Untracked 
| 148|0x0000000089400000, 0x0000000089400000, 0x0000000089500000|  0%| F|  |TAMS 0x0000000089400000, 0x0000000089400000| Untracked 
| 149|0x0000000089500000, 0x0000000089500000, 0x0000000089600000|  0%| F|  |TAMS 0x0000000089500000, 0x0000000089500000| Untracked 
| 150|0x0000000089600000, 0x0000000089600000, 0x0000000089700000|  0%| F|  |TAMS 0x0000000089600000, 0x0000000089600000| Untracked 
| 151|0x0000000089700000, 0x0000000089700000, 0x0000000089800000|  0%| F|  |TAMS 0x0000000089700000, 0x0000000089700000| Untracked 
| 152|0x0000000089800000, 0x0000000089800000, 0x0000000089900000|  0%| F|  |TAMS 0x0000000089800000, 0x0000000089800000| Untracked 
| 153|0x0000000089900000, 0x0000000089900000, 0x0000000089a00000|  0%| F|  |TAMS 0x0000000089900000, 0x0000000089900000| Untracked 
| 154|0x0000000089a00000, 0x0000000089a00000, 0x0000000089b00000|  0%| F|  |TAMS 0x0000000089a00000, 0x0000000089a00000| Untracked 
| 155|0x0000000089b00000, 0x0000000089b00000, 0x0000000089c00000|  0%| F|  |TAMS 0x0000000089b00000, 0x0000000089b00000| Untracked 
| 156|0x0000000089c00000, 0x0000000089c00000, 0x0000000089d00000|  0%| F|  |TAMS 0x0000000089c00000, 0x0000000089c00000| Untracked 
| 157|0x0000000089d00000, 0x0000000089d00000, 0x0000000089e00000|  0%| F|  |TAMS 0x0000000089d00000, 0x0000000089d00000| Untracked 
| 158|0x0000000089e00000, 0x0000000089e00000, 0x0000000089f00000|  0%| F|  |TAMS 0x0000000089e00000, 0x0000000089e00000| Untracked 
| 159|0x0000000089f00000, 0x0000000089f00000, 0x000000008a000000|  0%| F|  |TAMS 0x0000000089f00000, 0x0000000089f00000| Untracked 
| 160|0x000000008a000000, 0x000000008a000000, 0x000000008a100000|  0%| F|  |TAMS 0x000000008a000000, 0x000000008a000000| Untracked 
| 161|0x000000008a100000, 0x000000008a100000, 0x000000008a200000|  0%| F|  |TAMS 0x000000008a100000, 0x000000008a100000| Untracked 
| 162|0x000000008a200000, 0x000000008a200000, 0x000000008a300000|  0%| F|  |TAMS 0x000000008a200000, 0x000000008a200000| Untracked 
| 163|0x000000008a300000, 0x000000008a300000, 0x000000008a400000|  0%| F|  |TAMS 0x000000008a300000, 0x000000008a300000| Untracked 
| 164|0x000000008a400000, 0x000000008a400000, 0x000000008a500000|  0%| F|  |TAMS 0x000000008a400000, 0x000000008a400000| Untracked 
| 165|0x000000008a500000, 0x000000008a500000, 0x000000008a600000|  0%| F|  |TAMS 0x000000008a500000, 0x000000008a500000| Untracked 
| 166|0x000000008a600000, 0x000000008a600000, 0x000000008a700000|  0%| F|  |TAMS 0x000000008a600000, 0x000000008a600000| Untracked 
| 167|0x000000008a700000, 0x000000008a700000, 0x000000008a800000|  0%| F|  |TAMS 0x000000008a700000, 0x000000008a700000| Untracked 
| 168|0x000000008a800000, 0x000000008a800000, 0x000000008a900000|  0%| F|  |TAMS 0x000000008a800000, 0x000000008a800000| Untracked 
| 169|0x000000008a900000, 0x000000008a900000, 0x000000008aa00000|  0%| F|  |TAMS 0x000000008a900000, 0x000000008a900000| Untracked 
| 170|0x000000008aa00000, 0x000000008aa00000, 0x000000008ab00000|  0%| F|  |TAMS 0x000000008aa00000, 0x000000008aa00000| Untracked 
| 171|0x000000008ab00000, 0x000000008ab00000, 0x000000008ac00000|  0%| F|  |TAMS 0x000000008ab00000, 0x000000008ab00000| Untracked 
| 172|0x000000008ac00000, 0x000000008ac00000, 0x000000008ad00000|  0%| F|  |TAMS 0x000000008ac00000, 0x000000008ac00000| Untracked 
| 173|0x000000008ad00000, 0x000000008ad00000, 0x000000008ae00000|  0%| F|  |TAMS 0x000000008ad00000, 0x000000008ad00000| Untracked 
| 174|0x000000008ae00000, 0x000000008ae00000, 0x000000008af00000|  0%| F|  |TAMS 0x000000008ae00000, 0x000000008ae00000| Untracked 
| 175|0x000000008af00000, 0x000000008af00000, 0x000000008b000000|  0%| F|  |TAMS 0x000000008af00000, 0x000000008af00000| Untracked 
| 176|0x000000008b000000, 0x000000008b000000, 0x000000008b100000|  0%| F|  |TAMS 0x000000008b000000, 0x000000008b000000| Untracked 
| 177|0x000000008b100000, 0x000000008b100000, 0x000000008b200000|  0%| F|  |TAMS 0x000000008b100000, 0x000000008b100000| Untracked 
| 178|0x000000008b200000, 0x000000008b200000, 0x000000008b300000|  0%| F|  |TAMS 0x000000008b200000, 0x000000008b200000| Untracked 
| 179|0x000000008b300000, 0x000000008b300000, 0x000000008b400000|  0%| F|  |TAMS 0x000000008b300000, 0x000000008b300000| Untracked 
| 180|0x000000008b400000, 0x000000008b400000, 0x000000008b500000|  0%| F|  |TAMS 0x000000008b400000, 0x000000008b400000| Untracked 
| 181|0x000000008b500000, 0x000000008b500000, 0x000000008b600000|  0%| F|  |TAMS 0x000000008b500000, 0x000000008b500000| Untracked 
| 182|0x000000008b600000, 0x000000008b600000, 0x000000008b700000|  0%| F|  |TAMS 0x000000008b600000, 0x000000008b600000| Untracked 
| 183|0x000000008b700000, 0x000000008b700000, 0x000000008b800000|  0%| F|  |TAMS 0x000000008b700000, 0x000000008b700000| Untracked 
| 184|0x000000008b800000, 0x000000008b800000, 0x000000008b900000|  0%| F|  |TAMS 0x000000008b800000, 0x000000008b800000| Untracked 
| 185|0x000000008b900000, 0x000000008b900000, 0x000000008ba00000|  0%| F|  |TAMS 0x000000008b900000, 0x000000008b900000| Untracked 
| 186|0x000000008ba00000, 0x000000008ba00000, 0x000000008bb00000|  0%| F|  |TAMS 0x000000008ba00000, 0x000000008ba00000| Untracked 
| 187|0x000000008bb00000, 0x000000008bb00000, 0x000000008bc00000|  0%| F|  |TAMS 0x000000008bb00000, 0x000000008bb00000| Untracked 
| 188|0x000000008bc00000, 0x000000008bc00000, 0x000000008bd00000|  0%| F|  |TAMS 0x000000008bc00000, 0x000000008bc00000| Untracked 
| 189|0x000000008bd00000, 0x000000008bd00000, 0x000000008be00000|  0%| F|  |TAMS 0x000000008bd00000, 0x000000008bd00000| Untracked 
| 190|0x000000008be00000, 0x000000008be00000, 0x000000008bf00000|  0%| F|  |TAMS 0x000000008be00000, 0x000000008be00000| Untracked 
| 191|0x000000008bf00000, 0x000000008bf00000, 0x000000008c000000|  0%| F|  |TAMS 0x000000008bf00000, 0x000000008bf00000| Untracked 
| 192|0x000000008c000000, 0x000000008c000000, 0x000000008c100000|  0%| F|  |TAMS 0x000000008c000000, 0x000000008c000000| Untracked 
| 193|0x000000008c100000, 0x000000008c100000, 0x000000008c200000|  0%| F|  |TAMS 0x000000008c100000, 0x000000008c100000| Untracked 
| 194|0x000000008c200000, 0x000000008c200000, 0x000000008c300000|  0%| F|  |TAMS 0x000000008c200000, 0x000000008c200000| Untracked 
| 195|0x000000008c300000, 0x000000008c300000, 0x000000008c400000|  0%| F|  |TAMS 0x000000008c300000, 0x000000008c300000| Untracked 
| 196|0x000000008c400000, 0x000000008c400000, 0x000000008c500000|  0%| F|  |TAMS 0x000000008c400000, 0x000000008c400000| Untracked 
| 197|0x000000008c500000, 0x000000008c500000, 0x000000008c600000|  0%| F|  |TAMS 0x000000008c500000, 0x000000008c500000| Untracked 
| 198|0x000000008c600000, 0x000000008c600000, 0x000000008c700000|  0%| F|  |TAMS 0x000000008c600000, 0x000000008c600000| Untracked 
| 199|0x000000008c700000, 0x000000008c700000, 0x000000008c800000|  0%| F|  |TAMS 0x000000008c700000, 0x000000008c700000| Untracked 
| 200|0x000000008c800000, 0x000000008c800000, 0x000000008c900000|  0%| F|  |TAMS 0x000000008c800000, 0x000000008c800000| Untracked 
| 201|0x000000008c900000, 0x000000008c900000, 0x000000008ca00000|  0%| F|  |TAMS 0x000000008c900000, 0x000000008c900000| Untracked 
| 202|0x000000008ca00000, 0x000000008ca00000, 0x000000008cb00000|  0%| F|  |TAMS 0x000000008ca00000, 0x000000008ca00000| Untracked 
| 203|0x000000008cb00000, 0x000000008cb00000, 0x000000008cc00000|  0%| F|  |TAMS 0x000000008cb00000, 0x000000008cb00000| Untracked 
| 204|0x000000008cc00000, 0x000000008cc00000, 0x000000008cd00000|  0%| F|  |TAMS 0x000000008cc00000, 0x000000008cc00000| Untracked 
| 205|0x000000008cd00000, 0x000000008cd00000, 0x000000008ce00000|  0%| F|  |TAMS 0x000000008cd00000, 0x000000008cd00000| Untracked 
| 206|0x000000008ce00000, 0x000000008ce00000, 0x000000008cf00000|  0%| F|  |TAMS 0x000000008ce00000, 0x000000008ce00000| Untracked 
| 207|0x000000008cf00000, 0x000000008cf00000, 0x000000008d000000|  0%| F|  |TAMS 0x000000008cf00000, 0x000000008cf00000| Untracked 
| 208|0x000000008d000000, 0x000000008d000000, 0x000000008d100000|  0%| F|  |TAMS 0x000000008d000000, 0x000000008d000000| Untracked 
| 209|0x000000008d100000, 0x000000008d100000, 0x000000008d200000|  0%| F|  |TAMS 0x000000008d100000, 0x000000008d100000| Untracked 
| 210|0x000000008d200000, 0x000000008d200000, 0x000000008d300000|  0%| F|  |TAMS 0x000000008d200000, 0x000000008d200000| Untracked 
| 211|0x000000008d300000, 0x000000008d300000, 0x000000008d400000|  0%| F|  |TAMS 0x000000008d300000, 0x000000008d300000| Untracked 
| 212|0x000000008d400000, 0x000000008d400000, 0x000000008d500000|  0%| F|  |TAMS 0x000000008d400000, 0x000000008d400000| Untracked 
| 213|0x000000008d500000, 0x000000008d500000, 0x000000008d600000|  0%| F|  |TAMS 0x000000008d500000, 0x000000008d500000| Untracked 
| 214|0x000000008d600000, 0x000000008d600000, 0x000000008d700000|  0%| F|  |TAMS 0x000000008d600000, 0x000000008d600000| Untracked 
| 215|0x000000008d700000, 0x000000008d700000, 0x000000008d800000|  0%| F|  |TAMS 0x000000008d700000, 0x000000008d700000| Untracked 
| 216|0x000000008d800000, 0x000000008d800000, 0x000000008d900000|  0%| F|  |TAMS 0x000000008d800000, 0x000000008d800000| Untracked 
| 217|0x000000008d900000, 0x000000008d900000, 0x000000008da00000|  0%| F|  |TAMS 0x000000008d900000, 0x000000008d900000| Untracked 
| 218|0x000000008da00000, 0x000000008da00000, 0x000000008db00000|  0%| F|  |TAMS 0x000000008da00000, 0x000000008da00000| Untracked 
| 219|0x000000008db00000, 0x000000008db00000, 0x000000008dc00000|  0%| F|  |TAMS 0x000000008db00000, 0x000000008db00000| Untracked 
| 220|0x000000008dc00000, 0x000000008dc00000, 0x000000008dd00000|  0%| F|  |TAMS 0x000000008dc00000, 0x000000008dc00000| Untracked 
| 221|0x000000008dd00000, 0x000000008dd00000, 0x000000008de00000|  0%| F|  |TAMS 0x000000008dd00000, 0x000000008dd00000| Untracked 
| 222|0x000000008de00000, 0x000000008de00000, 0x000000008df00000|  0%| F|  |TAMS 0x000000008de00000, 0x000000008de00000| Untracked 
| 223|0x000000008df00000, 0x000000008df00000, 0x000000008e000000|  0%| F|  |TAMS 0x000000008df00000, 0x000000008df00000| Untracked 
| 224|0x000000008e000000, 0x000000008e000000, 0x000000008e100000|  0%| F|  |TAMS 0x000000008e000000, 0x000000008e000000| Untracked 
| 225|0x000000008e100000, 0x000000008e100000, 0x000000008e200000|  0%| F|  |TAMS 0x000000008e100000, 0x000000008e100000| Untracked 
| 226|0x000000008e200000, 0x000000008e200000, 0x000000008e300000|  0%| F|  |TAMS 0x000000008e200000, 0x000000008e200000| Untracked 
| 227|0x000000008e300000, 0x000000008e300000, 0x000000008e400000|  0%| F|  |TAMS 0x000000008e300000, 0x000000008e300000| Untracked 
| 228|0x000000008e400000, 0x000000008e400000, 0x000000008e500000|  0%| F|  |TAMS 0x000000008e400000, 0x000000008e400000| Untracked 
| 229|0x000000008e500000, 0x000000008e500000, 0x000000008e600000|  0%| F|  |TAMS 0x000000008e500000, 0x000000008e500000| Untracked 
| 230|0x000000008e600000, 0x000000008e600000, 0x000000008e700000|  0%| F|  |TAMS 0x000000008e600000, 0x000000008e600000| Untracked 
| 231|0x000000008e700000, 0x000000008e700000, 0x000000008e800000|  0%| F|  |TAMS 0x000000008e700000, 0x000000008e700000| Untracked 
| 232|0x000000008e800000, 0x000000008e800000, 0x000000008e900000|  0%| F|  |TAMS 0x000000008e800000, 0x000000008e800000| Untracked 
| 233|0x000000008e900000, 0x000000008e900000, 0x000000008ea00000|  0%| F|  |TAMS 0x000000008e900000, 0x000000008e900000| Untracked 
| 234|0x000000008ea00000, 0x000000008ea00000, 0x000000008eb00000|  0%| F|  |TAMS 0x000000008ea00000, 0x000000008ea00000| Untracked 
| 235|0x000000008eb00000, 0x000000008eb00000, 0x000000008ec00000|  0%| F|  |TAMS 0x000000008eb00000, 0x000000008eb00000| Untracked 
| 236|0x000000008ec00000, 0x000000008ec00000, 0x000000008ed00000|  0%| F|  |TAMS 0x000000008ec00000, 0x000000008ec00000| Untracked 
| 237|0x000000008ed00000, 0x000000008ed00000, 0x000000008ee00000|  0%| F|  |TAMS 0x000000008ed00000, 0x000000008ed00000| Untracked 
| 238|0x000000008ee00000, 0x000000008ee00000, 0x000000008ef00000|  0%| F|  |TAMS 0x000000008ee00000, 0x000000008ee00000| Untracked 
| 239|0x000000008ef00000, 0x000000008ef00000, 0x000000008f000000|  0%| F|  |TAMS 0x000000008ef00000, 0x000000008ef00000| Untracked 
| 240|0x000000008f000000, 0x000000008f000000, 0x000000008f100000|  0%| F|  |TAMS 0x000000008f000000, 0x000000008f000000| Untracked 
| 241|0x000000008f100000, 0x000000008f100000, 0x000000008f200000|  0%| F|  |TAMS 0x000000008f100000, 0x000000008f100000| Untracked 
| 242|0x000000008f200000, 0x000000008f200000, 0x000000008f300000|  0%| F|  |TAMS 0x000000008f200000, 0x000000008f200000| Untracked 
| 243|0x000000008f300000, 0x000000008f300000, 0x000000008f400000|  0%| F|  |TAMS 0x000000008f300000, 0x000000008f300000| Untracked 
| 244|0x000000008f400000, 0x000000008f400000, 0x000000008f500000|  0%| F|  |TAMS 0x000000008f400000, 0x000000008f400000| Untracked 
| 245|0x000000008f500000, 0x000000008f500000, 0x000000008f600000|  0%| F|  |TAMS 0x000000008f500000, 0x000000008f500000| Untracked 
| 246|0x000000008f600000, 0x000000008f600000, 0x000000008f700000|  0%| F|  |TAMS 0x000000008f600000, 0x000000008f600000| Untracked 
| 247|0x000000008f700000, 0x000000008f700000, 0x000000008f800000|  0%| F|  |TAMS 0x000000008f700000, 0x000000008f700000| Untracked 
| 248|0x000000008f800000, 0x000000008f800000, 0x000000008f900000|  0%| F|  |TAMS 0x000000008f800000, 0x000000008f800000| Untracked 
| 249|0x000000008f900000, 0x000000008f900000, 0x000000008fa00000|  0%| F|  |TAMS 0x000000008f900000, 0x000000008f900000| Untracked 
| 250|0x000000008fa00000, 0x000000008fa00000, 0x000000008fb00000|  0%| F|  |TAMS 0x000000008fa00000, 0x000000008fa00000| Untracked 
| 251|0x000000008fb00000, 0x000000008fb00000, 0x000000008fc00000|  0%| F|  |TAMS 0x000000008fb00000, 0x000000008fb00000| Untracked 
| 252|0x000000008fc00000, 0x000000008fc00000, 0x000000008fd00000|  0%| F|  |TAMS 0x000000008fc00000, 0x000000008fc00000| Untracked 
| 253|0x000000008fd00000, 0x000000008fd00000, 0x000000008fe00000|  0%| F|  |TAMS 0x000000008fd00000, 0x000000008fd00000| Untracked 
| 254|0x000000008fe00000, 0x000000008fe00000, 0x000000008ff00000|  0%| F|  |TAMS 0x000000008fe00000, 0x000000008fe00000| Untracked 
| 255|0x000000008ff00000, 0x000000008ff00000, 0x0000000090000000|  0%| F|  |TAMS 0x000000008ff00000, 0x000000008ff00000| Untracked 
| 256|0x0000000090000000, 0x0000000090000000, 0x0000000090100000|  0%| F|  |TAMS 0x0000000090000000, 0x0000000090000000| Untracked 
| 257|0x0000000090100000, 0x0000000090100000, 0x0000000090200000|  0%| F|  |TAMS 0x0000000090100000, 0x0000000090100000| Untracked 
| 258|0x0000000090200000, 0x0000000090200000, 0x0000000090300000|  0%| F|  |TAMS 0x0000000090200000, 0x0000000090200000| Untracked 
| 259|0x0000000090300000, 0x0000000090300000, 0x0000000090400000|  0%| F|  |TAMS 0x0000000090300000, 0x0000000090300000| Untracked 
| 260|0x0000000090400000, 0x0000000090400000, 0x0000000090500000|  0%| F|  |TAMS 0x0000000090400000, 0x0000000090400000| Untracked 
| 261|0x0000000090500000, 0x0000000090500000, 0x0000000090600000|  0%| F|  |TAMS 0x0000000090500000, 0x0000000090500000| Untracked 
| 262|0x0000000090600000, 0x0000000090600000, 0x0000000090700000|  0%| F|  |TAMS 0x0000000090600000, 0x0000000090600000| Untracked 
| 263|0x0000000090700000, 0x0000000090700000, 0x0000000090800000|  0%| F|  |TAMS 0x0000000090700000, 0x0000000090700000| Untracked 
| 264|0x0000000090800000, 0x0000000090800000, 0x0000000090900000|  0%| F|  |TAMS 0x0000000090800000, 0x0000000090800000| Untracked 
| 265|0x0000000090900000, 0x0000000090900000, 0x0000000090a00000|  0%| F|  |TAMS 0x0000000090900000, 0x0000000090900000| Untracked 
| 266|0x0000000090a00000, 0x0000000090a00000, 0x0000000090b00000|  0%| F|  |TAMS 0x0000000090a00000, 0x0000000090a00000| Untracked 
| 267|0x0000000090b00000, 0x0000000090b00000, 0x0000000090c00000|  0%| F|  |TAMS 0x0000000090b00000, 0x0000000090b00000| Untracked 
| 268|0x0000000090c00000, 0x0000000090c00000, 0x0000000090d00000|  0%| F|  |TAMS 0x0000000090c00000, 0x0000000090c00000| Untracked 
| 269|0x0000000090d00000, 0x0000000090d00000, 0x0000000090e00000|  0%| F|  |TAMS 0x0000000090d00000, 0x0000000090d00000| Untracked 
| 270|0x0000000090e00000, 0x0000000090e00000, 0x0000000090f00000|  0%| F|  |TAMS 0x0000000090e00000, 0x0000000090e00000| Untracked 
| 271|0x0000000090f00000, 0x0000000090f00000, 0x0000000091000000|  0%| F|  |TAMS 0x0000000090f00000, 0x0000000090f00000| Untracked 
| 272|0x0000000091000000, 0x0000000091000000, 0x0000000091100000|  0%| F|  |TAMS 0x0000000091000000, 0x0000000091000000| Untracked 
| 273|0x0000000091100000, 0x0000000091100000, 0x0000000091200000|  0%| F|  |TAMS 0x0000000091100000, 0x0000000091100000| Untracked 
| 274|0x0000000091200000, 0x0000000091200000, 0x0000000091300000|  0%| F|  |TAMS 0x0000000091200000, 0x0000000091200000| Untracked 
| 275|0x0000000091300000, 0x0000000091300000, 0x0000000091400000|  0%| F|  |TAMS 0x0000000091300000, 0x0000000091300000| Untracked 
| 276|0x0000000091400000, 0x0000000091400000, 0x0000000091500000|  0%| F|  |TAMS 0x0000000091400000, 0x0000000091400000| Untracked 
| 277|0x0000000091500000, 0x0000000091500000, 0x0000000091600000|  0%| F|  |TAMS 0x0000000091500000, 0x0000000091500000| Untracked 
| 278|0x0000000091600000, 0x0000000091600000, 0x0000000091700000|  0%| F|  |TAMS 0x0000000091600000, 0x0000000091600000| Untracked 
| 279|0x0000000091700000, 0x0000000091700000, 0x0000000091800000|  0%| F|  |TAMS 0x0000000091700000, 0x0000000091700000| Untracked 
| 280|0x0000000091800000, 0x0000000091800000, 0x0000000091900000|  0%| F|  |TAMS 0x0000000091800000, 0x0000000091800000| Untracked 
| 281|0x0000000091900000, 0x0000000091900000, 0x0000000091a00000|  0%| F|  |TAMS 0x0000000091900000, 0x0000000091900000| Untracked 
| 282|0x0000000091a00000, 0x0000000091a00000, 0x0000000091b00000|  0%| F|  |TAMS 0x0000000091a00000, 0x0000000091a00000| Untracked 
| 283|0x0000000091b00000, 0x0000000091b00000, 0x0000000091c00000|  0%| F|  |TAMS 0x0000000091b00000, 0x0000000091b00000| Untracked 
| 284|0x0000000091c00000, 0x0000000091c00000, 0x0000000091d00000|  0%| F|  |TAMS 0x0000000091c00000, 0x0000000091c00000| Untracked 
| 285|0x0000000091d00000, 0x0000000091d00000, 0x0000000091e00000|  0%| F|  |TAMS 0x0000000091d00000, 0x0000000091d00000| Untracked 
| 286|0x0000000091e00000, 0x0000000091e00000, 0x0000000091f00000|  0%| F|  |TAMS 0x0000000091e00000, 0x0000000091e00000| Untracked 
| 287|0x0000000091f00000, 0x0000000091f00000, 0x0000000092000000|  0%| F|  |TAMS 0x0000000091f00000, 0x0000000091f00000| Untracked 
| 288|0x0000000092000000, 0x0000000092000000, 0x0000000092100000|  0%| F|  |TAMS 0x0000000092000000, 0x0000000092000000| Untracked 
| 289|0x0000000092100000, 0x0000000092100000, 0x0000000092200000|  0%| F|  |TAMS 0x0000000092100000, 0x0000000092100000| Untracked 
| 290|0x0000000092200000, 0x0000000092200000, 0x0000000092300000|  0%| F|  |TAMS 0x0000000092200000, 0x0000000092200000| Untracked 
| 291|0x0000000092300000, 0x0000000092300000, 0x0000000092400000|  0%| F|  |TAMS 0x0000000092300000, 0x0000000092300000| Untracked 
| 292|0x0000000092400000, 0x0000000092400000, 0x0000000092500000|  0%| F|  |TAMS 0x0000000092400000, 0x0000000092400000| Untracked 
| 293|0x0000000092500000, 0x0000000092500000, 0x0000000092600000|  0%| F|  |TAMS 0x0000000092500000, 0x0000000092500000| Untracked 
| 294|0x0000000092600000, 0x0000000092600000, 0x0000000092700000|  0%| F|  |TAMS 0x0000000092600000, 0x0000000092600000| Untracked 
| 295|0x0000000092700000, 0x0000000092700000, 0x0000000092800000|  0%| F|  |TAMS 0x0000000092700000, 0x0000000092700000| Untracked 
| 296|0x0000000092800000, 0x0000000092800000, 0x0000000092900000|  0%| F|  |TAMS 0x0000000092800000, 0x0000000092800000| Untracked 
| 297|0x0000000092900000, 0x0000000092900000, 0x0000000092a00000|  0%| F|  |TAMS 0x0000000092900000, 0x0000000092900000| Untracked 
| 298|0x0000000092a00000, 0x0000000092a00000, 0x0000000092b00000|  0%| F|  |TAMS 0x0000000092a00000, 0x0000000092a00000| Untracked 
| 299|0x0000000092b00000, 0x0000000092b00000, 0x0000000092c00000|  0%| F|  |TAMS 0x0000000092b00000, 0x0000000092b00000| Untracked 
| 300|0x0000000092c00000, 0x0000000092c00000, 0x0000000092d00000|  0%| F|  |TAMS 0x0000000092c00000, 0x0000000092c00000| Untracked 
| 301|0x0000000092d00000, 0x0000000092d00000, 0x0000000092e00000|  0%| F|  |TAMS 0x0000000092d00000, 0x0000000092d00000| Untracked 
| 302|0x0000000092e00000, 0x0000000092e00000, 0x0000000092f00000|  0%| F|  |TAMS 0x0000000092e00000, 0x0000000092e00000| Untracked 
| 303|0x0000000092f00000, 0x0000000092f00000, 0x0000000093000000|  0%| F|  |TAMS 0x0000000092f00000, 0x0000000092f00000| Untracked 
| 304|0x0000000093000000, 0x0000000093000000, 0x0000000093100000|  0%| F|  |TAMS 0x0000000093000000, 0x0000000093000000| Untracked 
| 305|0x0000000093100000, 0x0000000093100000, 0x0000000093200000|  0%| F|  |TAMS 0x0000000093100000, 0x0000000093100000| Untracked 
| 306|0x0000000093200000, 0x0000000093200000, 0x0000000093300000|  0%| F|  |TAMS 0x0000000093200000, 0x0000000093200000| Untracked 
| 307|0x0000000093300000, 0x0000000093300000, 0x0000000093400000|  0%| F|  |TAMS 0x0000000093300000, 0x0000000093300000| Untracked 
| 308|0x0000000093400000, 0x0000000093400000, 0x0000000093500000|  0%| F|  |TAMS 0x0000000093400000, 0x0000000093400000| Untracked 
| 309|0x0000000093500000, 0x0000000093500000, 0x0000000093600000|  0%| F|  |TAMS 0x0000000093500000, 0x0000000093500000| Untracked 
| 310|0x0000000093600000, 0x0000000093700000, 0x0000000093700000|100%| S|CS|TAMS 0x0000000093600000, 0x0000000093600000| Complete 
| 311|0x0000000093700000, 0x0000000093800000, 0x0000000093800000|100%| S|CS|TAMS 0x0000000093700000, 0x0000000093700000| Complete 
| 312|0x0000000093800000, 0x0000000093900000, 0x0000000093900000|100%| S|CS|TAMS 0x0000000093800000, 0x0000000093800000| Complete 
| 313|0x0000000093900000, 0x0000000093a00000, 0x0000000093a00000|100%| S|CS|TAMS 0x0000000093900000, 0x0000000093900000| Complete 
| 314|0x0000000093a00000, 0x0000000093b00000, 0x0000000093b00000|100%| S|CS|TAMS 0x0000000093a00000, 0x0000000093a00000| Complete 
| 315|0x0000000093b00000, 0x0000000093c00000, 0x0000000093c00000|100%| S|CS|TAMS 0x0000000093b00000, 0x0000000093b00000| Complete 
| 316|0x0000000093c00000, 0x0000000093d00000, 0x0000000093d00000|100%| S|CS|TAMS 0x0000000093c00000, 0x0000000093c00000| Complete 
| 317|0x0000000093d00000, 0x0000000093d00000, 0x0000000093e00000|  0%| F|  |TAMS 0x0000000093d00000, 0x0000000093d00000| Untracked 
| 318|0x0000000093e00000, 0x0000000093e00000, 0x0000000093f00000|  0%| F|  |TAMS 0x0000000093e00000, 0x0000000093e00000| Untracked 
| 319|0x0000000093f00000, 0x0000000093f00000, 0x0000000094000000|  0%| F|  |TAMS 0x0000000093f00000, 0x0000000093f00000| Untracked 
| 320|0x0000000094000000, 0x0000000094000000, 0x0000000094100000|  0%| F|  |TAMS 0x0000000094000000, 0x0000000094000000| Untracked 
| 321|0x0000000094100000, 0x0000000094100000, 0x0000000094200000|  0%| F|  |TAMS 0x0000000094100000, 0x0000000094100000| Untracked 
| 322|0x0000000094200000, 0x0000000094200000, 0x0000000094300000|  0%| F|  |TAMS 0x0000000094200000, 0x0000000094200000| Untracked 
| 323|0x0000000094300000, 0x0000000094300000, 0x0000000094400000|  0%| F|  |TAMS 0x0000000094300000, 0x0000000094300000| Untracked 
| 324|0x0000000094400000, 0x0000000094400000, 0x0000000094500000|  0%| F|  |TAMS 0x0000000094400000, 0x0000000094400000| Untracked 
| 325|0x0000000094500000, 0x0000000094500000, 0x0000000094600000|  0%| F|  |TAMS 0x0000000094500000, 0x0000000094500000| Untracked 
| 326|0x0000000094600000, 0x0000000094600000, 0x0000000094700000|  0%| F|  |TAMS 0x0000000094600000, 0x0000000094600000| Untracked 
| 327|0x0000000094700000, 0x0000000094700000, 0x0000000094800000|  0%| F|  |TAMS 0x0000000094700000, 0x0000000094700000| Untracked 
| 328|0x0000000094800000, 0x0000000094800000, 0x0000000094900000|  0%| F|  |TAMS 0x0000000094800000, 0x0000000094800000| Untracked 
| 329|0x0000000094900000, 0x0000000094900000, 0x0000000094a00000|  0%| F|  |TAMS 0x0000000094900000, 0x0000000094900000| Untracked 
| 330|0x0000000094a00000, 0x0000000094a00000, 0x0000000094b00000|  0%| F|  |TAMS 0x0000000094a00000, 0x0000000094a00000| Untracked 
| 331|0x0000000094b00000, 0x0000000094b00000, 0x0000000094c00000|  0%| F|  |TAMS 0x0000000094b00000, 0x0000000094b00000| Untracked 
| 332|0x0000000094c00000, 0x0000000094c00000, 0x0000000094d00000|  0%| F|  |TAMS 0x0000000094c00000, 0x0000000094c00000| Untracked 
| 333|0x0000000094d00000, 0x0000000094d00000, 0x0000000094e00000|  0%| F|  |TAMS 0x0000000094d00000, 0x0000000094d00000| Untracked 
| 334|0x0000000094e00000, 0x0000000094e00000, 0x0000000094f00000|  0%| F|  |TAMS 0x0000000094e00000, 0x0000000094e00000| Untracked 
| 335|0x0000000094f00000, 0x0000000094f17ae0, 0x0000000095000000|  9%| E|  |TAMS 0x0000000094f00000, 0x0000000094f00000| Complete 
| 336|0x0000000095000000, 0x0000000095100000, 0x0000000095100000|100%| E|CS|TAMS 0x0000000095000000, 0x0000000095000000| Complete 
| 337|0x0000000095100000, 0x0000000095200000, 0x0000000095200000|100%| E|CS|TAMS 0x0000000095100000, 0x0000000095100000| Complete 
| 338|0x0000000095200000, 0x0000000095300000, 0x0000000095300000|100%| E|CS|TAMS 0x0000000095200000, 0x0000000095200000| Complete 
| 339|0x0000000095300000, 0x0000000095400000, 0x0000000095400000|100%| E|CS|TAMS 0x0000000095300000, 0x0000000095300000| Complete 

Card table byte_map: [0x000002537e660000,0x000002537ea60000] _byte_map_base: 0x000002537e260000

Marking Bits (Prev, Next): (CMBitMap*) 0x000002537e5cf9b8, (CMBitMap*) 0x000002537e5cf9f0
 Prev Bits: [0x00000253128a0000, 0x00000253148a0000)
 Next Bits: [0x00000253148a0000, 0x00000253168a0000)

Polling page: 0x000002537c520000

Metaspace:

Usage:
  Non-class:     91.56 MB capacity,    90.02 MB ( 98%) used,     1.29 MB (  1%) free+waste,   260.06 KB ( <1%) overhead. 
      Class:     13.06 MB capacity,    12.28 MB ( 94%) used,   689.89 KB (  5%) free+waste,   111.69 KB ( <1%) overhead. 
       Both:    104.62 MB capacity,   102.30 MB ( 98%) used,     1.96 MB (  2%) free+waste,   371.75 KB ( <1%) overhead. 

Virtual space:
  Non-class space:       94.00 MB reserved,      92.50 MB ( 98%) committed 
      Class space:        1.00 GB reserved,      13.38 MB (  1%) committed 
             Both:        1.09 GB reserved,     105.88 MB (  9%) committed 

Chunk freelists:
   Non-Class:  775.00 KB
       Class:  223.00 KB
        Both:  998.00 KB

MaxMetaspaceSize: 17179869184.00 GB
CompressedClassSpaceSize: 1.00 GB

CodeHeap 'non-profiled nmethods': size=120064Kb used=10903Kb max_used=10903Kb free=109160Kb
 bounds [0x000002530b360000, 0x000002530be10000, 0x00000253128a0000]
CodeHeap 'profiled nmethods': size=120000Kb used=36913Kb max_used=37353Kb free=83086Kb
 bounds [0x0000025303e30000, 0x00000253062c0000, 0x000002530b360000]
CodeHeap 'non-nmethods': size=5696Kb used=2353Kb max_used=2396Kb free=3342Kb
 bounds [0x00000253038a0000, 0x0000025303b10000, 0x0000025303e30000]
 total_blobs=17532 nmethods=16520 adapters=923
 compilation: enabled
              stopped_count=0, restarted_count=0
 full_count=0

Compilation events (20 events):
Event: 2076.986 Thread 0x000002537fb70800 nmethod 18320 0x0000025304e72010 code [0x0000025304e72300, 0x0000025304e732e8]
Event: 2076.986 Thread 0x000002537fb70800 18321       3       com.android.builder.internal.aapt.v2.Aapt2DaemonImpl$WaitForTaskCompletion::<init> (41 bytes)
Event: 2076.988 Thread 0x000002537fb70800 nmethod 18321 0x0000025304e51690 code [0x0000025304e518c0, 0x0000025304e51ff8]
Event: 2076.988 Thread 0x000002537fb70800 18322       3       com.android.builder.internal.aapt.v2.AaptV2CommandBuilder::makeCompileCommand (210 bytes)
Event: 2076.993 Thread 0x000002537fb70800 nmethod 18322 0x0000025304fce790 code [0x0000025304fced00, 0x0000025304fd1838]
Event: 2076.999 Thread 0x000002537fb70800 18323       3       com.android.builder.internal.aapt.v2.Aapt2DaemonManager$LeasedAaptDaemon::compile (38 bytes)
Event: 2077.001 Thread 0x000002537fb70800 nmethod 18323 0x0000025304e95410 code [0x0000025304e95640, 0x0000025304e95c08]
Event: 2077.001 Thread 0x000002537fb70800 18324   !   3       com.android.builder.internal.aapt.v2.Aapt2Daemon::compile (106 bytes)
Event: 2077.005 Thread 0x000002537fb70800 nmethod 18324 0x0000025304f0a890 code [0x0000025304f0ac80, 0x0000025304f0c4b8]
Event: 2077.005 Thread 0x000002537fb70800 18325   !   3       com.android.builder.internal.aapt.v2.Aapt2DaemonImpl::doCompile (398 bytes)
Event: 2077.014 Thread 0x000002537fb70800 nmethod 18325 0x00000253050f5190 code [0x00000253050f5880, 0x00000253050f8ca8]
Event: 2077.817 Thread 0x000002537fb70800 18326       3       com.google.common.collect.ImmutableList::asImmutableList (60 bytes)
Event: 2077.818 Thread 0x000002537fb70800 nmethod 18326 0x0000025304e9cd10 code [0x0000025304e9cf80, 0x0000025304e9d958]
Event: 2078.034 Thread 0x000002537f270000 18327       4       jdk.internal.reflect.AccessorGenerator::add (5 bytes)
Event: 2078.035 Thread 0x000002537f270000 nmethod 18327 0x000002530be00190 code [0x000002530be00320, 0x000002530be00378]
Event: 2078.262 Thread 0x000002537f270000 18328       4       java.io.BufferedReader::readLine (6 bytes)
Event: 2078.747 Thread 0x000002537f270000 nmethod 18328 0x000002530be00410 code [0x000002530be00800, 0x000002530be04940]
Event: 2078.836 Thread 0x000002537f270000 18329       4       com.google.common.collect.Iterators::forArray (51 bytes)
Event: 2078.845 Thread 0x000002537f270000 nmethod 18329 0x000002530be07290 code [0x000002530be07440, 0x000002530be07658]
Event: 2083.822 Thread 0x000002537f270000 18330       4       com.google.common.collect.Interners$InternerImpl::intern (50 bytes)

GC Heap History (20 events):
Event: 1922.919 GC heap before
{Heap before GC invocations=93 (full 0):
 garbage-first heap   total 348160K, used 136909K [0x0000000080000000, 0x0000000100000000)
  region size 1024K, 45 young (46080K), 1 survivors (1024K)
 Metaspace       used 102300K, capacity 104814K, committed 104960K, reserved 1140736K
  class space    used 12452K, capacity 13300K, committed 13312K, reserved 1048576K
}
Event: 1922.987 GC heap after
{Heap after GC invocations=94 (full 0):
 garbage-first heap   total 348160K, used 102240K [0x0000000080000000, 0x0000000100000000)
  region size 1024K, 10 young (10240K), 10 survivors (10240K)
 Metaspace       used 102300K, capacity 104814K, committed 104960K, reserved 1140736K
  class space    used 12452K, capacity 13300K, committed 13312K, reserved 1048576K
}
Event: 1928.866 GC heap before
{Heap before GC invocations=95 (full 0):
 garbage-first heap   total 348160K, used 155488K [0x0000000080000000, 0x0000000100000000)
  region size 1024K, 60 young (61440K), 10 survivors (10240K)
 Metaspace       used 102610K, capacity 105089K, committed 105216K, reserved 1140736K
  class space    used 12466K, capacity 13304K, committed 13312K, reserved 1048576K
}
Event: 1928.990 GC heap after
{Heap after GC invocations=96 (full 0):
 garbage-first heap   total 348160K, used 114678K [0x0000000080000000, 0x0000000100000000)
  region size 1024K, 12 young (12288K), 12 survivors (12288K)
 Metaspace       used 102610K, capacity 105089K, committed 105216K, reserved 1140736K
  class space    used 12466K, capacity 13304K, committed 13312K, reserved 1048576K
}
Event: 1929.640 GC heap before
{Heap before GC invocations=97 (full 0):
 garbage-first heap   total 348160K, used 120822K [0x0000000080000000, 0x0000000100000000)
  region size 1024K, 13 young (13312K), 12 survivors (12288K)
 Metaspace       used 102863K, capacity 105403K, committed 105600K, reserved 1140736K
  class space    used 12492K, capacity 13345K, committed 13440K, reserved 1048576K
}
Event: 1929.691 GC heap after
{Heap after GC invocations=98 (full 0):
 garbage-first heap   total 348160K, used 116736K [0x0000000080000000, 0x0000000100000000)
  region size 1024K, 1 young (1024K), 1 survivors (1024K)
 Metaspace       used 102863K, capacity 105403K, committed 105600K, reserved 1140736K
  class space    used 12492K, capacity 13345K, committed 13440K, reserved 1048576K
}
Event: 1940.698 GC heap before
{Heap before GC invocations=99 (full 0):
 garbage-first heap   total 348160K, used 152576K [0x0000000080000000, 0x0000000100000000)
  region size 1024K, 35 young (35840K), 1 survivors (1024K)
 Metaspace       used 105117K, capacity 107754K, committed 107904K, reserved 1142784K
  class space    used 12710K, capacity 13571K, committed 13696K, reserved 1048576K
}
Event: 1940.742 GC heap after
{Heap after GC invocations=100 (full 0):
 garbage-first heap   total 348160K, used 119580K [0x0000000080000000, 0x0000000100000000)
  region size 1024K, 5 young (5120K), 5 survivors (5120K)
 Metaspace       used 105117K, capacity 107754K, committed 107904K, reserved 1142784K
  class space    used 12710K, capacity 13571K, committed 13696K, reserved 1048576K
}
Event: 2063.716 GC heap before
{Heap before GC invocations=101 (full 0):
 garbage-first heap   total 348160K, used 172828K [0x0000000080000000, 0x0000000100000000)
  region size 1024K, 58 young (59392K), 5 survivors (5120K)
 Metaspace       used 105247K, capacity 107815K, committed 108160K, reserved 1144832K
  class space    used 12698K, capacity 13549K, committed 13696K, reserved 1048576K
}
Event: 2063.777 GC heap after
{Heap after GC invocations=102 (full 0):
 garbage-first heap   total 348160K, used 118978K [0x0000000080000000, 0x0000000100000000)
  region size 1024K, 4 young (4096K), 4 survivors (4096K)
 Metaspace       used 105247K, capacity 107815K, committed 108160K, reserved 1144832K
  class space    used 12698K, capacity 13549K, committed 13696K, reserved 1048576K
}
Event: 2064.676 GC heap before
{Heap before GC invocations=102 (full 0):
 garbage-first heap   total 348160K, used 132290K [0x0000000080000000, 0x0000000100000000)
  region size 1024K, 17 young (17408K), 4 survivors (4096K)
 Metaspace       used 105250K, capacity 107815K, committed 108160K, reserved 1144832K
  class space    used 12698K, capacity 13549K, committed 13696K, reserved 1048576K
}
Event: 2064.710 GC heap after
{Heap after GC invocations=103 (full 0):
 garbage-first heap   total 348160K, used 109542K [0x0000000080000000, 0x0000000100000000)
  region size 1024K, 1 young (1024K), 1 survivors (1024K)
 Metaspace       used 105250K, capacity 107815K, committed 108160K, reserved 1144832K
  class space    used 12698K, capacity 13549K, committed 13696K, reserved 1048576K
}
Event: 2065.958 GC heap before
{Heap before GC invocations=103 (full 0):
 garbage-first heap   total 348160K, used 142310K [0x0000000080000000, 0x0000000100000000)
  region size 1024K, 35 young (35840K), 1 survivors (1024K)
 Metaspace       used 105250K, capacity 107815K, committed 108160K, reserved 1144832K
  class space    used 12698K, capacity 13549K, committed 13696K, reserved 1048576K
}
Event: 2065.999 GC heap after
{Heap after GC invocations=104 (full 0):
 garbage-first heap   total 348160K, used 117588K [0x0000000080000000, 0x0000000100000000)
  region size 1024K, 9 young (9216K), 9 survivors (9216K)
 Metaspace       used 105250K, capacity 107815K, committed 108160K, reserved 1144832K
  class space    used 12698K, capacity 13549K, committed 13696K, reserved 1048576K
}
Event: 2070.535 GC heap before
{Heap before GC invocations=105 (full 0):
 garbage-first heap   total 348160K, used 176980K [0x0000000080000000, 0x0000000100000000)
  region size 1024K, 64 young (65536K), 9 survivors (9216K)
 Metaspace       used 105297K, capacity 107819K, committed 108160K, reserved 1144832K
  class space    used 12680K, capacity 13512K, committed 13696K, reserved 1048576K
}
Event: 2070.640 GC heap after
{Heap after GC invocations=106 (full 0):
 garbage-first heap   total 348160K, used 122272K [0x0000000080000000, 0x0000000100000000)
  region size 1024K, 8 young (8192K), 8 survivors (8192K)
 Metaspace       used 105297K, capacity 107819K, committed 108160K, reserved 1144832K
  class space    used 12680K, capacity 13512K, committed 13696K, reserved 1048576K
}
Event: 2071.518 GC heap before
{Heap before GC invocations=106 (full 0):
 garbage-first heap   total 348160K, used 130464K [0x0000000080000000, 0x0000000100000000)
  region size 1024K, 17 young (17408K), 8 survivors (8192K)
 Metaspace       used 105314K, capacity 107883K, committed 108416K, reserved 1144832K
  class space    used 12680K, capacity 13512K, committed 13696K, reserved 1048576K
}
Event: 2071.629 GC heap after
{Heap after GC invocations=107 (full 0):
 garbage-first heap   total 348160K, used 112196K [0x0000000080000000, 0x0000000100000000)
  region size 1024K, 2 young (2048K), 2 survivors (2048K)
 Metaspace       used 105314K, capacity 107883K, committed 108416K, reserved 1144832K
  class space    used 12680K, capacity 13512K, committed 13696K, reserved 1048576K
}
Event: 2074.249 GC heap before
{Heap before GC invocations=107 (full 0):
 garbage-first heap   total 348160K, used 132676K [0x0000000080000000, 0x0000000100000000)
  region size 1024K, 23 young (23552K), 2 survivors (2048K)
 Metaspace       used 105337K, capacity 107884K, committed 108416K, reserved 1144832K
  class space    used 12680K, capacity 13512K, committed 13696K, reserved 1048576K
}
Event: 2074.304 GC heap after
{Heap after GC invocations=108 (full 0):
 garbage-first heap   total 348160K, used 117316K [0x0000000080000000, 0x0000000100000000)
  region size 1024K, 7 young (7168K), 7 survivors (7168K)
 Metaspace       used 105337K, capacity 107884K, committed 108416K, reserved 1144832K
  class space    used 12680K, capacity 13512K, committed 13696K, reserved 1048576K
}

Deoptimization events (20 events):
Event: 2074.151 Thread 0x000002531a240000 Uncommon trap: trap_request=0xffffffde fr.pc=0x000002530bced9e4 relative=0x0000000000000404
Event: 2074.151 Thread 0x000002531a240000 Uncommon trap: reason=class_check action=maybe_recompile pc=0x000002530bced9e4 method=com.sun.org.apache.xerces.internal.dom.AttrImpl.getOwnerElement()Lorg/w3c/dom/Element; @ 15 c2
Event: 2074.151 Thread 0x000002531a240000 DEOPT PACKING pc=0x000002530bced9e4 sp=0x000000a55ebf9060
Event: 2074.151 Thread 0x000002531a240000 DEOPT UNPACKING pc=0x00000253038c68a9 sp=0x000000a55ebf8f98 mode 2
Event: 2074.151 Thread 0x000002531a240000 Uncommon trap: trap_request=0xffffffc6 fr.pc=0x000002530b46bf1c relative=0x00000000000002bc
Event: 2074.151 Thread 0x000002531a240000 Uncommon trap: reason=bimorphic_or_optimized_type_check action=maybe_recompile pc=0x000002530b46bf1c method=com.sun.org.apache.xerces.internal.dom.ElementImpl.getAttributes()Lorg/w3c/dom/NamedNodeMap; @ 8 c2
Event: 2074.151 Thread 0x000002531a240000 DEOPT PACKING pc=0x000002530b46bf1c sp=0x000000a55ebf9050
Event: 2074.151 Thread 0x000002531a240000 DEOPT UNPACKING pc=0x00000253038c68a9 sp=0x000000a55ebf9028 mode 2
Event: 2076.126 Thread 0x00000253229a8000 Uncommon trap: trap_request=0xffffff4d fr.pc=0x000002530b60dd30 relative=0x00000000000027d0
Event: 2076.126 Thread 0x00000253229a8000 Uncommon trap: reason=unstable_if action=reinterpret pc=0x000002530b60dd30 method=java.lang.ref.SoftReference.get()Ljava/lang/Object; @ 6 c2
Event: 2076.126 Thread 0x00000253229a8000 DEOPT PACKING pc=0x000002530b60dd30 sp=0x000000a55fcfcb60
Event: 2076.126 Thread 0x00000253229a8000 DEOPT UNPACKING pc=0x00000253038c68a9 sp=0x000000a55fcfcb08 mode 2
Event: 2076.140 Thread 0x00000253229a4800 Uncommon trap: trap_request=0xffffff4d fr.pc=0x000002530b447254 relative=0x00000000000000b4
Event: 2076.141 Thread 0x00000253229a4800 Uncommon trap: reason=unstable_if action=reinterpret pc=0x000002530b447254 method=java.lang.ref.SoftReference.get()Ljava/lang/Object; @ 6 c2
Event: 2076.141 Thread 0x00000253229a4800 DEOPT PACKING pc=0x000002530b447254 sp=0x000000a55f8fc6a0
Event: 2076.141 Thread 0x00000253229a4800 DEOPT UNPACKING pc=0x00000253038c68a9 sp=0x000000a55f8fc658 mode 2
Event: 2081.450 Thread 0x000002531a240000 Uncommon trap: trap_request=0xfffffff4 fr.pc=0x000002530b746d0c relative=0x000000000000046c
Event: 2081.450 Thread 0x000002531a240000 Uncommon trap: reason=null_check action=make_not_entrant pc=0x000002530b746d0c method=org.gradle.tooling.internal.provider.runner.SubtreeFilteringBuildOperationListener.finished(Lorg/gradle/internal/operations/BuildOperationDescriptor;Lorg/gradle/internal
Event: 2081.450 Thread 0x000002531a240000 DEOPT PACKING pc=0x000002530b746d0c sp=0x000000a55ebfa070
Event: 2081.450 Thread 0x000002531a240000 DEOPT UNPACKING pc=0x00000253038c68a9 sp=0x000000a55ebfa008 mode 2

Classes redefined (0 events):
No events

Internal exceptions (20 events):
Event: 2061.328 Thread 0x000002531a240000 Exception <a 'sun/nio/fs/WindowsException'{0x0000000093f2e958}> (0x0000000093f2e958) thrown at [./src/hotspot/share/prims/jni.cpp, line 615]
Event: 2061.328 Thread 0x000002531a240000 Exception <a 'sun/nio/fs/WindowsException'{0x0000000093f2e9d8}> (0x0000000093f2e9d8) thrown at [./src/hotspot/share/prims/jni.cpp, line 615]
Event: 2061.328 Thread 0x000002531a240000 Exception <a 'sun/nio/fs/WindowsException'{0x0000000093f308c8}> (0x0000000093f308c8) thrown at [./src/hotspot/share/prims/jni.cpp, line 615]
Event: 2061.328 Thread 0x000002531a240000 Exception <a 'sun/nio/fs/WindowsException'{0x0000000093f30948}> (0x0000000093f30948) thrown at [./src/hotspot/share/prims/jni.cpp, line 615]
Event: 2061.330 Thread 0x000002531a240000 Exception <a 'sun/nio/fs/WindowsException'{0x0000000093f33618}> (0x0000000093f33618) thrown at [./src/hotspot/share/prims/jni.cpp, line 615]
Event: 2061.330 Thread 0x000002531a240000 Exception <a 'sun/nio/fs/WindowsException'{0x0000000093f33698}> (0x0000000093f33698) thrown at [./src/hotspot/share/prims/jni.cpp, line 615]
Event: 2061.331 Thread 0x000002531a240000 Exception <a 'sun/nio/fs/WindowsException'{0x0000000093f35630}> (0x0000000093f35630) thrown at [./src/hotspot/share/prims/jni.cpp, line 615]
Event: 2061.331 Thread 0x000002531a240000 Exception <a 'sun/nio/fs/WindowsException'{0x0000000093f356b0}> (0x0000000093f356b0) thrown at [./src/hotspot/share/prims/jni.cpp, line 615]
Event: 2061.332 Thread 0x000002531a240000 Exception <a 'sun/nio/fs/WindowsException'{0x0000000093f380f0}> (0x0000000093f380f0) thrown at [./src/hotspot/share/prims/jni.cpp, line 615]
Event: 2061.332 Thread 0x000002531a240000 Exception <a 'sun/nio/fs/WindowsException'{0x0000000093f38170}> (0x0000000093f38170) thrown at [./src/hotspot/share/prims/jni.cpp, line 615]
Event: 2061.332 Thread 0x000002531a240000 Exception <a 'sun/nio/fs/WindowsException'{0x0000000093f3a118}> (0x0000000093f3a118) thrown at [./src/hotspot/share/prims/jni.cpp, line 615]
Event: 2061.332 Thread 0x000002531a240000 Exception <a 'sun/nio/fs/WindowsException'{0x0000000093f3a198}> (0x0000000093f3a198) thrown at [./src/hotspot/share/prims/jni.cpp, line 615]
Event: 2061.333 Thread 0x000002531a240000 Exception <a 'sun/nio/fs/WindowsException'{0x0000000093f3cf58}> (0x0000000093f3cf58) thrown at [./src/hotspot/share/prims/jni.cpp, line 615]
Event: 2061.333 Thread 0x000002531a240000 Exception <a 'sun/nio/fs/WindowsException'{0x0000000093f3cfd8}> (0x0000000093f3cfd8) thrown at [./src/hotspot/share/prims/jni.cpp, line 615]
Event: 2061.333 Thread 0x000002531a240000 Exception <a 'sun/nio/fs/WindowsException'{0x0000000093f3f260}> (0x0000000093f3f260) thrown at [./src/hotspot/share/prims/jni.cpp, line 615]
Event: 2061.333 Thread 0x000002531a240000 Exception <a 'sun/nio/fs/WindowsException'{0x0000000093f3f2e0}> (0x0000000093f3f2e0) thrown at [./src/hotspot/share/prims/jni.cpp, line 615]
Event: 2067.965 Thread 0x000002531a240000 Implicit null exception at 0x000002530bd8de97 to 0x000002530bd8fd2c
Event: 2076.126 Thread 0x00000253229a8000 Implicit null exception at 0x000002530b60b5bd to 0x000002530b60dd1c
Event: 2081.450 Thread 0x000002531a240000 Exception <a 'java/lang/reflect/InvocationTargetException'{0x000000009530c050}> (0x000000009530c050) thrown at [./src/hotspot/share/runtime/reflection.cpp, line 1247]
Event: 2081.450 Thread 0x000002531a240000 Implicit null exception at 0x000002530b746932 to 0x000002530b746ce4

Events (20 events):
Event: 2074.828 Executing VM operation: RevokeBias done
Event: 2074.828 Executing VM operation: RevokeBias
Event: 2074.829 Executing VM operation: RevokeBias done
Event: 2075.011 Executing VM operation: CGC_Operation
Event: 2075.029 Executing VM operation: CGC_Operation done
Event: 2075.080 Thread 0x00000253229a5800 Thread added: 0x00000253229a5800
Event: 2075.091 Thread 0x00000253229a3000 Thread added: 0x00000253229a3000
Event: 2075.092 Thread 0x00000253229a6800 Thread added: 0x00000253229a6800
Event: 2075.092 Executing VM operation: RevokeBias
Event: 2075.099 Executing VM operation: RevokeBias done
Event: 2075.108 Thread 0x00000253229a8000 Thread added: 0x00000253229a8000
Event: 2075.108 Thread 0x00000253229a4000 Thread added: 0x00000253229a4000
Event: 2076.126 loading class com/android/builder/internal/aapt/v2/Aapt2DaemonImpl$WaitForTaskCompletion$Result$Failed
Event: 2076.126 loading class com/android/builder/internal/aapt/v2/Aapt2DaemonImpl$WaitForTaskCompletion$Result$Failed done
Event: 2076.132 loading class com/android/builder/internal/aapt/v2/Aapt2Exception$Companion
Event: 2076.132 loading class com/android/builder/internal/aapt/v2/Aapt2Exception$Companion done
Event: 2076.136 loading class com/android/builder/internal/aapt/v2/Aapt2ExceptionKt
Event: 2076.136 loading class com/android/builder/internal/aapt/v2/Aapt2ExceptionKt done
Event: 2076.140 loading class com/android/build/gradle/internal/res/Aapt2ErrorUtils
Event: 2076.140 loading class com/android/build/gradle/internal/res/Aapt2ErrorUtils done


Dynamic libraries:
0x00007ff6af140000 - 0x00007ff6af14a000 	D:\waseem\4. ELECTIVES MOBILE APP\Android Studio\jre\bin\java.exe
0x00007ffc0de90000 - 0x00007ffc0e06b000 	C:\WINDOWS\SYSTEM32\ntdll.dll
0x00007ffc0dd30000 - 0x00007ffc0ddde000 	C:\WINDOWS\System32\KERNEL32.DLL
0x00007ffc0a680000 - 0x00007ffc0a8ca000 	C:\WINDOWS\System32\KERNELBASE.dll
0x00007ffc0aac0000 - 0x00007ffc0abb6000 	C:\WINDOWS\System32\ucrtbase.dll
0x00007ffc02d10000 - 0x00007ffc02d29000 	D:\waseem\4. ELECTIVES MOBILE APP\Android Studio\jre\bin\jli.dll
0x00007ffc0be00000 - 0x00007ffc0bf4a000 	C:\WINDOWS\System32\USER32.dll
0x00007ffc0abc0000 - 0x00007ffc0abde000 	C:\WINDOWS\System32\win32u.dll
0x00007ffc0c240000 - 0x00007ffc0c267000 	C:\WINDOWS\System32\GDI32.dll
0x00007ffc0a8d0000 - 0x00007ffc0aa58000 	C:\WINDOWS\System32\gdi32full.dll
0x00007ffc0abe0000 - 0x00007ffc0ac7a000 	C:\WINDOWS\System32\msvcp_win.dll
0x00007ffbfe4c0000 - 0x00007ffbfe727000 	C:\WINDOWS\WinSxS\amd64_microsoft.windows.common-controls_6595b64144ccf1df_6.0.15063.1155_none_40c7922129a7722b\COMCTL32.dll
0x00007ffc0c0c0000 - 0x00007ffc0c15d000 	C:\WINDOWS\System32\msvcrt.dll
0x00007ffc0c270000 - 0x00007ffc0c569000 	C:\WINDOWS\System32\combase.dll
0x00007ffc0da20000 - 0x00007ffc0db45000 	C:\WINDOWS\System32\RPCRT4.dll
0x00007ffc0ac80000 - 0x00007ffc0acea000 	C:\WINDOWS\System32\bcryptPrimitives.dll
0x00007ffbfea40000 - 0x00007ffbfea57000 	D:\waseem\4. ELECTIVES MOBILE APP\Android Studio\jre\bin\VCRUNTIME140.dll
0x00007ffc0c210000 - 0x00007ffc0c23d000 	C:\WINDOWS\System32\IMM32.DLL
0x00007ffbf6e50000 - 0x00007ffbf6eed000 	D:\waseem\4. ELECTIVES MOBILE APP\Android Studio\jre\bin\msvcp140.dll
0x00007ffbde6e0000 - 0x00007ffbdf19c000 	D:\waseem\4. ELECTIVES MOBILE APP\Android Studio\jre\bin\server\jvm.dll
0x00007ffc0dde0000 - 0x00007ffc0de81000 	C:\WINDOWS\System32\ADVAPI32.dll
0x00007ffc0d9c0000 - 0x00007ffc0da19000 	C:\WINDOWS\System32\sechost.dll
0x00007ffc0db50000 - 0x00007ffc0db58000 	C:\WINDOWS\System32\PSAPI.DLL
0x00007ffbfcf80000 - 0x00007ffbfcf89000 	C:\WINDOWS\SYSTEM32\WSOCK32.dll
0x00007ffc08800000 - 0x00007ffc08823000 	C:\WINDOWS\SYSTEM32\WINMM.dll
0x00007ffbfe4a0000 - 0x00007ffbfe4aa000 	C:\WINDOWS\SYSTEM32\VERSION.dll
0x00007ffc087a0000 - 0x00007ffc087cb000 	C:\WINDOWS\SYSTEM32\winmmbase.dll
0x00007ffc0a3b0000 - 0x00007ffc0a3f9000 	C:\WINDOWS\System32\cfgmgr32.dll
0x00007ffc0bb40000 - 0x00007ffc0bbac000 	C:\WINDOWS\System32\WS2_32.dll
0x00007ffc0a370000 - 0x00007ffc0a381000 	C:\WINDOWS\System32\kernel.appcore.dll
0x00007ffc07330000 - 0x00007ffc07341000 	D:\waseem\4. ELECTIVES MOBILE APP\Android Studio\jre\bin\verify.dll
0x00007ffc026e0000 - 0x00007ffc02889000 	C:\WINDOWS\SYSTEM32\DBGHELP.DLL
0x00007ffbf8820000 - 0x00007ffbf8849000 	C:\WINDOWS\SYSTEM32\dbgcore.DLL
0x00007ffc07300000 - 0x00007ffc07329000 	D:\waseem\4. ELECTIVES MOBILE APP\Android Studio\jre\bin\java.dll
0x00007ffc089c0000 - 0x00007ffc089cb000 	D:\waseem\4. ELECTIVES MOBILE APP\Android Studio\jre\bin\jimage.dll
0x00007ffc072e0000 - 0x00007ffc072f8000 	D:\waseem\4. ELECTIVES MOBILE APP\Android Studio\jre\bin\zip.dll
0x00007ffc0c570000 - 0x00007ffc0d9a8000 	C:\WINDOWS\System32\SHELL32.dll
0x00007ffc0c160000 - 0x00007ffc0c20a000 	C:\WINDOWS\System32\shcore.dll
0x00007ffc0acf0000 - 0x00007ffc0b3e1000 	C:\WINDOWS\System32\windows.storage.dll
0x00007ffc0bbb0000 - 0x00007ffc0bc01000 	C:\WINDOWS\System32\shlwapi.dll
0x00007ffc0a320000 - 0x00007ffc0a36c000 	C:\WINDOWS\System32\powrprof.dll
0x00007ffc0a390000 - 0x00007ffc0a3a5000 	C:\WINDOWS\System32\profapi.dll
0x00007ffc072c0000 - 0x00007ffc072da000 	D:\waseem\4. ELECTIVES MOBILE APP\Android Studio\jre\bin\net.dll
0x00007ffbfcea0000 - 0x00007ffbfcf76000 	C:\WINDOWS\SYSTEM32\WINHTTP.dll
0x00007ffc09bb0000 - 0x00007ffc09c0c000 	C:\WINDOWS\system32\mswsock.dll
0x00007ffc072a0000 - 0x00007ffc072b4000 	D:\waseem\4. ELECTIVES MOBILE APP\Android Studio\jre\bin\nio.dll
0x00007ffc02d30000 - 0x00007ffc02d4e000 	C:\Users\wasee\.gradle\native\25\windows-amd64\native-platform.dll
0x00007ffc07290000 - 0x00007ffc0729a000 	D:\waseem\4. ELECTIVES MOBILE APP\Android Studio\jre\bin\management.dll
0x00007ffc07280000 - 0x00007ffc0728c000 	D:\waseem\4. ELECTIVES MOBILE APP\Android Studio\jre\bin\management_ext.dll
0x00007ffc09d60000 - 0x00007ffc09d77000 	C:\WINDOWS\SYSTEM32\CRYPTSP.dll
0x00007ffc097c0000 - 0x00007ffc097f4000 	C:\WINDOWS\system32\rsaenh.dll
0x00007ffc0a1d0000 - 0x00007ffc0a1f5000 	C:\WINDOWS\SYSTEM32\bcrypt.dll
0x00007ffc0a200000 - 0x00007ffc0a229000 	C:\WINDOWS\SYSTEM32\USERENV.dll
0x00007ffc09d50000 - 0x00007ffc09d5b000 	C:\WINDOWS\SYSTEM32\CRYPTBASE.dll
0x00007ffc09950000 - 0x00007ffc09987000 	C:\WINDOWS\SYSTEM32\IPHLPAPI.DLL
0x00007ffc0b5f0000 - 0x00007ffc0b5f8000 	C:\WINDOWS\System32\NSI.dll
0x00007ffc01b20000 - 0x00007ffc01b36000 	C:\WINDOWS\SYSTEM32\dhcpcsvc6.DLL
0x00007ffc021b0000 - 0x00007ffc021ca000 	C:\WINDOWS\SYSTEM32\dhcpcsvc.DLL
0x00007ffbeb8d0000 - 0x00007ffbeba72000 	D:\waseem\4. ELECTIVES MOBILE APP\Android Studio\jre\bin\awt.dll
0x00007ffc0bd40000 - 0x00007ffc0be00000 	C:\WINDOWS\System32\OLEAUT32.dll
0x00007ffc07540000 - 0x00007ffc0756a000 	C:\WINDOWS\SYSTEM32\dwmapi.dll
0x00007ffc08a40000 - 0x00007ffc08abe000 	C:\WINDOWS\SYSTEM32\apphelp.dll
0x00007ffc08bf0000 - 0x00007ffc08c85000 	C:\WINDOWS\system32\uxtheme.dll

dbghelp: loaded successfully - version: 4.0.5 - missing functions: none
symbol engine: initialized successfully - sym options: 0x614 - pdb path: .;D:\waseem\4. ELECTIVES MOBILE APP\Android Studio\jre\bin;C:\WINDOWS\SYSTEM32;C:\WINDOWS\WinSxS\amd64_microsoft.windows.common-controls_6595b64144ccf1df_6.0.15063.1155_none_40c7922129a7722b;D:\waseem\4. ELECTIVES MOBILE APP\Android Studio\jre\bin\server;C:\Users\wasee\.gradle\native\25\windows-amd64

VM Arguments:
jvm_args: --add-opens=java.base/java.util=ALL-UNNAMED --add-opens=java.base/java.lang=ALL-UNNAMED --add-opens=java.base/java.lang.invoke=ALL-UNNAMED --add-opens=java.prefs/java.util.prefs=ALL-UNNAMED -Xmx2048m -Dfile.encoding=UTF-8 -Duser.country=ZA -Duser.language=en -Duser.variant 
java_command: org.gradle.launcher.daemon.bootstrap.GradleDaemon 5.1.1
java_class_path (initial): C:\Users\wasee\.gradle\wrapper\dists\gradle-5.1.1-bin\90y9l8txxfw1s2o6ctiqeruwn\gradle-5.1.1\lib\gradle-launcher-5.1.1.jar
Launcher Type: SUN_STANDARD

[Global flags]
     intx CICompilerCount                          = 2                                         {product} {ergonomic}
     uint ConcGCThreads                            = 1                                         {product} {ergonomic}
     uint G1ConcRefinementThreads                  = 2                                         {product} {ergonomic}
   size_t G1HeapRegionSize                         = 1048576                                   {product} {ergonomic}
    uintx GCDrainStackTargetSize                   = 64                                        {product} {ergonomic}
   size_t InitialHeapSize                          = 67108864                                  {product} {ergonomic}
   size_t MarkStackSize                            = 4194304                                   {product} {ergonomic}
   size_t MaxHeapSize                              = 2147483648                                {product} {command line}
   size_t MaxNewSize                               = 1287651328                                {product} {ergonomic}
   size_t MinHeapDeltaBytes                        = 1048576                                   {product} {ergonomic}
    uintx NonNMethodCodeHeapSize                   = 5825164                                {pd product} {ergonomic}
    uintx NonProfiledCodeHeapSize                  = 122916538                              {pd product} {ergonomic}
    uintx ProfiledCodeHeapSize                     = 122916538                              {pd product} {ergonomic}
    uintx ReservedCodeCacheSize                    = 251658240                              {pd product} {ergonomic}
     bool SegmentedCodeCache                       = true                                      {product} {ergonomic}
     bool UseCompressedClassPointers               = true                                 {lp64_product} {ergonomic}
     bool UseCompressedOops                        = true                                 {lp64_product} {ergonomic}
     bool UseG1GC                                  = true                                      {product} {ergonomic}
     bool UseLargePagesIndividualAllocation        = false                                  {pd product} {ergonomic}

Logging:
Log output configuration:
 #0: stdout all=warning uptime,level,tags
 #1: stderr all=off uptime,level,tags

Environment Variables:
PATH=C:\Program Files\Common Files\Oracle\Java\javapath;C:\Program Files (x86)\Common Files\Oracle\Java\javapath;C:\Program Files\OpenJDK\jdk-11.0.8.10-hotspot\bin;C:\Program Files (x86)\Intel\TXE Components\TCS\;C:\Program Files\Intel\TXE Components\TCS\;C:\WINDOWS\system32;C:\WINDOWS;C:\WINDOWS\System32\Wbem;C:\WINDOWS\System32\WindowsPowerShell\v1.0\;C:\Program Files\Intel\TXE Components\DAL\;C:\Program Files (x86)\Intel\TXE Components\DAL\;C:\Program Files\Intel\TXE Components\IPT\;C:\Program Files (x86)\Intel\TXE Components\IPT\;C:\Users\wasee\AppData\Local\Microsoft\WindowsApps;
USERNAME=wasee
OS=Windows_NT
PROCESSOR_IDENTIFIER=Intel64 Family 6 Model 76 Stepping 4, GenuineIntel



---------------  S Y S T E M  ---------------

OS: Windows 10 , 64 bit Build 15063 (10.0.15063.1058)
OS uptime: 0 days 2:24 hours

CPU:total 2 (initial active 2) (2 cores per cpu, 1 threads per core) family 6 model 76 stepping 4, cmov, cx8, fxsr, mmx, sse, sse2, sse3, ssse3, sse4.1, sse4.2, popcnt, aes, clmul, erms, 3dnowpref, tsc, tscinvbit

Memory: 4k page, system-wide physical 4002M (493M free)
TotalPageFile size 4496M (AvailPageFile size 0M)
current process WorkingSet (physical memory assigned to process): 489M, peak: 626M
current process commit charge ("private bytes"): 651M, peak: 663M

vm_info: OpenJDK 64-Bit Server VM (11.0.8+10-b944.6842174) for windows-amd64 JRE (11.0.8+10-b944.6842174), built on Sep 19 2020 01:11:42 by "builder" with MS VC++ 14.0 (VS2015)

END.
