#
# There is insufficient memory for the Java Runtime Environment to continue.
# Native memory allocation (malloc) failed to allocate 32744 bytes for ChunkPool::allocate
# Possible reasons:
#   The system is out of physical RAM or swap space
#   The process is running with CompressedOops enabled, and the Java Heap may be blocking the growth of the native heap
# Possible solutions:
#   Reduce memory load on the system
#   Increase physical memory or swap space
#   Check if swap backing store is full
#   Decrease Java heap size (-Xmx/-Xms)
#   Decrease number of Java threads
#   Decrease Java thread stack sizes (-Xss)
#   Set larger code cache with -XX:ReservedCodeCacheSize=
#   JVM is running with Unscaled Compressed Oops mode in which the Java heap is
#     placed in the first 4GB address space. The Java Heap base address is the
#     maximum limit for the native heap growth. Please use -XX:HeapBaseMinAddress
#     to set the Java Heap base and to place the Java Heap above 4GB virtual address.
# This output file may be truncated or incomplete.
#
#  Out of Memory Error (./src/hotspot/share/memory/arena.cpp:81), pid=1304, tid=10392
#
# JRE version: OpenJDK Runtime Environment (11.0.8+10) (build 11.0.8+10-b944.6842174)
# Java VM: OpenJDK 64-Bit Server VM (11.0.8+10-b944.6842174, mixed mode, tiered, compressed oops, g1 gc, windows-amd64)
# No core dump will be written. Minidumps are not enabled by default on client versions of Windows
#

---------------  S U M M A R Y ------------

Command Line: --add-opens=java.base/java.util=ALL-UNNAMED --add-opens=java.base/java.lang=ALL-UNNAMED --add-opens=java.base/java.lang.invoke=ALL-UNNAMED --add-opens=java.prefs/java.util.prefs=ALL-UNNAMED -Xmx2048m -Dfile.encoding=UTF-8 -Duser.country=ZA -Duser.language=en -Duser.variant org.gradle.launcher.daemon.bootstrap.GradleDaemon 5.1.1

Host: Intel(R) Celeron(R) CPU  N3060  @ 1.60GHz, 2 cores, 3G,  Windows 10 , 64 bit Build 15063 (10.0.15063.1058)
Time: Sat Sep 25 12:24:07 2021 South Africa Standard Time elapsed time: 491 seconds (0d 0h 8m 11s)

---------------  T H R E A D  ---------------

Current thread (0x00000202acd69000):  JavaThread "C2 CompilerThread0" daemon [_thread_in_vm, id=10392, stack(0x00000098f2900000,0x00000098f2a00000)]


Current CompileTask:
C2: 491882 11168       4       java.util.concurrent.locks.AbstractQueuedSynchronizer$ConditionObject::awaitNanos (181 bytes)

Stack: [0x00000098f2900000,0x00000098f2a00000]
Native frames: (J=compiled Java code, j=interpreted, Vv=VM code, C=native code)
V  [jvm.dll+0x5de50a]
V  [jvm.dll+0x7122f5]
V  [jvm.dll+0x71384d]
V  [jvm.dll+0x713f03]
V  [jvm.dll+0x23e728]
V  [jvm.dll+0xb8beb]
V  [jvm.dll+0xb8e9c]
V  [jvm.dll+0x369be4]
V  [jvm.dll+0x1aab4e]
V  [jvm.dll+0x19b0df]
V  [jvm.dll+0x19b9cc]
V  [jvm.dll+0x19b7e2]
V  [jvm.dll+0x1adc27]
V  [jvm.dll+0x1b1cbd]
V  [jvm.dll+0x1b041c]
V  [jvm.dll+0x1b256d]
V  [jvm.dll+0x1b179a]
V  [jvm.dll+0x1b2959]
V  [jvm.dll+0x1b1b9e]
V  [jvm.dll+0x1a2d5e]
V  [jvm.dll+0x1128e8]
V  [jvm.dll+0x112c62]
V  [jvm.dll+0x2af804]
V  [jvm.dll+0x2b112d]
V  [jvm.dll+0x5fb7e9]
V  [jvm.dll+0x5f364a]
V  [jvm.dll+0x5f2cb8]
V  [jvm.dll+0x5f0cb2]
V  [jvm.dll+0x181b0c]
V  [jvm.dll+0x2b11b3]
V  [jvm.dll+0x5fb7e9]
V  [jvm.dll+0x5f364a]
V  [jvm.dll+0x5f2cb8]
V  [jvm.dll+0x5f0cb2]
V  [jvm.dll+0x181b0c]
V  [jvm.dll+0x2b11b3]
V  [jvm.dll+0x5fb7e9]
V  [jvm.dll+0x5f364a]
V  [jvm.dll+0x5f2cb8]
V  [jvm.dll+0x5f0cb2]
V  [jvm.dll+0x181b0c]
V  [jvm.dll+0x2b11b3]
V  [jvm.dll+0x5fb7e9]
V  [jvm.dll+0x5f364a]
V  [jvm.dll+0x5f2cb8]
V  [jvm.dll+0x5f0cb2]
V  [jvm.dll+0x181b0c]
V  [jvm.dll+0x1f65f5]
V  [jvm.dll+0x17f32c]
V  [jvm.dll+0x205047]
V  [jvm.dll+0x203891]
V  [jvm.dll+0x6dad3f]
V  [jvm.dll+0x6d3895]
V  [jvm.dll+0x5dd4a6]
C  [ucrtbase.dll+0x20279]
C  [KERNEL32.DLL+0x12784]
C  [ntdll.dll+0x50c51]


---------------  P R O C E S S  ---------------

Threads class SMR info:
_java_thread_list=0x00000202b72239f0, length=37, elements={
0x0000020293629800, 0x00000202acd43000, 0x00000202acd46800, 0x00000202acd66800,
0x00000202acd67800, 0x00000202acd69000, 0x00000202acd6d800, 0x00000202acd71000,
0x00000202ad710800, 0x00000202ad739000, 0x00000202ad829000, 0x00000202ae42d800,
0x00000202ad7be000, 0x00000202add83000, 0x00000202add7e800, 0x00000202add85000,
0x00000202aefec800, 0x00000202aefea000, 0x00000202aefee000, 0x00000202aefeb000,
0x00000202aefeb800, 0x00000202aefed800, 0x00000202aefe9000, 0x00000202aeff1800,
0x00000202aeff4000, 0x00000202aeff4800, 0x00000202aefef800, 0x00000202aeff0800,
0x00000202aefef000, 0x00000202aeff5800, 0x00000202aeff6800, 0x00000202aeff7000,
0x00000202aeff8000, 0x00000202add7f000, 0x00000202add80000, 0x00000202add81000,
0x00000202add82800
}

Java Threads: ( => current thread )
  0x0000020293629800 JavaThread "main" [_thread_blocked, id=9844, stack(0x00000098f1d00000,0x00000098f1e00000)]
  0x00000202acd43000 JavaThread "Reference Handler" daemon [_thread_blocked, id=6852, stack(0x00000098f2400000,0x00000098f2500000)]
  0x00000202acd46800 JavaThread "Finalizer" daemon [_thread_blocked, id=10620, stack(0x00000098f2500000,0x00000098f2600000)]
  0x00000202acd66800 JavaThread "Signal Dispatcher" daemon [_thread_blocked, id=10072, stack(0x00000098f2700000,0x00000098f2800000)]
  0x00000202acd67800 JavaThread "Attach Listener" daemon [_thread_blocked, id=4444, stack(0x00000098f2800000,0x00000098f2900000)]
=>0x00000202acd69000 JavaThread "C2 CompilerThread0" daemon [_thread_in_vm, id=10392, stack(0x00000098f2900000,0x00000098f2a00000)]
  0x00000202acd6d800 JavaThread "C1 CompilerThread0" daemon [_thread_blocked, id=9220, stack(0x00000098f2a00000,0x00000098f2b00000)]
  0x00000202acd71000 JavaThread "Sweeper thread" daemon [_thread_blocked, id=9324, stack(0x00000098f2b00000,0x00000098f2c00000)]
  0x00000202ad710800 JavaThread "Common-Cleaner" daemon [_thread_blocked, id=4128, stack(0x00000098f2c00000,0x00000098f2d00000)]
  0x00000202ad739000 JavaThread "Service Thread" daemon [_thread_blocked, id=2504, stack(0x00000098f2d00000,0x00000098f2e00000)]
  0x00000202ad829000 JavaThread "Incoming local TCP Connector on port 58225" [_thread_in_native, id=8344, stack(0x00000098f3000000,0x00000098f3100000)]
  0x00000202ae42d800 JavaThread "Daemon periodic checks" [_thread_blocked, id=3436, stack(0x00000098f3100000,0x00000098f3200000)]
  0x00000202ad7be000 JavaThread "Cache worker for file hash cache (C:\Users\wasee\.gradle\caches\5.1.1\fileHashes)" [_thread_blocked, id=9116, stack(0x00000098f3900000,0x00000098f3a00000)]
  0x00000202add83000 JavaThread "File lock request listener" [_thread_in_native, id=4608, stack(0x00000098f3a00000,0x00000098f3b00000)]
  0x00000202add7e800 JavaThread "Cache worker for journal cache (C:\Users\wasee\.gradle\caches\journal-1)" [_thread_blocked, id=4544, stack(0x00000098f3b00000,0x00000098f3c00000)]
  0x00000202add85000 JavaThread "Cache worker for execution history cache (C:\Users\wasee\.gradle\caches\5.1.1\executionHistory)" [_thread_blocked, id=11116, stack(0x00000098f3f00000,0x00000098f4000000)]
  0x00000202aefec800 JavaThread "Memory manager" [_thread_blocked, id=3240, stack(0x00000098f4e00000,0x00000098f4f00000)]
  0x00000202aefea000 JavaThread "Daemon Thread 3" [_thread_blocked, id=9064, stack(0x00000098f5300000,0x00000098f5400000)]
  0x00000202aefee000 JavaThread "Handler for socket connection from /127.0.0.1:58225 to /127.0.0.1:58271" [_thread_in_native, id=9128, stack(0x00000098f5400000,0x00000098f5500000)]
  0x00000202aefeb000 JavaThread "Cancel handler" [_thread_blocked, id=10836, stack(0x00000098f5500000,0x00000098f5600000)]
  0x00000202aefeb800 JavaThread "Daemon worker Thread 3" [_thread_blocked, id=9812, stack(0x00000098f5600000,0x00000098f5700000)]
  0x00000202aefed800 JavaThread "Asynchronous log dispatcher for DefaultDaemonConnection: socket connection from /127.0.0.1:58225 to /127.0.0.1:58271" [_thread_blocked, id=3276, stack(0x00000098f5700000,0x00000098f5800000)]
  0x00000202aefe9000 JavaThread "Stdin handler" [_thread_blocked, id=6968, stack(0x00000098f5800000,0x00000098f5900000)]
  0x00000202aeff1800 JavaThread "Thread-34" [_thread_blocked, id=8460, stack(0x00000098f5900000,0x00000098f5a00000)]
  0x00000202aeff4000 JavaThread "Cache worker for file hash cache (C:\Users\wasee\AndroidStudioProjects\TimeManagementTool\.gradle\5.1.1\fileHashes)" [_thread_blocked, id=5572, stack(0x00000098f5a00000,0x00000098f5b00000)]
  0x00000202aeff4800 JavaThread "Cache worker for cache directory md-supplier (C:\Users\wasee\.gradle\caches\5.1.1\md-supplier)" [_thread_blocked, id=4032, stack(0x00000098f5b00000,0x00000098f5c00000)]
  0x00000202aefef800 JavaThread "Cache worker for cache directory md-rule (C:\Users\wasee\.gradle\caches\5.1.1\md-rule)" [_thread_blocked, id=9456, stack(0x00000098f5c00000,0x00000098f5d00000)]
  0x00000202aeff0800 JavaThread "Build operations" [_thread_blocked, id=6576, stack(0x00000098f5d00000,0x00000098f5e00000)]
  0x00000202aefef000 JavaThread "Build operations Thread 2" [_thread_blocked, id=10320, stack(0x00000098f5e00000,0x00000098f5f00000)]
  0x00000202aeff5800 JavaThread "Cache worker for Build Output Cleanup Cache (C:\Users\wasee\AndroidStudioProjects\TimeManagementTool\.gradle\buildOutputCleanup)" [_thread_blocked, id=10680, stack(0x00000098f5f00000,0x00000098f6000000)]
  0x00000202aeff6800 JavaThread "Cache worker for file content cache (C:\Users\wasee\.gradle\caches\5.1.1\fileContent)" [_thread_blocked, id=5612, stack(0x00000098f6000000,0x00000098f6100000)]
  0x00000202aeff7000 JavaThread "Cache worker for file content cache (C:\Users\wasee\AndroidStudioProjects\TimeManagementTool\.gradle\5.1.1\fileContent)" [_thread_blocked, id=2716, stack(0x00000098f6100000,0x00000098f6200000)]
  0x00000202aeff8000 JavaThread "Execution worker for ':'" [_thread_blocked, id=5984, stack(0x00000098f6200000,0x00000098f6300000)]
  0x00000202add7f000 JavaThread "Cache worker for execution history cache (C:\Users\wasee\AndroidStudioProjects\TimeManagementTool\.gradle\5.1.1\executionHistory)" [_thread_blocked, id=688, stack(0x00000098f6300000,0x00000098f6400000)]
  0x00000202add80000 JavaThread "pool-4-thread-1" [_thread_blocked, id=8416, stack(0x00000098f6400000,0x00000098f6500000)]
  0x00000202add81000 JavaThread "stderr" [_thread_in_native, id=7376, stack(0x00000098f6500000,0x00000098f6600000)]
  0x00000202add82800 JavaThread "stdout" [_thread_in_native, id=10128, stack(0x00000098f6600000,0x00000098f6700000)]

Other Threads:
  0x00000202acd3f800 VMThread "VM Thread" [stack: 0x00000098f2300000,0x00000098f2400000] [id=1368]
  0x00000202ad74a000 WatcherThread [stack: 0x00000098f2e00000,0x00000098f2f00000] [id=7388]
  0x0000020293641000 GCTaskThread "GC Thread#0" [stack: 0x00000098f1e00000,0x00000098f1f00000] [id=9600]
  0x00000202adb0d800 GCTaskThread "GC Thread#1" [stack: 0x00000098f2f00000,0x00000098f3000000] [id=6784]
  0x000002029368e000 ConcurrentGCThread "G1 Main Marker" [stack: 0x00000098f1f00000,0x00000098f2000000] [id=7656]
  0x000002029368f800 ConcurrentGCThread "G1 Conc#0" [stack: 0x00000098f2000000,0x00000098f2100000] [id=1320]
  0x00000202936e3800 ConcurrentGCThread "G1 Refine#0" [stack: 0x00000098f2100000,0x00000098f2200000] [id=6488]
  0x00000202936e5800 ConcurrentGCThread "G1 Young RemSet Sampling" [stack: 0x00000098f2200000,0x00000098f2300000] [id=2624]

Threads with active compile tasks:
C2 CompilerThread0 492035 11168       4       java.util.concurrent.locks.AbstractQueuedSynchronizer$ConditionObject::awaitNanos (181 bytes)

VM state:synchronizing (normal execution)

VM Mutex/Monitor currently owned by a thread:  ([mutex/lock_event])
[0x0000020293625df0] Threads_lock - owner thread: 0x00000202acd3f800

Heap address: 0x0000000080000000, size: 2048 MB, Compressed Oops mode: 32-bit
Narrow klass base: 0x0000000000000000, Narrow klass shift: 3
Compressed class space size: 1073741824 Address: 0x0000000100000000

Heap:
 garbage-first heap   total 165888K, used 94501K [0x0000000080000000, 0x0000000100000000)
  region size 1024K, 9 young (9216K), 1 survivors (1024K)
 Metaspace       used 97038K, capacity 99422K, committed 99532K, reserved 1136640K
  class space    used 11991K, capacity 12716K, committed 12748K, reserved 1048576K
Heap Regions: E=young(eden), S=young(survivor), O=old, HS=humongous(starts), HC=humongous(continues), CS=collection set, F=free, A=archive, TAMS=top-at-mark-start (previous, next)
|   0|0x0000000080000000, 0x0000000080100000, 0x0000000080100000|100%|HS|  |TAMS 0x0000000080100000, 0x0000000080000000| Complete 
|   1|0x0000000080100000, 0x0000000080200000, 0x0000000080200000|100%| O|  |TAMS 0x0000000080200000, 0x0000000080100000| Untracked 
|   2|0x0000000080200000, 0x0000000080300000, 0x0000000080300000|100%| O|  |TAMS 0x0000000080300000, 0x0000000080200000| Untracked 
|   3|0x0000000080300000, 0x0000000080400000, 0x0000000080400000|100%|HS|  |TAMS 0x0000000080400000, 0x0000000080300000| Complete 
|   4|0x0000000080400000, 0x0000000080500000, 0x0000000080500000|100%|HC|  |TAMS 0x0000000080500000, 0x0000000080400000| Complete 
|   5|0x0000000080500000, 0x0000000080600000, 0x0000000080600000|100%| O|  |TAMS 0x0000000080600000, 0x0000000080500000| Untracked 
|   6|0x0000000080600000, 0x0000000080700000, 0x0000000080700000|100%| O|  |TAMS 0x0000000080700000, 0x0000000080600000| Untracked 
|   7|0x0000000080700000, 0x0000000080800000, 0x0000000080800000|100%| O|  |TAMS 0x0000000080800000, 0x0000000080700000| Untracked 
|   8|0x0000000080800000, 0x0000000080900000, 0x0000000080900000|100%| O|  |TAMS 0x0000000080900000, 0x0000000080800000| Untracked 
|   9|0x0000000080900000, 0x0000000080a00000, 0x0000000080a00000|100%| O|  |TAMS 0x0000000080a00000, 0x0000000080900000| Untracked 
|  10|0x0000000080a00000, 0x0000000080b00000, 0x0000000080b00000|100%| O|  |TAMS 0x0000000080b00000, 0x0000000080a00000| Untracked 
|  11|0x0000000080b00000, 0x0000000080c00000, 0x0000000080c00000|100%| O|  |TAMS 0x0000000080c00000, 0x0000000080b00000| Untracked 
|  12|0x0000000080c00000, 0x0000000080d00000, 0x0000000080d00000|100%| O|  |TAMS 0x0000000080d00000, 0x0000000080c00000| Untracked 
|  13|0x0000000080d00000, 0x0000000080e00000, 0x0000000080e00000|100%| O|  |TAMS 0x0000000080e00000, 0x0000000080d00000| Untracked 
|  14|0x0000000080e00000, 0x0000000080f00000, 0x0000000080f00000|100%|HS|  |TAMS 0x0000000080f00000, 0x0000000080e00000| Complete 
|  15|0x0000000080f00000, 0x0000000081000000, 0x0000000081000000|100%|HC|  |TAMS 0x0000000081000000, 0x0000000080f00000| Complete 
|  16|0x0000000081000000, 0x0000000081100000, 0x0000000081100000|100%| O|  |TAMS 0x0000000081100000, 0x0000000081000000| Untracked 
|  17|0x0000000081100000, 0x0000000081200000, 0x0000000081200000|100%|HS|  |TAMS 0x0000000081200000, 0x0000000081100000| Complete 
|  18|0x0000000081200000, 0x0000000081300000, 0x0000000081300000|100%|HC|  |TAMS 0x0000000081300000, 0x0000000081200000| Complete 
|  19|0x0000000081300000, 0x0000000081400000, 0x0000000081400000|100%|HC|  |TAMS 0x0000000081400000, 0x0000000081300000| Complete 
|  20|0x0000000081400000, 0x0000000081500000, 0x0000000081500000|100%|HS|  |TAMS 0x0000000081500000, 0x0000000081400000| Complete 
|  21|0x0000000081500000, 0x0000000081600000, 0x0000000081600000|100%|HC|  |TAMS 0x0000000081600000, 0x0000000081500000| Complete 
|  22|0x0000000081600000, 0x0000000081700000, 0x0000000081700000|100%|HC|  |TAMS 0x0000000081700000, 0x0000000081600000| Complete 
|  23|0x0000000081700000, 0x0000000081800000, 0x0000000081800000|100%|HC|  |TAMS 0x0000000081800000, 0x0000000081700000| Complete 
|  24|0x0000000081800000, 0x0000000081900000, 0x0000000081900000|100%| O|  |TAMS 0x0000000081900000, 0x0000000081800000| Untracked 
|  25|0x0000000081900000, 0x0000000081a00000, 0x0000000081a00000|100%| O|  |TAMS 0x0000000081a00000, 0x0000000081900000| Untracked 
|  26|0x0000000081a00000, 0x0000000081b00000, 0x0000000081b00000|100%| O|  |TAMS 0x0000000081b00000, 0x0000000081a00000| Untracked 
|  27|0x0000000081b00000, 0x0000000081c00000, 0x0000000081c00000|100%| O|  |TAMS 0x0000000081c00000, 0x0000000081b00000| Untracked 
|  28|0x0000000081c00000, 0x0000000081d00000, 0x0000000081d00000|100%| O|  |TAMS 0x0000000081d00000, 0x0000000081c00000| Untracked 
|  29|0x0000000081d00000, 0x0000000081e00000, 0x0000000081e00000|100%| O|  |TAMS 0x0000000081e00000, 0x0000000081d00000| Untracked 
|  30|0x0000000081e00000, 0x0000000081f00000, 0x0000000081f00000|100%| O|  |TAMS 0x0000000081f00000, 0x0000000081e00000| Untracked 
|  31|0x0000000081f00000, 0x0000000082000000, 0x0000000082000000|100%| O|  |TAMS 0x0000000082000000, 0x0000000081f00000| Untracked 
|  32|0x0000000082000000, 0x0000000082100000, 0x0000000082100000|100%| O|  |TAMS 0x0000000082100000, 0x0000000082000000| Untracked 
|  33|0x0000000082100000, 0x0000000082200000, 0x0000000082200000|100%| O|  |TAMS 0x0000000082200000, 0x0000000082100000| Untracked 
|  34|0x0000000082200000, 0x0000000082300000, 0x0000000082300000|100%| O|  |TAMS 0x0000000082300000, 0x0000000082200000| Untracked 
|  35|0x0000000082300000, 0x0000000082400000, 0x0000000082400000|100%| O|  |TAMS 0x0000000082400000, 0x0000000082300000| Untracked 
|  36|0x0000000082400000, 0x0000000082500000, 0x0000000082500000|100%| O|  |TAMS 0x0000000082500000, 0x0000000082400000| Untracked 
|  37|0x0000000082500000, 0x0000000082600000, 0x0000000082600000|100%| O|  |TAMS 0x0000000082600000, 0x0000000082500000| Untracked 
|  38|0x0000000082600000, 0x0000000082700000, 0x0000000082700000|100%|HS|  |TAMS 0x0000000082700000, 0x0000000082600000| Complete 
|  39|0x0000000082700000, 0x0000000082800000, 0x0000000082800000|100%|HC|  |TAMS 0x0000000082800000, 0x0000000082700000| Complete 
|  40|0x0000000082800000, 0x0000000082900000, 0x0000000082900000|100%|HC|  |TAMS 0x0000000082900000, 0x0000000082800000| Complete 
|  41|0x0000000082900000, 0x0000000082a00000, 0x0000000082a00000|100%| O|  |TAMS 0x0000000082a00000, 0x0000000082900000| Untracked 
|  42|0x0000000082a00000, 0x0000000082b00000, 0x0000000082b00000|100%| O|  |TAMS 0x0000000082b00000, 0x0000000082a00000| Untracked 
|  43|0x0000000082b00000, 0x0000000082c00000, 0x0000000082c00000|100%|HS|  |TAMS 0x0000000082c00000, 0x0000000082b00000| Complete 
|  44|0x0000000082c00000, 0x0000000082d00000, 0x0000000082d00000|100%|HC|  |TAMS 0x0000000082d00000, 0x0000000082c00000| Complete 
|  45|0x0000000082d00000, 0x0000000082e00000, 0x0000000082e00000|100%| O|  |TAMS 0x0000000082e00000, 0x0000000082d00000| Untracked 
|  46|0x0000000082e00000, 0x0000000082f00000, 0x0000000082f00000|100%| O|  |TAMS 0x0000000082f00000, 0x0000000082e00000| Untracked 
|  47|0x0000000082f00000, 0x0000000083000000, 0x0000000083000000|100%| O|  |TAMS 0x0000000083000000, 0x0000000082f00000| Untracked 
|  48|0x0000000083000000, 0x0000000083100000, 0x0000000083100000|100%| O|  |TAMS 0x0000000083100000, 0x0000000083000000| Untracked 
|  49|0x0000000083100000, 0x0000000083200000, 0x0000000083200000|100%| O|  |TAMS 0x0000000083200000, 0x0000000083100000| Untracked 
|  50|0x0000000083200000, 0x0000000083300000, 0x0000000083300000|100%| O|  |TAMS 0x0000000083300000, 0x0000000083200000| Untracked 
|  51|0x0000000083300000, 0x0000000083400000, 0x0000000083400000|100%| O|  |TAMS 0x0000000083400000, 0x0000000083300000| Untracked 
|  52|0x0000000083400000, 0x0000000083500000, 0x0000000083500000|100%| O|  |TAMS 0x0000000083500000, 0x0000000083400000| Untracked 
|  53|0x0000000083500000, 0x0000000083600000, 0x0000000083600000|100%| O|  |TAMS 0x0000000083600000, 0x0000000083500000| Untracked 
|  54|0x0000000083600000, 0x0000000083700000, 0x0000000083700000|100%| O|  |TAMS 0x0000000083700000, 0x0000000083600000| Untracked 
|  55|0x0000000083700000, 0x0000000083800000, 0x0000000083800000|100%| O|  |TAMS 0x0000000083800000, 0x0000000083700000| Untracked 
|  56|0x0000000083800000, 0x0000000083900000, 0x0000000083900000|100%| O|  |TAMS 0x0000000083900000, 0x0000000083800000| Untracked 
|  57|0x0000000083900000, 0x0000000083a00000, 0x0000000083a00000|100%| O|  |TAMS 0x0000000083a00000, 0x0000000083900000| Untracked 
|  58|0x0000000083a00000, 0x0000000083b00000, 0x0000000083b00000|100%| O|  |TAMS 0x0000000083b00000, 0x0000000083a00000| Untracked 
|  59|0x0000000083b00000, 0x0000000083c00000, 0x0000000083c00000|100%| O|  |TAMS 0x0000000083c00000, 0x0000000083b00000| Untracked 
|  60|0x0000000083c00000, 0x0000000083d00000, 0x0000000083d00000|100%| O|  |TAMS 0x0000000083d00000, 0x0000000083c00000| Untracked 
|  61|0x0000000083d00000, 0x0000000083e00000, 0x0000000083e00000|100%| O|  |TAMS 0x0000000083e00000, 0x0000000083d00000| Untracked 
|  62|0x0000000083e00000, 0x0000000083f00000, 0x0000000083f00000|100%| O|  |TAMS 0x0000000083f00000, 0x0000000083e00000| Untracked 
|  63|0x0000000083f00000, 0x0000000084000000, 0x0000000084000000|100%| O|  |TAMS 0x0000000084000000, 0x0000000083f00000| Untracked 
|  64|0x0000000084000000, 0x0000000084100000, 0x0000000084100000|100%| O|  |TAMS 0x0000000084100000, 0x0000000084000000| Untracked 
|  65|0x0000000084100000, 0x0000000084200000, 0x0000000084200000|100%| O|  |TAMS 0x0000000084200000, 0x0000000084100000| Untracked 
|  66|0x0000000084200000, 0x0000000084300000, 0x0000000084300000|100%| O|  |TAMS 0x0000000084300000, 0x0000000084200000| Untracked 
|  67|0x0000000084300000, 0x0000000084400000, 0x0000000084400000|100%| O|  |TAMS 0x0000000084400000, 0x0000000084300000| Untracked 
|  68|0x0000000084400000, 0x0000000084500000, 0x0000000084500000|100%| O|  |TAMS 0x0000000084500000, 0x0000000084400000| Untracked 
|  69|0x0000000084500000, 0x0000000084600000, 0x0000000084600000|100%| O|  |TAMS 0x0000000084600000, 0x0000000084500000| Untracked 
|  70|0x0000000084600000, 0x0000000084700000, 0x0000000084700000|100%| O|  |TAMS 0x0000000084700000, 0x0000000084600000| Untracked 
|  71|0x0000000084700000, 0x0000000084800000, 0x0000000084800000|100%| O|  |TAMS 0x0000000084800000, 0x0000000084700000| Untracked 
|  72|0x0000000084800000, 0x0000000084900000, 0x0000000084900000|100%| O|  |TAMS 0x0000000084900000, 0x0000000084800000| Untracked 
|  73|0x0000000084900000, 0x0000000084a00000, 0x0000000084a00000|100%| O|  |TAMS 0x0000000084a00000, 0x0000000084900000| Untracked 
|  74|0x0000000084a00000, 0x0000000084b00000, 0x0000000084b00000|100%| O|  |TAMS 0x0000000084b00000, 0x0000000084a00000| Untracked 
|  75|0x0000000084b00000, 0x0000000084b00000, 0x0000000084c00000|  0%| F|  |TAMS 0x0000000084b00000, 0x0000000084b00000| Untracked 
|  76|0x0000000084c00000, 0x0000000084d00000, 0x0000000084d00000|100%| O|  |TAMS 0x0000000084d00000, 0x0000000084c00000| Untracked 
|  77|0x0000000084d00000, 0x0000000084e00000, 0x0000000084e00000|100%| O|  |TAMS 0x0000000084e00000, 0x0000000084d00000| Untracked 
|  78|0x0000000084e00000, 0x0000000084f00000, 0x0000000084f00000|100%| O|  |TAMS 0x0000000084f00000, 0x0000000084e00000| Untracked 
|  79|0x0000000084f00000, 0x0000000085000000, 0x0000000085000000|100%| O|  |TAMS 0x0000000085000000, 0x0000000084f00000| Untracked 
|  80|0x0000000085000000, 0x0000000085000000, 0x0000000085100000|  0%| F|  |TAMS 0x0000000085000000, 0x0000000085000000| Untracked 
|  81|0x0000000085100000, 0x0000000085200000, 0x0000000085200000|100%| O|  |TAMS 0x0000000085200000, 0x0000000085100000| Untracked 
|  82|0x0000000085200000, 0x0000000085300000, 0x0000000085300000|100%| O|  |TAMS 0x0000000085291400, 0x0000000085200000| Untracked 
|  83|0x0000000085300000, 0x0000000085400000, 0x0000000085400000|100%| O|  |TAMS 0x0000000085300000, 0x0000000085300000| Untracked 
|  84|0x0000000085400000, 0x0000000085500000, 0x0000000085500000|100%| O|  |TAMS 0x0000000085400000, 0x0000000085400000| Untracked 
|  85|0x0000000085500000, 0x0000000085600000, 0x0000000085600000|100%| O|  |TAMS 0x0000000085500000, 0x0000000085500000| Untracked 
|  86|0x0000000085600000, 0x00000000856a8600, 0x0000000085700000| 65%| O|  |TAMS 0x0000000085600000, 0x0000000085600000| Untracked 
|  87|0x0000000085700000, 0x0000000085700000, 0x0000000085800000|  0%| F|  |TAMS 0x0000000085700000, 0x0000000085700000| Untracked 
|  88|0x0000000085800000, 0x0000000085800000, 0x0000000085900000|  0%| F|  |TAMS 0x0000000085800000, 0x0000000085800000| Untracked 
|  89|0x0000000085900000, 0x0000000085900000, 0x0000000085a00000|  0%| F|  |TAMS 0x0000000085900000, 0x0000000085900000| Untracked 
|  90|0x0000000085a00000, 0x0000000085a00000, 0x0000000085b00000|  0%| F|  |TAMS 0x0000000085a00000, 0x0000000085a00000| Untracked 
|  91|0x0000000085b00000, 0x0000000085b00000, 0x0000000085c00000|  0%| F|  |TAMS 0x0000000085b00000, 0x0000000085b00000| Untracked 
|  92|0x0000000085c00000, 0x0000000085c00000, 0x0000000085d00000|  0%| F|  |TAMS 0x0000000085c00000, 0x0000000085c00000| Untracked 
|  93|0x0000000085d00000, 0x0000000085d00000, 0x0000000085e00000|  0%| F|  |TAMS 0x0000000085d00000, 0x0000000085d00000| Untracked 
|  94|0x0000000085e00000, 0x0000000085e00000, 0x0000000085f00000|  0%| F|  |TAMS 0x0000000085e00000, 0x0000000085e00000| Untracked 
|  95|0x0000000085f00000, 0x0000000085f00000, 0x0000000086000000|  0%| F|  |TAMS 0x0000000085f00000, 0x0000000085f00000| Untracked 
|  96|0x0000000086000000, 0x0000000086000000, 0x0000000086100000|  0%| F|  |TAMS 0x0000000086000000, 0x0000000086000000| Untracked 
|  97|0x0000000086100000, 0x0000000086100000, 0x0000000086200000|  0%| F|  |TAMS 0x0000000086100000, 0x0000000086100000| Untracked 
|  98|0x0000000086200000, 0x0000000086200000, 0x0000000086300000|  0%| F|  |TAMS 0x0000000086200000, 0x0000000086200000| Untracked 
|  99|0x0000000086300000, 0x0000000086300000, 0x0000000086400000|  0%| F|  |TAMS 0x0000000086300000, 0x0000000086300000| Untracked 
| 100|0x0000000086400000, 0x0000000086400000, 0x0000000086500000|  0%| F|  |TAMS 0x0000000086400000, 0x0000000086400000| Untracked 
| 101|0x0000000086500000, 0x0000000086500000, 0x0000000086600000|  0%| F|  |TAMS 0x0000000086500000, 0x0000000086500000| Untracked 
| 102|0x0000000086600000, 0x0000000086600000, 0x0000000086700000|  0%| F|  |TAMS 0x0000000086600000, 0x0000000086600000| Untracked 
| 103|0x0000000086700000, 0x0000000086700000, 0x0000000086800000|  0%| F|  |TAMS 0x0000000086700000, 0x0000000086700000| Untracked 
| 104|0x0000000086800000, 0x0000000086800000, 0x0000000086900000|  0%| F|  |TAMS 0x0000000086800000, 0x0000000086800000| Untracked 
| 105|0x0000000086900000, 0x0000000086900000, 0x0000000086a00000|  0%| F|  |TAMS 0x0000000086900000, 0x0000000086900000| Untracked 
| 106|0x0000000086a00000, 0x0000000086a00000, 0x0000000086b00000|  0%| F|  |TAMS 0x0000000086a00000, 0x0000000086a00000| Untracked 
| 107|0x0000000086b00000, 0x0000000086b00000, 0x0000000086c00000|  0%| F|  |TAMS 0x0000000086b00000, 0x0000000086b00000| Untracked 
| 108|0x0000000086c00000, 0x0000000086c00000, 0x0000000086d00000|  0%| F|  |TAMS 0x0000000086c00000, 0x0000000086c00000| Untracked 
| 109|0x0000000086d00000, 0x0000000086d00000, 0x0000000086e00000|  0%| F|  |TAMS 0x0000000086d00000, 0x0000000086d00000| Untracked 
| 110|0x0000000086e00000, 0x0000000086e00000, 0x0000000086f00000|  0%| F|  |TAMS 0x0000000086e00000, 0x0000000086e00000| Untracked 
| 111|0x0000000086f00000, 0x0000000086f00000, 0x0000000087000000|  0%| F|  |TAMS 0x0000000086f00000, 0x0000000086f00000| Untracked 
| 112|0x0000000087000000, 0x0000000087000000, 0x0000000087100000|  0%| F|  |TAMS 0x0000000087000000, 0x0000000087000000| Untracked 
| 113|0x0000000087100000, 0x0000000087100000, 0x0000000087200000|  0%| F|  |TAMS 0x0000000087100000, 0x0000000087100000| Untracked 
| 114|0x0000000087200000, 0x0000000087200000, 0x0000000087300000|  0%| F|  |TAMS 0x0000000087200000, 0x0000000087200000| Untracked 
| 115|0x0000000087300000, 0x0000000087300000, 0x0000000087400000|  0%| F|  |TAMS 0x0000000087300000, 0x0000000087300000| Untracked 
| 116|0x0000000087400000, 0x0000000087400000, 0x0000000087500000|  0%| F|  |TAMS 0x0000000087400000, 0x0000000087400000| Untracked 
| 117|0x0000000087500000, 0x0000000087500000, 0x0000000087600000|  0%| F|  |TAMS 0x0000000087500000, 0x0000000087500000| Untracked 
| 118|0x0000000087600000, 0x0000000087600000, 0x0000000087700000|  0%| F|  |TAMS 0x0000000087600000, 0x0000000087600000| Untracked 
| 119|0x0000000087700000, 0x0000000087700000, 0x0000000087800000|  0%| F|  |TAMS 0x0000000087700000, 0x0000000087700000| Untracked 
| 120|0x0000000087800000, 0x0000000087800000, 0x0000000087900000|  0%| F|  |TAMS 0x0000000087800000, 0x0000000087800000| Untracked 
| 121|0x0000000087900000, 0x0000000087900000, 0x0000000087a00000|  0%| F|  |TAMS 0x0000000087900000, 0x0000000087900000| Untracked 
| 122|0x0000000087a00000, 0x0000000087a00000, 0x0000000087b00000|  0%| F|  |TAMS 0x0000000087a00000, 0x0000000087a00000| Untracked 
| 123|0x0000000087b00000, 0x0000000087b00000, 0x0000000087c00000|  0%| F|  |TAMS 0x0000000087b00000, 0x0000000087b00000| Untracked 
| 124|0x0000000087c00000, 0x0000000087c00000, 0x0000000087d00000|  0%| F|  |TAMS 0x0000000087c00000, 0x0000000087c00000| Untracked 
| 125|0x0000000087d00000, 0x0000000087d00000, 0x0000000087e00000|  0%| F|  |TAMS 0x0000000087d00000, 0x0000000087d00000| Untracked 
| 126|0x0000000087e00000, 0x0000000087e00000, 0x0000000087f00000|  0%| F|  |TAMS 0x0000000087e00000, 0x0000000087e00000| Untracked 
| 127|0x0000000087f00000, 0x0000000087f00000, 0x0000000088000000|  0%| F|  |TAMS 0x0000000087f00000, 0x0000000087f00000| Untracked 
| 128|0x0000000088000000, 0x0000000088000000, 0x0000000088100000|  0%| F|  |TAMS 0x0000000088000000, 0x0000000088000000| Untracked 
| 129|0x0000000088100000, 0x0000000088100000, 0x0000000088200000|  0%| F|  |TAMS 0x0000000088100000, 0x0000000088100000| Untracked 
| 130|0x0000000088200000, 0x0000000088200000, 0x0000000088300000|  0%| F|  |TAMS 0x0000000088200000, 0x0000000088200000| Untracked 
| 131|0x0000000088300000, 0x0000000088300000, 0x0000000088400000|  0%| F|  |TAMS 0x0000000088300000, 0x0000000088300000| Untracked 
| 132|0x0000000088400000, 0x0000000088400000, 0x0000000088500000|  0%| F|  |TAMS 0x0000000088400000, 0x0000000088400000| Untracked 
| 133|0x0000000088500000, 0x0000000088500000, 0x0000000088600000|  0%| F|  |TAMS 0x0000000088500000, 0x0000000088500000| Untracked 
| 134|0x0000000088600000, 0x0000000088600000, 0x0000000088700000|  0%| F|  |TAMS 0x0000000088600000, 0x0000000088600000| Untracked 
| 135|0x0000000088700000, 0x0000000088700000, 0x0000000088800000|  0%| F|  |TAMS 0x0000000088700000, 0x0000000088700000| Untracked 
| 136|0x0000000088800000, 0x0000000088800000, 0x0000000088900000|  0%| F|  |TAMS 0x0000000088800000, 0x0000000088800000| Untracked 
| 137|0x0000000088900000, 0x0000000088900000, 0x0000000088a00000|  0%| F|  |TAMS 0x0000000088900000, 0x0000000088900000| Untracked 
| 138|0x0000000088a00000, 0x0000000088a00000, 0x0000000088b00000|  0%| F|  |TAMS 0x0000000088a00000, 0x0000000088a00000| Untracked 
| 139|0x0000000088b00000, 0x0000000088b00000, 0x0000000088c00000|  0%| F|  |TAMS 0x0000000088b00000, 0x0000000088b00000| Untracked 
| 140|0x0000000088c00000, 0x0000000088c00000, 0x0000000088d00000|  0%| F|  |TAMS 0x0000000088c00000, 0x0000000088c00000| Untracked 
| 141|0x0000000088d00000, 0x0000000088d00000, 0x0000000088e00000|  0%| F|  |TAMS 0x0000000088d00000, 0x0000000088d00000| Untracked 
| 142|0x0000000088e00000, 0x0000000088e00000, 0x0000000088f00000|  0%| F|  |TAMS 0x0000000088e00000, 0x0000000088e00000| Untracked 
| 143|0x0000000088f00000, 0x0000000088f00000, 0x0000000089000000|  0%| F|  |TAMS 0x0000000088f00000, 0x0000000088f00000| Untracked 
| 144|0x0000000089000000, 0x0000000089000000, 0x0000000089100000|  0%| F|  |TAMS 0x0000000089000000, 0x0000000089000000| Untracked 
| 145|0x0000000089100000, 0x0000000089100000, 0x0000000089200000|  0%| F|  |TAMS 0x0000000089100000, 0x0000000089100000| Untracked 
| 146|0x0000000089200000, 0x0000000089200000, 0x0000000089300000|  0%| F|  |TAMS 0x0000000089200000, 0x0000000089200000| Untracked 
| 147|0x0000000089300000, 0x0000000089300000, 0x0000000089400000|  0%| F|  |TAMS 0x0000000089300000, 0x0000000089300000| Untracked 
| 148|0x0000000089400000, 0x0000000089400000, 0x0000000089500000|  0%| F|  |TAMS 0x0000000089400000, 0x0000000089400000| Untracked 
| 149|0x0000000089500000, 0x0000000089500000, 0x0000000089600000|  0%| F|  |TAMS 0x0000000089500000, 0x0000000089500000| Untracked 
| 150|0x0000000089600000, 0x0000000089600000, 0x0000000089700000|  0%| F|  |TAMS 0x0000000089600000, 0x0000000089600000| Untracked 
| 151|0x0000000089700000, 0x0000000089700000, 0x0000000089800000|  0%| F|  |TAMS 0x0000000089700000, 0x0000000089700000| Untracked 
| 152|0x0000000089800000, 0x0000000089800000, 0x0000000089900000|  0%| F|  |TAMS 0x0000000089800000, 0x0000000089800000| Untracked 
| 153|0x0000000089900000, 0x0000000089966038, 0x0000000089a00000| 39%| E|  |TAMS 0x0000000089900000, 0x0000000089900000| Complete 
| 154|0x0000000089a00000, 0x0000000089b00000, 0x0000000089b00000|100%| E|CS|TAMS 0x0000000089a00000, 0x0000000089a00000| Complete 
| 155|0x0000000089b00000, 0x0000000089c00000, 0x0000000089c00000|100%| E|CS|TAMS 0x0000000089b00000, 0x0000000089b00000| Complete 
| 156|0x0000000089c00000, 0x0000000089d00000, 0x0000000089d00000|100%| E|CS|TAMS 0x0000000089c00000, 0x0000000089c00000| Complete 
| 157|0x0000000089d00000, 0x0000000089da0f50, 0x0000000089e00000| 62%| S|CS|TAMS 0x0000000089d00000, 0x0000000089d00000| Complete 
| 158|0x0000000089e00000, 0x0000000089f00000, 0x0000000089f00000|100%| E|CS|TAMS 0x0000000089e00000, 0x0000000089e00000| Complete 
| 159|0x0000000089f00000, 0x000000008a000000, 0x000000008a000000|100%| E|CS|TAMS 0x0000000089f00000, 0x0000000089f00000| Complete 
| 160|0x000000008a000000, 0x000000008a100000, 0x000000008a100000|100%| E|CS|TAMS 0x000000008a000000, 0x000000008a000000| Complete 
| 161|0x000000008a100000, 0x000000008a200000, 0x000000008a200000|100%| E|CS|TAMS 0x000000008a100000, 0x000000008a100000| Complete 

Card table byte_map: [0x00000202a63a0000,0x00000202a67a0000] _byte_map_base: 0x00000202a5fa0000

Marking Bits (Prev, Next): (CMBitMap*) 0x00000202936854e8, (CMBitMap*) 0x0000020293685520
 Prev Bits: [0x00000202a6ba0000, 0x00000202a8ba0000)
 Next Bits: [0x00000202a8ba0000, 0x00000202aaba0000)

Polling page: 0x00000202914a0000

Metaspace:

Usage:
  Non-class:     84.67 MB capacity,    83.05 MB ( 98%) used,     1.41 MB (  2%) free+waste,   211.13 KB ( <1%) overhead. 
      Class:     12.42 MB capacity,    11.71 MB ( 94%) used,   629.95 KB (  5%) free+waste,    94.38 KB ( <1%) overhead. 
       Both:     97.09 MB capacity,    94.76 MB ( 98%) used,     2.03 MB (  2%) free+waste,   305.50 KB ( <1%) overhead. 

Virtual space:
  Non-class space:       86.00 MB reserved,      84.75 MB ( 99%) committed 
      Class space:        1.00 GB reserved,      12.45 MB (  1%) committed 
             Both:        1.08 GB reserved,      97.20 MB (  9%) committed 

Chunk freelists:
   Non-Class:  14.00 KB
       Class:  0 bytes
        Both:  14.00 KB

MaxMetaspaceSize: 17179869184.00 GB
CompressedClassSpaceSize: 1.00 GB

CodeHeap 'non-profiled nmethods': size=120064Kb used=5909Kb max_used=5909Kb free=114154Kb
 bounds [0x000002029ea60000, 0x000002029f030000, 0x00000202a5fa0000]
CodeHeap 'profiled nmethods': size=120000Kb used=24187Kb max_used=24187Kb free=95812Kb
 bounds [0x0000020297530000, 0x0000020298ce0000, 0x000002029ea60000]
CodeHeap 'non-nmethods': size=5696Kb used=2324Kb max_used=2369Kb free=3371Kb
 bounds [0x0000020296fa0000, 0x0000020297210000, 0x0000020297530000]
 total_blobs=11443 nmethods=10487 adapters=868
 compilation: enabled
              stopped_count=0, restarted_count=0
 full_count=0

Compilation events (20 events):
Event: 483.880 Thread 0x00000202acd6d800 nmethod 11158 0x0000020298cd3510 code [0x0000020298cd36e0, 0x0000020298cd39b8]
Event: 483.888 Thread 0x00000202acd6d800 11159       3       java.io.BufferedWriter::min (9 bytes)
Event: 483.888 Thread 0x00000202acd6d800 nmethod 11159 0x0000020298cd3a90 code [0x0000020298cd3c40, 0x0000020298cd3d98]
Event: 483.888 Thread 0x00000202acd6d800 11160   !   3       java.io.BufferedWriter::write (117 bytes)
Event: 483.889 Thread 0x00000202acd6d800 nmethod 11160 0x0000020298cd3e10 code [0x0000020298cd4020, 0x0000020298cd46a8]
Event: 483.890 Thread 0x00000202acd69000 11161 %     4       sun.nio.cs.UTF_8$Encoder::encodeArrayLoop @ 73 (489 bytes)
Event: 483.891 Thread 0x00000202acd6d800 11162   !   3       java.io.BufferedWriter::write (55 bytes)
Event: 483.892 Thread 0x00000202acd6d800 nmethod 11162 0x0000020298cd4a10 code [0x0000020298cd4c00, 0x0000020298cd50f8]
Event: 483.944 Thread 0x00000202acd69000 nmethod 11161% 0x000002029f022a10 code [0x000002029f022c60, 0x000002029f023a90]
Event: 483.944 Thread 0x00000202acd69000 11163       4       com.google.common.collect.AbstractIndexedListIterator::next (31 bytes)
Event: 483.947 Thread 0x00000202acd69000 nmethod 11163 0x000002029f024410 code [0x000002029f0245c0, 0x000002029f0246b8]
Event: 484.635 Thread 0x00000202acd69000 11164       4       java.util.concurrent.locks.AbstractQueuedSynchronizer::enq (37 bytes)
Event: 484.648 Thread 0x00000202acd69000 nmethod 11164 0x000002029f024810 code [0x000002029f0249c0, 0x000002029f024d08]
Event: 484.651 Thread 0x00000202acd69000 11165       4       java.util.concurrent.locks.AbstractQueuedSynchronizer$ConditionObject::addConditionWaiter (79 bytes)
Event: 484.673 Thread 0x00000202acd69000 nmethod 11165 0x000002029f024e10 code [0x000002029f024fc0, 0x000002029f0255f8]
Event: 486.557 Thread 0x00000202acd6d800 11166       3       java.util.concurrent.ThreadPoolExecutor::isShutdown (12 bytes)
Event: 486.558 Thread 0x00000202acd6d800 nmethod 11166 0x0000020298cd5390 code [0x0000020298cd5540, 0x0000020298cd5718]
Event: 487.699 Thread 0x00000202acd6d800 11167       3       java.util.concurrent.ScheduledThreadPoolExecutor::canRunInCurrentRunState (61 bytes)
Event: 487.700 Thread 0x00000202acd6d800 nmethod 11167 0x0000020298cd5810 code [0x0000020298cd5a40, 0x0000020298cd6268]
Event: 491.855 Thread 0x00000202acd69000 11168       4       java.util.concurrent.locks.AbstractQueuedSynchronizer$ConditionObject::awaitNanos (181 bytes)

GC Heap History (20 events):
Event: 314.319 GC heap before
{Heap before GC invocations=54 (full 0):
 garbage-first heap   total 114688K, used 89053K [0x0000000080000000, 0x0000000100000000)
  region size 1024K, 26 young (26624K), 3 survivors (3072K)
 Metaspace       used 79334K, capacity 81210K, committed 81356K, reserved 1120256K
  class space    used 10102K, capacity 10666K, committed 10700K, reserved 1048576K
}
Event: 314.349 GC heap after
{Heap after GC invocations=55 (full 0):
 garbage-first heap   total 138240K, used 68964K [0x0000000080000000, 0x0000000100000000)
  region size 1024K, 4 young (4096K), 4 survivors (4096K)
 Metaspace       used 79334K, capacity 81210K, committed 81356K, reserved 1120256K
  class space    used 10102K, capacity 10666K, committed 10700K, reserved 1048576K
}
Event: 318.023 GC heap before
{Heap before GC invocations=56 (full 0):
 garbage-first heap   total 138240K, used 100708K [0x0000000080000000, 0x0000000100000000)
  region size 1024K, 35 young (35840K), 4 survivors (4096K)
 Metaspace       used 83464K, capacity 85390K, committed 85580K, reserved 1124352K
  class space    used 10637K, capacity 11201K, committed 11340K, reserved 1048576K
}
Event: 318.060 GC heap after
{Heap after GC invocations=57 (full 0):
 garbage-first heap   total 138240K, used 72069K [0x0000000080000000, 0x0000000100000000)
  region size 1024K, 5 young (5120K), 5 survivors (5120K)
 Metaspace       used 83464K, capacity 85390K, committed 85580K, reserved 1124352K
  class space    used 10637K, capacity 11201K, committed 11340K, reserved 1048576K
}
Event: 324.141 GC heap before
{Heap before GC invocations=57 (full 0):
 garbage-first heap   total 138240K, used 102789K [0x0000000080000000, 0x0000000100000000)
  region size 1024K, 36 young (36864K), 5 survivors (5120K)
 Metaspace       used 86160K, capacity 88139K, committed 88396K, reserved 1126400K
  class space    used 10964K, capacity 11519K, committed 11596K, reserved 1048576K
}
Event: 324.176 GC heap after
{Heap after GC invocations=58 (full 0):
 garbage-first heap   total 138240K, used 74518K [0x0000000080000000, 0x0000000100000000)
  region size 1024K, 3 young (3072K), 3 survivors (3072K)
 Metaspace       used 86160K, capacity 88139K, committed 88396K, reserved 1126400K
  class space    used 10964K, capacity 11519K, committed 11596K, reserved 1048576K
}
Event: 327.605 GC heap before
{Heap before GC invocations=59 (full 0):
 garbage-first heap   total 138240K, used 104214K [0x0000000080000000, 0x0000000100000000)
  region size 1024K, 33 young (33792K), 3 survivors (3072K)
 Metaspace       used 86578K, capacity 88537K, committed 88652K, reserved 1126400K
  class space    used 10969K, capacity 11520K, committed 11596K, reserved 1048576K
}
Event: 327.631 GC heap after
{Heap after GC invocations=60 (full 0):
 garbage-first heap   total 138240K, used 76402K [0x0000000080000000, 0x0000000100000000)
  region size 1024K, 5 young (5120K), 5 survivors (5120K)
 Metaspace       used 86578K, capacity 88537K, committed 88652K, reserved 1126400K
  class space    used 10969K, capacity 11520K, committed 11596K, reserved 1048576K
}
Event: 333.050 GC heap before
{Heap before GC invocations=60 (full 0):
 garbage-first heap   total 138240K, used 108146K [0x0000000080000000, 0x0000000100000000)
  region size 1024K, 36 young (36864K), 5 survivors (5120K)
 Metaspace       used 87600K, capacity 89761K, committed 90060K, reserved 1128448K
  class space    used 11050K, capacity 11647K, committed 11724K, reserved 1048576K
}
Event: 333.080 GC heap after
{Heap after GC invocations=61 (full 0):
 garbage-first heap   total 165888K, used 77741K [0x0000000080000000, 0x0000000100000000)
  region size 1024K, 4 young (4096K), 4 survivors (4096K)
 Metaspace       used 87600K, capacity 89761K, committed 90060K, reserved 1128448K
  class space    used 11050K, capacity 11647K, committed 11724K, reserved 1048576K
}
Event: 335.788 GC heap before
{Heap before GC invocations=62 (full 0):
 garbage-first heap   total 165888K, used 120749K [0x0000000080000000, 0x0000000100000000)
  region size 1024K, 46 young (47104K), 4 survivors (4096K)
 Metaspace       used 90619K, capacity 92687K, committed 93004K, reserved 1130496K
  class space    used 11398K, capacity 12021K, committed 12108K, reserved 1048576K
}
Event: 335.833 GC heap after
{Heap after GC invocations=63 (full 0):
 garbage-first heap   total 165888K, used 80838K [0x0000000080000000, 0x0000000100000000)
  region size 1024K, 5 young (5120K), 5 survivors (5120K)
 Metaspace       used 90619K, capacity 92687K, committed 93004K, reserved 1130496K
  class space    used 11398K, capacity 12021K, committed 12108K, reserved 1048576K
}
Event: 471.834 GC heap before
{Heap before GC invocations=63 (full 0):
 garbage-first heap   total 165888K, used 124870K [0x0000000080000000, 0x0000000100000000)
  region size 1024K, 49 young (50176K), 5 survivors (5120K)
 Metaspace       used 95178K, capacity 97522K, committed 97740K, reserved 1134592K
  class space    used 11785K, capacity 12461K, committed 12492K, reserved 1048576K
}
Event: 471.879 GC heap after
{Heap after GC invocations=64 (full 0):
 garbage-first heap   total 165888K, used 84992K [0x0000000080000000, 0x0000000100000000)
  region size 1024K, 7 young (7168K), 7 survivors (7168K)
 Metaspace       used 95178K, capacity 97522K, committed 97740K, reserved 1134592K
  class space    used 11785K, capacity 12461K, committed 12492K, reserved 1048576K
}
Event: 476.482 GC heap before
{Heap before GC invocations=65 (full 0):
 garbage-first heap   total 165888K, used 112640K [0x0000000080000000, 0x0000000100000000)
  region size 1024K, 36 young (36864K), 7 survivors (7168K)
 Metaspace       used 95379K, capacity 97690K, committed 97868K, reserved 1134592K
  class space    used 11797K, capacity 12488K, committed 12620K, reserved 1048576K
}
Event: 476.539 GC heap after
{Heap after GC invocations=66 (full 0):
 garbage-first heap   total 165888K, used 86597K [0x0000000080000000, 0x0000000100000000)
  region size 1024K, 2 young (2048K), 2 survivors (2048K)
 Metaspace       used 95379K, capacity 97690K, committed 97868K, reserved 1134592K
  class space    used 11797K, capacity 12488K, committed 12620K, reserved 1048576K
}
Event: 481.498 GC heap before
{Heap before GC invocations=67 (full 0):
 garbage-first heap   total 165888K, used 125509K [0x0000000080000000, 0x0000000100000000)
  region size 1024K, 40 young (40960K), 2 survivors (2048K)
 Metaspace       used 96637K, capacity 98975K, committed 99276K, reserved 1136640K
  class space    used 11940K, capacity 12672K, committed 12748K, reserved 1048576K
}
Event: 481.527 GC heap after
{Heap after GC invocations=68 (full 0):
 garbage-first heap   total 165888K, used 88395K [0x0000000080000000, 0x0000000100000000)
  region size 1024K, 4 young (4096K), 4 survivors (4096K)
 Metaspace       used 96637K, capacity 98975K, committed 99276K, reserved 1136640K
  class space    used 11940K, capacity 12672K, committed 12748K, reserved 1048576K
}
Event: 481.801 GC heap before
{Heap before GC invocations=68 (full 0):
 garbage-first heap   total 165888K, used 91467K [0x0000000080000000, 0x0000000100000000)
  region size 1024K, 8 young (8192K), 4 survivors (4096K)
 Metaspace       used 96643K, capacity 98975K, committed 99276K, reserved 1136640K
  class space    used 11940K, capacity 12672K, committed 12748K, reserved 1048576K
}
Event: 481.828 GC heap after
{Heap after GC invocations=69 (full 0):
 garbage-first heap   total 165888K, used 87333K [0x0000000080000000, 0x0000000100000000)
  region size 1024K, 1 young (1024K), 1 survivors (1024K)
 Metaspace       used 96643K, capacity 98975K, committed 99276K, reserved 1136640K
  class space    used 11940K, capacity 12672K, committed 12748K, reserved 1048576K
}

Deoptimization events (20 events):
Event: 481.412 Thread 0x00000202add7f000 Uncommon trap: trap_request=0xffffff4d fr.pc=0x000002029ef9f4f8 relative=0x0000000000000518
Event: 481.412 Thread 0x00000202add7f000 Uncommon trap: reason=unstable_if action=reinterpret pc=0x000002029ef9f4f8 method=com.esotericsoftware.kryo.io.Output.writeString(Ljava/lang/CharSequence;)V @ 50 c2
Event: 481.412 Thread 0x00000202add7f000 DEOPT PACKING pc=0x000002029ef9f4f8 sp=0x00000098f63fded0
Event: 481.412 Thread 0x00000202add7f000 DEOPT UNPACKING pc=0x0000020296fc68a9 sp=0x00000098f63fddf8 mode 2
Event: 481.412 Thread 0x00000202add7f000 Uncommon trap: trap_request=0xffffff4d fr.pc=0x000002029ec963b4 relative=0x0000000000000234
Event: 481.412 Thread 0x00000202add7f000 Uncommon trap: reason=unstable_if action=reinterpret pc=0x000002029ec963b4 method=com.esotericsoftware.kryo.io.Output.writeString(Ljava/lang/CharSequence;)V @ 50 c2
Event: 481.412 Thread 0x00000202add7f000 DEOPT PACKING pc=0x000002029ec963b4 sp=0x00000098f63fde70
Event: 481.412 Thread 0x00000202add7f000 DEOPT UNPACKING pc=0x0000020296fc68a9 sp=0x00000098f63fde00 mode 2
Event: 481.421 Thread 0x00000202aeff8000 DEOPT PACKING pc=0x0000020298b63d84 sp=0x00000098f62fdd40
Event: 481.421 Thread 0x00000202aeff8000 DEOPT UNPACKING pc=0x0000020296fc66bf sp=0x00000098f62fd1b8 mode 0
Event: 481.533 Thread 0x00000202add7f000 Uncommon trap: trap_request=0xfffffff4 fr.pc=0x000002029efc9ab8 relative=0x00000000000037d8
Event: 481.533 Thread 0x00000202add7f000 Uncommon trap: reason=null_check action=make_not_entrant pc=0x000002029efc9ab8 method=com.google.common.collect.MapMakerInternalMap$Segment.reclaimKey(Lcom/google/common/collect/MapMakerInternalMap$InternalEntry;I)Z @ 35 c2
Event: 481.533 Thread 0x00000202add7f000 DEOPT PACKING pc=0x000002029efc9ab8 sp=0x00000098f63fdd10
Event: 481.533 Thread 0x00000202add7f000 DEOPT UNPACKING pc=0x0000020296fc68a9 sp=0x00000098f63fda28 mode 2
Event: 481.797 Thread 0x00000202aeff8000 DEOPT PACKING pc=0x0000020298597810 sp=0x00000098f62fb680
Event: 481.797 Thread 0x00000202aeff8000 DEOPT UNPACKING pc=0x0000020296fc66bf sp=0x00000098f62fab80 mode 0
Event: 483.886 Thread 0x00000202aeff8000 Uncommon trap: trap_request=0xffffff4d fr.pc=0x000002029eb99d1c relative=0x000000000000055c
Event: 483.887 Thread 0x00000202aeff8000 Uncommon trap: reason=unstable_if action=reinterpret pc=0x000002029eb99d1c method=java.io.BufferedWriter.min(II)I @ 2 c2
Event: 483.887 Thread 0x00000202aeff8000 DEOPT PACKING pc=0x000002029eb99d1c sp=0x00000098f62fbc80
Event: 483.887 Thread 0x00000202aeff8000 DEOPT UNPACKING pc=0x0000020296fc68a9 sp=0x00000098f62fbbb0 mode 2

Classes redefined (0 events):
No events

Internal exceptions (20 events):
Event: 470.812 Thread 0x00000202aefeb800 Exception <a 'java/lang/ClassNotFoundException'{0x0000000087c445d8}: org/gradle/api/internal/file/CompositeFileCollectionCustomizer> (0x0000000087c445d8) thrown at [./src/hotspot/share/classfile/systemDictionary.cpp, line 231]
Event: 470.814 Thread 0x00000202aefeb800 Exception <a 'java/lang/ClassNotFoundException'{0x0000000087c5e458}: org/gradle/api/internal/file/CompositeFileTreeCustomizer> (0x0000000087c5e458) thrown at [./src/hotspot/share/classfile/systemDictionary.cpp, line 231]
Event: 470.818 Thread 0x00000202aefeb800 Exception <a 'java/lang/ClassNotFoundException'{0x0000000087c77a78}: org/gradle/api/internal/file/collections/DefaultConfigurableFileTreeCustomizer> (0x0000000087c77a78) thrown at [./src/hotspot/share/classfile/systemDictionary.cpp, line 231]
Event: 471.264 Thread 0x00000202aeff1800 Exception <a 'java/lang/NoSuchMethodError'{0x0000000088f9c3b0}: <clinit>> (0x0000000088f9c3b0) thrown at [./src/hotspot/share/prims/jni.cpp, line 1362]
Event: 471.264 Thread 0x00000202aeff1800 Exception <a 'java/lang/NoSuchMethodError'{0x0000000088f9d9f8}: <clinit>> (0x0000000088f9d9f8) thrown at [./src/hotspot/share/prims/jni.cpp, line 1362]
Event: 471.266 Thread 0x00000202aeff1800 Exception <a 'java/lang/NoSuchMethodError'{0x0000000088fa7200}: <clinit>> (0x0000000088fa7200) thrown at [./src/hotspot/share/prims/jni.cpp, line 1362]
Event: 471.268 Thread 0x00000202aeff1800 Exception <a 'java/lang/NoSuchMethodError'{0x00000000879d0148}: <clinit>> (0x00000000879d0148) thrown at [./src/hotspot/share/prims/jni.cpp, line 1362]
Event: 471.271 Thread 0x00000202aeff1800 Exception <a 'java/lang/NoSuchMethodError'{0x00000000879d7f88}: <clinit>> (0x00000000879d7f88) thrown at [./src/hotspot/share/prims/jni.cpp, line 1362]
Event: 471.487 Thread 0x00000202aeff1800 Exception <a 'java/lang/NoSuchMethodError'{0x00000000879e1328}: <clinit>> (0x00000000879e1328) thrown at [./src/hotspot/share/prims/jni.cpp, line 1362]
Event: 471.496 Thread 0x00000202aeff1800 Exception <a 'java/lang/NoSuchMethodError'{0x0000000087841968}: <clinit>> (0x0000000087841968) thrown at [./src/hotspot/share/prims/jni.cpp, line 1362]
Event: 471.497 Thread 0x00000202aeff1800 Exception <a 'java/lang/NoSuchMethodError'{0x0000000087842c20}: <clinit>> (0x0000000087842c20) thrown at [./src/hotspot/share/prims/jni.cpp, line 1362]
Event: 471.497 Thread 0x00000202aeff1800 Exception <a 'java/lang/NoSuchMethodError'{0x0000000087844190}: <clinit>> (0x0000000087844190) thrown at [./src/hotspot/share/prims/jni.cpp, line 1362]
Event: 474.724 Thread 0x00000202aeff1800 Exception <a 'java/lang/NoSuchMethodError'{0x000000008a11a460}: <clinit>> (0x000000008a11a460) thrown at [./src/hotspot/share/prims/jni.cpp, line 1362]
Event: 478.828 Thread 0x00000202aefeb800 Exception <a 'java/lang/NoSuchMethodError'{0x0000000088bb8b40}: <clinit>> (0x0000000088bb8b40) thrown at [./src/hotspot/share/prims/jni.cpp, line 1362]
Event: 481.533 Thread 0x00000202add7f000 Implicit null exception at 0x000002029efc79ef to 0x000002029efc9a74
Event: 483.002 Thread 0x00000202aeff8000 Exception <a 'java/lang/NoSuchMethodError'{0x0000000089a27c10}: 'void java.lang.invoke.DirectMethodHandle$Holder.invokeStatic(java.lang.Object, long)'> (0x0000000089a27c10) thrown at [./src/hotspot/share/interpreter/linkResolver.cpp, line 773]
Event: 483.004 Thread 0x00000202aeff8000 Exception <a 'java/lang/NoSuchMethodError'{0x0000000089a2d490}: 'java.lang.Object java.lang.invoke.DirectMethodHandle$Holder.invokeStatic(java.lang.Object, long)'> (0x0000000089a2d490) thrown at [./src/hotspot/share/interpreter/linkResolver.cpp, line 773]
Event: 483.005 Thread 0x00000202aeff8000 Exception <a 'java/lang/NoSuchMethodError'{0x0000000089a30d08}: 'java.lang.Object java.lang.invoke.DirectMethodHandle$Holder.invokeSpecial(java.lang.Object, java.lang.Object, long)'> (0x0000000089a30d08) thrown at [./src/hotspot/share/interpreter/linkResolver.cpp, line 773]
Event: 483.013 Thread 0x00000202aeff8000 Exception <a 'java/lang/NoSuchMethodError'{0x0000000089a38d90}: 'java.lang.Object java.lang.invoke.DirectMethodHandle$Holder.invokeStatic(java.lang.Object, java.lang.Object, long, java.lang.Object)'> (0x0000000089a38d90) thrown at [./src/hotspot/share/interpreter/linkResolver.cpp, line 773]
Event: 483.015 Thread 0x00000202aeff8000 Exception <a 'java/lang/NoSuchMethodError'{0x0000000089a3c3c8}: 'java.lang.Object java.lang.invoke.DirectMethodHandle$Holder.invokeStaticInit(java.lang.Object, java.lang.Object, long, java.lang.Object)'> (0x0000000089a3c3c8) thrown at [./src/hotspot/share/interpreter/linkResolver.cpp, line 773]

Events (20 events):
Event: 483.868 loading class kotlin/comparisons/ComparisonsKt
Event: 483.868 loading class kotlin/comparisons/ComparisonsKt done
Event: 483.869 loading class kotlin/comparisons/ComparisonsKt
Event: 483.869 loading class kotlin/comparisons/ComparisonsKt done
Event: 483.870 Executing VM operation: RevokeBias
Event: 483.870 Executing VM operation: RevokeBias done
Event: 483.870 Executing VM operation: RevokeBias
Event: 483.870 Executing VM operation: RevokeBias done
Event: 483.871 loading class kotlin/comparisons/ComparisonsKt___ComparisonsKt
Event: 483.871 loading class kotlin/comparisons/ComparisonsKt___ComparisonsKt done
Event: 483.871 loading class kotlin/comparisons/ComparisonsKt___ComparisonsJvmKt
Event: 483.871 loading class kotlin/comparisons/ComparisonsKt___ComparisonsJvmKt done
Event: 483.873 loading class kotlin/comparisons/ComparisonsKt__ComparisonsKt
Event: 483.873 loading class kotlin/comparisons/ComparisonsKt__ComparisonsKt done
Event: 483.880 loading class com/android/builder/internal/aapt/AaptUtils
Event: 483.880 loading class com/android/builder/internal/aapt/AaptUtils done
Event: 483.883 loading class com/google/common/collect/Iterables$4
Event: 483.883 loading class com/google/common/collect/Iterables$4 done
Event: 483.886 Executing VM operation: RevokeBias
Event: 483.887 Executing VM operation: RevokeBias done


Dynamic libraries:
0x00007ff663de0000 - 0x00007ff663dea000 	D:\waseem\4. ELECTIVES MOBILE APP\Android Studio\jre\bin\java.exe
0x00007ffac4a50000 - 0x00007ffac4c2b000 	C:\WINDOWS\SYSTEM32\ntdll.dll
0x00007ffac4410000 - 0x00007ffac44be000 	C:\WINDOWS\System32\KERNEL32.DLL
0x00007ffac1cf0000 - 0x00007ffac1f3a000 	C:\WINDOWS\System32\KERNELBASE.dll
0x00007ffac0f70000 - 0x00007ffac1066000 	C:\WINDOWS\System32\ucrtbase.dll
0x00007ffab0930000 - 0x00007ffab0949000 	D:\waseem\4. ELECTIVES MOBILE APP\Android Studio\jre\bin\jli.dll
0x00007ffab3670000 - 0x00007ffab3687000 	D:\waseem\4. ELECTIVES MOBILE APP\Android Studio\jre\bin\VCRUNTIME140.dll
0x00007ffac3ce0000 - 0x00007ffac3e2a000 	C:\WINDOWS\System32\USER32.dll
0x00007ffac1f90000 - 0x00007ffac1fae000 	C:\WINDOWS\System32\win32u.dll
0x00007ffac26c0000 - 0x00007ffac26e7000 	C:\WINDOWS\System32\GDI32.dll
0x00007ffac1070000 - 0x00007ffac11f8000 	C:\WINDOWS\System32\gdi32full.dll
0x00007ffac1480000 - 0x00007ffac151a000 	C:\WINDOWS\System32\msvcp_win.dll
0x00007ffab4130000 - 0x00007ffab4397000 	C:\WINDOWS\WinSxS\amd64_microsoft.windows.common-controls_6595b64144ccf1df_6.0.15063.1155_none_40c7922129a7722b\COMCTL32.dll
0x00007ffac48a0000 - 0x00007ffac493d000 	C:\WINDOWS\System32\msvcrt.dll
0x00007ffac40b0000 - 0x00007ffac43a9000 	C:\WINDOWS\System32\combase.dll
0x00007ffac4570000 - 0x00007ffac4695000 	C:\WINDOWS\System32\RPCRT4.dll
0x00007ffac1c80000 - 0x00007ffac1cea000 	C:\WINDOWS\System32\bcryptPrimitives.dll
0x00007ffac4540000 - 0x00007ffac456d000 	C:\WINDOWS\System32\IMM32.DLL
0x00007ffa99250000 - 0x00007ffa992ed000 	D:\waseem\4. ELECTIVES MOBILE APP\Android Studio\jre\bin\msvcp140.dll
0x00007ffa7a070000 - 0x00007ffa7ab2c000 	D:\waseem\4. ELECTIVES MOBILE APP\Android Studio\jre\bin\server\jvm.dll
0x00007ffac49a0000 - 0x00007ffac4a41000 	C:\WINDOWS\System32\ADVAPI32.dll
0x00007ffac4940000 - 0x00007ffac4999000 	C:\WINDOWS\System32\sechost.dll
0x00007ffac40a0000 - 0x00007ffac40a8000 	C:\WINDOWS\System32\PSAPI.DLL
0x00007ffab49b0000 - 0x00007ffab49b9000 	C:\WINDOWS\SYSTEM32\WSOCK32.dll
0x00007ffac3ee0000 - 0x00007ffac3f4c000 	C:\WINDOWS\System32\WS2_32.dll
0x00007ffabf520000 - 0x00007ffabf543000 	C:\WINDOWS\SYSTEM32\WINMM.dll
0x00007ffab37e0000 - 0x00007ffab37ea000 	C:\WINDOWS\SYSTEM32\VERSION.dll
0x00007ffabf470000 - 0x00007ffabf49b000 	C:\WINDOWS\SYSTEM32\winmmbase.dll
0x00007ffac1f40000 - 0x00007ffac1f89000 	C:\WINDOWS\System32\cfgmgr32.dll
0x00007ffac0f50000 - 0x00007ffac0f61000 	C:\WINDOWS\System32\kernel.appcore.dll
0x00007ffab3610000 - 0x00007ffab3621000 	D:\waseem\4. ELECTIVES MOBILE APP\Android Studio\jre\bin\verify.dll
0x00007ffabb550000 - 0x00007ffabb6f9000 	C:\WINDOWS\SYSTEM32\DBGHELP.DLL
0x00007ffaaf600000 - 0x00007ffaaf629000 	C:\WINDOWS\SYSTEM32\dbgcore.DLL
0x00007ffaae690000 - 0x00007ffaae6b9000 	D:\waseem\4. ELECTIVES MOBILE APP\Android Studio\jre\bin\java.dll
0x00007ffabaf10000 - 0x00007ffabaf1b000 	D:\waseem\4. ELECTIVES MOBILE APP\Android Studio\jre\bin\jimage.dll
0x00007ffab1310000 - 0x00007ffab1328000 	D:\waseem\4. ELECTIVES MOBILE APP\Android Studio\jre\bin\zip.dll
0x00007ffac28a0000 - 0x00007ffac3cd8000 	C:\WINDOWS\System32\SHELL32.dll
0x00007ffac3e30000 - 0x00007ffac3eda000 	C:\WINDOWS\System32\shcore.dll
0x00007ffac1520000 - 0x00007ffac1c11000 	C:\WINDOWS\System32\windows.storage.dll
0x00007ffac1fb0000 - 0x00007ffac2001000 	C:\WINDOWS\System32\shlwapi.dll
0x00007ffac0ec0000 - 0x00007ffac0f0c000 	C:\WINDOWS\System32\powrprof.dll
0x00007ffac0f10000 - 0x00007ffac0f25000 	C:\WINDOWS\System32\profapi.dll
0x00007ffa9df80000 - 0x00007ffa9df9a000 	D:\waseem\4. ELECTIVES MOBILE APP\Android Studio\jre\bin\net.dll
0x00007ffab47a0000 - 0x00007ffab4876000 	C:\WINDOWS\SYSTEM32\WINHTTP.dll
0x00007ffac0770000 - 0x00007ffac07cc000 	C:\WINDOWS\system32\mswsock.dll
0x00007ffa9a880000 - 0x00007ffa9a894000 	D:\waseem\4. ELECTIVES MOBILE APP\Android Studio\jre\bin\nio.dll
0x00007ffaac330000 - 0x00007ffaac34e000 	C:\Users\wasee\.gradle\native\25\windows-amd64\native-platform.dll
0x00007ffab3fb0000 - 0x00007ffab3fba000 	D:\waseem\4. ELECTIVES MOBILE APP\Android Studio\jre\bin\management.dll
0x00007ffab3e40000 - 0x00007ffab3e4c000 	D:\waseem\4. ELECTIVES MOBILE APP\Android Studio\jre\bin\management_ext.dll
0x00007ffac0920000 - 0x00007ffac0937000 	C:\WINDOWS\SYSTEM32\CRYPTSP.dll
0x00007ffac0380000 - 0x00007ffac03b4000 	C:\WINDOWS\system32\rsaenh.dll
0x00007ffac0d90000 - 0x00007ffac0db5000 	C:\WINDOWS\SYSTEM32\bcrypt.dll
0x00007ffac0dc0000 - 0x00007ffac0de9000 	C:\WINDOWS\SYSTEM32\USERENV.dll
0x00007ffac0910000 - 0x00007ffac091b000 	C:\WINDOWS\SYSTEM32\CRYPTBASE.dll
0x00007ffac0510000 - 0x00007ffac0547000 	C:\WINDOWS\SYSTEM32\IPHLPAPI.DLL
0x00007ffac46a0000 - 0x00007ffac46a8000 	C:\WINDOWS\System32\NSI.dll
0x00007ffab2af0000 - 0x00007ffab2b06000 	C:\WINDOWS\SYSTEM32\dhcpcsvc6.DLL
0x00007ffab2ad0000 - 0x00007ffab2aea000 	C:\WINDOWS\SYSTEM32\dhcpcsvc.DLL
0x00007ffab3410000 - 0x00007ffab3437000 	D:\waseem\4. ELECTIVES MOBILE APP\Android Studio\jre\bin\sunec.dll
0x00007ffac0550000 - 0x00007ffac05f4000 	C:\WINDOWS\SYSTEM32\DNSAPI.dll
0x000000006e8e0000 - 0x000000006e906000 	C:\Program Files\Bonjour\mdnsNSP.dll
0x00007ffaaf640000 - 0x00007ffaaf64a000 	C:\Windows\System32\rasadhlp.dll
0x00007ffab2e80000 - 0x00007ffab2eeb000 	C:\WINDOWS\System32\fwpuclnt.dll

dbghelp: loaded successfully - version: 4.0.5 - missing functions: none
symbol engine: initialized successfully - sym options: 0x614 - pdb path: .;D:\waseem\4. ELECTIVES MOBILE APP\Android Studio\jre\bin;C:\WINDOWS\SYSTEM32;C:\WINDOWS\WinSxS\amd64_microsoft.windows.common-controls_6595b64144ccf1df_6.0.15063.1155_none_40c7922129a7722b;D:\waseem\4. ELECTIVES MOBILE APP\Android Studio\jre\bin\server;C:\Users\wasee\.gradle\native\25\windows-amd64;C:\Program Files\Bonjour

VM Arguments:
jvm_args: --add-opens=java.base/java.util=ALL-UNNAMED --add-opens=java.base/java.lang=ALL-UNNAMED --add-opens=java.base/java.lang.invoke=ALL-UNNAMED --add-opens=java.prefs/java.util.prefs=ALL-UNNAMED -Xmx2048m -Dfile.encoding=UTF-8 -Duser.country=ZA -Duser.language=en -Duser.variant 
java_command: org.gradle.launcher.daemon.bootstrap.GradleDaemon 5.1.1
java_class_path (initial): C:\Users\wasee\.gradle\wrapper\dists\gradle-5.1.1-bin\90y9l8txxfw1s2o6ctiqeruwn\gradle-5.1.1\lib\gradle-launcher-5.1.1.jar
Launcher Type: SUN_STANDARD

[Global flags]
     intx CICompilerCount                          = 2                                         {product} {ergonomic}
     uint ConcGCThreads                            = 1                                         {product} {ergonomic}
     uint G1ConcRefinementThreads                  = 2                                         {product} {ergonomic}
   size_t G1HeapRegionSize                         = 1048576                                   {product} {ergonomic}
    uintx GCDrainStackTargetSize                   = 64                                        {product} {ergonomic}
   size_t InitialHeapSize                          = 67108864                                  {product} {ergonomic}
   size_t MarkStackSize                            = 4194304                                   {product} {ergonomic}
   size_t MaxHeapSize                              = 2147483648                                {product} {command line}
   size_t MaxNewSize                               = 1287651328                                {product} {ergonomic}
   size_t MinHeapDeltaBytes                        = 1048576                                   {product} {ergonomic}
    uintx NonNMethodCodeHeapSize                   = 5825164                                {pd product} {ergonomic}
    uintx NonProfiledCodeHeapSize                  = 122916538                              {pd product} {ergonomic}
    uintx ProfiledCodeHeapSize                     = 122916538                              {pd product} {ergonomic}
    uintx ReservedCodeCacheSize                    = 251658240                              {pd product} {ergonomic}
     bool SegmentedCodeCache                       = true                                      {product} {ergonomic}
     bool UseCompressedClassPointers               = true                                 {lp64_product} {ergonomic}
     bool UseCompressedOops                        = true                                 {lp64_product} {ergonomic}
     bool UseG1GC                                  = true                                      {product} {ergonomic}
     bool UseLargePagesIndividualAllocation        = false                                  {pd product} {ergonomic}

Logging:
Log output configuration:
 #0: stdout all=warning uptime,level,tags
 #1: stderr all=off uptime,level,tags

Environment Variables:
PATH=C:\Program Files\Common Files\Oracle\Java\javapath;C:\Program Files (x86)\Common Files\Oracle\Java\javapath;C:\Program Files\OpenJDK\jdk-11.0.8.10-hotspot\bin;C:\Program Files (x86)\Intel\TXE Components\TCS\;C:\Program Files\Intel\TXE Components\TCS\;C:\WINDOWS\system32;C:\WINDOWS;C:\WINDOWS\System32\Wbem;C:\WINDOWS\System32\WindowsPowerShell\v1.0\;C:\Program Files\Intel\TXE Components\DAL\;C:\Program Files (x86)\Intel\TXE Components\DAL\;C:\Program Files\Intel\TXE Components\IPT\;C:\Program Files (x86)\Intel\TXE Components\IPT\;C:\Users\wasee\AppData\Local\Microsoft\WindowsApps;
USERNAME=wasee
OS=Windows_NT
PROCESSOR_IDENTIFIER=Intel64 Family 6 Model 76 Stepping 4, GenuineIntel



---------------  S Y S T E M  ---------------

OS: Windows 10 , 64 bit Build 15063 (10.0.15063.1058)
OS uptime: 0 days 3:45 hours

CPU:total 2 (initial active 2) (2 cores per cpu, 1 threads per core) family 6 model 76 stepping 4, cmov, cx8, fxsr, mmx, sse, sse2, sse3, ssse3, sse4.1, sse4.2, popcnt, aes, clmul, erms, 3dnowpref, tsc, tscinvbit

Memory: 4k page, system-wide physical 4002M (257M free)
TotalPageFile size 4573M (AvailPageFile size 0M)
current process WorkingSet (physical memory assigned to process): 385M, peak: 414M
current process commit charge ("private bytes"): 404M, peak: 433M

vm_info: OpenJDK 64-Bit Server VM (11.0.8+10-b944.6842174) for windows-amd64 JRE (11.0.8+10-b944.6842174), built on Sep 19 2020 01:11:42 by "builder" with MS VC++ 14.0 (VS2015)

END.
