#
# There is insufficient memory for the Java Runtime Environment to continue.
# Native memory allocation (mmap) failed to map 344981504 bytes for Failed to commit area from 0x0000000095f00000 to 0x00000000aa800000 of length 344981504.
# Possible reasons:
#   The system is out of physical RAM or swap space
#   The process is running with CompressedOops enabled, and the Java Heap may be blocking the growth of the native heap
# Possible solutions:
#   Reduce memory load on the system
#   Increase physical memory or swap space
#   Check if swap backing store is full
#   Decrease Java heap size (-Xmx/-Xms)
#   Decrease number of Java threads
#   Decrease Java thread stack sizes (-Xss)
#   Set larger code cache with -XX:ReservedCodeCacheSize=
#   JVM is running with Unscaled Compressed Oops mode in which the Java heap is
#     placed in the first 4GB address space. The Java Heap base address is the
#     maximum limit for the native heap growth. Please use -XX:HeapBaseMinAddress
#     to set the Java Heap base and to place the Java Heap above 4GB virtual address.
# This output file may be truncated or incomplete.
#
#  Out of Memory Error (./src/hotspot/os/windows/os_windows.cpp:3303), pid=7944, tid=4600
#
# JRE version: OpenJDK Runtime Environment (11.0.8+10) (build 11.0.8+10-b944.6842174)
# Java VM: OpenJDK 64-Bit Server VM (11.0.8+10-b944.6842174, mixed mode, tiered, compressed oops, g1 gc, windows-amd64)
# No core dump will be written. Minidumps are not enabled by default on client versions of Windows
#

---------------  S U M M A R Y ------------

Command Line: --add-opens=java.base/java.util=ALL-UNNAMED --add-opens=java.base/java.lang=ALL-UNNAMED --add-opens=java.base/java.lang.invoke=ALL-UNNAMED --add-opens=java.prefs/java.util.prefs=ALL-UNNAMED -Xmx2048m -Dfile.encoding=UTF-8 -Duser.country=ZA -Duser.language=en -Duser.variant org.gradle.launcher.daemon.bootstrap.GradleDaemon 5.1.1

Host: Intel(R) Celeron(R) CPU  N3060  @ 1.60GHz, 2 cores, 3G,  Windows 10 , 64 bit Build 15063 (10.0.15063.1058)
Time: Mon Sep 20 18:01:03 2021 South Africa Standard Time elapsed time: 4069 seconds (0d 1h 7m 49s)

---------------  T H R E A D  ---------------

Current thread (0x00000292b2b5a800):  VMThread "VM Thread" [stack: 0x000000ea18b00000,0x000000ea18c00000] [id=4600]

Stack: [0x000000ea18b00000,0x000000ea18c00000]
[error occurred during error reporting (printing stack bounds), id 0xc0000005, EXCEPTION_ACCESS_VIOLATION (0xc0000005) at pc=0x000002929cfc0dbd]

Native frames: (J=compiled Java code, j=interpreted, Vv=VM code, C=native code)
V  [jvm.dll+0x5de50a]
V  [jvm.dll+0x7122f5]
V  [jvm.dll+0x71384d]
V  [jvm.dll+0x713e65]
V  [jvm.dll+0x713e1b]
V  [jvm.dll+0x5dd958]
V  [jvm.dll+0x5de0f8]
C  [ntdll.dll+0xa9ffd]
C  [ntdll.dll+0x351c8]
C  [ntdll.dll+0xa907e]
C  0x000002929cfc0dbd

VM_Operation (0x000000ea212fdea0): G1CollectForAllocation, mode: safepoint, requested by thread 0x00000292bcb08800


---------------  P R O C E S S  ---------------

Threads class SMR info:
_java_thread_list=0x00000292b7899fc0, length=44, elements={
0x0000029299649800, 0x00000292b2b5e000, 0x00000292b2b60000, 0x00000292b34d1800,
0x00000292b34d2800, 0x00000292b34d3800, 0x00000292b34d8800, 0x00000292b34d9800,
0x00000292b361f800, 0x00000292b364f800, 0x00000292b465e800, 0x00000292b4cd1000,
0x00000292b4b99000, 0x00000292b448d000, 0x00000292b448e800, 0x00000292b448d800,
0x00000292b9408800, 0x00000292b940f800, 0x00000292b940f000, 0x00000292b4491000,
0x00000292b448c000, 0x00000292b940a000, 0x00000292b9407800, 0x00000292b9409000,
0x00000292b9406800, 0x00000292b9404800, 0x00000292b940b000, 0x00000292b9405000,
0x00000292b940b800, 0x00000292b9406000, 0x00000292b940d800, 0x00000292b9412000,
0x00000292b940e000, 0x00000292b9410800, 0x00000292b9411800, 0x00000292b940c800,
0x00000292b9413000, 0x00000292bcb01800, 0x00000292bcb05800, 0x00000292bcb06000,
0x00000292bcb08000, 0x00000292bcb02000, 0x00000292bcb08800, 0x00000292bcb03800
}

Java Threads: ( => current thread )
  0x0000029299649800 JavaThread "main" [_thread_blocked, id=6756, stack(0x000000ea18500000,0x000000ea18600000)]
  0x00000292b2b5e000 JavaThread "Reference Handler" daemon [_thread_blocked, id=7636, stack(0x000000ea18c00000,0x000000ea18d00000)]
  0x00000292b2b60000 JavaThread "Finalizer" daemon [_thread_blocked, id=9364, stack(0x000000ea18d00000,0x000000ea18e00000)]
  0x00000292b34d1800 JavaThread "Signal Dispatcher" daemon [_thread_blocked, id=7908, stack(0x000000ea18f00000,0x000000ea19000000)]
  0x00000292b34d2800 JavaThread "Attach Listener" daemon [_thread_blocked, id=3652, stack(0x000000ea19000000,0x000000ea19100000)]
  0x00000292b34d3800 JavaThread "C2 CompilerThread0" daemon [_thread_blocked, id=7308, stack(0x000000ea19100000,0x000000ea19200000)]
  0x00000292b34d8800 JavaThread "C1 CompilerThread0" daemon [_thread_blocked, id=9140, stack(0x000000ea19200000,0x000000ea19300000)]
  0x00000292b34d9800 JavaThread "Sweeper thread" daemon [_thread_blocked, id=7288, stack(0x000000ea19300000,0x000000ea19400000)]
  0x00000292b361f800 JavaThread "Common-Cleaner" daemon [_thread_blocked, id=9128, stack(0x000000ea19400000,0x000000ea19500000)]
  0x00000292b364f800 JavaThread "Service Thread" daemon [_thread_blocked, id=9400, stack(0x000000ea19500000,0x000000ea19600000)]
  0x00000292b465e800 JavaThread "Incoming local TCP Connector on port 64194" [_thread_in_native, id=7932, stack(0x000000ea19800000,0x000000ea19900000)]
  0x00000292b4cd1000 JavaThread "Daemon periodic checks" [_thread_blocked, id=400, stack(0x000000ea19900000,0x000000ea19a00000)]
  0x00000292b4b99000 JavaThread "Cache worker for file hash cache (C:\Users\wasee\.gradle\caches\5.1.1\fileHashes)" [_thread_blocked, id=3832, stack(0x000000ea1a100000,0x000000ea1a200000)]
  0x00000292b448d000 JavaThread "File lock request listener" [_thread_in_native, id=7616, stack(0x000000ea1a200000,0x000000ea1a300000)]
  0x00000292b448e800 JavaThread "Cache worker for journal cache (C:\Users\wasee\.gradle\caches\journal-1)" [_thread_blocked, id=8148, stack(0x000000ea1a300000,0x000000ea1a400000)]
  0x00000292b448d800 JavaThread "Cache worker for execution history cache (C:\Users\wasee\.gradle\caches\5.1.1\executionHistory)" [_thread_blocked, id=1120, stack(0x000000ea1a700000,0x000000ea1a800000)]
  0x00000292b9408800 JavaThread "Memory manager" [_thread_blocked, id=8536, stack(0x000000ea1ac00000,0x000000ea1ad00000)]
  0x00000292b940f800 JavaThread "Cache worker for file content cache (C:\Users\wasee\.gradle\caches\5.1.1\fileContent)" [_thread_blocked, id=4620, stack(0x000000ea1bc00000,0x000000ea1bd00000)]
  0x00000292b940f000 JavaThread "ForkJoinPool.commonPool-worker-3" daemon [_thread_blocked, id=4224, stack(0x000000ea1c000000,0x000000ea1c100000)]
  0x00000292b4491000 JavaThread "Java2D Disposer" daemon [_thread_blocked, id=3912, stack(0x000000ea1c400000,0x000000ea1c500000)]
  0x00000292b448c000 JavaThread "Cache worker for Java compile cache (C:\Users\wasee\.gradle\caches\5.1.1\javaCompile)" [_thread_blocked, id=6036, stack(0x000000ea1de00000,0x000000ea1df00000)]
  0x00000292b940a000 JavaThread "Daemon Thread 5" [_thread_blocked, id=836, stack(0x000000ea1fd00000,0x000000ea1fe00000)]
  0x00000292b9407800 JavaThread "Handler for socket connection from /127.0.0.1:64194 to /127.0.0.1:61903" [_thread_in_native, id=8000, stack(0x000000ea1fe00000,0x000000ea1ff00000)]
  0x00000292b9409000 JavaThread "Cancel handler" [_thread_blocked, id=32, stack(0x000000ea1ff00000,0x000000ea20000000)]
  0x00000292b9406800 JavaThread "Daemon worker Thread 5" [_thread_blocked, id=7956, stack(0x000000ea20000000,0x000000ea20100000)]
  0x00000292b9404800 JavaThread "Asynchronous log dispatcher for DefaultDaemonConnection: socket connection from /127.0.0.1:64194 to /127.0.0.1:61903" [_thread_blocked, id=8140, stack(0x000000ea20100000,0x000000ea20200000)]
  0x00000292b940b000 JavaThread "Stdin handler" [_thread_blocked, id=8848, stack(0x000000ea20200000,0x000000ea20300000)]
  0x00000292b9405000 JavaThread "Thread-73" [_thread_blocked, id=2440, stack(0x000000ea20300000,0x000000ea20400000)]
  0x00000292b940b800 JavaThread "Cache worker for file hash cache (C:\Users\wasee\AndroidStudioProjects\TimeManagementTool\.gradle\5.1.1\fileHashes)" [_thread_blocked, id=8088, stack(0x000000ea20400000,0x000000ea20500000)]
  0x00000292b9406000 JavaThread "Cache worker for cache directory md-supplier (C:\Users\wasee\.gradle\caches\5.1.1\md-supplier)" [_thread_blocked, id=7112, stack(0x000000ea20500000,0x000000ea20600000)]
  0x00000292b940d800 JavaThread "Cache worker for cache directory md-rule (C:\Users\wasee\.gradle\caches\5.1.1\md-rule)" [_thread_blocked, id=2936, stack(0x000000ea20600000,0x000000ea20700000)]
  0x00000292b9412000 JavaThread "Build operations" [_thread_blocked, id=4856, stack(0x000000ea20700000,0x000000ea20800000)]
  0x00000292b940e000 JavaThread "Build operations Thread 2" [_thread_blocked, id=6032, stack(0x000000ea20800000,0x000000ea20900000)]
  0x00000292b9410800 JavaThread "Cache worker for Build Output Cleanup Cache (C:\Users\wasee\AndroidStudioProjects\TimeManagementTool\.gradle\buildOutputCleanup)" [_thread_blocked, id=8596, stack(0x000000ea20900000,0x000000ea20a00000)]
  0x00000292b9411800 JavaThread "Cache worker for file content cache (C:\Users\wasee\AndroidStudioProjects\TimeManagementTool\.gradle\5.1.1\fileContent)" [_thread_blocked, id=9504, stack(0x000000ea20a00000,0x000000ea20b00000)]
  0x00000292b940c800 JavaThread "Execution worker for ':'" [_thread_blocked, id=9328, stack(0x000000ea20b00000,0x000000ea20c00000)]
  0x00000292b9413000 JavaThread "Cache worker for execution history cache (C:\Users\wasee\AndroidStudioProjects\TimeManagementTool\.gradle\5.1.1\executionHistory)" [_thread_blocked, id=720, stack(0x000000ea20c00000,0x000000ea20d00000)]
  0x00000292bcb01800 JavaThread "pool-12-thread-1" [_thread_blocked, id=1620, stack(0x000000ea20d00000,0x000000ea20e00000)]
  0x00000292bcb05800 JavaThread "stderr" daemon [_thread_in_native, id=5016, stack(0x000000ea20e00000,0x000000ea20f00000)]
  0x00000292bcb06000 JavaThread "stdout" daemon [_thread_in_native, id=2224, stack(0x000000ea20f00000,0x000000ea21000000)]
  0x00000292bcb08000 JavaThread "Cache worker for Java compile cache (C:\Users\wasee\AndroidStudioProjects\TimeManagementTool\.gradle\5.1.1\javaCompile)" [_thread_blocked, id=5704, stack(0x000000ea21000000,0x000000ea21100000)]
  0x00000292bcb02000 JavaThread "ForkJoinPool.commonPool-worker-1" daemon [_thread_blocked, id=8180, stack(0x000000ea21100000,0x000000ea21200000)]
  0x00000292bcb08800 JavaThread "ForkJoinPool-26-worker-3" daemon [_thread_blocked, id=9856, stack(0x000000ea21200000,0x000000ea21300000)]
  0x00000292bcb03800 JavaThread "ForkJoinPool-26-worker-1" daemon [_thread_blocked, id=9432, stack(0x000000ea21300000,0x000000ea21400000)]

Other Threads:
=>0x00000292b2b5a800 VMThread "VM Thread" [stack: 0x000000ea18b00000,0x000000ea18c00000] [id=4600]
  0x00000292b365d000 WatcherThread [stack: 0x000000ea19600000,0x000000ea19700000] [id=8716]
  0x0000029299661000 GCTaskThread "GC Thread#0" [stack: 0x000000ea18600000,0x000000ea18700000] [id=8736]
  0x00000292b3812800 GCTaskThread "GC Thread#1" [stack: 0x000000ea19700000,0x000000ea19800000] [id=8404]
  0x0000029299690000 ConcurrentGCThread "G1 Main Marker" [stack: 0x000000ea18700000,0x000000ea18800000] [id=8044]
  0x0000029299691800 ConcurrentGCThread "G1 Conc#0" [stack: 0x000000ea18800000,0x000000ea18900000] [id=3036]
  0x00000292996e4800 ConcurrentGCThread "G1 Refine#0" [stack: 0x000000ea18900000,0x000000ea18a00000] [id=1632]
  0x00000292b3ba5000 ConcurrentGCThread "G1 Refine#1" [stack: 0x000000ea21400000,0x000000ea21500000] [id=5800]
  0x00000292996e6800 ConcurrentGCThread "G1 Young RemSet Sampling" [stack: 0x000000ea18a00000,0x000000ea18b00000] [id=2308]

Threads with active compile tasks:
C2 CompilerThread04069732 23050       4       com.android.tools.r8.graph.DexField::collectIndexedItems (44 bytes)

VM state:at safepoint (normal execution)

VM Mutex/Monitor currently owned by a thread:  ([mutex/lock_event])
[0x0000029299645490] Threads_lock - owner thread: 0x00000292b2b5a800
[0x0000029299645250] Heap_lock - owner thread: 0x00000292bcb08800

Heap address: 0x0000000080000000, size: 2048 MB, Compressed Oops mode: 32-bit
Narrow klass base: 0x0000000000000000, Narrow klass shift: 3
Compressed class space size: 1073741824 Address: 0x0000000100000000

Heap:
 garbage-first heap   total 696320K, used 164313K [0x0000000080000000, 0x0000000100000000)
  region size 1024K, 3 young (3072K), 3 survivors (3072K)
 Metaspace       used 119911K, capacity 122479K, committed 125772K, reserved 1159168K
  class space    used 14159K, capacity 15003K, committed 15692K, reserved 1048576K
Heap Regions: E=young(eden), S=young(survivor), O=old, HS=humongous(starts), HC=humongous(continues), CS=collection set, F=free, A=archive, TAMS=top-at-mark-start (previous, next)
|   0|0x0000000080000000, 0x0000000080100000, 0x0000000080100000|100%|HS|  |TAMS 0x0000000080100000, 0x0000000080000000| Complete 
|   1|0x0000000080100000, 0x0000000080200000, 0x0000000080200000|100%| O|  |TAMS 0x0000000080200000, 0x0000000080100000| Untracked 
|   2|0x0000000080200000, 0x0000000080300000, 0x0000000080300000|100%| O|  |TAMS 0x0000000080300000, 0x0000000080200000| Untracked 
|   3|0x0000000080300000, 0x0000000080400000, 0x0000000080400000|100%|HS|  |TAMS 0x0000000080400000, 0x0000000080300000| Complete 
|   4|0x0000000080400000, 0x0000000080500000, 0x0000000080500000|100%|HC|  |TAMS 0x0000000080500000, 0x0000000080400000| Complete 
|   5|0x0000000080500000, 0x0000000080600000, 0x0000000080600000|100%| O|  |TAMS 0x0000000080600000, 0x0000000080500000| Untracked 
|   6|0x0000000080600000, 0x0000000080700000, 0x0000000080700000|100%| O|  |TAMS 0x0000000080700000, 0x0000000080600000| Untracked 
|   7|0x0000000080700000, 0x0000000080800000, 0x0000000080800000|100%| O|  |TAMS 0x0000000080800000, 0x0000000080700000| Untracked 
|   8|0x0000000080800000, 0x0000000080900000, 0x0000000080900000|100%| O|  |TAMS 0x0000000080900000, 0x0000000080800000| Untracked 
|   9|0x0000000080900000, 0x0000000080a00000, 0x0000000080a00000|100%| O|  |TAMS 0x0000000080a00000, 0x0000000080900000| Untracked 
|  10|0x0000000080a00000, 0x0000000080b00000, 0x0000000080b00000|100%| O|  |TAMS 0x0000000080b00000, 0x0000000080a00000| Untracked 
|  11|0x0000000080b00000, 0x0000000080c00000, 0x0000000080c00000|100%| O|  |TAMS 0x0000000080c00000, 0x0000000080b00000| Complete 
|  12|0x0000000080c00000, 0x0000000080d00000, 0x0000000080d00000|100%| O|  |TAMS 0x0000000080d00000, 0x0000000080c00000| Complete 
|  13|0x0000000080d00000, 0x0000000080e00000, 0x0000000080e00000|100%| O|  |TAMS 0x0000000080e00000, 0x0000000080d00000| Complete 
|  14|0x0000000080e00000, 0x0000000080f00000, 0x0000000080f00000|100%|HS|  |TAMS 0x0000000080f00000, 0x0000000080e00000| Complete 
|  15|0x0000000080f00000, 0x0000000081000000, 0x0000000081000000|100%|HC|  |TAMS 0x0000000081000000, 0x0000000080f00000| Complete 
|  16|0x0000000081000000, 0x0000000081100000, 0x0000000081100000|100%|HS|  |TAMS 0x0000000081100000, 0x0000000081000000| Complete 
|  17|0x0000000081100000, 0x0000000081200000, 0x0000000081200000|100%|HC|  |TAMS 0x0000000081200000, 0x0000000081100000| Complete 
|  18|0x0000000081200000, 0x0000000081300000, 0x0000000081300000|100%|HC|  |TAMS 0x0000000081300000, 0x0000000081200000| Complete 
|  19|0x0000000081300000, 0x0000000081400000, 0x0000000081400000|100%|HS|  |TAMS 0x0000000081400000, 0x0000000081300000| Complete 
|  20|0x0000000081400000, 0x0000000081500000, 0x0000000081500000|100%|HC|  |TAMS 0x0000000081500000, 0x0000000081400000| Complete 
|  21|0x0000000081500000, 0x0000000081600000, 0x0000000081600000|100%|HC|  |TAMS 0x0000000081600000, 0x0000000081500000| Complete 
|  22|0x0000000081600000, 0x0000000081700000, 0x0000000081700000|100%|HC|  |TAMS 0x0000000081700000, 0x0000000081600000| Complete 
|  23|0x0000000081700000, 0x0000000081800000, 0x0000000081800000|100%| O|  |TAMS 0x0000000081800000, 0x0000000081700000| Complete 
|  24|0x0000000081800000, 0x0000000081900000, 0x0000000081900000|100%| O|  |TAMS 0x0000000081900000, 0x0000000081800000| Complete 
|  25|0x0000000081900000, 0x0000000081a00000, 0x0000000081a00000|100%| O|  |TAMS 0x0000000081a00000, 0x0000000081900000| Complete 
|  26|0x0000000081a00000, 0x0000000081b00000, 0x0000000081b00000|100%| O|  |TAMS 0x0000000081b00000, 0x0000000081a00000| Complete 
|  27|0x0000000081b00000, 0x0000000081c00000, 0x0000000081c00000|100%| O|  |TAMS 0x0000000081c00000, 0x0000000081b00000| Untracked 
|  28|0x0000000081c00000, 0x0000000081d00000, 0x0000000081d00000|100%| O|  |TAMS 0x0000000081d00000, 0x0000000081c00000| Untracked 
|  29|0x0000000081d00000, 0x0000000081e00000, 0x0000000081e00000|100%| O|  |TAMS 0x0000000081e00000, 0x0000000081d00000| Complete 
|  30|0x0000000081e00000, 0x0000000081f00000, 0x0000000081f00000|100%| O|  |TAMS 0x0000000081f00000, 0x0000000081e00000| Complete 
|  31|0x0000000081f00000, 0x0000000082000000, 0x0000000082000000|100%| O|  |TAMS 0x0000000082000000, 0x0000000081f00000| Complete 
|  32|0x0000000082000000, 0x0000000082100000, 0x0000000082100000|100%|HS|  |TAMS 0x0000000082100000, 0x0000000082000000| Complete 
|  33|0x0000000082100000, 0x0000000082200000, 0x0000000082200000|100%|HC|  |TAMS 0x0000000082200000, 0x0000000082100000| Complete 
|  34|0x0000000082200000, 0x0000000082300000, 0x0000000082300000|100%|HC|  |TAMS 0x0000000082300000, 0x0000000082200000| Complete 
|  35|0x0000000082300000, 0x0000000082400000, 0x0000000082400000|100%|HS|  |TAMS 0x0000000082400000, 0x0000000082300000| Complete 
|  36|0x0000000082400000, 0x0000000082500000, 0x0000000082500000|100%|HC|  |TAMS 0x0000000082500000, 0x0000000082400000| Complete 
|  37|0x0000000082500000, 0x0000000082600000, 0x0000000082600000|100%| O|  |TAMS 0x0000000082600000, 0x0000000082500000| Complete 
|  38|0x0000000082600000, 0x0000000082700000, 0x0000000082700000|100%| O|  |TAMS 0x0000000082700000, 0x0000000082600000| Complete 
|  39|0x0000000082700000, 0x0000000082800000, 0x0000000082800000|100%| O|  |TAMS 0x0000000082800000, 0x0000000082700000| Complete 
|  40|0x0000000082800000, 0x0000000082900000, 0x0000000082900000|100%| O|  |TAMS 0x0000000082900000, 0x0000000082800000| Complete 
|  41|0x0000000082900000, 0x0000000082a00000, 0x0000000082a00000|100%| O|  |TAMS 0x0000000082a00000, 0x0000000082900000| Complete 
|  42|0x0000000082a00000, 0x0000000082b00000, 0x0000000082b00000|100%| O|  |TAMS 0x0000000082b00000, 0x0000000082a00000| Complete 
|  43|0x0000000082b00000, 0x0000000082c00000, 0x0000000082c00000|100%| O|  |TAMS 0x0000000082c00000, 0x0000000082b00000| Untracked 
|  44|0x0000000082c00000, 0x0000000082d00000, 0x0000000082d00000|100%| O|  |TAMS 0x0000000082d00000, 0x0000000082c00000| Complete 
|  45|0x0000000082d00000, 0x0000000082e00000, 0x0000000082e00000|100%| O|  |TAMS 0x0000000082e00000, 0x0000000082d00000| Complete 
|  46|0x0000000082e00000, 0x0000000082f00000, 0x0000000082f00000|100%| O|  |TAMS 0x0000000082f00000, 0x0000000082e00000| Untracked 
|  47|0x0000000082f00000, 0x0000000083000000, 0x0000000083000000|100%| O|  |TAMS 0x0000000083000000, 0x0000000082f00000| Complete 
|  48|0x0000000083000000, 0x0000000083100000, 0x0000000083100000|100%| O|  |TAMS 0x0000000083100000, 0x0000000083000000| Untracked 
|  49|0x0000000083100000, 0x0000000083200000, 0x0000000083200000|100%| O|  |TAMS 0x0000000083200000, 0x0000000083100000| Complete 
|  50|0x0000000083200000, 0x0000000083300000, 0x0000000083300000|100%| O|  |TAMS 0x0000000083300000, 0x0000000083200000| Untracked 
|  51|0x0000000083300000, 0x0000000083400000, 0x0000000083400000|100%| O|  |TAMS 0x0000000083400000, 0x0000000083300000| Untracked 
|  52|0x0000000083400000, 0x0000000083500000, 0x0000000083500000|100%| O|  |TAMS 0x0000000083500000, 0x0000000083400000| Complete 
|  53|0x0000000083500000, 0x0000000083600000, 0x0000000083600000|100%| O|  |TAMS 0x0000000083600000, 0x0000000083500000| Untracked 
|  54|0x0000000083600000, 0x0000000083700000, 0x0000000083700000|100%| O|  |TAMS 0x0000000083700000, 0x0000000083600000| Complete 
|  55|0x0000000083700000, 0x0000000083800000, 0x0000000083800000|100%| O|  |TAMS 0x0000000083800000, 0x0000000083700000| Complete 
|  56|0x0000000083800000, 0x0000000083900000, 0x0000000083900000|100%| O|  |TAMS 0x0000000083900000, 0x0000000083800000| Untracked 
|  57|0x0000000083900000, 0x0000000083a00000, 0x0000000083a00000|100%| O|  |TAMS 0x0000000083a00000, 0x0000000083900000| Complete 
|  58|0x0000000083a00000, 0x0000000083b00000, 0x0000000083b00000|100%| O|  |TAMS 0x0000000083b00000, 0x0000000083a00000| Complete 
|  59|0x0000000083b00000, 0x0000000083c00000, 0x0000000083c00000|100%| O|  |TAMS 0x0000000083c00000, 0x0000000083b00000| Complete 
|  60|0x0000000083c00000, 0x0000000083d00000, 0x0000000083d00000|100%| O|  |TAMS 0x0000000083d00000, 0x0000000083c00000| Complete 
|  61|0x0000000083d00000, 0x0000000083e00000, 0x0000000083e00000|100%| O|  |TAMS 0x0000000083e00000, 0x0000000083d00000| Complete 
|  62|0x0000000083e00000, 0x0000000083f00000, 0x0000000083f00000|100%| O|  |TAMS 0x0000000083f00000, 0x0000000083e00000| Untracked 
|  63|0x0000000083f00000, 0x0000000084000000, 0x0000000084000000|100%| O|  |TAMS 0x0000000084000000, 0x0000000083f00000| Untracked 
|  64|0x0000000084000000, 0x0000000084100000, 0x0000000084100000|100%| O|  |TAMS 0x0000000084100000, 0x0000000084000000| Untracked 
|  65|0x0000000084100000, 0x0000000084200000, 0x0000000084200000|100%| O|  |TAMS 0x0000000084200000, 0x0000000084100000| Complete 
|  66|0x0000000084200000, 0x0000000084300000, 0x0000000084300000|100%| O|  |TAMS 0x0000000084300000, 0x0000000084200000| Complete 
|  67|0x0000000084300000, 0x0000000084400000, 0x0000000084400000|100%| O|  |TAMS 0x0000000084400000, 0x0000000084300000| Untracked 
|  68|0x0000000084400000, 0x0000000084500000, 0x0000000084500000|100%| O|  |TAMS 0x0000000084500000, 0x0000000084400000| Untracked 
|  69|0x0000000084500000, 0x0000000084600000, 0x0000000084600000|100%| O|  |TAMS 0x0000000084600000, 0x0000000084500000| Untracked 
|  70|0x0000000084600000, 0x0000000084700000, 0x0000000084700000|100%| O|  |TAMS 0x0000000084700000, 0x0000000084600000| Complete 
|  71|0x0000000084700000, 0x0000000084800000, 0x0000000084800000|100%| O|  |TAMS 0x0000000084800000, 0x0000000084700000| Untracked 
|  72|0x0000000084800000, 0x0000000084900000, 0x0000000084900000|100%| O|  |TAMS 0x0000000084900000, 0x0000000084800000| Untracked 
|  73|0x0000000084900000, 0x0000000084a00000, 0x0000000084a00000|100%| O|  |TAMS 0x0000000084a00000, 0x0000000084900000| Complete 
|  74|0x0000000084a00000, 0x0000000084b00000, 0x0000000084b00000|100%| O|  |TAMS 0x0000000084b00000, 0x0000000084a00000| Untracked 
|  75|0x0000000084b00000, 0x0000000084c00000, 0x0000000084c00000|100%| O|  |TAMS 0x0000000084c00000, 0x0000000084b00000| Complete 
|  76|0x0000000084c00000, 0x0000000084d00000, 0x0000000084d00000|100%| O|  |TAMS 0x0000000084d00000, 0x0000000084c00000| Untracked 
|  77|0x0000000084d00000, 0x0000000084e00000, 0x0000000084e00000|100%| O|  |TAMS 0x0000000084e00000, 0x0000000084d00000| Complete 
|  78|0x0000000084e00000, 0x0000000084f00000, 0x0000000084f00000|100%| O|  |TAMS 0x0000000084f00000, 0x0000000084e00000| Complete 
|  79|0x0000000084f00000, 0x0000000085000000, 0x0000000085000000|100%| O|  |TAMS 0x0000000085000000, 0x0000000084f00000| Untracked 
|  80|0x0000000085000000, 0x0000000085100000, 0x0000000085100000|100%|HS|  |TAMS 0x0000000085000000, 0x0000000085000000| Complete 
|  81|0x0000000085100000, 0x0000000085200000, 0x0000000085200000|100%| O|  |TAMS 0x0000000085200000, 0x0000000085100000| Untracked 
|  82|0x0000000085200000, 0x0000000085300000, 0x0000000085300000|100%| O|  |TAMS 0x0000000085300000, 0x0000000085200000| Complete 
|  83|0x0000000085300000, 0x0000000085400000, 0x0000000085400000|100%| O|  |TAMS 0x0000000085400000, 0x0000000085300000| Complete 
|  84|0x0000000085400000, 0x0000000085400000, 0x0000000085500000|  0%| F|  |TAMS 0x0000000085400000, 0x0000000085400000| Untracked 
|  85|0x0000000085500000, 0x0000000085600000, 0x0000000085600000|100%| O|  |TAMS 0x0000000085600000, 0x0000000085500000| Complete 
|  86|0x0000000085600000, 0x0000000085700000, 0x0000000085700000|100%| O|  |TAMS 0x0000000085700000, 0x0000000085600000| Complete 
|  87|0x0000000085700000, 0x0000000085800000, 0x0000000085800000|100%| O|  |TAMS 0x0000000085800000, 0x0000000085700000| Untracked 
|  88|0x0000000085800000, 0x0000000085900000, 0x0000000085900000|100%| O|  |TAMS 0x0000000085900000, 0x0000000085800000| Complete 
|  89|0x0000000085900000, 0x0000000085a00000, 0x0000000085a00000|100%| O|  |TAMS 0x0000000085a00000, 0x0000000085900000| Untracked 
|  90|0x0000000085a00000, 0x0000000085b00000, 0x0000000085b00000|100%| O|  |TAMS 0x0000000085b00000, 0x0000000085a00000| Untracked 
|  91|0x0000000085b00000, 0x0000000085c00000, 0x0000000085c00000|100%| O|  |TAMS 0x0000000085c00000, 0x0000000085b00000| Complete 
|  92|0x0000000085c00000, 0x0000000085c00000, 0x0000000085d00000|  0%| F|  |TAMS 0x0000000085c00000, 0x0000000085c00000| Untracked 
|  93|0x0000000085d00000, 0x0000000085e00000, 0x0000000085e00000|100%| O|  |TAMS 0x0000000085e00000, 0x0000000085d00000| Untracked 
|  94|0x0000000085e00000, 0x0000000085f00000, 0x0000000085f00000|100%| O|  |TAMS 0x0000000085f00000, 0x0000000085e00000| Complete 
|  95|0x0000000085f00000, 0x0000000086000000, 0x0000000086000000|100%|HS|  |TAMS 0x0000000085f00000, 0x0000000085f00000| Complete 
|  96|0x0000000086000000, 0x0000000086100000, 0x0000000086100000|100%| O|  |TAMS 0x0000000086100000, 0x0000000086000000| Untracked 
|  97|0x0000000086100000, 0x0000000086200000, 0x0000000086200000|100%| O|  |TAMS 0x0000000086200000, 0x0000000086100000| Untracked 
|  98|0x0000000086200000, 0x0000000086300000, 0x0000000086300000|100%| O|  |TAMS 0x0000000086300000, 0x0000000086200000| Untracked 
|  99|0x0000000086300000, 0x0000000086400000, 0x0000000086400000|100%|HS|  |TAMS 0x0000000086300000, 0x0000000086300000| Complete 
| 100|0x0000000086400000, 0x0000000086500000, 0x0000000086500000|100%| O|  |TAMS 0x0000000086500000, 0x0000000086400000| Complete 
| 101|0x0000000086500000, 0x0000000086600000, 0x0000000086600000|100%| O|  |TAMS 0x0000000086600000, 0x0000000086500000| Complete 
| 102|0x0000000086600000, 0x0000000086700000, 0x0000000086700000|100%| O|  |TAMS 0x0000000086700000, 0x0000000086600000| Complete 
| 103|0x0000000086700000, 0x0000000086800000, 0x0000000086800000|100%| O|  |TAMS 0x0000000086800000, 0x0000000086700000| Untracked 
| 104|0x0000000086800000, 0x0000000086900000, 0x0000000086900000|100%| O|  |TAMS 0x0000000086900000, 0x0000000086800000| Complete 
| 105|0x0000000086900000, 0x0000000086a00000, 0x0000000086a00000|100%| O|  |TAMS 0x0000000086a00000, 0x0000000086900000| Complete 
| 106|0x0000000086a00000, 0x0000000086b00000, 0x0000000086b00000|100%|HS|  |TAMS 0x0000000086a00000, 0x0000000086a00000| Complete 
| 107|0x0000000086b00000, 0x0000000086c00000, 0x0000000086c00000|100%| O|  |TAMS 0x0000000086c00000, 0x0000000086b00000| Complete 
| 108|0x0000000086c00000, 0x0000000086d00000, 0x0000000086d00000|100%|HS|  |TAMS 0x0000000086c00000, 0x0000000086c00000| Complete 
| 109|0x0000000086d00000, 0x0000000086d00000, 0x0000000086e00000|  0%| F|  |TAMS 0x0000000086d00000, 0x0000000086d00000| Untracked 
| 110|0x0000000086e00000, 0x0000000086f00000, 0x0000000086f00000|100%|HS|  |TAMS 0x0000000086e00000, 0x0000000086e00000| Complete 
| 111|0x0000000086f00000, 0x0000000087000000, 0x0000000087000000|100%|HC|  |TAMS 0x0000000086f00000, 0x0000000086f00000| Complete 
| 112|0x0000000087000000, 0x0000000087100000, 0x0000000087100000|100%|HS|  |TAMS 0x0000000087000000, 0x0000000087000000| Complete 
| 113|0x0000000087100000, 0x0000000087200000, 0x0000000087200000|100%| O|  |TAMS 0x0000000087100000, 0x0000000087100000| Untracked 
| 114|0x0000000087200000, 0x0000000087300000, 0x0000000087300000|100%| O|  |TAMS 0x0000000087300000, 0x0000000087200000| Untracked 
| 115|0x0000000087300000, 0x0000000087300000, 0x0000000087400000|  0%| F|  |TAMS 0x0000000087300000, 0x0000000087300000| Untracked 
| 116|0x0000000087400000, 0x0000000087400000, 0x0000000087500000|  0%| F|  |TAMS 0x0000000087400000, 0x0000000087400000| Untracked 
| 117|0x0000000087500000, 0x0000000087500000, 0x0000000087600000|  0%| F|  |TAMS 0x0000000087500000, 0x0000000087500000| Untracked 
| 118|0x0000000087600000, 0x0000000087700000, 0x0000000087700000|100%| O|  |TAMS 0x0000000087700000, 0x0000000087600000| Complete 
| 119|0x0000000087700000, 0x0000000087800000, 0x0000000087800000|100%| O|  |TAMS 0x0000000087800000, 0x0000000087700000| Untracked 
| 120|0x0000000087800000, 0x0000000087900000, 0x0000000087900000|100%| O|  |TAMS 0x0000000087800000, 0x0000000087800000| Untracked 
| 121|0x0000000087900000, 0x0000000087a00000, 0x0000000087a00000|100%| O|  |TAMS 0x0000000087a00000, 0x0000000087900000| Complete 
| 122|0x0000000087a00000, 0x0000000087b00000, 0x0000000087b00000|100%| O|  |TAMS 0x0000000087b00000, 0x0000000087a00000| Untracked 
| 123|0x0000000087b00000, 0x0000000087c00000, 0x0000000087c00000|100%| O|  |TAMS 0x0000000087b00000, 0x0000000087b00000| Untracked 
| 124|0x0000000087c00000, 0x0000000087d00000, 0x0000000087d00000|100%| O|  |TAMS 0x0000000087c00000, 0x0000000087c00000| Untracked 
| 125|0x0000000087d00000, 0x0000000087d00000, 0x0000000087e00000|  0%| F|  |TAMS 0x0000000087d00000, 0x0000000087d00000| Untracked 
| 126|0x0000000087e00000, 0x0000000087f00000, 0x0000000087f00000|100%| O|  |TAMS 0x0000000087f00000, 0x0000000087e00000| Complete 
| 127|0x0000000087f00000, 0x0000000088000000, 0x0000000088000000|100%| O|  |TAMS 0x0000000087f00000, 0x0000000087f00000| Untracked 
| 128|0x0000000088000000, 0x0000000088100000, 0x0000000088100000|100%| O|  |TAMS 0x0000000088000000, 0x0000000088000000| Untracked 
| 129|0x0000000088100000, 0x0000000088200000, 0x0000000088200000|100%|HS|  |TAMS 0x0000000088200000, 0x0000000088100000| Complete 
| 130|0x0000000088200000, 0x0000000088300000, 0x0000000088300000|100%|HC|  |TAMS 0x0000000088300000, 0x0000000088200000| Complete 
| 131|0x0000000088300000, 0x0000000088400000, 0x0000000088400000|100%|HC|  |TAMS 0x0000000088400000, 0x0000000088300000| Complete 
| 132|0x0000000088400000, 0x0000000088500000, 0x0000000088500000|100%|HC|  |TAMS 0x0000000088500000, 0x0000000088400000| Complete 
| 133|0x0000000088500000, 0x0000000088600000, 0x0000000088600000|100%|HC|  |TAMS 0x0000000088600000, 0x0000000088500000| Complete 
| 134|0x0000000088600000, 0x0000000088700000, 0x0000000088700000|100%| O|  |TAMS 0x0000000088700000, 0x0000000088600000| Untracked 
| 135|0x0000000088700000, 0x0000000088800000, 0x0000000088800000|100%| O|  |TAMS 0x0000000088800000, 0x0000000088700000| Untracked 
| 136|0x0000000088800000, 0x0000000088900000, 0x0000000088900000|100%| O|  |TAMS 0x0000000088900000, 0x0000000088800000| Untracked 
| 137|0x0000000088900000, 0x0000000088a00000, 0x0000000088a00000|100%| O|  |TAMS 0x0000000088a00000, 0x0000000088900000| Untracked 
| 138|0x0000000088a00000, 0x0000000088b00000, 0x0000000088b00000|100%| O|  |TAMS 0x0000000088b00000, 0x0000000088a00000| Untracked 
| 139|0x0000000088b00000, 0x0000000088c00000, 0x0000000088c00000|100%| O|  |TAMS 0x0000000088b00000, 0x0000000088b00000| Untracked 
| 140|0x0000000088c00000, 0x0000000088d00000, 0x0000000088d00000|100%| O|  |TAMS 0x0000000088d00000, 0x0000000088c00000| Untracked 
| 141|0x0000000088d00000, 0x0000000088e00000, 0x0000000088e00000|100%| O|  |TAMS 0x0000000088e00000, 0x0000000088d00000| Untracked 
| 142|0x0000000088e00000, 0x0000000088f00000, 0x0000000088f00000|100%| O|  |TAMS 0x0000000088f00000, 0x0000000088e00000| Untracked 
| 143|0x0000000088f00000, 0x0000000088f00000, 0x0000000089000000|  0%| F|  |TAMS 0x0000000088f00000, 0x0000000088f00000| Untracked 
| 144|0x0000000089000000, 0x0000000089100000, 0x0000000089100000|100%| O|  |TAMS 0x0000000089100000, 0x0000000089000000| Complete 
| 145|0x0000000089100000, 0x0000000089200000, 0x0000000089200000|100%|HS|  |TAMS 0x0000000089100000, 0x0000000089100000| Complete 
| 146|0x0000000089200000, 0x0000000089300000, 0x0000000089300000|100%|HS|  |TAMS 0x0000000089200000, 0x0000000089200000| Complete 
| 147|0x0000000089300000, 0x0000000089400000, 0x0000000089400000|100%| O|  |TAMS 0x0000000089300000, 0x0000000089300000| Untracked 
| 148|0x0000000089400000, 0x0000000089500000, 0x0000000089500000|100%| O|  |TAMS 0x0000000089400000, 0x0000000089400000| Untracked 
| 149|0x0000000089500000, 0x0000000089600000, 0x0000000089600000|100%| O|  |TAMS 0x0000000089500000, 0x0000000089500000| Untracked 
| 150|0x0000000089600000, 0x0000000089700000, 0x0000000089700000|100%| O|  |TAMS 0x0000000089700000, 0x0000000089600000| Untracked 
| 151|0x0000000089700000, 0x0000000089800000, 0x0000000089800000|100%| O|  |TAMS 0x0000000089800000, 0x0000000089700000| Untracked 
| 152|0x0000000089800000, 0x0000000089900000, 0x0000000089900000|100%| O|  |TAMS 0x0000000089900000, 0x0000000089800000| Untracked 
| 153|0x0000000089900000, 0x0000000089a00000, 0x0000000089a00000|100%| O|  |TAMS 0x0000000089a00000, 0x0000000089900000| Untracked 
| 154|0x0000000089a00000, 0x0000000089b00000, 0x0000000089b00000|100%| O|  |TAMS 0x0000000089b00000, 0x0000000089a00000| Untracked 
| 155|0x0000000089b00000, 0x0000000089c00000, 0x0000000089c00000|100%| O|  |TAMS 0x0000000089c00000, 0x0000000089b00000| Untracked 
| 156|0x0000000089c00000, 0x0000000089c00000, 0x0000000089d00000|  0%| F|  |TAMS 0x0000000089c00000, 0x0000000089c00000| Untracked 
| 157|0x0000000089d00000, 0x0000000089e00000, 0x0000000089e00000|100%| O|  |TAMS 0x0000000089e00000, 0x0000000089d00000| Untracked 
| 158|0x0000000089e00000, 0x0000000089f00000, 0x0000000089f00000|100%| O|  |TAMS 0x0000000089f00000, 0x0000000089e00000| Untracked 
| 159|0x0000000089f00000, 0x000000008a000000, 0x000000008a000000|100%| O|  |TAMS 0x000000008a000000, 0x0000000089f00000| Complete 
| 160|0x000000008a000000, 0x000000008a100000, 0x000000008a100000|100%| O|  |TAMS 0x000000008a100000, 0x000000008a000000| Complete 
| 161|0x000000008a100000, 0x000000008a200000, 0x000000008a200000|100%| O|  |TAMS 0x000000008a200000, 0x000000008a100000| Untracked 
| 162|0x000000008a200000, 0x000000008a300000, 0x000000008a300000|100%| O|  |TAMS 0x000000008a300000, 0x000000008a200000| Complete 
| 163|0x000000008a300000, 0x000000008a300000, 0x000000008a400000|  0%| F|  |TAMS 0x000000008a300000, 0x000000008a300000| Untracked 
| 164|0x000000008a400000, 0x000000008a400000, 0x000000008a500000|  0%| F|  |TAMS 0x000000008a400000, 0x000000008a400000| Untracked 
| 165|0x000000008a500000, 0x000000008a600000, 0x000000008a600000|100%| O|  |TAMS 0x000000008a500000, 0x000000008a500000| Untracked 
| 166|0x000000008a600000, 0x000000008a700000, 0x000000008a700000|100%| O|  |TAMS 0x000000008a600000, 0x000000008a600000| Untracked 
| 167|0x000000008a700000, 0x000000008a800000, 0x000000008a800000|100%| O|  |TAMS 0x000000008a700000, 0x000000008a700000| Untracked 
| 168|0x000000008a800000, 0x000000008a876400, 0x000000008a900000| 46%| O|  |TAMS 0x000000008a800000, 0x000000008a800000| Untracked 
| 169|0x000000008a900000, 0x000000008a900000, 0x000000008aa00000|  0%| F|  |TAMS 0x000000008a900000, 0x000000008a900000| Untracked 
| 170|0x000000008aa00000, 0x000000008aa00000, 0x000000008ab00000|  0%| F|  |TAMS 0x000000008aa00000, 0x000000008aa00000| Untracked 
| 171|0x000000008ab00000, 0x000000008ab00000, 0x000000008ac00000|  0%| F|  |TAMS 0x000000008ab00000, 0x000000008ab00000| Untracked 
| 172|0x000000008ac00000, 0x000000008ac00000, 0x000000008ad00000|  0%| F|  |TAMS 0x000000008ac00000, 0x000000008ac00000| Untracked 
| 173|0x000000008ad00000, 0x000000008ad00000, 0x000000008ae00000|  0%| F|  |TAMS 0x000000008ad00000, 0x000000008ad00000| Untracked 
| 174|0x000000008ae00000, 0x000000008ae00000, 0x000000008af00000|  0%| F|  |TAMS 0x000000008ae00000, 0x000000008ae00000| Untracked 
| 175|0x000000008af00000, 0x000000008af00000, 0x000000008b000000|  0%| F|  |TAMS 0x000000008af00000, 0x000000008af00000| Untracked 
| 176|0x000000008b000000, 0x000000008b000000, 0x000000008b100000|  0%| F|  |TAMS 0x000000008b000000, 0x000000008b000000| Untracked 
| 177|0x000000008b100000, 0x000000008b100000, 0x000000008b200000|  0%| F|  |TAMS 0x000000008b100000, 0x000000008b100000| Untracked 
| 178|0x000000008b200000, 0x000000008b200000, 0x000000008b300000|  0%| F|  |TAMS 0x000000008b200000, 0x000000008b200000| Untracked 
| 179|0x000000008b300000, 0x000000008b300000, 0x000000008b400000|  0%| F|  |TAMS 0x000000008b300000, 0x000000008b300000| Untracked 
| 180|0x000000008b400000, 0x000000008b400000, 0x000000008b500000|  0%| F|  |TAMS 0x000000008b400000, 0x000000008b400000| Untracked 
| 181|0x000000008b500000, 0x000000008b500000, 0x000000008b600000|  0%| F|  |TAMS 0x000000008b500000, 0x000000008b500000| Untracked 
| 182|0x000000008b600000, 0x000000008b600000, 0x000000008b700000|  0%| F|  |TAMS 0x000000008b600000, 0x000000008b600000| Untracked 
| 183|0x000000008b700000, 0x000000008b700000, 0x000000008b800000|  0%| F|  |TAMS 0x000000008b700000, 0x000000008b700000| Untracked 
| 184|0x000000008b800000, 0x000000008b800000, 0x000000008b900000|  0%| F|  |TAMS 0x000000008b800000, 0x000000008b800000| Untracked 
| 185|0x000000008b900000, 0x000000008b900000, 0x000000008ba00000|  0%| F|  |TAMS 0x000000008b900000, 0x000000008b900000| Untracked 
| 186|0x000000008ba00000, 0x000000008ba00000, 0x000000008bb00000|  0%| F|  |TAMS 0x000000008ba00000, 0x000000008ba00000| Untracked 
| 187|0x000000008bb00000, 0x000000008bb00000, 0x000000008bc00000|  0%| F|  |TAMS 0x000000008bb00000, 0x000000008bb00000| Untracked 
| 188|0x000000008bc00000, 0x000000008bc00000, 0x000000008bd00000|  0%| F|  |TAMS 0x000000008bc00000, 0x000000008bc00000| Untracked 
| 189|0x000000008bd00000, 0x000000008bd00000, 0x000000008be00000|  0%| F|  |TAMS 0x000000008bd00000, 0x000000008bd00000| Untracked 
| 190|0x000000008be00000, 0x000000008be00000, 0x000000008bf00000|  0%| F|  |TAMS 0x000000008be00000, 0x000000008be00000| Untracked 
| 191|0x000000008bf00000, 0x000000008bf00000, 0x000000008c000000|  0%| F|  |TAMS 0x000000008bf00000, 0x000000008bf00000| Untracked 
| 192|0x000000008c000000, 0x000000008c000000, 0x000000008c100000|  0%| F|  |TAMS 0x000000008c000000, 0x000000008c000000| Untracked 
| 193|0x000000008c100000, 0x000000008c100000, 0x000000008c200000|  0%| F|  |TAMS 0x000000008c100000, 0x000000008c100000| Untracked 
| 194|0x000000008c200000, 0x000000008c200000, 0x000000008c300000|  0%| F|  |TAMS 0x000000008c200000, 0x000000008c200000| Untracked 
| 195|0x000000008c300000, 0x000000008c300000, 0x000000008c400000|  0%| F|  |TAMS 0x000000008c300000, 0x000000008c300000| Untracked 
| 196|0x000000008c400000, 0x000000008c400000, 0x000000008c500000|  0%| F|  |TAMS 0x000000008c400000, 0x000000008c400000| Untracked 
| 197|0x000000008c500000, 0x000000008c500000, 0x000000008c600000|  0%| F|  |TAMS 0x000000008c500000, 0x000000008c500000| Untracked 
| 198|0x000000008c600000, 0x000000008c600000, 0x000000008c700000|  0%| F|  |TAMS 0x000000008c600000, 0x000000008c600000| Untracked 
| 199|0x000000008c700000, 0x000000008c700000, 0x000000008c800000|  0%| F|  |TAMS 0x000000008c700000, 0x000000008c700000| Untracked 
| 200|0x000000008c800000, 0x000000008c800000, 0x000000008c900000|  0%| F|  |TAMS 0x000000008c800000, 0x000000008c800000| Untracked 
| 201|0x000000008c900000, 0x000000008c900000, 0x000000008ca00000|  0%| F|  |TAMS 0x000000008c900000, 0x000000008c900000| Untracked 
| 202|0x000000008ca00000, 0x000000008ca00000, 0x000000008cb00000|  0%| F|  |TAMS 0x000000008ca00000, 0x000000008ca00000| Untracked 
| 203|0x000000008cb00000, 0x000000008cb00000, 0x000000008cc00000|  0%| F|  |TAMS 0x000000008cb00000, 0x000000008cb00000| Untracked 
| 204|0x000000008cc00000, 0x000000008cc00000, 0x000000008cd00000|  0%| F|  |TAMS 0x000000008cc00000, 0x000000008cc00000| Untracked 
| 205|0x000000008cd00000, 0x000000008cd00000, 0x000000008ce00000|  0%| F|  |TAMS 0x000000008cd00000, 0x000000008cd00000| Untracked 
| 206|0x000000008ce00000, 0x000000008ce00000, 0x000000008cf00000|  0%| F|  |TAMS 0x000000008ce00000, 0x000000008ce00000| Untracked 
| 207|0x000000008cf00000, 0x000000008cf00000, 0x000000008d000000|  0%| F|  |TAMS 0x000000008cf00000, 0x000000008cf00000| Untracked 
| 208|0x000000008d000000, 0x000000008d000000, 0x000000008d100000|  0%| F|  |TAMS 0x000000008d000000, 0x000000008d000000| Untracked 
| 209|0x000000008d100000, 0x000000008d100000, 0x000000008d200000|  0%| F|  |TAMS 0x000000008d100000, 0x000000008d100000| Untracked 
| 210|0x000000008d200000, 0x000000008d200000, 0x000000008d300000|  0%| F|  |TAMS 0x000000008d200000, 0x000000008d200000| Untracked 
| 211|0x000000008d300000, 0x000000008d300000, 0x000000008d400000|  0%| F|  |TAMS 0x000000008d300000, 0x000000008d300000| Untracked 
| 212|0x000000008d400000, 0x000000008d400000, 0x000000008d500000|  0%| F|  |TAMS 0x000000008d400000, 0x000000008d400000| Untracked 
| 213|0x000000008d500000, 0x000000008d500000, 0x000000008d600000|  0%| F|  |TAMS 0x000000008d500000, 0x000000008d500000| Untracked 
| 214|0x000000008d600000, 0x000000008d600000, 0x000000008d700000|  0%| F|  |TAMS 0x000000008d600000, 0x000000008d600000| Untracked 
| 215|0x000000008d700000, 0x000000008d700000, 0x000000008d800000|  0%| F|  |TAMS 0x000000008d700000, 0x000000008d700000| Untracked 
| 216|0x000000008d800000, 0x000000008d800000, 0x000000008d900000|  0%| F|  |TAMS 0x000000008d800000, 0x000000008d800000| Untracked 
| 217|0x000000008d900000, 0x000000008d900000, 0x000000008da00000|  0%| F|  |TAMS 0x000000008d900000, 0x000000008d900000| Untracked 
| 218|0x000000008da00000, 0x000000008da00000, 0x000000008db00000|  0%| F|  |TAMS 0x000000008da00000, 0x000000008da00000| Untracked 
| 219|0x000000008db00000, 0x000000008db00000, 0x000000008dc00000|  0%| F|  |TAMS 0x000000008db00000, 0x000000008db00000| Untracked 
| 220|0x000000008dc00000, 0x000000008dc00000, 0x000000008dd00000|  0%| F|  |TAMS 0x000000008dc00000, 0x000000008dc00000| Untracked 
| 221|0x000000008dd00000, 0x000000008dd00000, 0x000000008de00000|  0%| F|  |TAMS 0x000000008dd00000, 0x000000008dd00000| Untracked 
| 222|0x000000008de00000, 0x000000008de00000, 0x000000008df00000|  0%| F|  |TAMS 0x000000008de00000, 0x000000008de00000| Untracked 
| 223|0x000000008df00000, 0x000000008df00000, 0x000000008e000000|  0%| F|  |TAMS 0x000000008df00000, 0x000000008df00000| Untracked 
| 224|0x000000008e000000, 0x000000008e000000, 0x000000008e100000|  0%| F|  |TAMS 0x000000008e000000, 0x000000008e000000| Untracked 
| 225|0x000000008e100000, 0x000000008e100000, 0x000000008e200000|  0%| F|  |TAMS 0x000000008e100000, 0x000000008e100000| Untracked 
| 226|0x000000008e200000, 0x000000008e200000, 0x000000008e300000|  0%| F|  |TAMS 0x000000008e200000, 0x000000008e200000| Untracked 
| 227|0x000000008e300000, 0x000000008e300000, 0x000000008e400000|  0%| F|  |TAMS 0x000000008e300000, 0x000000008e300000| Untracked 
| 228|0x000000008e400000, 0x000000008e400000, 0x000000008e500000|  0%| F|  |TAMS 0x000000008e400000, 0x000000008e400000| Untracked 
| 229|0x000000008e500000, 0x000000008e500000, 0x000000008e600000|  0%| F|  |TAMS 0x000000008e500000, 0x000000008e500000| Untracked 
| 230|0x000000008e600000, 0x000000008e600000, 0x000000008e700000|  0%| F|  |TAMS 0x000000008e600000, 0x000000008e600000| Untracked 
| 231|0x000000008e700000, 0x000000008e700000, 0x000000008e800000|  0%| F|  |TAMS 0x000000008e700000, 0x000000008e700000| Untracked 
| 232|0x000000008e800000, 0x000000008e800000, 0x000000008e900000|  0%| F|  |TAMS 0x000000008e800000, 0x000000008e800000| Untracked 
| 233|0x000000008e900000, 0x000000008e900000, 0x000000008ea00000|  0%| F|  |TAMS 0x000000008e900000, 0x000000008e900000| Untracked 
| 234|0x000000008ea00000, 0x000000008ea00000, 0x000000008eb00000|  0%| F|  |TAMS 0x000000008ea00000, 0x000000008ea00000| Untracked 
| 235|0x000000008eb00000, 0x000000008eb00000, 0x000000008ec00000|  0%| F|  |TAMS 0x000000008eb00000, 0x000000008eb00000| Untracked 
| 236|0x000000008ec00000, 0x000000008ec00000, 0x000000008ed00000|  0%| F|  |TAMS 0x000000008ec00000, 0x000000008ec00000| Untracked 
| 237|0x000000008ed00000, 0x000000008ed00000, 0x000000008ee00000|  0%| F|  |TAMS 0x000000008ed00000, 0x000000008ed00000| Untracked 
| 238|0x000000008ee00000, 0x000000008ee00000, 0x000000008ef00000|  0%| F|  |TAMS 0x000000008ee00000, 0x000000008ee00000| Untracked 
| 239|0x000000008ef00000, 0x000000008ef00000, 0x000000008f000000|  0%| F|  |TAMS 0x000000008ef00000, 0x000000008ef00000| Untracked 
| 240|0x000000008f000000, 0x000000008f000000, 0x000000008f100000|  0%| F|  |TAMS 0x000000008f000000, 0x000000008f000000| Untracked 
| 241|0x000000008f100000, 0x000000008f100000, 0x000000008f200000|  0%| F|  |TAMS 0x000000008f100000, 0x000000008f100000| Untracked 
| 242|0x000000008f200000, 0x000000008f200000, 0x000000008f300000|  0%| F|  |TAMS 0x000000008f200000, 0x000000008f200000| Untracked 
| 243|0x000000008f300000, 0x000000008f300000, 0x000000008f400000|  0%| F|  |TAMS 0x000000008f300000, 0x000000008f300000| Untracked 
| 244|0x000000008f400000, 0x000000008f400000, 0x000000008f500000|  0%| F|  |TAMS 0x000000008f400000, 0x000000008f400000| Untracked 
| 245|0x000000008f500000, 0x000000008f500000, 0x000000008f600000|  0%| F|  |TAMS 0x000000008f500000, 0x000000008f500000| Untracked 
| 246|0x000000008f600000, 0x000000008f600000, 0x000000008f700000|  0%| F|  |TAMS 0x000000008f600000, 0x000000008f600000| Untracked 
| 247|0x000000008f700000, 0x000000008f700000, 0x000000008f800000|  0%| F|  |TAMS 0x000000008f700000, 0x000000008f700000| Untracked 
| 248|0x000000008f800000, 0x000000008f800000, 0x000000008f900000|  0%| F|  |TAMS 0x000000008f800000, 0x000000008f800000| Untracked 
| 249|0x000000008f900000, 0x000000008f900000, 0x000000008fa00000|  0%| F|  |TAMS 0x000000008f900000, 0x000000008f900000| Untracked 
| 250|0x000000008fa00000, 0x000000008fa00000, 0x000000008fb00000|  0%| F|  |TAMS 0x000000008fa00000, 0x000000008fa00000| Untracked 
| 251|0x000000008fb00000, 0x000000008fb00000, 0x000000008fc00000|  0%| F|  |TAMS 0x000000008fb00000, 0x000000008fb00000| Untracked 
| 252|0x000000008fc00000, 0x000000008fc00000, 0x000000008fd00000|  0%| F|  |TAMS 0x000000008fc00000, 0x000000008fc00000| Untracked 
| 253|0x000000008fd00000, 0x000000008fd00000, 0x000000008fe00000|  0%| F|  |TAMS 0x000000008fd00000, 0x000000008fd00000| Untracked 
| 254|0x000000008fe00000, 0x000000008fe00000, 0x000000008ff00000|  0%| F|  |TAMS 0x000000008fe00000, 0x000000008fe00000| Untracked 
| 255|0x000000008ff00000, 0x000000008ff00000, 0x0000000090000000|  0%| F|  |TAMS 0x000000008ff00000, 0x000000008ff00000| Untracked 
| 256|0x0000000090000000, 0x0000000090000000, 0x0000000090100000|  0%| F|  |TAMS 0x0000000090000000, 0x0000000090000000| Untracked 
| 257|0x0000000090100000, 0x0000000090100000, 0x0000000090200000|  0%| F|  |TAMS 0x0000000090100000, 0x0000000090100000| Untracked 
| 258|0x0000000090200000, 0x0000000090200000, 0x0000000090300000|  0%| F|  |TAMS 0x0000000090200000, 0x0000000090200000| Untracked 
| 259|0x0000000090300000, 0x0000000090300000, 0x0000000090400000|  0%| F|  |TAMS 0x0000000090300000, 0x0000000090300000| Untracked 
| 260|0x0000000090400000, 0x0000000090400000, 0x0000000090500000|  0%| F|  |TAMS 0x0000000090400000, 0x0000000090400000| Untracked 
| 261|0x0000000090500000, 0x0000000090500000, 0x0000000090600000|  0%| F|  |TAMS 0x0000000090500000, 0x0000000090500000| Untracked 
| 262|0x0000000090600000, 0x0000000090600000, 0x0000000090700000|  0%| F|  |TAMS 0x0000000090600000, 0x0000000090600000| Untracked 
| 263|0x0000000090700000, 0x0000000090700000, 0x0000000090800000|  0%| F|  |TAMS 0x0000000090700000, 0x0000000090700000| Untracked 
| 264|0x0000000090800000, 0x0000000090800000, 0x0000000090900000|  0%| F|  |TAMS 0x0000000090800000, 0x0000000090800000| Untracked 
| 265|0x0000000090900000, 0x0000000090900000, 0x0000000090a00000|  0%| F|  |TAMS 0x0000000090900000, 0x0000000090900000| Untracked 
| 266|0x0000000090a00000, 0x0000000090a00000, 0x0000000090b00000|  0%| F|  |TAMS 0x0000000090a00000, 0x0000000090a00000| Untracked 
| 267|0x0000000090b00000, 0x0000000090b00000, 0x0000000090c00000|  0%| F|  |TAMS 0x0000000090b00000, 0x0000000090b00000| Untracked 
| 268|0x0000000090c00000, 0x0000000090c00000, 0x0000000090d00000|  0%| F|  |TAMS 0x0000000090c00000, 0x0000000090c00000| Untracked 
| 269|0x0000000090d00000, 0x0000000090d00000, 0x0000000090e00000|  0%| F|  |TAMS 0x0000000090d00000, 0x0000000090d00000| Untracked 
| 270|0x0000000090e00000, 0x0000000090e00000, 0x0000000090f00000|  0%| F|  |TAMS 0x0000000090e00000, 0x0000000090e00000| Untracked 
| 271|0x0000000090f00000, 0x0000000090f00000, 0x0000000091000000|  0%| F|  |TAMS 0x0000000090f00000, 0x0000000090f00000| Untracked 
| 272|0x0000000091000000, 0x0000000091000000, 0x0000000091100000|  0%| F|  |TAMS 0x0000000091000000, 0x0000000091000000| Untracked 
| 273|0x0000000091100000, 0x0000000091100000, 0x0000000091200000|  0%| F|  |TAMS 0x0000000091100000, 0x0000000091100000| Untracked 
| 274|0x0000000091200000, 0x0000000091200000, 0x0000000091300000|  0%| F|  |TAMS 0x0000000091200000, 0x0000000091200000| Untracked 
| 275|0x0000000091300000, 0x0000000091300000, 0x0000000091400000|  0%| F|  |TAMS 0x0000000091300000, 0x0000000091300000| Untracked 
| 276|0x0000000091400000, 0x0000000091400000, 0x0000000091500000|  0%| F|  |TAMS 0x0000000091400000, 0x0000000091400000| Untracked 
| 277|0x0000000091500000, 0x0000000091500000, 0x0000000091600000|  0%| F|  |TAMS 0x0000000091500000, 0x0000000091500000| Untracked 
| 278|0x0000000091600000, 0x0000000091600000, 0x0000000091700000|  0%| F|  |TAMS 0x0000000091600000, 0x0000000091600000| Untracked 
| 279|0x0000000091700000, 0x0000000091700000, 0x0000000091800000|  0%| F|  |TAMS 0x0000000091700000, 0x0000000091700000| Untracked 
| 280|0x0000000091800000, 0x0000000091800000, 0x0000000091900000|  0%| F|  |TAMS 0x0000000091800000, 0x0000000091800000| Untracked 
| 281|0x0000000091900000, 0x0000000091900000, 0x0000000091a00000|  0%| F|  |TAMS 0x0000000091900000, 0x0000000091900000| Untracked 
| 282|0x0000000091a00000, 0x0000000091a00000, 0x0000000091b00000|  0%| F|  |TAMS 0x0000000091a00000, 0x0000000091a00000| Untracked 
| 283|0x0000000091b00000, 0x0000000091b00000, 0x0000000091c00000|  0%| F|  |TAMS 0x0000000091b00000, 0x0000000091b00000| Untracked 
| 284|0x0000000091c00000, 0x0000000091c00000, 0x0000000091d00000|  0%| F|  |TAMS 0x0000000091c00000, 0x0000000091c00000| Untracked 
| 285|0x0000000091d00000, 0x0000000091d00000, 0x0000000091e00000|  0%| F|  |TAMS 0x0000000091d00000, 0x0000000091d00000| Untracked 
| 286|0x0000000091e00000, 0x0000000091e00000, 0x0000000091f00000|  0%| F|  |TAMS 0x0000000091e00000, 0x0000000091e00000| Untracked 
| 287|0x0000000091f00000, 0x0000000091f00000, 0x0000000092000000|  0%| F|  |TAMS 0x0000000091f00000, 0x0000000091f00000| Untracked 
| 288|0x0000000092000000, 0x0000000092000000, 0x0000000092100000|  0%| F|  |TAMS 0x0000000092000000, 0x0000000092000000| Untracked 
| 289|0x0000000092100000, 0x0000000092100000, 0x0000000092200000|  0%| F|  |TAMS 0x0000000092100000, 0x0000000092100000| Untracked 
| 290|0x0000000092200000, 0x0000000092200000, 0x0000000092300000|  0%| F|  |TAMS 0x0000000092200000, 0x0000000092200000| Untracked 
| 291|0x0000000092300000, 0x0000000092300000, 0x0000000092400000|  0%| F|  |TAMS 0x0000000092300000, 0x0000000092300000| Untracked 
| 292|0x0000000092400000, 0x0000000092400000, 0x0000000092500000|  0%| F|  |TAMS 0x0000000092400000, 0x0000000092400000| Untracked 
| 293|0x0000000092500000, 0x0000000092500000, 0x0000000092600000|  0%| F|  |TAMS 0x0000000092500000, 0x0000000092500000| Untracked 
| 294|0x0000000092600000, 0x0000000092600000, 0x0000000092700000|  0%| F|  |TAMS 0x0000000092600000, 0x0000000092600000| Untracked 
| 295|0x0000000092700000, 0x0000000092700000, 0x0000000092800000|  0%| F|  |TAMS 0x0000000092700000, 0x0000000092700000| Untracked 
| 296|0x0000000092800000, 0x0000000092800000, 0x0000000092900000|  0%| F|  |TAMS 0x0000000092800000, 0x0000000092800000| Untracked 
| 297|0x0000000092900000, 0x0000000092900000, 0x0000000092a00000|  0%| F|  |TAMS 0x0000000092900000, 0x0000000092900000| Untracked 
| 298|0x0000000092a00000, 0x0000000092a00000, 0x0000000092b00000|  0%| F|  |TAMS 0x0000000092a00000, 0x0000000092a00000| Untracked 
| 299|0x0000000092b00000, 0x0000000092b00000, 0x0000000092c00000|  0%| F|  |TAMS 0x0000000092b00000, 0x0000000092b00000| Untracked 
| 300|0x0000000092c00000, 0x0000000092c00000, 0x0000000092d00000|  0%| F|  |TAMS 0x0000000092c00000, 0x0000000092c00000| Untracked 
| 301|0x0000000092d00000, 0x0000000092d00000, 0x0000000092e00000|  0%| F|  |TAMS 0x0000000092d00000, 0x0000000092d00000| Untracked 
| 302|0x0000000092e00000, 0x0000000092e00000, 0x0000000092f00000|  0%| F|  |TAMS 0x0000000092e00000, 0x0000000092e00000| Untracked 
| 303|0x0000000092f00000, 0x0000000092f00000, 0x0000000093000000|  0%| F|  |TAMS 0x0000000092f00000, 0x0000000092f00000| Untracked 
| 304|0x0000000093000000, 0x0000000093000000, 0x0000000093100000|  0%| F|  |TAMS 0x0000000093000000, 0x0000000093000000| Untracked 
| 305|0x0000000093100000, 0x0000000093100000, 0x0000000093200000|  0%| F|  |TAMS 0x0000000093100000, 0x0000000093100000| Untracked 
| 306|0x0000000093200000, 0x0000000093200000, 0x0000000093300000|  0%| F|  |TAMS 0x0000000093200000, 0x0000000093200000| Untracked 
| 307|0x0000000093300000, 0x0000000093300000, 0x0000000093400000|  0%| F|  |TAMS 0x0000000093300000, 0x0000000093300000| Untracked 
| 308|0x0000000093400000, 0x0000000093400000, 0x0000000093500000|  0%| F|  |TAMS 0x0000000093400000, 0x0000000093400000| Untracked 
| 309|0x0000000093500000, 0x0000000093500000, 0x0000000093600000|  0%| F|  |TAMS 0x0000000093500000, 0x0000000093500000| Untracked 
| 310|0x0000000093600000, 0x0000000093600000, 0x0000000093700000|  0%| F|  |TAMS 0x0000000093600000, 0x0000000093600000| Untracked 
| 311|0x0000000093700000, 0x0000000093700000, 0x0000000093800000|  0%| F|  |TAMS 0x0000000093700000, 0x0000000093700000| Untracked 
| 312|0x0000000093800000, 0x0000000093800000, 0x0000000093900000|  0%| F|  |TAMS 0x0000000093800000, 0x0000000093800000| Untracked 
| 313|0x0000000093900000, 0x0000000093900000, 0x0000000093a00000|  0%| F|  |TAMS 0x0000000093900000, 0x0000000093900000| Untracked 
| 314|0x0000000093a00000, 0x0000000093a00000, 0x0000000093b00000|  0%| F|  |TAMS 0x0000000093a00000, 0x0000000093a00000| Untracked 
| 315|0x0000000093b00000, 0x0000000093b00000, 0x0000000093c00000|  0%| F|  |TAMS 0x0000000093b00000, 0x0000000093b00000| Untracked 
| 316|0x0000000093c00000, 0x0000000093c00000, 0x0000000093d00000|  0%| F|  |TAMS 0x0000000093c00000, 0x0000000093c00000| Untracked 
| 317|0x0000000093d00000, 0x0000000093d00000, 0x0000000093e00000|  0%| F|  |TAMS 0x0000000093d00000, 0x0000000093d00000| Untracked 
| 318|0x0000000093e00000, 0x0000000093e00000, 0x0000000093f00000|  0%| F|  |TAMS 0x0000000093e00000, 0x0000000093e00000| Untracked 
| 319|0x0000000093f00000, 0x0000000093f00000, 0x0000000094000000|  0%| F|  |TAMS 0x0000000093f00000, 0x0000000093f00000| Untracked 
| 320|0x0000000094000000, 0x0000000094000000, 0x0000000094100000|  0%| F|  |TAMS 0x0000000094000000, 0x0000000094000000| Untracked 
| 321|0x0000000094100000, 0x0000000094100000, 0x0000000094200000|  0%| F|  |TAMS 0x0000000094100000, 0x0000000094100000| Untracked 
| 322|0x0000000094200000, 0x0000000094200000, 0x0000000094300000|  0%| F|  |TAMS 0x0000000094200000, 0x0000000094200000| Untracked 
| 323|0x0000000094300000, 0x0000000094300000, 0x0000000094400000|  0%| F|  |TAMS 0x0000000094300000, 0x0000000094300000| Untracked 
| 324|0x0000000094400000, 0x0000000094400000, 0x0000000094500000|  0%| F|  |TAMS 0x0000000094400000, 0x0000000094400000| Untracked 
| 325|0x0000000094500000, 0x0000000094500000, 0x0000000094600000|  0%| F|  |TAMS 0x0000000094500000, 0x0000000094500000| Untracked 
| 326|0x0000000094600000, 0x0000000094600000, 0x0000000094700000|  0%| F|  |TAMS 0x0000000094600000, 0x0000000094600000| Untracked 
| 327|0x0000000094700000, 0x0000000094700000, 0x0000000094800000|  0%| F|  |TAMS 0x0000000094700000, 0x0000000094700000| Untracked 
| 328|0x0000000094800000, 0x0000000094800000, 0x0000000094900000|  0%| F|  |TAMS 0x0000000094800000, 0x0000000094800000| Untracked 
| 329|0x0000000094900000, 0x0000000094900000, 0x0000000094a00000|  0%| F|  |TAMS 0x0000000094900000, 0x0000000094900000| Untracked 
| 330|0x0000000094a00000, 0x0000000094a00000, 0x0000000094b00000|  0%| F|  |TAMS 0x0000000094a00000, 0x0000000094a00000| Untracked 
| 331|0x0000000094b00000, 0x0000000094c00000, 0x0000000094c00000|100%| S|CS|TAMS 0x0000000094b00000, 0x0000000094b00000| Complete 
| 332|0x0000000094c00000, 0x0000000094d00000, 0x0000000094d00000|100%| S|CS|TAMS 0x0000000094c00000, 0x0000000094c00000| Complete 
| 333|0x0000000094d00000, 0x0000000094e00000, 0x0000000094e00000|100%| S|CS|TAMS 0x0000000094d00000, 0x0000000094d00000| Complete 
| 334|0x0000000094e00000, 0x0000000094e00000, 0x0000000094f00000|  0%| F|  |TAMS 0x0000000094e00000, 0x0000000094e00000| Untracked 
| 335|0x0000000094f00000, 0x0000000094f00000, 0x0000000095000000|  0%| F|  |TAMS 0x0000000094f00000, 0x0000000094f00000| Untracked 
| 336|0x0000000095000000, 0x0000000095000000, 0x0000000095100000|  0%| F|  |TAMS 0x0000000095000000, 0x0000000095000000| Untracked 
| 337|0x0000000095100000, 0x0000000095100000, 0x0000000095200000|  0%| F|  |TAMS 0x0000000095100000, 0x0000000095100000| Untracked 
| 338|0x0000000095200000, 0x0000000095200000, 0x0000000095300000|  0%| F|  |TAMS 0x0000000095200000, 0x0000000095200000| Untracked 
| 339|0x0000000095300000, 0x0000000095300000, 0x0000000095400000|  0%| F|  |TAMS 0x0000000095300000, 0x0000000095300000| Untracked 
| 340|0x0000000095400000, 0x0000000095400000, 0x0000000095500000|  0%| F|  |TAMS 0x0000000095400000, 0x0000000095400000| Untracked 
| 341|0x0000000095500000, 0x0000000095500000, 0x0000000095600000|  0%| F|  |TAMS 0x0000000095500000, 0x0000000095500000| Untracked 
| 342|0x0000000095600000, 0x0000000095600000, 0x0000000095700000|  0%| F|  |TAMS 0x0000000095600000, 0x0000000095600000| Untracked 
| 343|0x0000000095700000, 0x0000000095700000, 0x0000000095800000|  0%| F|  |TAMS 0x0000000095700000, 0x0000000095700000| Untracked 
| 344|0x0000000095800000, 0x0000000095800000, 0x0000000095900000|  0%| F|  |TAMS 0x0000000095800000, 0x0000000095800000| Untracked 
| 345|0x0000000095900000, 0x0000000095900000, 0x0000000095a00000|  0%| F|  |TAMS 0x0000000095900000, 0x0000000095900000| Untracked 
| 346|0x0000000095a00000, 0x0000000095a00000, 0x0000000095b00000|  0%| F|  |TAMS 0x0000000095a00000, 0x0000000095a00000| Untracked 
| 347|0x0000000095b00000, 0x0000000095b00000, 0x0000000095c00000|  0%| F|  |TAMS 0x0000000095b00000, 0x0000000095b00000| Untracked 
| 348|0x0000000095c00000, 0x0000000095c00000, 0x0000000095d00000|  0%| F|  |TAMS 0x0000000095c00000, 0x0000000095c00000| Untracked 
| 349|0x0000000095d00000, 0x0000000095d00000, 0x0000000095e00000|  0%| F|  |TAMS 0x0000000095d00000, 0x0000000095d00000| Untracked 
| 350|0x0000000095e00000, 0x0000000095e00000, 0x0000000095f00000|  0%| F|  |TAMS 0x0000000095e00000, 0x0000000095e00000| Untracked 

Card table byte_map: [0x00000292abfc0000,0x00000292ac3c0000] _byte_map_base: 0x00000292abbc0000

Marking Bits (Prev, Next): (CMBitMap*) 0x0000029299687148, (CMBitMap*) 0x0000029299687180
 Prev Bits: [0x00000292ac7c0000, 0x00000292ae7c0000)
 Next Bits: [0x00000292ae7c0000, 0x00000292b07c0000)

Polling page: 0x00000292975a0000

Metaspace:

Usage:
  Non-class:    104.96 MB capacity,   103.27 MB ( 98%) used,     1.40 MB (  1%) free+waste,   290.88 KB ( <1%) overhead. 
      Class:     14.65 MB capacity,    13.83 MB ( 94%) used,   721.95 KB (  5%) free+waste,   121.75 KB ( <1%) overhead. 
       Both:    119.61 MB capacity,   117.10 MB ( 98%) used,     2.10 MB (  2%) free+waste,   412.63 KB ( <1%) overhead. 

Virtual space:
  Non-class space:      108.00 MB reserved,     107.50 MB (>99%) committed 
      Class space:        1.00 GB reserved,      15.32 MB (  1%) committed 
             Both:        1.11 GB reserved,     122.82 MB ( 11%) committed 

Chunk freelists:
   Non-Class:  2.48 MB
       Class:  612.00 KB
        Both:  3.08 MB

MaxMetaspaceSize: 17179869184.00 GB
CompressedClassSpaceSize: 1.00 GB

CodeHeap 'non-profiled nmethods': size=120064Kb used=13018Kb max_used=13499Kb free=107046Kb
 bounds [0x00000292a4a80000, 0x00000292a57c0000, 0x00000292abfc0000]
CodeHeap 'profiled nmethods': size=120000Kb used=40897Kb max_used=44657Kb free=79103Kb
 bounds [0x000002929d550000, 0x00000292a0130000, 0x00000292a4a80000]
CodeHeap 'non-nmethods': size=5696Kb used=2391Kb max_used=2449Kb free=3304Kb
 bounds [0x000002929cfc0000, 0x000002929d240000, 0x000002929d550000]
 total_blobs=19494 nmethods=18431 adapters=973
 compilation: enabled
              stopped_count=0, restarted_count=0
 full_count=0

Compilation events (20 events):
Event: 4068.621 Thread 0x00000292b34d8800 23065       2       com.android.tools.r8.code.CmplDouble::collectIndexedItems (8 bytes)
Event: 4068.621 Thread 0x00000292b34d8800 nmethod 23065 0x000002929d6cdb90 code [0x000002929d6cdd40, 0x000002929d6cde38]
Event: 4068.622 Thread 0x00000292b34d8800 23066       2       com.android.tools.r8.code.CmpgDouble::collectIndexedItems (8 bytes)
Event: 4068.622 Thread 0x00000292b34d8800 nmethod 23066 0x000002929d6db110 code [0x000002929d6db2c0, 0x000002929d6db3b8]
Event: 4068.771 Thread 0x00000292b34d8800 23068 %     3       com.android.tools.r8.it.unimi.dsi.fastutil.objects.Reference2IntOpenHashMap::insert @ 68 (147 bytes)
Event: 4068.771 Thread 0x00000292b34d3800 nmethod 23044 0x00000292a550e290 code [0x00000292a550e940, 0x00000292a5514cb8]
Event: 4068.771 Thread 0x00000292b34d3800 23067       4       java.util.TimSort::mergeLo (659 bytes)
Event: 4068.772 Thread 0x00000292b34d8800 nmethod 23068% 0x000002929d86b010 code [0x000002929d86b240, 0x000002929d86b9c8]
Event: 4068.772 Thread 0x00000292b34d8800 23069       3       com.android.tools.r8.it.unimi.dsi.fastutil.objects.Reference2IntOpenHashMap::insert (147 bytes)
Event: 4068.774 Thread 0x00000292b34d8800 nmethod 23069 0x000002929d7a5510 code [0x000002929d7a5720, 0x000002929d7a5de8]
Event: 4068.875 Thread 0x00000292b34d3800 nmethod 23067 0x00000292a4e29e90 code [0x00000292a4e2a0a0, 0x00000292a4e2bd18]
Event: 4068.875 Thread 0x00000292b34d3800 23050       4       com.android.tools.r8.graph.DexField::collectIndexedItems (44 bytes)
Event: 4069.511 Thread 0x00000292b34d8800 23082       2       com.android.tools.r8.graph.DexAnnotationDirectory::<init> (281 bytes)
Event: 4069.513 Thread 0x00000292b34d8800 nmethod 23082 0x000002929d975210 code [0x000002929d9754c0, 0x000002929d975fd8]
Event: 4069.514 Thread 0x00000292b34d8800 23083       2       com.android.tools.r8.utils.OrderedMergingIterator::<init> (25 bytes)
Event: 4069.514 Thread 0x00000292b34d8800 nmethod 23083 0x000002929d6e3090 code [0x000002929d6e3240, 0x000002929d6e33f8]
Event: 4069.516 Thread 0x00000292b34d8800 23084 %     3       com.android.tools.r8.graph.DexAnnotationDirectory::<init> @ 238 (281 bytes)
Event: 4069.519 Thread 0x00000292b34d8800 nmethod 23084% 0x000002929de09510 code [0x000002929de098c0, 0x000002929de0b438]
Event: 4069.520 Thread 0x00000292b34d8800 23085       3       com.android.tools.r8.graph.DexAnnotationDirectory::<init> (281 bytes)
Event: 4069.523 Thread 0x00000292b34d8800 nmethod 23085 0x000002929de06e10 code [0x000002929de071c0, 0x000002929de08cb8]

GC Heap History (20 events):
Event: 4049.143 GC heap after
{Heap after GC invocations=112 (full 0):
 garbage-first heap   total 359424K, used 139264K [0x0000000080000000, 0x0000000100000000)
  region size 1024K, 1 young (1024K), 1 survivors (1024K)
 Metaspace       used 119740K, capacity 122202K, committed 125772K, reserved 1159168K
  class space    used 14154K, capacity 14997K, committed 15692K, reserved 1048576K
}
Event: 4060.171 GC heap before
{Heap before GC invocations=112 (full 0):
 garbage-first heap   total 359424K, used 191488K [0x0000000080000000, 0x0000000100000000)
  region size 1024K, 52 young (53248K), 1 survivors (1024K)
 Metaspace       used 119827K, capacity 122412K, committed 125772K, reserved 1159168K
  class space    used 14158K, capacity 15002K, committed 15692K, reserved 1048576K
}
Event: 4060.227 GC heap after
{Heap after GC invocations=113 (full 0):
 garbage-first heap   total 359424K, used 141291K [0x0000000080000000, 0x0000000100000000)
  region size 1024K, 3 young (3072K), 3 survivors (3072K)
 Metaspace       used 119827K, capacity 122412K, committed 125772K, reserved 1159168K
  class space    used 14158K, capacity 15002K, committed 15692K, reserved 1048576K
}
Event: 4061.474 GC heap before
{Heap before GC invocations=114 (full 0):
 garbage-first heap   total 359424K, used 173035K [0x0000000080000000, 0x0000000100000000)
  region size 1024K, 39 young (39936K), 3 survivors (3072K)
 Metaspace       used 119831K, capacity 122415K, committed 125772K, reserved 1159168K
  class space    used 14158K, capacity 15003K, committed 15692K, reserved 1048576K
}
Event: 4061.551 GC heap after
{Heap after GC invocations=115 (full 0):
 garbage-first heap   total 359424K, used 140622K [0x0000000080000000, 0x0000000100000000)
  region size 1024K, 5 young (5120K), 5 survivors (5120K)
 Metaspace       used 119831K, capacity 122415K, committed 125772K, reserved 1159168K
  class space    used 14158K, capacity 15003K, committed 15692K, reserved 1048576K
}
Event: 4062.130 GC heap before
{Heap before GC invocations=115 (full 0):
 garbage-first heap   total 359424K, used 151886K [0x0000000080000000, 0x0000000100000000)
  region size 1024K, 17 young (17408K), 5 survivors (5120K)
 Metaspace       used 119884K, capacity 122479K, committed 125772K, reserved 1159168K
  class space    used 14158K, capacity 15003K, committed 15692K, reserved 1048576K
}
Event: 4062.244 GC heap after
{Heap after GC invocations=116 (full 0):
 garbage-first heap   total 359424K, used 128040K [0x0000000080000000, 0x0000000100000000)
  region size 1024K, 2 young (2048K), 2 survivors (2048K)
 Metaspace       used 119884K, capacity 122479K, committed 125772K, reserved 1159168K
  class space    used 14158K, capacity 15003K, committed 15692K, reserved 1048576K
}
Event: 4062.614 GC heap before
{Heap before GC invocations=116 (full 0):
 garbage-first heap   total 359424K, used 142376K [0x0000000080000000, 0x0000000100000000)
  region size 1024K, 17 young (17408K), 2 survivors (2048K)
 Metaspace       used 119892K, capacity 122479K, committed 125772K, reserved 1159168K
  class space    used 14158K, capacity 15003K, committed 15692K, reserved 1048576K
}
Event: 4062.678 GC heap after
{Heap after GC invocations=117 (full 0):
 garbage-first heap   total 359424K, used 125435K [0x0000000080000000, 0x0000000100000000)
  region size 1024K, 2 young (2048K), 2 survivors (2048K)
 Metaspace       used 119892K, capacity 122479K, committed 125772K, reserved 1159168K
  class space    used 14158K, capacity 15003K, committed 15692K, reserved 1048576K
}
Event: 4064.114 GC heap before
{Heap before GC invocations=117 (full 0):
 garbage-first heap   total 359424K, used 133627K [0x0000000080000000, 0x0000000100000000)
  region size 1024K, 12 young (12288K), 2 survivors (2048K)
 Metaspace       used 119903K, capacity 122479K, committed 125772K, reserved 1159168K
  class space    used 14158K, capacity 15003K, committed 15692K, reserved 1048576K
}
Event: 4064.131 GC heap after
{Heap after GC invocations=118 (full 0):
 garbage-first heap   total 359424K, used 124369K [0x0000000080000000, 0x0000000100000000)
  region size 1024K, 3 young (3072K), 3 survivors (3072K)
 Metaspace       used 119903K, capacity 122479K, committed 125772K, reserved 1159168K
  class space    used 14158K, capacity 15003K, committed 15692K, reserved 1048576K
}
Event: 4065.318 GC heap before
{Heap before GC invocations=119 (full 0):
 garbage-first heap   total 359424K, used 203217K [0x0000000080000000, 0x0000000100000000)
  region size 1024K, 73 young (74752K), 3 survivors (3072K)
 Metaspace       used 119905K, capacity 122479K, committed 125772K, reserved 1159168K
  class space    used 14159K, capacity 15003K, committed 15692K, reserved 1048576K
}
Event: 4065.690 GC heap after
{Heap after GC invocations=120 (full 0):
 garbage-first heap   total 359424K, used 163600K [0x0000000080000000, 0x0000000100000000)
  region size 1024K, 10 young (10240K), 10 survivors (10240K)
 Metaspace       used 119905K, capacity 122479K, committed 125772K, reserved 1159168K
  class space    used 14159K, capacity 15003K, committed 15692K, reserved 1048576K
}
Event: 4065.968 GC heap before
{Heap before GC invocations=120 (full 0):
 garbage-first heap   total 359424K, used 170768K [0x0000000080000000, 0x0000000100000000)
  region size 1024K, 17 young (17408K), 10 survivors (10240K)
 Metaspace       used 119905K, capacity 122479K, committed 125772K, reserved 1159168K
  class space    used 14159K, capacity 15003K, committed 15692K, reserved 1048576K
}
Event: 4066.214 GC heap after
{Heap after GC invocations=121 (full 0):
 garbage-first heap   total 359424K, used 153600K [0x0000000080000000, 0x0000000100000000)
  region size 1024K, 3 young (3072K), 3 survivors (3072K)
 Metaspace       used 119905K, capacity 122479K, committed 125772K, reserved 1159168K
  class space    used 14159K, capacity 15003K, committed 15692K, reserved 1048576K
}
Event: 4067.057 GC heap before
{Heap before GC invocations=121 (full 0):
 garbage-first heap   total 359424K, used 166912K [0x0000000080000000, 0x0000000100000000)
  region size 1024K, 17 young (17408K), 3 survivors (3072K)
 Metaspace       used 119908K, capacity 122479K, committed 125772K, reserved 1159168K
  class space    used 14159K, capacity 15003K, committed 15692K, reserved 1048576K
}
Event: 4067.209 GC heap after
{Heap after GC invocations=122 (full 0):
 garbage-first heap   total 359424K, used 159744K [0x0000000080000000, 0x0000000100000000)
  region size 1024K, 3 young (3072K), 3 survivors (3072K)
 Metaspace       used 119908K, capacity 122479K, committed 125772K, reserved 1159168K
  class space    used 14159K, capacity 15003K, committed 15692K, reserved 1048576K
}
Event: 4069.215 GC heap before
{Heap before GC invocations=123 (full 0):
 garbage-first heap   total 359424K, used 173056K [0x0000000080000000, 0x0000000100000000)
  region size 1024K, 17 young (17408K), 3 survivors (3072K)
 Metaspace       used 119911K, capacity 122479K, committed 125772K, reserved 1159168K
  class space    used 14159K, capacity 15003K, committed 15692K, reserved 1048576K
}
Event: 4069.281 GC heap after
{Heap after GC invocations=124 (full 0):
 garbage-first heap   total 359424K, used 166656K [0x0000000080000000, 0x0000000100000000)
  region size 1024K, 3 young (3072K), 3 survivors (3072K)
 Metaspace       used 119911K, capacity 122479K, committed 125772K, reserved 1159168K
  class space    used 14159K, capacity 15003K, committed 15692K, reserved 1048576K
}
Event: 4069.589 GC heap before
{Heap before GC invocations=124 (full 0):
 garbage-first heap   total 359424K, used 182016K [0x0000000080000000, 0x0000000100000000)
  region size 1024K, 17 young (17408K), 3 survivors (3072K)
 Metaspace       used 119911K, capacity 122479K, committed 125772K, reserved 1159168K
  class space    used 14159K, capacity 15003K, committed 15692K, reserved 1048576K
}

Deoptimization events (20 events):
Event: 4068.852 Thread 0x00000292bcb03800 DEOPT PACKING pc=0x000002929eb87cc8 sp=0x000000ea213fe8a0
Event: 4068.852 Thread 0x00000292bcb03800 DEOPT UNPACKING pc=0x000002929cfe66bf sp=0x000000ea213fdd88 mode 0
Event: 4068.853 Thread 0x00000292bcb03800 DEOPT PACKING pc=0x000002929eb87cc8 sp=0x000000ea213fe8a0
Event: 4068.853 Thread 0x00000292bcb03800 DEOPT UNPACKING pc=0x000002929cfe66bf sp=0x000000ea213fdd88 mode 0
Event: 4068.855 Thread 0x00000292bcb03800 DEOPT PACKING pc=0x000002929eb87cc8 sp=0x000000ea213fe8a0
Event: 4068.855 Thread 0x00000292bcb03800 DEOPT UNPACKING pc=0x000002929cfe66bf sp=0x000000ea213fdd88 mode 0
Event: 4068.860 Thread 0x00000292bcb03800 DEOPT PACKING pc=0x000002929eb87cc8 sp=0x000000ea213fe8a0
Event: 4068.860 Thread 0x00000292bcb03800 DEOPT UNPACKING pc=0x000002929cfe66bf sp=0x000000ea213fdd88 mode 0
Event: 4068.862 Thread 0x00000292bcb03800 DEOPT PACKING pc=0x000002929eb87cc8 sp=0x000000ea213fe8a0
Event: 4068.862 Thread 0x00000292bcb03800 DEOPT UNPACKING pc=0x000002929cfe66bf sp=0x000000ea213fdd88 mode 0
Event: 4068.865 Thread 0x00000292bcb03800 DEOPT PACKING pc=0x000002929eb87cc8 sp=0x000000ea213fe8a0
Event: 4068.865 Thread 0x00000292bcb03800 DEOPT UNPACKING pc=0x000002929cfe66bf sp=0x000000ea213fdd88 mode 0
Event: 4068.867 Thread 0x00000292bcb03800 DEOPT PACKING pc=0x000002929eb87cc8 sp=0x000000ea213fe8a0
Event: 4068.867 Thread 0x00000292bcb03800 DEOPT UNPACKING pc=0x000002929cfe66bf sp=0x000000ea213fdd88 mode 0
Event: 4069.510 Thread 0x00000292bcb08800 Uncommon trap: trap_request=0xffffff4d fr.pc=0x00000292a55d8aa4 relative=0x0000000000005124
Event: 4069.510 Thread 0x00000292bcb08800 Uncommon trap: reason=unstable_if action=reinterpret pc=0x00000292a55d8aa4 method=com.android.tools.r8.utils.OrderedMergingIterator.next()Lcom/android/tools/r8/graph/KeyedDexItem; @ 121 c2
Event: 4069.510 Thread 0x00000292bcb08800 DEOPT PACKING pc=0x00000292a55d8aa4 sp=0x000000ea212fe380
Event: 4069.510 Thread 0x00000292bcb08800 DEOPT UNPACKING pc=0x000002929cfe68a9 sp=0x000000ea212fe340 mode 2
Event: 4069.523 Thread 0x00000292bcb08800 DEOPT PACKING pc=0x000002929d975e98 sp=0x000000ea212fe3a0
Event: 4069.523 Thread 0x00000292bcb08800 DEOPT UNPACKING pc=0x000002929cfe66bf sp=0x000000ea212fd8a0 mode 0

Classes redefined (0 events):
No events

Internal exceptions (20 events):
Event: 4062.488 Thread 0x00000292bcb02000 Exception <a 'sun/nio/fs/WindowsException'{0x00000000956ec058}> (0x00000000956ec058) thrown at [./src/hotspot/share/prims/jni.cpp, line 615]
Event: 4062.495 Thread 0x00000292bcb02000 Exception <a 'sun/nio/fs/WindowsException'{0x00000000956f1e40}> (0x00000000956f1e40) thrown at [./src/hotspot/share/prims/jni.cpp, line 615]
Event: 4062.505 Thread 0x00000292bcb02000 Exception <a 'sun/nio/fs/WindowsException'{0x00000000956f9580}> (0x00000000956f9580) thrown at [./src/hotspot/share/prims/jni.cpp, line 615]
Event: 4062.512 Thread 0x00000292bcb02000 Exception <a 'sun/nio/fs/WindowsException'{0x00000000955c4c18}> (0x00000000955c4c18) thrown at [./src/hotspot/share/prims/jni.cpp, line 615]
Event: 4062.522 Thread 0x00000292bcb02000 Exception <a 'sun/nio/fs/WindowsException'{0x00000000955cabe0}> (0x00000000955cabe0) thrown at [./src/hotspot/share/prims/jni.cpp, line 615]
Event: 4062.530 Thread 0x00000292bcb02000 Exception <a 'sun/nio/fs/WindowsException'{0x00000000955cfd90}> (0x00000000955cfd90) thrown at [./src/hotspot/share/prims/jni.cpp, line 615]
Event: 4062.537 Thread 0x00000292bcb02000 Exception <a 'sun/nio/fs/WindowsException'{0x00000000955d5088}> (0x00000000955d5088) thrown at [./src/hotspot/share/prims/jni.cpp, line 615]
Event: 4062.545 Thread 0x00000292bcb02000 Exception <a 'sun/nio/fs/WindowsException'{0x00000000955d9cb8}> (0x00000000955d9cb8) thrown at [./src/hotspot/share/prims/jni.cpp, line 615]
Event: 4062.551 Thread 0x00000292bcb02000 Exception <a 'sun/nio/fs/WindowsException'{0x00000000955de750}> (0x00000000955de750) thrown at [./src/hotspot/share/prims/jni.cpp, line 615]
Event: 4062.558 Thread 0x00000292bcb02000 Exception <a 'sun/nio/fs/WindowsException'{0x00000000955e4590}> (0x00000000955e4590) thrown at [./src/hotspot/share/prims/jni.cpp, line 615]
Event: 4062.567 Thread 0x00000292bcb02000 Exception <a 'sun/nio/fs/WindowsException'{0x00000000950c54e0}> (0x00000000950c54e0) thrown at [./src/hotspot/share/prims/jni.cpp, line 615]
Event: 4062.575 Thread 0x00000292bcb02000 Exception <a 'sun/nio/fs/WindowsException'{0x00000000950d5088}> (0x00000000950d5088) thrown at [./src/hotspot/share/prims/jni.cpp, line 615]
Event: 4062.582 Thread 0x00000292bcb02000 Exception <a 'sun/nio/fs/WindowsException'{0x00000000950d9d20}> (0x00000000950d9d20) thrown at [./src/hotspot/share/prims/jni.cpp, line 615]
Event: 4062.590 Thread 0x00000292bcb02000 Exception <a 'sun/nio/fs/WindowsException'{0x00000000950dfc98}> (0x00000000950dfc98) thrown at [./src/hotspot/share/prims/jni.cpp, line 615]
Event: 4062.598 Thread 0x00000292bcb02000 Exception <a 'sun/nio/fs/WindowsException'{0x0000000094fc0480}> (0x0000000094fc0480) thrown at [./src/hotspot/share/prims/jni.cpp, line 615]
Event: 4062.606 Thread 0x00000292bcb02000 Exception <a 'sun/nio/fs/WindowsException'{0x0000000094fc5498}> (0x0000000094fc5498) thrown at [./src/hotspot/share/prims/jni.cpp, line 615]
Event: 4062.680 Thread 0x00000292bcb02000 Exception <a 'sun/nio/fs/WindowsException'{0x0000000095e4aa40}> (0x0000000095e4aa40) thrown at [./src/hotspot/share/prims/jni.cpp, line 615]
Event: 4062.690 Thread 0x00000292bcb02000 Exception <a 'sun/nio/fs/WindowsException'{0x0000000095e8f540}> (0x0000000095e8f540) thrown at [./src/hotspot/share/prims/jni.cpp, line 615]
Event: 4064.255 Thread 0x00000292bcb08800 Exception <a 'sun/nio/fs/WindowsException'{0x0000000095e02a80}> (0x0000000095e02a80) thrown at [./src/hotspot/share/prims/jni.cpp, line 615]
Event: 4064.760 Thread 0x00000292bcb08800 Implicit null exception at 0x00000292a4dc871d to 0x00000292a4dcaf04

Events (20 events):
Event: 4064.789 Executing VM operation: RevokeBias done
Event: 4064.790 Executing VM operation: RevokeBias
Event: 4064.790 Executing VM operation: RevokeBias done
Event: 4064.791 Executing VM operation: RevokeBias
Event: 4064.791 Executing VM operation: RevokeBias done
Event: 4065.318 Executing VM operation: G1CollectForAllocation
Event: 4065.690 Executing VM operation: G1CollectForAllocation done
Event: 4065.966 Executing VM operation: G1CollectForAllocation
Event: 4066.214 Executing VM operation: G1CollectForAllocation done
Event: 4066.249 Executing VM operation: RevokeBias
Event: 4066.252 Executing VM operation: RevokeBias done
Event: 4067.056 Executing VM operation: G1CollectForAllocation
Event: 4067.209 Executing VM operation: G1CollectForAllocation done
Event: 4067.883 Executing VM operation: CGC_Operation
Event: 4067.986 Executing VM operation: CGC_Operation done
Event: 4068.319 Executing VM operation: CGC_Operation
Event: 4068.320 Executing VM operation: CGC_Operation done
Event: 4069.213 Executing VM operation: G1CollectForAllocation
Event: 4069.281 Executing VM operation: G1CollectForAllocation done
Event: 4069.589 Executing VM operation: G1CollectForAllocation


Dynamic libraries:
0x00007ff7dbaa0000 - 0x00007ff7dbaaa000 	D:\waseem\4. ELECTIVES MOBILE APP\Android Studio\jre\bin\java.exe
0x00007ffbb25f0000 - 0x00007ffbb27cb000 	C:\WINDOWS\SYSTEM32\ntdll.dll
0x00007ffbb1e90000 - 0x00007ffbb1f3e000 	C:\WINDOWS\System32\KERNEL32.DLL
0x00007ffbaef60000 - 0x00007ffbaf1aa000 	C:\WINDOWS\System32\KERNELBASE.dll
0x00007ffbaee10000 - 0x00007ffbaef06000 	C:\WINDOWS\System32\ucrtbase.dll
0x00007ffb9c270000 - 0x00007ffb9c289000 	D:\waseem\4. ELECTIVES MOBILE APP\Android Studio\jre\bin\jli.dll
0x00007ffbb0060000 - 0x00007ffbb01aa000 	C:\WINDOWS\System32\USER32.dll
0x00007ffbafb30000 - 0x00007ffbafb4e000 	C:\WINDOWS\System32\win32u.dll
0x00007ffbb1fb0000 - 0x00007ffbb1fd7000 	C:\WINDOWS\System32\GDI32.dll
0x00007ffbaeb70000 - 0x00007ffbaecf8000 	C:\WINDOWS\System32\gdi32full.dll
0x00007ffbaed70000 - 0x00007ffbaee0a000 	C:\WINDOWS\System32\msvcp_win.dll
0x00007ffba35f0000 - 0x00007ffba3857000 	C:\WINDOWS\WinSxS\amd64_microsoft.windows.common-controls_6595b64144ccf1df_6.0.15063.1155_none_40c7922129a7722b\COMCTL32.dll
0x00007ffbb1bf0000 - 0x00007ffbb1c8d000 	C:\WINDOWS\System32\msvcrt.dll
0x00007ffbafd60000 - 0x00007ffbb0059000 	C:\WINDOWS\System32\combase.dll
0x00007ffbb2460000 - 0x00007ffbb2585000 	C:\WINDOWS\System32\RPCRT4.dll
0x00007ffbaed00000 - 0x00007ffbaed6a000 	C:\WINDOWS\System32\bcryptPrimitives.dll
0x00007ffb9c1c0000 - 0x00007ffb9c1d7000 	D:\waseem\4. ELECTIVES MOBILE APP\Android Studio\jre\bin\VCRUNTIME140.dll
0x00007ffbb2300000 - 0x00007ffbb232d000 	C:\WINDOWS\System32\IMM32.DLL
0x00007ffb7cde0000 - 0x00007ffb7ce7d000 	D:\waseem\4. ELECTIVES MOBILE APP\Android Studio\jre\bin\msvcp140.dll
0x00007ffb77620000 - 0x00007ffb780dc000 	D:\waseem\4. ELECTIVES MOBILE APP\Android Studio\jre\bin\server\jvm.dll
0x00007ffbb23b0000 - 0x00007ffbb2451000 	C:\WINDOWS\System32\ADVAPI32.dll
0x00007ffbb2590000 - 0x00007ffbb25e9000 	C:\WINDOWS\System32\sechost.dll
0x00007ffbafca0000 - 0x00007ffbafca8000 	C:\WINDOWS\System32\PSAPI.DLL
0x00007ffba4cc0000 - 0x00007ffba4cc9000 	C:\WINDOWS\SYSTEM32\WSOCK32.dll
0x00007ffbb1f40000 - 0x00007ffbb1fac000 	C:\WINDOWS\System32\WS2_32.dll
0x00007ffbad040000 - 0x00007ffbad063000 	C:\WINDOWS\SYSTEM32\WINMM.dll
0x00007ffba0220000 - 0x00007ffba022a000 	C:\WINDOWS\SYSTEM32\VERSION.dll
0x00007ffbacf00000 - 0x00007ffbacf2b000 	C:\WINDOWS\SYSTEM32\WINMMBASE.dll
0x00007ffbaef10000 - 0x00007ffbaef59000 	C:\WINDOWS\System32\cfgmgr32.dll
0x00007ffbaeaf0000 - 0x00007ffbaeb01000 	C:\WINDOWS\System32\kernel.appcore.dll
0x00007ffb9e880000 - 0x00007ffb9e891000 	D:\waseem\4. ELECTIVES MOBILE APP\Android Studio\jre\bin\verify.dll
0x00007ffba7660000 - 0x00007ffba7809000 	C:\WINDOWS\SYSTEM32\DBGHELP.DLL
0x00007ffb9d1f0000 - 0x00007ffb9d219000 	C:\WINDOWS\SYSTEM32\dbgcore.DLL
0x00007ffb87d60000 - 0x00007ffb87d89000 	D:\waseem\4. ELECTIVES MOBILE APP\Android Studio\jre\bin\java.dll
0x00007ffbad140000 - 0x00007ffbad14b000 	D:\waseem\4. ELECTIVES MOBILE APP\Android Studio\jre\bin\jimage.dll
0x00007ffb89520000 - 0x00007ffb89538000 	D:\waseem\4. ELECTIVES MOBILE APP\Android Studio\jre\bin\zip.dll
0x00007ffbb0370000 - 0x00007ffbb17a8000 	C:\WINDOWS\System32\SHELL32.dll
0x00007ffbafcb0000 - 0x00007ffbafd5a000 	C:\WINDOWS\System32\shcore.dll
0x00007ffbaf380000 - 0x00007ffbafa71000 	C:\WINDOWS\System32\windows.storage.dll
0x00007ffbb1e30000 - 0x00007ffbb1e81000 	C:\WINDOWS\System32\shlwapi.dll
0x00007ffbaeaa0000 - 0x00007ffbaeaec000 	C:\WINDOWS\System32\powrprof.dll
0x00007ffbaea60000 - 0x00007ffbaea75000 	C:\WINDOWS\System32\profapi.dll
0x00007ffb7f1e0000 - 0x00007ffb7f1fa000 	D:\waseem\4. ELECTIVES MOBILE APP\Android Studio\jre\bin\net.dll
0x00007ffba15a0000 - 0x00007ffba1676000 	C:\WINDOWS\SYSTEM32\WINHTTP.dll
0x00007ffbae310000 - 0x00007ffbae36c000 	C:\WINDOWS\system32\mswsock.dll
0x00007ffb7f1c0000 - 0x00007ffb7f1d4000 	D:\waseem\4. ELECTIVES MOBILE APP\Android Studio\jre\bin\nio.dll
0x00007ffb9c2c0000 - 0x00007ffb9c2de000 	C:\Users\wasee\.gradle\native\25\windows-amd64\native-platform.dll
0x00007ffba8690000 - 0x00007ffba869a000 	D:\waseem\4. ELECTIVES MOBILE APP\Android Studio\jre\bin\management.dll
0x00007ffb9e870000 - 0x00007ffb9e87c000 	D:\waseem\4. ELECTIVES MOBILE APP\Android Studio\jre\bin\management_ext.dll
0x00007ffbae4b0000 - 0x00007ffbae4c7000 	C:\WINDOWS\SYSTEM32\CRYPTSP.dll
0x00007ffbadf20000 - 0x00007ffbadf54000 	C:\WINDOWS\system32\rsaenh.dll
0x00007ffbae930000 - 0x00007ffbae955000 	C:\WINDOWS\SYSTEM32\bcrypt.dll
0x00007ffbae990000 - 0x00007ffbae9b9000 	C:\WINDOWS\SYSTEM32\USERENV.dll
0x00007ffbae4d0000 - 0x00007ffbae4db000 	C:\WINDOWS\SYSTEM32\CRYPTBASE.dll
0x00007ffbae0b0000 - 0x00007ffbae0e7000 	C:\WINDOWS\SYSTEM32\IPHLPAPI.DLL
0x00007ffbb2060000 - 0x00007ffbb2068000 	C:\WINDOWS\System32\NSI.dll
0x00007ffba0be0000 - 0x00007ffba0bf6000 	C:\WINDOWS\SYSTEM32\dhcpcsvc6.DLL
0x00007ffba10b0000 - 0x00007ffba10ca000 	C:\WINDOWS\SYSTEM32\dhcpcsvc.DLL
0x00007ffb7bdb0000 - 0x00007ffb7bf52000 	D:\waseem\4. ELECTIVES MOBILE APP\Android Studio\jre\bin\awt.dll
0x00007ffbb21e0000 - 0x00007ffbb22a0000 	C:\WINDOWS\System32\OLEAUT32.dll
0x00007ffbabf80000 - 0x00007ffbabfaa000 	C:\WINDOWS\SYSTEM32\dwmapi.dll
0x00007ffbad150000 - 0x00007ffbad1ce000 	C:\WINDOWS\SYSTEM32\apphelp.dll
0x00007ffbad350000 - 0x00007ffbad3e5000 	C:\WINDOWS\system32\uxtheme.dll

dbghelp: loaded successfully - version: 4.0.5 - missing functions: none
symbol engine: initialized successfully - sym options: 0x614 - pdb path: .;D:\waseem\4. ELECTIVES MOBILE APP\Android Studio\jre\bin;C:\WINDOWS\SYSTEM32;C:\WINDOWS\WinSxS\amd64_microsoft.windows.common-controls_6595b64144ccf1df_6.0.15063.1155_none_40c7922129a7722b;D:\waseem\4. ELECTIVES MOBILE APP\Android Studio\jre\bin\server;C:\Users\wasee\.gradle\native\25\windows-amd64

VM Arguments:
jvm_args: --add-opens=java.base/java.util=ALL-UNNAMED --add-opens=java.base/java.lang=ALL-UNNAMED --add-opens=java.base/java.lang.invoke=ALL-UNNAMED --add-opens=java.prefs/java.util.prefs=ALL-UNNAMED -Xmx2048m -Dfile.encoding=UTF-8 -Duser.country=ZA -Duser.language=en -Duser.variant 
java_command: org.gradle.launcher.daemon.bootstrap.GradleDaemon 5.1.1
java_class_path (initial): C:\Users\wasee\.gradle\wrapper\dists\gradle-5.1.1-bin\90y9l8txxfw1s2o6ctiqeruwn\gradle-5.1.1\lib\gradle-launcher-5.1.1.jar
Launcher Type: SUN_STANDARD

[Global flags]
     intx CICompilerCount                          = 2                                         {product} {ergonomic}
     uint ConcGCThreads                            = 1                                         {product} {ergonomic}
     uint G1ConcRefinementThreads                  = 2                                         {product} {ergonomic}
   size_t G1HeapRegionSize                         = 1048576                                   {product} {ergonomic}
    uintx GCDrainStackTargetSize                   = 64                                        {product} {ergonomic}
   size_t InitialHeapSize                          = 67108864                                  {product} {ergonomic}
   size_t MarkStackSize                            = 4194304                                   {product} {ergonomic}
   size_t MaxHeapSize                              = 2147483648                                {product} {command line}
   size_t MaxNewSize                               = 1287651328                                {product} {ergonomic}
   size_t MinHeapDeltaBytes                        = 1048576                                   {product} {ergonomic}
    uintx NonNMethodCodeHeapSize                   = 5825164                                {pd product} {ergonomic}
    uintx NonProfiledCodeHeapSize                  = 122916538                              {pd product} {ergonomic}
    uintx ProfiledCodeHeapSize                     = 122916538                              {pd product} {ergonomic}
    uintx ReservedCodeCacheSize                    = 251658240                              {pd product} {ergonomic}
     bool SegmentedCodeCache                       = true                                      {product} {ergonomic}
     bool UseCompressedClassPointers               = true                                 {lp64_product} {ergonomic}
     bool UseCompressedOops                        = true                                 {lp64_product} {ergonomic}
     bool UseG1GC                                  = true                                      {product} {ergonomic}
     bool UseLargePagesIndividualAllocation        = false                                  {pd product} {ergonomic}

Logging:
Log output configuration:
 #0: stdout all=warning uptime,level,tags
 #1: stderr all=off uptime,level,tags

Environment Variables:
PATH=C:\Program Files\Common Files\Oracle\Java\javapath;C:\Program Files (x86)\Common Files\Oracle\Java\javapath;C:\Program Files\OpenJDK\jdk-11.0.8.10-hotspot\bin;C:\Program Files (x86)\Intel\TXE Components\TCS\;C:\Program Files\Intel\TXE Components\TCS\;C:\WINDOWS\system32;C:\WINDOWS;C:\WINDOWS\System32\Wbem;C:\WINDOWS\System32\WindowsPowerShell\v1.0\;C:\Program Files\Intel\TXE Components\DAL\;C:\Program Files (x86)\Intel\TXE Components\DAL\;C:\Program Files\Intel\TXE Components\IPT\;C:\Program Files (x86)\Intel\TXE Components\IPT\;C:\Users\wasee\AppData\Local\Microsoft\WindowsApps;
USERNAME=wasee
OS=Windows_NT
PROCESSOR_IDENTIFIER=Intel64 Family 6 Model 76 Stepping 4, GenuineIntel



---------------  S Y S T E M  ---------------

OS: Windows 10 , 64 bit Build 15063 (10.0.15063.1058)
OS uptime: 0 days 2:37 hours

CPU:total 2 (initial active 2) (2 cores per cpu, 1 threads per core) family 6 model 76 stepping 4, cmov, cx8, fxsr, mmx, sse, sse2, sse3, ssse3, sse4.1, sse4.2, popcnt, aes, clmul, erms, 3dnowpref, tsc, tscinvbit

Memory: 4k page, system-wide physical 4002M (601M free)
TotalPageFile size 4593M (AvailPageFile size 151M)
current process WorkingSet (physical memory assigned to process): 630M, peak: 708M
current process commit charge ("private bytes"): 704M, peak: 1035M

vm_info: OpenJDK 64-Bit Server VM (11.0.8+10-b944.6842174) for windows-amd64 JRE (11.0.8+10-b944.6842174), built on Sep 19 2020 01:11:42 by "builder" with MS VC++ 14.0 (VS2015)

END.
