#
# There is insufficient memory for the Java Runtime Environment to continue.
# Native memory allocation (malloc) failed to allocate 1537456 bytes for Chunk::new
# Possible reasons:
#   The system is out of physical RAM or swap space
#   The process is running with CompressedOops enabled, and the Java Heap may be blocking the growth of the native heap
# Possible solutions:
#   Reduce memory load on the system
#   Increase physical memory or swap space
#   Check if swap backing store is full
#   Decrease Java heap size (-Xmx/-Xms)
#   Decrease number of Java threads
#   Decrease Java thread stack sizes (-Xss)
#   Set larger code cache with -XX:ReservedCodeCacheSize=
#   JVM is running with Unscaled Compressed Oops mode in which the Java heap is
#     placed in the first 4GB address space. The Java Heap base address is the
#     maximum limit for the native heap growth. Please use -XX:HeapBaseMinAddress
#     to set the Java Heap base and to place the Java Heap above 4GB virtual address.
# This output file may be truncated or incomplete.
#
#  Out of Memory Error (./src/hotspot/share/memory/arena.cpp:197), pid=9920, tid=3816
#
# JRE version: OpenJDK Runtime Environment (11.0.8+10) (build 11.0.8+10-b944.6842174)
# Java VM: OpenJDK 64-Bit Server VM (11.0.8+10-b944.6842174, mixed mode, tiered, compressed oops, g1 gc, windows-amd64)
# No core dump will be written. Minidumps are not enabled by default on client versions of Windows
#

---------------  S U M M A R Y ------------

Command Line: --add-opens=java.base/java.util=ALL-UNNAMED --add-opens=java.base/java.lang=ALL-UNNAMED --add-opens=java.base/java.lang.invoke=ALL-UNNAMED --add-opens=java.prefs/java.util.prefs=ALL-UNNAMED -Xmx2048m -Dfile.encoding=UTF-8 -Duser.country=ZA -Duser.language=en -Duser.variant org.gradle.launcher.daemon.bootstrap.GradleDaemon 5.1.1

Host: Intel(R) Celeron(R) CPU  N3060  @ 1.60GHz, 2 cores, 3G,  Windows 10 , 64 bit Build 15063 (10.0.15063.1058)
Time: Sat Sep 25 15:15:00 2021 South Africa Standard Time elapsed time: 132 seconds (0d 0h 2m 12s)

---------------  T H R E A D  ---------------

Current thread (0x000002afd4db0800):  JavaThread "C2 CompilerThread0" daemon [_thread_in_native, id=3816, stack(0x000000d723200000,0x000000d723300000)]


Current CompileTask:
C2: 132553 13550       4       com.android.tools.r8.code.BaseInstructionFactory::create (3362 bytes)

Stack: [0x000000d723200000,0x000000d723300000]
Native frames: (J=compiled Java code, j=interpreted, Vv=VM code, C=native code)
V  [jvm.dll+0x5de50a]
V  [jvm.dll+0x7122f5]
V  [jvm.dll+0x71384d]
V  [jvm.dll+0x713f03]
V  [jvm.dll+0x23e728]
V  [jvm.dll+0xb899c]
V  [jvm.dll+0xb8e9c]
V  [jvm.dll+0x35024d]
V  [jvm.dll+0x31dea3]
V  [jvm.dll+0x31d39a]
V  [jvm.dll+0x1f7702]
V  [jvm.dll+0x1f68d4]
V  [jvm.dll+0x17f32c]
V  [jvm.dll+0x205047]
V  [jvm.dll+0x203891]
V  [jvm.dll+0x6dad3f]
V  [jvm.dll+0x6d3895]
V  [jvm.dll+0x5dd4a6]
C  [ucrtbase.dll+0x20279]
C  [KERNEL32.DLL+0x12784]
C  [ntdll.dll+0x50c51]


---------------  P R O C E S S  ---------------

Threads class SMR info:
_java_thread_list=0x000002afdc71c950, length=44, elements={
0x000002afb97e9800, 0x000002afd4d50000, 0x000002afd4d5b800, 0x000002afd4dae800,
0x000002afd4daf800, 0x000002afd4db0800, 0x000002afd4db5000, 0x000002afd5714800,
0x000002afd5804000, 0x000002afd580c800, 0x000002afd6537800, 0x000002afd6070000,
0x000002afd60c5800, 0x000002afd6850000, 0x000002afd6be5800, 0x000002afd6ae1000,
0x000002afd6126000, 0x000002afd5df1800, 0x000002afd6914800, 0x000002afd6d2c800,
0x000002afd6d2e000, 0x000002afd6d2d000, 0x000002afd6d2a000, 0x000002afd6d30800,
0x000002afd6d2a800, 0x000002afd61d4000, 0x000002afd61d7000, 0x000002afd61d8000,
0x000002afd61d4800, 0x000002afd61d5800, 0x000002afd61d3000, 0x000002afd61d9800,
0x000002afd61d6000, 0x000002afd968c800, 0x000002afd9688000, 0x000002afd968d000,
0x000002afd968a000, 0x000002afd968b800, 0x000002afd968e000, 0x000002afd968a800,
0x000002afd9689000, 0x000002afd9694800, 0x000002afd9692000, 0x000002afd9693000
}

Java Threads: ( => current thread )
  0x000002afb97e9800 JavaThread "main" [_thread_blocked, id=2544, stack(0x000000d722600000,0x000000d722700000)]
  0x000002afd4d50000 JavaThread "Reference Handler" daemon [_thread_blocked, id=8364, stack(0x000000d722d00000,0x000000d722e00000)]
  0x000002afd4d5b800 JavaThread "Finalizer" daemon [_thread_blocked, id=3224, stack(0x000000d722e00000,0x000000d722f00000)]
  0x000002afd4dae800 JavaThread "Signal Dispatcher" daemon [_thread_blocked, id=3996, stack(0x000000d723000000,0x000000d723100000)]
  0x000002afd4daf800 JavaThread "Attach Listener" daemon [_thread_blocked, id=3972, stack(0x000000d723100000,0x000000d723200000)]
=>0x000002afd4db0800 JavaThread "C2 CompilerThread0" daemon [_thread_in_native, id=3816, stack(0x000000d723200000,0x000000d723300000)]
  0x000002afd4db5000 JavaThread "C1 CompilerThread0" daemon [_thread_blocked, id=3792, stack(0x000000d723300000,0x000000d723400000)]
  0x000002afd5714800 JavaThread "Sweeper thread" daemon [_thread_blocked, id=3900, stack(0x000000d723400000,0x000000d723500000)]
  0x000002afd5804000 JavaThread "Common-Cleaner" daemon [_thread_blocked, id=3812, stack(0x000000d723500000,0x000000d723600000)]
  0x000002afd580c800 JavaThread "Service Thread" daemon [_thread_blocked, id=7604, stack(0x000000d723600000,0x000000d723700000)]
  0x000002afd6537800 JavaThread "Incoming local TCP Connector on port 49837" [_thread_in_native, id=504, stack(0x000000d723900000,0x000000d723a00000)]
  0x000002afd6070000 JavaThread "Daemon periodic checks" [_thread_blocked, id=1484, stack(0x000000d723a00000,0x000000d723b00000)]
  0x000002afd60c5800 JavaThread "Daemon" [_thread_blocked, id=1156, stack(0x000000d723b00000,0x000000d723c00000)]
  0x000002afd6850000 JavaThread "Handler for socket connection from /127.0.0.1:49837 to /127.0.0.1:49838" [_thread_in_native, id=3380, stack(0x000000d723c00000,0x000000d723d00000)]
  0x000002afd6be5800 JavaThread "Cancel handler" [_thread_blocked, id=3084, stack(0x000000d723d00000,0x000000d723e00000)]
  0x000002afd6ae1000 JavaThread "Daemon worker" [_thread_blocked, id=5268, stack(0x000000d723e00000,0x000000d723f00000)]
  0x000002afd6126000 JavaThread "Asynchronous log dispatcher for DefaultDaemonConnection: socket connection from /127.0.0.1:49837 to /127.0.0.1:49838" [_thread_blocked, id=7568, stack(0x000000d723f00000,0x000000d724000000)]
  0x000002afd5df1800 JavaThread "Thread-7" [_thread_blocked, id=3852, stack(0x000000d724100000,0x000000d724200000)]
  0x000002afd6914800 JavaThread "Cache worker for file hash cache (C:\Users\wasee\.gradle\caches\5.1.1\fileHashes)" [_thread_blocked, id=4460, stack(0x000000d724200000,0x000000d724300000)]
  0x000002afd6d2c800 JavaThread "File lock request listener" [_thread_in_native, id=4680, stack(0x000000d724300000,0x000000d724400000)]
  0x000002afd6d2e000 JavaThread "Cache worker for journal cache (C:\Users\wasee\.gradle\caches\journal-1)" [_thread_blocked, id=3128, stack(0x000000d724400000,0x000000d724500000)]
  0x000002afd6d2d000 JavaThread "Cache worker for file hash cache (C:\Users\wasee\AndroidStudioProjects\TimeManagementTool\.gradle\5.1.1\fileHashes)" [_thread_blocked, id=2720, stack(0x000000d724500000,0x000000d724600000)]
  0x000002afd6d2a000 JavaThread "Cache worker for cache directory md-supplier (C:\Users\wasee\.gradle\caches\5.1.1\md-supplier)" [_thread_blocked, id=4388, stack(0x000000d724600000,0x000000d724700000)]
  0x000002afd6d30800 JavaThread "Cache worker for cache directory md-rule (C:\Users\wasee\.gradle\caches\5.1.1\md-rule)" [_thread_blocked, id=7804, stack(0x000000d724700000,0x000000d724800000)]
  0x000002afd6d2a800 JavaThread "Cache worker for execution history cache (C:\Users\wasee\.gradle\caches\5.1.1\executionHistory)" [_thread_blocked, id=5468, stack(0x000000d724800000,0x000000d724900000)]
  0x000002afd61d4000 JavaThread "Build operations" [_thread_blocked, id=5516, stack(0x000000d724900000,0x000000d724a00000)]
  0x000002afd61d7000 JavaThread "Build operations Thread 2" [_thread_blocked, id=5316, stack(0x000000d724a00000,0x000000d724b00000)]
  0x000002afd61d8000 JavaThread "Cache worker for Build Output Cleanup Cache (C:\Users\wasee\AndroidStudioProjects\TimeManagementTool\.gradle\buildOutputCleanup)" [_thread_blocked, id=8420, stack(0x000000d724b00000,0x000000d724c00000)]
  0x000002afd61d4800 JavaThread "Memory manager" [_thread_blocked, id=7684, stack(0x000000d724d00000,0x000000d724e00000)]
  0x000002afd61d5800 JavaThread "Cache worker for file content cache (C:\Users\wasee\.gradle\caches\5.1.1\fileContent)" [_thread_blocked, id=9952, stack(0x000000d724e00000,0x000000d724f00000)]
  0x000002afd61d3000 JavaThread "Cache worker for file content cache (C:\Users\wasee\AndroidStudioProjects\TimeManagementTool\.gradle\5.1.1\fileContent)" [_thread_blocked, id=4724, stack(0x000000d724f00000,0x000000d725000000)]
  0x000002afd61d9800 JavaThread "Execution worker for ':'" [_thread_blocked, id=8000, stack(0x000000d725000000,0x000000d725100000)]
  0x000002afd61d6000 JavaThread "Cache worker for execution history cache (C:\Users\wasee\AndroidStudioProjects\TimeManagementTool\.gradle\5.1.1\executionHistory)" [_thread_blocked, id=9416, stack(0x000000d725100000,0x000000d725200000)]
  0x000002afd968c800 JavaThread "ForkJoinPool.commonPool-worker-3" daemon [_thread_blocked, id=6716, stack(0x000000d725200000,0x000000d725300000)]
  0x000002afd9688000 JavaThread "ForkJoinPool.commonPool-worker-1" daemon [_thread_blocked, id=5352, stack(0x000000d725300000,0x000000d725400000)]
  0x000002afd968d000 JavaThread "pool-2-thread-1" [_thread_blocked, id=6852, stack(0x000000d725400000,0x000000d725500000)]
  0x000002afd968a000 JavaThread "stderr" daemon [_thread_in_native, id=4984, stack(0x000000d725500000,0x000000d725600000)]
  0x000002afd968b800 JavaThread "stdout" daemon [_thread_in_native, id=6728, stack(0x000000d725600000,0x000000d725700000)]
  0x000002afd968e000 JavaThread "stderr" daemon [_thread_in_native, id=4752, stack(0x000000d725700000,0x000000d725800000)]
  0x000002afd968a800 JavaThread "stdout" daemon [_thread_in_native, id=5760, stack(0x000000d725800000,0x000000d725900000)]
  0x000002afd9689000 JavaThread "Cache worker for Java compile cache (C:\Users\wasee\.gradle\caches\5.1.1\javaCompile)" [_thread_blocked, id=5652, stack(0x000000d725900000,0x000000d725a00000)]
  0x000002afd9694800 JavaThread "Cache worker for Java compile cache (C:\Users\wasee\AndroidStudioProjects\TimeManagementTool\.gradle\5.1.1\javaCompile)" [_thread_blocked, id=6148, stack(0x000000d725a00000,0x000000d725b00000)]
  0x000002afd9692000 JavaThread "ForkJoinPool-2-worker-3" daemon [_thread_blocked, id=5464, stack(0x000000d725b00000,0x000000d725c00000)]
  0x000002afd9693000 JavaThread "ForkJoinPool-2-worker-1" daemon [_thread_in_Java, id=6776, stack(0x000000d725c00000,0x000000d725d00000)]

Other Threads:
  0x000002afd4d4c000 VMThread "VM Thread" [stack: 0x000000d722c00000,0x000000d722d00000] [id=1688]
  0x000002afd580d800 WatcherThread [stack: 0x000000d723700000,0x000000d723800000] [id=7608]
  0x000002afb9801000 GCTaskThread "GC Thread#0" [stack: 0x000000d722700000,0x000000d722800000] [id=7276]
  0x000002afd5a9b800 GCTaskThread "GC Thread#1" [stack: 0x000000d723800000,0x000000d723900000] [id=9264]
  0x000002afb9831000 ConcurrentGCThread "G1 Main Marker" [stack: 0x000000d722800000,0x000000d722900000] [id=9564]
  0x000002afb9834800 ConcurrentGCThread "G1 Conc#0" [stack: 0x000000d722900000,0x000000d722a00000] [id=6884]
  0x000002afb9888000 ConcurrentGCThread "G1 Refine#0" [stack: 0x000000d722a00000,0x000000d722b00000] [id=9044]
  0x000002afb9889000 ConcurrentGCThread "G1 Young RemSet Sampling" [stack: 0x000000d722b00000,0x000000d722c00000] [id=3228]

Threads with active compile tasks:
C2 CompilerThread0 132799 13550       4       com.android.tools.r8.code.BaseInstructionFactory::create (3362 bytes)

VM state:not at safepoint (normal execution)

VM Mutex/Monitor currently owned by a thread: None

Heap address: 0x0000000080000000, size: 2048 MB, Compressed Oops mode: 32-bit
Narrow klass base: 0x0000000000000000, Narrow klass shift: 3
Compressed class space size: 1073741824 Address: 0x0000000100000000

Heap:
 garbage-first heap   total 244736K, used 171821K [0x0000000080000000, 0x0000000100000000)
  region size 1024K, 7 young (7168K), 6 survivors (6144K)
 Metaspace       used 94408K, capacity 96453K, committed 96768K, reserved 1134592K
  class space    used 11677K, capacity 12428K, committed 12544K, reserved 1048576K
Heap Regions: E=young(eden), S=young(survivor), O=old, HS=humongous(starts), HC=humongous(continues), CS=collection set, F=free, A=archive, TAMS=top-at-mark-start (previous, next)
|   0|0x0000000080000000, 0x0000000080100000, 0x0000000080100000|100%|HS|  |TAMS 0x0000000080100000, 0x0000000080000000| Complete 
|   1|0x0000000080100000, 0x0000000080200000, 0x0000000080200000|100%| O|  |TAMS 0x0000000080200000, 0x0000000080100000| Untracked 
|   2|0x0000000080200000, 0x0000000080300000, 0x0000000080300000|100%| O|  |TAMS 0x0000000080300000, 0x0000000080200000| Untracked 
|   3|0x0000000080300000, 0x0000000080400000, 0x0000000080400000|100%|HS|  |TAMS 0x0000000080400000, 0x0000000080300000| Complete 
|   4|0x0000000080400000, 0x0000000080500000, 0x0000000080500000|100%|HC|  |TAMS 0x0000000080500000, 0x0000000080400000| Complete 
|   5|0x0000000080500000, 0x0000000080600000, 0x0000000080600000|100%| O|  |TAMS 0x0000000080600000, 0x0000000080500000| Untracked 
|   6|0x0000000080600000, 0x0000000080700000, 0x0000000080700000|100%| O|  |TAMS 0x0000000080700000, 0x0000000080600000| Untracked 
|   7|0x0000000080700000, 0x0000000080800000, 0x0000000080800000|100%| O|  |TAMS 0x0000000080800000, 0x0000000080700000| Untracked 
|   8|0x0000000080800000, 0x0000000080900000, 0x0000000080900000|100%| O|  |TAMS 0x0000000080900000, 0x0000000080800000| Untracked 
|   9|0x0000000080900000, 0x0000000080a00000, 0x0000000080a00000|100%| O|  |TAMS 0x0000000080a00000, 0x0000000080900000| Untracked 
|  10|0x0000000080a00000, 0x0000000080b00000, 0x0000000080b00000|100%| O|  |TAMS 0x0000000080b00000, 0x0000000080a00000| Untracked 
|  11|0x0000000080b00000, 0x0000000080c00000, 0x0000000080c00000|100%| O|  |TAMS 0x0000000080c00000, 0x0000000080b00000| Untracked 
|  12|0x0000000080c00000, 0x0000000080d00000, 0x0000000080d00000|100%| O|  |TAMS 0x0000000080d00000, 0x0000000080c00000| Untracked 
|  13|0x0000000080d00000, 0x0000000080e00000, 0x0000000080e00000|100%| O|  |TAMS 0x0000000080e00000, 0x0000000080d00000| Untracked 
|  14|0x0000000080e00000, 0x0000000080f00000, 0x0000000080f00000|100%|HS|  |TAMS 0x0000000080f00000, 0x0000000080e00000| Complete 
|  15|0x0000000080f00000, 0x0000000081000000, 0x0000000081000000|100%|HC|  |TAMS 0x0000000081000000, 0x0000000080f00000| Complete 
|  16|0x0000000081000000, 0x0000000081100000, 0x0000000081100000|100%|HS|  |TAMS 0x0000000081100000, 0x0000000081000000| Complete 
|  17|0x0000000081100000, 0x0000000081200000, 0x0000000081200000|100%|HC|  |TAMS 0x0000000081200000, 0x0000000081100000| Complete 
|  18|0x0000000081200000, 0x0000000081300000, 0x0000000081300000|100%|HC|  |TAMS 0x0000000081300000, 0x0000000081200000| Complete 
|  19|0x0000000081300000, 0x0000000081400000, 0x0000000081400000|100%|HS|  |TAMS 0x0000000081400000, 0x0000000081300000| Complete 
|  20|0x0000000081400000, 0x0000000081500000, 0x0000000081500000|100%|HC|  |TAMS 0x0000000081500000, 0x0000000081400000| Complete 
|  21|0x0000000081500000, 0x0000000081600000, 0x0000000081600000|100%|HC|  |TAMS 0x0000000081600000, 0x0000000081500000| Complete 
|  22|0x0000000081600000, 0x0000000081700000, 0x0000000081700000|100%|HC|  |TAMS 0x0000000081700000, 0x0000000081600000| Complete 
|  23|0x0000000081700000, 0x0000000081800000, 0x0000000081800000|100%| O|  |TAMS 0x0000000081800000, 0x0000000081700000| Untracked 
|  24|0x0000000081800000, 0x0000000081900000, 0x0000000081900000|100%| O|  |TAMS 0x0000000081900000, 0x0000000081800000| Untracked 
|  25|0x0000000081900000, 0x0000000081a00000, 0x0000000081a00000|100%| O|  |TAMS 0x0000000081a00000, 0x0000000081900000| Untracked 
|  26|0x0000000081a00000, 0x0000000081b00000, 0x0000000081b00000|100%| O|  |TAMS 0x0000000081b00000, 0x0000000081a00000| Untracked 
|  27|0x0000000081b00000, 0x0000000081c00000, 0x0000000081c00000|100%| O|  |TAMS 0x0000000081c00000, 0x0000000081b00000| Untracked 
|  28|0x0000000081c00000, 0x0000000081d00000, 0x0000000081d00000|100%| O|  |TAMS 0x0000000081d00000, 0x0000000081c00000| Untracked 
|  29|0x0000000081d00000, 0x0000000081e00000, 0x0000000081e00000|100%| O|  |TAMS 0x0000000081e00000, 0x0000000081d00000| Untracked 
|  30|0x0000000081e00000, 0x0000000081f00000, 0x0000000081f00000|100%| O|  |TAMS 0x0000000081f00000, 0x0000000081e00000| Untracked 
|  31|0x0000000081f00000, 0x0000000082000000, 0x0000000082000000|100%|HS|  |TAMS 0x0000000082000000, 0x0000000081f00000| Complete 
|  32|0x0000000082000000, 0x0000000082100000, 0x0000000082100000|100%|HC|  |TAMS 0x0000000082100000, 0x0000000082000000| Complete 
|  33|0x0000000082100000, 0x0000000082200000, 0x0000000082200000|100%|HC|  |TAMS 0x0000000082200000, 0x0000000082100000| Complete 
|  34|0x0000000082200000, 0x0000000082300000, 0x0000000082300000|100%|HS|  |TAMS 0x0000000082300000, 0x0000000082200000| Complete 
|  35|0x0000000082300000, 0x0000000082400000, 0x0000000082400000|100%|HC|  |TAMS 0x0000000082400000, 0x0000000082300000| Complete 
|  36|0x0000000082400000, 0x0000000082500000, 0x0000000082500000|100%| O|  |TAMS 0x0000000082500000, 0x0000000082400000| Untracked 
|  37|0x0000000082500000, 0x0000000082600000, 0x0000000082600000|100%| O|  |TAMS 0x0000000082600000, 0x0000000082500000| Untracked 
|  38|0x0000000082600000, 0x0000000082700000, 0x0000000082700000|100%| O|  |TAMS 0x0000000082700000, 0x0000000082600000| Untracked 
|  39|0x0000000082700000, 0x0000000082800000, 0x0000000082800000|100%| O|  |TAMS 0x0000000082800000, 0x0000000082700000| Untracked 
|  40|0x0000000082800000, 0x0000000082900000, 0x0000000082900000|100%| O|  |TAMS 0x0000000082900000, 0x0000000082800000| Untracked 
|  41|0x0000000082900000, 0x0000000082a00000, 0x0000000082a00000|100%| O|  |TAMS 0x0000000082a00000, 0x0000000082900000| Untracked 
|  42|0x0000000082a00000, 0x0000000082b00000, 0x0000000082b00000|100%| O|  |TAMS 0x0000000082b00000, 0x0000000082a00000| Untracked 
|  43|0x0000000082b00000, 0x0000000082c00000, 0x0000000082c00000|100%| O|  |TAMS 0x0000000082c00000, 0x0000000082b00000| Untracked 
|  44|0x0000000082c00000, 0x0000000082d00000, 0x0000000082d00000|100%| O|  |TAMS 0x0000000082d00000, 0x0000000082c00000| Untracked 
|  45|0x0000000082d00000, 0x0000000082e00000, 0x0000000082e00000|100%| O|  |TAMS 0x0000000082e00000, 0x0000000082d00000| Untracked 
|  46|0x0000000082e00000, 0x0000000082f00000, 0x0000000082f00000|100%| O|  |TAMS 0x0000000082f00000, 0x0000000082e00000| Untracked 
|  47|0x0000000082f00000, 0x0000000083000000, 0x0000000083000000|100%| O|  |TAMS 0x0000000083000000, 0x0000000082f00000| Untracked 
|  48|0x0000000083000000, 0x0000000083100000, 0x0000000083100000|100%| O|  |TAMS 0x0000000083100000, 0x0000000083000000| Untracked 
|  49|0x0000000083100000, 0x0000000083200000, 0x0000000083200000|100%| O|  |TAMS 0x0000000083200000, 0x0000000083100000| Untracked 
|  50|0x0000000083200000, 0x0000000083300000, 0x0000000083300000|100%| O|  |TAMS 0x0000000083300000, 0x0000000083200000| Untracked 
|  51|0x0000000083300000, 0x0000000083400000, 0x0000000083400000|100%| O|  |TAMS 0x0000000083400000, 0x0000000083300000| Untracked 
|  52|0x0000000083400000, 0x0000000083500000, 0x0000000083500000|100%| O|  |TAMS 0x0000000083500000, 0x0000000083400000| Untracked 
|  53|0x0000000083500000, 0x0000000083600000, 0x0000000083600000|100%| O|  |TAMS 0x0000000083600000, 0x0000000083500000| Untracked 
|  54|0x0000000083600000, 0x0000000083700000, 0x0000000083700000|100%| O|  |TAMS 0x0000000083700000, 0x0000000083600000| Untracked 
|  55|0x0000000083700000, 0x0000000083800000, 0x0000000083800000|100%| O|  |TAMS 0x0000000083800000, 0x0000000083700000| Untracked 
|  56|0x0000000083800000, 0x0000000083900000, 0x0000000083900000|100%| O|  |TAMS 0x0000000083900000, 0x0000000083800000| Untracked 
|  57|0x0000000083900000, 0x0000000083a00000, 0x0000000083a00000|100%| O|  |TAMS 0x0000000083a00000, 0x0000000083900000| Untracked 
|  58|0x0000000083a00000, 0x0000000083b00000, 0x0000000083b00000|100%| O|  |TAMS 0x0000000083b00000, 0x0000000083a00000| Untracked 
|  59|0x0000000083b00000, 0x0000000083c00000, 0x0000000083c00000|100%| O|  |TAMS 0x0000000083c00000, 0x0000000083b00000| Untracked 
|  60|0x0000000083c00000, 0x0000000083d00000, 0x0000000083d00000|100%| O|  |TAMS 0x0000000083d00000, 0x0000000083c00000| Untracked 
|  61|0x0000000083d00000, 0x0000000083e00000, 0x0000000083e00000|100%| O|  |TAMS 0x0000000083e00000, 0x0000000083d00000| Untracked 
|  62|0x0000000083e00000, 0x0000000083f00000, 0x0000000083f00000|100%| O|  |TAMS 0x0000000083f00000, 0x0000000083e00000| Untracked 
|  63|0x0000000083f00000, 0x0000000084000000, 0x0000000084000000|100%| O|  |TAMS 0x0000000083f00000, 0x0000000083f00000| Untracked 
|  64|0x0000000084000000, 0x0000000084100000, 0x0000000084100000|100%| O|  |TAMS 0x0000000084100000, 0x0000000084000000| Untracked 
|  65|0x0000000084100000, 0x0000000084200000, 0x0000000084200000|100%| O|  |TAMS 0x0000000084200000, 0x0000000084100000| Untracked 
|  66|0x0000000084200000, 0x0000000084300000, 0x0000000084300000|100%| O|  |TAMS 0x0000000084300000, 0x0000000084200000| Untracked 
|  67|0x0000000084300000, 0x0000000084400000, 0x0000000084400000|100%| O|  |TAMS 0x0000000084400000, 0x0000000084300000| Untracked 
|  68|0x0000000084400000, 0x0000000084500000, 0x0000000084500000|100%| O|  |TAMS 0x0000000084500000, 0x0000000084400000| Untracked 
|  69|0x0000000084500000, 0x0000000084600000, 0x0000000084600000|100%| O|  |TAMS 0x0000000084600000, 0x0000000084500000| Untracked 
|  70|0x0000000084600000, 0x0000000084700000, 0x0000000084700000|100%| O|  |TAMS 0x0000000084700000, 0x0000000084600000| Untracked 
|  71|0x0000000084700000, 0x0000000084800000, 0x0000000084800000|100%| O|  |TAMS 0x0000000084800000, 0x0000000084700000| Untracked 
|  72|0x0000000084800000, 0x0000000084900000, 0x0000000084900000|100%|HS|  |TAMS 0x0000000084900000, 0x0000000084800000| Complete 
|  73|0x0000000084900000, 0x0000000084a00000, 0x0000000084a00000|100%|HC|  |TAMS 0x0000000084a00000, 0x0000000084900000| Complete 
|  74|0x0000000084a00000, 0x0000000084b00000, 0x0000000084b00000|100%| O|  |TAMS 0x0000000084b00000, 0x0000000084a00000| Untracked 
|  75|0x0000000084b00000, 0x0000000084c00000, 0x0000000084c00000|100%|HS|  |TAMS 0x0000000084c00000, 0x0000000084b00000| Complete 
|  76|0x0000000084c00000, 0x0000000084d00000, 0x0000000084d00000|100%| O|  |TAMS 0x0000000084d00000, 0x0000000084c00000| Untracked 
|  77|0x0000000084d00000, 0x0000000084e00000, 0x0000000084e00000|100%| O|  |TAMS 0x0000000084e00000, 0x0000000084d00000| Untracked 
|  78|0x0000000084e00000, 0x0000000084f00000, 0x0000000084f00000|100%|HS|  |TAMS 0x0000000084f00000, 0x0000000084e00000| Complete 
|  79|0x0000000084f00000, 0x0000000085000000, 0x0000000085000000|100%|HC|  |TAMS 0x0000000085000000, 0x0000000084f00000| Complete 
|  80|0x0000000085000000, 0x0000000085100000, 0x0000000085100000|100%|HC|  |TAMS 0x0000000085100000, 0x0000000085000000| Complete 
|  81|0x0000000085100000, 0x0000000085200000, 0x0000000085200000|100%|HC|  |TAMS 0x0000000085200000, 0x0000000085100000| Complete 
|  82|0x0000000085200000, 0x0000000085300000, 0x0000000085300000|100%| O|  |TAMS 0x0000000085300000, 0x0000000085200000| Untracked 
|  83|0x0000000085300000, 0x0000000085400000, 0x0000000085400000|100%| O|  |TAMS 0x0000000085400000, 0x0000000085300000| Untracked 
|  84|0x0000000085400000, 0x0000000085500000, 0x0000000085500000|100%| O|  |TAMS 0x0000000085500000, 0x0000000085400000| Untracked 
|  85|0x0000000085500000, 0x0000000085600000, 0x0000000085600000|100%| O|  |TAMS 0x0000000085600000, 0x0000000085500000| Untracked 
|  86|0x0000000085600000, 0x0000000085700000, 0x0000000085700000|100%| O|  |TAMS 0x0000000085700000, 0x0000000085600000| Untracked 
|  87|0x0000000085700000, 0x0000000085800000, 0x0000000085800000|100%| O|  |TAMS 0x0000000085800000, 0x0000000085700000| Untracked 
|  88|0x0000000085800000, 0x0000000085900000, 0x0000000085900000|100%| O|  |TAMS 0x0000000085900000, 0x0000000085800000| Untracked 
|  89|0x0000000085900000, 0x0000000085a00000, 0x0000000085a00000|100%| O|  |TAMS 0x0000000085a00000, 0x0000000085900000| Untracked 
|  90|0x0000000085a00000, 0x0000000085b00000, 0x0000000085b00000|100%| O|  |TAMS 0x0000000085b00000, 0x0000000085a00000| Untracked 
|  91|0x0000000085b00000, 0x0000000085c00000, 0x0000000085c00000|100%|HS|  |TAMS 0x0000000085c00000, 0x0000000085b00000| Complete 
|  92|0x0000000085c00000, 0x0000000085d00000, 0x0000000085d00000|100%|HC|  |TAMS 0x0000000085d00000, 0x0000000085c00000| Complete 
|  93|0x0000000085d00000, 0x0000000085e00000, 0x0000000085e00000|100%| O|  |TAMS 0x0000000085e00000, 0x0000000085d00000| Untracked 
|  94|0x0000000085e00000, 0x0000000085f00000, 0x0000000085f00000|100%| O|  |TAMS 0x0000000085f00000, 0x0000000085e00000| Untracked 
|  95|0x0000000085f00000, 0x0000000086000000, 0x0000000086000000|100%| O|  |TAMS 0x0000000086000000, 0x0000000085f00000| Untracked 
|  96|0x0000000086000000, 0x0000000086100000, 0x0000000086100000|100%| O|  |TAMS 0x0000000086100000, 0x0000000086000000| Untracked 
|  97|0x0000000086100000, 0x0000000086200000, 0x0000000086200000|100%| O|  |TAMS 0x0000000086200000, 0x0000000086100000| Untracked 
|  98|0x0000000086200000, 0x0000000086300000, 0x0000000086300000|100%| O|  |TAMS 0x0000000086300000, 0x0000000086200000| Untracked 
|  99|0x0000000086300000, 0x0000000086400000, 0x0000000086400000|100%| O|  |TAMS 0x0000000086400000, 0x0000000086300000| Untracked 
| 100|0x0000000086400000, 0x0000000086500000, 0x0000000086500000|100%| O|  |TAMS 0x0000000086500000, 0x0000000086400000| Untracked 
| 101|0x0000000086500000, 0x0000000086600000, 0x0000000086600000|100%| O|  |TAMS 0x0000000086600000, 0x0000000086500000| Untracked 
| 102|0x0000000086600000, 0x0000000086700000, 0x0000000086700000|100%| O|  |TAMS 0x0000000086700000, 0x0000000086600000| Untracked 
| 103|0x0000000086700000, 0x0000000086800000, 0x0000000086800000|100%| O|  |TAMS 0x0000000086800000, 0x0000000086700000| Untracked 
| 104|0x0000000086800000, 0x0000000086900000, 0x0000000086900000|100%| O|  |TAMS 0x0000000086900000, 0x0000000086800000| Untracked 
| 105|0x0000000086900000, 0x0000000086a00000, 0x0000000086a00000|100%| O|  |TAMS 0x0000000086a00000, 0x0000000086900000| Untracked 
| 106|0x0000000086a00000, 0x0000000086b00000, 0x0000000086b00000|100%| O|  |TAMS 0x0000000086b00000, 0x0000000086a00000| Untracked 
| 107|0x0000000086b00000, 0x0000000086c00000, 0x0000000086c00000|100%| O|  |TAMS 0x0000000086c00000, 0x0000000086b00000| Untracked 
| 108|0x0000000086c00000, 0x0000000086d00000, 0x0000000086d00000|100%| O|  |TAMS 0x0000000086d00000, 0x0000000086c00000| Untracked 
| 109|0x0000000086d00000, 0x0000000086e00000, 0x0000000086e00000|100%| O|  |TAMS 0x0000000086e00000, 0x0000000086d00000| Untracked 
| 110|0x0000000086e00000, 0x0000000086f00000, 0x0000000086f00000|100%| O|  |TAMS 0x0000000086f00000, 0x0000000086e00000| Untracked 
| 111|0x0000000086f00000, 0x0000000087000000, 0x0000000087000000|100%| O|  |TAMS 0x0000000087000000, 0x0000000086f00000| Untracked 
| 112|0x0000000087000000, 0x0000000087100000, 0x0000000087100000|100%| O|  |TAMS 0x0000000087100000, 0x0000000087000000| Untracked 
| 113|0x0000000087100000, 0x0000000087200000, 0x0000000087200000|100%| O|  |TAMS 0x0000000087200000, 0x0000000087100000| Untracked 
| 114|0x0000000087200000, 0x0000000087300000, 0x0000000087300000|100%| O|  |TAMS 0x0000000087300000, 0x0000000087200000| Untracked 
| 115|0x0000000087300000, 0x0000000087400000, 0x0000000087400000|100%| O|  |TAMS 0x0000000087300000, 0x0000000087300000| Untracked 
| 116|0x0000000087400000, 0x0000000087500000, 0x0000000087500000|100%| O|  |TAMS 0x0000000087400000, 0x0000000087400000| Untracked 
| 117|0x0000000087500000, 0x0000000087600000, 0x0000000087600000|100%| O|  |TAMS 0x0000000087500000, 0x0000000087500000| Untracked 
| 118|0x0000000087600000, 0x0000000087700000, 0x0000000087700000|100%| O|  |TAMS 0x0000000087700000, 0x0000000087600000| Untracked 
| 119|0x0000000087700000, 0x0000000087800000, 0x0000000087800000|100%| O|  |TAMS 0x0000000087800000, 0x0000000087700000| Untracked 
| 120|0x0000000087800000, 0x0000000087900000, 0x0000000087900000|100%| O|  |TAMS 0x0000000087900000, 0x0000000087800000| Untracked 
| 121|0x0000000087900000, 0x0000000087a00000, 0x0000000087a00000|100%| O|  |TAMS 0x0000000087a00000, 0x0000000087900000| Untracked 
| 122|0x0000000087a00000, 0x0000000087b00000, 0x0000000087b00000|100%| O|  |TAMS 0x0000000087b00000, 0x0000000087a00000| Untracked 
| 123|0x0000000087b00000, 0x0000000087c00000, 0x0000000087c00000|100%| O|  |TAMS 0x0000000087b00000, 0x0000000087b00000| Untracked 
| 124|0x0000000087c00000, 0x0000000087d00000, 0x0000000087d00000|100%| O|  |TAMS 0x0000000087c00000, 0x0000000087c00000| Untracked 
| 125|0x0000000087d00000, 0x0000000087e00000, 0x0000000087e00000|100%| O|  |TAMS 0x0000000087d00000, 0x0000000087d00000| Untracked 
| 126|0x0000000087e00000, 0x0000000087f00000, 0x0000000087f00000|100%| O|  |TAMS 0x0000000087e00000, 0x0000000087e00000| Untracked 
| 127|0x0000000087f00000, 0x0000000088000000, 0x0000000088000000|100%| O|  |TAMS 0x0000000087f00000, 0x0000000087f00000| Untracked 
| 128|0x0000000088000000, 0x0000000088100000, 0x0000000088100000|100%| O|  |TAMS 0x0000000088000000, 0x0000000088000000| Untracked 
| 129|0x0000000088100000, 0x0000000088200000, 0x0000000088200000|100%| O|  |TAMS 0x0000000088100000, 0x0000000088100000| Untracked 
| 130|0x0000000088200000, 0x0000000088300000, 0x0000000088300000|100%| O|  |TAMS 0x0000000088200000, 0x0000000088200000| Untracked 
| 131|0x0000000088300000, 0x0000000088400000, 0x0000000088400000|100%| O|  |TAMS 0x0000000088300000, 0x0000000088300000| Untracked 
| 132|0x0000000088400000, 0x0000000088500000, 0x0000000088500000|100%| O|  |TAMS 0x0000000088400000, 0x0000000088400000| Untracked 
| 133|0x0000000088500000, 0x0000000088600000, 0x0000000088600000|100%| O|  |TAMS 0x0000000088500000, 0x0000000088500000| Untracked 
| 134|0x0000000088600000, 0x0000000088700000, 0x0000000088700000|100%| O|  |TAMS 0x0000000088600000, 0x0000000088600000| Untracked 
| 135|0x0000000088700000, 0x0000000088800000, 0x0000000088800000|100%|HS|  |TAMS 0x0000000088700000, 0x0000000088700000| Complete 
| 136|0x0000000088800000, 0x0000000088900000, 0x0000000088900000|100%|HC|  |TAMS 0x0000000088800000, 0x0000000088800000| Complete 
| 137|0x0000000088900000, 0x0000000088a00000, 0x0000000088a00000|100%|HC|  |TAMS 0x0000000088900000, 0x0000000088900000| Complete 
| 138|0x0000000088a00000, 0x0000000088b00000, 0x0000000088b00000|100%|HC|  |TAMS 0x0000000088a00000, 0x0000000088a00000| Complete 
| 139|0x0000000088b00000, 0x0000000088c00000, 0x0000000088c00000|100%|HC|  |TAMS 0x0000000088b00000, 0x0000000088b00000| Complete 
| 140|0x0000000088c00000, 0x0000000088d00000, 0x0000000088d00000|100%| O|  |TAMS 0x0000000088c00000, 0x0000000088c00000| Untracked 
| 141|0x0000000088d00000, 0x0000000088e00000, 0x0000000088e00000|100%| O|  |TAMS 0x0000000088d00000, 0x0000000088d00000| Untracked 
| 142|0x0000000088e00000, 0x0000000088f00000, 0x0000000088f00000|100%| O|  |TAMS 0x0000000088e00000, 0x0000000088e00000| Untracked 
| 143|0x0000000088f00000, 0x0000000089000000, 0x0000000089000000|100%| O|  |TAMS 0x0000000088f00000, 0x0000000088f00000| Untracked 
| 144|0x0000000089000000, 0x0000000089100000, 0x0000000089100000|100%| O|  |TAMS 0x0000000089000000, 0x0000000089000000| Untracked 
| 145|0x0000000089100000, 0x0000000089200000, 0x0000000089200000|100%|HS|  |TAMS 0x0000000089100000, 0x0000000089100000| Complete 
| 146|0x0000000089200000, 0x0000000089300000, 0x0000000089300000|100%|HC|  |TAMS 0x0000000089200000, 0x0000000089200000| Complete 
| 147|0x0000000089300000, 0x0000000089400000, 0x0000000089400000|100%|HC|  |TAMS 0x0000000089300000, 0x0000000089300000| Complete 
| 148|0x0000000089400000, 0x0000000089500000, 0x0000000089500000|100%|HC|  |TAMS 0x0000000089400000, 0x0000000089400000| Complete 
| 149|0x0000000089500000, 0x0000000089600000, 0x0000000089600000|100%|HC|  |TAMS 0x0000000089500000, 0x0000000089500000| Complete 
| 150|0x0000000089600000, 0x0000000089700000, 0x0000000089700000|100%| O|  |TAMS 0x0000000089600000, 0x0000000089600000| Untracked 
| 151|0x0000000089700000, 0x0000000089800000, 0x0000000089800000|100%| O|  |TAMS 0x0000000089700000, 0x0000000089700000| Untracked 
| 152|0x0000000089800000, 0x0000000089900000, 0x0000000089900000|100%| O|  |TAMS 0x0000000089800000, 0x0000000089800000| Untracked 
| 153|0x0000000089900000, 0x0000000089a00000, 0x0000000089a00000|100%| O|  |TAMS 0x0000000089900000, 0x0000000089900000| Untracked 
| 154|0x0000000089a00000, 0x0000000089b00000, 0x0000000089b00000|100%| O|  |TAMS 0x0000000089a00000, 0x0000000089a00000| Untracked 
| 155|0x0000000089b00000, 0x0000000089c00000, 0x0000000089c00000|100%| O|  |TAMS 0x0000000089b00000, 0x0000000089b00000| Untracked 
| 156|0x0000000089c00000, 0x0000000089d00000, 0x0000000089d00000|100%| O|  |TAMS 0x0000000089c00000, 0x0000000089c00000| Untracked 
| 157|0x0000000089d00000, 0x0000000089e00000, 0x0000000089e00000|100%| O|  |TAMS 0x0000000089d00000, 0x0000000089d00000| Untracked 
| 158|0x0000000089e00000, 0x0000000089f00000, 0x0000000089f00000|100%| O|  |TAMS 0x0000000089e00000, 0x0000000089e00000| Untracked 
| 159|0x0000000089f00000, 0x000000008a000000, 0x000000008a000000|100%| O|  |TAMS 0x0000000089f00000, 0x0000000089f00000| Untracked 
| 160|0x000000008a000000, 0x000000008a100000, 0x000000008a100000|100%| O|  |TAMS 0x000000008a000000, 0x000000008a000000| Untracked 
| 161|0x000000008a100000, 0x000000008a1cb400, 0x000000008a200000| 79%| O|  |TAMS 0x000000008a100000, 0x000000008a100000| Untracked 
| 162|0x000000008a200000, 0x000000008a200000, 0x000000008a300000|  0%| F|  |TAMS 0x000000008a200000, 0x000000008a200000| Untracked 
| 163|0x000000008a300000, 0x000000008a300000, 0x000000008a400000|  0%| F|  |TAMS 0x000000008a300000, 0x000000008a300000| Untracked 
| 164|0x000000008a400000, 0x000000008a400000, 0x000000008a500000|  0%| F|  |TAMS 0x000000008a400000, 0x000000008a400000| Untracked 
| 165|0x000000008a500000, 0x000000008a500000, 0x000000008a600000|  0%| F|  |TAMS 0x000000008a500000, 0x000000008a500000| Untracked 
| 166|0x000000008a600000, 0x000000008a600000, 0x000000008a700000|  0%| F|  |TAMS 0x000000008a600000, 0x000000008a600000| Untracked 
| 167|0x000000008a700000, 0x000000008a700000, 0x000000008a800000|  0%| F|  |TAMS 0x000000008a700000, 0x000000008a700000| Untracked 
| 168|0x000000008a800000, 0x000000008a800000, 0x000000008a900000|  0%| F|  |TAMS 0x000000008a800000, 0x000000008a800000| Untracked 
| 169|0x000000008a900000, 0x000000008a900000, 0x000000008aa00000|  0%| F|  |TAMS 0x000000008a900000, 0x000000008a900000| Untracked 
| 170|0x000000008aa00000, 0x000000008aa00000, 0x000000008ab00000|  0%| F|  |TAMS 0x000000008aa00000, 0x000000008aa00000| Untracked 
| 171|0x000000008ab00000, 0x000000008ab00000, 0x000000008ac00000|  0%| F|  |TAMS 0x000000008ab00000, 0x000000008ab00000| Untracked 
| 172|0x000000008ac00000, 0x000000008ac00000, 0x000000008ad00000|  0%| F|  |TAMS 0x000000008ac00000, 0x000000008ac00000| Untracked 
| 173|0x000000008ad00000, 0x000000008ad00000, 0x000000008ae00000|  0%| F|  |TAMS 0x000000008ad00000, 0x000000008ad00000| Untracked 
| 174|0x000000008ae00000, 0x000000008ae00000, 0x000000008af00000|  0%| F|  |TAMS 0x000000008ae00000, 0x000000008ae00000| Untracked 
| 175|0x000000008af00000, 0x000000008af00000, 0x000000008b000000|  0%| F|  |TAMS 0x000000008af00000, 0x000000008af00000| Untracked 
| 176|0x000000008b000000, 0x000000008b000000, 0x000000008b100000|  0%| F|  |TAMS 0x000000008b000000, 0x000000008b000000| Untracked 
| 177|0x000000008b100000, 0x000000008b100000, 0x000000008b200000|  0%| F|  |TAMS 0x000000008b100000, 0x000000008b100000| Untracked 
| 178|0x000000008b200000, 0x000000008b200000, 0x000000008b300000|  0%| F|  |TAMS 0x000000008b200000, 0x000000008b200000| Untracked 
| 179|0x000000008b300000, 0x000000008b300000, 0x000000008b400000|  0%| F|  |TAMS 0x000000008b300000, 0x000000008b300000| Untracked 
| 180|0x000000008b400000, 0x000000008b400000, 0x000000008b500000|  0%| F|  |TAMS 0x000000008b400000, 0x000000008b400000| Untracked 
| 181|0x000000008b500000, 0x000000008b500000, 0x000000008b600000|  0%| F|  |TAMS 0x000000008b500000, 0x000000008b500000| Untracked 
| 182|0x000000008b600000, 0x000000008b600000, 0x000000008b700000|  0%| F|  |TAMS 0x000000008b600000, 0x000000008b600000| Untracked 
| 183|0x000000008b700000, 0x000000008b700000, 0x000000008b800000|  0%| F|  |TAMS 0x000000008b700000, 0x000000008b700000| Untracked 
| 184|0x000000008b800000, 0x000000008b800000, 0x000000008b900000|  0%| F|  |TAMS 0x000000008b800000, 0x000000008b800000| Untracked 
| 185|0x000000008b900000, 0x000000008b900000, 0x000000008ba00000|  0%| F|  |TAMS 0x000000008b900000, 0x000000008b900000| Untracked 
| 186|0x000000008ba00000, 0x000000008ba00000, 0x000000008bb00000|  0%| F|  |TAMS 0x000000008ba00000, 0x000000008ba00000| Untracked 
| 187|0x000000008bb00000, 0x000000008bb00000, 0x000000008bc00000|  0%| F|  |TAMS 0x000000008bb00000, 0x000000008bb00000| Untracked 
| 188|0x000000008bc00000, 0x000000008bc00000, 0x000000008bd00000|  0%| F|  |TAMS 0x000000008bc00000, 0x000000008bc00000| Untracked 
| 189|0x000000008bd00000, 0x000000008bd00000, 0x000000008be00000|  0%| F|  |TAMS 0x000000008bd00000, 0x000000008bd00000| Untracked 
| 190|0x000000008be00000, 0x000000008be00000, 0x000000008bf00000|  0%| F|  |TAMS 0x000000008be00000, 0x000000008be00000| Untracked 
| 191|0x000000008bf00000, 0x000000008bf00000, 0x000000008c000000|  0%| F|  |TAMS 0x000000008bf00000, 0x000000008bf00000| Untracked 
| 192|0x000000008c000000, 0x000000008c000000, 0x000000008c100000|  0%| F|  |TAMS 0x000000008c000000, 0x000000008c000000| Untracked 
| 193|0x000000008c100000, 0x000000008c100000, 0x000000008c200000|  0%| F|  |TAMS 0x000000008c100000, 0x000000008c100000| Untracked 
| 194|0x000000008c200000, 0x000000008c200000, 0x000000008c300000|  0%| F|  |TAMS 0x000000008c200000, 0x000000008c200000| Untracked 
| 195|0x000000008c300000, 0x000000008c300000, 0x000000008c400000|  0%| F|  |TAMS 0x000000008c300000, 0x000000008c300000| Untracked 
| 196|0x000000008c400000, 0x000000008c400000, 0x000000008c500000|  0%| F|  |TAMS 0x000000008c400000, 0x000000008c400000| Untracked 
| 197|0x000000008c500000, 0x000000008c600000, 0x000000008c600000|100%| S|CS|TAMS 0x000000008c500000, 0x000000008c500000| Complete 
| 198|0x000000008c600000, 0x000000008c700000, 0x000000008c700000|100%| S|CS|TAMS 0x000000008c600000, 0x000000008c600000| Complete 
| 199|0x000000008c700000, 0x000000008c800000, 0x000000008c800000|100%| S|CS|TAMS 0x000000008c700000, 0x000000008c700000| Complete 
| 200|0x000000008c800000, 0x000000008c900000, 0x000000008c900000|100%| S|CS|TAMS 0x000000008c800000, 0x000000008c800000| Complete 
| 201|0x000000008c900000, 0x000000008ca00000, 0x000000008ca00000|100%| S|CS|TAMS 0x000000008c900000, 0x000000008c900000| Complete 
| 202|0x000000008ca00000, 0x000000008cb00000, 0x000000008cb00000|100%| S|CS|TAMS 0x000000008ca00000, 0x000000008ca00000| Complete 
| 203|0x000000008cb00000, 0x000000008cb00000, 0x000000008cc00000|  0%| F|  |TAMS 0x000000008cb00000, 0x000000008cb00000| Untracked 
| 204|0x000000008cc00000, 0x000000008cc00000, 0x000000008cd00000|  0%| F|  |TAMS 0x000000008cc00000, 0x000000008cc00000| Untracked 
| 205|0x000000008cd00000, 0x000000008cd00000, 0x000000008ce00000|  0%| F|  |TAMS 0x000000008cd00000, 0x000000008cd00000| Untracked 
| 206|0x000000008ce00000, 0x000000008ce00000, 0x000000008cf00000|  0%| F|  |TAMS 0x000000008ce00000, 0x000000008ce00000| Untracked 
| 207|0x000000008cf00000, 0x000000008cf00000, 0x000000008d000000|  0%| F|  |TAMS 0x000000008cf00000, 0x000000008cf00000| Untracked 
| 208|0x000000008d000000, 0x000000008d000000, 0x000000008d100000|  0%| F|  |TAMS 0x000000008d000000, 0x000000008d000000| Untracked 
| 209|0x000000008d100000, 0x000000008d100000, 0x000000008d200000|  0%| F|  |TAMS 0x000000008d100000, 0x000000008d100000| Untracked 
| 210|0x000000008d200000, 0x000000008d200000, 0x000000008d300000|  0%| F|  |TAMS 0x000000008d200000, 0x000000008d200000| Untracked 
| 211|0x000000008d300000, 0x000000008d300000, 0x000000008d400000|  0%| F|  |TAMS 0x000000008d300000, 0x000000008d300000| Untracked 
| 212|0x000000008d400000, 0x000000008d400000, 0x000000008d500000|  0%| F|  |TAMS 0x000000008d400000, 0x000000008d400000| Untracked 
| 213|0x000000008d500000, 0x000000008d500000, 0x000000008d600000|  0%| F|  |TAMS 0x000000008d500000, 0x000000008d500000| Untracked 
| 214|0x000000008d600000, 0x000000008d600000, 0x000000008d700000|  0%| F|  |TAMS 0x000000008d600000, 0x000000008d600000| Untracked 
| 215|0x000000008d700000, 0x000000008d700000, 0x000000008d800000|  0%| F|  |TAMS 0x000000008d700000, 0x000000008d700000| Untracked 
| 216|0x000000008d800000, 0x000000008d800000, 0x000000008d900000|  0%| F|  |TAMS 0x000000008d800000, 0x000000008d800000| Untracked 
| 217|0x000000008d900000, 0x000000008d900000, 0x000000008da00000|  0%| F|  |TAMS 0x000000008d900000, 0x000000008d900000| Untracked 
| 218|0x000000008da00000, 0x000000008da00000, 0x000000008db00000|  0%| F|  |TAMS 0x000000008da00000, 0x000000008da00000| Untracked 
| 219|0x000000008db00000, 0x000000008db00000, 0x000000008dc00000|  0%| F|  |TAMS 0x000000008db00000, 0x000000008db00000| Untracked 
| 220|0x000000008dc00000, 0x000000008dc00000, 0x000000008dd00000|  0%| F|  |TAMS 0x000000008dc00000, 0x000000008dc00000| Untracked 
| 221|0x000000008dd00000, 0x000000008dd00000, 0x000000008de00000|  0%| F|  |TAMS 0x000000008dd00000, 0x000000008dd00000| Untracked 
| 222|0x000000008de00000, 0x000000008de00000, 0x000000008df00000|  0%| F|  |TAMS 0x000000008de00000, 0x000000008de00000| Untracked 
| 223|0x000000008df00000, 0x000000008df00000, 0x000000008e000000|  0%| F|  |TAMS 0x000000008df00000, 0x000000008df00000| Untracked 
| 224|0x000000008e000000, 0x000000008e000000, 0x000000008e100000|  0%| F|  |TAMS 0x000000008e000000, 0x000000008e000000| Untracked 
| 225|0x000000008e100000, 0x000000008e100000, 0x000000008e200000|  0%| F|  |TAMS 0x000000008e100000, 0x000000008e100000| Untracked 
| 226|0x000000008e200000, 0x000000008e200000, 0x000000008e300000|  0%| F|  |TAMS 0x000000008e200000, 0x000000008e200000| Untracked 
| 227|0x000000008e300000, 0x000000008e300000, 0x000000008e400000|  0%| F|  |TAMS 0x000000008e300000, 0x000000008e300000| Untracked 
| 228|0x000000008e400000, 0x000000008e400000, 0x000000008e500000|  0%| F|  |TAMS 0x000000008e400000, 0x000000008e400000| Untracked 
| 229|0x000000008e500000, 0x000000008e500000, 0x000000008e600000|  0%| F|  |TAMS 0x000000008e500000, 0x000000008e500000| Untracked 
| 230|0x000000008e600000, 0x000000008e600000, 0x000000008e700000|  0%| F|  |TAMS 0x000000008e600000, 0x000000008e600000| Untracked 
| 231|0x000000008e700000, 0x000000008e700000, 0x000000008e800000|  0%| F|  |TAMS 0x000000008e700000, 0x000000008e700000| Untracked 
| 232|0x000000008e800000, 0x000000008e800000, 0x000000008e900000|  0%| F|  |TAMS 0x000000008e800000, 0x000000008e800000| Untracked 
| 233|0x000000008e900000, 0x000000008e900000, 0x000000008ea00000|  0%| F|  |TAMS 0x000000008e900000, 0x000000008e900000| Untracked 
| 234|0x000000008ea00000, 0x000000008ea00000, 0x000000008eb00000|  0%| F|  |TAMS 0x000000008ea00000, 0x000000008ea00000| Untracked 
| 235|0x000000008eb00000, 0x000000008eb00000, 0x000000008ec00000|  0%| F|  |TAMS 0x000000008eb00000, 0x000000008eb00000| Untracked 
| 236|0x000000008ec00000, 0x000000008ec00000, 0x000000008ed00000|  0%| F|  |TAMS 0x000000008ec00000, 0x000000008ec00000| Untracked 
| 237|0x000000008ed00000, 0x000000008ed3c7e0, 0x000000008ee00000| 23%| E|  |TAMS 0x000000008ed00000, 0x000000008ed00000| Complete 
| 238|0x000000008ee00000, 0x000000008ef00000, 0x000000008ef00000|100%| E|CS|TAMS 0x000000008ee00000, 0x000000008ee00000| Complete 

Card table byte_map: [0x000002afce160000,0x000002afce560000] _byte_map_base: 0x000002afcdd60000

Marking Bits (Prev, Next): (CMBitMap*) 0x000002afb9827e68, (CMBitMap*) 0x000002afb9827ea0
 Prev Bits: [0x000002afce960000, 0x000002afd0960000)
 Next Bits: [0x000002afd0960000, 0x000002afd2960000)

Polling page: 0x000002afb98c0000

Metaspace:

Usage:
  Non-class:     82.06 MB capacity,    80.79 MB ( 98%) used,     1.05 MB (  1%) free+waste,   222.63 KB ( <1%) overhead. 
      Class:     12.14 MB capacity,    11.40 MB ( 94%) used,   651.34 KB (  5%) free+waste,    98.81 KB ( <1%) overhead. 
       Both:     94.19 MB capacity,    92.20 MB ( 98%) used,     1.68 MB (  2%) free+waste,   321.44 KB ( <1%) overhead. 

Virtual space:
  Non-class space:       84.00 MB reserved,      82.25 MB ( 98%) committed 
      Class space:        1.00 GB reserved,      12.25 MB (  1%) committed 
             Both:        1.08 GB reserved,      94.50 MB (  9%) committed 

Chunk freelists:
   Non-Class:  7.00 KB
       Class:  0 bytes
        Both:  7.00 KB

MaxMetaspaceSize: 17179869184.00 GB
CompressedClassSpaceSize: 1.00 GB

CodeHeap 'non-profiled nmethods': size=120064Kb used=7313Kb max_used=7313Kb free=112750Kb
 bounds [0x000002afc6420000, 0x000002afc6b50000, 0x000002afcd960000]
CodeHeap 'profiled nmethods': size=120000Kb used=30327Kb max_used=30327Kb free=89672Kb
 bounds [0x000002afbeef0000, 0x000002afc0c90000, 0x000002afc6420000]
CodeHeap 'non-nmethods': size=5696Kb used=2279Kb max_used=2323Kb free=3416Kb
 bounds [0x000002afbe960000, 0x000002afbebd0000, 0x000002afbeef0000]
 total_blobs=14085 nmethods=13185 adapters=812
 compilation: enabled
              stopped_count=0, restarted_count=0
 full_count=0

Compilation events (20 events):
Event: 132.507 Thread 0x000002afd4db5000 13628       2       com.android.tools.r8.code.FloatToDouble::<init> (7 bytes)
Event: 132.508 Thread 0x000002afd4db5000 nmethod 13628 0x000002afc0c89910 code [0x000002afc0c89ac0, 0x000002afc0c89c18]
Event: 132.510 Thread 0x000002afd4db5000 13629       2       com.android.tools.r8.code.MulFloat::<init> (7 bytes)
Event: 132.511 Thread 0x000002afd4db5000 nmethod 13629 0x000002afc0c89d10 code [0x000002afc0c89ee0, 0x000002afc0c8a118]
Event: 132.514 Thread 0x000002afd4db5000 13630       2       com.android.tools.r8.graph.DexCode$Try::<init> (25 bytes)
Event: 132.515 Thread 0x000002afd4db5000 nmethod 13630 0x000002afc0c8a310 code [0x000002afc0c8a4c0, 0x000002afc0c8a5d8]
Event: 132.515 Thread 0x000002afd4db5000 13631       2       com.android.tools.r8.graph.DexCode$Try::setHandlerIndex (15 bytes)
Event: 132.515 Thread 0x000002afd4db5000 nmethod 13631 0x000002afc0c8a690 code [0x000002afc0c8a840, 0x000002afc0c8a968]
Event: 132.515 Thread 0x000002afd4db5000 13632       2       com.android.tools.r8.it.unimi.dsi.fastutil.ints.Int2IntArrayMap::get (36 bytes)
Event: 132.516 Thread 0x000002afd4db5000 nmethod 13632 0x000002afc0c8aa10 code [0x000002afc0c8abc0, 0x000002afc0c8adb8]
Event: 132.516 Thread 0x000002afd4db5000 13633       2       com.android.tools.r8.graph.DexCode$Try::hashCode (21 bytes)
Event: 132.517 Thread 0x000002afd4db5000 nmethod 13633 0x000002afc0c8af10 code [0x000002afc0c8b0c0, 0x000002afc0c8b1d8]
Event: 132.522 Thread 0x000002afd4db5000 13634       2       com.android.tools.r8.it.unimi.dsi.fastutil.ints.Int2IntArrayMap::put (171 bytes)
Event: 132.523 Thread 0x000002afd4db5000 nmethod 13634 0x000002afc0c8b290 code [0x000002afc0c8b480, 0x000002afc0c8ba18]
Event: 132.524 Thread 0x000002afd4db5000 13635       2       com.android.tools.r8.graph.DexCode$TryHandler::<init> (15 bytes)
Event: 132.524 Thread 0x000002afd4db5000 nmethod 13635 0x000002afc0c8bd90 code [0x000002afc0c8bf40, 0x000002afc0c8c098]
Event: 132.524 Thread 0x000002afd4db5000 13636       2       com.android.tools.r8.graph.DexCode$TryHandler::hashCode (16 bytes)
Event: 132.525 Thread 0x000002afd4db5000 nmethod 13636 0x000002afc0c8c110 code [0x000002afc0c8c2c0, 0x000002afc0c8c3e8]
Event: 132.531 Thread 0x000002afd4db5000 13637       2       com.android.tools.r8.code.IntToFloat::<init> (7 bytes)
Event: 132.532 Thread 0x000002afd4db5000 nmethod 13637 0x000002afc0c8c490 code [0x000002afc0c8c640, 0x000002afc0c8c798]

GC Heap History (20 events):
Event: 104.560 GC heap before
{Heap before GC invocations=71 (full 0):
 garbage-first heap   total 203776K, used 148869K [0x0000000080000000, 0x0000000100000000)
  region size 1024K, 25 young (25600K), 2 survivors (2048K)
 Metaspace       used 83976K, capacity 85775K, committed 85888K, reserved 1124352K
  class space    used 10404K, capacity 11037K, committed 11136K, reserved 1048576K
}
Event: 104.608 GC heap after
{Heap after GC invocations=72 (full 0):
 garbage-first heap   total 203776K, used 126120K [0x0000000080000000, 0x0000000100000000)
  region size 1024K, 3 young (3072K), 3 survivors (3072K)
 Metaspace       used 83976K, capacity 85775K, committed 85888K, reserved 1124352K
  class space    used 10404K, capacity 11037K, committed 11136K, reserved 1048576K
}
Event: 105.984 GC heap before
{Heap before GC invocations=72 (full 0):
 garbage-first heap   total 203776K, used 132264K [0x0000000080000000, 0x0000000100000000)
  region size 1024K, 9 young (9216K), 3 survivors (3072K)
 Metaspace       used 84131K, capacity 85903K, committed 86144K, reserved 1124352K
  class space    used 10404K, capacity 11037K, committed 11136K, reserved 1048576K
}
Event: 106.033 GC heap after
{Heap after GC invocations=73 (full 0):
 garbage-first heap   total 203776K, used 124625K [0x0000000080000000, 0x0000000100000000)
  region size 1024K, 1 young (1024K), 1 survivors (1024K)
 Metaspace       used 84131K, capacity 85903K, committed 86144K, reserved 1124352K
  class space    used 10404K, capacity 11037K, committed 11136K, reserved 1048576K
}
Event: 113.503 GC heap before
{Heap before GC invocations=73 (full 0):
 garbage-first heap   total 203776K, used 150225K [0x0000000080000000, 0x0000000100000000)
  region size 1024K, 27 young (27648K), 1 survivors (1024K)
 Metaspace       used 84211K, capacity 85982K, committed 86144K, reserved 1124352K
  class space    used 10412K, capacity 11040K, committed 11136K, reserved 1048576K
}
Event: 113.531 GC heap after
{Heap after GC invocations=74 (full 0):
 garbage-first heap   total 203776K, used 125952K [0x0000000080000000, 0x0000000100000000)
  region size 1024K, 2 young (2048K), 2 survivors (2048K)
 Metaspace       used 84211K, capacity 85982K, committed 86144K, reserved 1124352K
  class space    used 10412K, capacity 11040K, committed 11136K, reserved 1048576K
}
Event: 115.063 GC heap before
{Heap before GC invocations=74 (full 0):
 garbage-first heap   total 203776K, used 153600K [0x0000000080000000, 0x0000000100000000)
  region size 1024K, 30 young (30720K), 2 survivors (2048K)
 Metaspace       used 84870K, capacity 86600K, committed 86656K, reserved 1124352K
  class space    used 10477K, capacity 11097K, committed 11136K, reserved 1048576K
}
Event: 115.094 GC heap after
{Heap after GC invocations=75 (full 0):
 garbage-first heap   total 203776K, used 127577K [0x0000000080000000, 0x0000000100000000)
  region size 1024K, 4 young (4096K), 4 survivors (4096K)
 Metaspace       used 84870K, capacity 86600K, committed 86656K, reserved 1124352K
  class space    used 10477K, capacity 11097K, committed 11136K, reserved 1048576K
}
Event: 115.523 GC heap before
{Heap before GC invocations=75 (full 0):
 garbage-first heap   total 203776K, used 157273K [0x0000000080000000, 0x0000000100000000)
  region size 1024K, 33 young (33792K), 4 survivors (4096K)
 Metaspace       used 84880K, capacity 86600K, committed 86656K, reserved 1124352K
  class space    used 10479K, capacity 11097K, committed 11136K, reserved 1048576K
}
Event: 115.551 GC heap after
{Heap after GC invocations=76 (full 0):
 garbage-first heap   total 203776K, used 127963K [0x0000000080000000, 0x0000000100000000)
  region size 1024K, 2 young (2048K), 2 survivors (2048K)
 Metaspace       used 84880K, capacity 86600K, committed 86656K, reserved 1124352K
  class space    used 10479K, capacity 11097K, committed 11136K, reserved 1048576K
}
Event: 116.069 GC heap before
{Heap before GC invocations=76 (full 0):
 garbage-first heap   total 203776K, used 160731K [0x0000000080000000, 0x0000000100000000)
  region size 1024K, 34 young (34816K), 2 survivors (2048K)
 Metaspace       used 84887K, capacity 86600K, committed 86656K, reserved 1124352K
  class space    used 10480K, capacity 11097K, committed 11136K, reserved 1048576K
}
Event: 116.085 GC heap after
{Heap after GC invocations=77 (full 0):
 garbage-first heap   total 203776K, used 128608K [0x0000000080000000, 0x0000000100000000)
  region size 1024K, 3 young (3072K), 3 survivors (3072K)
 Metaspace       used 84887K, capacity 86600K, committed 86656K, reserved 1124352K
  class space    used 10480K, capacity 11097K, committed 11136K, reserved 1048576K
}
Event: 118.094 GC heap before
{Heap before GC invocations=77 (full 0):
 garbage-first heap   total 203776K, used 164448K [0x0000000080000000, 0x0000000100000000)
  region size 1024K, 36 young (36864K), 3 survivors (3072K)
 Metaspace       used 85207K, capacity 86952K, committed 87296K, reserved 1126400K
  class space    used 10523K, capacity 11172K, committed 11264K, reserved 1048576K
}
Event: 118.117 GC heap after
{Heap after GC invocations=78 (full 0):
 garbage-first heap   total 203776K, used 133028K [0x0000000080000000, 0x0000000100000000)
  region size 1024K, 5 young (5120K), 5 survivors (5120K)
 Metaspace       used 85207K, capacity 86952K, committed 87296K, reserved 1126400K
  class space    used 10523K, capacity 11172K, committed 11264K, reserved 1048576K
}
Event: 120.602 GC heap before
{Heap before GC invocations=78 (full 0):
 garbage-first heap   total 203776K, used 164772K [0x0000000080000000, 0x0000000100000000)
  region size 1024K, 37 young (37888K), 5 survivors (5120K)
 Metaspace       used 90519K, capacity 92399K, committed 92544K, reserved 1130496K
  class space    used 11203K, capacity 11878K, committed 11904K, reserved 1048576K
}
Event: 120.649 GC heap after
{Heap after GC invocations=79 (full 0):
 garbage-first heap   total 203776K, used 138157K [0x0000000080000000, 0x0000000100000000)
  region size 1024K, 5 young (5120K), 5 survivors (5120K)
 Metaspace       used 90519K, capacity 92399K, committed 92544K, reserved 1130496K
  class space    used 11203K, capacity 11878K, committed 11904K, reserved 1048576K
}
Event: 123.470 GC heap before
{Heap before GC invocations=79 (full 0):
 garbage-first heap   total 203776K, used 167853K [0x0000000080000000, 0x0000000100000000)
  region size 1024K, 35 young (35840K), 5 survivors (5120K)
 Metaspace       used 92968K, capacity 94997K, committed 95232K, reserved 1132544K
  class space    used 11450K, capacity 12201K, committed 12288K, reserved 1048576K
}
Event: 123.504 GC heap after
{Heap after GC invocations=80 (full 0):
 garbage-first heap   total 244736K, used 140505K [0x0000000080000000, 0x0000000100000000)
  region size 1024K, 3 young (3072K), 3 survivors (3072K)
 Metaspace       used 92968K, capacity 94997K, committed 95232K, reserved 1132544K
  class space    used 11450K, capacity 12201K, committed 12288K, reserved 1048576K
}
Event: 131.243 GC heap before
{Heap before GC invocations=80 (full 0):
 garbage-first heap   total 244736K, used 198873K [0x0000000080000000, 0x0000000100000000)
  region size 1024K, 46 young (47104K), 3 survivors (3072K)
 Metaspace       used 93284K, capacity 95290K, committed 95488K, reserved 1132544K
  class space    used 11479K, capacity 12211K, committed 12288K, reserved 1048576K
}
Event: 131.284 GC heap after
{Heap after GC invocations=81 (full 0):
 garbage-first heap   total 244736K, used 153999K [0x0000000080000000, 0x0000000100000000)
  region size 1024K, 6 young (6144K), 6 survivors (6144K)
 Metaspace       used 93284K, capacity 95290K, committed 95488K, reserved 1132544K
  class space    used 11479K, capacity 12211K, committed 12288K, reserved 1048576K
}

Deoptimization events (20 events):
Event: 131.769 Thread 0x000002afd9693000 DEOPT UNPACKING pc=0x000002afbe9868a9 sp=0x000000d725cfebc8 mode 2
Event: 131.769 Thread 0x000002afd9692000 Uncommon trap: reason=unstable_if action=reinterpret pc=0x000002afc651684c method=java.util.Arrays.hashCode([Ljava/lang/Object;)I @ 1 c2
Event: 131.769 Thread 0x000002afd9692000 DEOPT PACKING pc=0x000002afc651684c sp=0x000000d725bfe460
Event: 131.769 Thread 0x000002afd9692000 DEOPT UNPACKING pc=0x000002afbe9868a9 sp=0x000000d725bfe3d8 mode 2
Event: 132.013 Thread 0x000002afd9693000 Uncommon trap: trap_request=0xffffff4d fr.pc=0x000002afc6b3e578 relative=0x0000000000000938
Event: 132.013 Thread 0x000002afd9693000 Uncommon trap: reason=unstable_if action=reinterpret pc=0x000002afc6b3e578 method=com.android.tools.r8.dex.DexParser.parseEncodedValue()Lcom/android/tools/r8/graph/DexValue; @ 22 c2
Event: 132.013 Thread 0x000002afd9693000 DEOPT PACKING pc=0x000002afc6b3e578 sp=0x000000d725cfecf0
Event: 132.013 Thread 0x000002afd9693000 DEOPT UNPACKING pc=0x000002afbe9868a9 sp=0x000000d725cfeca8 mode 2
Event: 132.039 Thread 0x000002afd9693000 Uncommon trap: trap_request=0xffffff4d fr.pc=0x000002afc6b4051c relative=0x00000000000000dc
Event: 132.039 Thread 0x000002afd9693000 Uncommon trap: reason=unstable_if action=reinterpret pc=0x000002afc6b4051c method=com.android.tools.r8.dex.DexParser$MemberAnnotationIterator.getNextFor(Lcom/android/tools/r8/graph/Descriptor;)Lcom/android/tools/r8/graph/DexItem; @ 9 c2
Event: 132.039 Thread 0x000002afd9693000 DEOPT PACKING pc=0x000002afc6b4051c sp=0x000000d725cfedd0
Event: 132.039 Thread 0x000002afd9693000 DEOPT UNPACKING pc=0x000002afbe9868a9 sp=0x000000d725cfed68 mode 2
Event: 132.039 Thread 0x000002afd9693000 Uncommon trap: trap_request=0xffffff4d fr.pc=0x000002afc6ad192c relative=0x000000000000026c
Event: 132.039 Thread 0x000002afd9693000 Uncommon trap: reason=unstable_if action=reinterpret pc=0x000002afc6ad192c method=com.android.tools.r8.graph.DexString.slowCompareTo(Lcom/android/tools/r8/graph/DexString;)I @ 136 c2
Event: 132.039 Thread 0x000002afd9693000 DEOPT PACKING pc=0x000002afc6ad192c sp=0x000000d725cfec10
Event: 132.039 Thread 0x000002afd9693000 DEOPT UNPACKING pc=0x000002afbe9868a9 sp=0x000000d725cfeba0 mode 2
Event: 132.139 Thread 0x000002afd9693000 Uncommon trap: trap_request=0xffffff4d fr.pc=0x000002afc6b381f8 relative=0x0000000000000138
Event: 132.139 Thread 0x000002afd9693000 Uncommon trap: reason=unstable_if action=reinterpret pc=0x000002afc6b381f8 method=com.android.tools.r8.it.unimi.dsi.fastutil.ints.Int2ObjectOpenHashMap.get(I)Ljava/lang/Object; @ 1 c2
Event: 132.139 Thread 0x000002afd9693000 DEOPT PACKING pc=0x000002afc6b381f8 sp=0x000000d725cfe9a0
Event: 132.139 Thread 0x000002afd9693000 DEOPT UNPACKING pc=0x000002afbe9868a9 sp=0x000000d725cfe928 mode 2

Classes redefined (0 events):
No events

Internal exceptions (20 events):
Event: 123.800 Thread 0x000002afd968c800 Exception <a 'sun/nio/fs/WindowsException'{0x000000008e8bc6a8}> (0x000000008e8bc6a8) thrown at [./src/hotspot/share/prims/jni.cpp, line 615]
Event: 123.808 Thread 0x000002afd968c800 Exception <a 'sun/nio/fs/WindowsException'{0x000000008e8c39f8}> (0x000000008e8c39f8) thrown at [./src/hotspot/share/prims/jni.cpp, line 615]
Event: 123.817 Thread 0x000002afd968c800 Exception <a 'sun/nio/fs/WindowsException'{0x000000008e8c8b00}> (0x000000008e8c8b00) thrown at [./src/hotspot/share/prims/jni.cpp, line 615]
Event: 123.827 Thread 0x000002afd968c800 Exception <a 'sun/nio/fs/WindowsException'{0x000000008e8cf9d8}> (0x000000008e8cf9d8) thrown at [./src/hotspot/share/prims/jni.cpp, line 615]
Event: 123.858 Thread 0x000002afd968c800 Exception <a 'sun/nio/fs/WindowsException'{0x000000008e8fb248}> (0x000000008e8fb248) thrown at [./src/hotspot/share/prims/jni.cpp, line 615]
Event: 123.868 Thread 0x000002afd968c800 Exception <a 'sun/nio/fs/WindowsException'{0x000000008e3c0030}> (0x000000008e3c0030) thrown at [./src/hotspot/share/prims/jni.cpp, line 615]
Event: 123.880 Thread 0x000002afd968c800 Exception <a 'sun/nio/fs/WindowsException'{0x000000008e3c6c18}> (0x000000008e3c6c18) thrown at [./src/hotspot/share/prims/jni.cpp, line 615]
Event: 123.891 Thread 0x000002afd968c800 Exception <a 'sun/nio/fs/WindowsException'{0x000000008e3cbcf0}> (0x000000008e3cbcf0) thrown at [./src/hotspot/share/prims/jni.cpp, line 615]
Event: 123.902 Thread 0x000002afd968c800 Exception <a 'sun/nio/fs/WindowsException'{0x000000008e3d0a50}> (0x000000008e3d0a50) thrown at [./src/hotspot/share/prims/jni.cpp, line 615]
Event: 123.915 Thread 0x000002afd968c800 Exception <a 'sun/nio/fs/WindowsException'{0x000000008e3da0e0}> (0x000000008e3da0e0) thrown at [./src/hotspot/share/prims/jni.cpp, line 615]
Event: 123.925 Thread 0x000002afd968c800 Exception <a 'sun/nio/fs/WindowsException'{0x000000008e3e3710}> (0x000000008e3e3710) thrown at [./src/hotspot/share/prims/jni.cpp, line 615]
Event: 123.935 Thread 0x000002afd968c800 Exception <a 'sun/nio/fs/WindowsException'{0x000000008e3e8378}> (0x000000008e3e8378) thrown at [./src/hotspot/share/prims/jni.cpp, line 615]
Event: 123.945 Thread 0x000002afd968c800 Exception <a 'sun/nio/fs/WindowsException'{0x000000008e3f1ba0}> (0x000000008e3f1ba0) thrown at [./src/hotspot/share/prims/jni.cpp, line 615]
Event: 123.954 Thread 0x000002afd968c800 Exception <a 'sun/nio/fs/WindowsException'{0x000000008e3f67e8}> (0x000000008e3f67e8) thrown at [./src/hotspot/share/prims/jni.cpp, line 615]
Event: 123.963 Thread 0x000002afd968c800 Exception <a 'sun/nio/fs/WindowsException'{0x000000008e0c5348}> (0x000000008e0c5348) thrown at [./src/hotspot/share/prims/jni.cpp, line 615]
Event: 123.986 Thread 0x000002afd968c800 Exception <a 'sun/nio/fs/WindowsException'{0x000000008e0c9e80}> (0x000000008e0c9e80) thrown at [./src/hotspot/share/prims/jni.cpp, line 615]
Event: 130.869 Thread 0x000002afd9692000 Exception <a 'sun/nio/fs/WindowsException'{0x000000008d42a988}> (0x000000008d42a988) thrown at [./src/hotspot/share/prims/jni.cpp, line 615]
Event: 131.060 Thread 0x000002afd9692000 Implicit null exception at 0x000002afc6b21cc0 to 0x000002afc6b222ac
Event: 131.769 Thread 0x000002afd9693000 Implicit null exception at 0x000002afc651674f to 0x000002afc651683c
Event: 131.769 Thread 0x000002afd9692000 Implicit null exception at 0x000002afc651674f to 0x000002afc651683c

Events (20 events):
Event: 132.028 loading class com/android/tools/r8/it/unimi/dsi/fastutil/ints/Int2IntMap$FastEntrySet
Event: 132.028 loading class com/android/tools/r8/it/unimi/dsi/fastutil/ints/Int2IntMap$FastEntrySet done
Event: 132.030 loading class com/android/tools/r8/graph/DexCode$TryHandler$TypeAddrPair
Event: 132.030 loading class com/android/tools/r8/graph/DexCode$TryHandler$TypeAddrPair done
Event: 132.031 loading class com/android/tools/r8/graph/DexDebugEvent$EndLocal
Event: 132.031 loading class com/android/tools/r8/graph/DexDebugEvent$EndLocal done
Event: 132.032 loading class com/android/tools/r8/graph/DexDebugEvent$EndLocal
Event: 132.032 loading class com/android/tools/r8/graph/DexDebugEvent$EndLocal done
Event: 132.038 loading class com/android/tools/r8/graph/ParameterAnnotationsList
Event: 132.038 loading class com/android/tools/r8/graph/ParameterAnnotationsList done
Event: 132.038 loading class com/android/tools/r8/dex/DexParser
Event: 132.038 loading class com/android/tools/r8/dex/DexParser done
Event: 132.093 loading class com/android/tools/r8/graph/DexDebugEvent$RestartLocal
Event: 132.093 loading class com/android/tools/r8/graph/DexDebugEvent$RestartLocal done
Event: 132.094 loading class com/android/tools/r8/graph/DexDebugEvent$RestartLocal
Event: 132.094 loading class com/android/tools/r8/graph/DexDebugEvent$RestartLocal done
Event: 132.095 loading class com/android/tools/r8/graph/DexDebugEvent$AdvancePC
Event: 132.095 loading class com/android/tools/r8/graph/DexDebugEvent$AdvancePC done
Event: 132.097 loading class com/android/tools/r8/graph/DexDebugEvent$AdvancePC
Event: 132.097 loading class com/android/tools/r8/graph/DexDebugEvent$AdvancePC done


Dynamic libraries:
0x00007ff7e9070000 - 0x00007ff7e907a000 	D:\waseem\4. ELECTIVES MOBILE APP\Android Studio\jre\bin\java.exe
0x00007ffbf2f60000 - 0x00007ffbf313b000 	C:\WINDOWS\SYSTEM32\ntdll.dll
0x00007ffbf0cf0000 - 0x00007ffbf0d9e000 	C:\WINDOWS\System32\KERNEL32.DLL
0x00007ffbeffe0000 - 0x00007ffbf022a000 	C:\WINDOWS\System32\KERNELBASE.dll
0x00007ffbef650000 - 0x00007ffbef746000 	C:\WINDOWS\System32\ucrtbase.dll
0x00007ffbdd040000 - 0x00007ffbdd059000 	D:\waseem\4. ELECTIVES MOBILE APP\Android Studio\jre\bin\jli.dll
0x00007ffbf0750000 - 0x00007ffbf089a000 	C:\WINDOWS\System32\USER32.dll
0x00007ffbefe50000 - 0x00007ffbefe6e000 	C:\WINDOWS\System32\win32u.dll
0x00007ffbf2b30000 - 0x00007ffbf2b57000 	C:\WINDOWS\System32\GDI32.dll
0x00007ffbf02d0000 - 0x00007ffbf0458000 	C:\WINDOWS\System32\gdi32full.dll
0x00007ffbf0230000 - 0x00007ffbf02ca000 	C:\WINDOWS\System32\msvcp_win.dll
0x00007ffbe2e00000 - 0x00007ffbe3067000 	C:\WINDOWS\WinSxS\amd64_microsoft.windows.common-controls_6595b64144ccf1df_6.0.15063.1155_none_40c7922129a7722b\COMCTL32.dll
0x00007ffbf0b20000 - 0x00007ffbf0bbd000 	C:\WINDOWS\System32\msvcrt.dll
0x00007ffbf2320000 - 0x00007ffbf2619000 	C:\WINDOWS\System32\combase.dll
0x00007ffbf0620000 - 0x00007ffbf0745000 	C:\WINDOWS\System32\RPCRT4.dll
0x00007ffbeff70000 - 0x00007ffbeffda000 	C:\WINDOWS\System32\bcryptPrimitives.dll
0x00007ffbdcd50000 - 0x00007ffbdcd67000 	D:\waseem\4. ELECTIVES MOBILE APP\Android Studio\jre\bin\VCRUNTIME140.dll
0x00007ffbf2b00000 - 0x00007ffbf2b2d000 	C:\WINDOWS\System32\IMM32.DLL
0x00007ffbdccb0000 - 0x00007ffbdcd4d000 	D:\waseem\4. ELECTIVES MOBILE APP\Android Studio\jre\bin\msvcp140.dll
0x00007ffbc2210000 - 0x00007ffbc2ccc000 	D:\waseem\4. ELECTIVES MOBILE APP\Android Studio\jre\bin\server\jvm.dll
0x00007ffbf2cb0000 - 0x00007ffbf2d51000 	C:\WINDOWS\System32\ADVAPI32.dll
0x00007ffbf0e20000 - 0x00007ffbf0e79000 	C:\WINDOWS\System32\sechost.dll
0x00007ffbf0610000 - 0x00007ffbf0618000 	C:\WINDOWS\System32\PSAPI.DLL
0x00007ffbed870000 - 0x00007ffbed893000 	C:\WINDOWS\SYSTEM32\WINMM.dll
0x00007ffbe94e0000 - 0x00007ffbe94e9000 	C:\WINDOWS\SYSTEM32\WSOCK32.dll
0x00007ffbe3070000 - 0x00007ffbe307a000 	C:\WINDOWS\SYSTEM32\VERSION.dll
0x00007ffbf0c80000 - 0x00007ffbf0cec000 	C:\WINDOWS\System32\WS2_32.dll
0x00007ffbed5b0000 - 0x00007ffbed5db000 	C:\WINDOWS\SYSTEM32\WINMMBASE.dll
0x00007ffbefe70000 - 0x00007ffbefeb9000 	C:\WINDOWS\System32\cfgmgr32.dll
0x00007ffbef460000 - 0x00007ffbef471000 	C:\WINDOWS\System32\kernel.appcore.dll
0x00007ffbc8180000 - 0x00007ffbc8191000 	D:\waseem\4. ELECTIVES MOBILE APP\Android Studio\jre\bin\verify.dll
0x00007ffbeba70000 - 0x00007ffbebc19000 	C:\WINDOWS\SYSTEM32\DBGHELP.DLL
0x00007ffbdfbd0000 - 0x00007ffbdfbf9000 	C:\WINDOWS\SYSTEM32\dbgcore.DLL
0x00007ffbc6f20000 - 0x00007ffbc6f49000 	D:\waseem\4. ELECTIVES MOBILE APP\Android Studio\jre\bin\java.dll
0x00007ffbc7e90000 - 0x00007ffbc7e9b000 	D:\waseem\4. ELECTIVES MOBILE APP\Android Studio\jre\bin\jimage.dll
0x00007ffbc6f00000 - 0x00007ffbc6f18000 	D:\waseem\4. ELECTIVES MOBILE APP\Android Studio\jre\bin\zip.dll
0x00007ffbf0ee0000 - 0x00007ffbf2318000 	C:\WINDOWS\System32\SHELL32.dll
0x00007ffbf0560000 - 0x00007ffbf060a000 	C:\WINDOWS\System32\shcore.dll
0x00007ffbef750000 - 0x00007ffbefe41000 	C:\WINDOWS\System32\windows.storage.dll
0x00007ffbf2f00000 - 0x00007ffbf2f51000 	C:\WINDOWS\System32\shlwapi.dll
0x00007ffbef3f0000 - 0x00007ffbef43c000 	C:\WINDOWS\System32\powrprof.dll
0x00007ffbef3d0000 - 0x00007ffbef3e5000 	C:\WINDOWS\System32\profapi.dll
0x00007ffbc4080000 - 0x00007ffbc409a000 	D:\waseem\4. ELECTIVES MOBILE APP\Android Studio\jre\bin\net.dll
0x00007ffbe1800000 - 0x00007ffbe18d6000 	C:\WINDOWS\SYSTEM32\WINHTTP.dll
0x00007ffbeec80000 - 0x00007ffbeecdc000 	C:\WINDOWS\system32\mswsock.dll
0x00007ffbc4060000 - 0x00007ffbc4074000 	D:\waseem\4. ELECTIVES MOBILE APP\Android Studio\jre\bin\nio.dll
0x00007ffbde3a0000 - 0x00007ffbde3be000 	C:\Users\wasee\.gradle\native\25\windows-amd64\native-platform.dll
0x00007ffbc6d70000 - 0x00007ffbc6d7a000 	D:\waseem\4. ELECTIVES MOBILE APP\Android Studio\jre\bin\management.dll
0x00007ffbc3ec0000 - 0x00007ffbc3ecc000 	D:\waseem\4. ELECTIVES MOBILE APP\Android Studio\jre\bin\management_ext.dll
0x00007ffbeee20000 - 0x00007ffbeee37000 	C:\WINDOWS\SYSTEM32\CRYPTSP.dll
0x00007ffbee890000 - 0x00007ffbee8c4000 	C:\WINDOWS\system32\rsaenh.dll
0x00007ffbef2a0000 - 0x00007ffbef2c5000 	C:\WINDOWS\SYSTEM32\bcrypt.dll
0x00007ffbef300000 - 0x00007ffbef329000 	C:\WINDOWS\SYSTEM32\USERENV.dll
0x00007ffbeee40000 - 0x00007ffbeee4b000 	C:\WINDOWS\SYSTEM32\CRYPTBASE.dll
0x00007ffbeea20000 - 0x00007ffbeea57000 	C:\WINDOWS\SYSTEM32\IPHLPAPI.DLL
0x00007ffbf0e10000 - 0x00007ffbf0e18000 	C:\WINDOWS\System32\NSI.dll
0x00007ffbe40c0000 - 0x00007ffbe40d6000 	C:\WINDOWS\SYSTEM32\dhcpcsvc6.DLL
0x00007ffbe4800000 - 0x00007ffbe481a000 	C:\WINDOWS\SYSTEM32\dhcpcsvc.DLL

dbghelp: loaded successfully - version: 4.0.5 - missing functions: none
symbol engine: initialized successfully - sym options: 0x614 - pdb path: .;D:\waseem\4. ELECTIVES MOBILE APP\Android Studio\jre\bin;C:\WINDOWS\SYSTEM32;C:\WINDOWS\WinSxS\amd64_microsoft.windows.common-controls_6595b64144ccf1df_6.0.15063.1155_none_40c7922129a7722b;D:\waseem\4. ELECTIVES MOBILE APP\Android Studio\jre\bin\server;C:\Users\wasee\.gradle\native\25\windows-amd64

VM Arguments:
jvm_args: --add-opens=java.base/java.util=ALL-UNNAMED --add-opens=java.base/java.lang=ALL-UNNAMED --add-opens=java.base/java.lang.invoke=ALL-UNNAMED --add-opens=java.prefs/java.util.prefs=ALL-UNNAMED -Xmx2048m -Dfile.encoding=UTF-8 -Duser.country=ZA -Duser.language=en -Duser.variant 
java_command: org.gradle.launcher.daemon.bootstrap.GradleDaemon 5.1.1
java_class_path (initial): C:\Users\wasee\.gradle\wrapper\dists\gradle-5.1.1-bin\90y9l8txxfw1s2o6ctiqeruwn\gradle-5.1.1\lib\gradle-launcher-5.1.1.jar
Launcher Type: SUN_STANDARD

[Global flags]
     intx CICompilerCount                          = 2                                         {product} {ergonomic}
     uint ConcGCThreads                            = 1                                         {product} {ergonomic}
     uint G1ConcRefinementThreads                  = 2                                         {product} {ergonomic}
   size_t G1HeapRegionSize                         = 1048576                                   {product} {ergonomic}
    uintx GCDrainStackTargetSize                   = 64                                        {product} {ergonomic}
   size_t InitialHeapSize                          = 67108864                                  {product} {ergonomic}
   size_t MarkStackSize                            = 4194304                                   {product} {ergonomic}
   size_t MaxHeapSize                              = 2147483648                                {product} {command line}
   size_t MaxNewSize                               = 1287651328                                {product} {ergonomic}
   size_t MinHeapDeltaBytes                        = 1048576                                   {product} {ergonomic}
    uintx NonNMethodCodeHeapSize                   = 5825164                                {pd product} {ergonomic}
    uintx NonProfiledCodeHeapSize                  = 122916538                              {pd product} {ergonomic}
    uintx ProfiledCodeHeapSize                     = 122916538                              {pd product} {ergonomic}
    uintx ReservedCodeCacheSize                    = 251658240                              {pd product} {ergonomic}
     bool SegmentedCodeCache                       = true                                      {product} {ergonomic}
     bool UseCompressedClassPointers               = true                                 {lp64_product} {ergonomic}
     bool UseCompressedOops                        = true                                 {lp64_product} {ergonomic}
     bool UseG1GC                                  = true                                      {product} {ergonomic}
     bool UseLargePagesIndividualAllocation        = false                                  {pd product} {ergonomic}

Logging:
Log output configuration:
 #0: stdout all=warning uptime,level,tags
 #1: stderr all=off uptime,level,tags

Environment Variables:
PATH=C:\Program Files\Common Files\Oracle\Java\javapath;C:\Program Files (x86)\Common Files\Oracle\Java\javapath;C:\Program Files\OpenJDK\jdk-11.0.8.10-hotspot\bin;C:\Program Files (x86)\Intel\TXE Components\TCS\;C:\Program Files\Intel\TXE Components\TCS\;C:\WINDOWS\system32;C:\WINDOWS;C:\WINDOWS\System32\Wbem;C:\WINDOWS\System32\WindowsPowerShell\v1.0\;C:\Program Files\Intel\TXE Components\DAL\;C:\Program Files (x86)\Intel\TXE Components\DAL\;C:\Program Files\Intel\TXE Components\IPT\;C:\Program Files (x86)\Intel\TXE Components\IPT\;C:\Users\wasee\AppData\Local\Microsoft\WindowsApps;
USERNAME=wasee
OS=Windows_NT
PROCESSOR_IDENTIFIER=Intel64 Family 6 Model 76 Stepping 4, GenuineIntel



---------------  S Y S T E M  ---------------

OS: Windows 10 , 64 bit Build 15063 (10.0.15063.1058)
OS uptime: 0 days 0:49 hours

CPU:total 2 (initial active 2) (2 cores per cpu, 1 threads per core) family 6 model 76 stepping 4, cmov, cx8, fxsr, mmx, sse, sse2, sse3, ssse3, sse4.1, sse4.2, popcnt, aes, clmul, erms, 3dnowpref, tsc, tscinvbit

Memory: 4k page, system-wide physical 4002M (341M free)
TotalPageFile size 4610M (AvailPageFile size 6M)
current process WorkingSet (physical memory assigned to process): 503M, peak: 503M
current process commit charge ("private bytes"): 526M, peak: 527M

vm_info: OpenJDK 64-Bit Server VM (11.0.8+10-b944.6842174) for windows-amd64 JRE (11.0.8+10-b944.6842174), built on Sep 19 2020 01:11:42 by "builder" with MS VC++ 14.0 (VS2015)

END.
