#
# There is insufficient memory for the Java Runtime Environment to continue.
# Native memory allocation (malloc) failed to allocate 1096496 bytes for Chunk::new
# Possible reasons:
#   The system is out of physical RAM or swap space
#   The process is running with CompressedOops enabled, and the Java Heap may be blocking the growth of the native heap
# Possible solutions:
#   Reduce memory load on the system
#   Increase physical memory or swap space
#   Check if swap backing store is full
#   Decrease Java heap size (-Xmx/-Xms)
#   Decrease number of Java threads
#   Decrease Java thread stack sizes (-Xss)
#   Set larger code cache with -XX:ReservedCodeCacheSize=
#   JVM is running with Unscaled Compressed Oops mode in which the Java heap is
#     placed in the first 4GB address space. The Java Heap base address is the
#     maximum limit for the native heap growth. Please use -XX:HeapBaseMinAddress
#     to set the Java Heap base and to place the Java Heap above 4GB virtual address.
# This output file may be truncated or incomplete.
#
#  Out of Memory Error (./src/hotspot/share/memory/arena.cpp:197), pid=4568, tid=4304
#
# JRE version: OpenJDK Runtime Environment (11.0.8+10) (build 11.0.8+10-b944.6842174)
# Java VM: OpenJDK 64-Bit Server VM (11.0.8+10-b944.6842174, mixed mode, tiered, compressed oops, g1 gc, windows-amd64)
# No core dump will be written. Minidumps are not enabled by default on client versions of Windows
#

---------------  S U M M A R Y ------------

Command Line: --add-opens=java.base/java.util=ALL-UNNAMED --add-opens=java.base/java.lang=ALL-UNNAMED --add-opens=java.base/java.lang.invoke=ALL-UNNAMED --add-opens=java.prefs/java.util.prefs=ALL-UNNAMED -Xmx2048m -Dfile.encoding=UTF-8 -Duser.country=ZA -Duser.language=en -Duser.variant org.gradle.launcher.daemon.bootstrap.GradleDaemon 5.1.1

Host: Intel(R) Celeron(R) CPU  N3060  @ 1.60GHz, 2 cores, 3G,  Windows 10 , 64 bit Build 15063 (10.0.15063.1058)
Time: Sun Sep 26 16:25:30 2021 South Africa Standard Time elapsed time: 1834 seconds (0d 0h 30m 34s)

---------------  T H R E A D  ---------------

Current thread (0x00000229aee4e000):  JavaThread "C2 CompilerThread0" daemon [_thread_in_native, id=4304, stack(0x000000cdedc00000,0x000000cdedd00000)]


Current CompileTask:
C2:1834673 12481   !   4       org.gradle.api.internal.attributes.DefaultImmutableAttributesFactory::doConcatIsolatable (146 bytes)

Stack: [0x000000cdedc00000,0x000000cdedd00000]
Native frames: (J=compiled Java code, j=interpreted, Vv=VM code, C=native code)
V  [jvm.dll+0x5de50a]
V  [jvm.dll+0x7122f5]
V  [jvm.dll+0x71384d]
V  [jvm.dll+0x713f03]
V  [jvm.dll+0x23e728]
V  [jvm.dll+0xb899c]
V  [jvm.dll+0xb8e9c]
V  [jvm.dll+0x35024d]
V  [jvm.dll+0x193cbc]
V  [jvm.dll+0x1f780e]
V  [jvm.dll+0x1f68d4]
V  [jvm.dll+0x17f32c]
V  [jvm.dll+0x205047]
V  [jvm.dll+0x203891]
V  [jvm.dll+0x6dad3f]
V  [jvm.dll+0x6d3895]
V  [jvm.dll+0x5dd4a6]
C  [ucrtbase.dll+0x20279]
C  [KERNEL32.DLL+0x12784]
C  [ntdll.dll+0x50c51]


---------------  P R O C E S S  ---------------

Threads class SMR info:
_java_thread_list=0x00000229b27a9c00, length=37, elements={
0x00000229956f9800, 0x00000229aeded800, 0x00000229aedf0800, 0x00000229aee4b800,
0x00000229aee4d000, 0x00000229aee4e000, 0x00000229af6b8800, 0x00000229af6bc000,
0x00000229af7ae800, 0x00000229af7ea800, 0x00000229b0738000, 0x00000229b092a800,
0x00000229b01cd800, 0x00000229b0112000, 0x00000229b0111000, 0x00000229b0114800,
0x00000229b3c4c800, 0x00000229b3c4e000, 0x00000229b3c50800, 0x00000229b3c4a800,
0x00000229b3c49000, 0x00000229b3c4a000, 0x00000229b2910800, 0x00000229b290e000,
0x00000229b2912000, 0x00000229b2913000, 0x00000229b290f800, 0x00000229b290d000,
0x00000229b2913800, 0x00000229b2914800, 0x00000229b290f000, 0x00000229b2911000,
0x00000229b291b000, 0x00000229b2918800, 0x00000229b2918000, 0x00000229b2915800,
0x00000229b291c000
}

Java Threads: ( => current thread )
  0x00000229956f9800 JavaThread "main" [_thread_blocked, id=3392, stack(0x000000cded000000,0x000000cded100000)]
  0x00000229aeded800 JavaThread "Reference Handler" daemon [_thread_blocked, id=7588, stack(0x000000cded700000,0x000000cded800000)]
  0x00000229aedf0800 JavaThread "Finalizer" daemon [_thread_blocked, id=9464, stack(0x000000cded800000,0x000000cded900000)]
  0x00000229aee4b800 JavaThread "Signal Dispatcher" daemon [_thread_blocked, id=5324, stack(0x000000cdeda00000,0x000000cdedb00000)]
  0x00000229aee4d000 JavaThread "Attach Listener" daemon [_thread_blocked, id=752, stack(0x000000cdedb00000,0x000000cdedc00000)]
=>0x00000229aee4e000 JavaThread "C2 CompilerThread0" daemon [_thread_in_native, id=4304, stack(0x000000cdedc00000,0x000000cdedd00000)]
  0x00000229af6b8800 JavaThread "C1 CompilerThread0" daemon [_thread_blocked, id=2160, stack(0x000000cdedd00000,0x000000cdede00000)]
  0x00000229af6bc000 JavaThread "Sweeper thread" daemon [_thread_blocked, id=1520, stack(0x000000cdede00000,0x000000cdedf00000)]
  0x00000229af7ae800 JavaThread "Common-Cleaner" daemon [_thread_blocked, id=9408, stack(0x000000cdedf00000,0x000000cdee000000)]
  0x00000229af7ea800 JavaThread "Service Thread" daemon [_thread_blocked, id=7116, stack(0x000000cdee000000,0x000000cdee100000)]
  0x00000229b0738000 JavaThread "Incoming local TCP Connector on port 58076" [_thread_in_native, id=8300, stack(0x000000cdee300000,0x000000cdee400000)]
  0x00000229b092a800 JavaThread "Daemon periodic checks" [_thread_blocked, id=6120, stack(0x000000cdee400000,0x000000cdee500000)]
  0x00000229b01cd800 JavaThread "Cache worker for file hash cache (C:\Users\wasee\.gradle\caches\5.1.1\fileHashes)" [_thread_blocked, id=4720, stack(0x000000cdeec00000,0x000000cdeed00000)]
  0x00000229b0112000 JavaThread "File lock request listener" [_thread_in_native, id=6076, stack(0x000000cdeed00000,0x000000cdeee00000)]
  0x00000229b0111000 JavaThread "Cache worker for journal cache (C:\Users\wasee\.gradle\caches\journal-1)" [_thread_blocked, id=4636, stack(0x000000cdeee00000,0x000000cdeef00000)]
  0x00000229b0114800 JavaThread "Cache worker for execution history cache (C:\Users\wasee\.gradle\caches\5.1.1\executionHistory)" [_thread_blocked, id=272, stack(0x000000cdef200000,0x000000cdef300000)]
  0x00000229b3c4c800 JavaThread "Memory manager" [_thread_blocked, id=3412, stack(0x000000cdef600000,0x000000cdef700000)]
  0x00000229b3c4e000 JavaThread "Cache worker for file content cache (C:\Users\wasee\.gradle\caches\5.1.1\fileContent)" [_thread_blocked, id=5272, stack(0x000000cdef700000,0x000000cdef800000)]
  0x00000229b3c50800 JavaThread "ForkJoinPool.commonPool-worker-1" daemon [_thread_blocked, id=7544, stack(0x000000cdefd00000,0x000000cdefe00000)]
  0x00000229b3c4a800 JavaThread "Java2D Disposer" daemon [_thread_blocked, id=92, stack(0x000000cdf0000000,0x000000cdf0100000)]
  0x00000229b3c49000 JavaThread "Daemon Thread 2" [_thread_blocked, id=1560, stack(0x000000cdf0800000,0x000000cdf0900000)]
  0x00000229b3c4a000 JavaThread "Daemon worker Thread 2" [_thread_blocked, id=9240, stack(0x000000cdf0b00000,0x000000cdf0c00000)]
  0x00000229b2910800 JavaThread "ForkJoinPool.commonPool-worker-3" daemon [_thread_blocked, id=3888, stack(0x000000cdf1b00000,0x000000cdf1c00000)]
  0x00000229b290e000 JavaThread "Handler for socket connection from /127.0.0.1:58076 to /127.0.0.1:58106" [_thread_in_native, id=10128, stack(0x000000cdf1f00000,0x000000cdf2000000)]
  0x00000229b2912000 JavaThread "Cancel handler" [_thread_blocked, id=8760, stack(0x000000cdf2000000,0x000000cdf2100000)]
  0x00000229b2913000 JavaThread "Asynchronous log dispatcher for DefaultDaemonConnection: socket connection from /127.0.0.1:58076 to /127.0.0.1:58106" [_thread_blocked, id=6856, stack(0x000000cdf2100000,0x000000cdf2200000)]
  0x00000229b290f800 JavaThread "Stdin handler" [_thread_blocked, id=8440, stack(0x000000cdf2200000,0x000000cdf2300000)]
  0x00000229b290d000 JavaThread "Thread-41" [_thread_blocked, id=9720, stack(0x000000cdf2300000,0x000000cdf2400000)]
  0x00000229b2913800 JavaThread "Cache worker for file hash cache (C:\Users\wasee\AndroidStudioProjects\TimeManagementTool\.gradle\5.1.1\fileHashes)" [_thread_blocked, id=9696, stack(0x000000cdf2400000,0x000000cdf2500000)]
  0x00000229b2914800 JavaThread "Cache worker for cache directory md-supplier (C:\Users\wasee\.gradle\caches\5.1.1\md-supplier)" [_thread_blocked, id=364, stack(0x000000cdf2500000,0x000000cdf2600000)]
  0x00000229b290f000 JavaThread "Cache worker for cache directory md-rule (C:\Users\wasee\.gradle\caches\5.1.1\md-rule)" [_thread_blocked, id=9496, stack(0x000000cdf2600000,0x000000cdf2700000)]
  0x00000229b2911000 JavaThread "Build operations" [_thread_in_native, id=5952, stack(0x000000cdf2700000,0x000000cdf2800000)]
  0x00000229b291b000 JavaThread "Build operations Thread 2" [_thread_in_vm, id=9340, stack(0x000000cdf2800000,0x000000cdf2900000)]
  0x00000229b2918800 JavaThread "Cache worker for Build Output Cleanup Cache (C:\Users\wasee\AndroidStudioProjects\TimeManagementTool\.gradle\buildOutputCleanup)" [_thread_blocked, id=7860, stack(0x000000cdf2900000,0x000000cdf2a00000)]
  0x00000229b2918000 JavaThread "Cache worker for file content cache (C:\Users\wasee\AndroidStudioProjects\TimeManagementTool\.gradle\5.1.1\fileContent)" [_thread_blocked, id=8664, stack(0x000000cdf2a00000,0x000000cdf2b00000)]
  0x00000229b2915800 JavaThread "Execution worker for ':'" [_thread_blocked, id=3884, stack(0x000000cdf2b00000,0x000000cdf2c00000)]
  0x00000229b291c000 JavaThread "Cache worker for execution history cache (C:\Users\wasee\AndroidStudioProjects\TimeManagementTool\.gradle\5.1.1\executionHistory)" [_thread_blocked, id=9444, stack(0x000000cdf2c00000,0x000000cdf2d00000)]

Other Threads:
  0x00000229aedaf800 VMThread "VM Thread" [stack: 0x000000cded600000,0x000000cded700000] [id=5392]
  0x00000229af7ef800 WatcherThread [stack: 0x000000cdee100000,0x000000cdee200000] [id=1948]
  0x0000022995711000 GCTaskThread "GC Thread#0" [stack: 0x000000cded100000,0x000000cded200000] [id=8172]
  0x00000229afa38800 GCTaskThread "GC Thread#1" [stack: 0x000000cdee200000,0x000000cdee300000] [id=2504]
  0x0000022995740000 ConcurrentGCThread "G1 Main Marker" [stack: 0x000000cded200000,0x000000cded300000] [id=5936]
  0x0000022995741800 ConcurrentGCThread "G1 Conc#0" [stack: 0x000000cded300000,0x000000cded400000] [id=5140]
  0x0000022995792800 ConcurrentGCThread "G1 Refine#0" [stack: 0x000000cded400000,0x000000cded500000] [id=8520]
  0x0000022995794800 ConcurrentGCThread "G1 Young RemSet Sampling" [stack: 0x000000cded500000,0x000000cded600000] [id=9596]

Threads with active compile tasks:
C2 CompilerThread01834722 12481   !   4       org.gradle.api.internal.attributes.DefaultImmutableAttributesFactory::doConcatIsolatable (146 bytes)

VM state:not at safepoint (normal execution)

VM Mutex/Monitor currently owned by a thread: None

Heap address: 0x0000000080000000, size: 2048 MB, Compressed Oops mode: 32-bit
Narrow klass base: 0x0000000000000000, Narrow klass shift: 3
Compressed class space size: 1073741824 Address: 0x0000000100000000

Heap:
 garbage-first heap   total 199680K, used 105101K [0x0000000080000000, 0x0000000100000000)
  region size 1024K, 7 young (7168K), 2 survivors (2048K)
 Metaspace       used 85014K, capacity 87166K, committed 87424K, reserved 1126400K
  class space    used 10366K, capacity 11051K, committed 11136K, reserved 1048576K
Heap Regions: E=young(eden), S=young(survivor), O=old, HS=humongous(starts), HC=humongous(continues), CS=collection set, F=free, A=archive, TAMS=top-at-mark-start (previous, next)
|   0|0x0000000080000000, 0x0000000080100000, 0x0000000080100000|100%|HS|  |TAMS 0x0000000080100000, 0x0000000080000000| Complete 
|   1|0x0000000080100000, 0x0000000080200000, 0x0000000080200000|100%| O|  |TAMS 0x0000000080200000, 0x0000000080100000| Untracked 
|   2|0x0000000080200000, 0x0000000080300000, 0x0000000080300000|100%| O|  |TAMS 0x0000000080300000, 0x0000000080200000| Untracked 
|   3|0x0000000080300000, 0x0000000080400000, 0x0000000080400000|100%|HS|  |TAMS 0x0000000080400000, 0x0000000080300000| Complete 
|   4|0x0000000080400000, 0x0000000080500000, 0x0000000080500000|100%|HC|  |TAMS 0x0000000080500000, 0x0000000080400000| Complete 
|   5|0x0000000080500000, 0x0000000080600000, 0x0000000080600000|100%| O|  |TAMS 0x0000000080600000, 0x0000000080500000| Untracked 
|   6|0x0000000080600000, 0x0000000080700000, 0x0000000080700000|100%| O|  |TAMS 0x0000000080700000, 0x0000000080600000| Untracked 
|   7|0x0000000080700000, 0x0000000080800000, 0x0000000080800000|100%| O|  |TAMS 0x0000000080800000, 0x0000000080700000| Untracked 
|   8|0x0000000080800000, 0x0000000080900000, 0x0000000080900000|100%| O|  |TAMS 0x0000000080900000, 0x0000000080800000| Untracked 
|   9|0x0000000080900000, 0x0000000080a00000, 0x0000000080a00000|100%| O|  |TAMS 0x0000000080a00000, 0x0000000080900000| Untracked 
|  10|0x0000000080a00000, 0x0000000080b00000, 0x0000000080b00000|100%| O|  |TAMS 0x0000000080b00000, 0x0000000080a00000| Untracked 
|  11|0x0000000080b00000, 0x0000000080c00000, 0x0000000080c00000|100%| O|  |TAMS 0x0000000080c00000, 0x0000000080b00000| Untracked 
|  12|0x0000000080c00000, 0x0000000080d00000, 0x0000000080d00000|100%| O|  |TAMS 0x0000000080d00000, 0x0000000080c00000| Untracked 
|  13|0x0000000080d00000, 0x0000000080e00000, 0x0000000080e00000|100%| O|  |TAMS 0x0000000080e00000, 0x0000000080d00000| Untracked 
|  14|0x0000000080e00000, 0x0000000080f00000, 0x0000000080f00000|100%|HS|  |TAMS 0x0000000080f00000, 0x0000000080e00000| Complete 
|  15|0x0000000080f00000, 0x0000000081000000, 0x0000000081000000|100%|HC|  |TAMS 0x0000000081000000, 0x0000000080f00000| Complete 
|  16|0x0000000081000000, 0x0000000081100000, 0x0000000081100000|100%|HS|  |TAMS 0x0000000081100000, 0x0000000081000000| Complete 
|  17|0x0000000081100000, 0x0000000081200000, 0x0000000081200000|100%|HC|  |TAMS 0x0000000081200000, 0x0000000081100000| Complete 
|  18|0x0000000081200000, 0x0000000081300000, 0x0000000081300000|100%|HC|  |TAMS 0x0000000081300000, 0x0000000081200000| Complete 
|  19|0x0000000081300000, 0x0000000081400000, 0x0000000081400000|100%|HS|  |TAMS 0x0000000081400000, 0x0000000081300000| Complete 
|  20|0x0000000081400000, 0x0000000081500000, 0x0000000081500000|100%|HC|  |TAMS 0x0000000081500000, 0x0000000081400000| Complete 
|  21|0x0000000081500000, 0x0000000081600000, 0x0000000081600000|100%|HC|  |TAMS 0x0000000081600000, 0x0000000081500000| Complete 
|  22|0x0000000081600000, 0x0000000081700000, 0x0000000081700000|100%|HC|  |TAMS 0x0000000081700000, 0x0000000081600000| Complete 
|  23|0x0000000081700000, 0x0000000081800000, 0x0000000081800000|100%| O|  |TAMS 0x0000000081800000, 0x0000000081700000| Untracked 
|  24|0x0000000081800000, 0x0000000081900000, 0x0000000081900000|100%| O|  |TAMS 0x0000000081900000, 0x0000000081800000| Untracked 
|  25|0x0000000081900000, 0x0000000081a00000, 0x0000000081a00000|100%| O|  |TAMS 0x0000000081a00000, 0x0000000081900000| Untracked 
|  26|0x0000000081a00000, 0x0000000081b00000, 0x0000000081b00000|100%| O|  |TAMS 0x0000000081b00000, 0x0000000081a00000| Untracked 
|  27|0x0000000081b00000, 0x0000000081c00000, 0x0000000081c00000|100%| O|  |TAMS 0x0000000081c00000, 0x0000000081b00000| Untracked 
|  28|0x0000000081c00000, 0x0000000081d00000, 0x0000000081d00000|100%| O|  |TAMS 0x0000000081d00000, 0x0000000081c00000| Untracked 
|  29|0x0000000081d00000, 0x0000000081e00000, 0x0000000081e00000|100%| O|  |TAMS 0x0000000081e00000, 0x0000000081d00000| Untracked 
|  30|0x0000000081e00000, 0x0000000081f00000, 0x0000000081f00000|100%|HS|  |TAMS 0x0000000081f00000, 0x0000000081e00000| Complete 
|  31|0x0000000081f00000, 0x0000000082000000, 0x0000000082000000|100%|HC|  |TAMS 0x0000000082000000, 0x0000000081f00000| Complete 
|  32|0x0000000082000000, 0x0000000082100000, 0x0000000082100000|100%|HC|  |TAMS 0x0000000082100000, 0x0000000082000000| Complete 
|  33|0x0000000082100000, 0x0000000082200000, 0x0000000082200000|100%| O|  |TAMS 0x0000000082200000, 0x0000000082100000| Untracked 
|  34|0x0000000082200000, 0x0000000082300000, 0x0000000082300000|100%| O|  |TAMS 0x0000000082300000, 0x0000000082200000| Untracked 
|  35|0x0000000082300000, 0x0000000082400000, 0x0000000082400000|100%| O|  |TAMS 0x0000000082400000, 0x0000000082300000| Untracked 
|  36|0x0000000082400000, 0x0000000082500000, 0x0000000082500000|100%|HS|  |TAMS 0x0000000082500000, 0x0000000082400000| Complete 
|  37|0x0000000082500000, 0x0000000082600000, 0x0000000082600000|100%|HC|  |TAMS 0x0000000082600000, 0x0000000082500000| Complete 
|  38|0x0000000082600000, 0x0000000082700000, 0x0000000082700000|100%| O|  |TAMS 0x0000000082700000, 0x0000000082600000| Untracked 
|  39|0x0000000082700000, 0x0000000082800000, 0x0000000082800000|100%| O|  |TAMS 0x0000000082800000, 0x0000000082700000| Untracked 
|  40|0x0000000082800000, 0x0000000082900000, 0x0000000082900000|100%| O|  |TAMS 0x0000000082900000, 0x0000000082800000| Untracked 
|  41|0x0000000082900000, 0x0000000082a00000, 0x0000000082a00000|100%| O|  |TAMS 0x0000000082a00000, 0x0000000082900000| Untracked 
|  42|0x0000000082a00000, 0x0000000082b00000, 0x0000000082b00000|100%| O|  |TAMS 0x0000000082b00000, 0x0000000082a00000| Untracked 
|  43|0x0000000082b00000, 0x0000000082c00000, 0x0000000082c00000|100%| O|  |TAMS 0x0000000082c00000, 0x0000000082b00000| Untracked 
|  44|0x0000000082c00000, 0x0000000082d00000, 0x0000000082d00000|100%| O|  |TAMS 0x0000000082d00000, 0x0000000082c00000| Untracked 
|  45|0x0000000082d00000, 0x0000000082e00000, 0x0000000082e00000|100%| O|  |TAMS 0x0000000082e00000, 0x0000000082d00000| Untracked 
|  46|0x0000000082e00000, 0x0000000082f00000, 0x0000000082f00000|100%| O|  |TAMS 0x0000000082f00000, 0x0000000082e00000| Untracked 
|  47|0x0000000082f00000, 0x0000000083000000, 0x0000000083000000|100%| O|  |TAMS 0x0000000083000000, 0x0000000082f00000| Untracked 
|  48|0x0000000083000000, 0x0000000083100000, 0x0000000083100000|100%| O|  |TAMS 0x0000000083100000, 0x0000000083000000| Untracked 
|  49|0x0000000083100000, 0x0000000083200000, 0x0000000083200000|100%| O|  |TAMS 0x0000000083200000, 0x0000000083100000| Untracked 
|  50|0x0000000083200000, 0x0000000083300000, 0x0000000083300000|100%| O|  |TAMS 0x0000000083300000, 0x0000000083200000| Untracked 
|  51|0x0000000083300000, 0x0000000083400000, 0x0000000083400000|100%| O|  |TAMS 0x0000000083400000, 0x0000000083300000| Untracked 
|  52|0x0000000083400000, 0x0000000083500000, 0x0000000083500000|100%| O|  |TAMS 0x0000000083500000, 0x0000000083400000| Untracked 
|  53|0x0000000083500000, 0x0000000083600000, 0x0000000083600000|100%| O|  |TAMS 0x0000000083600000, 0x0000000083500000| Untracked 
|  54|0x0000000083600000, 0x0000000083700000, 0x0000000083700000|100%| O|  |TAMS 0x0000000083700000, 0x0000000083600000| Untracked 
|  55|0x0000000083700000, 0x0000000083800000, 0x0000000083800000|100%| O|  |TAMS 0x0000000083800000, 0x0000000083700000| Untracked 
|  56|0x0000000083800000, 0x0000000083900000, 0x0000000083900000|100%| O|  |TAMS 0x0000000083900000, 0x0000000083800000| Untracked 
|  57|0x0000000083900000, 0x0000000083a00000, 0x0000000083a00000|100%| O|  |TAMS 0x0000000083a00000, 0x0000000083900000| Untracked 
|  58|0x0000000083a00000, 0x0000000083b00000, 0x0000000083b00000|100%| O|  |TAMS 0x0000000083b00000, 0x0000000083a00000| Untracked 
|  59|0x0000000083b00000, 0x0000000083c00000, 0x0000000083c00000|100%| O|  |TAMS 0x0000000083c00000, 0x0000000083b00000| Untracked 
|  60|0x0000000083c00000, 0x0000000083d00000, 0x0000000083d00000|100%| O|  |TAMS 0x0000000083d00000, 0x0000000083c00000| Untracked 
|  61|0x0000000083d00000, 0x0000000083e00000, 0x0000000083e00000|100%| O|  |TAMS 0x0000000083e00000, 0x0000000083d00000| Untracked 
|  62|0x0000000083e00000, 0x0000000083f00000, 0x0000000083f00000|100%| O|  |TAMS 0x0000000083f00000, 0x0000000083e00000| Untracked 
|  63|0x0000000083f00000, 0x0000000083f00000, 0x0000000084000000|  0%| F|  |TAMS 0x0000000083f00000, 0x0000000083f00000| Untracked 
|  64|0x0000000084000000, 0x0000000084100000, 0x0000000084100000|100%| O|  |TAMS 0x0000000084100000, 0x0000000084000000| Untracked 
|  65|0x0000000084100000, 0x0000000084200000, 0x0000000084200000|100%| O|  |TAMS 0x0000000084200000, 0x0000000084100000| Untracked 
|  66|0x0000000084200000, 0x0000000084300000, 0x0000000084300000|100%| O|  |TAMS 0x0000000084300000, 0x0000000084200000| Untracked 
|  67|0x0000000084300000, 0x0000000084300000, 0x0000000084400000|  0%| F|  |TAMS 0x0000000084300000, 0x0000000084300000| Untracked 
|  68|0x0000000084400000, 0x0000000084500000, 0x0000000084500000|100%| O|  |TAMS 0x0000000084500000, 0x0000000084400000| Untracked 
|  69|0x0000000084500000, 0x0000000084500000, 0x0000000084600000|  0%| F|  |TAMS 0x0000000084500000, 0x0000000084500000| Untracked 
|  70|0x0000000084600000, 0x0000000084700000, 0x0000000084700000|100%| O|  |TAMS 0x0000000084700000, 0x0000000084600000| Untracked 
|  71|0x0000000084700000, 0x0000000084800000, 0x0000000084800000|100%| O|  |TAMS 0x0000000084800000, 0x0000000084700000| Untracked 
|  72|0x0000000084800000, 0x0000000084900000, 0x0000000084900000|100%| O|  |TAMS 0x0000000084900000, 0x0000000084800000| Untracked 
|  73|0x0000000084900000, 0x0000000084a00000, 0x0000000084a00000|100%| O|  |TAMS 0x0000000084a00000, 0x0000000084900000| Untracked 
|  74|0x0000000084a00000, 0x0000000084b00000, 0x0000000084b00000|100%| O|  |TAMS 0x0000000084b00000, 0x0000000084a00000| Untracked 
|  75|0x0000000084b00000, 0x0000000084c00000, 0x0000000084c00000|100%| O|  |TAMS 0x0000000084c00000, 0x0000000084b00000| Untracked 
|  76|0x0000000084c00000, 0x0000000084d00000, 0x0000000084d00000|100%| O|  |TAMS 0x0000000084d00000, 0x0000000084c00000| Untracked 
|  77|0x0000000084d00000, 0x0000000084e00000, 0x0000000084e00000|100%| O|  |TAMS 0x0000000084e00000, 0x0000000084d00000| Untracked 
|  78|0x0000000084e00000, 0x0000000084f00000, 0x0000000084f00000|100%| O|  |TAMS 0x0000000084f00000, 0x0000000084e00000| Untracked 
|  79|0x0000000084f00000, 0x0000000085000000, 0x0000000085000000|100%| O|  |TAMS 0x0000000085000000, 0x0000000084f00000| Untracked 
|  80|0x0000000085000000, 0x0000000085100000, 0x0000000085100000|100%| O|  |TAMS 0x0000000085100000, 0x0000000085000000| Untracked 
|  81|0x0000000085100000, 0x0000000085200000, 0x0000000085200000|100%| O|  |TAMS 0x0000000085200000, 0x0000000085100000| Untracked 
|  82|0x0000000085200000, 0x0000000085300000, 0x0000000085300000|100%| O|  |TAMS 0x0000000085300000, 0x0000000085200000| Untracked 
|  83|0x0000000085300000, 0x0000000085400000, 0x0000000085400000|100%| O|  |TAMS 0x0000000085400000, 0x0000000085300000| Untracked 
|  84|0x0000000085400000, 0x0000000085400000, 0x0000000085500000|  0%| F|  |TAMS 0x0000000085400000, 0x0000000085400000| Untracked 
|  85|0x0000000085500000, 0x0000000085600000, 0x0000000085600000|100%| O|  |TAMS 0x0000000085600000, 0x0000000085500000| Untracked 
|  86|0x0000000085600000, 0x0000000085700000, 0x0000000085700000|100%| O|  |TAMS 0x0000000085700000, 0x0000000085600000| Untracked 
|  87|0x0000000085700000, 0x0000000085700000, 0x0000000085800000|  0%| F|  |TAMS 0x0000000085700000, 0x0000000085700000| Untracked 
|  88|0x0000000085800000, 0x0000000085900000, 0x0000000085900000|100%| O|  |TAMS 0x0000000085900000, 0x0000000085800000| Untracked 
|  89|0x0000000085900000, 0x0000000085900000, 0x0000000085a00000|  0%| F|  |TAMS 0x0000000085900000, 0x0000000085900000| Untracked 
|  90|0x0000000085a00000, 0x0000000085b00000, 0x0000000085b00000|100%| O|  |TAMS 0x0000000085b00000, 0x0000000085a00000| Untracked 
|  91|0x0000000085b00000, 0x0000000085c00000, 0x0000000085c00000|100%| O|  |TAMS 0x0000000085c00000, 0x0000000085b00000| Untracked 
|  92|0x0000000085c00000, 0x0000000085d00000, 0x0000000085d00000|100%| O|  |TAMS 0x0000000085d00000, 0x0000000085c00000| Untracked 
|  93|0x0000000085d00000, 0x0000000085d00000, 0x0000000085e00000|  0%| F|  |TAMS 0x0000000085d00000, 0x0000000085d00000| Untracked 
|  94|0x0000000085e00000, 0x0000000085e00000, 0x0000000085f00000|  0%| F|  |TAMS 0x0000000085e00000, 0x0000000085e00000| Untracked 
|  95|0x0000000085f00000, 0x0000000086000000, 0x0000000086000000|100%| O|  |TAMS 0x0000000085f00000, 0x0000000085f00000| Untracked 
|  96|0x0000000086000000, 0x0000000086100000, 0x0000000086100000|100%| O|  |TAMS 0x0000000086000000, 0x0000000086000000| Untracked 
|  97|0x0000000086100000, 0x0000000086200000, 0x0000000086200000|100%| O|  |TAMS 0x0000000086200000, 0x0000000086100000| Untracked 
|  98|0x0000000086200000, 0x0000000086300000, 0x0000000086300000|100%| O|  |TAMS 0x0000000086300000, 0x0000000086200000| Untracked 
|  99|0x0000000086300000, 0x0000000086400000, 0x0000000086400000|100%| O|  |TAMS 0x0000000086400000, 0x0000000086300000| Untracked 
| 100|0x0000000086400000, 0x0000000086500000, 0x0000000086500000|100%| O|  |TAMS 0x0000000086480000, 0x0000000086400000| Untracked 
| 101|0x0000000086500000, 0x0000000086600000, 0x0000000086600000|100%| O|  |TAMS 0x0000000086500000, 0x0000000086500000| Untracked 
| 102|0x0000000086600000, 0x0000000086600000, 0x0000000086700000|  0%| F|  |TAMS 0x0000000086600000, 0x0000000086600000| Untracked 
| 103|0x0000000086700000, 0x0000000086700000, 0x0000000086800000|  0%| F|  |TAMS 0x0000000086700000, 0x0000000086700000| Untracked 
| 104|0x0000000086800000, 0x0000000086800000, 0x0000000086900000|  0%| F|  |TAMS 0x0000000086800000, 0x0000000086800000| Untracked 
| 105|0x0000000086900000, 0x0000000086900000, 0x0000000086a00000|  0%| F|  |TAMS 0x0000000086900000, 0x0000000086900000| Untracked 
| 106|0x0000000086a00000, 0x0000000086a00000, 0x0000000086b00000|  0%| F|  |TAMS 0x0000000086a00000, 0x0000000086a00000| Untracked 
| 107|0x0000000086b00000, 0x0000000086b00000, 0x0000000086c00000|  0%| F|  |TAMS 0x0000000086b00000, 0x0000000086b00000| Untracked 
| 108|0x0000000086c00000, 0x0000000086c00000, 0x0000000086d00000|  0%| F|  |TAMS 0x0000000086c00000, 0x0000000086c00000| Untracked 
| 109|0x0000000086d00000, 0x0000000086d00000, 0x0000000086e00000|  0%| F|  |TAMS 0x0000000086d00000, 0x0000000086d00000| Untracked 
| 110|0x0000000086e00000, 0x0000000086e00000, 0x0000000086f00000|  0%| F|  |TAMS 0x0000000086e00000, 0x0000000086e00000| Untracked 
| 111|0x0000000086f00000, 0x0000000086f00000, 0x0000000087000000|  0%| F|  |TAMS 0x0000000086f00000, 0x0000000086f00000| Untracked 
| 112|0x0000000087000000, 0x0000000087000000, 0x0000000087100000|  0%| F|  |TAMS 0x0000000087000000, 0x0000000087000000| Untracked 
| 113|0x0000000087100000, 0x0000000087100000, 0x0000000087200000|  0%| F|  |TAMS 0x0000000087100000, 0x0000000087100000| Untracked 
| 114|0x0000000087200000, 0x0000000087200000, 0x0000000087300000|  0%| F|  |TAMS 0x0000000087200000, 0x0000000087200000| Untracked 
| 115|0x0000000087300000, 0x0000000087300000, 0x0000000087400000|  0%| F|  |TAMS 0x0000000087300000, 0x0000000087300000| Untracked 
| 116|0x0000000087400000, 0x0000000087500000, 0x0000000087500000|100%| O|  |TAMS 0x0000000087400000, 0x0000000087400000| Untracked 
| 117|0x0000000087500000, 0x0000000087600000, 0x0000000087600000|100%| O|  |TAMS 0x0000000087500000, 0x0000000087500000| Untracked 
| 118|0x0000000087600000, 0x0000000087700000, 0x0000000087700000|100%| O|  |TAMS 0x0000000087600000, 0x0000000087600000| Untracked 
| 119|0x0000000087700000, 0x0000000087800000, 0x0000000087800000|100%| O|  |TAMS 0x0000000087700000, 0x0000000087700000| Untracked 
| 120|0x0000000087800000, 0x0000000087800000, 0x0000000087900000|  0%| F|  |TAMS 0x0000000087800000, 0x0000000087800000| Untracked 
| 121|0x0000000087900000, 0x0000000087900000, 0x0000000087a00000|  0%| F|  |TAMS 0x0000000087900000, 0x0000000087900000| Untracked 
| 122|0x0000000087a00000, 0x0000000087a00000, 0x0000000087b00000|  0%| F|  |TAMS 0x0000000087a00000, 0x0000000087a00000| Untracked 
| 123|0x0000000087b00000, 0x0000000087b00000, 0x0000000087c00000|  0%| F|  |TAMS 0x0000000087b00000, 0x0000000087b00000| Untracked 
| 124|0x0000000087c00000, 0x0000000087c00000, 0x0000000087d00000|  0%| F|  |TAMS 0x0000000087c00000, 0x0000000087c00000| Untracked 
| 125|0x0000000087d00000, 0x0000000087d00000, 0x0000000087e00000|  0%| F|  |TAMS 0x0000000087d00000, 0x0000000087d00000| Untracked 
| 126|0x0000000087e00000, 0x0000000087e00000, 0x0000000087f00000|  0%| F|  |TAMS 0x0000000087e00000, 0x0000000087e00000| Untracked 
| 127|0x0000000087f00000, 0x0000000087f00000, 0x0000000088000000|  0%| F|  |TAMS 0x0000000087f00000, 0x0000000087f00000| Untracked 
| 128|0x0000000088000000, 0x0000000088000000, 0x0000000088100000|  0%| F|  |TAMS 0x0000000088000000, 0x0000000088000000| Untracked 
| 129|0x0000000088100000, 0x0000000088100000, 0x0000000088200000|  0%| F|  |TAMS 0x0000000088100000, 0x0000000088100000| Untracked 
| 130|0x0000000088200000, 0x0000000088200000, 0x0000000088300000|  0%| F|  |TAMS 0x0000000088200000, 0x0000000088200000| Untracked 
| 131|0x0000000088300000, 0x0000000088300000, 0x0000000088400000|  0%| F|  |TAMS 0x0000000088300000, 0x0000000088300000| Untracked 
| 132|0x0000000088400000, 0x0000000088400000, 0x0000000088500000|  0%| F|  |TAMS 0x0000000088400000, 0x0000000088400000| Untracked 
| 133|0x0000000088500000, 0x0000000088500000, 0x0000000088600000|  0%| F|  |TAMS 0x0000000088500000, 0x0000000088500000| Untracked 
| 134|0x0000000088600000, 0x0000000088600000, 0x0000000088700000|  0%| F|  |TAMS 0x0000000088600000, 0x0000000088600000| Untracked 
| 135|0x0000000088700000, 0x0000000088700000, 0x0000000088800000|  0%| F|  |TAMS 0x0000000088700000, 0x0000000088700000| Untracked 
| 136|0x0000000088800000, 0x0000000088800000, 0x0000000088900000|  0%| F|  |TAMS 0x0000000088800000, 0x0000000088800000| Untracked 
| 137|0x0000000088900000, 0x0000000088900000, 0x0000000088a00000|  0%| F|  |TAMS 0x0000000088900000, 0x0000000088900000| Untracked 
| 138|0x0000000088a00000, 0x0000000088a00000, 0x0000000088b00000|  0%| F|  |TAMS 0x0000000088a00000, 0x0000000088a00000| Untracked 
| 139|0x0000000088b00000, 0x0000000088b00000, 0x0000000088c00000|  0%| F|  |TAMS 0x0000000088b00000, 0x0000000088b00000| Untracked 
| 140|0x0000000088c00000, 0x0000000088c00000, 0x0000000088d00000|  0%| F|  |TAMS 0x0000000088c00000, 0x0000000088c00000| Untracked 
| 141|0x0000000088d00000, 0x0000000088d00000, 0x0000000088e00000|  0%| F|  |TAMS 0x0000000088d00000, 0x0000000088d00000| Untracked 
| 142|0x0000000088e00000, 0x0000000088e00000, 0x0000000088f00000|  0%| F|  |TAMS 0x0000000088e00000, 0x0000000088e00000| Untracked 
| 143|0x0000000088f00000, 0x0000000088f00000, 0x0000000089000000|  0%| F|  |TAMS 0x0000000088f00000, 0x0000000088f00000| Untracked 
| 144|0x0000000089000000, 0x0000000089000000, 0x0000000089100000|  0%| F|  |TAMS 0x0000000089000000, 0x0000000089000000| Untracked 
| 145|0x0000000089100000, 0x0000000089100000, 0x0000000089200000|  0%| F|  |TAMS 0x0000000089100000, 0x0000000089100000| Untracked 
| 146|0x0000000089200000, 0x0000000089200000, 0x0000000089300000|  0%| F|  |TAMS 0x0000000089200000, 0x0000000089200000| Untracked 
| 147|0x0000000089300000, 0x0000000089300000, 0x0000000089400000|  0%| F|  |TAMS 0x0000000089300000, 0x0000000089300000| Untracked 
| 148|0x0000000089400000, 0x0000000089400000, 0x0000000089500000|  0%| F|  |TAMS 0x0000000089400000, 0x0000000089400000| Untracked 
| 149|0x0000000089500000, 0x0000000089500000, 0x0000000089600000|  0%| F|  |TAMS 0x0000000089500000, 0x0000000089500000| Untracked 
| 150|0x0000000089600000, 0x0000000089600000, 0x0000000089700000|  0%| F|  |TAMS 0x0000000089600000, 0x0000000089600000| Untracked 
| 151|0x0000000089700000, 0x0000000089700000, 0x0000000089800000|  0%| F|  |TAMS 0x0000000089700000, 0x0000000089700000| Untracked 
| 152|0x0000000089800000, 0x0000000089800000, 0x0000000089900000|  0%| F|  |TAMS 0x0000000089800000, 0x0000000089800000| Untracked 
| 153|0x0000000089900000, 0x0000000089900000, 0x0000000089a00000|  0%| F|  |TAMS 0x0000000089900000, 0x0000000089900000| Untracked 
| 154|0x0000000089a00000, 0x0000000089a00000, 0x0000000089b00000|  0%| F|  |TAMS 0x0000000089a00000, 0x0000000089a00000| Untracked 
| 155|0x0000000089b00000, 0x0000000089b00000, 0x0000000089c00000|  0%| F|  |TAMS 0x0000000089b00000, 0x0000000089b00000| Untracked 
| 156|0x0000000089c00000, 0x0000000089c00000, 0x0000000089d00000|  0%| F|  |TAMS 0x0000000089c00000, 0x0000000089c00000| Untracked 
| 157|0x0000000089d00000, 0x0000000089d00000, 0x0000000089e00000|  0%| F|  |TAMS 0x0000000089d00000, 0x0000000089d00000| Untracked 
| 158|0x0000000089e00000, 0x0000000089e00000, 0x0000000089f00000|  0%| F|  |TAMS 0x0000000089e00000, 0x0000000089e00000| Untracked 
| 159|0x0000000089f00000, 0x0000000089f00000, 0x000000008a000000|  0%| F|  |TAMS 0x0000000089f00000, 0x0000000089f00000| Untracked 
| 160|0x000000008a000000, 0x000000008a000000, 0x000000008a100000|  0%| F|  |TAMS 0x000000008a000000, 0x000000008a000000| Untracked 
| 161|0x000000008a100000, 0x000000008a100000, 0x000000008a200000|  0%| F|  |TAMS 0x000000008a100000, 0x000000008a100000| Untracked 
| 162|0x000000008a200000, 0x000000008a200000, 0x000000008a300000|  0%| F|  |TAMS 0x000000008a200000, 0x000000008a200000| Untracked 
| 163|0x000000008a300000, 0x000000008a300000, 0x000000008a400000|  0%| F|  |TAMS 0x000000008a300000, 0x000000008a300000| Untracked 
| 164|0x000000008a400000, 0x000000008a400000, 0x000000008a500000|  0%| F|  |TAMS 0x000000008a400000, 0x000000008a400000| Untracked 
| 165|0x000000008a500000, 0x000000008a500000, 0x000000008a600000|  0%| F|  |TAMS 0x000000008a500000, 0x000000008a500000| Untracked 
| 166|0x000000008a600000, 0x000000008a600000, 0x000000008a700000|  0%| F|  |TAMS 0x000000008a600000, 0x000000008a600000| Untracked 
| 167|0x000000008a700000, 0x000000008a700000, 0x000000008a800000|  0%| F|  |TAMS 0x000000008a700000, 0x000000008a700000| Untracked 
| 168|0x000000008a800000, 0x000000008a800000, 0x000000008a900000|  0%| F|  |TAMS 0x000000008a800000, 0x000000008a800000| Untracked 
| 169|0x000000008a900000, 0x000000008a900000, 0x000000008aa00000|  0%| F|  |TAMS 0x000000008a900000, 0x000000008a900000| Untracked 
| 170|0x000000008aa00000, 0x000000008aa00000, 0x000000008ab00000|  0%| F|  |TAMS 0x000000008aa00000, 0x000000008aa00000| Untracked 
| 171|0x000000008ab00000, 0x000000008ab00000, 0x000000008ac00000|  0%| F|  |TAMS 0x000000008ab00000, 0x000000008ab00000| Untracked 
| 172|0x000000008ac00000, 0x000000008ac00000, 0x000000008ad00000|  0%| F|  |TAMS 0x000000008ac00000, 0x000000008ac00000| Untracked 
| 173|0x000000008ad00000, 0x000000008ad00000, 0x000000008ae00000|  0%| F|  |TAMS 0x000000008ad00000, 0x000000008ad00000| Untracked 
| 174|0x000000008ae00000, 0x000000008ae00000, 0x000000008af00000|  0%| F|  |TAMS 0x000000008ae00000, 0x000000008ae00000| Untracked 
| 175|0x000000008af00000, 0x000000008af00000, 0x000000008b000000|  0%| F|  |TAMS 0x000000008af00000, 0x000000008af00000| Untracked 
| 176|0x000000008b000000, 0x000000008b000000, 0x000000008b100000|  0%| F|  |TAMS 0x000000008b000000, 0x000000008b000000| Untracked 
| 177|0x000000008b100000, 0x000000008b100000, 0x000000008b200000|  0%| F|  |TAMS 0x000000008b100000, 0x000000008b100000| Untracked 
| 178|0x000000008b200000, 0x000000008b200000, 0x000000008b300000|  0%| F|  |TAMS 0x000000008b200000, 0x000000008b200000| Untracked 
| 179|0x000000008b300000, 0x000000008b300000, 0x000000008b400000|  0%| F|  |TAMS 0x000000008b300000, 0x000000008b300000| Untracked 
| 180|0x000000008b400000, 0x000000008b400000, 0x000000008b500000|  0%| F|  |TAMS 0x000000008b400000, 0x000000008b400000| Untracked 
| 181|0x000000008b500000, 0x000000008b500000, 0x000000008b600000|  0%| F|  |TAMS 0x000000008b500000, 0x000000008b500000| Untracked 
| 182|0x000000008b600000, 0x000000008b600000, 0x000000008b700000|  0%| F|  |TAMS 0x000000008b600000, 0x000000008b600000| Untracked 
| 183|0x000000008b700000, 0x000000008b700000, 0x000000008b800000|  0%| F|  |TAMS 0x000000008b700000, 0x000000008b700000| Untracked 
| 184|0x000000008b800000, 0x000000008b800000, 0x000000008b900000|  0%| F|  |TAMS 0x000000008b800000, 0x000000008b800000| Untracked 
| 185|0x000000008b900000, 0x000000008b900000, 0x000000008ba00000|  0%| F|  |TAMS 0x000000008b900000, 0x000000008b900000| Untracked 
| 186|0x000000008ba00000, 0x000000008baa37a0, 0x000000008bb00000| 63%| S|CS|TAMS 0x000000008ba00000, 0x000000008ba00000| Complete 
| 187|0x000000008bb00000, 0x000000008bc00000, 0x000000008bc00000|100%| S|CS|TAMS 0x000000008bb00000, 0x000000008bb00000| Complete 
| 188|0x000000008bc00000, 0x000000008bc00000, 0x000000008bd00000|  0%| F|  |TAMS 0x000000008bc00000, 0x000000008bc00000| Untracked 
| 189|0x000000008bd00000, 0x000000008bd00000, 0x000000008be00000|  0%| F|  |TAMS 0x000000008bd00000, 0x000000008bd00000| Untracked 
| 190|0x000000008be00000, 0x000000008beb60e8, 0x000000008bf00000| 71%| E|  |TAMS 0x000000008be00000, 0x000000008be00000| Complete 
| 191|0x000000008bf00000, 0x000000008c000000, 0x000000008c000000|100%| E|  |TAMS 0x000000008bf00000, 0x000000008bf00000| Complete 
| 192|0x000000008c000000, 0x000000008c100000, 0x000000008c100000|100%| E|CS|TAMS 0x000000008c000000, 0x000000008c000000| Complete 
| 193|0x000000008c100000, 0x000000008c200000, 0x000000008c200000|100%| E|CS|TAMS 0x000000008c100000, 0x000000008c100000| Complete 
| 194|0x000000008c200000, 0x000000008c300000, 0x000000008c300000|100%| E|CS|TAMS 0x000000008c200000, 0x000000008c200000| Complete 

Card table byte_map: [0x00000229a8470000,0x00000229a8870000] _byte_map_base: 0x00000229a8070000

Marking Bits (Prev, Next): (CMBitMap*) 0x0000022995737528, (CMBitMap*) 0x0000022995737560
 Prev Bits: [0x00000229a8c70000, 0x00000229aac70000)
 Next Bits: [0x00000229aac70000, 0x00000229acc70000)

Polling page: 0x0000022994ed0000

Metaspace:

Usage:
  Non-class:     74.33 MB capacity,    72.90 MB ( 98%) used,     1.24 MB (  2%) free+waste,   195.50 KB ( <1%) overhead. 
      Class:     10.79 MB capacity,    10.12 MB ( 94%) used,   597.92 KB (  5%) free+waste,    86.38 KB ( <1%) overhead. 
       Both:     85.12 MB capacity,    83.02 MB ( 98%) used,     1.83 MB (  2%) free+waste,   281.88 KB ( <1%) overhead. 

Virtual space:
  Non-class space:       76.00 MB reserved,      74.50 MB ( 98%) committed 
      Class space:        1.00 GB reserved,      10.88 MB (  1%) committed 
             Both:        1.07 GB reserved,      85.38 MB (  8%) committed 

Chunk freelists:
   Non-Class:  45.00 KB
       Class:  0 bytes
        Both:  45.00 KB

MaxMetaspaceSize: 17179869184.00 GB
CompressedClassSpaceSize: 1.00 GB

CodeHeap 'non-profiled nmethods': size=120064Kb used=7031Kb max_used=7031Kb free=113032Kb
 bounds [0x00000229a0b30000, 0x00000229a1210000, 0x00000229a8070000]
CodeHeap 'profiled nmethods': size=120000Kb used=26801Kb max_used=26801Kb free=93198Kb
 bounds [0x0000022999600000, 0x000002299b030000, 0x00000229a0b30000]
CodeHeap 'non-nmethods': size=5696Kb used=2329Kb max_used=2376Kb free=3366Kb
 bounds [0x0000022999070000, 0x00000229992e0000, 0x0000022999600000]
 total_blobs=13185 nmethods=12209 adapters=888
 compilation: enabled
              stopped_count=0, restarted_count=0
 full_count=0

Compilation events (20 events):
Event: 1834.589 Thread 0x00000229af6b8800 12624       1       org.gradle.api.internal.artifacts.dependencies.DefaultMutableVersionConstraint::getRejectedVersions (5 bytes)
Event: 1834.589 Thread 0x00000229af6b8800 nmethod 12624 0x00000229a120ce90 code [0x00000229a120d040, 0x00000229a120d0f8]
Event: 1834.589 Thread 0x00000229af6b8800 12625       2       org.gradle.api.internal.artifacts.dependencies.DefaultDependencyConstraint_Decorated::getAttributes (37 bytes)
Event: 1834.590 Thread 0x00000229af6b8800 nmethod 12625 0x000002299b02b790 code [0x000002299b02b9a0, 0x000002299b02bd88]
Event: 1834.590 Thread 0x00000229af6b8800 12626       1       org.gradle.api.internal.artifacts.dependencies.DefaultDependencyConstraint::isForce (5 bytes)
Event: 1834.590 Thread 0x00000229af6b8800 nmethod 12626 0x00000229a120d190 code [0x00000229a120d340, 0x00000229a120d3f8]
Event: 1834.591 Thread 0x00000229af6b8800 12627       1       org.gradle.api.internal.artifacts.dependencies.DefaultDependencyConstraint::getReason (5 bytes)
Event: 1834.591 Thread 0x00000229af6b8800 nmethod 12627 0x00000229a120d490 code [0x00000229a120d640, 0x00000229a120d6f8]
Event: 1834.598 Thread 0x00000229af6b8800 12628       2       org.gradle.api.internal.artifacts.ivyservice.ivyresolve.strategy.VersionParser$DefaultVersion::hashCode (8 bytes)
Event: 1834.598 Thread 0x00000229af6b8800 nmethod 12628 0x000002299b02bf90 code [0x000002299b02c140, 0x000002299b02c268]
Event: 1834.603 Thread 0x00000229af6b8800 12629       2       org.gradle.api.internal.artifacts.ivyservice.ivyresolve.strategy.InverseVersionSelector::accept (19 bytes)
Event: 1834.604 Thread 0x00000229af6b8800 nmethod 12629 0x000002299b02c310 code [0x000002299b02c4c0, 0x000002299b02c5e8]
Event: 1834.616 Thread 0x00000229af6b8800 12630       1       org.gradle.api.internal.artifacts.ivyservice.resolveengine.graph.builder.RootNode::isRoot (2 bytes)
Event: 1834.616 Thread 0x00000229af6b8800 nmethod 12630 0x00000229a120d790 code [0x00000229a120d940, 0x00000229a120d9f8]
Event: 1834.641 Thread 0x00000229af6b8800 12632   !   2       org.gradle.api.internal.artifacts.ivyservice.resolveengine.excludes.AbstractModuleExclusion::excludesSameModulesAs (112 bytes)
Event: 1834.642 Thread 0x00000229af6b8800 nmethod 12632 0x000002299b02c690 code [0x000002299b02c880, 0x000002299b02cd98]
Event: 1834.644 Thread 0x00000229af6b8800 12633       1       org.gradle.api.internal.artifacts.ivyservice.resolveengine.graph.conflicts.VersionConflictResolutionDetails::getCandidates (5 bytes)
Event: 1834.644 Thread 0x00000229af6b8800 nmethod 12633 0x00000229a120da90 code [0x00000229a120dc40, 0x00000229a120dcf8]
Event: 1834.648 Thread 0x00000229af6b8800 12634       2       com.google.common.base.Joiner::toString (24 bytes)
Event: 1834.649 Thread 0x00000229af6b8800 nmethod 12634 0x000002299b02cf10 code [0x000002299b02d0e0, 0x000002299b02d378]

GC Heap History (20 events):
Event: 109.354 GC heap before
{Heap before GC invocations=54 (full 0):
 garbage-first heap   total 199680K, used 136367K [0x0000000080000000, 0x0000000100000000)
  region size 1024K, 48 young (49152K), 3 survivors (3072K)
 Metaspace       used 78484K, capacity 80241K, committed 80512K, reserved 1120256K
  class space    used 9764K, capacity 10323K, committed 10368K, reserved 1048576K
}
Event: 109.387 GC heap after
{Heap after GC invocations=55 (full 0):
 garbage-first heap   total 199680K, used 94373K [0x0000000080000000, 0x0000000100000000)
  region size 1024K, 6 young (6144K), 6 survivors (6144K)
 Metaspace       used 78484K, capacity 80241K, committed 80512K, reserved 1120256K
  class space    used 9764K, capacity 10323K, committed 10368K, reserved 1048576K
}
Event: 176.763 GC heap before
{Heap before GC invocations=56 (full 0):
 garbage-first heap   total 199680K, used 138405K [0x0000000080000000, 0x0000000100000000)
  region size 1024K, 53 young (54272K), 6 survivors (6144K)
 Metaspace       used 83522K, capacity 85519K, committed 85760K, reserved 1124352K
  class space    used 10313K, capacity 10937K, committed 11008K, reserved 1048576K
}
Event: 176.817 GC heap after
{Heap after GC invocations=57 (full 0):
 garbage-first heap   total 199680K, used 85766K [0x0000000080000000, 0x0000000100000000)
  region size 1024K, 3 young (3072K), 3 survivors (3072K)
 Metaspace       used 83522K, capacity 85519K, committed 85760K, reserved 1124352K
  class space    used 10313K, capacity 10937K, committed 11008K, reserved 1048576K
}
Event: 836.789 GC heap before
{Heap before GC invocations=57 (full 0):
 garbage-first heap   total 199680K, used 90886K [0x0000000080000000, 0x0000000100000000)
  region size 1024K, 9 young (9216K), 3 survivors (3072K)
 Metaspace       used 83685K, capacity 85648K, committed 85760K, reserved 1124352K
  class space    used 10313K, capacity 10937K, committed 11008K, reserved 1048576K
}
Event: 836.820 GC heap after
{Heap after GC invocations=58 (full 0):
 garbage-first heap   total 199680K, used 83273K [0x0000000080000000, 0x0000000100000000)
  region size 1024K, 1 young (1024K), 1 survivors (1024K)
 Metaspace       used 83685K, capacity 85648K, committed 85760K, reserved 1124352K
  class space    used 10313K, capacity 10937K, committed 11008K, reserved 1048576K
}
Event: 1806.073 GC heap before
{Heap before GC invocations=58 (full 0):
 garbage-first heap   total 199680K, used 96585K [0x0000000080000000, 0x0000000100000000)
  region size 1024K, 15 young (15360K), 1 survivors (1024K)
 Metaspace       used 83949K, capacity 85973K, committed 86272K, reserved 1124352K
  class space    used 10313K, capacity 10937K, committed 11008K, reserved 1048576K
}
Event: 1806.083 GC heap after
{Heap after GC invocations=59 (full 0):
 garbage-first heap   total 199680K, used 83376K [0x0000000080000000, 0x0000000100000000)
  region size 1024K, 1 young (1024K), 1 survivors (1024K)
 Metaspace       used 83949K, capacity 85973K, committed 86272K, reserved 1124352K
  class space    used 10313K, capacity 10937K, committed 11008K, reserved 1048576K
}
Event: 1808.723 GC heap before
{Heap before GC invocations=59 (full 0):
 garbage-first heap   total 199680K, used 104880K [0x0000000080000000, 0x0000000100000000)
  region size 1024K, 23 young (23552K), 1 survivors (1024K)
 Metaspace       used 84295K, capacity 86277K, committed 86528K, reserved 1124352K
  class space    used 10318K, capacity 10945K, committed 11008K, reserved 1048576K
}
Event: 1808.743 GC heap after
{Heap after GC invocations=60 (full 0):
 garbage-first heap   total 199680K, used 85513K [0x0000000080000000, 0x0000000100000000)
  region size 1024K, 3 young (3072K), 3 survivors (3072K)
 Metaspace       used 84295K, capacity 86277K, committed 86528K, reserved 1124352K
  class space    used 10318K, capacity 10945K, committed 11008K, reserved 1048576K
}
Event: 1810.637 GC heap before
{Heap before GC invocations=60 (full 0):
 garbage-first heap   total 199680K, used 111113K [0x0000000080000000, 0x0000000100000000)
  region size 1024K, 27 young (27648K), 3 survivors (3072K)
 Metaspace       used 84324K, capacity 86280K, committed 86528K, reserved 1124352K
  class space    used 10319K, capacity 10946K, committed 11008K, reserved 1048576K
}
Event: 1810.663 GC heap after
{Heap after GC invocations=61 (full 0):
 garbage-first heap   total 199680K, used 91438K [0x0000000080000000, 0x0000000100000000)
  region size 1024K, 4 young (4096K), 4 survivors (4096K)
 Metaspace       used 84324K, capacity 86280K, committed 86528K, reserved 1124352K
  class space    used 10319K, capacity 10946K, committed 11008K, reserved 1048576K
}
Event: 1811.429 GC heap before
{Heap before GC invocations=61 (full 0):
 garbage-first heap   total 199680K, used 117038K [0x0000000080000000, 0x0000000100000000)
  region size 1024K, 29 young (29696K), 4 survivors (4096K)
 Metaspace       used 84467K, capacity 86507K, committed 86784K, reserved 1124352K
  class space    used 10325K, capacity 10979K, committed 11008K, reserved 1048576K
}
Event: 1811.489 GC heap after
{Heap after GC invocations=62 (full 0):
 garbage-first heap   total 199680K, used 100129K [0x0000000080000000, 0x0000000100000000)
  region size 1024K, 4 young (4096K), 4 survivors (4096K)
 Metaspace       used 84467K, capacity 86507K, committed 86784K, reserved 1124352K
  class space    used 10325K, capacity 10979K, committed 11008K, reserved 1048576K
}
Event: 1812.400 GC heap before
{Heap before GC invocations=62 (full 0):
 garbage-first heap   total 199680K, used 122657K [0x0000000080000000, 0x0000000100000000)
  region size 1024K, 26 young (26624K), 4 survivors (4096K)
 Metaspace       used 84478K, capacity 86508K, committed 86784K, reserved 1124352K
  class space    used 10325K, capacity 10979K, committed 11008K, reserved 1048576K
}
Event: 1812.469 GC heap after
{Heap after GC invocations=63 (full 0):
 garbage-first heap   total 199680K, used 107008K [0x0000000080000000, 0x0000000100000000)
  region size 1024K, 4 young (4096K), 4 survivors (4096K)
 Metaspace       used 84478K, capacity 86508K, committed 86784K, reserved 1124352K
  class space    used 10325K, capacity 10979K, committed 11008K, reserved 1048576K
}
Event: 1833.607 GC heap before
{Heap before GC invocations=64 (full 0):
 garbage-first heap   total 199680K, used 143872K [0x0000000080000000, 0x0000000100000000)
  region size 1024K, 26 young (26624K), 4 survivors (4096K)
 Metaspace       used 84871K, capacity 87006K, committed 87168K, reserved 1126400K
  class space    used 10363K, capacity 11045K, committed 11136K, reserved 1048576K
}
Event: 1833.653 GC heap after
{Heap after GC invocations=65 (full 0):
 garbage-first heap   total 199680K, used 107008K [0x0000000080000000, 0x0000000100000000)
  region size 1024K, 2 young (2048K), 2 survivors (2048K)
 Metaspace       used 84871K, capacity 87006K, committed 87168K, reserved 1126400K
  class space    used 10363K, capacity 11045K, committed 11136K, reserved 1048576K
}
Event: 1834.368 GC heap before
{Heap before GC invocations=65 (full 0):
 garbage-first heap   total 199680K, used 114176K [0x0000000080000000, 0x0000000100000000)
  region size 1024K, 9 young (9216K), 2 survivors (2048K)
 Metaspace       used 84998K, capacity 87102K, committed 87424K, reserved 1126400K
  class space    used 10366K, capacity 11051K, committed 11136K, reserved 1048576K
}
Event: 1834.402 GC heap after
{Heap after GC invocations=66 (full 0):
 garbage-first heap   total 199680K, used 102029K [0x0000000080000000, 0x0000000100000000)
  region size 1024K, 2 young (2048K), 2 survivors (2048K)
 Metaspace       used 84998K, capacity 87102K, committed 87424K, reserved 1126400K
  class space    used 10366K, capacity 11051K, committed 11136K, reserved 1048576K
}

Deoptimization events (20 events):
Event: 1833.653 Thread 0x00000229af7ae800 DEOPT PACKING pc=0x00000229a0c3f094 sp=0x000000cdedffef90
Event: 1833.653 Thread 0x00000229af7ae800 DEOPT UNPACKING pc=0x00000229990968a9 sp=0x000000cdedffef90 mode 2
Event: 1833.820 Thread 0x00000229b3c4a000 DEOPT PACKING pc=0x0000022999dbb3ac sp=0x000000cdf0bfa260
Event: 1833.820 Thread 0x00000229b3c4a000 DEOPT UNPACKING pc=0x00000229990966bf sp=0x000000cdf0bf96e8 mode 0
Event: 1833.827 Thread 0x00000229b3c4a000 DEOPT PACKING pc=0x0000022999dbbfb1 sp=0x000000cdf0bfa150
Event: 1833.827 Thread 0x00000229b3c4a000 DEOPT UNPACKING pc=0x00000229990966bf sp=0x000000cdf0bf96d0 mode 0
Event: 1833.832 Thread 0x00000229b3c4a000 DEOPT PACKING pc=0x000002299a9e0469 sp=0x000000cdf0bfa770
Event: 1833.832 Thread 0x00000229b3c4a000 DEOPT UNPACKING pc=0x00000229990966bf sp=0x000000cdf0bf9ca0 mode 0
Event: 1834.009 Thread 0x00000229b3c4a000 Uncommon trap: trap_request=0xffffffc6 fr.pc=0x00000229a115f7fc relative=0x00000000000007fc
Event: 1834.009 Thread 0x00000229b3c4a000 Uncommon trap: reason=bimorphic_or_optimized_type_check action=maybe_recompile pc=0x00000229a115f7fc method=java.util.HashMap.removeNode(ILjava/lang/Object;Ljava/lang/Object;ZZ)Ljava/util/HashMap$Node; @ 68 c2
Event: 1834.009 Thread 0x00000229b3c4a000 DEOPT PACKING pc=0x00000229a115f7fc sp=0x000000cdf0bfb760
Event: 1834.009 Thread 0x00000229b3c4a000 DEOPT UNPACKING pc=0x00000229990968a9 sp=0x000000cdf0bfb6f8 mode 2
Event: 1834.049 Thread 0x00000229b3c4a000 DEOPT PACKING pc=0x000002299a072ea4 sp=0x000000cdf0bf9fc0
Event: 1834.049 Thread 0x00000229b3c4a000 DEOPT UNPACKING pc=0x00000229990966bf sp=0x000000cdf0bf94e0 mode 0
Event: 1834.497 Thread 0x00000229b2915800 Uncommon trap: trap_request=0xffffffbe fr.pc=0x00000229a116acf0 relative=0x00000000000043b0
Event: 1834.497 Thread 0x00000229b2915800 Uncommon trap: reason=profile_predicate action=maybe_recompile pc=0x00000229a116acf0 method=com.esotericsoftware.kryo.io.Output.writeString(Ljava/lang/String;)V @ 188 c2
Event: 1834.497 Thread 0x00000229b2915800 DEOPT PACKING pc=0x00000229a116acf0 sp=0x000000cdf2bfb8e0
Event: 1834.497 Thread 0x00000229b2915800 DEOPT UNPACKING pc=0x00000229990968a9 sp=0x000000cdf2bfb6e8 mode 2
Event: 1834.583 Thread 0x00000229b2915800 DEOPT PACKING pc=0x000002299a16fa68 sp=0x000000cdf2bfc330
Event: 1834.583 Thread 0x00000229b2915800 DEOPT UNPACKING pc=0x00000229990966bf sp=0x000000cdf2bfb860 mode 0

Classes redefined (0 events):
No events

Internal exceptions (20 events):
Event: 1833.765 Thread 0x00000229b3c4a000 Exception <a 'sun/nio/fs/WindowsException'{0x000000008c2d1818}> (0x000000008c2d1818) thrown at [./src/hotspot/share/prims/jni.cpp, line 615]
Event: 1833.765 Thread 0x00000229b3c4a000 Exception <a 'sun/nio/fs/WindowsException'{0x000000008c2d1930}> (0x000000008c2d1930) thrown at [./src/hotspot/share/prims/jni.cpp, line 615]
Event: 1833.766 Thread 0x00000229b3c4a000 Exception <a 'sun/nio/fs/WindowsException'{0x000000008c2d37c0}> (0x000000008c2d37c0) thrown at [./src/hotspot/share/prims/jni.cpp, line 615]
Event: 1833.766 Thread 0x00000229b3c4a000 Exception <a 'sun/nio/fs/WindowsException'{0x000000008c2d38e0}> (0x000000008c2d38e0) thrown at [./src/hotspot/share/prims/jni.cpp, line 615]
Event: 1833.767 Thread 0x00000229b3c4a000 Exception <a 'sun/nio/fs/WindowsException'{0x000000008c2d6278}> (0x000000008c2d6278) thrown at [./src/hotspot/share/prims/jni.cpp, line 615]
Event: 1833.767 Thread 0x00000229b3c4a000 Exception <a 'sun/nio/fs/WindowsException'{0x000000008c2d63a8}> (0x000000008c2d63a8) thrown at [./src/hotspot/share/prims/jni.cpp, line 615]
Event: 1833.767 Thread 0x00000229b3c4a000 Exception <a 'sun/nio/fs/WindowsException'{0x000000008c2d8298}> (0x000000008c2d8298) thrown at [./src/hotspot/share/prims/jni.cpp, line 615]
Event: 1833.767 Thread 0x00000229b3c4a000 Exception <a 'sun/nio/fs/WindowsException'{0x000000008c2d83d0}> (0x000000008c2d83d0) thrown at [./src/hotspot/share/prims/jni.cpp, line 615]
Event: 1833.768 Thread 0x00000229b3c4a000 Exception <a 'sun/nio/fs/WindowsException'{0x000000008c2daf10}> (0x000000008c2daf10) thrown at [./src/hotspot/share/prims/jni.cpp, line 615]
Event: 1833.768 Thread 0x00000229b3c4a000 Exception <a 'sun/nio/fs/WindowsException'{0x000000008c2db068}> (0x000000008c2db068) thrown at [./src/hotspot/share/prims/jni.cpp, line 615]
Event: 1833.769 Thread 0x00000229b3c4a000 Exception <a 'sun/nio/fs/WindowsException'{0x000000008c2dd000}> (0x000000008c2dd000) thrown at [./src/hotspot/share/prims/jni.cpp, line 615]
Event: 1833.769 Thread 0x00000229b3c4a000 Exception <a 'sun/nio/fs/WindowsException'{0x000000008c2dd168}> (0x000000008c2dd168) thrown at [./src/hotspot/share/prims/jni.cpp, line 615]
Event: 1833.770 Thread 0x00000229b3c4a000 Exception <a 'sun/nio/fs/WindowsException'{0x000000008c2dffe8}> (0x000000008c2dffe8) thrown at [./src/hotspot/share/prims/jni.cpp, line 615]
Event: 1833.770 Thread 0x00000229b3c4a000 Exception <a 'sun/nio/fs/WindowsException'{0x000000008c2e0148}> (0x000000008c2e0148) thrown at [./src/hotspot/share/prims/jni.cpp, line 615]
Event: 1833.770 Thread 0x00000229b3c4a000 Exception <a 'sun/nio/fs/WindowsException'{0x000000008c2e20f0}> (0x000000008c2e20f0) thrown at [./src/hotspot/share/prims/jni.cpp, line 615]
Event: 1833.770 Thread 0x00000229b3c4a000 Exception <a 'sun/nio/fs/WindowsException'{0x000000008c2e2260}> (0x000000008c2e2260) thrown at [./src/hotspot/share/prims/jni.cpp, line 615]
Event: 1833.771 Thread 0x00000229b3c4a000 Exception <a 'sun/nio/fs/WindowsException'{0x000000008c2e51f8}> (0x000000008c2e51f8) thrown at [./src/hotspot/share/prims/jni.cpp, line 615]
Event: 1833.771 Thread 0x00000229b3c4a000 Exception <a 'sun/nio/fs/WindowsException'{0x000000008c2e5370}> (0x000000008c2e5370) thrown at [./src/hotspot/share/prims/jni.cpp, line 615]
Event: 1833.772 Thread 0x00000229b3c4a000 Exception <a 'sun/nio/fs/WindowsException'{0x000000008c2e75f8}> (0x000000008c2e75f8) thrown at [./src/hotspot/share/prims/jni.cpp, line 615]
Event: 1833.772 Thread 0x00000229b3c4a000 Exception <a 'sun/nio/fs/WindowsException'{0x000000008c2e7778}> (0x000000008c2e7778) thrown at [./src/hotspot/share/prims/jni.cpp, line 615]

Events (20 events):
Event: 1834.262 Executing VM operation: RevokeBias
Event: 1834.263 Executing VM operation: RevokeBias done
Event: 1834.263 Executing VM operation: RevokeBias
Event: 1834.264 Executing VM operation: RevokeBias done
Event: 1834.264 Executing VM operation: RevokeBias
Event: 1834.265 Executing VM operation: RevokeBias done
Event: 1834.266 Executing VM operation: RevokeBias
Event: 1834.267 Executing VM operation: RevokeBias done
Event: 1834.268 Executing VM operation: RevokeBias
Event: 1834.269 Executing VM operation: RevokeBias done
Event: 1834.269 Executing VM operation: RevokeBias
Event: 1834.269 Executing VM operation: RevokeBias done
Event: 1834.270 Executing VM operation: RevokeBias
Event: 1834.271 Executing VM operation: RevokeBias done
Event: 1834.288 Executing VM operation: RevokeBias
Event: 1834.289 Executing VM operation: RevokeBias done
Event: 1834.300 Executing VM operation: RevokeBias
Event: 1834.301 Executing VM operation: RevokeBias done
Event: 1834.368 Executing VM operation: G1CollectForAllocation
Event: 1834.402 Executing VM operation: G1CollectForAllocation done


Dynamic libraries:
0x00007ff6af140000 - 0x00007ff6af14a000 	D:\waseem\4. ELECTIVES MOBILE APP\Android Studio\jre\bin\java.exe
0x00007ffc0de90000 - 0x00007ffc0e06b000 	C:\WINDOWS\SYSTEM32\ntdll.dll
0x00007ffc0dd30000 - 0x00007ffc0ddde000 	C:\WINDOWS\System32\KERNEL32.DLL
0x00007ffc0a680000 - 0x00007ffc0a8ca000 	C:\WINDOWS\System32\KERNELBASE.dll
0x00007ffc0aac0000 - 0x00007ffc0abb6000 	C:\WINDOWS\System32\ucrtbase.dll
0x00007ffc02d10000 - 0x00007ffc02d29000 	D:\waseem\4. ELECTIVES MOBILE APP\Android Studio\jre\bin\jli.dll
0x00007ffc02cd0000 - 0x00007ffc02ce7000 	D:\waseem\4. ELECTIVES MOBILE APP\Android Studio\jre\bin\VCRUNTIME140.dll
0x00007ffc0be00000 - 0x00007ffc0bf4a000 	C:\WINDOWS\System32\USER32.dll
0x00007ffc0abc0000 - 0x00007ffc0abde000 	C:\WINDOWS\System32\win32u.dll
0x00007ffc0c240000 - 0x00007ffc0c267000 	C:\WINDOWS\System32\GDI32.dll
0x00007ffc0a8d0000 - 0x00007ffc0aa58000 	C:\WINDOWS\System32\gdi32full.dll
0x00007ffc0abe0000 - 0x00007ffc0ac7a000 	C:\WINDOWS\System32\msvcp_win.dll
0x00007ffbfe4c0000 - 0x00007ffbfe727000 	C:\WINDOWS\WinSxS\amd64_microsoft.windows.common-controls_6595b64144ccf1df_6.0.15063.1155_none_40c7922129a7722b\COMCTL32.dll
0x00007ffc0c0c0000 - 0x00007ffc0c15d000 	C:\WINDOWS\System32\msvcrt.dll
0x00007ffc0c270000 - 0x00007ffc0c569000 	C:\WINDOWS\System32\combase.dll
0x00007ffc0da20000 - 0x00007ffc0db45000 	C:\WINDOWS\System32\RPCRT4.dll
0x00007ffc0ac80000 - 0x00007ffc0acea000 	C:\WINDOWS\System32\bcryptPrimitives.dll
0x00007ffc0c210000 - 0x00007ffc0c23d000 	C:\WINDOWS\System32\IMM32.DLL
0x00007ffbf6e50000 - 0x00007ffbf6eed000 	D:\waseem\4. ELECTIVES MOBILE APP\Android Studio\jre\bin\msvcp140.dll
0x00007ffbde6e0000 - 0x00007ffbdf19c000 	D:\waseem\4. ELECTIVES MOBILE APP\Android Studio\jre\bin\server\jvm.dll
0x00007ffc0dde0000 - 0x00007ffc0de81000 	C:\WINDOWS\System32\ADVAPI32.dll
0x00007ffc0d9c0000 - 0x00007ffc0da19000 	C:\WINDOWS\System32\sechost.dll
0x00007ffc0db50000 - 0x00007ffc0db58000 	C:\WINDOWS\System32\PSAPI.DLL
0x00007ffbfcf80000 - 0x00007ffbfcf89000 	C:\WINDOWS\SYSTEM32\WSOCK32.dll
0x00007ffc0bb40000 - 0x00007ffc0bbac000 	C:\WINDOWS\System32\WS2_32.dll
0x00007ffc08800000 - 0x00007ffc08823000 	C:\WINDOWS\SYSTEM32\WINMM.dll
0x00007ffbfe4a0000 - 0x00007ffbfe4aa000 	C:\WINDOWS\SYSTEM32\VERSION.dll
0x00007ffc087a0000 - 0x00007ffc087cb000 	C:\WINDOWS\SYSTEM32\WINMMBASE.dll
0x00007ffc0a3b0000 - 0x00007ffc0a3f9000 	C:\WINDOWS\System32\cfgmgr32.dll
0x00007ffc0a370000 - 0x00007ffc0a381000 	C:\WINDOWS\System32\kernel.appcore.dll
0x00007ffc07330000 - 0x00007ffc07341000 	D:\waseem\4. ELECTIVES MOBILE APP\Android Studio\jre\bin\verify.dll
0x00007ffc026e0000 - 0x00007ffc02889000 	C:\WINDOWS\SYSTEM32\DBGHELP.DLL
0x00007ffbf8820000 - 0x00007ffbf8849000 	C:\WINDOWS\SYSTEM32\dbgcore.DLL
0x00007ffc07300000 - 0x00007ffc07329000 	D:\waseem\4. ELECTIVES MOBILE APP\Android Studio\jre\bin\java.dll
0x00007ffc089c0000 - 0x00007ffc089cb000 	D:\waseem\4. ELECTIVES MOBILE APP\Android Studio\jre\bin\jimage.dll
0x00007ffc072e0000 - 0x00007ffc072f8000 	D:\waseem\4. ELECTIVES MOBILE APP\Android Studio\jre\bin\zip.dll
0x00007ffc0c570000 - 0x00007ffc0d9a8000 	C:\WINDOWS\System32\SHELL32.dll
0x00007ffc0c160000 - 0x00007ffc0c20a000 	C:\WINDOWS\System32\shcore.dll
0x00007ffc0acf0000 - 0x00007ffc0b3e1000 	C:\WINDOWS\System32\windows.storage.dll
0x00007ffc0bbb0000 - 0x00007ffc0bc01000 	C:\WINDOWS\System32\shlwapi.dll
0x00007ffc0a320000 - 0x00007ffc0a36c000 	C:\WINDOWS\System32\powrprof.dll
0x00007ffc0a390000 - 0x00007ffc0a3a5000 	C:\WINDOWS\System32\profapi.dll
0x00007ffc072c0000 - 0x00007ffc072da000 	D:\waseem\4. ELECTIVES MOBILE APP\Android Studio\jre\bin\net.dll
0x00007ffbfcea0000 - 0x00007ffbfcf76000 	C:\WINDOWS\SYSTEM32\WINHTTP.dll
0x00007ffc09bb0000 - 0x00007ffc09c0c000 	C:\WINDOWS\system32\mswsock.dll
0x00007ffc072a0000 - 0x00007ffc072b4000 	D:\waseem\4. ELECTIVES MOBILE APP\Android Studio\jre\bin\nio.dll
0x00007ffc02d30000 - 0x00007ffc02d4e000 	C:\Users\wasee\.gradle\native\25\windows-amd64\native-platform.dll
0x00007ffc07290000 - 0x00007ffc0729a000 	D:\waseem\4. ELECTIVES MOBILE APP\Android Studio\jre\bin\management.dll
0x00007ffc07280000 - 0x00007ffc0728c000 	D:\waseem\4. ELECTIVES MOBILE APP\Android Studio\jre\bin\management_ext.dll
0x00007ffc09d60000 - 0x00007ffc09d77000 	C:\WINDOWS\SYSTEM32\CRYPTSP.dll
0x00007ffc097c0000 - 0x00007ffc097f4000 	C:\WINDOWS\system32\rsaenh.dll
0x00007ffc0a1d0000 - 0x00007ffc0a1f5000 	C:\WINDOWS\SYSTEM32\bcrypt.dll
0x00007ffc0a200000 - 0x00007ffc0a229000 	C:\WINDOWS\SYSTEM32\USERENV.dll
0x00007ffc09d50000 - 0x00007ffc09d5b000 	C:\WINDOWS\SYSTEM32\CRYPTBASE.dll
0x00007ffc09950000 - 0x00007ffc09987000 	C:\WINDOWS\SYSTEM32\IPHLPAPI.DLL
0x00007ffc0b5f0000 - 0x00007ffc0b5f8000 	C:\WINDOWS\System32\NSI.dll
0x00007ffc01b20000 - 0x00007ffc01b36000 	C:\WINDOWS\SYSTEM32\dhcpcsvc6.DLL
0x00007ffc021b0000 - 0x00007ffc021ca000 	C:\WINDOWS\SYSTEM32\dhcpcsvc.DLL
0x00007ffbeb8d0000 - 0x00007ffbeba72000 	D:\waseem\4. ELECTIVES MOBILE APP\Android Studio\jre\bin\awt.dll
0x00007ffc0bd40000 - 0x00007ffc0be00000 	C:\WINDOWS\System32\OLEAUT32.dll
0x00007ffc07540000 - 0x00007ffc0756a000 	C:\WINDOWS\SYSTEM32\dwmapi.dll
0x00007ffc08a40000 - 0x00007ffc08abe000 	C:\WINDOWS\SYSTEM32\apphelp.dll
0x00007ffc08bf0000 - 0x00007ffc08c85000 	C:\WINDOWS\system32\uxtheme.dll

dbghelp: loaded successfully - version: 4.0.5 - missing functions: none
symbol engine: initialized successfully - sym options: 0x614 - pdb path: .;D:\waseem\4. ELECTIVES MOBILE APP\Android Studio\jre\bin;C:\WINDOWS\SYSTEM32;C:\WINDOWS\WinSxS\amd64_microsoft.windows.common-controls_6595b64144ccf1df_6.0.15063.1155_none_40c7922129a7722b;D:\waseem\4. ELECTIVES MOBILE APP\Android Studio\jre\bin\server;C:\Users\wasee\.gradle\native\25\windows-amd64

VM Arguments:
jvm_args: --add-opens=java.base/java.util=ALL-UNNAMED --add-opens=java.base/java.lang=ALL-UNNAMED --add-opens=java.base/java.lang.invoke=ALL-UNNAMED --add-opens=java.prefs/java.util.prefs=ALL-UNNAMED -Xmx2048m -Dfile.encoding=UTF-8 -Duser.country=ZA -Duser.language=en -Duser.variant 
java_command: org.gradle.launcher.daemon.bootstrap.GradleDaemon 5.1.1
java_class_path (initial): C:\Users\wasee\.gradle\wrapper\dists\gradle-5.1.1-bin\90y9l8txxfw1s2o6ctiqeruwn\gradle-5.1.1\lib\gradle-launcher-5.1.1.jar
Launcher Type: SUN_STANDARD

[Global flags]
     intx CICompilerCount                          = 2                                         {product} {ergonomic}
     uint ConcGCThreads                            = 1                                         {product} {ergonomic}
     uint G1ConcRefinementThreads                  = 2                                         {product} {ergonomic}
   size_t G1HeapRegionSize                         = 1048576                                   {product} {ergonomic}
    uintx GCDrainStackTargetSize                   = 64                                        {product} {ergonomic}
   size_t InitialHeapSize                          = 67108864                                  {product} {ergonomic}
   size_t MarkStackSize                            = 4194304                                   {product} {ergonomic}
   size_t MaxHeapSize                              = 2147483648                                {product} {command line}
   size_t MaxNewSize                               = 1287651328                                {product} {ergonomic}
   size_t MinHeapDeltaBytes                        = 1048576                                   {product} {ergonomic}
    uintx NonNMethodCodeHeapSize                   = 5825164                                {pd product} {ergonomic}
    uintx NonProfiledCodeHeapSize                  = 122916538                              {pd product} {ergonomic}
    uintx ProfiledCodeHeapSize                     = 122916538                              {pd product} {ergonomic}
    uintx ReservedCodeCacheSize                    = 251658240                              {pd product} {ergonomic}
     bool SegmentedCodeCache                       = true                                      {product} {ergonomic}
     bool UseCompressedClassPointers               = true                                 {lp64_product} {ergonomic}
     bool UseCompressedOops                        = true                                 {lp64_product} {ergonomic}
     bool UseG1GC                                  = true                                      {product} {ergonomic}
     bool UseLargePagesIndividualAllocation        = false                                  {pd product} {ergonomic}

Logging:
Log output configuration:
 #0: stdout all=warning uptime,level,tags
 #1: stderr all=off uptime,level,tags

Environment Variables:
PATH=C:\Program Files\Common Files\Oracle\Java\javapath;C:\Program Files (x86)\Common Files\Oracle\Java\javapath;C:\Program Files\OpenJDK\jdk-11.0.8.10-hotspot\bin;C:\Program Files (x86)\Intel\TXE Components\TCS\;C:\Program Files\Intel\TXE Components\TCS\;C:\WINDOWS\system32;C:\WINDOWS;C:\WINDOWS\System32\Wbem;C:\WINDOWS\System32\WindowsPowerShell\v1.0\;C:\Program Files\Intel\TXE Components\DAL\;C:\Program Files (x86)\Intel\TXE Components\DAL\;C:\Program Files\Intel\TXE Components\IPT\;C:\Program Files (x86)\Intel\TXE Components\IPT\;C:\Users\wasee\AppData\Local\Microsoft\WindowsApps;
USERNAME=wasee
OS=Windows_NT
PROCESSOR_IDENTIFIER=Intel64 Family 6 Model 76 Stepping 4, GenuineIntel



---------------  S Y S T E M  ---------------

OS: Windows 10 , 64 bit Build 15063 (10.0.15063.1058)
OS uptime: 0 days 2:55 hours

CPU:total 2 (initial active 2) (2 cores per cpu, 1 threads per core) family 6 model 76 stepping 4, cmov, cx8, fxsr, mmx, sse, sse2, sse3, ssse3, sse4.1, sse4.2, popcnt, aes, clmul, erms, 3dnowpref, tsc, tscinvbit

Memory: 4k page, system-wide physical 4002M (800M free)
TotalPageFile size 4496M (AvailPageFile size 5M)
current process WorkingSet (physical memory assigned to process): 420M, peak: 426M
current process commit charge ("private bytes"): 447M, peak: 455M

vm_info: OpenJDK 64-Bit Server VM (11.0.8+10-b944.6842174) for windows-amd64 JRE (11.0.8+10-b944.6842174), built on Sep 19 2020 01:11:42 by "builder" with MS VC++ 14.0 (VS2015)

END.
