#
# There is insufficient memory for the Java Runtime Environment to continue.
# Native memory allocation (mmap) failed to map 154140672 bytes for Failed to commit area from 0x0000000096700000 to 0x000000009fa00000 of length 154140672.
# Possible reasons:
#   The system is out of physical RAM or swap space
#   The process is running with CompressedOops enabled, and the Java Heap may be blocking the growth of the native heap
# Possible solutions:
#   Reduce memory load on the system
#   Increase physical memory or swap space
#   Check if swap backing store is full
#   Decrease Java heap size (-Xmx/-Xms)
#   Decrease number of Java threads
#   Decrease Java thread stack sizes (-Xss)
#   Set larger code cache with -XX:ReservedCodeCacheSize=
#   JVM is running with Unscaled Compressed Oops mode in which the Java heap is
#     placed in the first 4GB address space. The Java Heap base address is the
#     maximum limit for the native heap growth. Please use -XX:HeapBaseMinAddress
#     to set the Java Heap base and to place the Java Heap above 4GB virtual address.
# This output file may be truncated or incomplete.
#
#  Out of Memory Error (./src/hotspot/os/windows/os_windows.cpp:3303), pid=4748, tid=6672
#
# JRE version: OpenJDK Runtime Environment (11.0.8+10) (build 11.0.8+10-b944.6842174)
# Java VM: OpenJDK 64-Bit Server VM (11.0.8+10-b944.6842174, mixed mode, tiered, compressed oops, g1 gc, windows-amd64)
# No core dump will be written. Minidumps are not enabled by default on client versions of Windows
#

---------------  S U M M A R Y ------------

Command Line: --add-opens=java.base/java.util=ALL-UNNAMED --add-opens=java.base/java.lang=ALL-UNNAMED --add-opens=java.base/java.lang.invoke=ALL-UNNAMED --add-opens=java.prefs/java.util.prefs=ALL-UNNAMED -Xmx2048m -Dfile.encoding=UTF-8 -Duser.country=ZA -Duser.language=en -Duser.variant org.gradle.launcher.daemon.bootstrap.GradleDaemon 5.1.1

Host: Intel(R) Celeron(R) CPU  N3060  @ 1.60GHz, 2 cores, 3G,  Windows 10 , 64 bit Build 15063 (10.0.15063.1058)
Time: Sun Oct 17 14:50:45 2021 South Africa Standard Time elapsed time: 576 seconds (0d 0h 9m 36s)

---------------  T H R E A D  ---------------

Current thread (0x00000222cf89b000):  VMThread "VM Thread" [stack: 0x00000059f6f00000,0x00000059f7000000] [id=6672]

Stack: [0x00000059f6f00000,0x00000059f7000000]
[error occurred during error reporting (printing stack bounds), id 0xc0000005, EXCEPTION_ACCESS_VIOLATION (0xc0000005) at pc=0x00000222b9b20dbd]

Native frames: (J=compiled Java code, j=interpreted, Vv=VM code, C=native code)
V  [jvm.dll+0x5de50a]
V  [jvm.dll+0x7122f5]
V  [jvm.dll+0x71384d]
V  [jvm.dll+0x713e65]
V  [jvm.dll+0x713e1b]
V  [jvm.dll+0x5dd958]
V  [jvm.dll+0x5de0f8]
C  [ntdll.dll+0xa9ffd]
C  [ntdll.dll+0x351c8]
C  [ntdll.dll+0xa907e]
C  0x00000222b9b20dbd

VM_Operation (0x00000059fc9fe780): G1CollectForAllocation, mode: safepoint, requested by thread 0x00000222d4e4d800


---------------  P R O C E S S  ---------------

Threads class SMR info:
_java_thread_list=0x00000222d3712450, length=43, elements={
0x00000222b61a9000, 0x00000222cf89e800, 0x00000222cf8a8800, 0x00000222cf8fc800,
0x00000222cf8fd800, 0x00000222cf8ff000, 0x00000222d016b800, 0x00000222d0171000,
0x00000222d025e800, 0x00000222d0298000, 0x00000222d1898800, 0x00000222d15d0000,
0x00000222d1b05000, 0x00000222d0fca800, 0x00000222d0fc8000, 0x00000222d0fcd000,
0x00000222d42c6000, 0x00000222d42c8000, 0x00000222d42c4800, 0x00000222d0fce000,
0x00000222d0fcc800, 0x00000222d0fce800, 0x00000222d0fc9000, 0x00000222d42c8800,
0x00000222d42ca800, 0x00000222d42c5800, 0x00000222d42cb000, 0x00000222d42c7000,
0x00000222d42cd800, 0x00000222d42cc800, 0x00000222d42cc000, 0x00000222d42ce800,
0x00000222d42cf000, 0x00000222d42c9800, 0x00000222d42d0000, 0x00000222d42d3800,
0x00000222d42d1000, 0x00000222d42d1800, 0x00000222d42d2800, 0x00000222d4e52800,
0x00000222d4e50000, 0x00000222d4e4d800, 0x00000222d4e4d000
}

Java Threads: ( => current thread )
  0x00000222b61a9000 JavaThread "main" [_thread_blocked, id=5820, stack(0x00000059f6900000,0x00000059f6a00000)]
  0x00000222cf89e800 JavaThread "Reference Handler" daemon [_thread_blocked, id=3004, stack(0x00000059f7000000,0x00000059f7100000)]
  0x00000222cf8a8800 JavaThread "Finalizer" daemon [_thread_blocked, id=2092, stack(0x00000059f7100000,0x00000059f7200000)]
  0x00000222cf8fc800 JavaThread "Signal Dispatcher" daemon [_thread_blocked, id=4192, stack(0x00000059f7300000,0x00000059f7400000)]
  0x00000222cf8fd800 JavaThread "Attach Listener" daemon [_thread_blocked, id=9564, stack(0x00000059f7400000,0x00000059f7500000)]
  0x00000222cf8ff000 JavaThread "C2 CompilerThread0" daemon [_thread_blocked, id=2368, stack(0x00000059f7500000,0x00000059f7600000)]
  0x00000222d016b800 JavaThread "C1 CompilerThread0" daemon [_thread_blocked, id=5796, stack(0x00000059f7600000,0x00000059f7700000)]
  0x00000222d0171000 JavaThread "Sweeper thread" daemon [_thread_blocked, id=7216, stack(0x00000059f7700000,0x00000059f7800000)]
  0x00000222d025e800 JavaThread "Common-Cleaner" daemon [_thread_blocked, id=152, stack(0x00000059f7800000,0x00000059f7900000)]
  0x00000222d0298000 JavaThread "Service Thread" daemon [_thread_blocked, id=8104, stack(0x00000059f7900000,0x00000059f7a00000)]
  0x00000222d1898800 JavaThread "Incoming local TCP Connector on port 58559" [_thread_in_native, id=2584, stack(0x00000059f7c00000,0x00000059f7d00000)]
  0x00000222d15d0000 JavaThread "Daemon periodic checks" [_thread_blocked, id=4088, stack(0x00000059f7d00000,0x00000059f7e00000)]
  0x00000222d1b05000 JavaThread "Cache worker for file hash cache (C:\Users\wasee\.gradle\caches\5.1.1\fileHashes)" [_thread_blocked, id=8660, stack(0x00000059f8500000,0x00000059f8600000)]
  0x00000222d0fca800 JavaThread "File lock request listener" [_thread_in_native, id=8148, stack(0x00000059f8600000,0x00000059f8700000)]
  0x00000222d0fc8000 JavaThread "Cache worker for journal cache (C:\Users\wasee\.gradle\caches\journal-1)" [_thread_blocked, id=8728, stack(0x00000059f8700000,0x00000059f8800000)]
  0x00000222d0fcd000 JavaThread "Cache worker for execution history cache (C:\Users\wasee\.gradle\caches\5.1.1\executionHistory)" [_thread_blocked, id=9280, stack(0x00000059f8b00000,0x00000059f8c00000)]
  0x00000222d42c6000 JavaThread "Memory manager" [_thread_blocked, id=8812, stack(0x00000059f8f00000,0x00000059f9000000)]
  0x00000222d42c8000 JavaThread "Cache worker for file content cache (C:\Users\wasee\.gradle\caches\5.1.1\fileContent)" [_thread_blocked, id=3108, stack(0x00000059f9100000,0x00000059f9200000)]
  0x00000222d42c4800 JavaThread "ForkJoinPool.commonPool-worker-3" daemon [_thread_blocked, id=4320, stack(0x00000059f9800000,0x00000059f9900000)]
  0x00000222d0fce000 JavaThread "Cache worker for Java compile cache (C:\Users\wasee\.gradle\caches\5.1.1\javaCompile)" [_thread_blocked, id=8356, stack(0x00000059fac00000,0x00000059fad00000)]
  0x00000222d0fcc800 JavaThread "Daemon Thread 3" [_thread_blocked, id=8936, stack(0x00000059fb400000,0x00000059fb500000)]
  0x00000222d0fce800 JavaThread "Handler for socket connection from /127.0.0.1:58559 to /127.0.0.1:58590" [_thread_in_native, id=9308, stack(0x00000059fb500000,0x00000059fb600000)]
  0x00000222d0fc9000 JavaThread "Cancel handler" [_thread_blocked, id=5640, stack(0x00000059fb600000,0x00000059fb700000)]
  0x00000222d42c8800 JavaThread "Daemon worker Thread 3" [_thread_blocked, id=10020, stack(0x00000059fb700000,0x00000059fb800000)]
  0x00000222d42ca800 JavaThread "Asynchronous log dispatcher for DefaultDaemonConnection: socket connection from /127.0.0.1:58559 to /127.0.0.1:58590" [_thread_blocked, id=5468, stack(0x00000059fb800000,0x00000059fb900000)]
  0x00000222d42c5800 JavaThread "Stdin handler" [_thread_blocked, id=5332, stack(0x00000059fb900000,0x00000059fba00000)]
  0x00000222d42cb000 JavaThread "Thread-45" [_thread_blocked, id=7896, stack(0x00000059fba00000,0x00000059fbb00000)]
  0x00000222d42c7000 JavaThread "Cache worker for file hash cache (C:\Users\wasee\AndroidStudioProjects\TimeManagementTool\.gradle\5.1.1\fileHashes)" [_thread_blocked, id=3904, stack(0x00000059fbb00000,0x00000059fbc00000)]
  0x00000222d42cd800 JavaThread "Cache worker for cache directory md-supplier (C:\Users\wasee\.gradle\caches\5.1.1\md-supplier)" [_thread_blocked, id=336, stack(0x00000059fbc00000,0x00000059fbd00000)]
  0x00000222d42cc800 JavaThread "Cache worker for cache directory md-rule (C:\Users\wasee\.gradle\caches\5.1.1\md-rule)" [_thread_blocked, id=5872, stack(0x00000059fbd00000,0x00000059fbe00000)]
  0x00000222d42cc000 JavaThread "Build operations" [_thread_blocked, id=4924, stack(0x00000059fbe00000,0x00000059fbf00000)]
  0x00000222d42ce800 JavaThread "Build operations Thread 2" [_thread_blocked, id=8808, stack(0x00000059fbf00000,0x00000059fc000000)]
  0x00000222d42cf000 JavaThread "Cache worker for Build Output Cleanup Cache (C:\Users\wasee\AndroidStudioProjects\TimeManagementTool\.gradle\buildOutputCleanup)" [_thread_blocked, id=9900, stack(0x00000059fc000000,0x00000059fc100000)]
  0x00000222d42c9800 JavaThread "Cache worker for file content cache (C:\Users\wasee\AndroidStudioProjects\TimeManagementTool\.gradle\5.1.1\fileContent)" [_thread_blocked, id=9240, stack(0x00000059fc100000,0x00000059fc200000)]
  0x00000222d42d0000 JavaThread "Execution worker for ':'" [_thread_blocked, id=8072, stack(0x00000059fc200000,0x00000059fc300000)]
  0x00000222d42d3800 JavaThread "Cache worker for execution history cache (C:\Users\wasee\AndroidStudioProjects\TimeManagementTool\.gradle\5.1.1\executionHistory)" [_thread_blocked, id=2152, stack(0x00000059fc300000,0x00000059fc400000)]
  0x00000222d42d1000 JavaThread "pool-6-thread-1" [_thread_blocked, id=9496, stack(0x00000059fc400000,0x00000059fc500000)]
  0x00000222d42d1800 JavaThread "stderr" daemon [_thread_in_native, id=6792, stack(0x00000059fc500000,0x00000059fc600000)]
  0x00000222d42d2800 JavaThread "stdout" daemon [_thread_in_native, id=1072, stack(0x00000059fc600000,0x00000059fc700000)]
  0x00000222d4e52800 JavaThread "Cache worker for Java compile cache (C:\Users\wasee\AndroidStudioProjects\TimeManagementTool\.gradle\5.1.1\javaCompile)" [_thread_blocked, id=6224, stack(0x00000059fc700000,0x00000059fc800000)]
  0x00000222d4e50000 JavaThread "ForkJoinPool.commonPool-worker-1" daemon [_thread_blocked, id=32, stack(0x00000059fc800000,0x00000059fc900000)]
  0x00000222d4e4d800 JavaThread "ForkJoinPool-14-worker-3" daemon [_thread_blocked, id=1468, stack(0x00000059fc900000,0x00000059fca00000)]
  0x00000222d4e4d000 JavaThread "ForkJoinPool-14-worker-1" daemon [_thread_blocked, id=1040, stack(0x00000059fca00000,0x00000059fcb00000)]

Other Threads:
=>0x00000222cf89b000 VMThread "VM Thread" [stack: 0x00000059f6f00000,0x00000059f7000000] [id=6672]
  0x00000222d029d000 WatcherThread [stack: 0x00000059f7a00000,0x00000059f7b00000] [id=1716]
  0x00000222b61c0800 GCTaskThread "GC Thread#0" [stack: 0x00000059f6a00000,0x00000059f6b00000] [id=1360]
  0x00000222d0703800 GCTaskThread "GC Thread#1" [stack: 0x00000059f7b00000,0x00000059f7c00000] [id=9756]
  0x00000222b61f1800 ConcurrentGCThread "G1 Main Marker" [stack: 0x00000059f6b00000,0x00000059f6c00000] [id=4500]
  0x00000222b61f3000 ConcurrentGCThread "G1 Conc#0" [stack: 0x00000059f6c00000,0x00000059f6d00000] [id=9536]
  0x00000222b6244000 ConcurrentGCThread "G1 Refine#0" [stack: 0x00000059f6d00000,0x00000059f6e00000] [id=6404]
  0x00000222d67f4800 ConcurrentGCThread "G1 Refine#1" [stack: 0x00000059f9700000,0x00000059f9800000] [id=7280]
  0x00000222b6246000 ConcurrentGCThread "G1 Young RemSet Sampling" [stack: 0x00000059f6e00000,0x00000059f6f00000] [id=4548]

Threads with active compile tasks:
C2 CompilerThread0 576846 17981       4       com.android.tools.r8.it.unimi.dsi.fastutil.ints.Int2ObjectOpenHashMap::put (34 bytes)

VM state:at safepoint (normal execution)

VM Mutex/Monitor currently owned by a thread:  ([mutex/lock_event])
[0x00000222b61a54c0] Threads_lock - owner thread: 0x00000222cf89b000
[0x00000222b61a5ca0] Heap_lock - owner thread: 0x00000222d4e4d800

Heap address: 0x0000000080000000, size: 2048 MB, Compressed Oops mode: 32-bit
Narrow klass base: 0x0000000000000000, Narrow klass shift: 3
Compressed class space size: 1073741824 Address: 0x0000000100000000

Heap:
 garbage-first heap   total 518144K, used 155136K [0x0000000080000000, 0x0000000100000000)
  region size 1024K, 3 young (3072K), 3 survivors (3072K)
 Metaspace       used 103014K, capacity 105492K, committed 105728K, reserved 1142784K
  class space    used 12462K, capacity 13281K, committed 13312K, reserved 1048576K
Heap Regions: E=young(eden), S=young(survivor), O=old, HS=humongous(starts), HC=humongous(continues), CS=collection set, F=free, A=archive, TAMS=top-at-mark-start (previous, next)
|   0|0x0000000080000000, 0x0000000080100000, 0x0000000080100000|100%|HS|  |TAMS 0x0000000080100000, 0x0000000080000000| Complete 
|   1|0x0000000080100000, 0x0000000080200000, 0x0000000080200000|100%| O|  |TAMS 0x0000000080200000, 0x0000000080100000| Untracked 
|   2|0x0000000080200000, 0x0000000080300000, 0x0000000080300000|100%| O|  |TAMS 0x0000000080300000, 0x0000000080200000| Untracked 
|   3|0x0000000080300000, 0x0000000080400000, 0x0000000080400000|100%|HS|  |TAMS 0x0000000080400000, 0x0000000080300000| Complete 
|   4|0x0000000080400000, 0x0000000080500000, 0x0000000080500000|100%|HC|  |TAMS 0x0000000080500000, 0x0000000080400000| Complete 
|   5|0x0000000080500000, 0x0000000080600000, 0x0000000080600000|100%| O|  |TAMS 0x0000000080600000, 0x0000000080500000| Complete 
|   6|0x0000000080600000, 0x0000000080700000, 0x0000000080700000|100%| O|  |TAMS 0x0000000080700000, 0x0000000080600000| Untracked 
|   7|0x0000000080700000, 0x0000000080800000, 0x0000000080800000|100%| O|  |TAMS 0x0000000080800000, 0x0000000080700000| Untracked 
|   8|0x0000000080800000, 0x0000000080900000, 0x0000000080900000|100%| O|  |TAMS 0x0000000080900000, 0x0000000080800000| Untracked 
|   9|0x0000000080900000, 0x0000000080a00000, 0x0000000080a00000|100%| O|  |TAMS 0x0000000080a00000, 0x0000000080900000| Untracked 
|  10|0x0000000080a00000, 0x0000000080b00000, 0x0000000080b00000|100%| O|  |TAMS 0x0000000080b00000, 0x0000000080a00000| Complete 
|  11|0x0000000080b00000, 0x0000000080c00000, 0x0000000080c00000|100%| O|  |TAMS 0x0000000080c00000, 0x0000000080b00000| Complete 
|  12|0x0000000080c00000, 0x0000000080d00000, 0x0000000080d00000|100%| O|  |TAMS 0x0000000080d00000, 0x0000000080c00000| Untracked 
|  13|0x0000000080d00000, 0x0000000080e00000, 0x0000000080e00000|100%| O|  |TAMS 0x0000000080e00000, 0x0000000080d00000| Complete 
|  14|0x0000000080e00000, 0x0000000080f00000, 0x0000000080f00000|100%| O|  |TAMS 0x0000000080f00000, 0x0000000080e00000| Complete 
|  15|0x0000000080f00000, 0x0000000081000000, 0x0000000081000000|100%|HS|  |TAMS 0x0000000081000000, 0x0000000080f00000| Complete 
|  16|0x0000000081000000, 0x0000000081100000, 0x0000000081100000|100%|HC|  |TAMS 0x0000000081100000, 0x0000000081000000| Complete 
|  17|0x0000000081100000, 0x0000000081200000, 0x0000000081200000|100%|HS|  |TAMS 0x0000000081200000, 0x0000000081100000| Complete 
|  18|0x0000000081200000, 0x0000000081300000, 0x0000000081300000|100%|HC|  |TAMS 0x0000000081300000, 0x0000000081200000| Complete 
|  19|0x0000000081300000, 0x0000000081400000, 0x0000000081400000|100%|HC|  |TAMS 0x0000000081400000, 0x0000000081300000| Complete 
|  20|0x0000000081400000, 0x0000000081500000, 0x0000000081500000|100%|HS|  |TAMS 0x0000000081500000, 0x0000000081400000| Complete 
|  21|0x0000000081500000, 0x0000000081600000, 0x0000000081600000|100%|HC|  |TAMS 0x0000000081600000, 0x0000000081500000| Complete 
|  22|0x0000000081600000, 0x0000000081700000, 0x0000000081700000|100%|HC|  |TAMS 0x0000000081700000, 0x0000000081600000| Complete 
|  23|0x0000000081700000, 0x0000000081800000, 0x0000000081800000|100%|HC|  |TAMS 0x0000000081800000, 0x0000000081700000| Complete 
|  24|0x0000000081800000, 0x0000000081900000, 0x0000000081900000|100%| O|  |TAMS 0x0000000081900000, 0x0000000081800000| Untracked 
|  25|0x0000000081900000, 0x0000000081a00000, 0x0000000081a00000|100%| O|  |TAMS 0x0000000081a00000, 0x0000000081900000| Untracked 
|  26|0x0000000081a00000, 0x0000000081b00000, 0x0000000081b00000|100%| O|  |TAMS 0x0000000081b00000, 0x0000000081a00000| Complete 
|  27|0x0000000081b00000, 0x0000000081c00000, 0x0000000081c00000|100%| O|  |TAMS 0x0000000081c00000, 0x0000000081b00000| Complete 
|  28|0x0000000081c00000, 0x0000000081d00000, 0x0000000081d00000|100%| O|  |TAMS 0x0000000081d00000, 0x0000000081c00000| Untracked 
|  29|0x0000000081d00000, 0x0000000081e00000, 0x0000000081e00000|100%| O|  |TAMS 0x0000000081e00000, 0x0000000081d00000| Untracked 
|  30|0x0000000081e00000, 0x0000000081f00000, 0x0000000081f00000|100%| O|  |TAMS 0x0000000081f00000, 0x0000000081e00000| Untracked 
|  31|0x0000000081f00000, 0x0000000082000000, 0x0000000082000000|100%| O|  |TAMS 0x0000000082000000, 0x0000000081f00000| Untracked 
|  32|0x0000000082000000, 0x0000000082100000, 0x0000000082100000|100%|HS|  |TAMS 0x0000000082100000, 0x0000000082000000| Complete 
|  33|0x0000000082100000, 0x0000000082200000, 0x0000000082200000|100%|HC|  |TAMS 0x0000000082200000, 0x0000000082100000| Complete 
|  34|0x0000000082200000, 0x0000000082300000, 0x0000000082300000|100%|HC|  |TAMS 0x0000000082300000, 0x0000000082200000| Complete 
|  35|0x0000000082300000, 0x0000000082400000, 0x0000000082400000|100%| O|  |TAMS 0x0000000082400000, 0x0000000082300000| Untracked 
|  36|0x0000000082400000, 0x0000000082500000, 0x0000000082500000|100%|HS|  |TAMS 0x0000000082500000, 0x0000000082400000| Complete 
|  37|0x0000000082500000, 0x0000000082600000, 0x0000000082600000|100%|HC|  |TAMS 0x0000000082600000, 0x0000000082500000| Complete 
|  38|0x0000000082600000, 0x0000000082700000, 0x0000000082700000|100%| O|  |TAMS 0x0000000082700000, 0x0000000082600000| Untracked 
|  39|0x0000000082700000, 0x0000000082800000, 0x0000000082800000|100%| O|  |TAMS 0x0000000082800000, 0x0000000082700000| Untracked 
|  40|0x0000000082800000, 0x0000000082900000, 0x0000000082900000|100%| O|  |TAMS 0x0000000082900000, 0x0000000082800000| Complete 
|  41|0x0000000082900000, 0x0000000082a00000, 0x0000000082a00000|100%| O|  |TAMS 0x0000000082a00000, 0x0000000082900000| Complete 
|  42|0x0000000082a00000, 0x0000000082b00000, 0x0000000082b00000|100%| O|  |TAMS 0x0000000082b00000, 0x0000000082a00000| Untracked 
|  43|0x0000000082b00000, 0x0000000082c00000, 0x0000000082c00000|100%| O|  |TAMS 0x0000000082c00000, 0x0000000082b00000| Untracked 
|  44|0x0000000082c00000, 0x0000000082d00000, 0x0000000082d00000|100%| O|  |TAMS 0x0000000082d00000, 0x0000000082c00000| Complete 
|  45|0x0000000082d00000, 0x0000000082e00000, 0x0000000082e00000|100%| O|  |TAMS 0x0000000082e00000, 0x0000000082d00000| Untracked 
|  46|0x0000000082e00000, 0x0000000082f00000, 0x0000000082f00000|100%| O|  |TAMS 0x0000000082f00000, 0x0000000082e00000| Untracked 
|  47|0x0000000082f00000, 0x0000000083000000, 0x0000000083000000|100%| O|  |TAMS 0x0000000083000000, 0x0000000082f00000| Untracked 
|  48|0x0000000083000000, 0x0000000083100000, 0x0000000083100000|100%| O|  |TAMS 0x0000000083100000, 0x0000000083000000| Complete 
|  49|0x0000000083100000, 0x0000000083200000, 0x0000000083200000|100%| O|  |TAMS 0x0000000083200000, 0x0000000083100000| Untracked 
|  50|0x0000000083200000, 0x0000000083300000, 0x0000000083300000|100%| O|  |TAMS 0x0000000083300000, 0x0000000083200000| Untracked 
|  51|0x0000000083300000, 0x0000000083400000, 0x0000000083400000|100%| O|  |TAMS 0x0000000083400000, 0x0000000083300000| Untracked 
|  52|0x0000000083400000, 0x0000000083500000, 0x0000000083500000|100%| O|  |TAMS 0x0000000083500000, 0x0000000083400000| Complete 
|  53|0x0000000083500000, 0x0000000083600000, 0x0000000083600000|100%| O|  |TAMS 0x0000000083600000, 0x0000000083500000| Untracked 
|  54|0x0000000083600000, 0x0000000083700000, 0x0000000083700000|100%| O|  |TAMS 0x0000000083700000, 0x0000000083600000| Complete 
|  55|0x0000000083700000, 0x0000000083800000, 0x0000000083800000|100%| O|  |TAMS 0x0000000083800000, 0x0000000083700000| Complete 
|  56|0x0000000083800000, 0x0000000083900000, 0x0000000083900000|100%| O|  |TAMS 0x0000000083900000, 0x0000000083800000| Complete 
|  57|0x0000000083900000, 0x0000000083a00000, 0x0000000083a00000|100%| O|  |TAMS 0x0000000083a00000, 0x0000000083900000| Complete 
|  58|0x0000000083a00000, 0x0000000083b00000, 0x0000000083b00000|100%| O|  |TAMS 0x0000000083b00000, 0x0000000083a00000| Complete 
|  59|0x0000000083b00000, 0x0000000083c00000, 0x0000000083c00000|100%| O|  |TAMS 0x0000000083c00000, 0x0000000083b00000| Complete 
|  60|0x0000000083c00000, 0x0000000083d00000, 0x0000000083d00000|100%| O|  |TAMS 0x0000000083d00000, 0x0000000083c00000| Complete 
|  61|0x0000000083d00000, 0x0000000083e00000, 0x0000000083e00000|100%| O|  |TAMS 0x0000000083e00000, 0x0000000083d00000| Untracked 
|  62|0x0000000083e00000, 0x0000000083f00000, 0x0000000083f00000|100%| O|  |TAMS 0x0000000083f00000, 0x0000000083e00000| Complete 
|  63|0x0000000083f00000, 0x0000000084000000, 0x0000000084000000|100%| O|  |TAMS 0x0000000084000000, 0x0000000083f00000| Untracked 
|  64|0x0000000084000000, 0x0000000084100000, 0x0000000084100000|100%| O|  |TAMS 0x0000000084100000, 0x0000000084000000| Complete 
|  65|0x0000000084100000, 0x0000000084200000, 0x0000000084200000|100%| O|  |TAMS 0x0000000084200000, 0x0000000084100000| Untracked 
|  66|0x0000000084200000, 0x0000000084300000, 0x0000000084300000|100%| O|  |TAMS 0x0000000084300000, 0x0000000084200000| Untracked 
|  67|0x0000000084300000, 0x0000000084400000, 0x0000000084400000|100%| O|  |TAMS 0x0000000084400000, 0x0000000084300000| Complete 
|  68|0x0000000084400000, 0x0000000084400000, 0x0000000084500000|  0%| F|  |TAMS 0x0000000084400000, 0x0000000084400000| Untracked 
|  69|0x0000000084500000, 0x0000000084600000, 0x0000000084600000|100%| O|  |TAMS 0x0000000084600000, 0x0000000084500000| Untracked 
|  70|0x0000000084600000, 0x0000000084700000, 0x0000000084700000|100%| O|  |TAMS 0x0000000084700000, 0x0000000084600000| Complete 
|  71|0x0000000084700000, 0x0000000084800000, 0x0000000084800000|100%| O|  |TAMS 0x0000000084800000, 0x0000000084700000| Complete 
|  72|0x0000000084800000, 0x0000000084900000, 0x0000000084900000|100%| O|  |TAMS 0x0000000084900000, 0x0000000084800000| Untracked 
|  73|0x0000000084900000, 0x0000000084a00000, 0x0000000084a00000|100%| O|  |TAMS 0x0000000084a00000, 0x0000000084900000| Untracked 
|  74|0x0000000084a00000, 0x0000000084b00000, 0x0000000084b00000|100%| O|  |TAMS 0x0000000084b00000, 0x0000000084a00000| Untracked 
|  75|0x0000000084b00000, 0x0000000084b00000, 0x0000000084c00000|  0%| F|  |TAMS 0x0000000084b00000, 0x0000000084b00000| Untracked 
|  76|0x0000000084c00000, 0x0000000084d00000, 0x0000000084d00000|100%| O|  |TAMS 0x0000000084d00000, 0x0000000084c00000| Complete 
|  77|0x0000000084d00000, 0x0000000084e00000, 0x0000000084e00000|100%| O|  |TAMS 0x0000000084e00000, 0x0000000084d00000| Complete 
|  78|0x0000000084e00000, 0x0000000084f00000, 0x0000000084f00000|100%| O|  |TAMS 0x0000000084f00000, 0x0000000084e00000| Untracked 
|  79|0x0000000084f00000, 0x0000000085000000, 0x0000000085000000|100%| O|  |TAMS 0x0000000085000000, 0x0000000084f00000| Untracked 
|  80|0x0000000085000000, 0x0000000085100000, 0x0000000085100000|100%| O|  |TAMS 0x0000000085100000, 0x0000000085000000| Complete 
|  81|0x0000000085100000, 0x0000000085200000, 0x0000000085200000|100%| O|  |TAMS 0x0000000085200000, 0x0000000085100000| Complete 
|  82|0x0000000085200000, 0x0000000085300000, 0x0000000085300000|100%| O|  |TAMS 0x0000000085300000, 0x0000000085200000| Complete 
|  83|0x0000000085300000, 0x0000000085300000, 0x0000000085400000|  0%| F|  |TAMS 0x0000000085300000, 0x0000000085300000| Untracked 
|  84|0x0000000085400000, 0x0000000085500000, 0x0000000085500000|100%| O|  |TAMS 0x0000000085500000, 0x0000000085400000| Untracked 
|  85|0x0000000085500000, 0x0000000085600000, 0x0000000085600000|100%| O|  |TAMS 0x0000000085600000, 0x0000000085500000| Complete 
|  86|0x0000000085600000, 0x0000000085700000, 0x0000000085700000|100%| O|  |TAMS 0x0000000085700000, 0x0000000085600000| Untracked 
|  87|0x0000000085700000, 0x0000000085800000, 0x0000000085800000|100%| O|  |TAMS 0x0000000085800000, 0x0000000085700000| Untracked 
|  88|0x0000000085800000, 0x0000000085900000, 0x0000000085900000|100%| O|  |TAMS 0x0000000085900000, 0x0000000085800000| Untracked 
|  89|0x0000000085900000, 0x0000000085a00000, 0x0000000085a00000|100%| O|  |TAMS 0x0000000085a00000, 0x0000000085900000| Untracked 
|  90|0x0000000085a00000, 0x0000000085b00000, 0x0000000085b00000|100%| O|  |TAMS 0x0000000085b00000, 0x0000000085a00000| Complete 
|  91|0x0000000085b00000, 0x0000000085c00000, 0x0000000085c00000|100%| O|  |TAMS 0x0000000085c00000, 0x0000000085b00000| Complete 
|  92|0x0000000085c00000, 0x0000000085d00000, 0x0000000085d00000|100%| O|  |TAMS 0x0000000085d00000, 0x0000000085c00000| Complete 
|  93|0x0000000085d00000, 0x0000000085e00000, 0x0000000085e00000|100%| O|  |TAMS 0x0000000085e00000, 0x0000000085d00000| Untracked 
|  94|0x0000000085e00000, 0x0000000085f00000, 0x0000000085f00000|100%| O|  |TAMS 0x0000000085f00000, 0x0000000085e00000| Complete 
|  95|0x0000000085f00000, 0x0000000086000000, 0x0000000086000000|100%| O|  |TAMS 0x0000000086000000, 0x0000000085f00000| Untracked 
|  96|0x0000000086000000, 0x0000000086100000, 0x0000000086100000|100%| O|  |TAMS 0x0000000086100000, 0x0000000086000000| Complete 
|  97|0x0000000086100000, 0x0000000086200000, 0x0000000086200000|100%| O|  |TAMS 0x0000000086200000, 0x0000000086100000| Complete 
|  98|0x0000000086200000, 0x0000000086300000, 0x0000000086300000|100%| O|  |TAMS 0x0000000086300000, 0x0000000086200000| Untracked 
|  99|0x0000000086300000, 0x0000000086400000, 0x0000000086400000|100%| O|  |TAMS 0x0000000086400000, 0x0000000086300000| Complete 
| 100|0x0000000086400000, 0x0000000086500000, 0x0000000086500000|100%| O|  |TAMS 0x0000000086500000, 0x0000000086400000| Untracked 
| 101|0x0000000086500000, 0x0000000086600000, 0x0000000086600000|100%| O|  |TAMS 0x0000000086600000, 0x0000000086500000| Untracked 
| 102|0x0000000086600000, 0x0000000086700000, 0x0000000086700000|100%| O|  |TAMS 0x0000000086700000, 0x0000000086600000| Untracked 
| 103|0x0000000086700000, 0x0000000086800000, 0x0000000086800000|100%| O|  |TAMS 0x0000000086800000, 0x0000000086700000| Untracked 
| 104|0x0000000086800000, 0x0000000086900000, 0x0000000086900000|100%| O|  |TAMS 0x0000000086900000, 0x0000000086800000| Untracked 
| 105|0x0000000086900000, 0x0000000086a00000, 0x0000000086a00000|100%| O|  |TAMS 0x0000000086a00000, 0x0000000086900000| Complete 
| 106|0x0000000086a00000, 0x0000000086b00000, 0x0000000086b00000|100%| O|  |TAMS 0x0000000086b00000, 0x0000000086a00000| Complete 
| 107|0x0000000086b00000, 0x0000000086c00000, 0x0000000086c00000|100%| O|  |TAMS 0x0000000086c00000, 0x0000000086b00000| Complete 
| 108|0x0000000086c00000, 0x0000000086d00000, 0x0000000086d00000|100%| O|  |TAMS 0x0000000086d00000, 0x0000000086c00000| Complete 
| 109|0x0000000086d00000, 0x0000000086e00000, 0x0000000086e00000|100%| O|  |TAMS 0x0000000086e00000, 0x0000000086d00000| Complete 
| 110|0x0000000086e00000, 0x0000000086f00000, 0x0000000086f00000|100%| O|  |TAMS 0x0000000086f00000, 0x0000000086e00000| Complete 
| 111|0x0000000086f00000, 0x0000000087000000, 0x0000000087000000|100%| O|  |TAMS 0x0000000087000000, 0x0000000086f00000| Untracked 
| 112|0x0000000087000000, 0x0000000087100000, 0x0000000087100000|100%| O|  |TAMS 0x0000000087100000, 0x0000000087000000| Untracked 
| 113|0x0000000087100000, 0x0000000087200000, 0x0000000087200000|100%|HS|  |TAMS 0x0000000087200000, 0x0000000087100000| Complete 
| 114|0x0000000087200000, 0x0000000087300000, 0x0000000087300000|100%|HC|  |TAMS 0x0000000087300000, 0x0000000087200000| Complete 
| 115|0x0000000087300000, 0x0000000087400000, 0x0000000087400000|100%|HC|  |TAMS 0x0000000087400000, 0x0000000087300000| Complete 
| 116|0x0000000087400000, 0x0000000087500000, 0x0000000087500000|100%|HC|  |TAMS 0x0000000087500000, 0x0000000087400000| Complete 
| 117|0x0000000087500000, 0x0000000087600000, 0x0000000087600000|100%|HC|  |TAMS 0x0000000087600000, 0x0000000087500000| Complete 
| 118|0x0000000087600000, 0x0000000087700000, 0x0000000087700000|100%| O|  |TAMS 0x0000000087700000, 0x0000000087600000| Untracked 
| 119|0x0000000087700000, 0x0000000087800000, 0x0000000087800000|100%| O|  |TAMS 0x0000000087800000, 0x0000000087700000| Untracked 
| 120|0x0000000087800000, 0x0000000087900000, 0x0000000087900000|100%| O|  |TAMS 0x0000000087900000, 0x0000000087800000| Untracked 
| 121|0x0000000087900000, 0x0000000087a00000, 0x0000000087a00000|100%| O|  |TAMS 0x0000000087900000, 0x0000000087900000| Untracked 
| 122|0x0000000087a00000, 0x0000000087b00000, 0x0000000087b00000|100%| O|  |TAMS 0x0000000087a00000, 0x0000000087a00000| Untracked 
| 123|0x0000000087b00000, 0x0000000087b00000, 0x0000000087c00000|  0%| F|  |TAMS 0x0000000087b00000, 0x0000000087b00000| Untracked 
| 124|0x0000000087c00000, 0x0000000087d00000, 0x0000000087d00000|100%| O|  |TAMS 0x0000000087c00000, 0x0000000087c00000| Untracked 
| 125|0x0000000087d00000, 0x0000000087e00000, 0x0000000087e00000|100%| O|  |TAMS 0x0000000087d00000, 0x0000000087d00000| Untracked 
| 126|0x0000000087e00000, 0x0000000087f00000, 0x0000000087f00000|100%| O|  |TAMS 0x0000000087e00000, 0x0000000087e00000| Untracked 
| 127|0x0000000087f00000, 0x0000000088000000, 0x0000000088000000|100%| O|  |TAMS 0x0000000088000000, 0x0000000087f00000| Untracked 
| 128|0x0000000088000000, 0x0000000088100000, 0x0000000088100000|100%| O|  |TAMS 0x0000000088100000, 0x0000000088000000| Complete 
| 129|0x0000000088100000, 0x0000000088200000, 0x0000000088200000|100%| O|  |TAMS 0x0000000088200000, 0x0000000088100000| Complete 
| 130|0x0000000088200000, 0x0000000088300000, 0x0000000088300000|100%| O|  |TAMS 0x0000000088200000, 0x0000000088200000| Untracked 
| 131|0x0000000088300000, 0x0000000088400000, 0x0000000088400000|100%| O|  |TAMS 0x0000000088300000, 0x0000000088300000| Untracked 
| 132|0x0000000088400000, 0x0000000088500000, 0x0000000088500000|100%| O|  |TAMS 0x0000000088400000, 0x0000000088400000| Untracked 
| 133|0x0000000088500000, 0x0000000088500000, 0x0000000088600000|  0%| F|  |TAMS 0x0000000088500000, 0x0000000088500000| Untracked 
| 134|0x0000000088600000, 0x0000000088700000, 0x0000000088700000|100%| O|  |TAMS 0x0000000088600000, 0x0000000088600000| Untracked 
| 135|0x0000000088700000, 0x0000000088800000, 0x0000000088800000|100%| O|  |TAMS 0x0000000088800000, 0x0000000088700000| Complete 
| 136|0x0000000088800000, 0x0000000088900000, 0x0000000088900000|100%| O|  |TAMS 0x0000000088800000, 0x0000000088800000| Untracked 
| 137|0x0000000088900000, 0x0000000088a00000, 0x0000000088a00000|100%| O|  |TAMS 0x0000000088900000, 0x0000000088900000| Untracked 
| 138|0x0000000088a00000, 0x0000000088b00000, 0x0000000088b00000|100%| O|  |TAMS 0x0000000088b00000, 0x0000000088a00000| Complete 
| 139|0x0000000088b00000, 0x0000000088c00000, 0x0000000088c00000|100%| O|  |TAMS 0x0000000088c00000, 0x0000000088b00000| Complete 
| 140|0x0000000088c00000, 0x0000000088c00000, 0x0000000088d00000|  0%| F|  |TAMS 0x0000000088c00000, 0x0000000088c00000| Untracked 
| 141|0x0000000088d00000, 0x0000000088e00000, 0x0000000088e00000|100%|HS|  |TAMS 0x0000000088e00000, 0x0000000088d00000| Complete 
| 142|0x0000000088e00000, 0x0000000088f00000, 0x0000000088f00000|100%|HC|  |TAMS 0x0000000088f00000, 0x0000000088e00000| Complete 
| 143|0x0000000088f00000, 0x0000000089000000, 0x0000000089000000|100%|HC|  |TAMS 0x0000000089000000, 0x0000000088f00000| Complete 
| 144|0x0000000089000000, 0x0000000089100000, 0x0000000089100000|100%|HC|  |TAMS 0x0000000089100000, 0x0000000089000000| Complete 
| 145|0x0000000089100000, 0x0000000089200000, 0x0000000089200000|100%|HC|  |TAMS 0x0000000089200000, 0x0000000089100000| Complete 
| 146|0x0000000089200000, 0x0000000089300000, 0x0000000089300000|100%| O|  |TAMS 0x0000000089200000, 0x0000000089200000| Untracked 
| 147|0x0000000089300000, 0x0000000089400000, 0x0000000089400000|100%| O|  |TAMS 0x0000000089300000, 0x0000000089300000| Untracked 
| 148|0x0000000089400000, 0x0000000089500000, 0x0000000089500000|100%| O|  |TAMS 0x0000000089400000, 0x0000000089400000| Untracked 
| 149|0x0000000089500000, 0x0000000089600000, 0x0000000089600000|100%| O|  |TAMS 0x0000000089500000, 0x0000000089500000| Untracked 
| 150|0x0000000089600000, 0x0000000089700000, 0x0000000089700000|100%| O|  |TAMS 0x0000000089600000, 0x0000000089600000| Untracked 
| 151|0x0000000089700000, 0x0000000089800000, 0x0000000089800000|100%| O|  |TAMS 0x0000000089700000, 0x0000000089700000| Untracked 
| 152|0x0000000089800000, 0x0000000089900000, 0x0000000089900000|100%| O|  |TAMS 0x0000000089800000, 0x0000000089800000| Untracked 
| 153|0x0000000089900000, 0x0000000089a00000, 0x0000000089a00000|100%| O|  |TAMS 0x0000000089900000, 0x0000000089900000| Untracked 
| 154|0x0000000089a00000, 0x0000000089a80000, 0x0000000089b00000| 50%| O|  |TAMS 0x0000000089a00000, 0x0000000089a00000| Untracked 
| 155|0x0000000089b00000, 0x0000000089b00000, 0x0000000089c00000|  0%| F|  |TAMS 0x0000000089b00000, 0x0000000089b00000| Untracked 
| 156|0x0000000089c00000, 0x0000000089c00000, 0x0000000089d00000|  0%| F|  |TAMS 0x0000000089c00000, 0x0000000089c00000| Untracked 
| 157|0x0000000089d00000, 0x0000000089d00000, 0x0000000089e00000|  0%| F|  |TAMS 0x0000000089d00000, 0x0000000089d00000| Untracked 
| 158|0x0000000089e00000, 0x0000000089e00000, 0x0000000089f00000|  0%| F|  |TAMS 0x0000000089e00000, 0x0000000089e00000| Untracked 
| 159|0x0000000089f00000, 0x0000000089f00000, 0x000000008a000000|  0%| F|  |TAMS 0x0000000089f00000, 0x0000000089f00000| Untracked 
| 160|0x000000008a000000, 0x000000008a000000, 0x000000008a100000|  0%| F|  |TAMS 0x000000008a000000, 0x000000008a000000| Untracked 
| 161|0x000000008a100000, 0x000000008a100000, 0x000000008a200000|  0%| F|  |TAMS 0x000000008a100000, 0x000000008a100000| Untracked 
| 162|0x000000008a200000, 0x000000008a200000, 0x000000008a300000|  0%| F|  |TAMS 0x000000008a200000, 0x000000008a200000| Untracked 
| 163|0x000000008a300000, 0x000000008a300000, 0x000000008a400000|  0%| F|  |TAMS 0x000000008a300000, 0x000000008a300000| Untracked 
| 164|0x000000008a400000, 0x000000008a400000, 0x000000008a500000|  0%| F|  |TAMS 0x000000008a400000, 0x000000008a400000| Untracked 
| 165|0x000000008a500000, 0x000000008a500000, 0x000000008a600000|  0%| F|  |TAMS 0x000000008a500000, 0x000000008a500000| Untracked 
| 166|0x000000008a600000, 0x000000008a600000, 0x000000008a700000|  0%| F|  |TAMS 0x000000008a600000, 0x000000008a600000| Untracked 
| 167|0x000000008a700000, 0x000000008a700000, 0x000000008a800000|  0%| F|  |TAMS 0x000000008a700000, 0x000000008a700000| Untracked 
| 168|0x000000008a800000, 0x000000008a800000, 0x000000008a900000|  0%| F|  |TAMS 0x000000008a800000, 0x000000008a800000| Untracked 
| 169|0x000000008a900000, 0x000000008a900000, 0x000000008aa00000|  0%| F|  |TAMS 0x000000008a900000, 0x000000008a900000| Untracked 
| 170|0x000000008aa00000, 0x000000008aa00000, 0x000000008ab00000|  0%| F|  |TAMS 0x000000008aa00000, 0x000000008aa00000| Untracked 
| 171|0x000000008ab00000, 0x000000008ab00000, 0x000000008ac00000|  0%| F|  |TAMS 0x000000008ab00000, 0x000000008ab00000| Untracked 
| 172|0x000000008ac00000, 0x000000008ac00000, 0x000000008ad00000|  0%| F|  |TAMS 0x000000008ac00000, 0x000000008ac00000| Untracked 
| 173|0x000000008ad00000, 0x000000008ad00000, 0x000000008ae00000|  0%| F|  |TAMS 0x000000008ad00000, 0x000000008ad00000| Untracked 
| 174|0x000000008ae00000, 0x000000008ae00000, 0x000000008af00000|  0%| F|  |TAMS 0x000000008ae00000, 0x000000008ae00000| Untracked 
| 175|0x000000008af00000, 0x000000008af00000, 0x000000008b000000|  0%| F|  |TAMS 0x000000008af00000, 0x000000008af00000| Untracked 
| 176|0x000000008b000000, 0x000000008b000000, 0x000000008b100000|  0%| F|  |TAMS 0x000000008b000000, 0x000000008b000000| Untracked 
| 177|0x000000008b100000, 0x000000008b100000, 0x000000008b200000|  0%| F|  |TAMS 0x000000008b100000, 0x000000008b100000| Untracked 
| 178|0x000000008b200000, 0x000000008b200000, 0x000000008b300000|  0%| F|  |TAMS 0x000000008b200000, 0x000000008b200000| Untracked 
| 179|0x000000008b300000, 0x000000008b300000, 0x000000008b400000|  0%| F|  |TAMS 0x000000008b300000, 0x000000008b300000| Untracked 
| 180|0x000000008b400000, 0x000000008b400000, 0x000000008b500000|  0%| F|  |TAMS 0x000000008b400000, 0x000000008b400000| Untracked 
| 181|0x000000008b500000, 0x000000008b500000, 0x000000008b600000|  0%| F|  |TAMS 0x000000008b500000, 0x000000008b500000| Untracked 
| 182|0x000000008b600000, 0x000000008b600000, 0x000000008b700000|  0%| F|  |TAMS 0x000000008b600000, 0x000000008b600000| Untracked 
| 183|0x000000008b700000, 0x000000008b700000, 0x000000008b800000|  0%| F|  |TAMS 0x000000008b700000, 0x000000008b700000| Untracked 
| 184|0x000000008b800000, 0x000000008b800000, 0x000000008b900000|  0%| F|  |TAMS 0x000000008b800000, 0x000000008b800000| Untracked 
| 185|0x000000008b900000, 0x000000008b900000, 0x000000008ba00000|  0%| F|  |TAMS 0x000000008b900000, 0x000000008b900000| Untracked 
| 186|0x000000008ba00000, 0x000000008ba00000, 0x000000008bb00000|  0%| F|  |TAMS 0x000000008ba00000, 0x000000008ba00000| Untracked 
| 187|0x000000008bb00000, 0x000000008bb00000, 0x000000008bc00000|  0%| F|  |TAMS 0x000000008bb00000, 0x000000008bb00000| Untracked 
| 188|0x000000008bc00000, 0x000000008bc00000, 0x000000008bd00000|  0%| F|  |TAMS 0x000000008bc00000, 0x000000008bc00000| Untracked 
| 189|0x000000008bd00000, 0x000000008bd00000, 0x000000008be00000|  0%| F|  |TAMS 0x000000008bd00000, 0x000000008bd00000| Untracked 
| 190|0x000000008be00000, 0x000000008be00000, 0x000000008bf00000|  0%| F|  |TAMS 0x000000008be00000, 0x000000008be00000| Untracked 
| 191|0x000000008bf00000, 0x000000008bf00000, 0x000000008c000000|  0%| F|  |TAMS 0x000000008bf00000, 0x000000008bf00000| Untracked 
| 192|0x000000008c000000, 0x000000008c000000, 0x000000008c100000|  0%| F|  |TAMS 0x000000008c000000, 0x000000008c000000| Untracked 
| 193|0x000000008c100000, 0x000000008c100000, 0x000000008c200000|  0%| F|  |TAMS 0x000000008c100000, 0x000000008c100000| Untracked 
| 194|0x000000008c200000, 0x000000008c200000, 0x000000008c300000|  0%| F|  |TAMS 0x000000008c200000, 0x000000008c200000| Untracked 
| 195|0x000000008c300000, 0x000000008c300000, 0x000000008c400000|  0%| F|  |TAMS 0x000000008c300000, 0x000000008c300000| Untracked 
| 196|0x000000008c400000, 0x000000008c400000, 0x000000008c500000|  0%| F|  |TAMS 0x000000008c400000, 0x000000008c400000| Untracked 
| 197|0x000000008c500000, 0x000000008c500000, 0x000000008c600000|  0%| F|  |TAMS 0x000000008c500000, 0x000000008c500000| Untracked 
| 198|0x000000008c600000, 0x000000008c600000, 0x000000008c700000|  0%| F|  |TAMS 0x000000008c600000, 0x000000008c600000| Untracked 
| 199|0x000000008c700000, 0x000000008c700000, 0x000000008c800000|  0%| F|  |TAMS 0x000000008c700000, 0x000000008c700000| Untracked 
| 200|0x000000008c800000, 0x000000008c800000, 0x000000008c900000|  0%| F|  |TAMS 0x000000008c800000, 0x000000008c800000| Untracked 
| 201|0x000000008c900000, 0x000000008c900000, 0x000000008ca00000|  0%| F|  |TAMS 0x000000008c900000, 0x000000008c900000| Untracked 
| 202|0x000000008ca00000, 0x000000008ca00000, 0x000000008cb00000|  0%| F|  |TAMS 0x000000008ca00000, 0x000000008ca00000| Untracked 
| 203|0x000000008cb00000, 0x000000008cb00000, 0x000000008cc00000|  0%| F|  |TAMS 0x000000008cb00000, 0x000000008cb00000| Untracked 
| 204|0x000000008cc00000, 0x000000008cc00000, 0x000000008cd00000|  0%| F|  |TAMS 0x000000008cc00000, 0x000000008cc00000| Untracked 
| 205|0x000000008cd00000, 0x000000008cd00000, 0x000000008ce00000|  0%| F|  |TAMS 0x000000008cd00000, 0x000000008cd00000| Untracked 
| 206|0x000000008ce00000, 0x000000008ce00000, 0x000000008cf00000|  0%| F|  |TAMS 0x000000008ce00000, 0x000000008ce00000| Untracked 
| 207|0x000000008cf00000, 0x000000008cf00000, 0x000000008d000000|  0%| F|  |TAMS 0x000000008cf00000, 0x000000008cf00000| Untracked 
| 208|0x000000008d000000, 0x000000008d000000, 0x000000008d100000|  0%| F|  |TAMS 0x000000008d000000, 0x000000008d000000| Untracked 
| 209|0x000000008d100000, 0x000000008d100000, 0x000000008d200000|  0%| F|  |TAMS 0x000000008d100000, 0x000000008d100000| Untracked 
| 210|0x000000008d200000, 0x000000008d200000, 0x000000008d300000|  0%| F|  |TAMS 0x000000008d200000, 0x000000008d200000| Untracked 
| 211|0x000000008d300000, 0x000000008d300000, 0x000000008d400000|  0%| F|  |TAMS 0x000000008d300000, 0x000000008d300000| Untracked 
| 212|0x000000008d400000, 0x000000008d400000, 0x000000008d500000|  0%| F|  |TAMS 0x000000008d400000, 0x000000008d400000| Untracked 
| 213|0x000000008d500000, 0x000000008d500000, 0x000000008d600000|  0%| F|  |TAMS 0x000000008d500000, 0x000000008d500000| Untracked 
| 214|0x000000008d600000, 0x000000008d600000, 0x000000008d700000|  0%| F|  |TAMS 0x000000008d600000, 0x000000008d600000| Untracked 
| 215|0x000000008d700000, 0x000000008d700000, 0x000000008d800000|  0%| F|  |TAMS 0x000000008d700000, 0x000000008d700000| Untracked 
| 216|0x000000008d800000, 0x000000008d800000, 0x000000008d900000|  0%| F|  |TAMS 0x000000008d800000, 0x000000008d800000| Untracked 
| 217|0x000000008d900000, 0x000000008d900000, 0x000000008da00000|  0%| F|  |TAMS 0x000000008d900000, 0x000000008d900000| Untracked 
| 218|0x000000008da00000, 0x000000008da00000, 0x000000008db00000|  0%| F|  |TAMS 0x000000008da00000, 0x000000008da00000| Untracked 
| 219|0x000000008db00000, 0x000000008db00000, 0x000000008dc00000|  0%| F|  |TAMS 0x000000008db00000, 0x000000008db00000| Untracked 
| 220|0x000000008dc00000, 0x000000008dc00000, 0x000000008dd00000|  0%| F|  |TAMS 0x000000008dc00000, 0x000000008dc00000| Untracked 
| 221|0x000000008dd00000, 0x000000008dd00000, 0x000000008de00000|  0%| F|  |TAMS 0x000000008dd00000, 0x000000008dd00000| Untracked 
| 222|0x000000008de00000, 0x000000008de00000, 0x000000008df00000|  0%| F|  |TAMS 0x000000008de00000, 0x000000008de00000| Untracked 
| 223|0x000000008df00000, 0x000000008df00000, 0x000000008e000000|  0%| F|  |TAMS 0x000000008df00000, 0x000000008df00000| Untracked 
| 224|0x000000008e000000, 0x000000008e000000, 0x000000008e100000|  0%| F|  |TAMS 0x000000008e000000, 0x000000008e000000| Untracked 
| 225|0x000000008e100000, 0x000000008e100000, 0x000000008e200000|  0%| F|  |TAMS 0x000000008e100000, 0x000000008e100000| Untracked 
| 226|0x000000008e200000, 0x000000008e200000, 0x000000008e300000|  0%| F|  |TAMS 0x000000008e200000, 0x000000008e200000| Untracked 
| 227|0x000000008e300000, 0x000000008e300000, 0x000000008e400000|  0%| F|  |TAMS 0x000000008e300000, 0x000000008e300000| Untracked 
| 228|0x000000008e400000, 0x000000008e400000, 0x000000008e500000|  0%| F|  |TAMS 0x000000008e400000, 0x000000008e400000| Untracked 
| 229|0x000000008e500000, 0x000000008e500000, 0x000000008e600000|  0%| F|  |TAMS 0x000000008e500000, 0x000000008e500000| Untracked 
| 230|0x000000008e600000, 0x000000008e600000, 0x000000008e700000|  0%| F|  |TAMS 0x000000008e600000, 0x000000008e600000| Untracked 
| 231|0x000000008e700000, 0x000000008e700000, 0x000000008e800000|  0%| F|  |TAMS 0x000000008e700000, 0x000000008e700000| Untracked 
| 232|0x000000008e800000, 0x000000008e800000, 0x000000008e900000|  0%| F|  |TAMS 0x000000008e800000, 0x000000008e800000| Untracked 
| 233|0x000000008e900000, 0x000000008e900000, 0x000000008ea00000|  0%| F|  |TAMS 0x000000008e900000, 0x000000008e900000| Untracked 
| 234|0x000000008ea00000, 0x000000008ea00000, 0x000000008eb00000|  0%| F|  |TAMS 0x000000008ea00000, 0x000000008ea00000| Untracked 
| 235|0x000000008eb00000, 0x000000008eb00000, 0x000000008ec00000|  0%| F|  |TAMS 0x000000008eb00000, 0x000000008eb00000| Untracked 
| 236|0x000000008ec00000, 0x000000008ec00000, 0x000000008ed00000|  0%| F|  |TAMS 0x000000008ec00000, 0x000000008ec00000| Untracked 
| 237|0x000000008ed00000, 0x000000008ed00000, 0x000000008ee00000|  0%| F|  |TAMS 0x000000008ed00000, 0x000000008ed00000| Untracked 
| 238|0x000000008ee00000, 0x000000008ee00000, 0x000000008ef00000|  0%| F|  |TAMS 0x000000008ee00000, 0x000000008ee00000| Untracked 
| 239|0x000000008ef00000, 0x000000008ef00000, 0x000000008f000000|  0%| F|  |TAMS 0x000000008ef00000, 0x000000008ef00000| Untracked 
| 240|0x000000008f000000, 0x000000008f000000, 0x000000008f100000|  0%| F|  |TAMS 0x000000008f000000, 0x000000008f000000| Untracked 
| 241|0x000000008f100000, 0x000000008f100000, 0x000000008f200000|  0%| F|  |TAMS 0x000000008f100000, 0x000000008f100000| Untracked 
| 242|0x000000008f200000, 0x000000008f200000, 0x000000008f300000|  0%| F|  |TAMS 0x000000008f200000, 0x000000008f200000| Untracked 
| 243|0x000000008f300000, 0x000000008f300000, 0x000000008f400000|  0%| F|  |TAMS 0x000000008f300000, 0x000000008f300000| Untracked 
| 244|0x000000008f400000, 0x000000008f400000, 0x000000008f500000|  0%| F|  |TAMS 0x000000008f400000, 0x000000008f400000| Untracked 
| 245|0x000000008f500000, 0x000000008f500000, 0x000000008f600000|  0%| F|  |TAMS 0x000000008f500000, 0x000000008f500000| Untracked 
| 246|0x000000008f600000, 0x000000008f600000, 0x000000008f700000|  0%| F|  |TAMS 0x000000008f600000, 0x000000008f600000| Untracked 
| 247|0x000000008f700000, 0x000000008f700000, 0x000000008f800000|  0%| F|  |TAMS 0x000000008f700000, 0x000000008f700000| Untracked 
| 248|0x000000008f800000, 0x000000008f800000, 0x000000008f900000|  0%| F|  |TAMS 0x000000008f800000, 0x000000008f800000| Untracked 
| 249|0x000000008f900000, 0x000000008f900000, 0x000000008fa00000|  0%| F|  |TAMS 0x000000008f900000, 0x000000008f900000| Untracked 
| 250|0x000000008fa00000, 0x000000008fa00000, 0x000000008fb00000|  0%| F|  |TAMS 0x000000008fa00000, 0x000000008fa00000| Untracked 
| 251|0x000000008fb00000, 0x000000008fb00000, 0x000000008fc00000|  0%| F|  |TAMS 0x000000008fb00000, 0x000000008fb00000| Untracked 
| 252|0x000000008fc00000, 0x000000008fc00000, 0x000000008fd00000|  0%| F|  |TAMS 0x000000008fc00000, 0x000000008fc00000| Untracked 
| 253|0x000000008fd00000, 0x000000008fd00000, 0x000000008fe00000|  0%| F|  |TAMS 0x000000008fd00000, 0x000000008fd00000| Untracked 
| 254|0x000000008fe00000, 0x000000008fe00000, 0x000000008ff00000|  0%| F|  |TAMS 0x000000008fe00000, 0x000000008fe00000| Untracked 
| 255|0x000000008ff00000, 0x000000008ff00000, 0x0000000090000000|  0%| F|  |TAMS 0x000000008ff00000, 0x000000008ff00000| Untracked 
| 256|0x0000000090000000, 0x0000000090000000, 0x0000000090100000|  0%| F|  |TAMS 0x0000000090000000, 0x0000000090000000| Untracked 
| 257|0x0000000090100000, 0x0000000090100000, 0x0000000090200000|  0%| F|  |TAMS 0x0000000090100000, 0x0000000090100000| Untracked 
| 258|0x0000000090200000, 0x0000000090200000, 0x0000000090300000|  0%| F|  |TAMS 0x0000000090200000, 0x0000000090200000| Untracked 
| 259|0x0000000090300000, 0x0000000090300000, 0x0000000090400000|  0%| F|  |TAMS 0x0000000090300000, 0x0000000090300000| Untracked 
| 260|0x0000000090400000, 0x0000000090400000, 0x0000000090500000|  0%| F|  |TAMS 0x0000000090400000, 0x0000000090400000| Untracked 
| 261|0x0000000090500000, 0x0000000090500000, 0x0000000090600000|  0%| F|  |TAMS 0x0000000090500000, 0x0000000090500000| Untracked 
| 262|0x0000000090600000, 0x0000000090600000, 0x0000000090700000|  0%| F|  |TAMS 0x0000000090600000, 0x0000000090600000| Untracked 
| 263|0x0000000090700000, 0x0000000090700000, 0x0000000090800000|  0%| F|  |TAMS 0x0000000090700000, 0x0000000090700000| Untracked 
| 264|0x0000000090800000, 0x0000000090800000, 0x0000000090900000|  0%| F|  |TAMS 0x0000000090800000, 0x0000000090800000| Untracked 
| 265|0x0000000090900000, 0x0000000090900000, 0x0000000090a00000|  0%| F|  |TAMS 0x0000000090900000, 0x0000000090900000| Untracked 
| 266|0x0000000090a00000, 0x0000000090a00000, 0x0000000090b00000|  0%| F|  |TAMS 0x0000000090a00000, 0x0000000090a00000| Untracked 
| 267|0x0000000090b00000, 0x0000000090b00000, 0x0000000090c00000|  0%| F|  |TAMS 0x0000000090b00000, 0x0000000090b00000| Untracked 
| 268|0x0000000090c00000, 0x0000000090c00000, 0x0000000090d00000|  0%| F|  |TAMS 0x0000000090c00000, 0x0000000090c00000| Untracked 
| 269|0x0000000090d00000, 0x0000000090d00000, 0x0000000090e00000|  0%| F|  |TAMS 0x0000000090d00000, 0x0000000090d00000| Untracked 
| 270|0x0000000090e00000, 0x0000000090e00000, 0x0000000090f00000|  0%| F|  |TAMS 0x0000000090e00000, 0x0000000090e00000| Untracked 
| 271|0x0000000090f00000, 0x0000000090f00000, 0x0000000091000000|  0%| F|  |TAMS 0x0000000090f00000, 0x0000000090f00000| Untracked 
| 272|0x0000000091000000, 0x0000000091000000, 0x0000000091100000|  0%| F|  |TAMS 0x0000000091000000, 0x0000000091000000| Untracked 
| 273|0x0000000091100000, 0x0000000091100000, 0x0000000091200000|  0%| F|  |TAMS 0x0000000091100000, 0x0000000091100000| Untracked 
| 274|0x0000000091200000, 0x0000000091200000, 0x0000000091300000|  0%| F|  |TAMS 0x0000000091200000, 0x0000000091200000| Untracked 
| 275|0x0000000091300000, 0x0000000091300000, 0x0000000091400000|  0%| F|  |TAMS 0x0000000091300000, 0x0000000091300000| Untracked 
| 276|0x0000000091400000, 0x0000000091400000, 0x0000000091500000|  0%| F|  |TAMS 0x0000000091400000, 0x0000000091400000| Untracked 
| 277|0x0000000091500000, 0x0000000091500000, 0x0000000091600000|  0%| F|  |TAMS 0x0000000091500000, 0x0000000091500000| Untracked 
| 278|0x0000000091600000, 0x0000000091600000, 0x0000000091700000|  0%| F|  |TAMS 0x0000000091600000, 0x0000000091600000| Untracked 
| 279|0x0000000091700000, 0x0000000091700000, 0x0000000091800000|  0%| F|  |TAMS 0x0000000091700000, 0x0000000091700000| Untracked 
| 280|0x0000000091800000, 0x0000000091800000, 0x0000000091900000|  0%| F|  |TAMS 0x0000000091800000, 0x0000000091800000| Untracked 
| 281|0x0000000091900000, 0x0000000091900000, 0x0000000091a00000|  0%| F|  |TAMS 0x0000000091900000, 0x0000000091900000| Untracked 
| 282|0x0000000091a00000, 0x0000000091a00000, 0x0000000091b00000|  0%| F|  |TAMS 0x0000000091a00000, 0x0000000091a00000| Untracked 
| 283|0x0000000091b00000, 0x0000000091b00000, 0x0000000091c00000|  0%| F|  |TAMS 0x0000000091b00000, 0x0000000091b00000| Untracked 
| 284|0x0000000091c00000, 0x0000000091c00000, 0x0000000091d00000|  0%| F|  |TAMS 0x0000000091c00000, 0x0000000091c00000| Untracked 
| 285|0x0000000091d00000, 0x0000000091d00000, 0x0000000091e00000|  0%| F|  |TAMS 0x0000000091d00000, 0x0000000091d00000| Untracked 
| 286|0x0000000091e00000, 0x0000000091e00000, 0x0000000091f00000|  0%| F|  |TAMS 0x0000000091e00000, 0x0000000091e00000| Untracked 
| 287|0x0000000091f00000, 0x0000000091f00000, 0x0000000092000000|  0%| F|  |TAMS 0x0000000091f00000, 0x0000000091f00000| Untracked 
| 288|0x0000000092000000, 0x0000000092000000, 0x0000000092100000|  0%| F|  |TAMS 0x0000000092000000, 0x0000000092000000| Untracked 
| 289|0x0000000092100000, 0x0000000092100000, 0x0000000092200000|  0%| F|  |TAMS 0x0000000092100000, 0x0000000092100000| Untracked 
| 290|0x0000000092200000, 0x0000000092200000, 0x0000000092300000|  0%| F|  |TAMS 0x0000000092200000, 0x0000000092200000| Untracked 
| 291|0x0000000092300000, 0x0000000092300000, 0x0000000092400000|  0%| F|  |TAMS 0x0000000092300000, 0x0000000092300000| Untracked 
| 292|0x0000000092400000, 0x0000000092400000, 0x0000000092500000|  0%| F|  |TAMS 0x0000000092400000, 0x0000000092400000| Untracked 
| 293|0x0000000092500000, 0x0000000092500000, 0x0000000092600000|  0%| F|  |TAMS 0x0000000092500000, 0x0000000092500000| Untracked 
| 294|0x0000000092600000, 0x0000000092600000, 0x0000000092700000|  0%| F|  |TAMS 0x0000000092600000, 0x0000000092600000| Untracked 
| 295|0x0000000092700000, 0x0000000092700000, 0x0000000092800000|  0%| F|  |TAMS 0x0000000092700000, 0x0000000092700000| Untracked 
| 296|0x0000000092800000, 0x0000000092800000, 0x0000000092900000|  0%| F|  |TAMS 0x0000000092800000, 0x0000000092800000| Untracked 
| 297|0x0000000092900000, 0x0000000092900000, 0x0000000092a00000|  0%| F|  |TAMS 0x0000000092900000, 0x0000000092900000| Untracked 
| 298|0x0000000092a00000, 0x0000000092a00000, 0x0000000092b00000|  0%| F|  |TAMS 0x0000000092a00000, 0x0000000092a00000| Untracked 
| 299|0x0000000092b00000, 0x0000000092b00000, 0x0000000092c00000|  0%| F|  |TAMS 0x0000000092b00000, 0x0000000092b00000| Untracked 
| 300|0x0000000092c00000, 0x0000000092c00000, 0x0000000092d00000|  0%| F|  |TAMS 0x0000000092c00000, 0x0000000092c00000| Untracked 
| 301|0x0000000092d00000, 0x0000000092d00000, 0x0000000092e00000|  0%| F|  |TAMS 0x0000000092d00000, 0x0000000092d00000| Untracked 
| 302|0x0000000092e00000, 0x0000000092e00000, 0x0000000092f00000|  0%| F|  |TAMS 0x0000000092e00000, 0x0000000092e00000| Untracked 
| 303|0x0000000092f00000, 0x0000000092f00000, 0x0000000093000000|  0%| F|  |TAMS 0x0000000092f00000, 0x0000000092f00000| Untracked 
| 304|0x0000000093000000, 0x0000000093000000, 0x0000000093100000|  0%| F|  |TAMS 0x0000000093000000, 0x0000000093000000| Untracked 
| 305|0x0000000093100000, 0x0000000093100000, 0x0000000093200000|  0%| F|  |TAMS 0x0000000093100000, 0x0000000093100000| Untracked 
| 306|0x0000000093200000, 0x0000000093200000, 0x0000000093300000|  0%| F|  |TAMS 0x0000000093200000, 0x0000000093200000| Untracked 
| 307|0x0000000093300000, 0x0000000093300000, 0x0000000093400000|  0%| F|  |TAMS 0x0000000093300000, 0x0000000093300000| Untracked 
| 308|0x0000000093400000, 0x0000000093400000, 0x0000000093500000|  0%| F|  |TAMS 0x0000000093400000, 0x0000000093400000| Untracked 
| 309|0x0000000093500000, 0x0000000093500000, 0x0000000093600000|  0%| F|  |TAMS 0x0000000093500000, 0x0000000093500000| Untracked 
| 310|0x0000000093600000, 0x0000000093600000, 0x0000000093700000|  0%| F|  |TAMS 0x0000000093600000, 0x0000000093600000| Untracked 
| 311|0x0000000093700000, 0x0000000093700000, 0x0000000093800000|  0%| F|  |TAMS 0x0000000093700000, 0x0000000093700000| Untracked 
| 312|0x0000000093800000, 0x0000000093800000, 0x0000000093900000|  0%| F|  |TAMS 0x0000000093800000, 0x0000000093800000| Untracked 
| 313|0x0000000093900000, 0x0000000093900000, 0x0000000093a00000|  0%| F|  |TAMS 0x0000000093900000, 0x0000000093900000| Untracked 
| 314|0x0000000093a00000, 0x0000000093a00000, 0x0000000093b00000|  0%| F|  |TAMS 0x0000000093a00000, 0x0000000093a00000| Untracked 
| 315|0x0000000093b00000, 0x0000000093b00000, 0x0000000093c00000|  0%| F|  |TAMS 0x0000000093b00000, 0x0000000093b00000| Untracked 
| 316|0x0000000093c00000, 0x0000000093c00000, 0x0000000093d00000|  0%| F|  |TAMS 0x0000000093c00000, 0x0000000093c00000| Untracked 
| 317|0x0000000093d00000, 0x0000000093d00000, 0x0000000093e00000|  0%| F|  |TAMS 0x0000000093d00000, 0x0000000093d00000| Untracked 
| 318|0x0000000093e00000, 0x0000000093e00000, 0x0000000093f00000|  0%| F|  |TAMS 0x0000000093e00000, 0x0000000093e00000| Untracked 
| 319|0x0000000093f00000, 0x0000000093f00000, 0x0000000094000000|  0%| F|  |TAMS 0x0000000093f00000, 0x0000000093f00000| Untracked 
| 320|0x0000000094000000, 0x0000000094000000, 0x0000000094100000|  0%| F|  |TAMS 0x0000000094000000, 0x0000000094000000| Untracked 
| 321|0x0000000094100000, 0x0000000094100000, 0x0000000094200000|  0%| F|  |TAMS 0x0000000094100000, 0x0000000094100000| Untracked 
| 322|0x0000000094200000, 0x0000000094200000, 0x0000000094300000|  0%| F|  |TAMS 0x0000000094200000, 0x0000000094200000| Untracked 
| 323|0x0000000094300000, 0x0000000094300000, 0x0000000094400000|  0%| F|  |TAMS 0x0000000094300000, 0x0000000094300000| Untracked 
| 324|0x0000000094400000, 0x0000000094400000, 0x0000000094500000|  0%| F|  |TAMS 0x0000000094400000, 0x0000000094400000| Untracked 
| 325|0x0000000094500000, 0x0000000094500000, 0x0000000094600000|  0%| F|  |TAMS 0x0000000094500000, 0x0000000094500000| Untracked 
| 326|0x0000000094600000, 0x0000000094600000, 0x0000000094700000|  0%| F|  |TAMS 0x0000000094600000, 0x0000000094600000| Untracked 
| 327|0x0000000094700000, 0x0000000094700000, 0x0000000094800000|  0%| F|  |TAMS 0x0000000094700000, 0x0000000094700000| Untracked 
| 328|0x0000000094800000, 0x0000000094800000, 0x0000000094900000|  0%| F|  |TAMS 0x0000000094800000, 0x0000000094800000| Untracked 
| 329|0x0000000094900000, 0x0000000094900000, 0x0000000094a00000|  0%| F|  |TAMS 0x0000000094900000, 0x0000000094900000| Untracked 
| 330|0x0000000094a00000, 0x0000000094a00000, 0x0000000094b00000|  0%| F|  |TAMS 0x0000000094a00000, 0x0000000094a00000| Untracked 
| 331|0x0000000094b00000, 0x0000000094b00000, 0x0000000094c00000|  0%| F|  |TAMS 0x0000000094b00000, 0x0000000094b00000| Untracked 
| 332|0x0000000094c00000, 0x0000000094c00000, 0x0000000094d00000|  0%| F|  |TAMS 0x0000000094c00000, 0x0000000094c00000| Untracked 
| 333|0x0000000094d00000, 0x0000000094d00000, 0x0000000094e00000|  0%| F|  |TAMS 0x0000000094d00000, 0x0000000094d00000| Untracked 
| 334|0x0000000094e00000, 0x0000000094e00000, 0x0000000094f00000|  0%| F|  |TAMS 0x0000000094e00000, 0x0000000094e00000| Untracked 
| 335|0x0000000094f00000, 0x0000000094f00000, 0x0000000095000000|  0%| F|  |TAMS 0x0000000094f00000, 0x0000000094f00000| Untracked 
| 336|0x0000000095000000, 0x0000000095000000, 0x0000000095100000|  0%| F|  |TAMS 0x0000000095000000, 0x0000000095000000| Untracked 
| 337|0x0000000095100000, 0x0000000095100000, 0x0000000095200000|  0%| F|  |TAMS 0x0000000095100000, 0x0000000095100000| Untracked 
| 338|0x0000000095200000, 0x0000000095200000, 0x0000000095300000|  0%| F|  |TAMS 0x0000000095200000, 0x0000000095200000| Untracked 
| 339|0x0000000095300000, 0x0000000095400000, 0x0000000095400000|100%| S|CS|TAMS 0x0000000095300000, 0x0000000095300000| Complete 
| 340|0x0000000095400000, 0x0000000095500000, 0x0000000095500000|100%| S|CS|TAMS 0x0000000095400000, 0x0000000095400000| Complete 
| 341|0x0000000095500000, 0x0000000095500000, 0x0000000095600000|  0%| F|  |TAMS 0x0000000095500000, 0x0000000095500000| Untracked 
| 342|0x0000000095600000, 0x0000000095600000, 0x0000000095700000|  0%| F|  |TAMS 0x0000000095600000, 0x0000000095600000| Untracked 
| 343|0x0000000095700000, 0x0000000095700000, 0x0000000095800000|  0%| F|  |TAMS 0x0000000095700000, 0x0000000095700000| Untracked 
| 344|0x0000000095800000, 0x0000000095900000, 0x0000000095900000|100%| S|CS|TAMS 0x0000000095800000, 0x0000000095800000| Complete 
| 345|0x0000000095900000, 0x0000000095900000, 0x0000000095a00000|  0%| F|  |TAMS 0x0000000095900000, 0x0000000095900000| Untracked 
| 346|0x0000000095a00000, 0x0000000095a00000, 0x0000000095b00000|  0%| F|  |TAMS 0x0000000095a00000, 0x0000000095a00000| Untracked 
| 347|0x0000000095b00000, 0x0000000095b00000, 0x0000000095c00000|  0%| F|  |TAMS 0x0000000095b00000, 0x0000000095b00000| Untracked 
| 348|0x0000000095c00000, 0x0000000095c00000, 0x0000000095d00000|  0%| F|  |TAMS 0x0000000095c00000, 0x0000000095c00000| Untracked 
| 349|0x0000000095d00000, 0x0000000095d00000, 0x0000000095e00000|  0%| F|  |TAMS 0x0000000095d00000, 0x0000000095d00000| Untracked 
| 350|0x0000000095e00000, 0x0000000095e00000, 0x0000000095f00000|  0%| F|  |TAMS 0x0000000095e00000, 0x0000000095e00000| Untracked 
| 351|0x0000000095f00000, 0x0000000095f00000, 0x0000000096000000|  0%| F|  |TAMS 0x0000000095f00000, 0x0000000095f00000| Untracked 
| 352|0x0000000096000000, 0x0000000096000000, 0x0000000096100000|  0%| F|  |TAMS 0x0000000096000000, 0x0000000096000000| Untracked 
| 353|0x0000000096100000, 0x0000000096100000, 0x0000000096200000|  0%| F|  |TAMS 0x0000000096100000, 0x0000000096100000| Untracked 
| 354|0x0000000096200000, 0x0000000096200000, 0x0000000096300000|  0%| F|  |TAMS 0x0000000096200000, 0x0000000096200000| Untracked 
| 355|0x0000000096300000, 0x0000000096300000, 0x0000000096400000|  0%| F|  |TAMS 0x0000000096300000, 0x0000000096300000| Untracked 
| 356|0x0000000096400000, 0x0000000096400000, 0x0000000096500000|  0%| F|  |TAMS 0x0000000096400000, 0x0000000096400000| Untracked 
| 357|0x0000000096500000, 0x0000000096500000, 0x0000000096600000|  0%| F|  |TAMS 0x0000000096500000, 0x0000000096500000| Untracked 
| 358|0x0000000096600000, 0x0000000096600000, 0x0000000096700000|  0%| F|  |TAMS 0x0000000096600000, 0x0000000096600000| Untracked 

Card table byte_map: [0x00000222c8f20000,0x00000222c9320000] _byte_map_base: 0x00000222c8b20000

Marking Bits (Prev, Next): (CMBitMap*) 0x00000222b61e8e20, (CMBitMap*) 0x00000222b61e8de8
 Prev Bits: [0x00000222cb720000, 0x00000222cd720000)
 Next Bits: [0x00000222c9720000, 0x00000222cb720000)

Polling page: 0x00000222b5980000

Metaspace:

Usage:
  Non-class:     90.05 MB capacity,    88.43 MB ( 98%) used,     1.36 MB (  2%) free+waste,   262.88 KB ( <1%) overhead. 
      Class:     12.97 MB capacity,    12.17 MB ( 94%) used,   704.94 KB (  5%) free+waste,   113.44 KB ( <1%) overhead. 
       Both:    103.02 MB capacity,   100.60 MB ( 98%) used,     2.05 MB (  2%) free+waste,   376.31 KB ( <1%) overhead. 

Virtual space:
  Non-class space:       92.00 MB reserved,      90.25 MB ( 98%) committed 
      Class space:        1.00 GB reserved,      13.00 MB (  1%) committed 
             Both:        1.09 GB reserved,     103.25 MB (  9%) committed 

Chunk freelists:
   Non-Class:  13.00 KB
       Class:  0 bytes
        Both:  13.00 KB

MaxMetaspaceSize: 17179869184.00 GB
CompressedClassSpaceSize: 1.00 GB

CodeHeap 'non-profiled nmethods': size=120064Kb used=10547Kb max_used=10547Kb free=109516Kb
 bounds [0x00000222c15e0000, 0x00000222c2030000, 0x00000222c8b20000]
CodeHeap 'profiled nmethods': size=120000Kb used=37404Kb max_used=37404Kb free=82595Kb
 bounds [0x00000222ba0b0000, 0x00000222bc550000, 0x00000222c15e0000]
CodeHeap 'non-nmethods': size=5696Kb used=2290Kb max_used=2339Kb free=3405Kb
 bounds [0x00000222b9b20000, 0x00000222b9d90000, 0x00000222ba0b0000]
 total_blobs=17787 nmethods=16877 adapters=821
 compilation: enabled
              stopped_count=0, restarted_count=0
 full_count=0

Compilation events (20 events):
Event: 576.379 Thread 0x00000222d016b800 18009 %     3       com.android.tools.r8.dex.DexParser$AttributesAndAnnotations::<init> @ 36 (551 bytes)
Event: 576.385 Thread 0x00000222d016b800 nmethod 18009% 0x00000222bc537390 code [0x00000222bc5378a0, 0x00000222bc53a7d8]
Event: 576.386 Thread 0x00000222d016b800 18010       3       com.android.tools.r8.dex.DexParser$AttributesAndAnnotations::<init> (551 bytes)
Event: 576.391 Thread 0x00000222d016b800 nmethod 18010 0x00000222bc53b690 code [0x00000222bc53bb80, 0x00000222bc53e878]
Event: 576.478 Thread 0x00000222d016b800 18014       2       java.lang.Float::compare (46 bytes)
Event: 576.479 Thread 0x00000222d016b800 nmethod 18014 0x00000222bc53f610 code [0x00000222bc53f7c0, 0x00000222bc53f9f8]
Event: 576.503 Thread 0x00000222d016b800 18015       2       com.android.tools.r8.graph.DexValue$DexValueBoolean::create (14 bytes)
Event: 576.503 Thread 0x00000222d016b800 nmethod 18015 0x00000222bc53fa90 code [0x00000222bc53fc40, 0x00000222bc53fd38]
Event: 576.517 Thread 0x00000222d016b800 18016       2       com.android.tools.r8.utils.EncodedValueUtils::parseFloat (19 bytes)
Event: 576.518 Thread 0x00000222d016b800 nmethod 18016 0x00000222bc53fe10 code [0x00000222bc53ffc0, 0x00000222bc5400e8]
Event: 576.518 Thread 0x00000222d016b800 18017       2       com.android.tools.r8.graph.DexValue$DexValueFloat::create (28 bytes)
Event: 576.519 Thread 0x00000222d016b800 nmethod 18017 0x00000222bc540190 code [0x00000222bc540340, 0x00000222bc5404e8]
Event: 576.523 Thread 0x00000222cf8ff000 nmethod 17968 0x00000222c2026a10 code [0x00000222c2026de0, 0x00000222c2029d98]
Event: 576.524 Thread 0x00000222cf8ff000 18007       4       com.android.tools.r8.graph.DexMethod::slowCompareTo (48 bytes)
Event: 576.656 Thread 0x00000222cf8ff000 nmethod 18007 0x00000222c202bc10 code [0x00000222c202be20, 0x00000222c202d118]
Event: 576.657 Thread 0x00000222cf8ff000 18018       4       com.android.tools.r8.graph.DexProgramClass::asProgramClass (2 bytes)
Event: 576.657 Thread 0x00000222cf8ff000 nmethod 18018 0x00000222c202da90 code [0x00000222c202dc20, 0x00000222c202dc78]
Event: 576.658 Thread 0x00000222cf8ff000 17963       4       com.android.tools.r8.graph.OffsetToObjectMapping::setField (31 bytes)
Event: 576.662 Thread 0x00000222cf8ff000 nmethod 17963 0x00000222c202dd10 code [0x00000222c202dea0, 0x00000222c202e018]
Event: 576.662 Thread 0x00000222cf8ff000 17981       4       com.android.tools.r8.it.unimi.dsi.fastutil.ints.Int2ObjectOpenHashMap::put (34 bytes)

GC Heap History (20 events):
Event: 567.723 GC heap after
{Heap after GC invocations=97 (full 0):
 garbage-first heap   total 306176K, used 127587K [0x0000000080000000, 0x0000000100000000)
  region size 1024K, 1 young (1024K), 1 survivors (1024K)
 Metaspace       used 102400K, capacity 104780K, committed 104960K, reserved 1140736K
  class space    used 12446K, capacity 13242K, committed 13312K, reserved 1048576K
}
Event: 567.830 GC heap before
{Heap before GC invocations=97 (full 0):
 garbage-first heap   total 306176K, used 142947K [0x0000000080000000, 0x0000000100000000)
  region size 1024K, 17 young (17408K), 1 survivors (1024K)
 Metaspace       used 102402K, capacity 104783K, committed 104960K, reserved 1140736K
  class space    used 12446K, capacity 13243K, committed 13312K, reserved 1048576K
}
Event: 567.857 GC heap after
{Heap after GC invocations=98 (full 0):
 garbage-first heap   total 367616K, used 128166K [0x0000000080000000, 0x0000000100000000)
  region size 1024K, 2 young (2048K), 2 survivors (2048K)
 Metaspace       used 102402K, capacity 104783K, committed 104960K, reserved 1140736K
  class space    used 12446K, capacity 13243K, committed 13312K, reserved 1048576K
}
Event: 570.870 GC heap before
{Heap before GC invocations=99 (full 0):
 garbage-first heap   total 367616K, used 161958K [0x0000000080000000, 0x0000000100000000)
  region size 1024K, 41 young (41984K), 2 survivors (2048K)
 Metaspace       used 102878K, capacity 105361K, committed 105472K, reserved 1140736K
  class space    used 12461K, capacity 13281K, committed 13312K, reserved 1048576K
}
Event: 570.917 GC heap after
{Heap after GC invocations=100 (full 0):
 garbage-first heap   total 367616K, used 129016K [0x0000000080000000, 0x0000000100000000)
  region size 1024K, 6 young (6144K), 6 survivors (6144K)
 Metaspace       used 102878K, capacity 105361K, committed 105472K, reserved 1140736K
  class space    used 12461K, capacity 13281K, committed 13312K, reserved 1048576K
}
Event: 571.390 GC heap before
{Heap before GC invocations=100 (full 0):
 garbage-first heap   total 367616K, used 139256K [0x0000000080000000, 0x0000000100000000)
  region size 1024K, 17 young (17408K), 6 survivors (6144K)
 Metaspace       used 102985K, capacity 105428K, committed 105472K, reserved 1140736K
  class space    used 12461K, capacity 13281K, committed 13312K, reserved 1048576K
}
Event: 571.425 GC heap after
{Heap after GC invocations=101 (full 0):
 garbage-first heap   total 367616K, used 129003K [0x0000000080000000, 0x0000000100000000)
  region size 1024K, 2 young (2048K), 2 survivors (2048K)
 Metaspace       used 102985K, capacity 105428K, committed 105472K, reserved 1140736K
  class space    used 12461K, capacity 13281K, committed 13312K, reserved 1048576K
}
Event: 573.586 GC heap before
{Heap before GC invocations=101 (full 0):
 garbage-first heap   total 367616K, used 147435K [0x0000000080000000, 0x0000000100000000)
  region size 1024K, 22 young (22528K), 2 survivors (2048K)
 Metaspace       used 103011K, capacity 105492K, committed 105728K, reserved 1142784K
  class space    used 12462K, capacity 13281K, committed 13312K, reserved 1048576K
}
Event: 573.599 GC heap after
{Heap after GC invocations=102 (full 0):
 garbage-first heap   total 367616K, used 127095K [0x0000000080000000, 0x0000000100000000)
  region size 1024K, 2 young (2048K), 2 survivors (2048K)
 Metaspace       used 103011K, capacity 105492K, committed 105728K, reserved 1142784K
  class space    used 12462K, capacity 13281K, committed 13312K, reserved 1048576K
}
Event: 574.383 GC heap before
{Heap before GC invocations=103 (full 0):
 garbage-first heap   total 367616K, used 144503K [0x0000000080000000, 0x0000000100000000)
  region size 1024K, 17 young (17408K), 2 survivors (2048K)
 Metaspace       used 103012K, capacity 105492K, committed 105728K, reserved 1142784K
  class space    used 12462K, capacity 13281K, committed 13312K, reserved 1048576K
}
Event: 574.412 GC heap after
{Heap after GC invocations=104 (full 0):
 garbage-first heap   total 367616K, used 129737K [0x0000000080000000, 0x0000000100000000)
  region size 1024K, 3 young (3072K), 3 survivors (3072K)
 Metaspace       used 103012K, capacity 105492K, committed 105728K, reserved 1142784K
  class space    used 12462K, capacity 13281K, committed 13312K, reserved 1048576K
}
Event: 574.499 GC heap before
{Heap before GC invocations=104 (full 0):
 garbage-first heap   total 367616K, used 143049K [0x0000000080000000, 0x0000000100000000)
  region size 1024K, 17 young (17408K), 3 survivors (3072K)
 Metaspace       used 103012K, capacity 105492K, committed 105728K, reserved 1142784K
  class space    used 12462K, capacity 13281K, committed 13312K, reserved 1048576K
}
Event: 574.570 GC heap after
{Heap after GC invocations=105 (full 0):
 garbage-first heap   total 367616K, used 127425K [0x0000000080000000, 0x0000000100000000)
  region size 1024K, 3 young (3072K), 3 survivors (3072K)
 Metaspace       used 103012K, capacity 105492K, committed 105728K, reserved 1142784K
  class space    used 12462K, capacity 13281K, committed 13312K, reserved 1048576K
}
Event: 574.735 GC heap before
{Heap before GC invocations=105 (full 0):
 garbage-first heap   total 367616K, used 140737K [0x0000000080000000, 0x0000000100000000)
  region size 1024K, 17 young (17408K), 3 survivors (3072K)
 Metaspace       used 103013K, capacity 105492K, committed 105728K, reserved 1142784K
  class space    used 12462K, capacity 13281K, committed 13312K, reserved 1048576K
}
Event: 574.819 GC heap after
{Heap after GC invocations=106 (full 0):
 garbage-first heap   total 367616K, used 132608K [0x0000000080000000, 0x0000000100000000)
  region size 1024K, 3 young (3072K), 3 survivors (3072K)
 Metaspace       used 103013K, capacity 105492K, committed 105728K, reserved 1142784K
  class space    used 12462K, capacity 13281K, committed 13312K, reserved 1048576K
}
Event: 575.113 GC heap before
{Heap before GC invocations=106 (full 0):
 garbage-first heap   total 367616K, used 146944K [0x0000000080000000, 0x0000000100000000)
  region size 1024K, 17 young (17408K), 3 survivors (3072K)
 Metaspace       used 103014K, capacity 105492K, committed 105728K, reserved 1142784K
  class space    used 12462K, capacity 13281K, committed 13312K, reserved 1048576K
}
Event: 575.221 GC heap after
{Heap after GC invocations=107 (full 0):
 garbage-first heap   total 367616K, used 141312K [0x0000000080000000, 0x0000000100000000)
  region size 1024K, 3 young (3072K), 3 survivors (3072K)
 Metaspace       used 103014K, capacity 105492K, committed 105728K, reserved 1142784K
  class space    used 12462K, capacity 13281K, committed 13312K, reserved 1048576K
}
Event: 576.285 GC heap before
{Heap before GC invocations=108 (full 0):
 garbage-first heap   total 367616K, used 154624K [0x0000000080000000, 0x0000000100000000)
  region size 1024K, 17 young (17408K), 3 survivors (3072K)
 Metaspace       used 103014K, capacity 105492K, committed 105728K, reserved 1142784K
  class space    used 12462K, capacity 13281K, committed 13312K, reserved 1048576K
}
Event: 576.357 GC heap after
{Heap after GC invocations=109 (full 0):
 garbage-first heap   total 367616K, used 150528K [0x0000000080000000, 0x0000000100000000)
  region size 1024K, 3 young (3072K), 3 survivors (3072K)
 Metaspace       used 103014K, capacity 105492K, committed 105728K, reserved 1142784K
  class space    used 12462K, capacity 13281K, committed 13312K, reserved 1048576K
}
Event: 576.665 GC heap before
{Heap before GC invocations=109 (full 0):
 garbage-first heap   total 367616K, used 164864K [0x0000000080000000, 0x0000000100000000)
  region size 1024K, 17 young (17408K), 3 survivors (3072K)
 Metaspace       used 103014K, capacity 105492K, committed 105728K, reserved 1142784K
  class space    used 12462K, capacity 13281K, committed 13312K, reserved 1048576K
}

Deoptimization events (20 events):
Event: 574.671 Thread 0x00000222d4e4d000 Uncommon trap: trap_request=0xffffff76 fr.pc=0x00000222c1d48a24 relative=0x00000000000041e4
Event: 574.671 Thread 0x00000222d4e4d000 Uncommon trap: reason=loop_limit_check action=maybe_recompile pc=0x00000222c1d48a24 method=com.android.tools.r8.it.unimi.dsi.fastutil.ints.Int2IntArrayMap.findKey(I)I @ 14 c2
Event: 574.671 Thread 0x00000222d4e4d000 DEOPT PACKING pc=0x00000222c1d48a24 sp=0x00000059fcafe9a0
Event: 574.671 Thread 0x00000222d4e4d000 DEOPT UNPACKING pc=0x00000222b9b468a9 sp=0x00000059fcafe860 mode 2
Event: 574.721 Thread 0x00000222d4e4d000 DEOPT PACKING pc=0x00000222bb19a448 sp=0x00000059fcafe750
Event: 574.721 Thread 0x00000222d4e4d000 DEOPT UNPACKING pc=0x00000222b9b466bf sp=0x00000059fcafdc58 mode 0
Event: 574.928 Thread 0x00000222d4e4d000 DEOPT PACKING pc=0x00000222bb19a448 sp=0x00000059fcafe8f0
Event: 574.928 Thread 0x00000222d4e4d000 DEOPT UNPACKING pc=0x00000222b9b466bf sp=0x00000059fcafddf8 mode 0
Event: 575.024 Thread 0x00000222d4e4d000 DEOPT PACKING pc=0x00000222bb19a448 sp=0x00000059fcafe750
Event: 575.024 Thread 0x00000222d4e4d000 DEOPT UNPACKING pc=0x00000222b9b466bf sp=0x00000059fcafdc58 mode 0
Event: 575.105 Thread 0x00000222d4e4d000 DEOPT PACKING pc=0x00000222bb19a448 sp=0x00000059fcafe8f0
Event: 575.105 Thread 0x00000222d4e4d000 DEOPT UNPACKING pc=0x00000222b9b466bf sp=0x00000059fcafddf8 mode 0
Event: 576.267 Thread 0x00000222d4e4d000 DEOPT PACKING pc=0x00000222bb19a448 sp=0x00000059fcafe820
Event: 576.267 Thread 0x00000222d4e4d000 DEOPT UNPACKING pc=0x00000222b9b466bf sp=0x00000059fcafdd28 mode 0
Event: 576.274 Thread 0x00000222d4e4d000 DEOPT PACKING pc=0x00000222bb19a448 sp=0x00000059fcafe900
Event: 576.274 Thread 0x00000222d4e4d000 DEOPT UNPACKING pc=0x00000222b9b466bf sp=0x00000059fcafde08 mode 0
Event: 576.278 Thread 0x00000222d4e4d000 DEOPT PACKING pc=0x00000222bb1a18bc sp=0x00000059fcafe8c0
Event: 576.278 Thread 0x00000222d4e4d000 DEOPT UNPACKING pc=0x00000222b9b466bf sp=0x00000059fcafde08 mode 0
Event: 576.392 Thread 0x00000222d4e4d000 DEOPT PACKING pc=0x00000222bb1d0c2f sp=0x00000059fcafe9f0
Event: 576.392 Thread 0x00000222d4e4d000 DEOPT UNPACKING pc=0x00000222b9b466bf sp=0x00000059fcafdf38 mode 0

Classes redefined (0 events):
No events

Internal exceptions (20 events):
Event: 571.544 Thread 0x00000222d4e50000 Exception <a 'sun/nio/fs/WindowsException'{0x00000000963d52b0}> (0x00000000963d52b0) thrown at [./src/hotspot/share/prims/jni.cpp, line 615]
Event: 571.553 Thread 0x00000222d4e50000 Exception <a 'sun/nio/fs/WindowsException'{0x00000000963d9e60}> (0x00000000963d9e60) thrown at [./src/hotspot/share/prims/jni.cpp, line 615]
Event: 571.563 Thread 0x00000222d4e50000 Exception <a 'sun/nio/fs/WindowsException'{0x00000000963deb88}> (0x00000000963deb88) thrown at [./src/hotspot/share/prims/jni.cpp, line 615]
Event: 571.571 Thread 0x00000222d4e50000 Exception <a 'sun/nio/fs/WindowsException'{0x00000000963e3bf0}> (0x00000000963e3bf0) thrown at [./src/hotspot/share/prims/jni.cpp, line 615]
Event: 571.578 Thread 0x00000222d4e50000 Exception <a 'sun/nio/fs/WindowsException'{0x00000000963e8e28}> (0x00000000963e8e28) thrown at [./src/hotspot/share/prims/jni.cpp, line 615]
Event: 571.585 Thread 0x00000222d4e50000 Exception <a 'sun/nio/fs/WindowsException'{0x00000000963ee020}> (0x00000000963ee020) thrown at [./src/hotspot/share/prims/jni.cpp, line 615]
Event: 571.611 Thread 0x00000222d4e50000 Exception <a 'sun/nio/fs/WindowsException'{0x00000000961e1cd8}> (0x00000000961e1cd8) thrown at [./src/hotspot/share/prims/jni.cpp, line 615]
Event: 571.621 Thread 0x00000222d4e50000 Exception <a 'sun/nio/fs/WindowsException'{0x00000000961edfb8}> (0x00000000961edfb8) thrown at [./src/hotspot/share/prims/jni.cpp, line 615]
Event: 571.629 Thread 0x00000222d4e50000 Exception <a 'sun/nio/fs/WindowsException'{0x00000000961f2d70}> (0x00000000961f2d70) thrown at [./src/hotspot/share/prims/jni.cpp, line 615]
Event: 571.635 Thread 0x00000222d4e50000 Exception <a 'sun/nio/fs/WindowsException'{0x00000000961f8d70}> (0x00000000961f8d70) thrown at [./src/hotspot/share/prims/jni.cpp, line 615]
Event: 571.647 Thread 0x00000222d4e50000 Exception <a 'sun/nio/fs/WindowsException'{0x00000000961fdf58}> (0x00000000961fdf58) thrown at [./src/hotspot/share/prims/jni.cpp, line 615]
Event: 571.658 Thread 0x00000222d4e50000 Exception <a 'sun/nio/fs/WindowsException'{0x0000000095e841a0}> (0x0000000095e841a0) thrown at [./src/hotspot/share/prims/jni.cpp, line 615]
Event: 571.665 Thread 0x00000222d4e50000 Exception <a 'sun/nio/fs/WindowsException'{0x0000000095e8a050}> (0x0000000095e8a050) thrown at [./src/hotspot/share/prims/jni.cpp, line 615]
Event: 571.673 Thread 0x00000222d4e50000 Exception <a 'sun/nio/fs/WindowsException'{0x0000000095e99e60}> (0x0000000095e99e60) thrown at [./src/hotspot/share/prims/jni.cpp, line 615]
Event: 571.683 Thread 0x00000222d4e50000 Exception <a 'sun/nio/fs/WindowsException'{0x0000000095e9fd18}> (0x0000000095e9fd18) thrown at [./src/hotspot/share/prims/jni.cpp, line 615]
Event: 571.692 Thread 0x00000222d4e50000 Exception <a 'sun/nio/fs/WindowsException'{0x0000000095ea4ee8}> (0x0000000095ea4ee8) thrown at [./src/hotspot/share/prims/jni.cpp, line 615]
Event: 571.698 Thread 0x00000222d4e50000 Exception <a 'sun/nio/fs/WindowsException'{0x0000000095eaf270}> (0x0000000095eaf270) thrown at [./src/hotspot/share/prims/jni.cpp, line 615]
Event: 571.708 Thread 0x00000222d4e50000 Exception <a 'sun/nio/fs/WindowsException'{0x0000000095eb3d98}> (0x0000000095eb3d98) thrown at [./src/hotspot/share/prims/jni.cpp, line 615]
Event: 571.753 Thread 0x00000222d42c8800 Implicit null exception at 0x00000222c16f6932 to 0x00000222c16f6ce4
Event: 574.316 Thread 0x00000222d4e4d800 Exception <a 'sun/nio/fs/WindowsException'{0x0000000096601fa8}> (0x0000000096601fa8) thrown at [./src/hotspot/share/prims/jni.cpp, line 615]

Events (20 events):
Event: 574.632 loading class com/android/tools/r8/dex/DexParser$1 done
Event: 574.633 Executing VM operation: RevokeBias
Event: 574.634 Executing VM operation: RevokeBias done
Event: 574.635 Executing VM operation: RevokeBias
Event: 574.635 Executing VM operation: RevokeBias done
Event: 574.641 Executing VM operation: RevokeBias
Event: 574.642 Executing VM operation: RevokeBias done
Event: 574.734 Executing VM operation: G1CollectForAllocation
Event: 574.819 Executing VM operation: G1CollectForAllocation done
Event: 575.113 Executing VM operation: G1CollectForAllocation
Event: 575.221 Executing VM operation: G1CollectForAllocation done
Event: 575.789 Executing VM operation: CGC_Operation
Event: 575.897 Executing VM operation: CGC_Operation done
Event: 576.151 Executing VM operation: CGC_Operation
Event: 576.152 Executing VM operation: CGC_Operation done
Event: 576.284 Executing VM operation: G1CollectForAllocation
Event: 576.357 Executing VM operation: G1CollectForAllocation done
Event: 576.606 Executing VM operation: RevokeBias
Event: 576.608 Executing VM operation: RevokeBias done
Event: 576.665 Executing VM operation: G1CollectForAllocation


Dynamic libraries:
0x00007ff75d990000 - 0x00007ff75d99a000 	D:\waseem\4. ELECTIVES MOBILE APP\Android Studio\jre\bin\java.exe
0x00007ffec0dc0000 - 0x00007ffec0f9b000 	C:\WINDOWS\SYSTEM32\ntdll.dll
0x00007ffec0c60000 - 0x00007ffec0d0e000 	C:\WINDOWS\System32\KERNEL32.DLL
0x00007ffebd6a0000 - 0x00007ffebd8ea000 	C:\WINDOWS\System32\KERNELBASE.dll
0x00007ffebd490000 - 0x00007ffebd586000 	C:\WINDOWS\System32\ucrtbase.dll
0x00007ffe9ff70000 - 0x00007ffe9ff89000 	D:\waseem\4. ELECTIVES MOBILE APP\Android Studio\jre\bin\jli.dll
0x00007ffe9cb90000 - 0x00007ffe9cba7000 	D:\waseem\4. ELECTIVES MOBILE APP\Android Studio\jre\bin\VCRUNTIME140.dll
0x00007ffec0700000 - 0x00007ffec084a000 	C:\WINDOWS\System32\USER32.dll
0x00007ffebd2e0000 - 0x00007ffebd2fe000 	C:\WINDOWS\System32\win32u.dll
0x00007ffec06d0000 - 0x00007ffec06f7000 	C:\WINDOWS\System32\GDI32.dll
0x00007ffebd300000 - 0x00007ffebd488000 	C:\WINDOWS\System32\gdi32full.dll
0x00007ffebe230000 - 0x00007ffebe2ca000 	C:\WINDOWS\System32\msvcp_win.dll
0x00007ffeb1380000 - 0x00007ffeb15e7000 	C:\WINDOWS\WinSxS\amd64_microsoft.windows.common-controls_6595b64144ccf1df_6.0.15063.1155_none_40c7922129a7722b\COMCTL32.dll
0x00007ffebe320000 - 0x00007ffebe3bd000 	C:\WINDOWS\System32\msvcrt.dll
0x00007ffec0850000 - 0x00007ffec0b49000 	C:\WINDOWS\System32\combase.dll
0x00007ffec0370000 - 0x00007ffec0495000 	C:\WINDOWS\System32\RPCRT4.dll
0x00007ffebd8f0000 - 0x00007ffebd95a000 	C:\WINDOWS\System32\bcryptPrimitives.dll
0x00007ffec0500000 - 0x00007ffec052d000 	C:\WINDOWS\System32\IMM32.DLL
0x00007ffe9ae50000 - 0x00007ffe9aeed000 	D:\waseem\4. ELECTIVES MOBILE APP\Android Studio\jre\bin\msvcp140.dll
0x00007ffe85b10000 - 0x00007ffe865cc000 	D:\waseem\4. ELECTIVES MOBILE APP\Android Studio\jre\bin\server\jvm.dll
0x00007ffec0190000 - 0x00007ffec0231000 	C:\WINDOWS\System32\ADVAPI32.dll
0x00007ffec04a0000 - 0x00007ffec04f9000 	C:\WINDOWS\System32\sechost.dll
0x00007ffec0d10000 - 0x00007ffec0d18000 	C:\WINDOWS\System32\PSAPI.DLL
0x00007ffeb7530000 - 0x00007ffeb7539000 	C:\WINDOWS\SYSTEM32\WSOCK32.dll
0x00007ffec0240000 - 0x00007ffec02ac000 	C:\WINDOWS\System32\WS2_32.dll
0x00007ffebb440000 - 0x00007ffebb463000 	C:\WINDOWS\SYSTEM32\WINMM.dll
0x00007ffeb0730000 - 0x00007ffeb073a000 	C:\WINDOWS\SYSTEM32\VERSION.dll
0x00007ffebb3f0000 - 0x00007ffebb41b000 	C:\WINDOWS\SYSTEM32\WINMMBASE.dll
0x00007ffebe2d0000 - 0x00007ffebe319000 	C:\WINDOWS\System32\cfgmgr32.dll
0x00007ffebd2c0000 - 0x00007ffebd2d1000 	C:\WINDOWS\System32\kernel.appcore.dll
0x00007ffeb9240000 - 0x00007ffeb9251000 	D:\waseem\4. ELECTIVES MOBILE APP\Android Studio\jre\bin\verify.dll
0x00007ffeb8f70000 - 0x00007ffeb9119000 	C:\WINDOWS\SYSTEM32\DBGHELP.DLL
0x00007ffeaade0000 - 0x00007ffeaae09000 	C:\WINDOWS\SYSTEM32\dbgcore.DLL
0x00007ffeb8b40000 - 0x00007ffeb8b69000 	D:\waseem\4. ELECTIVES MOBILE APP\Android Studio\jre\bin\java.dll
0x00007ffeba2e0000 - 0x00007ffeba2eb000 	D:\waseem\4. ELECTIVES MOBILE APP\Android Studio\jre\bin\jimage.dll
0x00007ffeb8b20000 - 0x00007ffeb8b38000 	D:\waseem\4. ELECTIVES MOBILE APP\Android Studio\jre\bin\zip.dll
0x00007ffebecd0000 - 0x00007ffec0108000 	C:\WINDOWS\System32\SHELL32.dll
0x00007ffebeab0000 - 0x00007ffebeb5a000 	C:\WINDOWS\System32\shcore.dll
0x00007ffebdb30000 - 0x00007ffebe221000 	C:\WINDOWS\System32\windows.storage.dll
0x00007ffec02b0000 - 0x00007ffec0301000 	C:\WINDOWS\System32\shlwapi.dll
0x00007ffebd230000 - 0x00007ffebd27c000 	C:\WINDOWS\System32\powrprof.dll
0x00007ffebd280000 - 0x00007ffebd295000 	C:\WINDOWS\System32\profapi.dll
0x00007ffeb8ac0000 - 0x00007ffeb8ada000 	D:\waseem\4. ELECTIVES MOBILE APP\Android Studio\jre\bin\net.dll
0x00007ffeaece0000 - 0x00007ffeaedb6000 	C:\WINDOWS\SYSTEM32\WINHTTP.dll
0x00007ffebcae0000 - 0x00007ffebcb3c000 	C:\WINDOWS\system32\mswsock.dll
0x00007ffeb8aa0000 - 0x00007ffeb8ab4000 	D:\waseem\4. ELECTIVES MOBILE APP\Android Studio\jre\bin\nio.dll
0x00007ffea55a0000 - 0x00007ffea55be000 	C:\Users\wasee\.gradle\native\25\windows-amd64\native-platform.dll
0x00007ffeba2b0000 - 0x00007ffeba2ba000 	D:\waseem\4. ELECTIVES MOBILE APP\Android Studio\jre\bin\management.dll
0x00007ffeb9b50000 - 0x00007ffeb9b5c000 	D:\waseem\4. ELECTIVES MOBILE APP\Android Studio\jre\bin\management_ext.dll
0x00007ffebcc90000 - 0x00007ffebcca7000 	C:\WINDOWS\SYSTEM32\CRYPTSP.dll
0x00007ffebc6f0000 - 0x00007ffebc724000 	C:\WINDOWS\system32\rsaenh.dll
0x00007ffebd100000 - 0x00007ffebd125000 	C:\WINDOWS\SYSTEM32\bcrypt.dll
0x00007ffebd130000 - 0x00007ffebd159000 	C:\WINDOWS\SYSTEM32\USERENV.dll
0x00007ffebcc80000 - 0x00007ffebcc8b000 	C:\WINDOWS\SYSTEM32\CRYPTBASE.dll
0x00007ffebc880000 - 0x00007ffebc8b7000 	C:\WINDOWS\SYSTEM32\IPHLPAPI.DLL
0x00007ffebe9e0000 - 0x00007ffebe9e8000 	C:\WINDOWS\System32\NSI.dll
0x00007ffeb0700000 - 0x00007ffeb0716000 	C:\WINDOWS\SYSTEM32\dhcpcsvc6.DLL
0x00007ffeb1830000 - 0x00007ffeb184a000 	C:\WINDOWS\SYSTEM32\dhcpcsvc.DLL

dbghelp: loaded successfully - version: 4.0.5 - missing functions: none
symbol engine: initialized successfully - sym options: 0x614 - pdb path: .;D:\waseem\4. ELECTIVES MOBILE APP\Android Studio\jre\bin;C:\WINDOWS\SYSTEM32;C:\WINDOWS\WinSxS\amd64_microsoft.windows.common-controls_6595b64144ccf1df_6.0.15063.1155_none_40c7922129a7722b;D:\waseem\4. ELECTIVES MOBILE APP\Android Studio\jre\bin\server;C:\Users\wasee\.gradle\native\25\windows-amd64

VM Arguments:
jvm_args: --add-opens=java.base/java.util=ALL-UNNAMED --add-opens=java.base/java.lang=ALL-UNNAMED --add-opens=java.base/java.lang.invoke=ALL-UNNAMED --add-opens=java.prefs/java.util.prefs=ALL-UNNAMED -Xmx2048m -Dfile.encoding=UTF-8 -Duser.country=ZA -Duser.language=en -Duser.variant 
java_command: org.gradle.launcher.daemon.bootstrap.GradleDaemon 5.1.1
java_class_path (initial): C:\Users\wasee\.gradle\wrapper\dists\gradle-5.1.1-bin\90y9l8txxfw1s2o6ctiqeruwn\gradle-5.1.1\lib\gradle-launcher-5.1.1.jar
Launcher Type: SUN_STANDARD

[Global flags]
     intx CICompilerCount                          = 2                                         {product} {ergonomic}
     uint ConcGCThreads                            = 1                                         {product} {ergonomic}
     uint G1ConcRefinementThreads                  = 2                                         {product} {ergonomic}
   size_t G1HeapRegionSize                         = 1048576                                   {product} {ergonomic}
    uintx GCDrainStackTargetSize                   = 64                                        {product} {ergonomic}
   size_t InitialHeapSize                          = 67108864                                  {product} {ergonomic}
   size_t MarkStackSize                            = 4194304                                   {product} {ergonomic}
   size_t MaxHeapSize                              = 2147483648                                {product} {command line}
   size_t MaxNewSize                               = 1287651328                                {product} {ergonomic}
   size_t MinHeapDeltaBytes                        = 1048576                                   {product} {ergonomic}
    uintx NonNMethodCodeHeapSize                   = 5825164                                {pd product} {ergonomic}
    uintx NonProfiledCodeHeapSize                  = 122916538                              {pd product} {ergonomic}
    uintx ProfiledCodeHeapSize                     = 122916538                              {pd product} {ergonomic}
    uintx ReservedCodeCacheSize                    = 251658240                              {pd product} {ergonomic}
     bool SegmentedCodeCache                       = true                                      {product} {ergonomic}
     bool UseCompressedClassPointers               = true                                 {lp64_product} {ergonomic}
     bool UseCompressedOops                        = true                                 {lp64_product} {ergonomic}
     bool UseG1GC                                  = true                                      {product} {ergonomic}
     bool UseLargePagesIndividualAllocation        = false                                  {pd product} {ergonomic}

Logging:
Log output configuration:
 #0: stdout all=warning uptime,level,tags
 #1: stderr all=off uptime,level,tags

Environment Variables:
PATH=C:\Program Files (x86)\Intel\TXE Components\TCS\;C:\Program Files\Intel\TXE Components\TCS\;C:\WINDOWS\system32;C:\WINDOWS;C:\WINDOWS\System32\Wbem;C:\WINDOWS\System32\WindowsPowerShell\v1.0\;C:\Program Files\Intel\TXE Components\DAL\;C:\Program Files (x86)\Intel\TXE Components\DAL\;C:\Program Files\Intel\TXE Components\IPT\;C:\Program Files (x86)\Intel\TXE Components\IPT\;C:\Users\wasee\AppData\Local\Microsoft\WindowsApps;
USERNAME=wasee
OS=Windows_NT
PROCESSOR_IDENTIFIER=Intel64 Family 6 Model 76 Stepping 4, GenuineIntel



---------------  S Y S T E M  ---------------

OS: Windows 10 , 64 bit Build 15063 (10.0.15063.1058)
OS uptime: 0 days 4:40 hours

CPU:total 2 (initial active 2) (2 cores per cpu, 1 threads per core) family 6 model 76 stepping 4, cmov, cx8, fxsr, mmx, sse, sse2, sse3, ssse3, sse4.1, sse4.2, popcnt, aes, clmul, erms, 3dnowpref, tsc, tscinvbit

Memory: 4k page, system-wide physical 4002M (313M free)
TotalPageFile size 4937M (AvailPageFile size 82M)
current process WorkingSet (physical memory assigned to process): 643M, peak: 644M
current process commit charge ("private bytes"): 678M, peak: 825M

vm_info: OpenJDK 64-Bit Server VM (11.0.8+10-b944.6842174) for windows-amd64 JRE (11.0.8+10-b944.6842174), built on Sep 19 2020 01:11:42 by "builder" with MS VC++ 14.0 (VS2015)

END.
